[2025-11-05T23:20:40.894793] [ERROR] Authentication failed
[2025-11-05T23:20:40.894731] [INFO] Transaction completed
[2025-11-05T23:20:40.894748] [INFO] Connection established
[2025-11-05T23:20:40.894798] [DEBUG] Memory allocation: 2048 bytes
[2025-11-05T23:20:40.894819] [DEBUG] Buffer size: 4096 bytes
[2025-11-05T23:20:40.894815] [DEBUG] Variable value: x=42
[2025-11-05T23:20:40.894721] [INFO] User logged in
[2025-11-05T23:20:40.894756] [INFO] Request processed successfully
[2025-11-05T23:20:40.894739] [INFO] Connection established
[2025-11-05T23:20:40.894735] [INFO] Transaction completed
[2025-11-05T23:20:40.894779] [WARN] Deprecated API usage
[2025-11-05T23:20:40.894806] [DEBUG] Connection pool status checked
[2025-11-05T23:20:40.894692] [INFO] Connection established
[2025-11-05T23:20:40.894716] [INFO] Service initialized
[2025-11-05T23:20:40.894789] [ERROR] Database connection lost
[2025-11-05T23:20:40.894811] [DEBUG] Cache key generated
[2025-11-05T23:20:40.894771] [WARN] Deprecated API usage
[2025-11-05T23:20:40.894760] [INFO] Database query executed
[2025-11-05T23:20:40.894823] [DEBUG] HTTP request headers parsed
[2025-11-05T23:20:40.894775] [WARN] Disk space low
[2025-11-05T23:20:40.894784] [ERROR] File not found
[2025-11-05T23:20:40.894752] [INFO] Health check passed
[2025-11-05T23:20:40.894802] [DEBUG] Timer set: 30 seconds
[2025-11-05T23:20:40.894743] [INFO] Cache hit
[2025-11-05T23:20:40.894766] [WARN] High memory usage detected
[2025-11-05T23:20:40.894726] [INFO] Service initialized
