[2025-11-05T23:20:34.418339] [INFO] Cache hit
[2025-11-05T23:20:34.418426] [DEBUG] Cache key generated
[2025-11-05T23:20:34.418380] [WARN] Connection retry attempt
[2025-11-05T23:20:34.418430] [DEBUG] Memory allocation: 2048 bytes
[2025-11-05T23:20:34.418375] [WARN] Connection retry attempt
[2025-11-05T23:20:34.418384] [WARN] Resource threshold approaching
[2025-11-05T23:20:34.418370] [WARN] Timeout warning
[2025-11-05T23:20:34.418364] [INFO] Session started
[2025-11-05T23:20:34.418356] [INFO] Configuration loaded
[2025-11-05T23:20:34.418394] [ERROR] Disk read failed
[2025-11-05T23:20:34.418329] [INFO] Health check passed
[2025-11-05T23:20:34.418282] [INFO] Transaction completed
[2025-11-05T23:20:34.418323] [INFO] Session started
[2025-11-05T23:20:34.418422] [DEBUG] Buffer size: 4096 bytes
[2025-11-05T23:20:34.418412] [DEBUG] Memory allocation: 2048 bytes
[2025-11-05T23:20:34.418399] [DEBUG] Thread pool size: 8
[2025-11-05T23:20:34.418408] [DEBUG] Cache key generated
[2025-11-05T23:20:34.418351] [INFO] Connection established
[2025-11-05T23:20:34.418314] [INFO] Transaction completed
[2025-11-05T23:20:34.418334] [INFO] Cache hit
[2025-11-05T23:20:34.418436] [DEBUG] Timer set: 30 seconds
[2025-11-05T23:20:34.418304] [INFO] Transaction completed
[2025-11-05T23:20:34.418440] [DEBUG] Buffer size: 4096 bytes
[2025-11-05T23:20:34.418389] [ERROR] Memory allocation error
[2025-11-05T23:20:34.418418] [DEBUG] Thread pool size: 8
[2025-11-05T23:20:34.418309] [INFO] Session started
[2025-11-05T23:20:34.418319] [INFO] User logged in
[2025-11-05T23:20:34.418343] [INFO] Health check passed
[2025-11-05T23:20:34.418360] [INFO] Session started
[2025-11-05T23:20:34.418347] [INFO] Transaction completed
[2025-11-05T23:20:34.418404] [DEBUG] Cache key generated
