[2025-11-05T23:20:23.515606] [WARN] Disk space low
[2025-11-05T23:20:23.515523] [INFO] Health check passed
[2025-11-05T23:20:23.515646] [DEBUG] Buffer size: 4096 bytes
[2025-11-05T23:20:23.515572] [INFO] Database query executed
[2025-11-05T23:20:23.515585] [WARN] Rate limit approaching
[2025-11-05T23:20:23.515612] [ERROR] Database connection lost
[2025-11-05T23:20:23.515563] [INFO] Health check passed
[2025-11-05T23:20:23.515550] [INFO] Health check passed
[2025-11-05T23:20:23.515537] [INFO] Transaction completed
[2025-11-05T23:20:23.515576] [INFO] Request processed successfully
[2025-11-05T23:20:23.515596] [WARN] Slow query performance
[2025-11-05T23:20:23.515555] [INFO] Service initialized
[2025-11-05T23:20:23.515542] [INFO] Request processed successfully
[2025-11-05T23:20:23.515490] [INFO] Health check passed
[2025-11-05T23:20:23.515622] [DEBUG] Timer set: 30 seconds
[2025-11-05T23:20:23.515516] [INFO] User logged in
[2025-11-05T23:20:23.515617] [ERROR] Disk read failed
[2025-11-05T23:20:23.515559] [INFO] Session started
[2025-11-05T23:20:23.515568] [INFO] Cache hit
[2025-11-05T23:20:23.515546] [INFO] Health check passed
[2025-11-05T23:20:23.515633] [DEBUG] HTTP request headers parsed
[2025-11-05T23:20:23.515580] [INFO] Database query executed
[2025-11-05T23:20:23.515532] [INFO] User logged in
[2025-11-05T23:20:23.515601] [WARN] Timeout warning
[2025-11-05T23:20:23.515637] [DEBUG] HTTP request headers parsed
[2025-11-05T23:20:23.515528] [INFO] Cache hit
[2025-11-05T23:20:23.515628] [DEBUG] Buffer size: 4096 bytes
[2025-11-05T23:20:23.515591] [WARN] Resource threshold approaching
[2025-11-05T23:20:23.515642] [DEBUG] HTTP request headers parsed
