[2025-11-05T23:20:50.077810] [INFO] Connection established
[2025-11-05T23:20:50.077831] [ERROR] Authentication failed
[2025-11-05T23:20:50.077796] [INFO] Cache hit
[2025-11-05T23:20:50.077771] [INFO] Connection established
[2025-11-05T23:20:50.077805] [INFO] Configuration loaded
[2025-11-05T23:20:50.077877] [DEBUG] HTTP request headers parsed
[2025-11-05T23:20:50.077781] [INFO] Request processed successfully
[2025-11-05T23:20:50.077766] [INFO] Cache hit
[2025-11-05T23:20:50.077863] [DEBUG] HTTP request headers parsed
[2025-11-05T23:20:50.077756] [INFO] Connection established
[2025-11-05T23:20:50.077859] [DEBUG] Timer set: 30 seconds
[2025-11-05T23:20:50.077787] [INFO] Request processed successfully
[2025-11-05T23:20:50.077854] [DEBUG] Entering function process_data()
[2025-11-05T23:20:50.077842] [DEBUG] Timer set: 30 seconds
[2025-11-05T23:20:50.077837] [DEBUG] Connection pool status checked
[2025-11-05T23:20:50.077873] [DEBUG] Entering function process_data()
[2025-11-05T23:20:50.077776] [INFO] Request processed successfully
[2025-11-05T23:20:50.077717] [INFO] Configuration loaded
[2025-11-05T23:20:50.077749] [INFO] Connection established
[2025-11-05T23:20:50.077761] [INFO] Session started
[2025-11-05T23:20:50.077868] [DEBUG] HTTP request headers parsed
[2025-11-05T23:20:50.077742] [INFO] Configuration loaded
[2025-11-05T23:20:50.077817] [WARN] Deprecated API usage
[2025-11-05T23:20:50.077791] [INFO] Database query executed
[2025-11-05T23:20:50.077825] [ERROR] Invalid input data
[2025-11-05T23:20:50.077801] [INFO] User logged in
[2025-11-05T23:20:50.077848] [DEBUG] Timer set: 30 seconds
