[2025-11-05T23:20:43.064337] [INFO] Service initialized
[2025-11-05T23:20:43.064267] [INFO] Transaction completed
[2025-11-05T23:20:43.064293] [INFO] Session started
[2025-11-05T23:20:43.064354] [WARN] High memory usage detected
[2025-11-05T23:20:43.064328] [INFO] Health check passed
[2025-11-05T23:20:43.064317] [INFO] Request processed successfully
[2025-11-05T23:20:43.064373] [DEBUG] Variable value: x=42
[2025-11-05T23:20:43.064394] [DEBUG] HTTP request headers parsed
[2025-11-05T23:20:43.064350] [WARN] Rate limit approaching
[2025-11-05T23:20:43.064387] [DEBUG] Memory allocation: 2048 bytes
[2025-11-05T23:20:43.064397] [DEBUG] Cache key generated
[2025-11-05T23:20:43.064331] [INFO] Transaction completed
[2025-11-05T23:20:43.064370] [DEBUG] Buffer size: 4096 bytes
[2025-11-05T23:20:43.064334] [INFO] Connection established
[2025-11-05T23:20:43.064306] [INFO] Transaction completed
[2025-11-05T23:20:43.064324] [INFO] Cache hit
[2025-11-05T23:20:43.064380] [DEBUG] Memory allocation: 2048 bytes
[2025-11-05T23:20:43.064358] [WARN] Connection retry attempt
[2025-11-05T23:20:43.064297] [INFO] Request processed successfully
[2025-11-05T23:20:43.064362] [ERROR] Service unavailable
[2025-11-05T23:20:43.064310] [INFO] Database query executed
[2025-11-05T23:20:43.064346] [WARN] Connection retry attempt
[2025-11-05T23:20:43.064384] [DEBUG] Thread pool size: 8
[2025-11-05T23:20:43.064314] [INFO] Health check passed
[2025-11-05T23:20:43.064377] [DEBUG] Connection pool status checked
[2025-11-05T23:20:43.064342] [WARN] Resource threshold approaching
[2025-11-05T23:20:43.064288] [INFO] Configuration loaded
[2025-11-05T23:20:43.064365] [ERROR] Network timeout
[2025-11-05T23:20:43.064321] [INFO] Database query executed
[2025-11-05T23:20:43.064301] [INFO] Database query executed
[2025-11-05T23:20:43.064391] [DEBUG] Timer set: 30 seconds
