[2025-11-05T23:20:47.365790] [DEBUG] Variable value: x=42
[2025-11-05T23:20:47.365756] [INFO] Cache hit
[2025-11-05T23:20:47.365812] [DEBUG] Thread pool size: 8
[2025-11-05T23:20:47.365769] [WARN] Slow query performance
[2025-11-05T23:20:47.365804] [DEBUG] Connection pool status checked
[2025-11-05T23:20:47.365744] [INFO] Session started
[2025-11-05T23:20:47.365727] [INFO] Session started
[2025-11-05T23:20:47.365775] [ERROR] Network timeout
[2025-11-05T23:20:47.365713] [INFO] User logged in
[2025-11-05T23:20:47.365760] [INFO] Database query executed
[2025-11-05T23:20:47.365786] [DEBUG] HTTP request headers parsed
[2025-11-05T23:20:47.365681] [INFO] Service initialized
[2025-11-05T23:20:47.365718] [INFO] Service initialized
[2025-11-05T23:20:47.365748] [INFO] Database query executed
[2025-11-05T23:20:47.365800] [DEBUG] Timer set: 30 seconds
[2025-11-05T23:20:47.365731] [INFO] Health check passed
[2025-11-05T23:20:47.365708] [INFO] Connection established
[2025-11-05T23:20:47.365752] [INFO] Configuration loaded
[2025-11-05T23:20:47.365795] [DEBUG] Connection pool status checked
[2025-11-05T23:20:47.365780] [ERROR] Network timeout
[2025-11-05T23:20:47.365739] [INFO] Transaction completed
[2025-11-05T23:20:47.365764] [INFO] Request processed successfully
[2025-11-05T23:20:47.365735] [INFO] Configuration loaded
[2025-11-05T23:20:47.365722] [INFO] Request processed successfully
[2025-11-05T23:20:47.365808] [DEBUG] Memory allocation: 2048 bytes
