[2025-11-05T23:20:30.028900] [ERROR] Service unavailable
[2025-11-05T23:20:30.028888] [WARN] Rate limit approaching
[2025-11-05T23:20:30.028879] [WARN] Connection retry attempt
[2025-11-05T23:20:30.028951] [DEBUG] Loop iteration: 15
[2025-11-05T23:20:30.028853] [INFO] Database query executed
[2025-11-05T23:20:30.028959] [DEBUG] Cache key generated
[2025-11-05T23:20:30.028937] [DEBUG] Thread pool size: 8
[2025-11-05T23:20:30.028832] [INFO] Request processed successfully
[2025-11-05T23:20:30.028946] [DEBUG] Variable value: x=42
[2025-11-05T23:20:30.028925] [DEBUG] Cache key generated
[2025-11-05T23:20:30.028810] [INFO] Transaction completed
[2025-11-05T23:20:30.028963] [DEBUG] Timer set: 30 seconds
[2025-11-05T23:20:30.028822] [INFO] Transaction completed
[2025-11-05T23:20:30.028817] [INFO] Database query executed
[2025-11-05T23:20:30.028895] [ERROR] Network timeout
[2025-11-05T23:20:30.028910] [DEBUG] Connection pool status checked
[2025-11-05T23:20:30.028883] [WARN] Timeout warning
[2025-11-05T23:20:30.028857] [INFO] Request processed successfully
[2025-11-05T23:20:30.028955] [DEBUG] Timer set: 30 seconds
[2025-11-05T23:20:30.028866] [INFO] Session started
[2025-11-05T23:20:30.028873] [WARN] Slow query performance
[2025-11-05T23:20:30.028905] [ERROR] Authentication failed
[2025-11-05T23:20:30.028782] [INFO] User logged in
[2025-11-05T23:20:30.028861] [INFO] Cache hit
[2025-11-05T23:20:30.028916] [DEBUG] Cache key generated
[2025-11-05T23:20:30.028941] [DEBUG] Connection pool status checked
[2025-11-05T23:20:30.028836] [INFO] Configuration loaded
[2025-11-05T23:20:30.028844] [INFO] Request processed successfully
[2025-11-05T23:20:30.028827] [INFO] User logged in
[2025-11-05T23:20:30.028840] [INFO] Session started
[2025-11-05T23:20:30.028849] [INFO] Transaction completed
[2025-11-05T23:20:30.028920] [DEBUG] Timer set: 30 seconds
[2025-11-05T23:20:30.028929] [DEBUG] Loop iteration: 15
