[2025-11-05T23:20:17.588063] [DEBUG] Loop iteration: 15
[2025-11-05T23:20:17.588067] [DEBUG] Entering function process_data()
[2025-11-05T23:20:17.587969] [INFO] Service initialized
[2025-11-05T23:20:17.587981] [INFO] Transaction completed
[2025-11-05T23:20:17.587951] [INFO] Configuration loaded
[2025-11-05T23:20:17.587993] [INFO] Cache hit
[2025-11-05T23:20:17.588001] [INFO] Cache hit
[2025-11-05T23:20:17.588039] [ERROR] Request failed
[2025-11-05T23:20:17.587974] [INFO] User logged in
[2025-11-05T23:20:17.588029] [WARN] Deprecated API usage
[2025-11-05T23:20:17.588071] [DEBUG] HTTP request headers parsed
[2025-11-05T23:20:17.588075] [DEBUG] Connection pool status checked
[2025-11-05T23:20:17.587941] [INFO] Session started
[2025-11-05T23:20:17.587985] [INFO] Database query executed
[2025-11-05T23:20:17.587914] [INFO] User logged in
[2025-11-05T23:20:17.588054] [DEBUG] Cache key generated
[2025-11-05T23:20:17.588045] [DEBUG] HTTP request headers parsed
[2025-11-05T23:20:17.587956] [INFO] User logged in
[2025-11-05T23:20:17.588021] [WARN] Slow query performance
[2025-11-05T23:20:17.588049] [DEBUG] Buffer size: 4096 bytes
[2025-11-05T23:20:17.588034] [ERROR] Invalid input data
[2025-11-05T23:20:17.588025] [WARN] High memory usage detected
[2025-11-05T23:20:17.587997] [INFO] Request processed successfully
[2025-11-05T23:20:17.587989] [INFO] Database query executed
[2025-11-05T23:20:17.588011] [WARN] Slow query performance
[2025-11-05T23:20:17.588079] [DEBUG] HTTP request headers parsed
[2025-11-05T23:20:17.587946] [INFO] Session started
[2025-11-05T23:20:17.587965] [INFO] Service initialized
[2025-11-05T23:20:17.588059] [DEBUG] Timer set: 30 seconds
[2025-11-05T23:20:17.588016] [WARN] Resource threshold approaching
[2025-11-05T23:20:17.587961] [INFO] Configuration loaded
[2025-11-05T23:20:17.588005] [INFO] Transaction completed
