[2025-11-05T23:20:34.000859] [INFO] Configuration loaded
[2025-11-05T23:20:34.000917] [DEBUG] Memory allocation: 2048 bytes
[2025-11-05T23:20:34.000824] [INFO] Configuration loaded
[2025-11-05T23:20:34.000879] [WARN] Timeout warning
[2025-11-05T23:20:34.000850] [INFO] Request processed successfully
[2025-11-05T23:20:34.000884] [WARN] Slow query performance
[2025-11-05T23:20:34.000846] [INFO] Service initialized
[2025-11-05T23:20:34.000842] [INFO] Cache hit
[2025-11-05T23:20:34.000913] [DEBUG] Entering function process_data()
[2025-11-05T23:20:34.000833] [INFO] Configuration loaded
[2025-11-05T23:20:34.000897] [DEBUG] Timer set: 30 seconds
[2025-11-05T23:20:34.000854] [INFO] Session started
[2025-11-05T23:20:34.000891] [ERROR] Service unavailable
[2025-11-05T23:20:34.000819] [INFO] Service initialized
[2025-11-05T23:20:34.000863] [INFO] Request processed successfully
[2025-11-05T23:20:34.000930] [DEBUG] Entering function process_data()
[2025-11-05T23:20:34.000874] [WARN] Slow query performance
[2025-11-05T23:20:34.000775] [INFO] Request processed successfully
[2025-11-05T23:20:34.000921] [DEBUG] Variable value: x=42
[2025-11-05T23:20:34.000808] [INFO] User logged in
[2025-11-05T23:20:34.000813] [INFO] Health check passed
[2025-11-05T23:20:34.000903] [DEBUG] Entering function process_data()
[2025-11-05T23:20:34.000828] [INFO] Database query executed
[2025-11-05T23:20:34.000838] [INFO] Service initialized
[2025-11-05T23:20:34.000908] [DEBUG] HTTP request headers parsed
[2025-11-05T23:20:34.000869] [WARN] Connection retry attempt
[2025-11-05T23:20:34.000801] [INFO] Configuration loaded
[2025-11-05T23:20:34.000933] [DEBUG] Buffer size: 4096 bytes
[2025-11-05T23:20:34.000926] [DEBUG] Timer set: 30 seconds
