[2025-11-05T23:20:30.392139] [INFO] Configuration loaded
[2025-11-05T23:20:30.392249] [DEBUG] Connection pool status checked
[2025-11-05T23:20:30.392264] [DEBUG] Connection pool status checked
[2025-11-05T23:20:30.392166] [INFO] Service initialized
[2025-11-05T23:20:30.392204] [DEBUG] Variable value: x=42
[2025-11-05T23:20:30.392282] [DEBUG] Entering function process_data()
[2025-11-05T23:20:30.392187] [WARN] Timeout warning
[2025-11-05T23:20:30.392161] [INFO] Database query executed
[2025-11-05T23:20:30.392269] [DEBUG] Buffer size: 4096 bytes
[2025-11-05T23:20:30.392148] [INFO] Request processed successfully
[2025-11-05T23:20:30.392273] [DEBUG] Buffer size: 4096 bytes
[2025-11-05T23:20:30.392198] [ERROR] File not found
[2025-11-05T23:20:30.392110] [INFO] Health check passed
[2025-11-05T23:20:30.392286] [DEBUG] Loop iteration: 15
[2025-11-05T23:20:30.392157] [INFO] Configuration loaded
[2025-11-05T23:20:30.392259] [DEBUG] Buffer size: 4096 bytes
[2025-11-05T23:20:30.392170] [INFO] Request processed successfully
[2025-11-05T23:20:30.392115] [INFO] Configuration loaded
[2025-11-05T23:20:30.392129] [INFO] Transaction completed
[2025-11-05T23:20:30.392120] [INFO] User logged in
[2025-11-05T23:20:30.392193] [ERROR] Authentication failed
[2025-11-05T23:20:30.392176] [WARN] Timeout warning
[2025-11-05T23:20:30.392077] [INFO] Service initialized
[2025-11-05T23:20:30.392153] [INFO] Configuration loaded
[2025-11-05T23:20:30.392182] [WARN] Disk space low
[2025-11-05T23:20:30.392134] [INFO] Health check passed
[2025-11-05T23:20:30.392143] [INFO] Transaction completed
[2025-11-05T23:20:30.392125] [INFO] Connection established
[2025-11-05T23:20:30.392104] [INFO] Cache hit
[2025-11-05T23:20:30.392278] [DEBUG] Cache key generated
