[2025-11-05T23:20:35.944722] [INFO] Health check passed
[2025-11-05T23:20:35.944694] [INFO] Request processed successfully
[2025-11-05T23:20:35.944706] [INFO] Health check passed
[2025-11-05T23:20:35.944674] [INFO] Request processed successfully
[2025-11-05T23:20:35.944760] [DEBUG] Memory allocation: 2048 bytes
[2025-11-05T23:20:35.944651] [INFO] User logged in
[2025-11-05T23:20:35.944783] [DEBUG] Buffer size: 4096 bytes
[2025-11-05T23:20:35.944765] [DEBUG] Variable value: x=42
[2025-11-05T23:20:35.944698] [INFO] Transaction completed
[2025-11-05T23:20:35.944775] [DEBUG] Variable value: x=42
[2025-11-05T23:20:35.944787] [DEBUG] Memory allocation: 2048 bytes
[2025-11-05T23:20:35.944779] [DEBUG] Entering function process_data()
[2025-11-05T23:20:35.944738] [WARN] Queue size growing
[2025-11-05T23:20:35.944770] [DEBUG] Buffer size: 4096 bytes
[2025-11-05T23:20:35.944714] [INFO] Health check passed
[2025-11-05T23:20:35.944680] [INFO] Cache hit
[2025-11-05T23:20:35.944755] [DEBUG] Connection pool status checked
[2025-11-05T23:20:35.944718] [INFO] Health check passed
[2025-11-05T23:20:35.944744] [ERROR] Memory allocation error
[2025-11-05T23:20:35.944750] [ERROR] Memory allocation error
[2025-11-05T23:20:35.944710] [INFO] Cache hit
[2025-11-05T23:20:35.944726] [INFO] Database query executed
[2025-11-05T23:20:35.944732] [WARN] Rate limit approaching
[2025-11-05T23:20:35.944689] [INFO] Transaction completed
[2025-11-05T23:20:35.944685] [INFO] Database query executed
[2025-11-05T23:20:35.944702] [INFO] Transaction completed
