[2025-11-05T23:20:42.977121] [INFO] Transaction completed
[2025-11-05T23:20:42.977221] [DEBUG] Variable value: x=42
[2025-11-05T23:20:42.977240] [DEBUG] Buffer size: 4096 bytes
[2025-11-05T23:20:42.977129] [INFO] Connection established
[2025-11-05T23:20:42.977158] [WARN] Resource threshold approaching
[2025-11-05T23:20:42.977114] [INFO] Database query executed
[2025-11-05T23:20:42.977126] [INFO] User logged in
[2025-11-05T23:20:42.977232] [DEBUG] Memory allocation: 2048 bytes
[2025-11-05T23:20:42.977208] [DEBUG] Variable value: x=42
[2025-11-05T23:20:42.977189] [WARN] Resource threshold approaching
[2025-11-05T23:20:42.977153] [INFO] Configuration loaded
[2025-11-05T23:20:42.977170] [WARN] Deprecated API usage
[2025-11-05T23:20:42.977247] [DEBUG] Connection pool status checked
[2025-11-05T23:20:42.977140] [INFO] Database query executed
[2025-11-05T23:20:42.977258] [DEBUG] Cache key generated
[2025-11-05T23:20:42.977136] [INFO] Configuration loaded
[2025-11-05T23:20:42.977110] [INFO] Health check passed
[2025-11-05T23:20:42.977262] [DEBUG] Memory allocation: 2048 bytes
[2025-11-05T23:20:42.977185] [WARN] Timeout warning
[2025-11-05T23:20:42.977229] [DEBUG] Variable value: x=42
[2025-11-05T23:20:42.977218] [DEBUG] Timer set: 30 seconds
[2025-11-05T23:20:42.977254] [DEBUG] Thread pool size: 8
[2025-11-05T23:20:42.977197] [ERROR] Service unavailable
[2025-11-05T23:20:42.977211] [DEBUG] HTTP request headers parsed
[2025-11-05T23:20:42.977143] [INFO] Configuration loaded
[2025-11-05T23:20:42.977265] [DEBUG] Memory allocation: 2048 bytes
[2025-11-05T23:20:42.977225] [DEBUG] Cache key generated
[2025-11-05T23:20:42.977147] [INFO] Health check passed
[2025-11-05T23:20:42.977182] [WARN] Resource threshold approaching
[2025-11-05T23:20:42.977105] [INFO] Request processed successfully
[2025-11-05T23:20:42.977133] [INFO] Health check passed
[2025-11-05T23:20:42.977167] [WARN] Deprecated API usage
[2025-11-05T23:20:42.977244] [DEBUG] Memory allocation: 2048 bytes
[2025-11-05T23:20:42.977081] [INFO] User logged in
[2025-11-05T23:20:42.977215] [DEBUG] Thread pool size: 8
[2025-11-05T23:20:42.977150] [INFO] Configuration loaded
[2025-11-05T23:20:42.977251] [DEBUG] Entering function process_data()
[2025-11-05T23:20:42.977178] [WARN] Deprecated API usage
[2025-11-05T23:20:42.977117] [INFO] Session started
[2025-11-05T23:20:42.977203] [DEBUG] Thread pool size: 8
[2025-11-05T23:20:42.977236] [DEBUG] Entering function process_data()
[2025-11-05T23:20:42.977192] [WARN] Queue size growing
[2025-11-05T23:20:42.977162] [WARN] High memory usage detected
[2025-11-05T23:20:42.977174] [WARN] Connection retry attempt
