[2025-11-05T23:20:29.482017] [INFO] User logged in
[2025-11-05T23:20:29.482051] [INFO] User logged in
[2025-11-05T23:20:29.482000] [INFO] Transaction completed
[2025-11-05T23:20:29.482109] [DEBUG] Loop iteration: 15
[2025-11-05T23:20:29.482022] [INFO] Request processed successfully
[2025-11-05T23:20:29.482101] [DEBUG] Timer set: 30 seconds
[2025-11-05T23:20:29.482118] [DEBUG] Memory allocation: 2048 bytes
[2025-11-05T23:20:29.482114] [DEBUG] Connection pool status checked
[2025-11-05T23:20:29.482043] [INFO] Health check passed
[2025-11-05T23:20:29.482006] [INFO] Transaction completed
[2025-11-05T23:20:29.482105] [DEBUG] Variable value: x=42
[2025-11-05T23:20:29.482094] [DEBUG] Buffer size: 4096 bytes
[2025-11-05T23:20:29.482098] [DEBUG] HTTP request headers parsed
[2025-11-05T23:20:29.482122] [DEBUG] Loop iteration: 15
[2025-11-05T23:20:29.482027] [INFO] Service initialized
[2025-11-05T23:20:29.482059] [INFO] Transaction completed
[2025-11-05T23:20:29.482063] [INFO] Connection established
[2025-11-05T23:20:29.482047] [INFO] Session started
[2025-11-05T23:20:29.482084] [ERROR] Invalid input data
[2025-11-05T23:20:29.482012] [INFO] Session started
[2025-11-05T23:20:29.482055] [INFO] Database query executed
[2025-11-05T23:20:29.482038] [INFO] Session started
[2025-11-05T23:20:29.481974] [INFO] Database query executed
[2025-11-05T23:20:29.482089] [DEBUG] Entering function process_data()
[2025-11-05T23:20:29.482069] [WARN] Cache miss
[2025-11-05T23:20:29.482080] [ERROR] File not found
[2025-11-05T23:20:29.482032] [INFO] Request processed successfully
[2025-11-05T23:20:29.482074] [WARN] Cache miss
