[2025-11-05T23:20:28.728057] [DEBUG] Variable value: x=42
[2025-11-05T23:20:28.727937] [INFO] Request processed successfully
[2025-11-05T23:20:28.727947] [INFO] Configuration loaded
[2025-11-05T23:20:28.728052] [DEBUG] Buffer size: 4096 bytes
[2025-11-05T23:20:28.728040] [DEBUG] Timer set: 30 seconds
[2025-11-05T23:20:28.727981] [INFO] Cache hit
[2025-11-05T23:20:28.727955] [INFO] Request processed successfully
[2025-11-05T23:20:28.727985] [INFO] Health check passed
[2025-11-05T23:20:28.727998] [WARN] Queue size growing
[2025-11-05T23:20:28.727993] [INFO] Request processed successfully
[2025-11-05T23:20:28.728027] [DEBUG] Connection pool status checked
[2025-11-05T23:20:28.727989] [INFO] Request processed successfully
[2025-11-05T23:20:28.727973] [INFO] Session started
[2025-11-05T23:20:28.727968] [INFO] Cache hit
[2025-11-05T23:20:28.728002] [WARN] Resource threshold approaching
[2025-11-05T23:20:28.727942] [INFO] Session started
[2025-11-05T23:20:28.727951] [INFO] Configuration loaded
[2025-11-05T23:20:28.728017] [ERROR] Network timeout
[2025-11-05T23:20:28.727964] [INFO] Health check passed
[2025-11-05T23:20:28.727959] [INFO] Connection established
[2025-11-05T23:20:28.728031] [DEBUG] HTTP request headers parsed
[2025-11-05T23:20:28.728044] [DEBUG] Timer set: 30 seconds
[2025-11-05T23:20:28.727911] [INFO] Session started
[2025-11-05T23:20:28.728007] [WARN] Deprecated API usage
[2025-11-05T23:20:28.728048] [DEBUG] HTTP request headers parsed
[2025-11-05T23:20:28.728012] [WARN] Resource threshold approaching
[2025-11-05T23:20:28.727977] [INFO] Configuration loaded
[2025-11-05T23:20:28.728036] [DEBUG] Connection pool status checked
[2025-11-05T23:20:28.728022] [ERROR] Authentication failed
