[2025-11-05T23:20:39.898654] [DEBUG] Connection pool status checked
[2025-11-05T23:20:39.898599] [INFO] Database query executed
[2025-11-05T23:20:39.898661] [DEBUG] HTTP request headers parsed
[2025-11-05T23:20:39.898670] [DEBUG] Variable value: x=42
[2025-11-05T23:20:39.898639] [WARN] Timeout warning
[2025-11-05T23:20:39.898678] [DEBUG] Loop iteration: 15
[2025-11-05T23:20:39.898584] [INFO] Configuration loaded
[2025-11-05T23:20:39.898650] [ERROR] Authentication failed
[2025-11-05T23:20:39.898595] [INFO] Cache hit
[2025-11-05T23:20:39.898614] [INFO] Transaction completed
[2025-11-05T23:20:39.898636] [WARN] High memory usage detected
[2025-11-05T23:20:39.898607] [INFO] Cache hit
[2025-11-05T23:20:39.898675] [DEBUG] Memory allocation: 2048 bytes
[2025-11-05T23:20:39.898602] [INFO] Session started
[2025-11-05T23:20:39.898643] [WARN] Resource threshold approaching
[2025-11-05T23:20:39.898617] [INFO] Cache hit
[2025-11-05T23:20:39.898664] [DEBUG] Connection pool status checked
[2025-11-05T23:20:39.898628] [INFO] Cache hit
[2025-11-05T23:20:39.898588] [INFO] Configuration loaded
[2025-11-05T23:20:39.898562] [INFO] Request processed successfully
[2025-11-05T23:20:39.898610] [INFO] Request processed successfully
[2025-11-05T23:20:39.898633] [WARN] Slow query performance
[2025-11-05T23:20:39.898605] [INFO] User logged in
[2025-11-05T23:20:39.898626] [INFO] Database query executed
[2025-11-05T23:20:39.898667] [DEBUG] Buffer size: 4096 bytes
[2025-11-05T23:20:39.898673] [DEBUG] HTTP request headers parsed
[2025-11-05T23:20:39.898592] [INFO] Connection established
[2025-11-05T23:20:39.898647] [ERROR] Service unavailable
[2025-11-05T23:20:39.898658] [DEBUG] Buffer size: 4096 bytes
[2025-11-05T23:20:39.898623] [INFO] User logged in
[2025-11-05T23:20:39.898620] [INFO] Database query executed
