[2025-11-05T23:20:53.959824] [WARN] Slow query performance
[2025-11-05T23:20:53.959820] [WARN] Queue size growing
[2025-11-05T23:20:53.959781] [INFO] Cache hit
[2025-11-05T23:20:53.959851] [DEBUG] HTTP request headers parsed
[2025-11-05T23:20:53.959801] [INFO] Session started
[2025-11-05T23:20:53.959789] [INFO] Health check passed
[2025-11-05T23:20:53.959805] [INFO] Request processed successfully
[2025-11-05T23:20:53.959797] [INFO] User logged in
[2025-11-05T23:20:53.959843] [DEBUG] Loop iteration: 15
[2025-11-05T23:20:53.959793] [INFO] Request processed successfully
[2025-11-05T23:20:53.959773] [INFO] Health check passed
[2025-11-05T23:20:53.959767] [INFO] Cache hit
[2025-11-05T23:20:53.959855] [DEBUG] Buffer size: 4096 bytes
[2025-11-05T23:20:53.959837] [ERROR] Network timeout
[2025-11-05T23:20:53.959833] [ERROR] Permission denied
[2025-11-05T23:20:53.959859] [DEBUG] Connection pool status checked
[2025-11-05T23:20:53.959763] [INFO] Configuration loaded
[2025-11-05T23:20:53.959785] [INFO] Configuration loaded
[2025-11-05T23:20:53.959724] [INFO] Health check passed
[2025-11-05T23:20:53.959811] [WARN] Queue size growing
[2025-11-05T23:20:53.959847] [DEBUG] Entering function process_data()
[2025-11-05T23:20:53.959777] [INFO] Configuration loaded
[2025-11-05T23:20:53.959758] [INFO] Health check passed
[2025-11-05T23:20:53.959747] [INFO] Cache hit
[2025-11-05T23:20:53.959828] [WARN] Timeout warning
[2025-11-05T23:20:53.959753] [INFO] User logged in
[2025-11-05T23:20:53.959815] [WARN] Deprecated API usage
