[2025-11-05T23:20:51.936234] [INFO] Configuration loaded
[2025-11-05T23:20:51.936227] [INFO] User logged in
[2025-11-05T23:20:51.936277] [WARN] Timeout warning
[2025-11-05T23:20:51.936299] [DEBUG] Memory allocation: 2048 bytes
[2025-11-05T23:20:51.936280] [WARN] Slow query performance
[2025-11-05T23:20:51.936270] [WARN] Cache miss
[2025-11-05T23:20:51.936303] [DEBUG] Cache key generated
[2025-11-05T23:20:51.936292] [DEBUG] Buffer size: 4096 bytes
[2025-11-05T23:20:51.936274] [WARN] Connection retry attempt
[2025-11-05T23:20:51.936262] [INFO] Health check passed
[2025-11-05T23:20:51.936246] [INFO] Service initialized
[2025-11-05T23:20:51.936310] [DEBUG] Timer set: 30 seconds
[2025-11-05T23:20:51.936288] [ERROR] File not found
[2025-11-05T23:20:51.936237] [INFO] User logged in
[2025-11-05T23:20:51.936201] [INFO] Configuration loaded
[2025-11-05T23:20:51.936256] [INFO] Database query executed
[2025-11-05T23:20:51.936307] [DEBUG] Connection pool status checked
[2025-11-05T23:20:51.936230] [INFO] User logged in
[2025-11-05T23:20:51.936243] [INFO] Service initialized
[2025-11-05T23:20:51.936295] [DEBUG] Thread pool size: 8
[2025-11-05T23:20:51.936266] [INFO] Connection established
[2025-11-05T23:20:51.936240] [INFO] Cache hit
[2025-11-05T23:20:51.936284] [ERROR] Permission denied
[2025-11-05T23:20:51.936253] [INFO] Transaction completed
[2025-11-05T23:20:51.936250] [INFO] Configuration loaded
[2025-11-05T23:20:51.936222] [INFO] Request processed successfully
[2025-11-05T23:20:51.936259] [INFO] Connection established
