[2025-11-05T23:20:39.507446] [DEBUG] Variable value: x=42
[2025-11-05T23:20:39.507326] [INFO] Database query executed
[2025-11-05T23:20:39.507321] [INFO] Service initialized
[2025-11-05T23:20:39.507468] [DEBUG] Cache key generated
[2025-11-05T23:20:39.507358] [INFO] Service initialized
[2025-11-05T23:20:39.507351] [INFO] Cache hit
[2025-11-05T23:20:39.507371] [INFO] User logged in
[2025-11-05T23:20:39.507366] [INFO] Health check passed
[2025-11-05T23:20:39.507362] [INFO] Transaction completed
[2025-11-05T23:20:39.507439] [ERROR] Database connection lost
[2025-11-05T23:20:39.507335] [INFO] Configuration loaded
[2025-11-05T23:20:39.507298] [INFO] Configuration loaded
[2025-11-05T23:20:39.507376] [WARN] Resource threshold approaching
[2025-11-05T23:20:39.507453] [DEBUG] HTTP request headers parsed
[2025-11-05T23:20:39.507465] [DEBUG] Cache key generated
[2025-11-05T23:20:39.507381] [WARN] Slow query performance
[2025-11-05T23:20:39.507355] [INFO] Database query executed
[2025-11-05T23:20:39.507461] [DEBUG] HTTP request headers parsed
[2025-11-05T23:20:39.507340] [INFO] Database query executed
[2025-11-05T23:20:39.507388] [ERROR] File not found
[2025-11-05T23:20:39.507450] [DEBUG] Variable value: x=42
[2025-11-05T23:20:39.507347] [INFO] Database query executed
[2025-11-05T23:20:39.507331] [INFO] Session started
[2025-11-05T23:20:39.507473] [DEBUG] Connection pool status checked
[2025-11-05T23:20:39.507343] [INFO] Service initialized
[2025-11-05T23:20:39.507457] [DEBUG] HTTP request headers parsed
[2025-11-05T23:20:39.507477] [DEBUG] Timer set: 30 seconds
