[2025-11-05T23:20:31.913473] [INFO] Session started
[2025-11-05T23:20:31.913461] [INFO] Configuration loaded
[2025-11-05T23:20:31.913541] [DEBUG] Loop iteration: 15
[2025-11-05T23:20:31.913489] [WARN] Disk space low
[2025-11-05T23:20:31.913469] [INFO] Cache hit
[2025-11-05T23:20:31.913527] [DEBUG] Thread pool size: 8
[2025-11-05T23:20:31.913385] [INFO] Service initialized
[2025-11-05T23:20:31.913536] [DEBUG] Timer set: 30 seconds
[2025-11-05T23:20:31.913504] [DEBUG] Thread pool size: 8
[2025-11-05T23:20:31.913411] [INFO] Transaction completed
[2025-11-05T23:20:31.913448] [INFO] Service initialized
[2025-11-05T23:20:31.913499] [ERROR] Authentication failed
[2025-11-05T23:20:31.913418] [INFO] Health check passed
[2025-11-05T23:20:31.913429] [INFO] Service initialized
[2025-11-05T23:20:31.913532] [DEBUG] Entering function process_data()
[2025-11-05T23:20:31.913493] [WARN] High memory usage detected
[2025-11-05T23:20:31.913457] [INFO] Connection established
[2025-11-05T23:20:31.913478] [INFO] Transaction completed
[2025-11-05T23:20:31.913440] [INFO] Cache hit
[2025-11-05T23:20:31.913513] [DEBUG] Connection pool status checked
[2025-11-05T23:20:31.913453] [INFO] Health check passed
[2025-11-05T23:20:31.913435] [INFO] Configuration loaded
[2025-11-05T23:20:31.913465] [INFO] Transaction completed
[2025-11-05T23:20:31.913523] [DEBUG] Memory allocation: 2048 bytes
[2025-11-05T23:20:31.913444] [INFO] Session started
[2025-11-05T23:20:31.913509] [DEBUG] Thread pool size: 8
[2025-11-05T23:20:31.913519] [DEBUG] Cache key generated
[2025-11-05T23:20:31.913483] [WARN] Connection retry attempt
[2025-11-05T23:20:31.913423] [INFO] Request processed successfully
