[2025-11-05T23:20:27.525992] [INFO] Connection established
[2025-11-05T23:20:27.526016] [INFO] Session started
[2025-11-05T23:20:27.526035] [WARN] High memory usage detected
[2025-11-05T23:20:27.526030] [WARN] Cache miss
[2025-11-05T23:20:27.526085] [DEBUG] Connection pool status checked
[2025-11-05T23:20:27.526008] [INFO] Database query executed
[2025-11-05T23:20:27.525969] [INFO] Service initialized
[2025-11-05T23:20:27.526021] [WARN] High memory usage detected
[2025-11-05T23:20:27.525959] [INFO] Cache hit
[2025-11-05T23:20:27.526000] [INFO] Service initialized
[2025-11-05T23:20:27.526060] [DEBUG] Variable value: x=42
[2025-11-05T23:20:27.526065] [DEBUG] Entering function process_data()
[2025-11-05T23:20:27.526045] [ERROR] Request failed
[2025-11-05T23:20:27.526012] [INFO] Database query executed
[2025-11-05T23:20:27.525975] [INFO] Cache hit
[2025-11-05T23:20:27.526050] [ERROR] Database connection lost
[2025-11-05T23:20:27.525996] [INFO] Database query executed
[2025-11-05T23:20:27.526081] [DEBUG] Loop iteration: 15
[2025-11-05T23:20:27.525979] [INFO] Service initialized
[2025-11-05T23:20:27.526073] [DEBUG] HTTP request headers parsed
[2025-11-05T23:20:27.526026] [WARN] Slow query performance
[2025-11-05T23:20:27.526005] [INFO] Database query executed
[2025-11-05T23:20:27.525988] [INFO] Cache hit
[2025-11-05T23:20:27.526089] [DEBUG] Cache key generated
[2025-11-05T23:20:27.525983] [INFO] Configuration loaded
[2025-11-05T23:20:27.525952] [INFO] Session started
[2025-11-05T23:20:27.526055] [DEBUG] Entering function process_data()
[2025-11-05T23:20:27.526077] [DEBUG] HTTP request headers parsed
[2025-11-05T23:20:27.526069] [DEBUG] Buffer size: 4096 bytes
[2025-11-05T23:20:27.525964] [INFO] User logged in
[2025-11-05T23:20:27.525923] [INFO] Session started
[2025-11-05T23:20:27.526041] [ERROR] Memory allocation error
