[2025-11-05T23:20:16.897572] [DEBUG] Loop iteration: 15
[2025-11-05T23:20:16.897456] [INFO] Service initialized
[2025-11-05T23:20:16.897568] [DEBUG] Thread pool size: 8
[2025-11-05T23:20:16.897495] [INFO] User logged in
[2025-11-05T23:20:16.897520] [INFO] Cache hit
[2025-11-05T23:20:16.897580] [DEBUG] Memory allocation: 2048 bytes
[2025-11-05T23:20:16.897508] [INFO] Service initialized
[2025-11-05T23:20:16.897542] [WARN] Slow query performance
[2025-11-05T23:20:16.897559] [DEBUG] Variable value: x=42
[2025-11-05T23:20:16.897503] [INFO] Configuration loaded
[2025-11-05T23:20:16.897564] [DEBUG] Timer set: 30 seconds
[2025-11-05T23:20:16.897584] [DEBUG] Timer set: 30 seconds
[2025-11-05T23:20:16.897576] [DEBUG] Thread pool size: 8
[2025-11-05T23:20:16.897481] [INFO] Service initialized
[2025-11-05T23:20:16.897537] [INFO] Service initialized
[2025-11-05T23:20:16.897555] [DEBUG] Cache key generated
[2025-11-05T23:20:16.897490] [INFO] Service initialized
[2025-11-05T23:20:16.897499] [INFO] Service initialized
[2025-11-05T23:20:16.897524] [INFO] Session started
[2025-11-05T23:20:16.897533] [INFO] Connection established
[2025-11-05T23:20:16.897517] [INFO] Service initialized
[2025-11-05T23:20:16.897486] [INFO] Configuration loaded
[2025-11-05T23:20:16.897529] [INFO] Request processed successfully
[2025-11-05T23:20:16.897548] [ERROR] Service unavailable
[2025-11-05T23:20:16.897592] [DEBUG] Loop iteration: 15
[2025-11-05T23:20:16.897512] [INFO] Database query executed
[2025-11-05T23:20:16.897588] [DEBUG] Variable value: x=42
