[2025-11-05T23:20:47.621134] [INFO] Health check passed
[2025-11-05T23:20:47.621163] [WARN] Deprecated API usage
[2025-11-05T23:20:47.621203] [DEBUG] Cache key generated
[2025-11-05T23:20:47.621122] [INFO] Transaction completed
[2025-11-05T23:20:47.621145] [INFO] Connection established
[2025-11-05T23:20:47.621170] [WARN] Slow query performance
[2025-11-05T23:20:47.621174] [WARN] Queue size growing
[2025-11-05T23:20:47.621151] [INFO] Service initialized
[2025-11-05T23:20:47.621196] [DEBUG] Cache key generated
[2025-11-05T23:20:47.621184] [ERROR] Permission denied
[2025-11-05T23:20:47.621188] [DEBUG] Cache key generated
[2025-11-05T23:20:47.621177] [WARN] High memory usage detected
[2025-11-05T23:20:47.621199] [DEBUG] Variable value: x=42
[2025-11-05T23:20:47.621141] [INFO] Cache hit
[2025-11-05T23:20:47.621138] [INFO] Session started
[2025-11-05T23:20:47.621167] [WARN] High memory usage detected
[2025-11-05T23:20:47.621180] [WARN] Queue size growing
[2025-11-05T23:20:47.621131] [INFO] Health check passed
[2025-11-05T23:20:47.621118] [INFO] Cache hit
[2025-11-05T23:20:47.621115] [INFO] Request processed successfully
[2025-11-05T23:20:47.621086] [INFO] Configuration loaded
[2025-11-05T23:20:47.621148] [INFO] Service initialized
[2025-11-05T23:20:47.621156] [WARN] Disk space low
[2025-11-05T23:20:47.621192] [DEBUG] Buffer size: 4096 bytes
[2025-11-05T23:20:47.621125] [INFO] Configuration loaded
[2025-11-05T23:20:47.621110] [INFO] Session started
[2025-11-05T23:20:47.621207] [DEBUG] Memory allocation: 2048 bytes
[2025-11-05T23:20:47.621128] [INFO] Configuration loaded
[2025-11-05T23:20:47.621160] [WARN] Resource threshold approaching
