[2025-11-05T23:20:15.576926] [INFO] Configuration loaded
[2025-11-05T23:20:15.576944] [INFO] User logged in
[2025-11-05T23:20:15.577059] [DEBUG] Thread pool size: 8
[2025-11-05T23:20:15.576931] [INFO] Configuration loaded
[2025-11-05T23:20:15.576989] [WARN] Queue size growing
[2025-11-05T23:20:15.577038] [DEBUG] Variable value: x=42
[2025-11-05T23:20:15.577054] [DEBUG] Buffer size: 4096 bytes
[2025-11-05T23:20:15.577046] [DEBUG] Entering function process_data()
[2025-11-05T23:20:15.577023] [ERROR] Disk read failed
[2025-11-05T23:20:15.576954] [INFO] Configuration loaded
[2025-11-05T23:20:15.576970] [INFO] Configuration loaded
[2025-11-05T23:20:15.576949] [INFO] Transaction completed
[2025-11-05T23:20:15.576974] [INFO] Health check passed
[2025-11-05T23:20:15.576958] [INFO] Cache hit
[2025-11-05T23:20:15.577009] [ERROR] Disk read failed
[2025-11-05T23:20:15.577033] [DEBUG] HTTP request headers parsed
[2025-11-05T23:20:15.576993] [WARN] Connection retry attempt
[2025-11-05T23:20:15.576921] [INFO] Transaction completed
[2025-11-05T23:20:15.577018] [ERROR] File not found
[2025-11-05T23:20:15.576962] [INFO] Transaction completed
[2025-11-05T23:20:15.576966] [INFO] Service initialized
[2025-11-05T23:20:15.576935] [INFO] Service initialized
[2025-11-05T23:20:15.577050] [DEBUG] Connection pool status checked
[2025-11-05T23:20:15.576916] [INFO] Database query executed
[2025-11-05T23:20:15.577002] [WARN] Connection retry attempt
[2025-11-05T23:20:15.577063] [DEBUG] HTTP request headers parsed
[2025-11-05T23:20:15.576983] [WARN] Resource threshold approaching
[2025-11-05T23:20:15.576997] [WARN] Rate limit approaching
[2025-11-05T23:20:15.576889] [INFO] Transaction completed
[2025-11-05T23:20:15.576940] [INFO] Request processed successfully
[2025-11-05T23:20:15.577042] [DEBUG] Connection pool status checked
[2025-11-05T23:20:15.576978] [INFO] User logged in
[2025-11-05T23:20:15.577028] [DEBUG] Connection pool status checked
[2025-11-05T23:20:15.577014] [ERROR] Memory allocation error
