[2025-11-05T23:20:43.411356] [INFO] Configuration loaded
[2025-11-05T23:20:43.411402] [WARN] Disk space low
[2025-11-05T23:20:43.411352] [INFO] Cache hit
[2025-11-05T23:20:43.411338] [INFO] Request processed successfully
[2025-11-05T23:20:43.411440] [DEBUG] Buffer size: 4096 bytes
[2025-11-05T23:20:43.411343] [INFO] User logged in
[2025-11-05T23:20:43.411416] [ERROR] Authentication failed
[2025-11-05T23:20:43.411388] [WARN] Deprecated API usage
[2025-11-05T23:20:43.411465] [DEBUG] HTTP request headers parsed
[2025-11-05T23:20:43.411453] [DEBUG] Loop iteration: 15
[2025-11-05T23:20:43.411298] [INFO] Database query executed
[2025-11-05T23:20:43.411436] [DEBUG] Timer set: 30 seconds
[2025-11-05T23:20:43.411431] [DEBUG] Thread pool size: 8
[2025-11-05T23:20:43.411398] [WARN] High memory usage detected
[2025-11-05T23:20:43.411408] [ERROR] Database connection lost
[2025-11-05T23:20:43.411347] [INFO] Cache hit
[2025-11-05T23:20:43.411323] [INFO] Transaction completed
[2025-11-05T23:20:43.411393] [WARN] Deprecated API usage
[2025-11-05T23:20:43.411329] [INFO] Service initialized
[2025-11-05T23:20:43.411457] [DEBUG] HTTP request headers parsed
[2025-11-05T23:20:43.411334] [INFO] Connection established
[2025-11-05T23:20:43.411378] [INFO] Transaction completed
[2025-11-05T23:20:43.411449] [DEBUG] Loop iteration: 15
[2025-11-05T23:20:43.411382] [INFO] User logged in
[2025-11-05T23:20:43.411366] [INFO] Configuration loaded
[2025-11-05T23:20:43.411361] [INFO] Health check passed
[2025-11-05T23:20:43.411374] [INFO] Request processed successfully
[2025-11-05T23:20:43.411461] [DEBUG] Variable value: x=42
[2025-11-05T23:20:43.411427] [DEBUG] Loop iteration: 15
[2025-11-05T23:20:43.411470] [DEBUG] Thread pool size: 8
[2025-11-05T23:20:43.411444] [DEBUG] HTTP request headers parsed
[2025-11-05T23:20:43.411422] [DEBUG] Timer set: 30 seconds
[2025-11-05T23:20:43.411370] [INFO] Transaction completed
[2025-11-05T23:20:43.411412] [ERROR] Invalid input data
