[2025-11-05T23:20:40.981482] [ERROR] Permission denied
[2025-11-05T23:20:40.981421] [INFO] Health check passed
[2025-11-05T23:20:40.981402] [INFO] Session started
[2025-11-05T23:20:40.981448] [INFO] Cache hit
[2025-11-05T23:20:40.981390] [INFO] Database query executed
[2025-11-05T23:20:40.981459] [WARN] Connection retry attempt
[2025-11-05T23:20:40.981362] [INFO] Transaction completed
[2025-11-05T23:20:40.981440] [INFO] Health check passed
[2025-11-05T23:20:40.981471] [WARN] Rate limit approaching
[2025-11-05T23:20:40.981426] [INFO] Service initialized
[2025-11-05T23:20:40.981495] [DEBUG] Cache key generated
[2025-11-05T23:20:40.981520] [DEBUG] Cache key generated
[2025-11-05T23:20:40.981417] [INFO] Connection established
[2025-11-05T23:20:40.981488] [ERROR] Request failed
[2025-11-05T23:20:40.981535] [DEBUG] Cache key generated
[2025-11-05T23:20:40.981477] [WARN] Deprecated API usage
[2025-11-05T23:20:40.981413] [INFO] Configuration loaded
[2025-11-05T23:20:40.981511] [DEBUG] Thread pool size: 8
[2025-11-05T23:20:40.981453] [INFO] Health check passed
[2025-11-05T23:20:40.981435] [INFO] Transaction completed
[2025-11-05T23:20:40.981397] [INFO] Configuration loaded
[2025-11-05T23:20:40.981501] [DEBUG] HTTP request headers parsed
[2025-11-05T23:20:40.981444] [INFO] Cache hit
[2025-11-05T23:20:40.981430] [INFO] Cache hit
[2025-11-05T23:20:40.981525] [DEBUG] Loop iteration: 15
[2025-11-05T23:20:40.981465] [WARN] Rate limit approaching
[2025-11-05T23:20:40.981530] [DEBUG] Loop iteration: 15
[2025-11-05T23:20:40.981506] [DEBUG] Memory allocation: 2048 bytes
[2025-11-05T23:20:40.981408] [INFO] Connection established
[2025-11-05T23:20:40.981516] [DEBUG] Variable value: x=42
