[2025-11-05T23:20:17.040707] [INFO] Configuration loaded
[2025-11-05T23:20:17.040719] [INFO] Request processed successfully
[2025-11-05T23:20:17.040777] [DEBUG] Buffer size: 4096 bytes
[2025-11-05T23:20:17.040675] [INFO] Transaction completed
[2025-11-05T23:20:17.040680] [INFO] Cache hit
[2025-11-05T23:20:17.040703] [INFO] Request processed successfully
[2025-11-05T23:20:17.040743] [WARN] Disk space low
[2025-11-05T23:20:17.040786] [DEBUG] Variable value: x=42
[2025-11-05T23:20:17.040757] [ERROR] Request failed
[2025-11-05T23:20:17.040802] [DEBUG] Timer set: 30 seconds
[2025-11-05T23:20:17.040771] [DEBUG] Cache key generated
[2025-11-05T23:20:17.040684] [INFO] Database query executed
[2025-11-05T23:20:17.040731] [INFO] Transaction completed
[2025-11-05T23:20:17.040698] [INFO] User logged in
[2025-11-05T23:20:17.040766] [DEBUG] Timer set: 30 seconds
[2025-11-05T23:20:17.040794] [DEBUG] Variable value: x=42
[2025-11-05T23:20:17.040715] [INFO] Transaction completed
[2025-11-05T23:20:17.040727] [INFO] Session started
[2025-11-05T23:20:17.040761] [ERROR] Request failed
[2025-11-05T23:20:17.040747] [WARN] High memory usage detected
[2025-11-05T23:20:17.040723] [INFO] Health check passed
[2025-11-05T23:20:17.040665] [INFO] Transaction completed
[2025-11-05T23:20:17.040693] [INFO] Session started
[2025-11-05T23:20:17.040790] [DEBUG] Memory allocation: 2048 bytes
[2025-11-05T23:20:17.040711] [INFO] User logged in
[2025-11-05T23:20:17.040671] [INFO] Configuration loaded
[2025-11-05T23:20:17.040689] [INFO] Request processed successfully
[2025-11-05T23:20:17.040798] [DEBUG] Cache key generated
[2025-11-05T23:20:17.040781] [DEBUG] Connection pool status checked
[2025-11-05T23:20:17.040738] [WARN] Disk space low
[2025-11-05T23:20:17.040751] [WARN] Timeout warning
[2025-11-05T23:20:17.040640] [INFO] Service initialized
