[2025-11-05T23:20:23.183009] [INFO] Session started
[2025-11-05T23:20:23.182972] [INFO] Session started
[2025-11-05T23:20:23.183099] [DEBUG] Thread pool size: 8
[2025-11-05T23:20:23.182977] [INFO] Database query executed
[2025-11-05T23:20:23.183069] [DEBUG] Loop iteration: 15
[2025-11-05T23:20:23.182991] [INFO] Cache hit
[2025-11-05T23:20:23.183084] [DEBUG] Loop iteration: 15
[2025-11-05T23:20:23.183033] [WARN] High memory usage detected
[2025-11-05T23:20:23.182962] [INFO] Transaction completed
[2025-11-05T23:20:23.182936] [INFO] Transaction completed
[2025-11-05T23:20:23.182986] [INFO] Cache hit
[2025-11-05T23:20:23.182995] [INFO] Database query executed
[2025-11-05T23:20:23.183027] [INFO] User logged in
[2025-11-05T23:20:23.183064] [DEBUG] Connection pool status checked
[2025-11-05T23:20:23.183005] [INFO] Service initialized
[2025-11-05T23:20:23.183013] [INFO] Service initialized
[2025-11-05T23:20:23.183103] [DEBUG] Buffer size: 4096 bytes
[2025-11-05T23:20:23.183089] [DEBUG] Cache key generated
[2025-11-05T23:20:23.183047] [WARN] Slow query performance
[2025-11-05T23:20:23.182967] [INFO] Transaction completed
[2025-11-05T23:20:23.183074] [DEBUG] Thread pool size: 8
[2025-11-05T23:20:23.182982] [INFO] User logged in
[2025-11-05T23:20:23.183094] [DEBUG] Cache key generated
[2025-11-05T23:20:23.183038] [WARN] Disk space low
[2025-11-05T23:20:23.183000] [INFO] Configuration loaded
[2025-11-05T23:20:23.183043] [WARN] Timeout warning
[2025-11-05T23:20:23.183058] [ERROR] Disk read failed
[2025-11-05T23:20:23.183022] [INFO] Cache hit
[2025-11-05T23:20:23.183080] [DEBUG] Variable value: x=42
[2025-11-05T23:20:23.183018] [INFO] Connection established
[2025-11-05T23:20:23.183053] [ERROR] Permission denied
