[2025-11-05T23:20:49.864157] [INFO] Health check passed
[2025-11-05T23:20:49.864209] [INFO] Request processed successfully
[2025-11-05T23:20:49.864227] [WARN] Resource threshold approaching
[2025-11-05T23:20:49.864201] [INFO] Request processed successfully
[2025-11-05T23:20:49.864244] [WARN] Rate limit approaching
[2025-11-05T23:20:49.864295] [DEBUG] Variable value: x=42
[2025-11-05T23:20:49.864252] [WARN] High memory usage detected
[2025-11-05T23:20:49.864291] [DEBUG] Cache key generated
[2025-11-05T23:20:49.864205] [INFO] Request processed successfully
[2025-11-05T23:20:49.864287] [DEBUG] Entering function process_data()
[2025-11-05T23:20:49.864192] [INFO] Session started
[2025-11-05T23:20:49.864248] [WARN] Timeout warning
[2025-11-05T23:20:49.864257] [ERROR] Authentication failed
[2025-11-05T23:20:49.864272] [DEBUG] Variable value: x=42
[2025-11-05T23:20:49.864262] [ERROR] Request failed
[2025-11-05T23:20:49.864278] [DEBUG] Memory allocation: 2048 bytes
[2025-11-05T23:20:49.864188] [INFO] Configuration loaded
[2025-11-05T23:20:49.864236] [WARN] High memory usage detected
[2025-11-05T23:20:49.864282] [DEBUG] Entering function process_data()
[2025-11-05T23:20:49.864240] [WARN] Disk space low
[2025-11-05T23:20:49.864303] [DEBUG] Memory allocation: 2048 bytes
[2025-11-05T23:20:49.864299] [DEBUG] Entering function process_data()
[2025-11-05T23:20:49.864221] [INFO] Service initialized
[2025-11-05T23:20:49.864268] [DEBUG] Memory allocation: 2048 bytes
[2025-11-05T23:20:49.864183] [INFO] Session started
[2025-11-05T23:20:49.864196] [INFO] User logged in
[2025-11-05T23:20:49.864213] [INFO] Transaction completed
[2025-11-05T23:20:49.864218] [INFO] Session started
[2025-11-05T23:20:49.864232] [WARN] Disk space low
