[2025-11-05T23:20:16.544372] [INFO] Cache hit
[2025-11-05T23:20:16.544414] [INFO] Request processed successfully
[2025-11-05T23:20:16.544384] [INFO] Session started
[2025-11-05T23:20:16.544459] [ERROR] File not found
[2025-11-05T23:20:16.544454] [WARN] Connection retry attempt
[2025-11-05T23:20:16.544429] [INFO] Request processed successfully
[2025-11-05T23:20:16.544381] [INFO] Cache hit
[2025-11-05T23:20:16.544425] [INFO] Transaction completed
[2025-11-05T23:20:16.544392] [INFO] Health check passed
[2025-11-05T23:20:16.544443] [WARN] Slow query performance
[2025-11-05T23:20:16.544487] [DEBUG] Variable value: x=42
[2025-11-05T23:20:16.544472] [DEBUG] Thread pool size: 8
[2025-11-05T23:20:16.544491] [DEBUG] Cache key generated
[2025-11-05T23:20:16.544465] [DEBUG] Variable value: x=42
[2025-11-05T23:20:16.544406] [INFO] Session started
[2025-11-05T23:20:16.544447] [WARN] High memory usage detected
[2025-11-05T23:20:16.544403] [INFO] User logged in
[2025-11-05T23:20:16.544483] [DEBUG] Timer set: 30 seconds
[2025-11-05T23:20:16.544399] [INFO] Cache hit
[2025-11-05T23:20:16.544469] [DEBUG] Variable value: x=42
[2025-11-05T23:20:16.544417] [INFO] Database query executed
[2025-11-05T23:20:16.544368] [INFO] Cache hit
[2025-11-05T23:20:16.544396] [INFO] Configuration loaded
[2025-11-05T23:20:16.544479] [DEBUG] Entering function process_data()
[2025-11-05T23:20:16.544334] [INFO] Connection established
[2025-11-05T23:20:16.544410] [INFO] Health check passed
[2025-11-05T23:20:16.544364] [INFO] Configuration loaded
[2025-11-05T23:20:16.544376] [INFO] Transaction completed
[2025-11-05T23:20:16.544495] [DEBUG] Buffer size: 4096 bytes
[2025-11-05T23:20:16.544439] [WARN] Connection retry attempt
[2025-11-05T23:20:16.544450] [WARN] Queue size growing
[2025-11-05T23:20:16.544421] [INFO] Configuration loaded
[2025-11-05T23:20:16.544359] [INFO] Request processed successfully
[2025-11-05T23:20:16.544476] [DEBUG] Entering function process_data()
[2025-11-05T23:20:16.544434] [WARN] Queue size growing
[2025-11-05T23:20:16.544388] [INFO] Transaction completed
