[2025-11-05T23:20:37.466189] [DEBUG] Loop iteration: 15
[2025-11-05T23:20:37.466160] [DEBUG] Loop iteration: 15
[2025-11-05T23:20:37.466071] [INFO] Connection established
[2025-11-05T23:20:37.466046] [INFO] Service initialized
[2025-11-05T23:20:37.466025] [INFO] Transaction completed
[2025-11-05T23:20:37.466185] [DEBUG] HTTP request headers parsed
[2025-11-05T23:20:37.466054] [INFO] Database query executed
[2025-11-05T23:20:37.466033] [INFO] Transaction completed
[2025-11-05T23:20:37.466050] [INFO] Configuration loaded
[2025-11-05T23:20:37.466171] [DEBUG] Loop iteration: 15
[2025-11-05T23:20:37.466155] [DEBUG] Buffer size: 4096 bytes
[2025-11-05T23:20:37.466037] [INFO] User logged in
[2025-11-05T23:20:37.465981] [INFO] Health check passed
[2025-11-05T23:20:37.466141] [WARN] Timeout warning
[2025-11-05T23:20:37.466176] [DEBUG] Timer set: 30 seconds
[2025-11-05T23:20:37.466010] [INFO] Session started
[2025-11-05T23:20:37.466067] [INFO] Database query executed
[2025-11-05T23:20:37.466194] [DEBUG] Memory allocation: 2048 bytes
[2025-11-05T23:20:37.466005] [INFO] Service initialized
[2025-11-05T23:20:37.466020] [INFO] Transaction completed
[2025-11-05T23:20:37.466090] [WARN] Resource threshold approaching
[2025-11-05T23:20:37.466058] [INFO] Cache hit
[2025-11-05T23:20:37.466075] [INFO] Health check passed
[2025-11-05T23:20:37.466128] [WARN] Rate limit approaching
[2025-11-05T23:20:37.466015] [INFO] Transaction completed
[2025-11-05T23:20:37.466029] [INFO] Cache hit
[2025-11-05T23:20:37.466042] [INFO] Cache hit
[2025-11-05T23:20:37.466180] [DEBUG] Variable value: x=42
[2025-11-05T23:20:37.466136] [WARN] Rate limit approaching
[2025-11-05T23:20:37.466148] [ERROR] Permission denied
[2025-11-05T23:20:37.466063] [INFO] Connection established
[2025-11-05T23:20:37.466085] [WARN] High memory usage detected
[2025-11-05T23:20:37.466165] [DEBUG] Buffer size: 4096 bytes
[2025-11-05T23:20:37.466079] [INFO] Request processed successfully
