[2025-11-05T23:20:16.340707] [WARN] Deprecated API usage
[2025-11-05T23:20:16.340669] [INFO] Session started
[2025-11-05T23:20:16.340615] [INFO] Configuration loaded
[2025-11-05T23:20:16.340722] [DEBUG] Variable value: x=42
[2025-11-05T23:20:16.340717] [ERROR] Memory allocation error
[2025-11-05T23:20:16.340674] [INFO] Connection established
[2025-11-05T23:20:16.340733] [DEBUG] HTTP request headers parsed
[2025-11-05T23:20:16.340657] [INFO] Transaction completed
[2025-11-05T23:20:16.340765] [DEBUG] Memory allocation: 2048 bytes
[2025-11-05T23:20:16.340755] [DEBUG] Connection pool status checked
[2025-11-05T23:20:16.340689] [WARN] Timeout warning
[2025-11-05T23:20:16.340639] [INFO] Cache hit
[2025-11-05T23:20:16.340661] [INFO] Database query executed
[2025-11-05T23:20:16.340702] [WARN] Disk space low
[2025-11-05T23:20:16.340588] [INFO] Health check passed
[2025-11-05T23:20:16.340679] [WARN] Timeout warning
[2025-11-05T23:20:16.340630] [INFO] Service initialized
[2025-11-05T23:20:16.340648] [INFO] Service initialized
[2025-11-05T23:20:16.340728] [DEBUG] Thread pool size: 8
[2025-11-05T23:20:16.340694] [WARN] High memory usage detected
[2025-11-05T23:20:16.340620] [INFO] Database query executed
[2025-11-05T23:20:16.340750] [DEBUG] Thread pool size: 8
[2025-11-05T23:20:16.340774] [DEBUG] Connection pool status checked
[2025-11-05T23:20:16.340769] [DEBUG] Variable value: x=42
[2025-11-05T23:20:16.340644] [INFO] User logged in
[2025-11-05T23:20:16.340712] [ERROR] Service unavailable
[2025-11-05T23:20:16.340625] [INFO] Transaction completed
[2025-11-05T23:20:16.340746] [DEBUG] Memory allocation: 2048 bytes
[2025-11-05T23:20:16.340635] [INFO] Service initialized
[2025-11-05T23:20:16.340698] [WARN] Timeout warning
[2025-11-05T23:20:16.340653] [INFO] User logged in
[2025-11-05T23:20:16.340760] [DEBUG] Connection pool status checked
[2025-11-05T23:20:16.340665] [INFO] Health check passed
[2025-11-05T23:20:16.340742] [DEBUG] Loop iteration: 15
[2025-11-05T23:20:16.340685] [WARN] Deprecated API usage
[2025-11-05T23:20:16.340737] [DEBUG] Loop iteration: 15
