[2025-11-05T23:20:17.170692] [DEBUG] Timer set: 30 seconds
[2025-11-05T23:20:17.170718] [DEBUG] Cache key generated
[2025-11-05T23:20:17.170688] [DEBUG] HTTP request headers parsed
[2025-11-05T23:20:17.170651] [INFO] Database query executed
[2025-11-05T23:20:17.170574] [INFO] User logged in
[2025-11-05T23:20:17.170625] [INFO] Connection established
[2025-11-05T23:20:17.170701] [DEBUG] Thread pool size: 8
[2025-11-05T23:20:17.170642] [INFO] Request processed successfully
[2025-11-05T23:20:17.170665] [WARN] Resource threshold approaching
[2025-11-05T23:20:17.170659] [INFO] Health check passed
[2025-11-05T23:20:17.170620] [INFO] Configuration loaded
[2025-11-05T23:20:17.170611] [INFO] Database query executed
[2025-11-05T23:20:17.170677] [ERROR] Permission denied
[2025-11-05T23:20:17.170615] [INFO] Session started
[2025-11-05T23:20:17.170697] [DEBUG] Buffer size: 4096 bytes
[2025-11-05T23:20:17.170638] [INFO] Session started
[2025-11-05T23:20:17.170710] [DEBUG] Memory allocation: 2048 bytes
[2025-11-05T23:20:17.170647] [INFO] User logged in
[2025-11-05T23:20:17.170723] [DEBUG] HTTP request headers parsed
[2025-11-05T23:20:17.170629] [INFO] Cache hit
[2025-11-05T23:20:17.170600] [INFO] Transaction completed
[2025-11-05T23:20:17.170671] [ERROR] Request failed
[2025-11-05T23:20:17.170682] [ERROR] Invalid input data
[2025-11-05T23:20:17.170655] [INFO] Connection established
[2025-11-05T23:20:17.170634] [INFO] Service initialized
[2025-11-05T23:20:17.170706] [DEBUG] Loop iteration: 15
[2025-11-05T23:20:17.170606] [INFO] Transaction completed
[2025-11-05T23:20:17.170715] [DEBUG] Memory allocation: 2048 bytes
