[2025-11-05T23:20:32.109748] [INFO] Session started
[2025-11-05T23:20:32.109752] [INFO] Connection established
[2025-11-05T23:20:32.109727] [INFO] Database query executed
[2025-11-05T23:20:32.109701] [INFO] Service initialized
[2025-11-05T23:20:32.109792] [DEBUG] Buffer size: 4096 bytes
[2025-11-05T23:20:32.109818] [DEBUG] Buffer size: 4096 bytes
[2025-11-05T23:20:32.109814] [DEBUG] Entering function process_data()
[2025-11-05T23:20:32.109736] [INFO] Session started
[2025-11-05T23:20:32.109663] [INFO] Health check passed
[2025-11-05T23:20:32.109796] [DEBUG] Timer set: 30 seconds
[2025-11-05T23:20:32.109805] [DEBUG] HTTP request headers parsed
[2025-11-05T23:20:32.109783] [DEBUG] Memory allocation: 2048 bytes
[2025-11-05T23:20:32.109690] [INFO] Service initialized
[2025-11-05T23:20:32.109758] [WARN] Deprecated API usage
[2025-11-05T23:20:32.109800] [DEBUG] Buffer size: 4096 bytes
[2025-11-05T23:20:32.109723] [INFO] Connection established
[2025-11-05T23:20:32.109719] [INFO] User logged in
[2025-11-05T23:20:32.109809] [DEBUG] Loop iteration: 15
[2025-11-05T23:20:32.109696] [INFO] Database query executed
[2025-11-05T23:20:32.109769] [ERROR] Memory allocation error
[2025-11-05T23:20:32.109740] [INFO] Request processed successfully
[2025-11-05T23:20:32.109774] [DEBUG] HTTP request headers parsed
[2025-11-05T23:20:32.109744] [INFO] User logged in
[2025-11-05T23:20:32.109787] [DEBUG] Timer set: 30 seconds
[2025-11-05T23:20:32.109714] [INFO] Session started
[2025-11-05T23:20:32.109763] [WARN] Rate limit approaching
[2025-11-05T23:20:32.109732] [INFO] Configuration loaded
[2025-11-05T23:20:32.109779] [DEBUG] Loop iteration: 15
[2025-11-05T23:20:32.109709] [INFO] Request processed successfully
