[2025-11-05T23:20:51.818575] [INFO] Service initialized
[2025-11-05T23:20:51.818499] [INFO] Transaction completed
[2025-11-05T23:20:51.818568] [INFO] Health check passed
[2025-11-05T23:20:51.818551] [INFO] Request processed successfully
[2025-11-05T23:20:51.818606] [ERROR] Permission denied
[2025-11-05T23:20:51.818630] [DEBUG] Cache key generated
[2025-11-05T23:20:51.818532] [INFO] Request processed successfully
[2025-11-05T23:20:51.818618] [DEBUG] Entering function process_data()
[2025-11-05T23:20:51.818523] [INFO] Request processed successfully
[2025-11-05T23:20:51.818555] [INFO] Service initialized
[2025-11-05T23:20:51.818535] [INFO] Connection established
[2025-11-05T23:20:51.818544] [INFO] Database query executed
[2025-11-05T23:20:51.818614] [DEBUG] Variable value: x=42
[2025-11-05T23:20:51.818583] [WARN] Rate limit approaching
[2025-11-05T23:20:51.818594] [WARN] Slow query performance
[2025-11-05T23:20:51.818565] [INFO] Cache hit
[2025-11-05T23:20:51.818587] [WARN] Deprecated API usage
[2025-11-05T23:20:51.818621] [DEBUG] HTTP request headers parsed
[2025-11-05T23:20:51.818602] [ERROR] Database connection lost
[2025-11-05T23:20:51.818633] [DEBUG] HTTP request headers parsed
[2025-11-05T23:20:51.818548] [INFO] Service initialized
[2025-11-05T23:20:51.818561] [INFO] Session started
[2025-11-05T23:20:51.818637] [DEBUG] Memory allocation: 2048 bytes
[2025-11-05T23:20:51.818610] [DEBUG] Loop iteration: 15
[2025-11-05T23:20:51.818578] [INFO] Database query executed
[2025-11-05T23:20:51.818597] [WARN] Connection retry attempt
[2025-11-05T23:20:51.818624] [DEBUG] Cache key generated
[2025-11-05T23:20:51.818571] [INFO] Cache hit
[2025-11-05T23:20:51.818627] [DEBUG] Variable value: x=42
[2025-11-05T23:20:51.818528] [INFO] Cache hit
[2025-11-05T23:20:51.818541] [INFO] User logged in
[2025-11-05T23:20:51.818558] [INFO] User logged in
[2025-11-05T23:20:51.818590] [WARN] Slow query performance
