[2025-11-05T23:20:53.613349] [DEBUG] HTTP request headers parsed
[2025-11-05T23:20:53.613252] [INFO] Configuration loaded
[2025-11-05T23:20:53.613357] [DEBUG] HTTP request headers parsed
[2025-11-05T23:20:53.613296] [INFO] Connection established
[2025-11-05T23:20:53.613286] [INFO] Transaction completed
[2025-11-05T23:20:53.613361] [DEBUG] Memory allocation: 2048 bytes
[2025-11-05T23:20:53.613290] [INFO] Cache hit
[2025-11-05T23:20:53.613243] [INFO] Service initialized
[2025-11-05T23:20:53.613335] [ERROR] Service unavailable
[2025-11-05T23:20:53.613248] [INFO] Configuration loaded
[2025-11-05T23:20:53.613325] [WARN] Cache miss
[2025-11-05T23:20:53.613215] [INFO] Health check passed
[2025-11-05T23:20:53.613282] [INFO] Connection established
[2025-11-05T23:20:53.613269] [INFO] User logged in
[2025-11-05T23:20:53.613260] [INFO] Service initialized
[2025-11-05T23:20:53.613278] [INFO] Service initialized
[2025-11-05T23:20:53.613300] [INFO] Configuration loaded
[2025-11-05T23:20:53.613344] [DEBUG] HTTP request headers parsed
[2025-11-05T23:20:53.613274] [INFO] Configuration loaded
[2025-11-05T23:20:53.613353] [DEBUG] Memory allocation: 2048 bytes
[2025-11-05T23:20:53.613256] [INFO] Configuration loaded
[2025-11-05T23:20:53.613330] [ERROR] Invalid input data
[2025-11-05T23:20:53.613306] [WARN] Queue size growing
[2025-11-05T23:20:53.613320] [WARN] Cache miss
[2025-11-05T23:20:53.613238] [INFO] Request processed successfully
[2025-11-05T23:20:53.613311] [WARN] Resource threshold approaching
[2025-11-05T23:20:53.613365] [DEBUG] Memory allocation: 2048 bytes
[2025-11-05T23:20:53.613315] [WARN] High memory usage detected
[2025-11-05T23:20:53.613340] [DEBUG] Cache key generated
[2025-11-05T23:20:53.613265] [INFO] Connection established
