[2025-11-05T23:20:12.846870] [ERROR] Database connection lost
[2025-11-05T23:20:12.846853] [WARN] Cache miss
[2025-11-05T23:20:12.846823] [INFO] Service initialized
[2025-11-05T23:20:12.846784] [INFO] Connection established
[2025-11-05T23:20:12.846780] [INFO] User logged in
[2025-11-05T23:20:12.846865] [WARN] Timeout warning
[2025-11-05T23:20:12.846789] [INFO] User logged in
[2025-11-05T23:20:12.846827] [INFO] Database query executed
[2025-11-05T23:20:12.846849] [WARN] Queue size growing
[2025-11-05T23:20:12.846810] [INFO] Database query executed
[2025-11-05T23:20:12.846769] [INFO] Cache hit
[2025-11-05T23:20:12.846845] [WARN] Connection retry attempt
[2025-11-05T23:20:12.846775] [INFO] User logged in
[2025-11-05T23:20:12.846907] [DEBUG] HTTP request headers parsed
[2025-11-05T23:20:12.846861] [WARN] Queue size growing
[2025-11-05T23:20:12.846835] [INFO] Service initialized
[2025-11-05T23:20:12.846900] [DEBUG] Loop iteration: 15
[2025-11-05T23:20:12.846794] [INFO] Health check passed
[2025-11-05T23:20:12.846819] [INFO] Service initialized
[2025-11-05T23:20:12.846814] [INFO] Request processed successfully
[2025-11-05T23:20:12.846892] [DEBUG] Connection pool status checked
[2025-11-05T23:20:12.846903] [DEBUG] Buffer size: 4096 bytes
[2025-11-05T23:20:12.846742] [INFO] User logged in
[2025-11-05T23:20:12.846831] [INFO] Connection established
[2025-11-05T23:20:12.846874] [ERROR] Network timeout
[2025-11-05T23:20:12.846840] [WARN] Connection retry attempt
[2025-11-05T23:20:12.846888] [DEBUG] Entering function process_data()
[2025-11-05T23:20:12.846896] [DEBUG] Loop iteration: 15
[2025-11-05T23:20:12.846879] [DEBUG] Timer set: 30 seconds
[2025-11-05T23:20:12.846911] [DEBUG] Connection pool status checked
[2025-11-05T23:20:12.846884] [DEBUG] Entering function process_data()
[2025-11-05T23:20:12.846804] [INFO] Connection established
[2025-11-05T23:20:12.846799] [INFO] Transaction completed
[2025-11-05T23:20:12.846857] [WARN] Cache miss
