[2025-11-05T23:20:22.380401] [INFO] Session started
[2025-11-05T23:20:22.380426] [INFO] Database query executed
[2025-11-05T23:20:22.380529] [DEBUG] HTTP request headers parsed
[2025-11-05T23:20:22.380515] [DEBUG] Entering function process_data()
[2025-11-05T23:20:22.380477] [WARN] Rate limit approaching
[2025-11-05T23:20:22.380442] [INFO] Transaction completed
[2025-11-05T23:20:22.380532] [DEBUG] Cache key generated
[2025-11-05T23:20:22.380435] [INFO] Connection established
[2025-11-05T23:20:22.380512] [DEBUG] Entering function process_data()
[2025-11-05T23:20:22.380525] [DEBUG] Timer set: 30 seconds
[2025-11-05T23:20:22.380472] [INFO] Cache hit
[2025-11-05T23:20:22.380466] [INFO] Session started
[2025-11-05T23:20:22.380508] [DEBUG] HTTP request headers parsed
[2025-11-05T23:20:22.380485] [WARN] High memory usage detected
[2025-11-05T23:20:22.380445] [INFO] Configuration loaded
[2025-11-05T23:20:22.380456] [INFO] Health check passed
[2025-11-05T23:20:22.380496] [ERROR] Memory allocation error
[2025-11-05T23:20:22.380460] [INFO] Cache hit
[2025-11-05T23:20:22.380492] [WARN] High memory usage detected
[2025-11-05T23:20:22.380469] [INFO] Configuration loaded
[2025-11-05T23:20:22.380505] [DEBUG] Loop iteration: 15
[2025-11-05T23:20:22.380489] [WARN] Resource threshold approaching
[2025-11-05T23:20:22.380438] [INFO] Connection established
[2025-11-05T23:20:22.380449] [INFO] Service initialized
[2025-11-05T23:20:22.380522] [DEBUG] Cache key generated
[2025-11-05T23:20:22.380500] [ERROR] Authentication failed
[2025-11-05T23:20:22.380481] [WARN] Rate limit approaching
[2025-11-05T23:20:22.380453] [INFO] Configuration loaded
[2025-11-05T23:20:22.380431] [INFO] Database query executed
[2025-11-05T23:20:22.380519] [DEBUG] Thread pool size: 8
[2025-11-05T23:20:22.380463] [INFO] Transaction completed
