[2025-11-05T23:20:41.925688] [INFO] Database query executed
[2025-11-05T23:20:41.925715] [INFO] User logged in
[2025-11-05T23:20:41.925701] [INFO] Health check passed
[2025-11-05T23:20:41.925788] [DEBUG] Cache key generated
[2025-11-05T23:20:41.925793] [DEBUG] Entering function process_data()
[2025-11-05T23:20:41.925755] [WARN] Cache miss
[2025-11-05T23:20:41.925732] [INFO] Transaction completed
[2025-11-05T23:20:41.925762] [ERROR] Database connection lost
[2025-11-05T23:20:41.925728] [INFO] Request processed successfully
[2025-11-05T23:20:41.925720] [INFO] Database query executed
[2025-11-05T23:20:41.925711] [INFO] Request processed successfully
[2025-11-05T23:20:41.925740] [INFO] User logged in
[2025-11-05T23:20:41.925749] [INFO] Service initialized
[2025-11-05T23:20:41.925662] [INFO] Request processed successfully
[2025-11-05T23:20:41.925768] [ERROR] Request failed
[2025-11-05T23:20:41.925724] [INFO] Cache hit
[2025-11-05T23:20:41.925695] [INFO] Request processed successfully
[2025-11-05T23:20:41.925736] [INFO] Database query executed
[2025-11-05T23:20:41.925779] [DEBUG] Cache key generated
[2025-11-05T23:20:41.925706] [INFO] Health check passed
[2025-11-05T23:20:41.925784] [DEBUG] Buffer size: 4096 bytes
[2025-11-05T23:20:41.925744] [INFO] User logged in
[2025-11-05T23:20:41.925774] [DEBUG] Loop iteration: 15
[2025-11-05T23:20:41.925798] [DEBUG] Buffer size: 4096 bytes
[2025-11-05T23:20:41.925802] [DEBUG] Connection pool status checked
