[2025-11-05T23:20:36.741751] [DEBUG] Loop iteration: 15
[2025-11-05T23:20:36.741684] [INFO] Transaction completed
[2025-11-05T23:20:36.741728] [WARN] Queue size growing
[2025-11-05T23:20:36.741747] [DEBUG] Connection pool status checked
[2025-11-05T23:20:36.741681] [INFO] Request processed successfully
[2025-11-05T23:20:36.741741] [ERROR] Network timeout
[2025-11-05T23:20:36.741773] [DEBUG] Loop iteration: 15
[2025-11-05T23:20:36.741658] [INFO] Configuration loaded
[2025-11-05T23:20:36.741677] [INFO] Service initialized
[2025-11-05T23:20:36.741714] [INFO] Transaction completed
[2025-11-05T23:20:36.741695] [INFO] Health check passed
[2025-11-05T23:20:36.741705] [INFO] Session started
[2025-11-05T23:20:36.741724] [WARN] Queue size growing
[2025-11-05T23:20:36.741755] [DEBUG] Thread pool size: 8
[2025-11-05T23:20:36.741767] [DEBUG] Loop iteration: 15
[2025-11-05T23:20:36.741670] [INFO] Connection established
[2025-11-05T23:20:36.741664] [INFO] Connection established
[2025-11-05T23:20:36.741701] [INFO] Service initialized
[2025-11-05T23:20:36.741764] [DEBUG] Timer set: 30 seconds
[2025-11-05T23:20:36.741776] [DEBUG] Thread pool size: 8
[2025-11-05T23:20:36.741737] [ERROR] Service unavailable
[2025-11-05T23:20:36.741698] [INFO] Health check passed
[2025-11-05T23:20:36.741634] [INFO] Database query executed
[2025-11-05T23:20:36.741673] [INFO] Request processed successfully
[2025-11-05T23:20:36.741688] [INFO] Request processed successfully
[2025-11-05T23:20:36.741760] [DEBUG] Cache key generated
[2025-11-05T23:20:36.741691] [INFO] Database query executed
[2025-11-05T23:20:36.741731] [WARN] Resource threshold approaching
[2025-11-05T23:20:36.741709] [INFO] Connection established
[2025-11-05T23:20:36.741719] [WARN] Deprecated API usage
[2025-11-05T23:20:36.741770] [DEBUG] Memory allocation: 2048 bytes
