[2025-11-05T23:20:23.179567] [INFO] Request processed successfully
[2025-11-05T23:20:23.179575] [INFO] Request processed successfully
[2025-11-05T23:20:23.179626] [DEBUG] Buffer size: 4096 bytes
[2025-11-05T23:20:23.179524] [INFO] Health check passed
[2025-11-05T23:20:23.179630] [DEBUG] Memory allocation: 2048 bytes
[2025-11-05T23:20:23.179571] [INFO] Service initialized
[2025-11-05T23:20:23.179595] [WARN] High memory usage detected
[2025-11-05T23:20:23.179548] [INFO] Request processed successfully
[2025-11-05T23:20:23.179558] [INFO] User logged in
[2025-11-05T23:20:23.179617] [DEBUG] Entering function process_data()
[2025-11-05T23:20:23.179544] [INFO] Request processed successfully
[2025-11-05T23:20:23.179492] [INFO] Session started
[2025-11-05T23:20:23.179644] [DEBUG] Cache key generated
[2025-11-05T23:20:23.179529] [INFO] User logged in
[2025-11-05T23:20:23.179580] [INFO] Configuration loaded
[2025-11-05T23:20:23.179553] [INFO] Service initialized
[2025-11-05T23:20:23.179601] [ERROR] Database connection lost
[2025-11-05T23:20:23.179635] [DEBUG] HTTP request headers parsed
[2025-11-05T23:20:23.179649] [DEBUG] Entering function process_data()
[2025-11-05T23:20:23.179589] [WARN] Resource threshold approaching
[2025-11-05T23:20:23.179622] [DEBUG] Buffer size: 4096 bytes
[2025-11-05T23:20:23.179562] [INFO] Database query executed
[2025-11-05T23:20:23.179612] [DEBUG] Loop iteration: 15
[2025-11-05T23:20:23.179584] [INFO] Configuration loaded
[2025-11-05T23:20:23.179640] [DEBUG] Thread pool size: 8
[2025-11-05T23:20:23.179534] [INFO] User logged in
[2025-11-05T23:20:23.179539] [INFO] Configuration loaded
[2025-11-05T23:20:23.179606] [ERROR] Permission denied
[2025-11-05T23:20:23.179518] [INFO] Connection established
