[2025-11-05T23:20:12.778608] [INFO] Database query executed
[2025-11-05T23:20:12.778573] [INFO] User logged in
[2025-11-05T23:20:12.778529] [INFO] Connection established
[2025-11-05T23:20:12.778697] [DEBUG] HTTP request headers parsed
[2025-11-05T23:20:12.778595] [INFO] Service initialized
[2025-11-05T23:20:12.778702] [DEBUG] Entering function process_data()
[2025-11-05T23:20:12.778568] [INFO] Session started
[2025-11-05T23:20:12.778661] [DEBUG] Buffer size: 4096 bytes
[2025-11-05T23:20:12.778556] [INFO] Service initialized
[2025-11-05T23:20:12.778707] [DEBUG] Variable value: x=42
[2025-11-05T23:20:12.778562] [INFO] Database query executed
[2025-11-05T23:20:12.778693] [DEBUG] Variable value: x=42
[2025-11-05T23:20:12.778621] [INFO] Request processed successfully
[2025-11-05T23:20:12.778641] [WARN] Cache miss
[2025-11-05T23:20:12.778590] [INFO] Database query executed
[2025-11-05T23:20:12.778676] [DEBUG] Loop iteration: 15
[2025-11-05T23:20:12.778666] [DEBUG] Timer set: 30 seconds
[2025-11-05T23:20:12.778633] [WARN] Queue size growing
[2025-11-05T23:20:12.778656] [DEBUG] Timer set: 30 seconds
[2025-11-05T23:20:12.778617] [INFO] Database query executed
[2025-11-05T23:20:12.778650] [ERROR] Service unavailable
[2025-11-05T23:20:12.778645] [WARN] Cache miss
[2025-11-05T23:20:12.778627] [WARN] Connection retry attempt
[2025-11-05T23:20:12.778582] [INFO] Service initialized
[2025-11-05T23:20:12.778671] [DEBUG] Timer set: 30 seconds
[2025-11-05T23:20:12.778688] [DEBUG] Buffer size: 4096 bytes
[2025-11-05T23:20:12.778599] [INFO] Health check passed
[2025-11-05T23:20:12.778612] [INFO] Transaction completed
[2025-11-05T23:20:12.778578] [INFO] Session started
[2025-11-05T23:20:12.778711] [DEBUG] Buffer size: 4096 bytes
[2025-11-05T23:20:12.778604] [INFO] Transaction completed
[2025-11-05T23:20:12.778685] [DEBUG] Loop iteration: 15
[2025-11-05T23:20:12.778586] [INFO] Connection established
[2025-11-05T23:20:12.778680] [DEBUG] Cache key generated
[2025-11-05T23:20:12.778637] [WARN] Timeout warning
