[2025-11-05T23:20:43.916858] [INFO] Transaction completed
[2025-11-05T23:20:43.916901] [WARN] Timeout warning
[2025-11-05T23:20:43.916891] [WARN] Cache miss
[2025-11-05T23:20:43.916853] [INFO] Service initialized
[2025-11-05T23:20:43.916929] [DEBUG] Loop iteration: 15
[2025-11-05T23:20:43.916955] [DEBUG] Connection pool status checked
[2025-11-05T23:20:43.916915] [ERROR] Request failed
[2025-11-05T23:20:43.916834] [INFO] Request processed successfully
[2025-11-05T23:20:43.916799] [INFO] Cache hit
[2025-11-05T23:20:43.916942] [DEBUG] Timer set: 30 seconds
[2025-11-05T23:20:43.916843] [INFO] Connection established
[2025-11-05T23:20:43.916829] [INFO] Request processed successfully
[2025-11-05T23:20:43.916947] [DEBUG] HTTP request headers parsed
[2025-11-05T23:20:43.916838] [INFO] Session started
[2025-11-05T23:20:43.916886] [INFO] Service initialized
[2025-11-05T23:20:43.916933] [DEBUG] Thread pool size: 8
[2025-11-05T23:20:43.916925] [DEBUG] HTTP request headers parsed
[2025-11-05T23:20:43.916911] [ERROR] Invalid input data
[2025-11-05T23:20:43.916849] [INFO] User logged in
[2025-11-05T23:20:43.916920] [DEBUG] Buffer size: 4096 bytes
[2025-11-05T23:20:43.916950] [DEBUG] Variable value: x=42
[2025-11-05T23:20:43.916867] [INFO] Session started
[2025-11-05T23:20:43.916905] [WARN] High memory usage detected
[2025-11-05T23:20:43.916938] [DEBUG] Connection pool status checked
[2025-11-05T23:20:43.916862] [INFO] Health check passed
[2025-11-05T23:20:43.916896] [WARN] Timeout warning
[2025-11-05T23:20:43.916871] [INFO] Connection established
[2025-11-05T23:20:43.916877] [INFO] Session started
[2025-11-05T23:20:43.916881] [INFO] Database query executed
[2025-11-05T23:20:43.916824] [INFO] Request processed successfully
