[2025-11-05T23:20:23.171804] [INFO] Service initialized
[2025-11-05T23:20:23.171791] [INFO] Request processed successfully
[2025-11-05T23:20:23.171876] [DEBUG] Entering function process_data()
[2025-11-05T23:20:23.171866] [DEBUG] Cache key generated
[2025-11-05T23:20:23.172684] [DEBUG] Buffer size: 4096 bytes
[2025-11-05T23:20:23.171838] [WARN] Deprecated API usage
[2025-11-05T23:20:23.171786] [INFO] Configuration loaded
[2025-11-05T23:20:23.171821] [INFO] User logged in
[2025-11-05T23:20:23.171856] [ERROR] Authentication failed
[2025-11-05T23:20:23.171796] [INFO] Configuration loaded
[2025-11-05T23:20:23.172665] [DEBUG] Memory allocation: 2048 bytes
[2025-11-05T23:20:23.171813] [INFO] Transaction completed
[2025-11-05T23:20:23.171781] [INFO] Health check passed
[2025-11-05T23:20:23.171769] [INFO] Request processed successfully
[2025-11-05T23:20:23.171828] [INFO] Cache hit
[2025-11-05T23:20:23.172680] [DEBUG] Memory allocation: 2048 bytes
[2025-11-05T23:20:23.171817] [INFO] Health check passed
[2025-11-05T23:20:23.171800] [INFO] Configuration loaded
[2025-11-05T23:20:23.171872] [DEBUG] Timer set: 30 seconds
[2025-11-05T23:20:23.171851] [WARN] Connection retry attempt
[2025-11-05T23:20:23.171882] [DEBUG] Thread pool size: 8
[2025-11-05T23:20:23.171861] [ERROR] Database connection lost
[2025-11-05T23:20:23.171847] [WARN] Rate limit approaching
[2025-11-05T23:20:23.171887] [DEBUG] Loop iteration: 15
[2025-11-05T23:20:23.172689] [DEBUG] Thread pool size: 8
[2025-11-05T23:20:23.171743] [INFO] Session started
[2025-11-05T23:20:23.171809] [INFO] Request processed successfully
[2025-11-05T23:20:23.171825] [INFO] User logged in
[2025-11-05T23:20:23.171843] [WARN] Slow query performance
[2025-11-05T23:20:23.171776] [INFO] Database query executed
[2025-11-05T23:20:23.171834] [WARN] High memory usage detected
