[2025-11-05T23:20:22.676167] [INFO] Database query executed
[2025-11-05T23:20:22.676120] [INFO] User logged in
[2025-11-05T23:20:22.676222] [DEBUG] Memory allocation: 2048 bytes
[2025-11-05T23:20:22.676141] [INFO] User logged in
[2025-11-05T23:20:22.676194] [ERROR] File not found
[2025-11-05T23:20:22.676233] [DEBUG] Cache key generated
[2025-11-05T23:20:22.676213] [DEBUG] Loop iteration: 15
[2025-11-05T23:20:22.676209] [DEBUG] Buffer size: 4096 bytes
[2025-11-05T23:20:22.676126] [INFO] Health check passed
[2025-11-05T23:20:22.676146] [INFO] Database query executed
[2025-11-05T23:20:22.676227] [DEBUG] Timer set: 30 seconds
[2025-11-05T23:20:22.676163] [INFO] Connection established
[2025-11-05T23:20:22.676150] [INFO] Session started
[2025-11-05T23:20:22.676182] [WARN] Resource threshold approaching
[2025-11-05T23:20:22.676218] [DEBUG] Cache key generated
[2025-11-05T23:20:22.676136] [INFO] Cache hit
[2025-11-05T23:20:22.676155] [INFO] Request processed successfully
[2025-11-05T23:20:22.676085] [INFO] Request processed successfully
[2025-11-05T23:20:22.676199] [DEBUG] Memory allocation: 2048 bytes
[2025-11-05T23:20:22.676173] [WARN] Slow query performance
[2025-11-05T23:20:22.676113] [INFO] Health check passed
[2025-11-05T23:20:22.676159] [INFO] Service initialized
[2025-11-05T23:20:22.676178] [WARN] Timeout warning
[2025-11-05T23:20:22.676204] [DEBUG] Connection pool status checked
[2025-11-05T23:20:22.676188] [ERROR] Authentication failed
[2025-11-05T23:20:22.676131] [INFO] Database query executed
