[2025-11-05T23:20:43.929204] [WARN] Timeout warning
[2025-11-05T23:20:43.929229] [DEBUG] Variable value: x=42
[2025-11-05T23:20:43.929247] [DEBUG] Variable value: x=42
[2025-11-05T23:20:43.929126] [INFO] Request processed successfully
[2025-11-05T23:20:43.929224] [DEBUG] Cache key generated
[2025-11-05T23:20:43.929171] [INFO] Service initialized
[2025-11-05T23:20:43.929132] [INFO] Service initialized
[2025-11-05T23:20:43.929219] [ERROR] Service unavailable
[2025-11-05T23:20:43.929251] [DEBUG] Loop iteration: 15
[2025-11-05T23:20:43.929184] [INFO] Service initialized
[2025-11-05T23:20:43.929214] [ERROR] Permission denied
[2025-11-05T23:20:43.929150] [INFO] Service initialized
[2025-11-05T23:20:43.929208] [WARN] High memory usage detected
[2025-11-05T23:20:43.929256] [DEBUG] Buffer size: 4096 bytes
[2025-11-05T23:20:43.929137] [INFO] Health check passed
[2025-11-05T23:20:43.929200] [WARN] Deprecated API usage
[2025-11-05T23:20:43.929154] [INFO] Cache hit
[2025-11-05T23:20:43.929233] [DEBUG] Buffer size: 4096 bytes
[2025-11-05T23:20:43.929238] [DEBUG] Cache key generated
[2025-11-05T23:20:43.929175] [INFO] Cache hit
[2025-11-05T23:20:43.929146] [INFO] Transaction completed
[2025-11-05T23:20:43.929158] [INFO] Transaction completed
[2025-11-05T23:20:43.929142] [INFO] Health check passed
[2025-11-05T23:20:43.929195] [WARN] Connection retry attempt
[2025-11-05T23:20:43.929179] [INFO] Configuration loaded
[2025-11-05T23:20:43.929099] [INFO] Connection established
[2025-11-05T23:20:43.929260] [DEBUG] Cache key generated
[2025-11-05T23:20:43.929167] [INFO] Request processed successfully
[2025-11-05T23:20:43.929242] [DEBUG] HTTP request headers parsed
[2025-11-05T23:20:43.929163] [INFO] Cache hit
[2025-11-05T23:20:43.929190] [WARN] Disk space low
