[2025-11-05T23:20:39.598737] [WARN] Cache miss
[2025-11-05T23:20:39.598642] [INFO] Cache hit
[2025-11-05T23:20:39.598776] [DEBUG] Memory allocation: 2048 bytes
[2025-11-05T23:20:39.598784] [DEBUG] Timer set: 30 seconds
[2025-11-05T23:20:39.598771] [DEBUG] Memory allocation: 2048 bytes
[2025-11-05T23:20:39.598676] [INFO] Request processed successfully
[2025-11-05T23:20:39.598687] [INFO] Configuration loaded
[2025-11-05T23:20:39.598742] [WARN] Slow query performance
[2025-11-05T23:20:39.598727] [INFO] Database query executed
[2025-11-05T23:20:39.598701] [INFO] Cache hit
[2025-11-05T23:20:39.598792] [DEBUG] Thread pool size: 8
[2025-11-05T23:20:39.598753] [ERROR] Authentication failed
[2025-11-05T23:20:39.598711] [INFO] Session started
[2025-11-05T23:20:39.598723] [INFO] User logged in
[2025-11-05T23:20:39.598715] [INFO] Transaction completed
[2025-11-05T23:20:39.598670] [INFO] Health check passed
[2025-11-05T23:20:39.595104] [INFO] Transaction completed
[2025-11-05T23:20:39.598767] [DEBUG] Cache key generated
[2025-11-05T23:20:39.598692] [INFO] Session started
[2025-11-05T23:20:39.598681] [INFO] Service initialized
[2025-11-05T23:20:39.598748] [ERROR] Disk read failed
[2025-11-05T23:20:39.598758] [DEBUG] Thread pool size: 8
[2025-11-05T23:20:39.598763] [DEBUG] Variable value: x=42
[2025-11-05T23:20:39.598696] [INFO] Service initialized
[2025-11-05T23:20:39.598788] [DEBUG] Buffer size: 4096 bytes
[2025-11-05T23:20:39.598706] [INFO] Connection established
[2025-11-05T23:20:39.598719] [INFO] Configuration loaded
[2025-11-05T23:20:39.598780] [DEBUG] Variable value: x=42
