[2025-11-05T23:20:45.430914] [INFO] Request processed successfully
[2025-11-05T23:20:45.430910] [INFO] Transaction completed
[2025-11-05T23:20:45.430973] [DEBUG] Entering function process_data()
[2025-11-05T23:20:45.430992] [DEBUG] HTTP request headers parsed
[2025-11-05T23:20:45.430943] [WARN] Resource threshold approaching
[2025-11-05T23:20:45.430905] [INFO] User logged in
[2025-11-05T23:20:45.430879] [INFO] Database query executed
[2025-11-05T23:20:45.431004] [DEBUG] Timer set: 30 seconds
[2025-11-05T23:20:45.430922] [INFO] Service initialized
[2025-11-05T23:20:45.430987] [DEBUG] Thread pool size: 8
[2025-11-05T23:20:45.430897] [INFO] Session started
[2025-11-05T23:20:45.430888] [INFO] Database query executed
[2025-11-05T23:20:45.430996] [DEBUG] Cache key generated
[2025-11-05T23:20:45.430918] [INFO] Database query executed
[2025-11-05T23:20:45.430968] [DEBUG] HTTP request headers parsed
[2025-11-05T23:20:45.430842] [INFO] Health check passed
[2025-11-05T23:20:45.430901] [INFO] Transaction completed
[2025-11-05T23:20:45.431000] [DEBUG] Buffer size: 4096 bytes
[2025-11-05T23:20:45.430874] [INFO] User logged in
[2025-11-05T23:20:45.430892] [INFO] Configuration loaded
[2025-11-05T23:20:45.430930] [INFO] User logged in
[2025-11-05T23:20:45.430937] [WARN] Timeout warning
[2025-11-05T23:20:45.430948] [WARN] Rate limit approaching
[2025-11-05T23:20:45.430962] [ERROR] Invalid input data
[2025-11-05T23:20:45.430983] [DEBUG] Buffer size: 4096 bytes
[2025-11-05T23:20:45.430957] [ERROR] Disk read failed
[2025-11-05T23:20:45.430952] [WARN] High memory usage detected
[2025-11-05T23:20:45.430884] [INFO] Cache hit
[2025-11-05T23:20:45.430926] [INFO] Database query executed
[2025-11-05T23:20:45.430868] [INFO] Session started
[2025-11-05T23:20:45.430978] [DEBUG] Timer set: 30 seconds
