[2025-11-05T23:20:39.560154] [WARN] Rate limit approaching
[2025-11-05T23:20:39.560124] [INFO] Request processed successfully
[2025-11-05T23:20:39.560165] [WARN] Timeout warning
[2025-11-05T23:20:39.560186] [DEBUG] Cache key generated
[2025-11-05T23:20:39.560219] [DEBUG] Cache key generated
[2025-11-05T23:20:39.560190] [DEBUG] Thread pool size: 8
[2025-11-05T23:20:39.560114] [INFO] Cache hit
[2025-11-05T23:20:39.560195] [DEBUG] Thread pool size: 8
[2025-11-05T23:20:39.560057] [INFO] Request processed successfully
[2025-11-05T23:20:39.560209] [DEBUG] Connection pool status checked
[2025-11-05T23:20:39.560169] [WARN] Cache miss
[2025-11-05T23:20:39.560175] [ERROR] Memory allocation error
[2025-11-05T23:20:39.560109] [INFO] Health check passed
[2025-11-05T23:20:39.560136] [INFO] Health check passed
[2025-11-05T23:20:39.560100] [INFO] Service initialized
[2025-11-05T23:20:39.560148] [INFO] Configuration loaded
[2025-11-05T23:20:39.560204] [DEBUG] Buffer size: 4096 bytes
[2025-11-05T23:20:39.560160] [WARN] Slow query performance
[2025-11-05T23:20:39.560119] [INFO] Session started
[2025-11-05T23:20:39.560128] [INFO] Connection established
[2025-11-05T23:20:39.560144] [INFO] User logged in
[2025-11-05T23:20:39.560105] [INFO] Configuration loaded
[2025-11-05T23:20:39.560095] [INFO] Cache hit
[2025-11-05T23:20:39.560140] [INFO] Configuration loaded
[2025-11-05T23:20:39.560200] [DEBUG] Entering function process_data()
[2025-11-05T23:20:39.560181] [DEBUG] Loop iteration: 15
[2025-11-05T23:20:39.560214] [DEBUG] Entering function process_data()
[2025-11-05T23:20:39.560083] [INFO] Configuration loaded
[2025-11-05T23:20:39.560090] [INFO] Service initialized
[2025-11-05T23:20:39.560132] [INFO] Session started
