[2025-11-05T23:20:19.665599] [INFO] Connection established
[2025-11-05T23:20:19.665589] [INFO] Cache hit
[2025-11-05T23:20:19.665552] [INFO] Cache hit
[2025-11-05T23:20:19.665608] [INFO] User logged in
[2025-11-05T23:20:19.665686] [DEBUG] Buffer size: 4096 bytes
[2025-11-05T23:20:19.665654] [ERROR] File not found
[2025-11-05T23:20:19.665629] [INFO] Cache hit
[2025-11-05T23:20:19.665584] [INFO] Session started
[2025-11-05T23:20:19.665704] [DEBUG] Thread pool size: 8
[2025-11-05T23:20:19.665641] [INFO] Cache hit
[2025-11-05T23:20:19.665625] [INFO] User logged in
[2025-11-05T23:20:19.665668] [DEBUG] Loop iteration: 15
[2025-11-05T23:20:19.665637] [INFO] Request processed successfully
[2025-11-05T23:20:19.665579] [INFO] Health check passed
[2025-11-05T23:20:19.665673] [DEBUG] Entering function process_data()
[2025-11-05T23:20:19.665633] [INFO] User logged in
[2025-11-05T23:20:19.665663] [DEBUG] Connection pool status checked
[2025-11-05T23:20:19.665700] [DEBUG] Timer set: 30 seconds
[2025-11-05T23:20:19.665617] [INFO] Service initialized
[2025-11-05T23:20:19.665621] [INFO] User logged in
[2025-11-05T23:20:19.665658] [ERROR] Database connection lost
[2025-11-05T23:20:19.665612] [INFO] Connection established
[2025-11-05T23:20:19.665603] [INFO] Service initialized
[2025-11-05T23:20:19.665690] [DEBUG] Connection pool status checked
[2025-11-05T23:20:19.665593] [INFO] Request processed successfully
[2025-11-05T23:20:19.665695] [DEBUG] HTTP request headers parsed
[2025-11-05T23:20:19.665677] [DEBUG] Buffer size: 4096 bytes
[2025-11-05T23:20:19.665681] [DEBUG] HTTP request headers parsed
[2025-11-05T23:20:19.665647] [WARN] Rate limit approaching
