[2025-11-05T23:20:19.035529] [DEBUG] Variable value: x=42
[2025-11-05T23:20:19.035464] [INFO] Session started
[2025-11-05T23:20:19.035429] [INFO] Session started
[2025-11-05T23:20:19.035460] [INFO] Database query executed
[2025-11-05T23:20:19.035404] [INFO] Request processed successfully
[2025-11-05T23:20:19.035409] [INFO] Session started
[2025-11-05T23:20:19.035495] [ERROR] File not found
[2025-11-05T23:20:19.035425] [INFO] Service initialized
[2025-11-05T23:20:19.035434] [INFO] Health check passed
[2025-11-05T23:20:19.035456] [INFO] User logged in
[2025-11-05T23:20:19.035469] [INFO] Cache hit
[2025-11-05T23:20:19.035485] [WARN] Deprecated API usage
[2025-11-05T23:20:19.035538] [DEBUG] Entering function process_data()
[2025-11-05T23:20:19.035377] [INFO] Request processed successfully
[2025-11-05T23:20:19.035479] [WARN] Rate limit approaching
[2025-11-05T23:20:19.035502] [ERROR] Service unavailable
[2025-11-05T23:20:19.035519] [DEBUG] Buffer size: 4096 bytes
[2025-11-05T23:20:19.035555] [DEBUG] Buffer size: 4096 bytes
[2025-11-05T23:20:19.035414] [INFO] Database query executed
[2025-11-05T23:20:19.035551] [DEBUG] Thread pool size: 8
[2025-11-05T23:20:19.035420] [INFO] Connection established
[2025-11-05T23:20:19.035447] [INFO] Configuration loaded
[2025-11-05T23:20:19.035473] [INFO] Request processed successfully
[2025-11-05T23:20:19.035508] [DEBUG] Cache key generated
[2025-11-05T23:20:19.035443] [INFO] Configuration loaded
[2025-11-05T23:20:19.035547] [DEBUG] HTTP request headers parsed
[2025-11-05T23:20:19.035489] [WARN] High memory usage detected
[2025-11-05T23:20:19.035452] [INFO] Session started
[2025-11-05T23:20:19.035524] [DEBUG] Thread pool size: 8
[2025-11-05T23:20:19.035438] [INFO] Connection established
[2025-11-05T23:20:19.035514] [DEBUG] Variable value: x=42
[2025-11-05T23:20:19.035534] [DEBUG] Cache key generated
[2025-11-05T23:20:19.035542] [DEBUG] Connection pool status checked
