[2025-11-05T23:20:31.371431] [DEBUG] HTTP request headers parsed
[2025-11-05T23:20:31.371351] [INFO] Configuration loaded
[2025-11-05T23:20:31.371391] [INFO] Cache hit
[2025-11-05T23:20:31.371379] [INFO] Cache hit
[2025-11-05T23:20:31.371445] [DEBUG] Variable value: x=42
[2025-11-05T23:20:31.371426] [DEBUG] Timer set: 30 seconds
[2025-11-05T23:20:31.371416] [ERROR] File not found
[2025-11-05T23:20:31.371436] [DEBUG] Memory allocation: 2048 bytes
[2025-11-05T23:20:31.371347] [INFO] Request processed successfully
[2025-11-05T23:20:31.371371] [INFO] Service initialized
[2025-11-05T23:20:31.371327] [INFO] Connection established
[2025-11-05T23:20:31.371365] [INFO] Configuration loaded
[2025-11-05T23:20:31.371449] [DEBUG] Thread pool size: 8
[2025-11-05T23:20:31.371356] [INFO] Configuration loaded
[2025-11-05T23:20:31.371338] [INFO] Service initialized
[2025-11-05T23:20:31.371421] [ERROR] Service unavailable
[2025-11-05T23:20:31.371402] [WARN] High memory usage detected
[2025-11-05T23:20:31.371407] [WARN] Timeout warning
[2025-11-05T23:20:31.371301] [INFO] Database query executed
[2025-11-05T23:20:31.371383] [INFO] Configuration loaded
[2025-11-05T23:20:31.371360] [INFO] Cache hit
[2025-11-05T23:20:31.371333] [INFO] User logged in
[2025-11-05T23:20:31.371387] [INFO] Configuration loaded
[2025-11-05T23:20:31.371461] [DEBUG] HTTP request headers parsed
[2025-11-05T23:20:31.371397] [WARN] Queue size growing
[2025-11-05T23:20:31.371342] [INFO] Connection established
[2025-11-05T23:20:31.371458] [DEBUG] Timer set: 30 seconds
[2025-11-05T23:20:31.371375] [INFO] Service initialized
[2025-11-05T23:20:31.371411] [WARN] Connection retry attempt
[2025-11-05T23:20:31.371453] [DEBUG] Cache key generated
[2025-11-05T23:20:31.371441] [DEBUG] Connection pool status checked
