[2025-11-05T23:20:22.918826] [DEBUG] Loop iteration: 15
[2025-11-05T23:20:22.918820] [DEBUG] Connection pool status checked
[2025-11-05T23:20:22.918732] [INFO] Configuration loaded
[2025-11-05T23:20:22.918701] [INFO] Health check passed
[2025-11-05T23:20:22.918748] [INFO] User logged in
[2025-11-05T23:20:22.918769] [DEBUG] Thread pool size: 8
[2025-11-05T23:20:22.918729] [INFO] Health check passed
[2025-11-05T23:20:22.918759] [ERROR] Service unavailable
[2025-11-05T23:20:22.918669] [INFO] Service initialized
[2025-11-05T23:20:22.918718] [INFO] Configuration loaded
[2025-11-05T23:20:22.918710] [INFO] Connection established
[2025-11-05T23:20:22.918736] [INFO] Configuration loaded
[2025-11-05T23:20:22.918744] [INFO] Database query executed
[2025-11-05T23:20:22.918705] [INFO] Session started
[2025-11-05T23:20:22.918831] [DEBUG] Entering function process_data()
[2025-11-05T23:20:22.918773] [DEBUG] Connection pool status checked
[2025-11-05T23:20:22.918714] [INFO] Configuration loaded
[2025-11-05T23:20:22.918721] [INFO] Service initialized
[2025-11-05T23:20:22.918778] [DEBUG] Cache key generated
[2025-11-05T23:20:22.918764] [ERROR] Disk read failed
[2025-11-05T23:20:22.918725] [INFO] Transaction completed
[2025-11-05T23:20:22.918753] [WARN] Connection retry attempt
[2025-11-05T23:20:22.918740] [INFO] Session started
[2025-11-05T23:20:22.918695] [INFO] Transaction completed
