[2025-11-05T23:20:19.906894] [INFO] User logged in
[2025-11-05T23:20:19.906899] [INFO] Request processed successfully
[2025-11-05T23:20:19.906881] [INFO] Database query executed
[2025-11-05T23:20:19.906865] [INFO] Connection established
[2025-11-05T23:20:19.906991] [DEBUG] Timer set: 30 seconds
[2025-11-05T23:20:19.906969] [DEBUG] Buffer size: 4096 bytes
[2025-11-05T23:20:19.906947] [WARN] Resource threshold approaching
[2025-11-05T23:20:19.906938] [WARN] Cache miss
[2025-11-05T23:20:19.906953] [ERROR] Database connection lost
[2025-11-05T23:20:19.906832] [INFO] Database query executed
[2025-11-05T23:20:19.906871] [INFO] User logged in
[2025-11-05T23:20:19.906964] [DEBUG] Buffer size: 4096 bytes
[2025-11-05T23:20:19.906973] [DEBUG] Memory allocation: 2048 bytes
[2025-11-05T23:20:19.906904] [INFO] Transaction completed
[2025-11-05T23:20:19.906885] [INFO] Database query executed
[2025-11-05T23:20:19.906942] [WARN] Timeout warning
[2025-11-05T23:20:19.906908] [INFO] Session started
[2025-11-05T23:20:19.906876] [INFO] Connection established
[2025-11-05T23:20:19.906982] [DEBUG] HTTP request headers parsed
[2025-11-05T23:20:19.906996] [DEBUG] Thread pool size: 8
[2025-11-05T23:20:19.906978] [DEBUG] Variable value: x=42
[2025-11-05T23:20:19.906922] [INFO] Configuration loaded
[2025-11-05T23:20:19.906917] [INFO] Configuration loaded
[2025-11-05T23:20:19.906987] [DEBUG] Loop iteration: 15
[2025-11-05T23:20:19.906912] [INFO] Health check passed
[2025-11-05T23:20:19.906890] [INFO] Database query executed
[2025-11-05T23:20:19.906959] [DEBUG] HTTP request headers parsed
[2025-11-05T23:20:19.906933] [WARN] Deprecated API usage
[2025-11-05T23:20:19.906927] [WARN] Connection retry attempt
[2025-11-05T23:20:19.906859] [INFO] Transaction completed
