[2025-11-05T23:20:29.064497] [INFO] Connection established
[2025-11-05T23:20:29.064468] [INFO] User logged in
[2025-11-05T23:20:29.064489] [INFO] User logged in
[2025-11-05T23:20:29.064505] [INFO] Request processed successfully
[2025-11-05T23:20:29.064501] [INFO] Session started
[2025-11-05T23:20:29.064459] [INFO] Connection established
[2025-11-05T23:20:29.064551] [DEBUG] Thread pool size: 8
[2025-11-05T23:20:29.064428] [INFO] Session started
[2025-11-05T23:20:29.064454] [INFO] Session started
[2025-11-05T23:20:29.064508] [INFO] Cache hit
[2025-11-05T23:20:29.064560] [DEBUG] Entering function process_data()
[2025-11-05T23:20:29.064481] [INFO] Request processed successfully
[2025-11-05T23:20:29.064514] [WARN] Disk space low
[2025-11-05T23:20:29.064518] [WARN] Deprecated API usage
[2025-11-05T23:20:29.064547] [DEBUG] HTTP request headers parsed
[2025-11-05T23:20:29.064473] [INFO] Cache hit
[2025-11-05T23:20:29.064485] [INFO] Database query executed
[2025-11-05T23:20:29.064533] [ERROR] Memory allocation error
[2025-11-05T23:20:29.064493] [INFO] User logged in
[2025-11-05T23:20:29.064525] [ERROR] Memory allocation error
[2025-11-05T23:20:29.064538] [DEBUG] Loop iteration: 15
[2025-11-05T23:20:29.064543] [DEBUG] Cache key generated
[2025-11-05T23:20:29.064529] [ERROR] Service unavailable
[2025-11-05T23:20:29.064477] [INFO] User logged in
[2025-11-05T23:20:29.064555] [DEBUG] Thread pool size: 8
[2025-11-05T23:20:29.064463] [INFO] Request processed successfully
