[2025-11-05T23:20:20.051117] [WARN] Rate limit approaching
[2025-11-05T23:20:20.051062] [INFO] User logged in
[2025-11-05T23:20:20.051112] [INFO] Service initialized
[2025-11-05T23:20:20.051072] [INFO] Service initialized
[2025-11-05T23:20:20.051134] [WARN] Cache miss
[2025-11-05T23:20:20.051138] [WARN] Queue size growing
[2025-11-05T23:20:20.051169] [DEBUG] Memory allocation: 2048 bytes
[2025-11-05T23:20:20.051186] [DEBUG] Entering function process_data()
[2025-11-05T23:20:20.051067] [INFO] Transaction completed
[2025-11-05T23:20:20.051142] [WARN] High memory usage detected
[2025-11-05T23:20:20.051178] [DEBUG] Memory allocation: 2048 bytes
[2025-11-05T23:20:20.051158] [DEBUG] Connection pool status checked
[2025-11-05T23:20:20.051146] [WARN] Slow query performance
[2025-11-05T23:20:20.051129] [WARN] Cache miss
[2025-11-05T23:20:20.051108] [INFO] Transaction completed
[2025-11-05T23:20:20.051182] [DEBUG] Memory allocation: 2048 bytes
[2025-11-05T23:20:20.051055] [INFO] Database query executed
[2025-11-05T23:20:20.051094] [INFO] Health check passed
[2025-11-05T23:20:20.051028] [INFO] Configuration loaded
[2025-11-05T23:20:20.051195] [DEBUG] Timer set: 30 seconds
[2025-11-05T23:20:20.051123] [WARN] Connection retry attempt
[2025-11-05T23:20:20.051089] [INFO] Health check passed
[2025-11-05T23:20:20.051103] [INFO] Session started
[2025-11-05T23:20:20.051081] [INFO] Connection established
[2025-11-05T23:20:20.051152] [ERROR] File not found
[2025-11-05T23:20:20.051164] [DEBUG] Memory allocation: 2048 bytes
[2025-11-05T23:20:20.051099] [INFO] Configuration loaded
[2025-11-05T23:20:20.051173] [DEBUG] Thread pool size: 8
[2025-11-05T23:20:20.051077] [INFO] Request processed successfully
[2025-11-05T23:20:20.051085] [INFO] Configuration loaded
[2025-11-05T23:20:20.051191] [DEBUG] Variable value: x=42
