[2025-11-05T23:20:18.225750] [INFO] Database query executed
[2025-11-05T23:20:18.225809] [ERROR] Service unavailable
[2025-11-05T23:20:18.225767] [INFO] Session started
[2025-11-05T23:20:18.225783] [INFO] Cache hit
[2025-11-05T23:20:18.225798] [WARN] Connection retry attempt
[2025-11-05T23:20:18.225763] [INFO] Session started
[2025-11-05T23:20:18.225758] [INFO] Request processed successfully
[2025-11-05T23:20:18.225827] [DEBUG] Variable value: x=42
[2025-11-05T23:20:18.225804] [ERROR] Database connection lost
[2025-11-05T23:20:18.225736] [INFO] User logged in
[2025-11-05T23:20:18.225840] [DEBUG] Variable value: x=42
[2025-11-05T23:20:18.225822] [DEBUG] Timer set: 30 seconds
[2025-11-05T23:20:18.225814] [DEBUG] Thread pool size: 8
[2025-11-05T23:20:18.225818] [DEBUG] Loop iteration: 15
[2025-11-05T23:20:18.225836] [DEBUG] Buffer size: 4096 bytes
[2025-11-05T23:20:18.225700] [INFO] Session started
[2025-11-05T23:20:18.225832] [DEBUG] Variable value: x=42
[2025-11-05T23:20:18.225725] [INFO] User logged in
[2025-11-05T23:20:18.225793] [WARN] Rate limit approaching
[2025-11-05T23:20:18.225787] [INFO] Configuration loaded
[2025-11-05T23:20:18.225775] [INFO] Database query executed
[2025-11-05T23:20:18.225771] [INFO] Transaction completed
[2025-11-05T23:20:18.225848] [DEBUG] Cache key generated
[2025-11-05T23:20:18.225745] [INFO] Connection established
[2025-11-05T23:20:18.225741] [INFO] Service initialized
[2025-11-05T23:20:18.225779] [INFO] Health check passed
[2025-11-05T23:20:18.225731] [INFO] Transaction completed
[2025-11-05T23:20:18.225754] [INFO] Health check passed
[2025-11-05T23:20:18.225844] [DEBUG] Cache key generated
