[2025-11-05T23:20:39.887958] [INFO] Health check passed
[2025-11-05T23:20:39.888012] [DEBUG] Cache key generated
[2025-11-05T23:20:39.888001] [DEBUG] Variable value: x=42
[2025-11-05T23:20:39.887990] [DEBUG] Cache key generated
[2025-11-05T23:20:39.888016] [DEBUG] Thread pool size: 8
[2025-11-05T23:20:39.887948] [INFO] Request processed successfully
[2025-11-05T23:20:39.887965] [INFO] User logged in
[2025-11-05T23:20:39.887994] [DEBUG] Variable value: x=42
[2025-11-05T23:20:39.887961] [INFO] Request processed successfully
[2025-11-05T23:20:39.887930] [INFO] Transaction completed
[2025-11-05T23:20:39.887937] [INFO] Request processed successfully
[2025-11-05T23:20:39.887977] [WARN] Resource threshold approaching
[2025-11-05T23:20:39.887941] [INFO] User logged in
[2025-11-05T23:20:39.887898] [INFO] Connection established
[2025-11-05T23:20:39.887934] [INFO] Connection established
[2025-11-05T23:20:39.887973] [WARN] Deprecated API usage
[2025-11-05T23:20:39.888005] [DEBUG] Entering function process_data()
[2025-11-05T23:20:39.887985] [ERROR] File not found
[2025-11-05T23:20:39.888019] [DEBUG] Entering function process_data()
[2025-11-05T23:20:39.887922] [INFO] User logged in
[2025-11-05T23:20:39.887951] [INFO] Transaction completed
[2025-11-05T23:20:39.888008] [DEBUG] Connection pool status checked
[2025-11-05T23:20:39.887926] [INFO] User logged in
[2025-11-05T23:20:39.887955] [INFO] Request processed successfully
[2025-11-05T23:20:39.887981] [WARN] Deprecated API usage
[2025-11-05T23:20:39.887997] [DEBUG] Thread pool size: 8
[2025-11-05T23:20:39.887944] [INFO] Service initialized
[2025-11-05T23:20:39.887968] [INFO] Connection established
