[2025-11-05T23:20:48.277557] [INFO] Health check passed
[2025-11-05T23:20:48.277550] [INFO] Service initialized
[2025-11-05T23:20:48.277574] [WARN] Queue size growing
[2025-11-05T23:20:48.277603] [DEBUG] Entering function process_data()
[2025-11-05T23:20:48.277477] [INFO] Database query executed
[2025-11-05T23:20:48.277507] [INFO] Session started
[2025-11-05T23:20:48.277531] [INFO] Health check passed
[2025-11-05T23:20:48.277502] [INFO] Request processed successfully
[2025-11-05T23:20:48.277577] [WARN] Queue size growing
[2025-11-05T23:20:48.277569] [WARN] Cache miss
[2025-11-05T23:20:48.277621] [DEBUG] Variable value: x=42
[2025-11-05T23:20:48.277588] [ERROR] Network timeout
[2025-11-05T23:20:48.277629] [DEBUG] Variable value: x=42
[2025-11-05T23:20:48.277598] [DEBUG] Loop iteration: 15
[2025-11-05T23:20:48.277511] [INFO] Transaction completed
[2025-11-05T23:20:48.277614] [DEBUG] Loop iteration: 15
[2025-11-05T23:20:48.277606] [DEBUG] HTTP request headers parsed
[2025-11-05T23:20:48.277524] [INFO] Transaction completed
[2025-11-05T23:20:48.277516] [INFO] Connection established
[2025-11-05T23:20:48.277565] [INFO] Connection established
[2025-11-05T23:20:48.277584] [WARN] Timeout warning
[2025-11-05T23:20:48.277546] [INFO] Health check passed
[2025-11-05T23:20:48.277527] [INFO] Request processed successfully
[2025-11-05T23:20:48.277610] [DEBUG] Thread pool size: 8
[2025-11-05T23:20:48.277561] [INFO] Transaction completed
[2025-11-05T23:20:48.277520] [INFO] Database query executed
[2025-11-05T23:20:48.277580] [WARN] Rate limit approaching
[2025-11-05T23:20:48.277543] [INFO] Session started
[2025-11-05T23:20:48.277540] [INFO] Transaction completed
[2025-11-05T23:20:48.277625] [DEBUG] Loop iteration: 15
[2025-11-05T23:20:48.277593] [ERROR] File not found
[2025-11-05T23:20:48.277536] [INFO] Cache hit
[2025-11-05T23:20:48.277618] [DEBUG] Entering function process_data()
[2025-11-05T23:20:48.277554] [INFO] Configuration loaded
