[2025-11-05T23:20:21.201584] [DEBUG] Buffer size: 4096 bytes
[2025-11-05T23:20:21.201493] [INFO] User logged in
[2025-11-05T23:20:21.201548] [DEBUG] Loop iteration: 15
[2025-11-05T23:20:21.201571] [DEBUG] Cache key generated
[2025-11-05T23:20:21.201451] [INFO] Cache hit
[2025-11-05T23:20:21.201553] [DEBUG] Cache key generated
[2025-11-05T23:20:21.201517] [WARN] Queue size growing
[2025-11-05T23:20:21.201479] [INFO] Session started
[2025-11-05T23:20:21.201475] [INFO] Request processed successfully
[2025-11-05T23:20:21.201484] [INFO] Database query executed
[2025-11-05T23:20:21.201527] [WARN] Resource threshold approaching
[2025-11-05T23:20:21.201506] [INFO] Configuration loaded
[2025-11-05T23:20:21.201562] [DEBUG] Variable value: x=42
[2025-11-05T23:20:21.201488] [INFO] Transaction completed
[2025-11-05T23:20:21.201557] [DEBUG] Entering function process_data()
[2025-11-05T23:20:21.201532] [WARN] Connection retry attempt
[2025-11-05T23:20:21.201446] [INFO] Session started
[2025-11-05T23:20:21.201566] [DEBUG] HTTP request headers parsed
[2025-11-05T23:20:21.201465] [INFO] Session started
[2025-11-05T23:20:21.201522] [WARN] Slow query performance
[2025-11-05T23:20:21.201470] [INFO] Cache hit
[2025-11-05T23:20:21.201512] [INFO] Transaction completed
[2025-11-05T23:20:21.201575] [DEBUG] Connection pool status checked
[2025-11-05T23:20:21.201537] [ERROR] Permission denied
[2025-11-05T23:20:21.201580] [DEBUG] Loop iteration: 15
[2025-11-05T23:20:21.201542] [ERROR] Disk read failed
[2025-11-05T23:20:21.201502] [INFO] Connection established
[2025-11-05T23:20:21.201461] [INFO] Cache hit
[2025-11-05T23:20:21.201498] [INFO] Configuration loaded
[2025-11-05T23:20:21.201435] [INFO] Database query executed
[2025-11-05T23:20:21.201456] [INFO] Service initialized
[2025-11-05T23:20:21.201441] [INFO] Request processed successfully
[2025-11-05T23:20:21.201407] [INFO] Database query executed
