[2025-11-05T23:20:48.027600] [INFO] Health check passed
[2025-11-05T23:20:48.027583] [INFO] Service initialized
[2025-11-05T23:20:48.027652] [DEBUG] Timer set: 30 seconds
[2025-11-05T23:20:48.027628] [ERROR] Permission denied
[2025-11-05T23:20:48.027569] [INFO] Service initialized
[2025-11-05T23:20:48.027596] [INFO] Cache hit
[2025-11-05T23:20:48.027616] [WARN] Timeout warning
[2025-11-05T23:20:48.027620] [WARN] Cache miss
[2025-11-05T23:20:48.027590] [INFO] User logged in
[2025-11-05T23:20:48.027586] [INFO] Configuration loaded
[2025-11-05T23:20:48.027572] [INFO] Database query executed
[2025-11-05T23:20:48.027603] [INFO] Configuration loaded
[2025-11-05T23:20:48.027649] [DEBUG] HTTP request headers parsed
[2025-11-05T23:20:48.027537] [INFO] User logged in
[2025-11-05T23:20:48.027666] [DEBUG] Buffer size: 4096 bytes
[2025-11-05T23:20:48.027580] [INFO] User logged in
[2025-11-05T23:20:48.027642] [DEBUG] Buffer size: 4096 bytes
[2025-11-05T23:20:48.027606] [INFO] Session started
[2025-11-05T23:20:48.027611] [WARN] Timeout warning
[2025-11-05T23:20:48.027663] [DEBUG] Buffer size: 4096 bytes
[2025-11-05T23:20:48.027632] [ERROR] Permission denied
[2025-11-05T23:20:48.027638] [DEBUG] Timer set: 30 seconds
[2025-11-05T23:20:48.027656] [DEBUG] Cache key generated
[2025-11-05T23:20:48.027593] [INFO] Database query executed
[2025-11-05T23:20:48.027577] [INFO] Service initialized
[2025-11-05T23:20:48.027560] [INFO] Transaction completed
[2025-11-05T23:20:48.027646] [DEBUG] Cache key generated
[2025-11-05T23:20:48.027659] [DEBUG] HTTP request headers parsed
[2025-11-05T23:20:48.027623] [WARN] Connection retry attempt
[2025-11-05T23:20:48.027565] [INFO] Database query executed
