[2025-11-05T23:20:31.552020] [DEBUG] Timer set: 30 seconds
[2025-11-05T23:20:31.552003] [WARN] Disk space low
[2025-11-05T23:20:31.552039] [DEBUG] Variable value: x=42
[2025-11-05T23:20:31.551906] [INFO] Request processed successfully
[2025-11-05T23:20:31.551958] [INFO] Database query executed
[2025-11-05T23:20:31.552058] [DEBUG] Variable value: x=42
[2025-11-05T23:20:31.552009] [ERROR] Authentication failed
[2025-11-05T23:20:31.551984] [WARN] Queue size growing
[2025-11-05T23:20:31.552053] [DEBUG] Entering function process_data()
[2025-11-05T23:20:31.552035] [DEBUG] Loop iteration: 15
[2025-11-05T23:20:31.552025] [DEBUG] Loop iteration: 15
[2025-11-05T23:20:31.552044] [DEBUG] Cache key generated
[2025-11-05T23:20:31.551963] [INFO] Request processed successfully
[2025-11-05T23:20:31.551994] [WARN] Connection retry attempt
[2025-11-05T23:20:31.551977] [INFO] Cache hit
[2025-11-05T23:20:31.552030] [DEBUG] Memory allocation: 2048 bytes
[2025-11-05T23:20:31.551944] [INFO] User logged in
[2025-11-05T23:20:31.551933] [INFO] Request processed successfully
[2025-11-05T23:20:31.551999] [WARN] Rate limit approaching
[2025-11-05T23:20:31.551949] [INFO] Transaction completed
[2025-11-05T23:20:31.551989] [WARN] Timeout warning
[2025-11-05T23:20:31.551968] [INFO] Database query executed
[2025-11-05T23:20:31.552049] [DEBUG] Memory allocation: 2048 bytes
[2025-11-05T23:20:31.551939] [INFO] Configuration loaded
[2025-11-05T23:20:31.551954] [INFO] Transaction completed
[2025-11-05T23:20:31.551973] [INFO] Transaction completed
[2025-11-05T23:20:31.552014] [ERROR] Service unavailable
