[2025-11-05T23:20:26.307340] [INFO] Cache hit
[2025-11-05T23:20:26.307405] [DEBUG] Timer set: 30 seconds
[2025-11-05T23:20:26.307334] [INFO] Configuration loaded
[2025-11-05T23:20:26.307320] [INFO] Request processed successfully
[2025-11-05T23:20:26.307376] [ERROR] Authentication failed
[2025-11-05T23:20:26.307383] [DEBUG] HTTP request headers parsed
[2025-11-05T23:20:26.307393] [DEBUG] Connection pool status checked
[2025-11-05T23:20:26.307368] [WARN] Disk space low
[2025-11-05T23:20:26.307402] [DEBUG] Connection pool status checked
[2025-11-05T23:20:26.307349] [INFO] Request processed successfully
[2025-11-05T23:20:26.307396] [DEBUG] Connection pool status checked
[2025-11-05T23:20:26.307379] [ERROR] Service unavailable
[2025-11-05T23:20:26.307399] [DEBUG] Thread pool size: 8
[2025-11-05T23:20:26.307372] [WARN] Timeout warning
[2025-11-05T23:20:26.307296] [INFO] Request processed successfully
[2025-11-05T23:20:26.307390] [DEBUG] Connection pool status checked
[2025-11-05T23:20:26.307331] [INFO] User logged in
[2025-11-05T23:20:26.307387] [DEBUG] Connection pool status checked
[2025-11-05T23:20:26.307361] [INFO] Database query executed
[2025-11-05T23:20:26.307343] [INFO] Session started
[2025-11-05T23:20:26.307365] [WARN] Deprecated API usage
[2025-11-05T23:20:26.307355] [INFO] User logged in
[2025-11-05T23:20:26.307352] [INFO] Health check passed
[2025-11-05T23:20:26.307327] [INFO] Configuration loaded
[2025-11-05T23:20:26.307337] [INFO] User logged in
[2025-11-05T23:20:26.307358] [INFO] Session started
[2025-11-05T23:20:26.307324] [INFO] Database query executed
[2025-11-05T23:20:26.307346] [INFO] Transaction completed
[2025-11-05T23:20:26.307407] [DEBUG] Thread pool size: 8
