[2025-11-05T23:20:26.290276] [DEBUG] Variable value: x=42
[2025-11-05T23:20:26.290279] [DEBUG] Timer set: 30 seconds
[2025-11-05T23:20:26.290206] [INFO] Session started
[2025-11-05T23:20:26.290289] [DEBUG] Cache key generated
[2025-11-05T23:20:26.290269] [ERROR] Disk read failed
[2025-11-05T23:20:26.290265] [WARN] Deprecated API usage
[2025-11-05T23:20:26.290250] [INFO] Connection established
[2025-11-05T23:20:26.290219] [INFO] Health check passed
[2025-11-05T23:20:26.290238] [INFO] Configuration loaded
[2025-11-05T23:20:26.290258] [WARN] Connection retry attempt
[2025-11-05T23:20:26.290222] [INFO] Connection established
[2025-11-05T23:20:26.290244] [INFO] User logged in
[2025-11-05T23:20:26.290235] [INFO] Configuration loaded
[2025-11-05T23:20:26.290286] [DEBUG] HTTP request headers parsed
[2025-11-05T23:20:26.290272] [ERROR] Invalid input data
[2025-11-05T23:20:26.290254] [WARN] Queue size growing
[2025-11-05T23:20:26.290232] [INFO] Configuration loaded
[2025-11-05T23:20:26.290182] [INFO] User logged in
[2025-11-05T23:20:26.290241] [INFO] Database query executed
[2025-11-05T23:20:26.290283] [DEBUG] Memory allocation: 2048 bytes
[2025-11-05T23:20:26.290226] [INFO] Session started
[2025-11-05T23:20:26.290215] [INFO] Configuration loaded
[2025-11-05T23:20:26.290292] [DEBUG] HTTP request headers parsed
[2025-11-05T23:20:26.290247] [INFO] Request processed successfully
[2025-11-05T23:20:26.290229] [INFO] Service initialized
[2025-11-05T23:20:26.290295] [DEBUG] Timer set: 30 seconds
[2025-11-05T23:20:26.290211] [INFO] User logged in
[2025-11-05T23:20:26.290262] [WARN] Timeout warning
