[2025-11-05T23:20:41.559587] [INFO] Configuration loaded
[2025-11-05T23:20:41.559530] [INFO] User logged in
[2025-11-05T23:20:41.559555] [INFO] Configuration loaded
[2025-11-05T23:20:41.559559] [INFO] Connection established
[2025-11-05T23:20:41.559542] [INFO] Session started
[2025-11-05T23:20:41.559603] [WARN] Deprecated API usage
[2025-11-05T23:20:41.559659] [DEBUG] Memory allocation: 2048 bytes
[2025-11-05T23:20:41.559617] [WARN] Rate limit approaching
[2025-11-05T23:20:41.559646] [DEBUG] Cache key generated
[2025-11-05T23:20:41.559499] [INFO] Configuration loaded
[2025-11-05T23:20:41.559546] [INFO] Health check passed
[2025-11-05T23:20:41.559574] [INFO] Database query executed
[2025-11-05T23:20:41.559565] [INFO] Health check passed
[2025-11-05T23:20:41.559613] [WARN] Cache miss
[2025-11-05T23:20:41.559650] [DEBUG] Buffer size: 4096 bytes
[2025-11-05T23:20:41.559550] [INFO] Service initialized
[2025-11-05T23:20:41.559642] [DEBUG] Variable value: x=42
[2025-11-05T23:20:41.559635] [DEBUG] Loop iteration: 15
[2025-11-05T23:20:41.559583] [INFO] Connection established
[2025-11-05T23:20:41.559667] [DEBUG] Loop iteration: 15
[2025-11-05T23:20:41.559655] [DEBUG] Variable value: x=42
[2025-11-05T23:20:41.559597] [WARN] High memory usage detected
[2025-11-05T23:20:41.559570] [INFO] Session started
[2025-11-05T23:20:41.559578] [INFO] Cache hit
[2025-11-05T23:20:41.559537] [INFO] Transaction completed
[2025-11-05T23:20:41.559608] [WARN] Cache miss
[2025-11-05T23:20:41.559663] [DEBUG] Loop iteration: 15
[2025-11-05T23:20:41.559631] [DEBUG] Memory allocation: 2048 bytes
[2025-11-05T23:20:41.559623] [ERROR] Authentication failed
[2025-11-05T23:20:41.559591] [INFO] Transaction completed
