[2025-11-05T23:20:30.047145] [INFO] User logged in
[2025-11-05T23:20:30.048285] [WARN] Resource threshold approaching
[2025-11-05T23:20:30.047108] [INFO] Session started
[2025-11-05T23:20:30.048329] [DEBUG] Buffer size: 4096 bytes
[2025-11-05T23:20:30.047160] [INFO] Session started
[2025-11-05T23:20:30.047169] [INFO] Session started
[2025-11-05T23:20:30.047178] [INFO] Service initialized
[2025-11-05T23:20:30.047182] [INFO] User logged in
[2025-11-05T23:20:30.048377] [DEBUG] Loop iteration: 15
[2025-11-05T23:20:30.048353] [DEBUG] Variable value: x=42
[2025-11-05T23:20:30.048356] [DEBUG] HTTP request headers parsed
[2025-11-05T23:20:30.047141] [INFO] Request processed successfully
[2025-11-05T23:20:30.048323] [ERROR] File not found
[2025-11-05T23:20:30.047135] [INFO] Connection established
[2025-11-05T23:20:30.048333] [DEBUG] Buffer size: 4096 bytes
[2025-11-05T23:20:30.048368] [DEBUG] Cache key generated
[2025-11-05T23:20:30.047164] [INFO] Connection established
[2025-11-05T23:20:30.047155] [INFO] Service initialized
[2025-11-05T23:20:30.048360] [DEBUG] HTTP request headers parsed
[2025-11-05T23:20:30.048372] [DEBUG] Thread pool size: 8
[2025-11-05T23:20:30.048297] [ERROR] Network timeout
[2025-11-05T23:20:30.048278] [WARN] Disk space low
[2025-11-05T23:20:30.047173] [INFO] Transaction completed
[2025-11-05T23:20:30.048290] [WARN] Deprecated API usage
[2025-11-05T23:20:30.048364] [DEBUG] Connection pool status checked
[2025-11-05T23:20:30.048256] [WARN] Resource threshold approaching
[2025-11-05T23:20:30.047150] [INFO] Session started
