[2025-11-05T23:20:30.203858] [INFO] Health check passed
[2025-11-05T23:20:30.203851] [INFO] Health check passed
[2025-11-05T23:20:30.203921] [ERROR] Authentication failed
[2025-11-05T23:20:30.203839] [INFO] Health check passed
[2025-11-05T23:20:30.203937] [DEBUG] Thread pool size: 8
[2025-11-05T23:20:30.203961] [DEBUG] Variable value: x=42
[2025-11-05T23:20:30.203958] [DEBUG] Buffer size: 4096 bytes
[2025-11-05T23:20:30.203888] [INFO] Connection established
[2025-11-05T23:20:30.203843] [INFO] Transaction completed
[2025-11-05T23:20:30.203868] [INFO] Health check passed
[2025-11-05T23:20:30.203854] [INFO] Connection established
[2025-11-05T23:20:30.203912] [WARN] Rate limit approaching
[2025-11-05T23:20:30.203847] [INFO] Connection established
[2025-11-05T23:20:30.203901] [WARN] Disk space low
[2025-11-05T23:20:30.203905] [WARN] Connection retry attempt
[2025-11-05T23:20:30.203810] [INFO] Transaction completed
[2025-11-05T23:20:30.203875] [INFO] Cache hit
[2025-11-05T23:20:30.203917] [ERROR] Authentication failed
[2025-11-05T23:20:30.203929] [DEBUG] Cache key generated
[2025-11-05T23:20:30.203943] [DEBUG] Thread pool size: 8
[2025-11-05T23:20:30.203872] [INFO] Transaction completed
[2025-11-05T23:20:30.203865] [INFO] Transaction completed
[2025-11-05T23:20:30.203885] [INFO] Session started
[2025-11-05T23:20:30.203946] [DEBUG] Variable value: x=42
[2025-11-05T23:20:30.203908] [WARN] Queue size growing
[2025-11-05T23:20:30.203940] [DEBUG] HTTP request headers parsed
[2025-11-05T23:20:30.203878] [INFO] User logged in
[2025-11-05T23:20:30.203834] [INFO] Health check passed
[2025-11-05T23:20:30.203861] [INFO] Cache hit
[2025-11-05T23:20:30.203954] [DEBUG] Memory allocation: 2048 bytes
[2025-11-05T23:20:30.203892] [INFO] Transaction completed
[2025-11-05T23:20:30.203933] [DEBUG] Buffer size: 4096 bytes
[2025-11-05T23:20:30.203882] [INFO] Session started
[2025-11-05T23:20:30.203896] [INFO] Request processed successfully
[2025-11-05T23:20:30.203925] [ERROR] Service unavailable
[2025-11-05T23:20:30.203950] [DEBUG] Loop iteration: 15
