[2025-11-05T23:20:50.117027] [WARN] Resource threshold approaching
[2025-11-05T23:20:50.117072] [DEBUG] HTTP request headers parsed
[2025-11-05T23:20:50.116969] [INFO] Transaction completed
[2025-11-05T23:20:50.116974] [INFO] Service initialized
[2025-11-05T23:20:50.117058] [DEBUG] Timer set: 30 seconds
[2025-11-05T23:20:50.117013] [WARN] Timeout warning
[2025-11-05T23:20:50.117001] [INFO] Connection established
[2025-11-05T23:20:50.117049] [DEBUG] Loop iteration: 15
[2025-11-05T23:20:50.117081] [DEBUG] Connection pool status checked
[2025-11-05T23:20:50.116925] [INFO] Session started
[2025-11-05T23:20:50.117043] [DEBUG] Entering function process_data()
[2025-11-05T23:20:50.117063] [DEBUG] Timer set: 30 seconds
[2025-11-05T23:20:50.117067] [DEBUG] Cache key generated
[2025-11-05T23:20:50.116988] [INFO] Database query executed
[2025-11-05T23:20:50.117006] [INFO] Request processed successfully
[2025-11-05T23:20:50.116953] [INFO] Transaction completed
[2025-11-05T23:20:50.117037] [ERROR] Service unavailable
[2025-11-05T23:20:50.117022] [WARN] High memory usage detected
[2025-11-05T23:20:50.116979] [INFO] Session started
[2025-11-05T23:20:50.117033] [ERROR] Database connection lost
[2025-11-05T23:20:50.116992] [INFO] Service initialized
[2025-11-05T23:20:50.116997] [INFO] Connection established
[2025-11-05T23:20:50.116964] [INFO] Cache hit
[2025-11-05T23:20:50.117077] [DEBUG] Loop iteration: 15
[2025-11-05T23:20:50.117053] [DEBUG] Variable value: x=42
[2025-11-05T23:20:50.117018] [WARN] High memory usage detected
[2025-11-05T23:20:50.116959] [INFO] Configuration loaded
[2025-11-05T23:20:50.116983] [INFO] Cache hit
