[2025-11-05T23:20:41.819874] [DEBUG] Buffer size: 4096 bytes
[2025-11-05T23:20:41.819846] [DEBUG] Buffer size: 4096 bytes
[2025-11-05T23:20:41.819834] [WARN] Deprecated API usage
[2025-11-05T23:20:41.819774] [INFO] Database query executed
[2025-11-05T23:20:41.819795] [INFO] Session started
[2025-11-05T23:20:41.819791] [INFO] Session started
[2025-11-05T23:20:41.819786] [INFO] Health check passed
[2025-11-05T23:20:41.819761] [INFO] Health check passed
[2025-11-05T23:20:41.819860] [DEBUG] Buffer size: 4096 bytes
[2025-11-05T23:20:41.819778] [INFO] Database query executed
[2025-11-05T23:20:41.819829] [WARN] Deprecated API usage
[2025-11-05T23:20:41.819806] [WARN] Deprecated API usage
[2025-11-05T23:20:41.819698] [INFO] Connection established
[2025-11-05T23:20:41.819869] [DEBUG] Cache key generated
[2025-11-05T23:20:41.819825] [WARN] High memory usage detected
[2025-11-05T23:20:41.819851] [DEBUG] Thread pool size: 8
[2025-11-05T23:20:41.823069] [DEBUG] Cache key generated
[2025-11-05T23:20:41.819742] [INFO] Configuration loaded
[2025-11-05T23:20:41.819737] [INFO] Session started
[2025-11-05T23:20:41.819725] [INFO] Session started
[2025-11-05T23:20:41.819800] [INFO] Session started
[2025-11-05T23:20:41.819880] [DEBUG] HTTP request headers parsed
[2025-11-05T23:20:41.819820] [WARN] Resource threshold approaching
[2025-11-05T23:20:41.819856] [DEBUG] Variable value: x=42
[2025-11-05T23:20:41.819770] [INFO] Service initialized
[2025-11-05T23:20:41.819782] [INFO] Transaction completed
[2025-11-05T23:20:41.819752] [INFO] Database query executed
[2025-11-05T23:20:41.819815] [WARN] Cache miss
[2025-11-05T23:20:41.819747] [INFO] Transaction completed
[2025-11-05T23:20:41.819811] [WARN] Timeout warning
[2025-11-05T23:20:41.819864] [DEBUG] Entering function process_data()
[2025-11-05T23:20:41.819757] [INFO] User logged in
[2025-11-05T23:20:41.819840] [ERROR] Network timeout
[2025-11-05T23:20:41.819732] [INFO] Database query executed
[2025-11-05T23:20:41.819766] [INFO] Health check passed
