[2025-11-05T23:20:25.683117] [WARN] Deprecated API usage
[2025-11-05T23:20:25.683179] [DEBUG] Thread pool size: 8
[2025-11-05T23:20:25.683174] [DEBUG] HTTP request headers parsed
[2025-11-05T23:20:25.683107] [INFO] Transaction completed
[2025-11-05T23:20:25.683160] [DEBUG] Connection pool status checked
[2025-11-05T23:20:25.683133] [WARN] Queue size growing
[2025-11-05T23:20:25.683156] [DEBUG] Variable value: x=42
[2025-11-05T23:20:25.683098] [INFO] Database query executed
[2025-11-05T23:20:25.683183] [DEBUG] Loop iteration: 15
[2025-11-05T23:20:25.683139] [ERROR] Database connection lost
[2025-11-05T23:20:25.683060] [INFO] Health check passed
[2025-11-05T23:20:25.683102] [INFO] Configuration loaded
[2025-11-05T23:20:25.683065] [INFO] Configuration loaded
[2025-11-05T23:20:25.683150] [DEBUG] Loop iteration: 15
[2025-11-05T23:20:25.683111] [INFO] Request processed successfully
[2025-11-05T23:20:25.683170] [DEBUG] Buffer size: 4096 bytes
[2025-11-05T23:20:25.683075] [INFO] Request processed successfully
[2025-11-05T23:20:25.683089] [INFO] Service initialized
[2025-11-05T23:20:25.683094] [INFO] Configuration loaded
[2025-11-05T23:20:25.683054] [INFO] Request processed successfully
[2025-11-05T23:20:25.683122] [WARN] Cache miss
[2025-11-05T23:20:25.683165] [DEBUG] Loop iteration: 15
[2025-11-05T23:20:25.683144] [ERROR] Database connection lost
[2025-11-05T23:20:25.683128] [WARN] Cache miss
[2025-11-05T23:20:25.683027] [INFO] Configuration loaded
[2025-11-05T23:20:25.683084] [INFO] Request processed successfully
[2025-11-05T23:20:25.683070] [INFO] Database query executed
[2025-11-05T23:20:25.683079] [INFO] Service initialized
