[2025-11-05T23:20:44.157783] [INFO] Configuration loaded
[2025-11-05T23:20:44.157816] [WARN] Slow query performance
[2025-11-05T23:20:44.157853] [DEBUG] Memory allocation: 2048 bytes
[2025-11-05T23:20:44.157800] [INFO] Transaction completed
[2025-11-05T23:20:44.157826] [ERROR] Invalid input data
[2025-11-05T23:20:44.157839] [DEBUG] Entering function process_data()
[2025-11-05T23:20:44.157856] [DEBUG] Cache key generated
[2025-11-05T23:20:44.157859] [DEBUG] HTTP request headers parsed
[2025-11-05T23:20:44.157790] [INFO] Configuration loaded
[2025-11-05T23:20:44.157849] [DEBUG] Cache key generated
[2025-11-05T23:20:44.157793] [INFO] Session started
[2025-11-05T23:20:44.157836] [DEBUG] Entering function process_data()
[2025-11-05T23:20:44.157763] [INFO] Service initialized
[2025-11-05T23:20:44.157812] [WARN] Resource threshold approaching
[2025-11-05T23:20:44.157787] [INFO] Service initialized
[2025-11-05T23:20:44.157691] [INFO] Health check passed
[2025-11-05T23:20:44.157759] [INFO] Service initialized
[2025-11-05T23:20:44.157803] [INFO] Database query executed
[2025-11-05T23:20:44.157770] [INFO] User logged in
[2025-11-05T23:20:44.157846] [DEBUG] Connection pool status checked
[2025-11-05T23:20:44.157807] [INFO] User logged in
[2025-11-05T23:20:44.157780] [INFO] Configuration loaded
[2025-11-05T23:20:44.157766] [INFO] Health check passed
[2025-11-05T23:20:44.157821] [WARN] Disk space low
[2025-11-05T23:20:44.157842] [DEBUG] Memory allocation: 2048 bytes
[2025-11-05T23:20:44.157776] [INFO] Health check passed
[2025-11-05T23:20:44.157831] [DEBUG] Timer set: 30 seconds
[2025-11-05T23:20:44.157754] [INFO] Session started
[2025-11-05T23:20:44.157773] [INFO] Connection established
[2025-11-05T23:20:44.157796] [INFO] Connection established
