[2025-11-05T23:20:52.731237] [INFO] Service initialized
[2025-11-05T23:20:52.731209] [INFO] Cache hit
[2025-11-05T23:20:52.731286] [DEBUG] Timer set: 30 seconds
[2025-11-05T23:20:52.731260] [WARN] Queue size growing
[2025-11-05T23:20:52.731240] [INFO] Service initialized
[2025-11-05T23:20:52.731269] [WARN] Cache miss
[2025-11-05T23:20:52.731303] [DEBUG] Variable value: x=42
[2025-11-05T23:20:52.731251] [INFO] Connection established
[2025-11-05T23:20:52.731273] [WARN] Queue size growing
[2025-11-05T23:20:52.731255] [INFO] Database query executed
[2025-11-05T23:20:52.731217] [INFO] User logged in
[2025-11-05T23:20:52.731294] [DEBUG] Variable value: x=42
[2025-11-05T23:20:52.731229] [INFO] Service initialized
[2025-11-05T23:20:52.731203] [INFO] Database query executed
[2025-11-05T23:20:52.731290] [DEBUG] Connection pool status checked
[2025-11-05T23:20:52.731178] [INFO] Transaction completed
[2025-11-05T23:20:52.731277] [WARN] Resource threshold approaching
[2025-11-05T23:20:52.731310] [DEBUG] Entering function process_data()
[2025-11-05T23:20:52.731298] [DEBUG] Loop iteration: 15
[2025-11-05T23:20:52.731281] [ERROR] Invalid input data
[2025-11-05T23:20:52.731213] [INFO] Configuration loaded
[2025-11-05T23:20:52.731233] [INFO] Cache hit
[2025-11-05T23:20:52.731244] [INFO] Database query executed
[2025-11-05T23:20:52.731306] [DEBUG] HTTP request headers parsed
[2025-11-05T23:20:52.731313] [DEBUG] Entering function process_data()
[2025-11-05T23:20:52.731247] [INFO] User logged in
[2025-11-05T23:20:52.731222] [INFO] Health check passed
[2025-11-05T23:20:52.731264] [WARN] Queue size growing
[2025-11-05T23:20:52.731226] [INFO] Configuration loaded
