[2025-11-05T23:20:53.317647] [INFO] Transaction completed
[2025-11-05T23:20:53.317655] [INFO] Health check passed
[2025-11-05T23:20:53.317659] [INFO] Request processed successfully
[2025-11-05T23:20:53.317702] [DEBUG] Loop iteration: 15
[2025-11-05T23:20:53.317651] [INFO] Database query executed
[2025-11-05T23:20:53.317663] [INFO] Connection established
[2025-11-05T23:20:53.317677] [WARN] Timeout warning
[2025-11-05T23:20:53.317620] [INFO] Session started
[2025-11-05T23:20:53.317691] [WARN] Connection retry attempt
[2025-11-05T23:20:53.317696] [ERROR] File not found
[2025-11-05T23:20:53.317638] [INFO] Request processed successfully
[2025-11-05T23:20:53.317634] [INFO] User logged in
[2025-11-05T23:20:53.317667] [INFO] Transaction completed
[2025-11-05T23:20:53.317735] [DEBUG] Entering function process_data()
[2025-11-05T23:20:53.317630] [INFO] Cache hit
[2025-11-05T23:20:53.317728] [DEBUG] Memory allocation: 2048 bytes
[2025-11-05T23:20:53.317719] [DEBUG] Cache key generated
[2025-11-05T23:20:53.317583] [INFO] Connection established
[2025-11-05T23:20:53.317625] [INFO] Connection established
[2025-11-05T23:20:53.317732] [DEBUG] Entering function process_data()
[2025-11-05T23:20:53.317610] [INFO] Health check passed
[2025-11-05T23:20:53.317642] [INFO] Session started
[2025-11-05T23:20:53.317723] [DEBUG] Memory allocation: 2048 bytes
[2025-11-05T23:20:53.317687] [WARN] Timeout warning
[2025-11-05T23:20:53.317615] [INFO] Session started
[2025-11-05T23:20:53.317671] [INFO] Session started
[2025-11-05T23:20:53.317711] [DEBUG] Loop iteration: 15
[2025-11-05T23:20:53.317707] [DEBUG] Memory allocation: 2048 bytes
[2025-11-05T23:20:53.317683] [WARN] Deprecated API usage
[2025-11-05T23:20:53.317715] [DEBUG] Connection pool status checked
