[2025-11-05T23:20:24.895945] [INFO] Transaction completed
[2025-11-05T23:20:24.895955] [INFO] Transaction completed
[2025-11-05T23:20:24.895969] [INFO] Cache hit
[2025-11-05T23:20:24.895973] [INFO] User logged in
[2025-11-05T23:20:24.895950] [INFO] Session started
[2025-11-05T23:20:24.895977] [INFO] Cache hit
[2025-11-05T23:20:24.895985] [INFO] Service initialized
[2025-11-05T23:20:24.896051] [DEBUG] HTTP request headers parsed
[2025-11-05T23:20:24.895994] [INFO] Session started
[2025-11-05T23:20:24.896021] [ERROR] Database connection lost
[2025-11-05T23:20:24.895964] [INFO] Connection established
[2025-11-05T23:20:24.895940] [INFO] Transaction completed
[2025-11-05T23:20:24.895930] [INFO] Service initialized
[2025-11-05T23:20:24.895959] [INFO] User logged in
[2025-11-05T23:20:24.896001] [WARN] Cache miss
[2025-11-05T23:20:24.895990] [INFO] User logged in
[2025-11-05T23:20:24.896064] [DEBUG] Cache key generated
[2025-11-05T23:20:24.895924] [INFO] Configuration loaded
[2025-11-05T23:20:24.896015] [WARN] Connection retry attempt
[2025-11-05T23:20:24.896031] [DEBUG] Buffer size: 4096 bytes
[2025-11-05T23:20:24.896059] [DEBUG] Timer set: 30 seconds
[2025-11-05T23:20:24.895898] [INFO] Database query executed
[2025-11-05T23:20:24.895981] [INFO] Service initialized
[2025-11-05T23:20:24.896046] [DEBUG] Variable value: x=42
[2025-11-05T23:20:24.896041] [DEBUG] Thread pool size: 8
[2025-11-05T23:20:24.896026] [ERROR] Service unavailable
[2025-11-05T23:20:24.896006] [WARN] Deprecated API usage
[2025-11-05T23:20:24.896011] [WARN] Resource threshold approaching
[2025-11-05T23:20:24.895936] [INFO] Service initialized
[2025-11-05T23:20:24.896055] [DEBUG] Loop iteration: 15
[2025-11-05T23:20:24.896035] [DEBUG] Timer set: 30 seconds
