[2025-11-05T23:20:39.456583] [INFO] Configuration loaded
[2025-11-05T23:20:39.456652] [DEBUG] Memory allocation: 2048 bytes
[2025-11-05T23:20:39.456624] [WARN] Rate limit approaching
[2025-11-05T23:20:39.456592] [INFO] Cache hit
[2025-11-05T23:20:39.456633] [ERROR] Network timeout
[2025-11-05T23:20:39.456619] [WARN] Rate limit approaching
[2025-11-05T23:20:39.456643] [DEBUG] HTTP request headers parsed
[2025-11-05T23:20:39.456648] [DEBUG] HTTP request headers parsed
[2025-11-05T23:20:39.456638] [DEBUG] Timer set: 30 seconds
[2025-11-05T23:20:39.456562] [INFO] Database query executed
[2025-11-05T23:20:39.456665] [DEBUG] Cache key generated
[2025-11-05T23:20:39.456615] [WARN] Timeout warning
[2025-11-05T23:20:39.456669] [DEBUG] Loop iteration: 15
[2025-11-05T23:20:39.456570] [INFO] Connection established
[2025-11-05T23:20:39.456566] [INFO] Configuration loaded
[2025-11-05T23:20:39.456660] [DEBUG] Buffer size: 4096 bytes
[2025-11-05T23:20:39.456579] [INFO] Request processed successfully
[2025-11-05T23:20:39.456557] [INFO] Database query executed
[2025-11-05T23:20:39.456575] [INFO] User logged in
[2025-11-05T23:20:39.456552] [INFO] Health check passed
[2025-11-05T23:20:39.456673] [DEBUG] Thread pool size: 8
[2025-11-05T23:20:39.456611] [WARN] Connection retry attempt
[2025-11-05T23:20:39.456656] [DEBUG] Buffer size: 4096 bytes
[2025-11-05T23:20:39.456596] [INFO] Service initialized
[2025-11-05T23:20:39.456600] [INFO] Transaction completed
[2025-11-05T23:20:39.456629] [ERROR] Request failed
[2025-11-05T23:20:39.456606] [WARN] Slow query performance
[2025-11-05T23:20:39.456526] [INFO] Database query executed
[2025-11-05T23:20:39.456587] [INFO] Connection established
