[2025-11-05T23:20:24.430738] [INFO] Connection established
[2025-11-05T23:20:24.430700] [INFO] Transaction completed
[2025-11-05T23:20:24.430757] [WARN] Queue size growing
[2025-11-05T23:20:24.430801] [DEBUG] Loop iteration: 15
[2025-11-05T23:20:24.430715] [INFO] Service initialized
[2025-11-05T23:20:24.430710] [INFO] Transaction completed
[2025-11-05T23:20:24.430734] [INFO] Service initialized
[2025-11-05T23:20:24.430748] [WARN] Deprecated API usage
[2025-11-05T23:20:24.430779] [DEBUG] HTTP request headers parsed
[2025-11-05T23:20:24.430720] [INFO] Request processed successfully
[2025-11-05T23:20:24.430768] [ERROR] Request failed
[2025-11-05T23:20:24.430729] [INFO] Database query executed
[2025-11-05T23:20:24.430724] [INFO] Request processed successfully
[2025-11-05T23:20:24.430784] [DEBUG] Buffer size: 4096 bytes
[2025-11-05T23:20:24.430806] [DEBUG] Loop iteration: 15
[2025-11-05T23:20:24.430793] [DEBUG] Memory allocation: 2048 bytes
[2025-11-05T23:20:24.430815] [DEBUG] HTTP request headers parsed
[2025-11-05T23:20:24.430789] [DEBUG] Buffer size: 4096 bytes
[2025-11-05T23:20:24.430753] [WARN] Rate limit approaching
[2025-11-05T23:20:24.430810] [DEBUG] Thread pool size: 8
[2025-11-05T23:20:24.430742] [INFO] Connection established
[2025-11-05T23:20:24.430797] [DEBUG] Thread pool size: 8
[2025-11-05T23:20:24.430705] [INFO] Database query executed
[2025-11-05T23:20:24.430628] [INFO] Configuration loaded
[2025-11-05T23:20:24.430762] [WARN] Connection retry attempt
[2025-11-05T23:20:24.430694] [INFO] Cache hit
[2025-11-05T23:20:24.430774] [ERROR] Memory allocation error
