[2025-11-05T23:20:20.710678] [DEBUG] Thread pool size: 8
[2025-11-05T23:20:20.710452] [INFO] Database query executed
[2025-11-05T23:20:20.710418] [INFO] Health check passed
[2025-11-05T23:20:20.710463] [INFO] Database query executed
[2025-11-05T23:20:20.710432] [INFO] Cache hit
[2025-11-05T23:20:20.710440] [INFO] Health check passed
[2025-11-05T23:20:20.710492] [DEBUG] Thread pool size: 8
[2025-11-05T23:20:20.710665] [DEBUG] Memory allocation: 2048 bytes
[2025-11-05T23:20:20.710467] [INFO] Transaction completed
[2025-11-05T23:20:20.710483] [ERROR] File not found
[2025-11-05T23:20:20.710510] [DEBUG] Connection pool status checked
[2025-11-05T23:20:20.710413] [INFO] Health check passed
[2025-11-05T23:20:20.710456] [INFO] Database query executed
[2025-11-05T23:20:20.710496] [DEBUG] Loop iteration: 15
[2025-11-05T23:20:20.710514] [DEBUG] Entering function process_data()
[2025-11-05T23:20:20.710487] [ERROR] Network timeout
[2025-11-05T23:20:20.710444] [INFO] Database query executed
[2025-11-05T23:20:20.710428] [INFO] Request processed successfully
[2025-11-05T23:20:20.710423] [INFO] Service initialized
[2025-11-05T23:20:20.710448] [INFO] Database query executed
[2025-11-05T23:20:20.710505] [DEBUG] Thread pool size: 8
[2025-11-05T23:20:20.710459] [INFO] Cache hit
[2025-11-05T23:20:20.710519] [DEBUG] Cache key generated
[2025-11-05T23:20:20.710436] [INFO] Request processed successfully
[2025-11-05T23:20:20.710387] [INFO] Session started
[2025-11-05T23:20:20.710472] [WARN] Timeout warning
[2025-11-05T23:20:20.710477] [WARN] Deprecated API usage
[2025-11-05T23:20:20.710501] [DEBUG] Memory allocation: 2048 bytes
