[2025-11-05T23:20:28.190785] [INFO] Database query executed
[2025-11-05T23:20:28.190825] [WARN] Disk space low
[2025-11-05T23:20:28.190892] [DEBUG] Loop iteration: 15
[2025-11-05T23:20:28.190879] [DEBUG] Connection pool status checked
[2025-11-05T23:20:28.190818] [INFO] Transaction completed
[2025-11-05T23:20:28.190767] [INFO] Request processed successfully
[2025-11-05T23:20:28.190830] [WARN] Disk space low
[2025-11-05T23:20:28.190874] [DEBUG] Entering function process_data()
[2025-11-05T23:20:28.190810] [INFO] Connection established
[2025-11-05T23:20:28.190802] [INFO] Database query executed
[2025-11-05T23:20:28.190751] [INFO] Transaction completed
[2025-11-05T23:20:28.190843] [WARN] Slow query performance
[2025-11-05T23:20:28.190790] [INFO] Cache hit
[2025-11-05T23:20:28.190771] [INFO] Session started
[2025-11-05T23:20:28.190794] [INFO] User logged in
[2025-11-05T23:20:28.190848] [WARN] Resource threshold approaching
[2025-11-05T23:20:28.190758] [INFO] Configuration loaded
[2025-11-05T23:20:28.190864] [DEBUG] Connection pool status checked
[2025-11-05T23:20:28.190683] [INFO] Database query executed
[2025-11-05T23:20:28.190776] [INFO] Connection established
[2025-11-05T23:20:28.190780] [INFO] Database query executed
[2025-11-05T23:20:28.190835] [WARN] Queue size growing
[2025-11-05T23:20:28.190762] [INFO] Database query executed
[2025-11-05T23:20:28.190853] [ERROR] Disk read failed
[2025-11-05T23:20:28.190884] [DEBUG] Variable value: x=42
[2025-11-05T23:20:28.190839] [WARN] Resource threshold approaching
[2025-11-05T23:20:28.190806] [INFO] Session started
[2025-11-05T23:20:28.190870] [DEBUG] Thread pool size: 8
[2025-11-05T23:20:28.190888] [DEBUG] Variable value: x=42
[2025-11-05T23:20:28.190814] [INFO] Connection established
[2025-11-05T23:20:28.190798] [INFO] Connection established
[2025-11-05T23:20:28.190858] [ERROR] Authentication failed
