[2025-11-05T23:20:32.399398] [DEBUG] Buffer size: 4096 bytes
[2025-11-05T23:20:32.399372] [WARN] Resource threshold approaching
[2025-11-05T23:20:32.399305] [INFO] User logged in
[2025-11-05T23:20:32.399354] [INFO] Transaction completed
[2025-11-05T23:20:32.399428] [DEBUG] Buffer size: 4096 bytes
[2025-11-05T23:20:32.399299] [INFO] Session started
[2025-11-05T23:20:32.399315] [INFO] User logged in
[2025-11-05T23:20:32.399359] [INFO] Health check passed
[2025-11-05T23:20:32.399402] [DEBUG] Memory allocation: 2048 bytes
[2025-11-05T23:20:32.399333] [INFO] Cache hit
[2025-11-05T23:20:32.399411] [DEBUG] Buffer size: 4096 bytes
[2025-11-05T23:20:32.399367] [WARN] Resource threshold approaching
[2025-11-05T23:20:32.399407] [DEBUG] Loop iteration: 15
[2025-11-05T23:20:32.399328] [INFO] User logged in
[2025-11-05T23:20:32.399377] [WARN] Deprecated API usage
[2025-11-05T23:20:32.399342] [INFO] Database query executed
[2025-11-05T23:20:32.399382] [WARN] Timeout warning
[2025-11-05T23:20:32.399337] [INFO] Connection established
[2025-11-05T23:20:32.399350] [INFO] User logged in
[2025-11-05T23:20:32.399324] [INFO] Database query executed
[2025-11-05T23:20:32.399423] [DEBUG] Cache key generated
[2025-11-05T23:20:32.399415] [DEBUG] Entering function process_data()
[2025-11-05T23:20:32.399310] [INFO] Cache hit
[2025-11-05T23:20:32.399320] [INFO] Health check passed
[2025-11-05T23:20:32.399393] [DEBUG] Variable value: x=42
[2025-11-05T23:20:32.399387] [ERROR] File not found
[2025-11-05T23:20:32.399272] [INFO] Health check passed
[2025-11-05T23:20:32.399346] [INFO] Connection established
[2025-11-05T23:20:32.399419] [DEBUG] Cache key generated
