[2025-11-05T23:20:53.416517] [WARN] Queue size growing
[2025-11-05T23:20:53.416522] [ERROR] Invalid input data
[2025-11-05T23:20:53.416484] [INFO] User logged in
[2025-11-05T23:20:53.416408] [INFO] Request processed successfully
[2025-11-05T23:20:53.416527] [ERROR] Request failed
[2025-11-05T23:20:53.416455] [INFO] Service initialized
[2025-11-05T23:20:53.416489] [INFO] Session started
[2025-11-05T23:20:53.416440] [INFO] Service initialized
[2025-11-05T23:20:53.416550] [DEBUG] Thread pool size: 8
[2025-11-05T23:20:53.416546] [DEBUG] Memory allocation: 2048 bytes
[2025-11-05T23:20:53.416434] [INFO] Session started
[2025-11-05T23:20:53.416532] [DEBUG] Cache key generated
[2025-11-05T23:20:53.416493] [INFO] Session started
[2025-11-05T23:20:53.416504] [WARN] Slow query performance
[2025-11-05T23:20:53.416464] [INFO] Health check passed
[2025-11-05T23:20:53.416472] [INFO] Health check passed
[2025-11-05T23:20:53.416459] [INFO] Configuration loaded
[2025-11-05T23:20:53.416509] [WARN] Slow query performance
[2025-11-05T23:20:53.416555] [DEBUG] Cache key generated
[2025-11-05T23:20:53.416445] [INFO] Health check passed
[2025-11-05T23:20:53.416468] [INFO] Connection established
[2025-11-05T23:20:53.416498] [WARN] Cache miss
[2025-11-05T23:20:53.416450] [INFO] Transaction completed
[2025-11-05T23:20:53.416513] [WARN] Cache miss
[2025-11-05T23:20:53.416480] [INFO] Health check passed
[2025-11-05T23:20:53.416476] [INFO] Health check passed
[2025-11-05T23:20:53.416538] [DEBUG] Memory allocation: 2048 bytes
[2025-11-05T23:20:53.416542] [DEBUG] Memory allocation: 2048 bytes
