[2025-11-05T23:20:18.804049] [WARN] Rate limit approaching
[2025-11-05T23:20:18.803994] [INFO] Health check passed
[2025-11-05T23:20:18.804076] [DEBUG] Connection pool status checked
[2025-11-05T23:20:18.804080] [DEBUG] Connection pool status checked
[2025-11-05T23:20:18.804035] [WARN] Timeout warning
[2025-11-05T23:20:18.804085] [DEBUG] Memory allocation: 2048 bytes
[2025-11-05T23:20:18.803999] [INFO] Session started
[2025-11-05T23:20:18.804015] [INFO] Request processed successfully
[2025-11-05T23:20:18.804092] [DEBUG] HTTP request headers parsed
[2025-11-05T23:20:18.803985] [INFO] Session started
[2025-11-05T23:20:18.804068] [DEBUG] Cache key generated
[2025-11-05T23:20:18.804007] [INFO] Database query executed
[2025-11-05T23:20:18.804059] [DEBUG] Buffer size: 4096 bytes
[2025-11-05T23:20:18.804003] [INFO] Connection established
[2025-11-05T23:20:18.804044] [WARN] Queue size growing
[2025-11-05T23:20:18.804054] [ERROR] Invalid input data
[2025-11-05T23:20:18.804040] [WARN] Deprecated API usage
[2025-11-05T23:20:18.804026] [INFO] User logged in
[2025-11-05T23:20:18.803955] [INFO] Transaction completed
[2025-11-05T23:20:18.804063] [DEBUG] Entering function process_data()
[2025-11-05T23:20:18.804022] [INFO] User logged in
[2025-11-05T23:20:18.803990] [INFO] Service initialized
[2025-11-05T23:20:18.804030] [INFO] Transaction completed
[2025-11-05T23:20:18.804071] [DEBUG] Loop iteration: 15
[2025-11-05T23:20:18.804088] [DEBUG] Memory allocation: 2048 bytes
[2025-11-05T23:20:18.804019] [INFO] Database query executed
[2025-11-05T23:20:18.804011] [INFO] Health check passed
[2025-11-05T23:20:18.803980] [INFO] Request processed successfully
