[2025-11-05T23:20:25.886215] [INFO] Configuration loaded
[2025-11-05T23:20:25.886206] [INFO] User logged in
[2025-11-05T23:20:25.886173] [INFO] Request processed successfully
[2025-11-05T23:20:25.886262] [DEBUG] Cache key generated
[2025-11-05T23:20:25.886202] [INFO] Service initialized
[2025-11-05T23:20:25.886240] [WARN] Disk space low
[2025-11-05T23:20:25.886122] [INFO] Cache hit
[2025-11-05T23:20:25.886185] [INFO] Database query executed
[2025-11-05T23:20:25.886210] [INFO] Service initialized
[2025-11-05T23:20:25.886271] [DEBUG] Cache key generated
[2025-11-05T23:20:25.886164] [INFO] Request processed successfully
[2025-11-05T23:20:25.886257] [DEBUG] Connection pool status checked
[2025-11-05T23:20:25.886198] [INFO] Database query executed
[2025-11-05T23:20:25.886181] [INFO] Health check passed
[2025-11-05T23:20:25.886154] [INFO] User logged in
[2025-11-05T23:20:25.886280] [DEBUG] Thread pool size: 8
[2025-11-05T23:20:25.886148] [INFO] Service initialized
[2025-11-05T23:20:25.886267] [DEBUG] Entering function process_data()
[2025-11-05T23:20:25.886288] [DEBUG] Memory allocation: 2048 bytes
[2025-11-05T23:20:25.886220] [INFO] Request processed successfully
[2025-11-05T23:20:25.886246] [ERROR] Authentication failed
[2025-11-05T23:20:25.886284] [DEBUG] Timer set: 30 seconds
[2025-11-05T23:20:25.886169] [INFO] User logged in
[2025-11-05T23:20:25.886177] [INFO] Health check passed
[2025-11-05T23:20:25.886252] [DEBUG] Loop iteration: 15
[2025-11-05T23:20:25.886194] [INFO] Request processed successfully
[2025-11-05T23:20:25.886235] [WARN] Queue size growing
[2025-11-05T23:20:25.886190] [INFO] Configuration loaded
[2025-11-05T23:20:25.886226] [WARN] Timeout warning
[2025-11-05T23:20:25.886276] [DEBUG] HTTP request headers parsed
[2025-11-05T23:20:25.886231] [WARN] Deprecated API usage
[2025-11-05T23:20:25.886159] [INFO] Configuration loaded
