[2025-11-05T23:20:30.281210] [INFO] Health check passed
[2025-11-05T23:20:30.281131] [INFO] Health check passed
[2025-11-05T23:20:30.281206] [INFO] Request processed successfully
[2025-11-05T23:20:30.281190] [INFO] Session started
[2025-11-05T23:20:30.281255] [DEBUG] Timer set: 30 seconds
[2025-11-05T23:20:30.281284] [DEBUG] HTTP request headers parsed
[2025-11-05T23:20:30.281221] [WARN] Rate limit approaching
[2025-11-05T23:20:30.281156] [INFO] Database query executed
[2025-11-05T23:20:30.281234] [WARN] Queue size growing
[2025-11-05T23:20:30.281171] [INFO] Configuration loaded
[2025-11-05T23:20:30.281230] [WARN] Timeout warning
[2025-11-05T23:20:30.281162] [INFO] Connection established
[2025-11-05T23:20:30.281226] [WARN] Slow query performance
[2025-11-05T23:20:30.281269] [DEBUG] Thread pool size: 8
[2025-11-05T23:20:30.281273] [DEBUG] Cache key generated
[2025-11-05T23:20:30.281183] [INFO] Health check passed
[2025-11-05T23:20:30.281187] [INFO] User logged in
[2025-11-05T23:20:30.281167] [INFO] Health check passed
[2025-11-05T23:20:30.281175] [INFO] Connection established
[2025-11-05T23:20:30.281277] [DEBUG] Connection pool status checked
[2025-11-05T23:20:30.281245] [ERROR] Request failed
[2025-11-05T23:20:30.281265] [DEBUG] Entering function process_data()
[2025-11-05T23:20:30.281281] [DEBUG] Thread pool size: 8
[2025-11-05T23:20:30.281198] [INFO] Service initialized
[2025-11-05T23:20:30.281202] [INFO] Cache hit
[2025-11-05T23:20:30.281260] [DEBUG] Entering function process_data()
[2025-11-05T23:20:30.281194] [INFO] Configuration loaded
[2025-11-05T23:20:30.281216] [WARN] Timeout warning
[2025-11-05T23:20:30.281240] [WARN] High memory usage detected
[2025-11-05T23:20:30.281251] [ERROR] Invalid input data
[2025-11-05T23:20:30.281179] [INFO] User logged in
