[2025-11-05T23:20:44.495611] [ERROR] Authentication failed
[2025-11-05T23:20:44.495526] [INFO] Transaction completed
[2025-11-05T23:20:44.495601] [WARN] Cache miss
[2025-11-05T23:20:44.495542] [INFO] Database query executed
[2025-11-05T23:20:44.495591] [WARN] Slow query performance
[2025-11-05T23:20:44.495551] [INFO] Configuration loaded
[2025-11-05T23:20:44.495616] [DEBUG] Cache key generated
[2025-11-05T23:20:44.495630] [DEBUG] Entering function process_data()
[2025-11-05T23:20:44.495560] [INFO] Request processed successfully
[2025-11-05T23:20:44.495492] [INFO] User logged in
[2025-11-05T23:20:44.495582] [INFO] Database query executed
[2025-11-05T23:20:44.495653] [DEBUG] Loop iteration: 15
[2025-11-05T23:20:44.495573] [INFO] Session started
[2025-11-05T23:20:44.495578] [INFO] Connection established
[2025-11-05T23:20:44.495644] [DEBUG] Variable value: x=42
[2025-11-05T23:20:44.495569] [INFO] Transaction completed
[2025-11-05T23:20:44.495639] [DEBUG] Buffer size: 4096 bytes
[2025-11-05T23:20:44.495586] [INFO] Transaction completed
[2025-11-05T23:20:44.495555] [INFO] Cache hit
[2025-11-05T23:20:44.495536] [INFO] Cache hit
[2025-11-05T23:20:44.495546] [INFO] Connection established
[2025-11-05T23:20:44.495648] [DEBUG] Cache key generated
[2025-11-05T23:20:44.495565] [INFO] Request processed successfully
[2025-11-05T23:20:44.495635] [DEBUG] Cache key generated
[2025-11-05T23:20:44.495531] [INFO] Cache hit
[2025-11-05T23:20:44.495625] [DEBUG] Timer set: 30 seconds
[2025-11-05T23:20:44.495596] [WARN] Queue size growing
[2025-11-05T23:20:44.495606] [ERROR] File not found
[2025-11-05T23:20:44.495520] [INFO] Configuration loaded
[2025-11-05T23:20:44.495621] [DEBUG] Variable value: x=42
