[2025-11-05T23:20:29.161411] [DEBUG] Entering function process_data()
[2025-11-05T23:20:29.161325] [INFO] Service initialized
[2025-11-05T23:20:29.161369] [WARN] Resource threshold approaching
[2025-11-05T23:20:29.161386] [WARN] Timeout warning
[2025-11-05T23:20:29.161391] [ERROR] File not found
[2025-11-05T23:20:29.161276] [INFO] User logged in
[2025-11-05T23:20:29.161346] [INFO] Session started
[2025-11-05T23:20:29.161358] [INFO] Configuration loaded
[2025-11-05T23:20:29.161396] [ERROR] Invalid input data
[2025-11-05T23:20:29.161307] [INFO] Database query executed
[2025-11-05T23:20:29.161342] [INFO] Configuration loaded
[2025-11-05T23:20:29.161316] [INFO] Session started
[2025-11-05T23:20:29.161311] [INFO] User logged in
[2025-11-05T23:20:29.161338] [INFO] Session started
[2025-11-05T23:20:29.161378] [WARN] Deprecated API usage
[2025-11-05T23:20:29.161334] [INFO] User logged in
[2025-11-05T23:20:29.161417] [DEBUG] Timer set: 30 seconds
[2025-11-05T23:20:29.161406] [DEBUG] Loop iteration: 15
[2025-11-05T23:20:29.161426] [DEBUG] Cache key generated
[2025-11-05T23:20:29.161301] [INFO] Transaction completed
[2025-11-05T23:20:29.161364] [WARN] Timeout warning
[2025-11-05T23:20:29.161320] [INFO] Cache hit
[2025-11-05T23:20:29.161354] [INFO] Service initialized
[2025-11-05T23:20:29.161350] [INFO] Connection established
[2025-11-05T23:20:29.161401] [DEBUG] Timer set: 30 seconds
[2025-11-05T23:20:29.161421] [DEBUG] Memory allocation: 2048 bytes
[2025-11-05T23:20:29.161382] [WARN] Slow query performance
[2025-11-05T23:20:29.161330] [INFO] User logged in
[2025-11-05T23:20:29.161374] [WARN] Connection retry attempt
