[2025-11-05T23:20:38.458929] [DEBUG] Memory allocation: 2048 bytes
[2025-11-05T23:20:38.458914] [ERROR] Network timeout
[2025-11-05T23:20:38.458892] [WARN] Cache miss
[2025-11-05T23:20:38.458839] [INFO] Configuration loaded
[2025-11-05T23:20:38.458945] [DEBUG] HTTP request headers parsed
[2025-11-05T23:20:38.458949] [DEBUG] Memory allocation: 2048 bytes
[2025-11-05T23:20:38.458835] [INFO] Configuration loaded
[2025-11-05T23:20:38.458864] [INFO] Health check passed
[2025-11-05T23:20:38.458885] [WARN] Deprecated API usage
[2025-11-05T23:20:38.458934] [DEBUG] Loop iteration: 15
[2025-11-05T23:20:38.458925] [DEBUG] Buffer size: 4096 bytes
[2025-11-05T23:20:38.458938] [DEBUG] Entering function process_data()
[2025-11-05T23:20:38.458843] [INFO] Transaction completed
[2025-11-05T23:20:38.458829] [INFO] Service initialized
[2025-11-05T23:20:38.458859] [INFO] Session started
[2025-11-05T23:20:38.458941] [DEBUG] Memory allocation: 2048 bytes
[2025-11-05T23:20:38.458901] [WARN] Rate limit approaching
[2025-11-05T23:20:38.458804] [INFO] Connection established
[2025-11-05T23:20:38.458896] [WARN] Resource threshold approaching
[2025-11-05T23:20:38.458868] [INFO] User logged in
[2025-11-05T23:20:38.458889] [WARN] Timeout warning
[2025-11-05T23:20:38.458905] [WARN] Connection retry attempt
[2025-11-05T23:20:38.458875] [INFO] Request processed successfully
[2025-11-05T23:20:38.458855] [INFO] Request processed successfully
[2025-11-05T23:20:38.458851] [INFO] Database query executed
[2025-11-05T23:20:38.458871] [INFO] Configuration loaded
[2025-11-05T23:20:38.458920] [DEBUG] Cache key generated
[2025-11-05T23:20:38.458953] [DEBUG] Cache key generated
[2025-11-05T23:20:38.458880] [WARN] Deprecated API usage
[2025-11-05T23:20:38.458910] [ERROR] Request failed
[2025-11-05T23:20:38.458848] [INFO] Transaction completed
