[2025-11-05T23:20:28.210483] [WARN] Queue size growing
[2025-11-05T23:20:28.210433] [INFO] Connection established
[2025-11-05T23:20:28.210516] [DEBUG] Cache key generated
[2025-11-05T23:20:28.210487] [WARN] Disk space low
[2025-11-05T23:20:28.210507] [DEBUG] Entering function process_data()
[2025-11-05T23:20:28.210501] [ERROR] Service unavailable
[2025-11-05T23:20:28.210468] [INFO] Health check passed
[2025-11-05T23:20:28.210472] [INFO] Health check passed
[2025-11-05T23:20:28.210413] [INFO] Configuration loaded
[2025-11-05T23:20:28.210522] [DEBUG] Entering function process_data()
[2025-11-05T23:20:28.210545] [DEBUG] Thread pool size: 8
[2025-11-05T23:20:28.210531] [DEBUG] Loop iteration: 15
[2025-11-05T23:20:28.210437] [INFO] Service initialized
[2025-11-05T23:20:28.210446] [INFO] Session started
[2025-11-05T23:20:28.210422] [INFO] Request processed successfully
[2025-11-05T23:20:28.210418] [INFO] Cache hit
[2025-11-05T23:20:28.210456] [INFO] Connection established
[2025-11-05T23:20:28.210478] [WARN] Resource threshold approaching
[2025-11-05T23:20:28.210407] [INFO] Configuration loaded
[2025-11-05T23:20:28.210380] [INFO] Connection established
[2025-11-05T23:20:28.210460] [INFO] Transaction completed
[2025-11-05T23:20:28.210535] [DEBUG] Cache key generated
[2025-11-05T23:20:28.210451] [INFO] Database query executed
[2025-11-05T23:20:28.210526] [DEBUG] Connection pool status checked
[2025-11-05T23:20:28.210441] [INFO] Service initialized
[2025-11-05T23:20:28.210540] [DEBUG] Entering function process_data()
[2025-11-05T23:20:28.210427] [INFO] Request processed successfully
[2025-11-05T23:20:28.210512] [DEBUG] Buffer size: 4096 bytes
[2025-11-05T23:20:28.210492] [WARN] Disk space low
[2025-11-05T23:20:28.210464] [INFO] User logged in
[2025-11-05T23:20:28.210497] [ERROR] Invalid input data
