[2025-11-05T23:20:47.873298] [INFO] Health check passed
[2025-11-05T23:20:47.873289] [INFO] Service initialized
[2025-11-05T23:20:47.873335] [DEBUG] Entering function process_data()
[2025-11-05T23:20:47.873312] [WARN] Deprecated API usage
[2025-11-05T23:20:47.873263] [INFO] Transaction completed
[2025-11-05T23:20:47.873304] [INFO] Service initialized
[2025-11-05T23:20:47.873280] [INFO] User logged in
[2025-11-05T23:20:47.873295] [INFO] Database query executed
[2025-11-05T23:20:47.873267] [INFO] Configuration loaded
[2025-11-05T23:20:47.873347] [DEBUG] Connection pool status checked
[2025-11-05T23:20:47.873270] [INFO] User logged in
[2025-11-05T23:20:47.873328] [DEBUG] Loop iteration: 15
[2025-11-05T23:20:47.873317] [ERROR] Service unavailable
[2025-11-05T23:20:47.873344] [DEBUG] Variable value: x=42
[2025-11-05T23:20:47.873321] [DEBUG] Memory allocation: 2048 bytes
[2025-11-05T23:20:47.873283] [INFO] Service initialized
[2025-11-05T23:20:47.873273] [INFO] Health check passed
[2025-11-05T23:20:47.873301] [INFO] User logged in
[2025-11-05T23:20:47.873277] [INFO] Request processed successfully
[2025-11-05T23:20:47.873332] [DEBUG] Variable value: x=42
[2025-11-05T23:20:47.873338] [DEBUG] Buffer size: 4096 bytes
[2025-11-05T23:20:47.873340] [DEBUG] Timer set: 30 seconds
[2025-11-05T23:20:47.873325] [DEBUG] Loop iteration: 15
[2025-11-05T23:20:47.873308] [WARN] High memory usage detected
[2025-11-05T23:20:47.873286] [INFO] Request processed successfully
[2025-11-05T23:20:47.873240] [INFO] Configuration loaded
[2025-11-05T23:20:47.873292] [INFO] Service initialized
