[2025-11-05T23:20:19.675028] [INFO] Session started
[2025-11-05T23:20:19.675104] [DEBUG] Thread pool size: 8
[2025-11-05T23:20:19.675006] [INFO] Configuration loaded
[2025-11-05T23:20:19.675001] [INFO] Service initialized
[2025-11-05T23:20:19.675033] [INFO] User logged in
[2025-11-05T23:20:19.675100] [DEBUG] HTTP request headers parsed
[2025-11-05T23:20:19.674962] [INFO] Request processed successfully
[2025-11-05T23:20:19.675091] [DEBUG] HTTP request headers parsed
[2025-11-05T23:20:19.675080] [ERROR] Request failed
[2025-11-05T23:20:19.675063] [WARN] Cache miss
[2025-11-05T23:20:19.675109] [DEBUG] Timer set: 30 seconds
[2025-11-05T23:20:19.675037] [INFO] Health check passed
[2025-11-05T23:20:19.675095] [DEBUG] Buffer size: 4096 bytes
[2025-11-05T23:20:19.675118] [DEBUG] Entering function process_data()
[2025-11-05T23:20:19.675057] [WARN] Rate limit approaching
[2025-11-05T23:20:19.675068] [WARN] Connection retry attempt
[2025-11-05T23:20:19.675047] [INFO] Session started
[2025-11-05T23:20:19.675051] [INFO] Configuration loaded
[2025-11-05T23:20:19.675085] [DEBUG] Buffer size: 4096 bytes
[2025-11-05T23:20:19.675024] [INFO] Request processed successfully
[2025-11-05T23:20:19.674996] [INFO] Transaction completed
[2025-11-05T23:20:19.675113] [DEBUG] Thread pool size: 8
[2025-11-05T23:20:19.675042] [INFO] Configuration loaded
[2025-11-05T23:20:19.675015] [INFO] Connection established
[2025-11-05T23:20:19.675127] [DEBUG] Cache key generated
[2025-11-05T23:20:19.675122] [DEBUG] Timer set: 30 seconds
[2025-11-05T23:20:19.675011] [INFO] Request processed successfully
[2025-11-05T23:20:19.675074] [ERROR] Disk read failed
[2025-11-05T23:20:19.675019] [INFO] Health check passed
[2025-11-05T23:20:19.674990] [INFO] Cache hit
