[2025-11-05T23:20:13.549475] [INFO] Configuration loaded
[2025-11-05T23:20:13.549534] [WARN] Resource threshold approaching
[2025-11-05T23:20:13.549577] [DEBUG] Timer set: 30 seconds
[2025-11-05T23:20:13.549547] [WARN] Rate limit approaching
[2025-11-05T23:20:13.549542] [WARN] Cache miss
[2025-11-05T23:20:13.549514] [INFO] User logged in
[2025-11-05T23:20:13.549568] [DEBUG] Timer set: 30 seconds
[2025-11-05T23:20:13.549502] [INFO] Health check passed
[2025-11-05T23:20:13.549484] [INFO] Request processed successfully
[2025-11-05T23:20:13.549506] [INFO] Health check passed
[2025-11-05T23:20:13.549510] [INFO] Health check passed
[2025-11-05T23:20:13.549489] [INFO] Request processed successfully
[2025-11-05T23:20:13.549563] [DEBUG] Timer set: 30 seconds
[2025-11-05T23:20:13.549552] [ERROR] Invalid input data
[2025-11-05T23:20:13.549520] [WARN] Resource threshold approaching
[2025-11-05T23:20:13.549467] [INFO] User logged in
[2025-11-05T23:20:13.549451] [INFO] Request processed successfully
[2025-11-05T23:20:13.549480] [INFO] Configuration loaded
[2025-11-05T23:20:13.549538] [WARN] High memory usage detected
[2025-11-05T23:20:13.549558] [DEBUG] Thread pool size: 8
[2025-11-05T23:20:13.549572] [DEBUG] Buffer size: 4096 bytes
[2025-11-05T23:20:13.549471] [INFO] Cache hit
[2025-11-05T23:20:13.549498] [INFO] Session started
[2025-11-05T23:20:13.549424] [INFO] Cache hit
[2025-11-05T23:20:13.549494] [INFO] Cache hit
[2025-11-05T23:20:13.549530] [WARN] Queue size growing
[2025-11-05T23:20:13.549581] [DEBUG] Variable value: x=42
[2025-11-05T23:20:13.549526] [WARN] Queue size growing
[2025-11-05T23:20:13.549586] [DEBUG] Variable value: x=42
[2025-11-05T23:20:13.549462] [INFO] Health check passed
[2025-11-05T23:20:13.549456] [INFO] Cache hit
