[2025-11-05T23:20:47.590893] [INFO] Cache hit
[2025-11-05T23:20:47.590879] [INFO] Connection established
[2025-11-05T23:20:47.590962] [DEBUG] Timer set: 30 seconds
[2025-11-05T23:20:47.590900] [INFO] Request processed successfully
[2025-11-05T23:20:47.590935] [WARN] Cache miss
[2025-11-05T23:20:47.590889] [INFO] Transaction completed
[2025-11-05T23:20:47.590952] [DEBUG] Variable value: x=42
[2025-11-05T23:20:47.590914] [INFO] User logged in
[2025-11-05T23:20:47.590923] [WARN] Resource threshold approaching
[2025-11-05T23:20:47.590955] [DEBUG] Buffer size: 4096 bytes
[2025-11-05T23:20:47.590931] [WARN] Resource threshold approaching
[2025-11-05T23:20:47.590927] [WARN] Queue size growing
[2025-11-05T23:20:47.590803] [INFO] Cache hit
[2025-11-05T23:20:47.590919] [WARN] Deprecated API usage
[2025-11-05T23:20:47.590959] [DEBUG] Memory allocation: 2048 bytes
[2025-11-05T23:20:47.590945] [DEBUG] Loop iteration: 15
[2025-11-05T23:20:47.590868] [INFO] Health check passed
[2025-11-05T23:20:47.590910] [INFO] Session started
[2025-11-05T23:20:47.590882] [INFO] Service initialized
[2025-11-05T23:20:47.590903] [INFO] Cache hit
[2025-11-05T23:20:47.590863] [INFO] Connection established
[2025-11-05T23:20:47.590875] [INFO] Service initialized
[2025-11-05T23:20:47.590885] [INFO] Session started
[2025-11-05T23:20:47.590949] [DEBUG] Connection pool status checked
[2025-11-05T23:20:47.590907] [INFO] Database query executed
[2025-11-05T23:20:47.590940] [ERROR] Database connection lost
[2025-11-05T23:20:47.590897] [INFO] Session started
[2025-11-05T23:20:47.590872] [INFO] Request processed successfully
