[2025-11-05T23:20:20.026551] [INFO] Cache hit
[2025-11-05T23:20:20.026591] [INFO] User logged in
[2025-11-05T23:20:20.026535] [INFO] Session started
[2025-11-05T23:20:20.026691] [DEBUG] Entering function process_data()
[2025-11-05T23:20:20.026540] [INFO] Health check passed
[2025-11-05T23:20:20.026566] [INFO] Health check passed
[2025-11-05T23:20:20.026618] [WARN] Connection retry attempt
[2025-11-05T23:20:20.026666] [DEBUG] Connection pool status checked
[2025-11-05T23:20:20.026696] [DEBUG] Cache key generated
[2025-11-05T23:20:20.026623] [WARN] High memory usage detected
[2025-11-05T23:20:20.026681] [DEBUG] Thread pool size: 8
[2025-11-05T23:20:20.026556] [INFO] Session started
[2025-11-05T23:20:20.026502] [INFO] Health check passed
[2025-11-05T23:20:20.026662] [DEBUG] Buffer size: 4096 bytes
[2025-11-05T23:20:20.026585] [INFO] User logged in
[2025-11-05T23:20:20.026528] [INFO] User logged in
[2025-11-05T23:20:20.026606] [WARN] Slow query performance
[2025-11-05T23:20:20.026649] [ERROR] Network timeout
[2025-11-05T23:20:20.026637] [WARN] Disk space low
[2025-11-05T23:20:20.026632] [WARN] Timeout warning
[2025-11-05T23:20:20.026686] [DEBUG] Thread pool size: 8
[2025-11-05T23:20:20.026546] [INFO] User logged in
[2025-11-05T23:20:20.026628] [WARN] Connection retry attempt
[2025-11-05T23:20:20.026656] [DEBUG] Entering function process_data()
[2025-11-05T23:20:20.026601] [WARN] Queue size growing
[2025-11-05T23:20:20.026643] [ERROR] Network timeout
[2025-11-05T23:20:20.026581] [INFO] Session started
[2025-11-05T23:20:20.026676] [DEBUG] HTTP request headers parsed
[2025-11-05T23:20:20.026671] [DEBUG] Memory allocation: 2048 bytes
[2025-11-05T23:20:20.026595] [INFO] Health check passed
[2025-11-05T23:20:20.026575] [INFO] Health check passed
[2025-11-05T23:20:20.026561] [INFO] Cache hit
[2025-11-05T23:20:20.026613] [WARN] Deprecated API usage
[2025-11-05T23:20:20.026571] [INFO] Request processed successfully
