[2025-11-05T23:20:44.234033] [INFO] Health check passed
[2025-11-05T23:20:44.234004] [INFO] Request processed successfully
[2025-11-05T23:20:44.234093] [DEBUG] Variable value: x=42
[2025-11-05T23:20:44.233947] [INFO] Service initialized
[2025-11-05T23:20:44.234074] [ERROR] Authentication failed
[2025-11-05T23:20:44.234019] [INFO] Health check passed
[2025-11-05T23:20:44.234107] [DEBUG] Variable value: x=42
[2025-11-05T23:20:44.234069] [ERROR] Database connection lost
[2025-11-05T23:20:44.234040] [WARN] Rate limit approaching
[2025-11-05T23:20:44.233991] [INFO] Service initialized
[2025-11-05T23:20:44.234063] [WARN] High memory usage detected
[2025-11-05T23:20:44.234023] [INFO] Connection established
[2025-11-05T23:20:44.234089] [DEBUG] HTTP request headers parsed
[2025-11-05T23:20:44.234115] [DEBUG] Timer set: 30 seconds
[2025-11-05T23:20:44.234014] [INFO] Transaction completed
[2025-11-05T23:20:44.234027] [INFO] Session started
[2025-11-05T23:20:44.234047] [WARN] Queue size growing
[2025-11-05T23:20:44.234000] [INFO] Transaction completed
[2025-11-05T23:20:44.234053] [WARN] Slow query performance
[2025-11-05T23:20:44.234009] [INFO] Health check passed
[2025-11-05T23:20:44.233982] [INFO] Request processed successfully
[2025-11-05T23:20:44.234080] [DEBUG] Timer set: 30 seconds
[2025-11-05T23:20:44.233971] [INFO] Connection established
[2025-11-05T23:20:44.234111] [DEBUG] Timer set: 30 seconds
[2025-11-05T23:20:44.233986] [INFO] Service initialized
[2025-11-05T23:20:44.234085] [DEBUG] HTTP request headers parsed
[2025-11-05T23:20:44.234098] [DEBUG] Loop iteration: 15
[2025-11-05T23:20:44.234102] [DEBUG] Cache key generated
[2025-11-05T23:20:44.233976] [INFO] Configuration loaded
[2025-11-05T23:20:44.234058] [WARN] High memory usage detected
[2025-11-05T23:20:44.233996] [INFO] Transaction completed
