[2025-11-05T23:20:13.629252] [INFO] Request processed successfully
[2025-11-05T23:20:13.629281] [WARN] High memory usage detected
[2025-11-05T23:20:13.629228] [INFO] Transaction completed
[2025-11-05T23:20:13.629255] [INFO] Service initialized
[2025-11-05T23:20:13.629225] [INFO] User logged in
[2025-11-05T23:20:13.629302] [DEBUG] Memory allocation: 2048 bytes
[2025-11-05T23:20:13.629326] [DEBUG] Timer set: 30 seconds
[2025-11-05T23:20:13.629321] [DEBUG] Timer set: 30 seconds
[2025-11-05T23:20:13.629291] [ERROR] Disk read failed
[2025-11-05T23:20:13.629267] [INFO] Health check passed
[2025-11-05T23:20:13.629331] [DEBUG] Thread pool size: 8
[2025-11-05T23:20:13.629275] [WARN] Deprecated API usage
[2025-11-05T23:20:13.629259] [INFO] Connection established
[2025-11-05T23:20:13.629215] [INFO] Request processed successfully
[2025-11-05T23:20:13.629263] [INFO] Session started
[2025-11-05T23:20:13.629236] [INFO] Health check passed
[2025-11-05T23:20:13.629191] [INFO] Cache hit
[2025-11-05T23:20:13.629307] [DEBUG] Variable value: x=42
[2025-11-05T23:20:13.629335] [DEBUG] Buffer size: 4096 bytes
[2025-11-05T23:20:13.629286] [WARN] Queue size growing
[2025-11-05T23:20:13.629240] [INFO] Configuration loaded
[2025-11-05T23:20:13.629312] [DEBUG] Entering function process_data()
[2025-11-05T23:20:13.629296] [ERROR] Database connection lost
[2025-11-05T23:20:13.629316] [DEBUG] Variable value: x=42
[2025-11-05T23:20:13.629220] [INFO] Configuration loaded
[2025-11-05T23:20:13.629248] [INFO] Transaction completed
[2025-11-05T23:20:13.629244] [INFO] User logged in
[2025-11-05T23:20:13.629232] [INFO] Session started
[2025-11-05T23:20:13.629270] [INFO] Connection established
