[2025-11-05T23:20:29.342634] [INFO] Connection established
[2025-11-05T23:20:29.342647] [WARN] Deprecated API usage
[2025-11-05T23:20:29.342628] [INFO] Service initialized
[2025-11-05T23:20:29.342678] [DEBUG] Buffer size: 4096 bytes
[2025-11-05T23:20:29.342596] [INFO] User logged in
[2025-11-05T23:20:29.342616] [INFO] Service initialized
[2025-11-05T23:20:29.342661] [ERROR] Authentication failed
[2025-11-05T23:20:29.342601] [INFO] Configuration loaded
[2025-11-05T23:20:29.342673] [DEBUG] Cache key generated
[2025-11-05T23:20:29.342638] [INFO] Cache hit
[2025-11-05T23:20:29.342681] [DEBUG] Memory allocation: 2048 bytes
[2025-11-05T23:20:29.342620] [INFO] Health check passed
[2025-11-05T23:20:29.342669] [DEBUG] Timer set: 30 seconds
[2025-11-05T23:20:29.342665] [ERROR] Permission denied
[2025-11-05T23:20:29.342692] [DEBUG] Timer set: 30 seconds
[2025-11-05T23:20:29.342657] [ERROR] Network timeout
[2025-11-05T23:20:29.342624] [INFO] Request processed successfully
[2025-11-05T23:20:29.342609] [INFO] Transaction completed
[2025-11-05T23:20:29.342592] [INFO] Service initialized
[2025-11-05T23:20:29.342562] [INFO] User logged in
[2025-11-05T23:20:29.342631] [INFO] Health check passed
[2025-11-05T23:20:29.342605] [INFO] User logged in
[2025-11-05T23:20:29.342587] [INFO] Request processed successfully
[2025-11-05T23:20:29.342689] [DEBUG] Connection pool status checked
[2025-11-05T23:20:29.342685] [DEBUG] Cache key generated
[2025-11-05T23:20:29.342613] [INFO] User logged in
[2025-11-05T23:20:29.342652] [WARN] Cache miss
[2025-11-05T23:20:29.342643] [WARN] Connection retry attempt
