[2025-11-05T23:20:40.114174] [INFO] Health check passed
[2025-11-05T23:20:40.114216] [ERROR] Disk read failed
[2025-11-05T23:20:40.114143] [INFO] Connection established
[2025-11-05T23:20:40.114233] [DEBUG] Thread pool size: 8
[2025-11-05T23:20:40.114237] [DEBUG] Variable value: x=42
[2025-11-05T23:20:40.114224] [DEBUG] HTTP request headers parsed
[2025-11-05T23:20:40.114161] [INFO] Configuration loaded
[2025-11-05T23:20:40.114178] [INFO] Connection established
[2025-11-05T23:20:40.114138] [INFO] Database query executed
[2025-11-05T23:20:40.114250] [DEBUG] Thread pool size: 8
[2025-11-05T23:20:40.114096] [INFO] Cache hit
[2025-11-05T23:20:40.114219] [ERROR] Memory allocation error
[2025-11-05T23:20:40.114192] [WARN] Rate limit approaching
[2025-11-05T23:20:40.114182] [INFO] Configuration loaded
[2025-11-05T23:20:40.114156] [INFO] Health check passed
[2025-11-05T23:20:40.114246] [DEBUG] Connection pool status checked
[2025-11-05T23:20:40.114201] [WARN] High memory usage detected
[2025-11-05T23:20:40.114242] [DEBUG] Entering function process_data()
[2025-11-05T23:20:40.114170] [INFO] Cache hit
[2025-11-05T23:20:40.114254] [DEBUG] Cache key generated
[2025-11-05T23:20:40.114129] [INFO] Session started
[2025-11-05T23:20:40.114187] [WARN] Queue size growing
[2025-11-05T23:20:40.114258] [DEBUG] Timer set: 30 seconds
[2025-11-05T23:20:40.114148] [INFO] Cache hit
[2025-11-05T23:20:40.114134] [INFO] Transaction completed
[2025-11-05T23:20:40.114211] [ERROR] Permission denied
[2025-11-05T23:20:40.114152] [INFO] Cache hit
[2025-11-05T23:20:40.114229] [DEBUG] Memory allocation: 2048 bytes
[2025-11-05T23:20:40.114207] [ERROR] Network timeout
[2025-11-05T23:20:40.114122] [INFO] Transaction completed
[2025-11-05T23:20:40.114165] [INFO] Database query executed
[2025-11-05T23:20:40.114197] [WARN] Queue size growing
