[2025-11-05T23:20:14.645141] [INFO] Service initialized
[2025-11-05T23:20:14.645205] [DEBUG] Thread pool size: 8
[2025-11-05T23:20:14.645149] [INFO] Database query executed
[2025-11-05T23:20:14.645168] [WARN] Queue size growing
[2025-11-05T23:20:14.645157] [INFO] Connection established
[2025-11-05T23:20:14.645227] [DEBUG] Connection pool status checked
[2025-11-05T23:20:14.645163] [WARN] Resource threshold approaching
[2025-11-05T23:20:14.645240] [DEBUG] Timer set: 30 seconds
[2025-11-05T23:20:14.645223] [DEBUG] Memory allocation: 2048 bytes
[2025-11-05T23:20:14.645153] [INFO] Transaction completed
[2025-11-05T23:20:14.645231] [DEBUG] Loop iteration: 15
[2025-11-05T23:20:14.645137] [INFO] User logged in
[2025-11-05T23:20:14.645214] [DEBUG] Cache key generated
[2025-11-05T23:20:14.645235] [DEBUG] Memory allocation: 2048 bytes
[2025-11-05T23:20:14.645119] [INFO] Database query executed
[2025-11-05T23:20:14.645199] [ERROR] Request failed
[2025-11-05T23:20:14.645195] [ERROR] Memory allocation error
[2025-11-05T23:20:14.645181] [WARN] Resource threshold approaching
[2025-11-05T23:20:14.645132] [INFO] Session started
[2025-11-05T23:20:14.645172] [WARN] Disk space low
[2025-11-05T23:20:14.645105] [INFO] Service initialized
[2025-11-05T23:20:14.645145] [INFO] User logged in
[2025-11-05T23:20:14.645080] [INFO] Connection established
[2025-11-05T23:20:14.645177] [WARN] Rate limit approaching
[2025-11-05T23:20:14.645128] [INFO] Health check passed
[2025-11-05T23:20:14.645124] [INFO] Service initialized
[2025-11-05T23:20:14.645219] [DEBUG] Timer set: 30 seconds
[2025-11-05T23:20:14.645115] [INFO] Configuration loaded
[2025-11-05T23:20:14.645190] [ERROR] Database connection lost
[2025-11-05T23:20:14.645185] [WARN] Disk space low
[2025-11-05T23:20:14.645110] [INFO] Request processed successfully
[2025-11-05T23:20:14.645210] [DEBUG] Loop iteration: 15
