[2025-11-05T23:20:32.128463] [ERROR] Disk read failed
[2025-11-05T23:20:32.128480] [DEBUG] Buffer size: 4096 bytes
[2025-11-05T23:20:32.128485] [DEBUG] Memory allocation: 2048 bytes
[2025-11-05T23:20:32.128449] [WARN] Slow query performance
[2025-11-05T23:20:32.128417] [INFO] Connection established
[2025-11-05T23:20:32.128457] [WARN] Resource threshold approaching
[2025-11-05T23:20:32.128399] [INFO] Service initialized
[2025-11-05T23:20:32.128475] [ERROR] Database connection lost
[2025-11-05T23:20:32.128453] [WARN] Resource threshold approaching
[2025-11-05T23:20:32.128513] [DEBUG] Loop iteration: 15
[2025-11-05T23:20:32.128123] [INFO] User logged in
[2025-11-05T23:20:32.128517] [DEBUG] Cache key generated
[2025-11-05T23:20:32.128467] [ERROR] File not found
[2025-11-05T23:20:32.128489] [DEBUG] Entering function process_data()
[2025-11-05T23:20:32.128136] [INFO] Configuration loaded
[2025-11-05T23:20:32.128435] [WARN] Disk space low
[2025-11-05T23:20:32.128117] [INFO] Request processed successfully
[2025-11-05T23:20:32.128128] [INFO] Session started
[2025-11-05T23:20:32.128529] [DEBUG] Entering function process_data()
[2025-11-05T23:20:32.128409] [INFO] Connection established
[2025-11-05T23:20:32.128413] [INFO] Service initialized
[2025-11-05T23:20:32.128154] [INFO] Database query executed
[2025-11-05T23:20:32.128498] [DEBUG] Entering function process_data()
[2025-11-05T23:20:32.128404] [INFO] Request processed successfully
[2025-11-05T23:20:32.128521] [DEBUG] Memory allocation: 2048 bytes
[2025-11-05T23:20:32.128132] [INFO] Database query executed
[2025-11-05T23:20:32.128505] [DEBUG] Variable value: x=42
[2025-11-05T23:20:32.128533] [DEBUG] Thread pool size: 8
[2025-11-05T23:20:32.128145] [INFO] Service initialized
[2025-11-05T23:20:32.128158] [INFO] Service initialized
[2025-11-05T23:20:32.128440] [WARN] Rate limit approaching
[2025-11-05T23:20:32.128093] [INFO] Database query executed
[2025-11-05T23:20:32.128430] [WARN] Timeout warning
[2025-11-05T23:20:32.128444] [WARN] Slow query performance
[2025-11-05T23:20:32.128493] [DEBUG] Loop iteration: 15
[2025-11-05T23:20:32.128141] [INFO] Database query executed
[2025-11-05T23:20:32.128389] [INFO] Connection established
[2025-11-05T23:20:32.128502] [DEBUG] Buffer size: 4096 bytes
[2025-11-05T23:20:32.128424] [WARN] High memory usage detected
[2025-11-05T23:20:32.128150] [INFO] Session started
[2025-11-05T23:20:32.128524] [DEBUG] Entering function process_data()
[2025-11-05T23:20:32.128471] [ERROR] Memory allocation error
[2025-11-05T23:20:32.128509] [DEBUG] Memory allocation: 2048 bytes
