[2025-11-05T23:20:35.001339] [ERROR] Authentication failed
[2025-11-05T23:20:35.001371] [DEBUG] Thread pool size: 8
[2025-11-05T23:20:35.001353] [DEBUG] Timer set: 30 seconds
[2025-11-05T23:20:35.001349] [DEBUG] HTTP request headers parsed
[2025-11-05T23:20:35.001345] [DEBUG] Loop iteration: 15
[2025-11-05T23:20:35.001262] [INFO] Configuration loaded
[2025-11-05T23:20:35.001334] [WARN] Queue size growing
[2025-11-05T23:20:35.001227] [INFO] Database query executed
[2025-11-05T23:20:35.001321] [WARN] Deprecated API usage
[2025-11-05T23:20:35.001294] [INFO] Transaction completed
[2025-11-05T23:20:35.001310] [INFO] Database query executed
[2025-11-05T23:20:35.001325] [WARN] Rate limit approaching
[2025-11-05T23:20:35.001298] [INFO] Database query executed
[2025-11-05T23:20:35.001306] [INFO] Health check passed
[2025-11-05T23:20:35.001267] [INFO] Transaction completed
[2025-11-05T23:20:35.001362] [DEBUG] Thread pool size: 8
[2025-11-05T23:20:35.001358] [DEBUG] Timer set: 30 seconds
[2025-11-05T23:20:35.001276] [INFO] Cache hit
[2025-11-05T23:20:35.001367] [DEBUG] Connection pool status checked
[2025-11-05T23:20:35.001316] [WARN] Disk space low
[2025-11-05T23:20:35.001375] [DEBUG] Timer set: 30 seconds
[2025-11-05T23:20:35.001285] [INFO] Cache hit
[2025-11-05T23:20:35.001329] [WARN] Timeout warning
[2025-11-05T23:20:35.001257] [INFO] Request processed successfully
[2025-11-05T23:20:35.001281] [INFO] User logged in
[2025-11-05T23:20:35.001252] [INFO] Database query executed
[2025-11-05T23:20:35.001379] [DEBUG] Buffer size: 4096 bytes
[2025-11-05T23:20:35.001302] [INFO] Configuration loaded
[2025-11-05T23:20:35.001272] [INFO] User logged in
[2025-11-05T23:20:35.001290] [INFO] Request processed successfully
