[2025-11-05T23:20:23.732685] [INFO] Service initialized
[2025-11-05T23:20:23.732720] [INFO] Cache hit
[2025-11-05T23:20:23.732651] [INFO] Session started
[2025-11-05T23:20:23.732822] [DEBUG] Thread pool size: 8
[2025-11-05T23:20:23.732715] [INFO] Request processed successfully
[2025-11-05T23:20:23.732781] [ERROR] Authentication failed
[2025-11-05T23:20:23.732787] [DEBUG] Connection pool status checked
[2025-11-05T23:20:23.732808] [DEBUG] Cache key generated
[2025-11-05T23:20:23.732739] [INFO] Service initialized
[2025-11-05T23:20:23.732691] [INFO] Request processed successfully
[2025-11-05T23:20:23.732707] [INFO] Session started
[2025-11-05T23:20:23.732678] [INFO] Health check passed
[2025-11-05T23:20:23.732798] [DEBUG] Thread pool size: 8
[2025-11-05T23:20:23.732817] [DEBUG] Connection pool status checked
[2025-11-05T23:20:23.732702] [INFO] Database query executed
[2025-11-05T23:20:23.732696] [INFO] Request processed successfully
[2025-11-05T23:20:23.732813] [DEBUG] Cache key generated
[2025-11-05T23:20:23.732744] [INFO] Request processed successfully
[2025-11-05T23:20:23.732711] [INFO] Request processed successfully
[2025-11-05T23:20:23.732792] [DEBUG] Buffer size: 4096 bytes
[2025-11-05T23:20:23.732826] [DEBUG] HTTP request headers parsed
[2025-11-05T23:20:23.732748] [INFO] Connection established
[2025-11-05T23:20:23.732735] [INFO] Connection established
[2025-11-05T23:20:23.732764] [WARN] Resource threshold approaching
[2025-11-05T23:20:23.732726] [INFO] User logged in
[2025-11-05T23:20:23.732759] [WARN] Queue size growing
[2025-11-05T23:20:23.732803] [DEBUG] Cache key generated
[2025-11-05T23:20:23.732753] [INFO] Connection established
[2025-11-05T23:20:23.732731] [INFO] Session started
[2025-11-05T23:20:23.732770] [WARN] Connection retry attempt
[2025-11-05T23:20:23.732776] [ERROR] File not found
