[2025-11-05T23:20:40.973648] [INFO] Configuration loaded
[2025-11-05T23:20:40.973681] [INFO] Transaction completed
[2025-11-05T23:20:40.973758] [WARN] Queue size growing
[2025-11-05T23:20:40.973780] [DEBUG] Loop iteration: 15
[2025-11-05T23:20:40.973740] [WARN] Deprecated API usage
[2025-11-05T23:20:40.973672] [INFO] Connection established
[2025-11-05T23:20:40.973698] [INFO] Service initialized
[2025-11-05T23:20:40.973723] [WARN] Deprecated API usage
[2025-11-05T23:20:40.973770] [DEBUG] Memory allocation: 2048 bytes
[2025-11-05T23:20:40.973676] [INFO] Cache hit
[2025-11-05T23:20:40.973703] [INFO] User logged in
[2025-11-05T23:20:40.973775] [DEBUG] Thread pool size: 8
[2025-11-05T23:20:40.973707] [INFO] Request processed successfully
[2025-11-05T23:20:40.973685] [INFO] User logged in
[2025-11-05T23:20:40.973668] [INFO] Session started
[2025-11-05T23:20:40.973727] [WARN] Slow query performance
[2025-11-05T23:20:40.973663] [INFO] Database query executed
[2025-11-05T23:20:40.973764] [ERROR] Service unavailable
[2025-11-05T23:20:40.973690] [INFO] Transaction completed
[2025-11-05T23:20:40.973748] [WARN] Deprecated API usage
[2025-11-05T23:20:40.973736] [WARN] Disk space low
[2025-11-05T23:20:40.973658] [INFO] Request processed successfully
[2025-11-05T23:20:40.973793] [DEBUG] Entering function process_data()
[2025-11-05T23:20:40.973744] [WARN] High memory usage detected
[2025-11-05T23:20:40.973654] [INFO] Database query executed
[2025-11-05T23:20:40.973789] [DEBUG] Memory allocation: 2048 bytes
[2025-11-05T23:20:40.973713] [WARN] Disk space low
[2025-11-05T23:20:40.973784] [DEBUG] Cache key generated
[2025-11-05T23:20:40.973718] [WARN] High memory usage detected
[2025-11-05T23:20:40.973694] [INFO] Transaction completed
[2025-11-05T23:20:40.973753] [WARN] Rate limit approaching
[2025-11-05T23:20:40.973732] [WARN] Deprecated API usage
[2025-11-05T23:20:40.973621] [INFO] Configuration loaded
