[2025-11-05T23:20:47.376981] [INFO] Request processed successfully
[2025-11-05T23:20:47.376985] [INFO] Database query executed
[2025-11-05T23:20:47.376962] [INFO] Service initialized
[2025-11-05T23:20:47.376911] [INFO] Service initialized
[2025-11-05T23:20:47.377068] [DEBUG] HTTP request headers parsed
[2025-11-05T23:20:47.376971] [INFO] Cache hit
[2025-11-05T23:20:47.377008] [WARN] Slow query performance
[2025-11-05T23:20:47.376939] [INFO] Database query executed
[2025-11-05T23:20:47.376994] [INFO] Cache hit
[2025-11-05T23:20:47.377013] [WARN] Slow query performance
[2025-11-05T23:20:47.377043] [ERROR] Network timeout
[2025-11-05T23:20:47.377077] [DEBUG] Entering function process_data()
[2025-11-05T23:20:47.377059] [DEBUG] Cache key generated
[2025-11-05T23:20:47.377081] [DEBUG] Variable value: x=42
[2025-11-05T23:20:47.377002] [INFO] Transaction completed
[2025-11-05T23:20:47.376998] [INFO] Health check passed
[2025-11-05T23:20:47.376990] [INFO] Connection established
[2025-11-05T23:20:47.377018] [WARN] Cache miss
[2025-11-05T23:20:47.377072] [DEBUG] Memory allocation: 2048 bytes
[2025-11-05T23:20:47.377027] [WARN] Connection retry attempt
[2025-11-05T23:20:47.376966] [INFO] Transaction completed
[2025-11-05T23:20:47.377063] [DEBUG] HTTP request headers parsed
[2025-11-05T23:20:47.377033] [ERROR] Network timeout
[2025-11-05T23:20:47.376951] [INFO] Service initialized
[2025-11-05T23:20:47.376945] [INFO] Configuration loaded
[2025-11-05T23:20:47.377023] [WARN] Rate limit approaching
[2025-11-05T23:20:47.377038] [ERROR] Memory allocation error
[2025-11-05T23:20:47.376975] [INFO] Transaction completed
[2025-11-05T23:20:47.376956] [INFO] Database query executed
[2025-11-05T23:20:47.377054] [DEBUG] Timer set: 30 seconds
[2025-11-05T23:20:47.377049] [DEBUG] Buffer size: 4096 bytes
