[2025-11-05T23:20:20.777236] [INFO] Configuration loaded
[2025-11-05T23:20:20.777187] [INFO] Database query executed
[2025-11-05T23:20:20.777201] [INFO] Health check passed
[2025-11-05T23:20:20.777252] [WARN] Deprecated API usage
[2025-11-05T23:20:20.777240] [INFO] Health check passed
[2025-11-05T23:20:20.777214] [INFO] Configuration loaded
[2025-11-05T23:20:20.777261] [WARN] Rate limit approaching
[2025-11-05T23:20:20.777232] [INFO] Cache hit
[2025-11-05T23:20:20.777196] [INFO] Configuration loaded
[2025-11-05T23:20:20.777219] [INFO] Request processed successfully
[2025-11-05T23:20:20.777205] [INFO] User logged in
[2025-11-05T23:20:20.777298] [DEBUG] Variable value: x=42
[2025-11-05T23:20:20.777246] [WARN] Connection retry attempt
[2025-11-05T23:20:20.777270] [WARN] Resource threshold approaching
[2025-11-05T23:20:20.777317] [DEBUG] Memory allocation: 2048 bytes
[2025-11-05T23:20:20.777308] [DEBUG] Variable value: x=42
[2025-11-05T23:20:20.777210] [INFO] Cache hit
[2025-11-05T23:20:20.777287] [ERROR] File not found
[2025-11-05T23:20:20.777282] [ERROR] Memory allocation error
[2025-11-05T23:20:20.777228] [INFO] Session started
[2025-11-05T23:20:20.777192] [INFO] Database query executed
[2025-11-05T23:20:20.777266] [WARN] Connection retry attempt
[2025-11-05T23:20:20.777312] [DEBUG] Buffer size: 4096 bytes
[2025-11-05T23:20:20.777275] [WARN] Timeout warning
[2025-11-05T23:20:20.777303] [DEBUG] Timer set: 30 seconds
[2025-11-05T23:20:20.777181] [INFO] Session started
[2025-11-05T23:20:20.777257] [WARN] Connection retry attempt
[2025-11-05T23:20:20.777223] [INFO] Session started
[2025-11-05T23:20:20.777293] [DEBUG] Variable value: x=42
[2025-11-05T23:20:20.777155] [INFO] Transaction completed
