[2025-11-05T23:20:23.994246] [INFO] Service initialized
[2025-11-05T23:20:23.994307] [INFO] Cache hit
[2025-11-05T23:20:23.994333] [ERROR] Memory allocation error
[2025-11-05T23:20:23.994375] [DEBUG] Connection pool status checked
[2025-11-05T23:20:23.994349] [DEBUG] HTTP request headers parsed
[2025-11-05T23:20:23.994267] [INFO] Cache hit
[2025-11-05T23:20:23.994379] [DEBUG] Variable value: x=42
[2025-11-05T23:20:23.994285] [INFO] Health check passed
[2025-11-05T23:20:23.994252] [INFO] Service initialized
[2025-11-05T23:20:23.994366] [DEBUG] Variable value: x=42
[2025-11-05T23:20:23.994370] [DEBUG] Memory allocation: 2048 bytes
[2025-11-05T23:20:23.994281] [INFO] Configuration loaded
[2025-11-05T23:20:23.994328] [WARN] Cache miss
[2025-11-05T23:20:23.994272] [INFO] Configuration loaded
[2025-11-05T23:20:23.994257] [INFO] User logged in
[2025-11-05T23:20:23.994362] [DEBUG] Memory allocation: 2048 bytes
[2025-11-05T23:20:23.994323] [WARN] Slow query performance
[2025-11-05T23:20:23.994357] [DEBUG] Loop iteration: 15
[2025-11-05T23:20:23.994299] [INFO] Request processed successfully
[2025-11-05T23:20:23.994290] [INFO] Request processed successfully
[2025-11-05T23:20:23.994344] [DEBUG] Variable value: x=42
[2025-11-05T23:20:23.994220] [INFO] Database query executed
[2025-11-05T23:20:23.994338] [ERROR] File not found
[2025-11-05T23:20:23.994303] [INFO] Service initialized
[2025-11-05T23:20:23.994294] [INFO] Health check passed
[2025-11-05T23:20:23.994262] [INFO] Configuration loaded
[2025-11-05T23:20:23.994313] [WARN] Resource threshold approaching
[2025-11-05T23:20:23.994276] [INFO] Database query executed
[2025-11-05T23:20:23.994318] [WARN] Slow query performance
[2025-11-05T23:20:23.994353] [DEBUG] HTTP request headers parsed
