[2025-11-05T23:20:39.702620] [ERROR] Database connection lost
[2025-11-05T23:20:39.702536] [INFO] Database query executed
[2025-11-05T23:20:39.702573] [INFO] User logged in
[2025-11-05T23:20:39.702610] [ERROR] Service unavailable
[2025-11-05T23:20:39.702674] [DEBUG] Loop iteration: 15
[2025-11-05T23:20:39.702662] [DEBUG] Buffer size: 4096 bytes
[2025-11-05T23:20:39.702564] [INFO] Request processed successfully
[2025-11-05T23:20:39.702631] [DEBUG] Variable value: x=42
[2025-11-05T23:20:39.702578] [INFO] Transaction completed
[2025-11-05T23:20:39.702649] [DEBUG] Entering function process_data()
[2025-11-05T23:20:39.702635] [DEBUG] Loop iteration: 15
[2025-11-05T23:20:39.702666] [DEBUG] Connection pool status checked
[2025-11-05T23:20:39.702640] [DEBUG] Memory allocation: 2048 bytes
[2025-11-05T23:20:39.702644] [DEBUG] Connection pool status checked
[2025-11-05T23:20:39.702555] [INFO] User logged in
[2025-11-05T23:20:39.702583] [INFO] User logged in
[2025-11-05T23:20:39.702595] [WARN] Slow query performance
[2025-11-05T23:20:39.702589] [WARN] Disk space low
[2025-11-05T23:20:39.702560] [INFO] User logged in
[2025-11-05T23:20:39.702604] [WARN] Connection retry attempt
[2025-11-05T23:20:39.702541] [INFO] Health check passed
[2025-11-05T23:20:39.702670] [DEBUG] HTTP request headers parsed
[2025-11-05T23:20:39.702626] [DEBUG] Entering function process_data()
[2025-11-05T23:20:39.702546] [INFO] Health check passed
[2025-11-05T23:20:39.702530] [INFO] Transaction completed
[2025-11-05T23:20:39.702501] [INFO] User logged in
[2025-11-05T23:20:39.702551] [INFO] User logged in
[2025-11-05T23:20:39.702654] [DEBUG] Buffer size: 4096 bytes
[2025-11-05T23:20:39.702615] [ERROR] Disk read failed
[2025-11-05T23:20:39.702658] [DEBUG] Loop iteration: 15
[2025-11-05T23:20:39.702569] [INFO] Service initialized
[2025-11-05T23:20:39.702600] [WARN] Cache miss
