[2025-11-05T23:20:32.687772] [INFO] Database query executed
[2025-11-05T23:20:32.687689] [INFO] Service initialized
[2025-11-05T23:20:32.687832] [DEBUG] Buffer size: 4096 bytes
[2025-11-05T23:20:32.687787] [WARN] Resource threshold approaching
[2025-11-05T23:20:32.687722] [INFO] User logged in
[2025-11-05T23:20:32.687750] [INFO] Service initialized
[2025-11-05T23:20:32.687746] [INFO] Transaction completed
[2025-11-05T23:20:32.687819] [DEBUG] Entering function process_data()
[2025-11-05T23:20:32.687844] [DEBUG] Connection pool status checked
[2025-11-05T23:20:32.687801] [ERROR] Invalid input data
[2025-11-05T23:20:32.687796] [WARN] Deprecated API usage
[2025-11-05T23:20:32.687763] [INFO] Transaction completed
[2025-11-05T23:20:32.687836] [DEBUG] Connection pool status checked
[2025-11-05T23:20:32.687810] [DEBUG] Entering function process_data()
[2025-11-05T23:20:32.687782] [WARN] Slow query performance
[2025-11-05T23:20:32.687732] [INFO] Session started
[2025-11-05T23:20:32.687754] [INFO] Health check passed
[2025-11-05T23:20:32.687716] [INFO] Transaction completed
[2025-11-05T23:20:32.687791] [WARN] Disk space low
[2025-11-05T23:20:32.687742] [INFO] Transaction completed
[2025-11-05T23:20:32.687768] [INFO] Cache hit
[2025-11-05T23:20:32.687823] [DEBUG] HTTP request headers parsed
[2025-11-05T23:20:32.687728] [INFO] Connection established
[2025-11-05T23:20:32.687805] [ERROR] Request failed
[2025-11-05T23:20:32.687777] [INFO] Service initialized
[2025-11-05T23:20:32.687815] [DEBUG] Loop iteration: 15
[2025-11-05T23:20:32.687828] [DEBUG] Memory allocation: 2048 bytes
[2025-11-05T23:20:32.687737] [INFO] Transaction completed
[2025-11-05T23:20:32.687840] [DEBUG] HTTP request headers parsed
[2025-11-05T23:20:32.687758] [INFO] Configuration loaded
