[2025-11-05T23:20:36.216042] [WARN] Queue size growing
[2025-11-05T23:20:36.216105] [DEBUG] Memory allocation: 2048 bytes
[2025-11-05T23:20:36.215991] [INFO] Session started
[2025-11-05T23:20:36.215976] [INFO] Database query executed
[2025-11-05T23:20:36.216077] [DEBUG] Variable value: x=42
[2025-11-05T23:20:36.216010] [INFO] Session started
[2025-11-05T23:20:36.216097] [DEBUG] Connection pool status checked
[2025-11-05T23:20:36.216004] [INFO] Configuration loaded
[2025-11-05T23:20:36.216021] [WARN] Disk space low
[2025-11-05T23:20:36.215966] [INFO] Cache hit
[2025-11-05T23:20:36.216026] [WARN] Deprecated API usage
[2025-11-05T23:20:36.216082] [DEBUG] Memory allocation: 2048 bytes
[2025-11-05T23:20:36.215960] [INFO] User logged in
[2025-11-05T23:20:36.216048] [ERROR] Request failed
[2025-11-05T23:20:36.215923] [INFO] Configuration loaded
[2025-11-05T23:20:36.216065] [DEBUG] HTTP request headers parsed
[2025-11-05T23:20:36.216054] [ERROR] Invalid input data
[2025-11-05T23:20:36.216059] [ERROR] File not found
[2025-11-05T23:20:36.216070] [DEBUG] Connection pool status checked
[2025-11-05T23:20:36.215982] [INFO] Health check passed
[2025-11-05T23:20:36.215948] [INFO] Transaction completed
[2025-11-05T23:20:36.216086] [DEBUG] Cache key generated
[2025-11-05T23:20:36.216101] [DEBUG] Variable value: x=42
[2025-11-05T23:20:36.216038] [WARN] Disk space low
[2025-11-05T23:20:36.216033] [WARN] Deprecated API usage
[2025-11-05T23:20:36.215987] [INFO] User logged in
[2025-11-05T23:20:36.216092] [DEBUG] Entering function process_data()
[2025-11-05T23:20:36.215996] [INFO] Transaction completed
[2025-11-05T23:20:36.215972] [INFO] Request processed successfully
[2025-11-05T23:20:36.215955] [INFO] Request processed successfully
[2025-11-05T23:20:36.216000] [INFO] Session started
[2025-11-05T23:20:36.216014] [INFO] Configuration loaded
