[2025-11-05T23:20:37.843801] [INFO] Transaction completed
[2025-11-05T23:20:37.843824] [INFO] Session started
[2025-11-05T23:20:37.843792] [INFO] Request processed successfully
[2025-11-05T23:20:37.843874] [DEBUG] Memory allocation: 2048 bytes
[2025-11-05T23:20:37.843831] [INFO] Database query executed
[2025-11-05T23:20:37.843834] [INFO] Database query executed
[2025-11-05T23:20:37.843796] [INFO] User logged in
[2025-11-05T23:20:37.843814] [INFO] Service initialized
[2025-11-05T23:20:37.843766] [INFO] Request processed successfully
[2025-11-05T23:20:37.843853] [ERROR] Service unavailable
[2025-11-05T23:20:37.843849] [WARN] Disk space low
[2025-11-05T23:20:37.843870] [DEBUG] Thread pool size: 8
[2025-11-05T23:20:37.843811] [INFO] Service initialized
[2025-11-05T23:20:37.843845] [WARN] Queue size growing
[2025-11-05T23:20:37.843864] [DEBUG] Entering function process_data()
[2025-11-05T23:20:37.843857] [DEBUG] Buffer size: 4096 bytes
[2025-11-05T23:20:37.843808] [INFO] Configuration loaded
[2025-11-05T23:20:37.843818] [INFO] Database query executed
[2025-11-05T23:20:37.843842] [WARN] Resource threshold approaching
[2025-11-05T23:20:37.843861] [DEBUG] Timer set: 30 seconds
[2025-11-05T23:20:37.843805] [INFO] Request processed successfully
[2025-11-05T23:20:37.843838] [WARN] High memory usage detected
[2025-11-05T23:20:37.843867] [DEBUG] Timer set: 30 seconds
[2025-11-05T23:20:37.843828] [INFO] Database query executed
[2025-11-05T23:20:37.843821] [INFO] Session started
[2025-11-05T23:20:37.843880] [DEBUG] Buffer size: 4096 bytes
[2025-11-05T23:20:37.843877] [DEBUG] Thread pool size: 8
[2025-11-05T23:20:37.843788] [INFO] Configuration loaded
