[2025-11-05T23:20:50.447645] [DEBUG] Cache key generated
[2025-11-05T23:20:50.447530] [INFO] Cache hit
[2025-11-05T23:20:50.447607] [ERROR] File not found
[2025-11-05T23:20:50.447648] [DEBUG] HTTP request headers parsed
[2025-11-05T23:20:50.447568] [INFO] Health check passed
[2025-11-05T23:20:50.447603] [ERROR] Database connection lost
[2025-11-05T23:20:50.447640] [DEBUG] Thread pool size: 8
[2025-11-05T23:20:50.447624] [DEBUG] Variable value: x=42
[2025-11-05T23:20:50.447620] [DEBUG] Variable value: x=42
[2025-11-05T23:20:50.447507] [INFO] Session started
[2025-11-05T23:20:50.447540] [INFO] Health check passed
[2025-11-05T23:20:50.447616] [DEBUG] Timer set: 30 seconds
[2025-11-05T23:20:50.447544] [INFO] Cache hit
[2025-11-05T23:20:50.447628] [DEBUG] Memory allocation: 2048 bytes
[2025-11-05T23:20:50.447632] [DEBUG] Timer set: 30 seconds
[2025-11-05T23:20:50.447572] [INFO] Service initialized
[2025-11-05T23:20:50.447598] [WARN] Slow query performance
[2025-11-05T23:20:50.447612] [DEBUG] Cache key generated
[2025-11-05T23:20:50.447594] [WARN] Rate limit approaching
[2025-11-05T23:20:50.447636] [DEBUG] Loop iteration: 15
[2025-11-05T23:20:50.447652] [DEBUG] Buffer size: 4096 bytes
[2025-11-05T23:20:50.447556] [INFO] Health check passed
[2025-11-05T23:20:50.447535] [INFO] Transaction completed
[2025-11-05T23:20:50.447564] [INFO] Connection established
[2025-11-05T23:20:50.447580] [INFO] Connection established
[2025-11-05T23:20:50.447576] [INFO] Cache hit
[2025-11-05T23:20:50.447583] [INFO] Connection established
[2025-11-05T23:20:50.447548] [INFO] Request processed successfully
[2025-11-05T23:20:50.447560] [INFO] Transaction completed
[2025-11-05T23:20:50.447589] [WARN] Resource threshold approaching
[2025-11-05T23:20:50.447552] [INFO] Database query executed
