[2025-11-05T23:20:47.509483] [INFO] Connection established
[2025-11-05T23:20:47.509437] [INFO] Request processed successfully
[2025-11-05T23:20:47.509531] [DEBUG] Loop iteration: 15
[2025-11-05T23:20:47.509528] [DEBUG] Timer set: 30 seconds
[2025-11-05T23:20:47.509445] [INFO] Transaction completed
[2025-11-05T23:20:47.509441] [INFO] Configuration loaded
[2025-11-05T23:20:47.509457] [INFO] Configuration loaded
[2025-11-05T23:20:47.509477] [INFO] Database query executed
[2025-11-05T23:20:47.509501] [WARN] Timeout warning
[2025-11-05T23:20:47.509497] [WARN] High memory usage detected
[2025-11-05T23:20:47.509513] [ERROR] Authentication failed
[2025-11-05T23:20:47.509460] [INFO] Transaction completed
[2025-11-05T23:20:47.509493] [INFO] Service initialized
[2025-11-05T23:20:47.509521] [DEBUG] Loop iteration: 15
[2025-11-05T23:20:47.509517] [ERROR] Network timeout
[2025-11-05T23:20:47.509454] [INFO] Request processed successfully
[2025-11-05T23:20:47.509543] [DEBUG] Buffer size: 4096 bytes
[2025-11-05T23:20:47.509524] [DEBUG] Cache key generated
[2025-11-05T23:20:47.509537] [DEBUG] Variable value: x=42
[2025-11-05T23:20:47.509474] [INFO] Health check passed
[2025-11-05T23:20:47.509486] [INFO] Service initialized
[2025-11-05T23:20:47.509540] [DEBUG] Connection pool status checked
[2025-11-05T23:20:47.509480] [INFO] Service initialized
[2025-11-05T23:20:47.509509] [WARN] High memory usage detected
[2025-11-05T23:20:47.509505] [WARN] High memory usage detected
[2025-11-05T23:20:47.509451] [INFO] Configuration loaded
[2025-11-05T23:20:47.509464] [INFO] Health check passed
[2025-11-05T23:20:47.509448] [INFO] Transaction completed
[2025-11-05T23:20:47.509411] [INFO] Database query executed
[2025-11-05T23:20:47.509534] [DEBUG] Thread pool size: 8
[2025-11-05T23:20:47.509467] [INFO] Health check passed
[2025-11-05T23:20:47.509470] [INFO] Session started
[2025-11-05T23:20:47.509547] [DEBUG] Cache key generated
[2025-11-05T23:20:47.509490] [INFO] Database query executed
