[2025-11-05T23:20:38.204419] [INFO] Session started
[2025-11-05T23:20:38.204436] [WARN] Cache miss
[2025-11-05T23:20:38.204468] [DEBUG] Buffer size: 4096 bytes
[2025-11-05T23:20:38.204424] [WARN] Connection retry attempt
[2025-11-05T23:20:38.204440] [ERROR] Invalid input data
[2025-11-05T23:20:38.204445] [ERROR] Database connection lost
[2025-11-05T23:20:38.204464] [DEBUG] Loop iteration: 15
[2025-11-05T23:20:38.204406] [INFO] Transaction completed
[2025-11-05T23:20:38.204460] [DEBUG] Buffer size: 4096 bytes
[2025-11-05T23:20:38.204415] [INFO] Database query executed
[2025-11-05T23:20:38.204476] [DEBUG] Connection pool status checked
[2025-11-05T23:20:38.204472] [DEBUG] Connection pool status checked
[2025-11-05T23:20:38.204451] [DEBUG] Entering function process_data()
[2025-11-05T23:20:38.204398] [INFO] Health check passed
[2025-11-05T23:20:38.204456] [DEBUG] Thread pool size: 8
[2025-11-05T23:20:38.204411] [INFO] Transaction completed
[2025-11-05T23:20:38.204432] [WARN] Connection retry attempt
[2025-11-05T23:20:38.204385] [INFO] Request processed successfully
[2025-11-05T23:20:38.204360] [INFO] Health check passed
[2025-11-05T23:20:38.204428] [WARN] Rate limit approaching
[2025-11-05T23:20:38.204394] [INFO] Cache hit
[2025-11-05T23:20:38.204402] [INFO] Cache hit
[2025-11-05T23:20:38.204390] [INFO] Health check passed
