[2025-11-05T23:20:30.681948] [INFO] Health check passed
[2025-11-05T23:20:30.681995] [WARN] Deprecated API usage
[2025-11-05T23:20:30.682017] [DEBUG] HTTP request headers parsed
[2025-11-05T23:20:30.681979] [WARN] Resource threshold approaching
[2025-11-05T23:20:30.681903] [INFO] Service initialized
[2025-11-05T23:20:30.682048] [DEBUG] Buffer size: 4096 bytes
[2025-11-05T23:20:30.681914] [INFO] User logged in
[2025-11-05T23:20:30.682033] [DEBUG] Buffer size: 4096 bytes
[2025-11-05T23:20:30.681944] [INFO] Session started
[2025-11-05T23:20:30.681990] [WARN] Rate limit approaching
[2025-11-05T23:20:30.681897] [INFO] Transaction completed
[2025-11-05T23:20:30.682028] [DEBUG] Connection pool status checked
[2025-11-05T23:20:30.681870] [INFO] Cache hit
[2025-11-05T23:20:30.682057] [DEBUG] Cache key generated
[2025-11-05T23:20:30.681972] [INFO] Service initialized
[2025-11-05T23:20:30.682023] [DEBUG] Cache key generated
[2025-11-05T23:20:30.681924] [INFO] User logged in
[2025-11-05T23:20:30.681963] [INFO] Service initialized
[2025-11-05T23:20:30.682052] [DEBUG] Memory allocation: 2048 bytes
[2025-11-05T23:20:30.682038] [DEBUG] Memory allocation: 2048 bytes
[2025-11-05T23:20:30.681909] [INFO] Database query executed
[2025-11-05T23:20:30.681953] [INFO] Transaction completed
[2025-11-05T23:20:30.681985] [WARN] Deprecated API usage
[2025-11-05T23:20:30.681958] [INFO] User logged in
[2025-11-05T23:20:30.682043] [DEBUG] Variable value: x=42
[2025-11-05T23:20:30.682011] [ERROR] Invalid input data
[2025-11-05T23:20:30.682006] [ERROR] Disk read failed
[2025-11-05T23:20:30.681939] [INFO] User logged in
[2025-11-05T23:20:30.682001] [ERROR] Authentication failed
[2025-11-05T23:20:30.681929] [INFO] Database query executed
[2025-11-05T23:20:30.681919] [INFO] Service initialized
[2025-11-05T23:20:30.681934] [INFO] Service initialized
[2025-11-05T23:20:30.681967] [INFO] User logged in
