[2025-11-05T23:20:43.334931] [ERROR] Invalid input data
[2025-11-05T23:20:43.334874] [INFO] Database query executed
[2025-11-05T23:20:43.334879] [INFO] Database query executed
[2025-11-05T23:20:43.334925] [WARN] High memory usage detected
[2025-11-05T23:20:43.334845] [INFO] User logged in
[2025-11-05T23:20:43.334964] [DEBUG] Loop iteration: 15
[2025-11-05T23:20:43.334901] [INFO] Configuration loaded
[2025-11-05T23:20:43.334883] [INFO] Cache hit
[2025-11-05T23:20:43.334820] [INFO] Configuration loaded
[2025-11-05T23:20:43.334906] [WARN] Rate limit approaching
[2025-11-05T23:20:43.334916] [WARN] Rate limit approaching
[2025-11-05T23:20:43.334968] [DEBUG] Loop iteration: 15
[2025-11-05T23:20:43.334861] [INFO] Session started
[2025-11-05T23:20:43.334870] [INFO] Health check passed
[2025-11-05T23:20:43.334936] [ERROR] Authentication failed
[2025-11-05T23:20:43.334945] [DEBUG] Thread pool size: 8
[2025-11-05T23:20:43.334921] [WARN] Connection retry attempt
[2025-11-05T23:20:43.334866] [INFO] Service initialized
[2025-11-05T23:20:43.334851] [INFO] Service initialized
[2025-11-05T23:20:43.334892] [INFO] Service initialized
[2025-11-05T23:20:43.334955] [DEBUG] Buffer size: 4096 bytes
[2025-11-05T23:20:43.334959] [DEBUG] Thread pool size: 8
[2025-11-05T23:20:43.334888] [INFO] Database query executed
[2025-11-05T23:20:43.334912] [WARN] Cache miss
[2025-11-05T23:20:43.334950] [DEBUG] Cache key generated
[2025-11-05T23:20:43.334856] [INFO] Session started
[2025-11-05T23:20:43.334896] [INFO] Connection established
[2025-11-05T23:20:43.334972] [DEBUG] Buffer size: 4096 bytes
[2025-11-05T23:20:43.334941] [DEBUG] Timer set: 30 seconds
