[2025-11-05T23:20:12.593313] [DEBUG] Memory allocation: 2048 bytes
[2025-11-05T23:20:12.593222] [INFO] Session started
[2025-11-05T23:20:12.593214] [INFO] Session started
[2025-11-05T23:20:12.593208] [INFO] Session started
[2025-11-05T23:20:12.593218] [INFO] User logged in
[2025-11-05T23:20:12.593328] [DEBUG] Memory allocation: 2048 bytes
[2025-11-05T23:20:12.593333] [DEBUG] Connection pool status checked
[2025-11-05T23:20:12.593303] [ERROR] Permission denied
[2025-11-05T23:20:12.593252] [INFO] Session started
[2025-11-05T23:20:12.593282] [WARN] Resource threshold approaching
[2025-11-05T23:20:12.593325] [DEBUG] Thread pool size: 8
[2025-11-05T23:20:12.593321] [DEBUG] Timer set: 30 seconds
[2025-11-05T23:20:12.593278] [WARN] Slow query performance
[2025-11-05T23:20:12.593264] [INFO] Transaction completed
[2025-11-05T23:20:12.593256] [INFO] Health check passed
[2025-11-05T23:20:12.593286] [WARN] Queue size growing
[2025-11-05T23:20:12.593268] [INFO] Health check passed
[2025-11-05T23:20:12.593294] [WARN] Rate limit approaching
[2025-11-05T23:20:12.593309] [DEBUG] Cache key generated
[2025-11-05T23:20:12.593299] [ERROR] File not found
[2025-11-05T23:20:12.593260] [INFO] Cache hit
[2025-11-05T23:20:12.593236] [INFO] Service initialized
[2025-11-05T23:20:12.593245] [INFO] Session started
[2025-11-05T23:20:12.593290] [WARN] High memory usage detected
[2025-11-05T23:20:12.593240] [INFO] Session started
[2025-11-05T23:20:12.593317] [DEBUG] Loop iteration: 15
[2025-11-05T23:20:12.593248] [INFO] Transaction completed
[2025-11-05T23:20:12.593273] [WARN] Cache miss
[2025-11-05T23:20:12.593181] [INFO] User logged in
[2025-11-05T23:20:12.593231] [INFO] Request processed successfully
[2025-11-05T23:20:12.593227] [INFO] Request processed successfully
