[2025-11-05T23:20:26.411196] [INFO] Database query executed
[2025-11-05T23:20:26.411236] [DEBUG] Entering function process_data()
[2025-11-05T23:20:26.411202] [INFO] Database query executed
[2025-11-05T23:20:26.411170] [INFO] User logged in
[2025-11-05T23:20:26.411193] [INFO] Configuration loaded
[2025-11-05T23:20:26.411177] [INFO] Transaction completed
[2025-11-05T23:20:26.411228] [ERROR] Service unavailable
[2025-11-05T23:20:26.411174] [INFO] User logged in
[2025-11-05T23:20:26.411199] [INFO] Cache hit
[2025-11-05T23:20:26.411245] [DEBUG] Loop iteration: 15
[2025-11-05T23:20:26.411167] [INFO] Request processed successfully
[2025-11-05T23:20:26.411180] [INFO] User logged in
[2025-11-05T23:20:26.411209] [WARN] Queue size growing
[2025-11-05T23:20:26.411255] [DEBUG] Thread pool size: 8
[2025-11-05T23:20:26.411141] [INFO] Configuration loaded
[2025-11-05T23:20:26.411213] [WARN] Resource threshold approaching
[2025-11-05T23:20:26.411248] [DEBUG] Loop iteration: 15
[2025-11-05T23:20:26.411224] [ERROR] File not found
[2025-11-05T23:20:26.411187] [INFO] Configuration loaded
[2025-11-05T23:20:26.411232] [DEBUG] Variable value: x=42
[2025-11-05T23:20:26.411242] [DEBUG] Loop iteration: 15
[2025-11-05T23:20:26.411183] [INFO] Transaction completed
[2025-11-05T23:20:26.411220] [WARN] Slow query performance
[2025-11-05T23:20:26.411259] [DEBUG] Thread pool size: 8
[2025-11-05T23:20:26.411217] [WARN] Connection retry attempt
[2025-11-05T23:20:26.411190] [INFO] Session started
[2025-11-05T23:20:26.411251] [DEBUG] HTTP request headers parsed
[2025-11-05T23:20:26.411205] [INFO] Cache hit
[2025-11-05T23:20:26.411163] [INFO] Configuration loaded
[2025-11-05T23:20:26.411239] [DEBUG] Thread pool size: 8
