[2025-11-05T23:20:53.743702] [DEBUG] Loop iteration: 15
[2025-11-05T23:20:53.743706] [DEBUG] Timer set: 30 seconds
[2025-11-05T23:20:53.743612] [INFO] Transaction completed
[2025-11-05T23:20:53.743710] [DEBUG] Variable value: x=42
[2025-11-05T23:20:53.743686] [DEBUG] Thread pool size: 8
[2025-11-05T23:20:53.743641] [INFO] Database query executed
[2025-11-05T23:20:53.743633] [INFO] Session started
[2025-11-05T23:20:53.743569] [INFO] Health check passed
[2025-11-05T23:20:53.743646] [WARN] Queue size growing
[2025-11-05T23:20:53.743608] [INFO] Service initialized
[2025-11-05T23:20:53.743616] [INFO] User logged in
[2025-11-05T23:20:53.743655] [WARN] Connection retry attempt
[2025-11-05T23:20:53.743637] [INFO] Connection established
[2025-11-05T23:20:53.743629] [INFO] User logged in
[2025-11-05T23:20:53.743669] [ERROR] Database connection lost
[2025-11-05T23:20:53.743659] [WARN] Deprecated API usage
[2025-11-05T23:20:53.743663] [WARN] Disk space low
[2025-11-05T23:20:53.743604] [INFO] Database query executed
[2025-11-05T23:20:53.743600] [INFO] Service initialized
[2025-11-05T23:20:53.743698] [DEBUG] Buffer size: 4096 bytes
[2025-11-05T23:20:53.743690] [DEBUG] Thread pool size: 8
[2025-11-05T23:20:53.743681] [DEBUG] Cache key generated
[2025-11-05T23:20:53.743625] [INFO] Transaction completed
[2025-11-05T23:20:53.743694] [DEBUG] Memory allocation: 2048 bytes
[2025-11-05T23:20:53.743650] [WARN] Slow query performance
[2025-11-05T23:20:53.743594] [INFO] Session started
[2025-11-05T23:20:53.743675] [DEBUG] Entering function process_data()
[2025-11-05T23:20:53.743621] [INFO] Configuration loaded
