[2025-11-05T23:20:50.684118] [DEBUG] Timer set: 30 seconds
[2025-11-05T23:20:50.684050] [INFO] Health check passed
[2025-11-05T23:20:50.684018] [INFO] User logged in
[2025-11-05T23:20:50.684046] [INFO] User logged in
[2025-11-05T23:20:50.684090] [WARN] Disk space low
[2025-11-05T23:20:50.684054] [INFO] Request processed successfully
[2025-11-05T23:20:50.684037] [INFO] Request processed successfully
[2025-11-05T23:20:50.684095] [WARN] Cache miss
[2025-11-05T23:20:50.684075] [INFO] User logged in
[2025-11-05T23:20:50.684028] [INFO] Session started
[2025-11-05T23:20:50.684080] [WARN] Slow query performance
[2025-11-05T23:20:50.684122] [DEBUG] Memory allocation: 2048 bytes
[2025-11-05T23:20:50.684033] [INFO] Transaction completed
[2025-11-05T23:20:50.684067] [INFO] Database query executed
[2025-11-05T23:20:50.684139] [DEBUG] Connection pool status checked
[2025-11-05T23:20:50.684105] [ERROR] Disk read failed
[2025-11-05T23:20:50.684071] [INFO] Health check passed
[2025-11-05T23:20:50.684127] [DEBUG] Entering function process_data()
[2025-11-05T23:20:50.683994] [INFO] Cache hit
[2025-11-05T23:20:50.684100] [ERROR] Request failed
[2025-11-05T23:20:50.684085] [WARN] Resource threshold approaching
[2025-11-05T23:20:50.684041] [INFO] Database query executed
[2025-11-05T23:20:50.684135] [DEBUG] Memory allocation: 2048 bytes
[2025-11-05T23:20:50.684059] [INFO] Cache hit
[2025-11-05T23:20:50.684063] [INFO] User logged in
[2025-11-05T23:20:50.684143] [DEBUG] Cache key generated
[2025-11-05T23:20:50.684131] [DEBUG] Memory allocation: 2048 bytes
[2025-11-05T23:20:50.684024] [INFO] Service initialized
[2025-11-05T23:20:50.684114] [DEBUG] Connection pool status checked
[2025-11-05T23:20:50.684110] [DEBUG] Timer set: 30 seconds
