[2025-11-05T23:20:41.498583] [DEBUG] Thread pool size: 8
[2025-11-05T23:20:41.498577] [DEBUG] Timer set: 30 seconds
[2025-11-05T23:20:41.498514] [INFO] Health check passed
[2025-11-05T23:20:41.498489] [INFO] Connection established
[2025-11-05T23:20:41.498565] [WARN] Cache miss
[2025-11-05T23:20:41.498559] [WARN] Cache miss
[2025-11-05T23:20:41.498463] [INFO] Configuration loaded
[2025-11-05T23:20:41.498595] [DEBUG] Timer set: 30 seconds
[2025-11-05T23:20:41.498591] [DEBUG] HTTP request headers parsed
[2025-11-05T23:20:41.498541] [INFO] Cache hit
[2025-11-05T23:20:41.498500] [INFO] Session started
[2025-11-05T23:20:41.498547] [WARN] Resource threshold approaching
[2025-11-05T23:20:41.498571] [ERROR] Network timeout
[2025-11-05T23:20:41.498505] [INFO] Database query executed
[2025-11-05T23:20:41.498600] [DEBUG] Memory allocation: 2048 bytes
[2025-11-05T23:20:41.498509] [INFO] Connection established
[2025-11-05T23:20:41.498537] [INFO] Connection established
[2025-11-05T23:20:41.498523] [INFO] Service initialized
[2025-11-05T23:20:41.498552] [WARN] High memory usage detected
[2025-11-05T23:20:41.498604] [DEBUG] Variable value: x=42
[2025-11-05T23:20:41.498528] [INFO] Request processed successfully
[2025-11-05T23:20:41.498587] [DEBUG] Timer set: 30 seconds
[2025-11-05T23:20:41.498533] [INFO] Configuration loaded
[2025-11-05T23:20:41.498495] [INFO] Cache hit
[2025-11-05T23:20:41.498518] [INFO] Database query executed
