[2025-11-05T23:20:33.019660] [WARN] Queue size growing
[2025-11-05T23:20:33.019682] [ERROR] Network timeout
[2025-11-05T23:20:33.019650] [WARN] High memory usage detected
[2025-11-05T23:20:33.019614] [INFO] Session started
[2025-11-05T23:20:33.019604] [INFO] Health check passed
[2025-11-05T23:20:33.019645] [WARN] Slow query performance
[2025-11-05T23:20:33.019629] [INFO] Connection established
[2025-11-05T23:20:33.019732] [DEBUG] Connection pool status checked
[2025-11-05T23:20:33.019687] [ERROR] Authentication failed
[2025-11-05T23:20:33.019618] [INFO] Request processed successfully
[2025-11-05T23:20:33.019727] [DEBUG] Variable value: x=42
[2025-11-05T23:20:33.019572] [INFO] Connection established
[2025-11-05T23:20:33.019714] [DEBUG] HTTP request headers parsed
[2025-11-05T23:20:33.019709] [DEBUG] Timer set: 30 seconds
[2025-11-05T23:20:33.019704] [DEBUG] Timer set: 30 seconds
[2025-11-05T23:20:33.019721] [DEBUG] Thread pool size: 8
[2025-11-05T23:20:33.019583] [INFO] Cache hit
[2025-11-05T23:20:33.019593] [INFO] Connection established
[2025-11-05T23:20:33.019665] [WARN] Slow query performance
[2025-11-05T23:20:33.019599] [INFO] User logged in
[2025-11-05T23:20:33.019561] [INFO] User logged in
[2025-11-05T23:20:33.019699] [DEBUG] Cache key generated
[2025-11-05T23:20:33.019670] [WARN] Connection retry attempt
[2025-11-05T23:20:33.019567] [INFO] Service initialized
[2025-11-05T23:20:33.019693] [DEBUG] Buffer size: 4096 bytes
[2025-11-05T23:20:33.019578] [INFO] User logged in
[2025-11-05T23:20:33.019554] [INFO] Transaction completed
[2025-11-05T23:20:33.019638] [INFO] User logged in
[2025-11-05T23:20:33.019633] [INFO] Connection established
[2025-11-05T23:20:33.019527] [INFO] Request processed successfully
[2025-11-05T23:20:33.019736] [DEBUG] Variable value: x=42
[2025-11-05T23:20:33.019588] [INFO] Cache hit
[2025-11-05T23:20:33.019675] [WARN] Queue size growing
[2025-11-05T23:20:33.019655] [WARN] Rate limit approaching
[2025-11-05T23:20:33.019623] [INFO] Request processed successfully
[2025-11-05T23:20:33.019609] [INFO] Cache hit
