[2025-11-05T23:20:21.185628] [DEBUG] HTTP request headers parsed
[2025-11-05T23:20:21.185633] [DEBUG] Thread pool size: 8
[2025-11-05T23:20:21.185654] [DEBUG] Loop iteration: 15
[2025-11-05T23:20:21.185537] [INFO] Configuration loaded
[2025-11-05T23:20:21.185646] [DEBUG] Thread pool size: 8
[2025-11-05T23:20:21.185532] [INFO] Session started
[2025-11-05T23:20:21.185603] [WARN] Resource threshold approaching
[2025-11-05T23:20:21.185594] [WARN] Resource threshold approaching
[2025-11-05T23:20:21.185613] [ERROR] Database connection lost
[2025-11-05T23:20:21.185584] [INFO] Session started
[2025-11-05T23:20:21.185590] [WARN] Resource threshold approaching
[2025-11-05T23:20:21.185637] [DEBUG] Buffer size: 4096 bytes
[2025-11-05T23:20:21.185503] [INFO] Connection established
[2025-11-05T23:20:21.185566] [INFO] Configuration loaded
[2025-11-05T23:20:21.185554] [INFO] Session started
[2025-11-05T23:20:21.185619] [DEBUG] Thread pool size: 8
[2025-11-05T23:20:21.185561] [INFO] Connection established
[2025-11-05T23:20:21.185546] [INFO] Database query executed
[2025-11-05T23:20:21.185550] [INFO] Request processed successfully
[2025-11-05T23:20:21.185573] [INFO] Health check passed
[2025-11-05T23:20:21.185581] [INFO] Cache hit
[2025-11-05T23:20:21.185624] [DEBUG] Memory allocation: 2048 bytes
[2025-11-05T23:20:21.185598] [WARN] Cache miss
[2025-11-05T23:20:21.185558] [INFO] Request processed successfully
[2025-11-05T23:20:21.185542] [INFO] Transaction completed
[2025-11-05T23:20:21.185608] [ERROR] Request failed
[2025-11-05T23:20:21.185650] [DEBUG] HTTP request headers parsed
[2025-11-05T23:20:21.185569] [INFO] Configuration loaded
[2025-11-05T23:20:21.185642] [DEBUG] Timer set: 30 seconds
[2025-11-05T23:20:21.185577] [INFO] User logged in
