[2025-11-05T23:20:39.366606] [INFO] Session started
[2025-11-05T23:20:39.366614] [INFO] Request processed successfully
[2025-11-05T23:20:39.366661] [DEBUG] Connection pool status checked
[2025-11-05T23:20:39.366686] [DEBUG] Loop iteration: 15
[2025-11-05T23:20:39.366638] [WARN] Queue size growing
[2025-11-05T23:20:39.366581] [INFO] Cache hit
[2025-11-05T23:20:39.366617] [INFO] User logged in
[2025-11-05T23:20:39.366598] [INFO] Cache hit
[2025-11-05T23:20:39.366669] [DEBUG] Memory allocation: 2048 bytes
[2025-11-05T23:20:39.366634] [WARN] Timeout warning
[2025-11-05T23:20:39.366682] [DEBUG] Connection pool status checked
[2025-11-05T23:20:39.366678] [DEBUG] Entering function process_data()
[2025-11-05T23:20:39.366621] [INFO] Cache hit
[2025-11-05T23:20:39.366575] [INFO] Transaction completed
[2025-11-05T23:20:39.366551] [INFO] Health check passed
[2025-11-05T23:20:39.366586] [INFO] Transaction completed
[2025-11-05T23:20:39.366594] [INFO] Request processed successfully
[2025-11-05T23:20:39.366644] [ERROR] Network timeout
[2025-11-05T23:20:39.366657] [DEBUG] Buffer size: 4096 bytes
[2025-11-05T23:20:39.366673] [DEBUG] Entering function process_data()
[2025-11-05T23:20:39.366629] [INFO] Connection established
[2025-11-05T23:20:39.366590] [INFO] Session started
[2025-11-05T23:20:39.366665] [DEBUG] Thread pool size: 8
[2025-11-05T23:20:39.366689] [DEBUG] Thread pool size: 8
[2025-11-05T23:20:39.366648] [ERROR] Database connection lost
[2025-11-05T23:20:39.366652] [ERROR] Service unavailable
[2025-11-05T23:20:39.366625] [INFO] Transaction completed
[2025-11-05T23:20:39.366602] [INFO] Service initialized
[2025-11-05T23:20:39.366610] [INFO] Database query executed
