[2025-11-05T23:20:41.927118] [INFO] Transaction completed
[2025-11-05T23:20:41.927191] [ERROR] Network timeout
[2025-11-05T23:20:41.927236] [DEBUG] Timer set: 30 seconds
[2025-11-05T23:20:41.927208] [DEBUG] Thread pool size: 8
[2025-11-05T23:20:41.927136] [INFO] Transaction completed
[2025-11-05T23:20:41.927127] [INFO] Connection established
[2025-11-05T23:20:41.927166] [INFO] User logged in
[2025-11-05T23:20:41.927149] [INFO] Request processed successfully
[2025-11-05T23:20:41.927153] [INFO] Transaction completed
[2025-11-05T23:20:41.927227] [DEBUG] Buffer size: 4096 bytes
[2025-11-05T23:20:41.927222] [DEBUG] HTTP request headers parsed
[2025-11-05T23:20:41.927123] [INFO] Service initialized
[2025-11-05T23:20:41.927197] [ERROR] Request failed
[2025-11-05T23:20:41.927132] [INFO] Transaction completed
[2025-11-05T23:20:41.927231] [DEBUG] Cache key generated
[2025-11-05T23:20:41.927180] [WARN] Rate limit approaching
[2025-11-05T23:20:41.927111] [INFO] Session started
[2025-11-05T23:20:41.927161] [INFO] User logged in
[2025-11-05T23:20:41.927203] [DEBUG] Buffer size: 4096 bytes
[2025-11-05T23:20:41.927218] [DEBUG] Buffer size: 4096 bytes
[2025-11-05T23:20:41.927145] [INFO] Configuration loaded
[2025-11-05T23:20:41.927157] [INFO] Request processed successfully
[2025-11-05T23:20:41.927213] [DEBUG] HTTP request headers parsed
[2025-11-05T23:20:41.927140] [INFO] Request processed successfully
[2025-11-05T23:20:41.927174] [INFO] Health check passed
[2025-11-05T23:20:41.927170] [INFO] Configuration loaded
[2025-11-05T23:20:41.927240] [DEBUG] Buffer size: 4096 bytes
[2025-11-05T23:20:41.927185] [WARN] Timeout warning
[2025-11-05T23:20:41.927085] [INFO] Cache hit
