[2025-11-05T23:20:38.100124] [INFO] Request processed successfully
[2025-11-05T23:20:38.100142] [INFO] Session started
[2025-11-05T23:20:38.100220] [DEBUG] Buffer size: 4096 bytes
[2025-11-05T23:20:38.100155] [INFO] Configuration loaded
[2025-11-05T23:20:38.100133] [INFO] Configuration loaded
[2025-11-05T23:20:38.100228] [DEBUG] HTTP request headers parsed
[2025-11-05T23:20:38.100150] [INFO] Request processed successfully
[2025-11-05T23:20:38.100237] [DEBUG] Cache key generated
[2025-11-05T23:20:38.100168] [INFO] Transaction completed
[2025-11-05T23:20:38.100216] [DEBUG] Loop iteration: 15
[2025-11-05T23:20:38.100164] [INFO] Connection established
[2025-11-05T23:20:38.100159] [INFO] Transaction completed
[2025-11-05T23:20:38.100175] [WARN] Disk space low
[2025-11-05T23:20:38.100114] [INFO] Connection established
[2025-11-05T23:20:38.100101] [INFO] Request processed successfully
[2025-11-05T23:20:38.100119] [INFO] Database query executed
[2025-11-05T23:20:38.100137] [INFO] Session started
[2025-11-05T23:20:38.100146] [INFO] Health check passed
[2025-11-05T23:20:38.100129] [INFO] Cache hit
[2025-11-05T23:20:38.100105] [INFO] Service initialized
[2025-11-05T23:20:38.100233] [DEBUG] HTTP request headers parsed
[2025-11-05T23:20:38.100110] [INFO] Configuration loaded
[2025-11-05T23:20:38.100199] [ERROR] Service unavailable
[2025-11-05T23:20:38.100241] [DEBUG] HTTP request headers parsed
[2025-11-05T23:20:38.100211] [DEBUG] Connection pool status checked
[2025-11-05T23:20:38.100094] [INFO] User logged in
[2025-11-05T23:20:38.100180] [WARN] Queue size growing
[2025-11-05T23:20:38.100065] [INFO] Health check passed
[2025-11-05T23:20:38.100224] [DEBUG] Buffer size: 4096 bytes
[2025-11-05T23:20:38.100206] [DEBUG] Entering function process_data()
[2025-11-05T23:20:38.100189] [WARN] Connection retry attempt
[2025-11-05T23:20:38.100185] [WARN] Slow query performance
[2025-11-05T23:20:38.100195] [ERROR] Network timeout
