[2025-11-05T23:20:20.034095] [DEBUG] Loop iteration: 15
[2025-11-05T23:20:20.034033] [WARN] Queue size growing
[2025-11-05T23:20:20.034065] [DEBUG] Entering function process_data()
[2025-11-05T23:20:20.034060] [ERROR] Network timeout
[2025-11-05T23:20:20.034038] [WARN] Cache miss
[2025-11-05T23:20:20.033933] [INFO] Request processed successfully
[2025-11-05T23:20:20.034081] [DEBUG] Entering function process_data()
[2025-11-05T23:20:20.034054] [ERROR] File not found
[2025-11-05T23:20:20.033965] [INFO] Connection established
[2025-11-05T23:20:20.033959] [INFO] Cache hit
[2025-11-05T23:20:20.033971] [INFO] Session started
[2025-11-05T23:20:20.033990] [INFO] Health check passed
[2025-11-05T23:20:20.033981] [INFO] Service initialized
[2025-11-05T23:20:20.034009] [INFO] Connection established
[2025-11-05T23:20:20.034049] [WARN] High memory usage detected
[2025-11-05T23:20:20.034022] [INFO] Cache hit
[2025-11-05T23:20:20.034013] [INFO] Request processed successfully
[2025-11-05T23:20:20.034103] [DEBUG] Loop iteration: 15
[2025-11-05T23:20:20.034071] [DEBUG] Thread pool size: 8
[2025-11-05T23:20:20.034099] [DEBUG] Thread pool size: 8
[2025-11-05T23:20:20.034026] [INFO] User logged in
[2025-11-05T23:20:20.033976] [INFO] Database query executed
[2025-11-05T23:20:20.033994] [INFO] Connection established
[2025-11-05T23:20:20.034004] [INFO] Service initialized
[2025-11-05T23:20:20.033986] [INFO] Connection established
[2025-11-05T23:20:20.034000] [INFO] Connection established
[2025-11-05T23:20:20.034086] [DEBUG] Buffer size: 4096 bytes
[2025-11-05T23:20:20.034075] [DEBUG] Thread pool size: 8
[2025-11-05T23:20:20.034017] [INFO] Configuration loaded
[2025-11-05T23:20:20.034090] [DEBUG] Loop iteration: 15
[2025-11-05T23:20:20.034043] [WARN] Rate limit approaching
