[2025-11-05T23:20:52.726304] [INFO] User logged in
[2025-11-05T23:20:52.726284] [INFO] User logged in
[2025-11-05T23:20:52.726259] [INFO] Service initialized
[2025-11-05T23:20:52.726218] [INFO] Database query executed
[2025-11-05T23:20:52.726288] [INFO] User logged in
[2025-11-05T23:20:52.726348] [DEBUG] HTTP request headers parsed
[2025-11-05T23:20:52.726357] [DEBUG] HTTP request headers parsed
[2025-11-05T23:20:52.726264] [INFO] User logged in
[2025-11-05T23:20:52.726361] [DEBUG] Buffer size: 4096 bytes
[2025-11-05T23:20:52.726279] [INFO] Health check passed
[2025-11-05T23:20:52.726300] [INFO] Cache hit
[2025-11-05T23:20:52.726292] [INFO] Configuration loaded
[2025-11-05T23:20:52.726329] [ERROR] Request failed
[2025-11-05T23:20:52.726369] [DEBUG] HTTP request headers parsed
[2025-11-05T23:20:52.726319] [WARN] High memory usage detected
[2025-11-05T23:20:52.726352] [DEBUG] Timer set: 30 seconds
[2025-11-05T23:20:52.726314] [WARN] Queue size growing
[2025-11-05T23:20:52.726275] [INFO] Connection established
[2025-11-05T23:20:52.726269] [INFO] Database query executed
[2025-11-05T23:20:52.726244] [INFO] User logged in
[2025-11-05T23:20:52.726365] [DEBUG] Timer set: 30 seconds
[2025-11-05T23:20:52.726255] [INFO] Health check passed
[2025-11-05T23:20:52.726339] [DEBUG] Memory allocation: 2048 bytes
[2025-11-05T23:20:52.726250] [INFO] Connection established
[2025-11-05T23:20:52.726334] [ERROR] Permission denied
[2025-11-05T23:20:52.726296] [INFO] User logged in
[2025-11-05T23:20:52.726324] [WARN] Timeout warning
[2025-11-05T23:20:52.726344] [DEBUG] Entering function process_data()
[2025-11-05T23:20:52.726373] [DEBUG] Cache key generated
[2025-11-05T23:20:52.726309] [INFO] User logged in
