[2025-11-05T23:20:40.018284] [ERROR] Invalid input data
[2025-11-05T23:20:40.018363] [DEBUG] Entering function process_data()
[2025-11-05T23:20:40.018216] [INFO] Database query executed
[2025-11-05T23:20:40.018224] [INFO] User logged in
[2025-11-05T23:20:40.018199] [INFO] Request processed successfully
[2025-11-05T23:20:40.018289] [ERROR] Service unavailable
[2025-11-05T23:20:40.018380] [DEBUG] Thread pool size: 8
[2025-11-05T23:20:40.018244] [WARN] Slow query performance
[2025-11-05T23:20:40.018195] [INFO] Session started
[2025-11-05T23:20:40.018234] [WARN] Queue size growing
[2025-11-05T23:20:40.018341] [DEBUG] Cache key generated
[2025-11-05T23:20:40.018346] [DEBUG] Variable value: x=42
[2025-11-05T23:20:40.018258] [WARN] Cache miss
[2025-11-05T23:20:40.018267] [WARN] Connection retry attempt
[2025-11-05T23:20:40.018272] [WARN] Disk space low
[2025-11-05T23:20:40.018254] [WARN] Connection retry attempt
[2025-11-05T23:20:40.018350] [DEBUG] Memory allocation: 2048 bytes
[2025-11-05T23:20:40.018168] [INFO] Connection established
[2025-11-05T23:20:40.018208] [INFO] Database query executed
[2025-11-05T23:20:40.018376] [DEBUG] Entering function process_data()
[2025-11-05T23:20:40.018278] [WARN] High memory usage detected
[2025-11-05T23:20:40.018212] [INFO] Configuration loaded
[2025-11-05T23:20:40.018249] [WARN] Queue size growing
[2025-11-05T23:20:40.018187] [INFO] Service initialized
[2025-11-05T23:20:40.018220] [INFO] Connection established
[2025-11-05T23:20:40.018359] [DEBUG] Variable value: x=42
[2025-11-05T23:20:40.018372] [DEBUG] Loop iteration: 15
[2025-11-05T23:20:40.018191] [INFO] Service initialized
[2025-11-05T23:20:40.018228] [INFO] Connection established
[2025-11-05T23:20:40.018368] [DEBUG] Thread pool size: 8
[2025-11-05T23:20:40.018293] [ERROR] Invalid input data
[2025-11-05T23:20:40.018183] [INFO] Transaction completed
[2025-11-05T23:20:40.018145] [INFO] Transaction completed
[2025-11-05T23:20:40.018174] [INFO] User logged in
[2025-11-05T23:20:40.018355] [DEBUG] Cache key generated
[2025-11-05T23:20:40.018239] [WARN] Timeout warning
[2025-11-05T23:20:40.018178] [INFO] Database query executed
[2025-11-05T23:20:40.018263] [WARN] High memory usage detected
[2025-11-05T23:20:40.018204] [INFO] Session started
[2025-11-05T23:20:40.018334] [ERROR] Authentication failed
