[2025-11-05T23:20:49.586579] [INFO] Service initialized
[2025-11-05T23:20:49.586648] [DEBUG] Thread pool size: 8
[2025-11-05T23:20:49.586576] [INFO] Transaction completed
[2025-11-05T23:20:49.586636] [DEBUG] Thread pool size: 8
[2025-11-05T23:20:49.586571] [INFO] Cache hit
[2025-11-05T23:20:49.586598] [WARN] Queue size growing
[2025-11-05T23:20:49.586559] [INFO] Health check passed
[2025-11-05T23:20:49.586568] [INFO] User logged in
[2025-11-05T23:20:49.586583] [INFO] Service initialized
[2025-11-05T23:20:49.586606] [WARN] Resource threshold approaching
[2025-11-05T23:20:49.586523] [INFO] Session started
[2025-11-05T23:20:49.586655] [DEBUG] Loop iteration: 15
[2025-11-05T23:20:49.586593] [WARN] Slow query performance
[2025-11-05T23:20:49.586615] [ERROR] Invalid input data
[2025-11-05T23:20:49.586529] [INFO] Request processed successfully
[2025-11-05T23:20:49.586555] [INFO] Connection established
[2025-11-05T23:20:49.586628] [DEBUG] Entering function process_data()
[2025-11-05T23:20:49.586564] [INFO] User logged in
[2025-11-05T23:20:49.586624] [DEBUG] Cache key generated
[2025-11-05T23:20:49.586534] [INFO] Cache hit
[2025-11-05T23:20:49.586611] [ERROR] Database connection lost
[2025-11-05T23:20:49.586497] [INFO] User logged in
[2025-11-05T23:20:49.586644] [DEBUG] Thread pool size: 8
[2025-11-05T23:20:49.586587] [INFO] Connection established
[2025-11-05T23:20:49.586651] [DEBUG] HTTP request headers parsed
[2025-11-05T23:20:49.586640] [DEBUG] Thread pool size: 8
[2025-11-05T23:20:49.586658] [DEBUG] Timer set: 30 seconds
[2025-11-05T23:20:49.586544] [INFO] Connection established
[2025-11-05T23:20:49.586538] [INFO] Transaction completed
[2025-11-05T23:20:49.586632] [DEBUG] Timer set: 30 seconds
[2025-11-05T23:20:49.586619] [ERROR] Disk read failed
[2025-11-05T23:20:49.586602] [WARN] Timeout warning
[2025-11-05T23:20:49.586549] [INFO] User logged in
