[2025-11-05T23:20:40.587667] [INFO] Configuration loaded
[2025-11-05T23:20:40.587707] [INFO] Request processed successfully
[2025-11-05T23:20:40.587744] [WARN] Resource threshold approaching
[2025-11-05T23:20:40.587778] [DEBUG] Variable value: x=42
[2025-11-05T23:20:40.587724] [INFO] Request processed successfully
[2025-11-05T23:20:40.587804] [DEBUG] Connection pool status checked
[2025-11-05T23:20:40.587739] [WARN] Deprecated API usage
[2025-11-05T23:20:40.587698] [INFO] Database query executed
[2025-11-05T23:20:40.587690] [INFO] Transaction completed
[2025-11-05T23:20:40.587682] [INFO] Cache hit
[2025-11-05T23:20:40.587720] [INFO] Configuration loaded
[2025-11-05T23:20:40.587662] [INFO] User logged in
[2025-11-05T23:20:40.587800] [DEBUG] Loop iteration: 15
[2025-11-05T23:20:40.587782] [DEBUG] HTTP request headers parsed
[2025-11-05T23:20:40.587728] [INFO] Transaction completed
[2025-11-05T23:20:40.587808] [DEBUG] Thread pool size: 8
[2025-11-05T23:20:40.587711] [INFO] Database query executed
[2025-11-05T23:20:40.587791] [DEBUG] Timer set: 30 seconds
[2025-11-05T23:20:40.587773] [DEBUG] Entering function process_data()
[2025-11-05T23:20:40.587817] [DEBUG] HTTP request headers parsed
[2025-11-05T23:20:40.587812] [DEBUG] Variable value: x=42
[2025-11-05T23:20:40.587702] [INFO] Session started
[2025-11-05T23:20:40.587752] [WARN] Cache miss
[2025-11-05T23:20:40.587686] [INFO] Transaction completed
[2025-11-05T23:20:40.587748] [WARN] Timeout warning
[2025-11-05T23:20:40.587786] [DEBUG] Variable value: x=42
[2025-11-05T23:20:40.587694] [INFO] Connection established
[2025-11-05T23:20:40.587715] [INFO] Service initialized
[2025-11-05T23:20:40.587672] [INFO] User logged in
[2025-11-05T23:20:40.587756] [WARN] Connection retry attempt
[2025-11-05T23:20:40.587795] [DEBUG] Connection pool status checked
[2025-11-05T23:20:40.587636] [INFO] Cache hit
[2025-11-05T23:20:40.587734] [WARN] Rate limit approaching
[2025-11-05T23:20:40.587766] [ERROR] Invalid input data
[2025-11-05T23:20:40.587762] [ERROR] Disk read failed
[2025-11-05T23:20:40.587677] [INFO] Transaction completed
[2025-11-05T23:20:40.587822] [DEBUG] Entering function process_data()
