[2025-11-05T23:20:22.290851] [INFO] Database query executed
[2025-11-05T23:20:22.290867] [WARN] Deprecated API usage
[2025-11-05T23:20:22.290828] [INFO] User logged in
[2025-11-05T23:20:22.290820] [INFO] Cache hit
[2025-11-05T23:20:22.290861] [WARN] High memory usage detected
[2025-11-05T23:20:22.290876] [WARN] Disk space low
[2025-11-05T23:20:22.290768] [INFO] Database query executed
[2025-11-05T23:20:22.290806] [INFO] Connection established
[2025-11-05T23:20:22.290843] [INFO] Service initialized
[2025-11-05T23:20:22.290907] [DEBUG] Cache key generated
[2025-11-05T23:20:22.290886] [ERROR] Memory allocation error
[2025-11-05T23:20:22.290930] [DEBUG] Timer set: 30 seconds
[2025-11-05T23:20:22.290943] [DEBUG] Thread pool size: 8
[2025-11-05T23:20:22.290810] [INFO] Cache hit
[2025-11-05T23:20:22.290815] [INFO] Health check passed
[2025-11-05T23:20:22.290948] [DEBUG] Thread pool size: 8
[2025-11-05T23:20:22.290939] [DEBUG] Variable value: x=42
[2025-11-05T23:20:22.290926] [DEBUG] Loop iteration: 15
[2025-11-05T23:20:22.290903] [DEBUG] HTTP request headers parsed
[2025-11-05T23:20:22.290847] [INFO] Health check passed
[2025-11-05T23:20:22.290897] [DEBUG] Memory allocation: 2048 bytes
[2025-11-05T23:20:22.290921] [DEBUG] Connection pool status checked
[2025-11-05T23:20:22.290801] [INFO] Connection established
[2025-11-05T23:20:22.290917] [DEBUG] Thread pool size: 8
[2025-11-05T23:20:22.290912] [DEBUG] Timer set: 30 seconds
[2025-11-05T23:20:22.290838] [INFO] Configuration loaded
[2025-11-05T23:20:22.290872] [WARN] Queue size growing
[2025-11-05T23:20:22.290856] [INFO] Cache hit
[2025-11-05T23:20:22.290824] [INFO] Request processed successfully
[2025-11-05T23:20:22.290833] [INFO] Service initialized
[2025-11-05T23:20:22.290795] [INFO] Cache hit
[2025-11-05T23:20:22.290934] [DEBUG] Cache key generated
[2025-11-05T23:20:22.290880] [WARN] Timeout warning
[2025-11-05T23:20:22.290891] [ERROR] Database connection lost
