[2025-11-05T23:20:44.869860] [DEBUG] Loop iteration: 15
[2025-11-05T23:20:44.869802] [INFO] Service initialized
[2025-11-05T23:20:44.869841] [DEBUG] Thread pool size: 8
[2025-11-05T23:20:44.869869] [DEBUG] Timer set: 30 seconds
[2025-11-05T23:20:44.869711] [INFO] Health check passed
[2025-11-05T23:20:44.869759] [INFO] Connection established
[2025-11-05T23:20:44.869864] [DEBUG] Entering function process_data()
[2025-11-05T23:20:44.869763] [INFO] Cache hit
[2025-11-05T23:20:44.869750] [INFO] Request processed successfully
[2025-11-05T23:20:44.869846] [DEBUG] Loop iteration: 15
[2025-11-05T23:20:44.869820] [WARN] Timeout warning
[2025-11-05T23:20:44.869793] [INFO] Connection established
[2025-11-05T23:20:44.869768] [INFO] Transaction completed
[2025-11-05T23:20:44.869824] [WARN] Rate limit approaching
[2025-11-05T23:20:44.869830] [ERROR] Service unavailable
[2025-11-05T23:20:44.869744] [INFO] Connection established
[2025-11-05T23:20:44.869809] [WARN] Resource threshold approaching
[2025-11-05T23:20:44.869878] [DEBUG] Memory allocation: 2048 bytes
[2025-11-05T23:20:44.869855] [DEBUG] Variable value: x=42
[2025-11-05T23:20:44.869835] [ERROR] Network timeout
[2025-11-05T23:20:44.869850] [DEBUG] Loop iteration: 15
[2025-11-05T23:20:44.869738] [INFO] Configuration loaded
[2025-11-05T23:20:44.869781] [INFO] Request processed successfully
[2025-11-05T23:20:44.869789] [INFO] Connection established
[2025-11-05T23:20:44.869754] [INFO] Health check passed
[2025-11-05T23:20:44.869815] [WARN] Timeout warning
[2025-11-05T23:20:44.869798] [INFO] Database query executed
[2025-11-05T23:20:44.869777] [INFO] Request processed successfully
[2025-11-05T23:20:44.869785] [INFO] Health check passed
[2025-11-05T23:20:44.869873] [DEBUG] Variable value: x=42
[2025-11-05T23:20:44.869772] [INFO] Request processed successfully
