[2025-11-05T23:20:24.455726] [INFO] Cache hit
[2025-11-05T23:20:24.455788] [DEBUG] Thread pool size: 8
[2025-11-05T23:20:24.455803] [DEBUG] Loop iteration: 15
[2025-11-05T23:20:24.455784] [DEBUG] Timer set: 30 seconds
[2025-11-05T23:20:24.455703] [INFO] Request processed successfully
[2025-11-05T23:20:24.455715] [INFO] Configuration loaded
[2025-11-05T23:20:24.455737] [INFO] Session started
[2025-11-05T23:20:24.455722] [INFO] Service initialized
[2025-11-05T23:20:24.455799] [DEBUG] Cache key generated
[2025-11-05T23:20:24.455780] [DEBUG] Memory allocation: 2048 bytes
[2025-11-05T23:20:24.455772] [ERROR] Database connection lost
[2025-11-05T23:20:24.455694] [INFO] Database query executed
[2025-11-05T23:20:24.455768] [WARN] Cache miss
[2025-11-05T23:20:24.455707] [INFO] Transaction completed
[2025-11-05T23:20:24.455751] [INFO] User logged in
[2025-11-05T23:20:24.455756] [WARN] Queue size growing
[2025-11-05T23:20:24.455764] [WARN] Deprecated API usage
[2025-11-05T23:20:24.455792] [DEBUG] Thread pool size: 8
[2025-11-05T23:20:24.455699] [INFO] Request processed successfully
[2025-11-05T23:20:24.455776] [ERROR] Database connection lost
[2025-11-05T23:20:24.455668] [INFO] Request processed successfully
[2025-11-05T23:20:24.455806] [DEBUG] Connection pool status checked
[2025-11-05T23:20:24.455718] [INFO] Connection established
[2025-11-05T23:20:24.455711] [INFO] Cache hit
[2025-11-05T23:20:24.455760] [WARN] Slow query performance
[2025-11-05T23:20:24.455744] [INFO] Configuration loaded
[2025-11-05T23:20:24.455730] [INFO] Connection established
[2025-11-05T23:20:24.455740] [INFO] Connection established
[2025-11-05T23:20:24.455796] [DEBUG] Buffer size: 4096 bytes
[2025-11-05T23:20:24.455733] [INFO] Transaction completed
[2025-11-05T23:20:24.455810] [DEBUG] Connection pool status checked
[2025-11-05T23:20:24.455747] [INFO] User logged in
