[2025-11-05T23:20:40.256118] [INFO] Configuration loaded
[2025-11-05T23:20:40.256215] [WARN] High memory usage detected
[2025-11-05T23:20:40.256163] [INFO] User logged in
[2025-11-05T23:20:40.256269] [DEBUG] Connection pool status checked
[2025-11-05T23:20:40.256188] [INFO] Health check passed
[2025-11-05T23:20:40.256243] [DEBUG] Entering function process_data()
[2025-11-05T23:20:40.256172] [INFO] Session started
[2025-11-05T23:20:40.256184] [INFO] Transaction completed
[2025-11-05T23:20:40.256229] [ERROR] Invalid input data
[2025-11-05T23:20:40.256149] [INFO] Connection established
[2025-11-05T23:20:40.256219] [WARN] Cache miss
[2025-11-05T23:20:40.256201] [WARN] Timeout warning
[2025-11-05T23:20:40.256210] [WARN] Disk space low
[2025-11-05T23:20:40.256256] [DEBUG] Entering function process_data()
[2025-11-05T23:20:40.256159] [INFO] User logged in
[2025-11-05T23:20:40.256176] [INFO] Database query executed
[2025-11-05T23:20:40.256192] [INFO] Cache hit
[2025-11-05T23:20:40.256265] [DEBUG] Timer set: 30 seconds
[2025-11-05T23:20:40.256196] [INFO] Transaction completed
[2025-11-05T23:20:40.256143] [INFO] Cache hit
[2025-11-05T23:20:40.256234] [DEBUG] Cache key generated
[2025-11-05T23:20:40.256153] [INFO] User logged in
[2025-11-05T23:20:40.256252] [DEBUG] Connection pool status checked
[2025-11-05T23:20:40.256224] [ERROR] Network timeout
[2025-11-05T23:20:40.256167] [INFO] Health check passed
[2025-11-05T23:20:40.256206] [WARN] Deprecated API usage
[2025-11-05T23:20:40.256239] [DEBUG] Thread pool size: 8
[2025-11-05T23:20:40.256180] [INFO] Health check passed
[2025-11-05T23:20:40.256247] [DEBUG] HTTP request headers parsed
[2025-11-05T23:20:40.256261] [DEBUG] Cache key generated
