[2025-11-05T23:20:47.775409] [WARN] Timeout warning
[2025-11-05T23:20:47.775378] [INFO] Database query executed
[2025-11-05T23:20:47.775329] [INFO] User logged in
[2025-11-05T23:20:47.775374] [INFO] Request processed successfully
[2025-11-05T23:20:47.775395] [INFO] Configuration loaded
[2025-11-05T23:20:47.775360] [INFO] Cache hit
[2025-11-05T23:20:47.775452] [DEBUG] Buffer size: 4096 bytes
[2025-11-05T23:20:47.775438] [DEBUG] Timer set: 30 seconds
[2025-11-05T23:20:47.775401] [INFO] Session started
[2025-11-05T23:20:47.775371] [INFO] Session started
[2025-11-05T23:20:47.775428] [DEBUG] Cache key generated
[2025-11-05T23:20:47.775381] [INFO] Request processed successfully
[2025-11-05T23:20:47.775385] [INFO] Transaction completed
[2025-11-05T23:20:47.775388] [INFO] User logged in
[2025-11-05T23:20:47.775420] [ERROR] Invalid input data
[2025-11-05T23:20:47.775449] [DEBUG] Cache key generated
[2025-11-05T23:20:47.775434] [DEBUG] Entering function process_data()
[2025-11-05T23:20:47.775431] [DEBUG] Entering function process_data()
[2025-11-05T23:20:47.775367] [INFO] Request processed successfully
[2025-11-05T23:20:47.775354] [INFO] Transaction completed
[2025-11-05T23:20:47.775424] [ERROR] Disk read failed
[2025-11-05T23:20:47.775416] [WARN] Slow query performance
[2025-11-05T23:20:47.775442] [DEBUG] HTTP request headers parsed
[2025-11-05T23:20:47.775364] [INFO] Database query executed
[2025-11-05T23:20:47.775398] [INFO] Service initialized
[2025-11-05T23:20:47.775413] [WARN] Connection retry attempt
[2025-11-05T23:20:47.775455] [DEBUG] Loop iteration: 15
[2025-11-05T23:20:47.775405] [WARN] Connection retry attempt
[2025-11-05T23:20:47.775392] [INFO] Transaction completed
[2025-11-05T23:20:47.775446] [DEBUG] Entering function process_data()
