[2025-11-05T23:20:32.245230] [WARN] Connection retry attempt
[2025-11-05T23:20:32.245241] [ERROR] Network timeout
[2025-11-05T23:20:32.245149] [INFO] Cache hit
[2025-11-05T23:20:32.245260] [DEBUG] Memory allocation: 2048 bytes
[2025-11-05T23:20:32.245209] [INFO] Service initialized
[2025-11-05T23:20:32.245249] [DEBUG] Memory allocation: 2048 bytes
[2025-11-05T23:20:32.245225] [WARN] High memory usage detected
[2025-11-05T23:20:32.245245] [ERROR] Permission denied
[2025-11-05T23:20:32.245233] [WARN] Timeout warning
[2025-11-05T23:20:32.245273] [DEBUG] Buffer size: 4096 bytes
[2025-11-05T23:20:32.245253] [DEBUG] Timer set: 30 seconds
[2025-11-05T23:20:32.245266] [DEBUG] HTTP request headers parsed
[2025-11-05T23:20:32.245205] [INFO] Health check passed
[2025-11-05T23:20:32.245218] [INFO] Session started
[2025-11-05T23:20:32.245276] [DEBUG] Buffer size: 4096 bytes
[2025-11-05T23:20:32.245263] [DEBUG] Entering function process_data()
[2025-11-05T23:20:32.245269] [DEBUG] Cache key generated
[2025-11-05T23:20:32.245195] [INFO] Session started
[2025-11-05T23:20:32.245199] [INFO] Transaction completed
[2025-11-05T23:20:32.245185] [INFO] User logged in
[2025-11-05T23:20:32.245172] [INFO] Cache hit
[2025-11-05T23:20:32.245212] [INFO] Database query executed
[2025-11-05T23:20:32.245192] [INFO] Session started
[2025-11-05T23:20:32.245188] [INFO] Transaction completed
[2025-11-05T23:20:32.245181] [INFO] Configuration loaded
[2025-11-05T23:20:32.245177] [INFO] User logged in
[2025-11-05T23:20:32.245202] [INFO] Configuration loaded
[2025-11-05T23:20:32.245237] [WARN] Disk space low
[2025-11-05T23:20:32.245256] [DEBUG] Thread pool size: 8
[2025-11-05T23:20:32.245221] [INFO] Service initialized
[2025-11-05T23:20:32.245215] [INFO] Connection established
