[2025-11-05T23:20:38.638599] [INFO] Request processed successfully
[2025-11-05T23:20:38.638630] [INFO] Service initialized
[2025-11-05T23:20:38.638635] [INFO] User logged in
[2025-11-05T23:20:38.638676] [WARN] Connection retry attempt
[2025-11-05T23:20:38.638682] [ERROR] Database connection lost
[2025-11-05T23:20:38.638649] [INFO] Service initialized
[2025-11-05T23:20:38.638657] [INFO] Configuration loaded
[2025-11-05T23:20:38.638616] [INFO] User logged in
[2025-11-05T23:20:38.638605] [INFO] Connection established
[2025-11-05T23:20:38.638610] [INFO] Session started
[2025-11-05T23:20:38.638667] [WARN] Slow query performance
[2025-11-05T23:20:38.638696] [DEBUG] Loop iteration: 15
[2025-11-05T23:20:38.638672] [WARN] Queue size growing
[2025-11-05T23:20:38.638645] [INFO] Database query executed
[2025-11-05T23:20:38.638621] [INFO] Health check passed
[2025-11-05T23:20:38.638625] [INFO] Configuration loaded
[2025-11-05T23:20:38.638704] [DEBUG] Memory allocation: 2048 bytes
[2025-11-05T23:20:38.638572] [INFO] Configuration loaded
[2025-11-05T23:20:38.638686] [ERROR] Disk read failed
[2025-11-05T23:20:38.638700] [DEBUG] Cache key generated
[2025-11-05T23:20:38.638653] [INFO] Database query executed
[2025-11-05T23:20:38.638641] [INFO] User logged in
[2025-11-05T23:20:38.638690] [ERROR] File not found
[2025-11-05T23:20:38.638662] [WARN] Connection retry attempt
