[2025-11-05T23:20:48.031814] [INFO] User logged in
[2025-11-05T23:20:48.031851] [DEBUG] Thread pool size: 8
[2025-11-05T23:20:48.031875] [DEBUG] Timer set: 30 seconds
[2025-11-05T23:20:48.031800] [INFO] User logged in
[2025-11-05T23:20:48.031835] [WARN] Disk space low
[2025-11-05T23:20:48.031774] [INFO] Configuration loaded
[2025-11-05T23:20:48.031751] [INFO] Connection established
[2025-11-05T23:20:48.031846] [ERROR] Permission denied
[2025-11-05T23:20:48.031794] [INFO] Health check passed
[2025-11-05T23:20:48.031878] [DEBUG] Memory allocation: 2048 bytes
[2025-11-05T23:20:48.031855] [DEBUG] Timer set: 30 seconds
[2025-11-05T23:20:48.031869] [DEBUG] Loop iteration: 15
[2025-11-05T23:20:48.031786] [INFO] Service initialized
[2025-11-05T23:20:48.031866] [DEBUG] Buffer size: 4096 bytes
[2025-11-05T23:20:48.031821] [INFO] Service initialized
[2025-11-05T23:20:48.031779] [INFO] Session started
[2025-11-05T23:20:48.031783] [INFO] Health check passed
[2025-11-05T23:20:48.031790] [INFO] Cache hit
[2025-11-05T23:20:48.031810] [INFO] Service initialized
[2025-11-05T23:20:48.031818] [INFO] Cache hit
[2025-11-05T23:20:48.031804] [INFO] Session started
[2025-11-05T23:20:48.031807] [INFO] Cache hit
[2025-11-05T23:20:48.031842] [WARN] Rate limit approaching
[2025-11-05T23:20:48.031859] [DEBUG] Buffer size: 4096 bytes
[2025-11-05T23:20:48.031830] [WARN] High memory usage detected
[2025-11-05T23:20:48.031862] [DEBUG] Buffer size: 4096 bytes
[2025-11-05T23:20:48.031838] [WARN] Queue size growing
[2025-11-05T23:20:48.031872] [DEBUG] HTTP request headers parsed
[2025-11-05T23:20:48.031797] [INFO] Cache hit
[2025-11-05T23:20:48.031826] [WARN] High memory usage detected
