[2025-11-05T23:20:34.809100] [INFO] Health check passed
[2025-11-05T23:20:34.809105] [INFO] Database query executed
[2025-11-05T23:20:34.809111] [INFO] Health check passed
[2025-11-05T23:20:34.809152] [INFO] Health check passed
[2025-11-05T23:20:34.809220] [DEBUG] Buffer size: 4096 bytes
[2025-11-05T23:20:34.809135] [INFO] Health check passed
[2025-11-05T23:20:34.809121] [INFO] Configuration loaded
[2025-11-05T23:20:34.809072] [INFO] Transaction completed
[2025-11-05T23:20:34.809156] [INFO] Request processed successfully
[2025-11-05T23:20:34.809185] [WARN] Disk space low
[2025-11-05T23:20:34.809197] [DEBUG] Buffer size: 4096 bytes
[2025-11-05T23:20:34.809191] [ERROR] Authentication failed
[2025-11-05T23:20:34.809206] [DEBUG] Memory allocation: 2048 bytes
[2025-11-05T23:20:34.809232] [DEBUG] Entering function process_data()
[2025-11-05T23:20:34.809228] [DEBUG] Timer set: 30 seconds
[2025-11-05T23:20:34.809224] [DEBUG] Thread pool size: 8
[2025-11-05T23:20:34.809131] [INFO] Database query executed
[2025-11-05T23:20:34.809139] [INFO] Cache hit
[2025-11-05T23:20:34.809210] [DEBUG] Cache key generated
[2025-11-05T23:20:34.809163] [INFO] Request processed successfully
[2025-11-05T23:20:34.809169] [WARN] Rate limit approaching
[2025-11-05T23:20:34.809175] [WARN] Timeout warning
[2025-11-05T23:20:34.809116] [INFO] Cache hit
[2025-11-05T23:20:34.809126] [INFO] User logged in
[2025-11-05T23:20:34.809148] [INFO] Session started
[2025-11-05T23:20:34.809144] [INFO] User logged in
[2025-11-05T23:20:34.809215] [DEBUG] Loop iteration: 15
[2025-11-05T23:20:34.809201] [DEBUG] Cache key generated
[2025-11-05T23:20:34.809180] [WARN] Connection retry attempt
