[2025-11-05T23:20:30.329102] [WARN] Queue size growing
[2025-11-05T23:20:30.329153] [DEBUG] Buffer size: 4096 bytes
[2025-11-05T23:20:30.329162] [DEBUG] Cache key generated
[2025-11-05T23:20:30.329078] [INFO] Database query executed
[2025-11-05T23:20:30.329121] [WARN] Connection retry attempt
[2025-11-05T23:20:30.329167] [DEBUG] HTTP request headers parsed
[2025-11-05T23:20:30.329108] [WARN] Rate limit approaching
[2025-11-05T23:20:30.329007] [INFO] User logged in
[2025-11-05T23:20:30.329125] [WARN] Queue size growing
[2025-11-05T23:20:30.329096] [INFO] User logged in
[2025-11-05T23:20:30.329113] [WARN] Rate limit approaching
[2025-11-05T23:20:30.329068] [INFO] Cache hit
[2025-11-05T23:20:30.329060] [INFO] Health check passed
[2025-11-05T23:20:30.329092] [INFO] Transaction completed
[2025-11-05T23:20:30.329149] [DEBUG] Timer set: 30 seconds
[2025-11-05T23:20:30.329064] [INFO] Health check passed
[2025-11-05T23:20:30.329056] [INFO] Connection established
[2025-11-05T23:20:30.329073] [INFO] Session started
[2025-11-05T23:20:30.329117] [WARN] Deprecated API usage
[2025-11-05T23:20:30.329083] [INFO] Database query executed
[2025-11-05T23:20:30.329144] [DEBUG] Connection pool status checked
[2025-11-05T23:20:30.329041] [INFO] User logged in
[2025-11-05T23:20:30.329035] [INFO] Connection established
[2025-11-05T23:20:30.329134] [ERROR] Authentication failed
[2025-11-05T23:20:30.329047] [INFO] Request processed successfully
[2025-11-05T23:20:30.329087] [INFO] User logged in
[2025-11-05T23:20:30.329051] [INFO] Health check passed
[2025-11-05T23:20:30.329139] [ERROR] Permission denied
[2025-11-05T23:20:30.329129] [WARN] Connection retry attempt
[2025-11-05T23:20:30.329171] [DEBUG] Timer set: 30 seconds
[2025-11-05T23:20:30.329176] [DEBUG] Cache key generated
[2025-11-05T23:20:30.329158] [DEBUG] Connection pool status checked
[2025-11-05T23:20:30.329180] [DEBUG] Connection pool status checked
