[2025-11-05T23:20:15.161337] [DEBUG] Buffer size: 4096 bytes
[2025-11-05T23:20:15.161166] [INFO] Health check passed
[2025-11-05T23:20:15.161289] [ERROR] Authentication failed
[2025-11-05T23:20:15.161148] [INFO] Session started
[2025-11-05T23:20:15.161125] [INFO] Request processed successfully
[2025-11-05T23:20:15.161187] [INFO] Configuration loaded
[2025-11-05T23:20:15.161305] [DEBUG] Variable value: x=42
[2025-11-05T23:20:15.161329] [DEBUG] Variable value: x=42
[2025-11-05T23:20:15.161093] [INFO] Request processed successfully
[2025-11-05T23:20:15.161120] [INFO] Health check passed
[2025-11-05T23:20:15.161178] [INFO] Database query executed
[2025-11-05T23:20:15.161152] [INFO] Transaction completed
[2025-11-05T23:20:15.161130] [INFO] Cache hit
[2025-11-05T23:20:15.161209] [WARN] Cache miss
[2025-11-05T23:20:15.161295] [DEBUG] Memory allocation: 2048 bytes
[2025-11-05T23:20:15.161193] [INFO] Database query executed
[2025-11-05T23:20:15.161162] [INFO] Connection established
[2025-11-05T23:20:15.161309] [DEBUG] Buffer size: 4096 bytes
[2025-11-05T23:20:15.161144] [INFO] Connection established
[2025-11-05T23:20:15.161135] [INFO] User logged in
[2025-11-05T23:20:15.161301] [DEBUG] Thread pool size: 8
[2025-11-05T23:20:15.161324] [DEBUG] Buffer size: 4096 bytes
[2025-11-05T23:20:15.161205] [WARN] Resource threshold approaching
[2025-11-05T23:20:15.161140] [INFO] Request processed successfully
[2025-11-05T23:20:15.161284] [ERROR] Disk read failed
[2025-11-05T23:20:15.161183] [INFO] Cache hit
[2025-11-05T23:20:15.161319] [DEBUG] Loop iteration: 15
[2025-11-05T23:20:15.161157] [INFO] Service initialized
[2025-11-05T23:20:15.161266] [WARN] Queue size growing
[2025-11-05T23:20:15.161314] [DEBUG] Connection pool status checked
[2025-11-05T23:20:15.161277] [WARN] Timeout warning
[2025-11-05T23:20:15.161199] [WARN] Connection retry attempt
[2025-11-05T23:20:15.161170] [INFO] Health check passed
[2025-11-05T23:20:15.161174] [INFO] Request processed successfully
[2025-11-05T23:20:15.161333] [DEBUG] Variable value: x=42
