[2025-11-05T23:20:39.731585] [INFO] Cache hit
[2025-11-05T23:20:39.731560] [INFO] Request processed successfully
[2025-11-05T23:20:39.731747] [DEBUG] Connection pool status checked
[2025-11-05T23:20:39.731730] [DEBUG] Entering function process_data()
[2025-11-05T23:20:39.731710] [ERROR] Memory allocation error
[2025-11-05T23:20:39.731645] [INFO] Health check passed
[2025-11-05T23:20:39.731734] [DEBUG] Cache key generated
[2025-11-05T23:20:39.731649] [INFO] Session started
[2025-11-05T23:20:39.731673] [INFO] Service initialized
[2025-11-05T23:20:39.731742] [DEBUG] Buffer size: 4096 bytes
[2025-11-05T23:20:39.731637] [INFO] Session started
[2025-11-05T23:20:39.731738] [DEBUG] Entering function process_data()
[2025-11-05T23:20:39.731641] [INFO] Request processed successfully
[2025-11-05T23:20:39.731657] [INFO] Health check passed
[2025-11-05T23:20:39.731726] [DEBUG] Connection pool status checked
[2025-11-05T23:20:39.731632] [INFO] Database query executed
[2025-11-05T23:20:39.731706] [WARN] Timeout warning
[2025-11-05T23:20:39.731653] [INFO] User logged in
[2025-11-05T23:20:39.731622] [INFO] Cache hit
[2025-11-05T23:20:39.731661] [INFO] Health check passed
[2025-11-05T23:20:39.731721] [DEBUG] Variable value: x=42
[2025-11-05T23:20:39.731693] [WARN] Queue size growing
[2025-11-05T23:20:39.731702] [WARN] Cache miss
[2025-11-05T23:20:39.731628] [INFO] User logged in
[2025-11-05T23:20:39.731751] [DEBUG] Entering function process_data()
[2025-11-05T23:20:39.731669] [INFO] Session started
[2025-11-05T23:20:39.731716] [DEBUG] Timer set: 30 seconds
[2025-11-05T23:20:39.731689] [WARN] Slow query performance
[2025-11-05T23:20:39.731697] [WARN] Timeout warning
[2025-11-05T23:20:39.731684] [WARN] Queue size growing
[2025-11-05T23:20:39.731665] [INFO] Request processed successfully
[2025-11-05T23:20:39.731679] [WARN] Timeout warning
