[2025-11-05T23:20:19.292749] [INFO] Session started
[2025-11-05T23:20:19.292700] [INFO] Cache hit
[2025-11-05T23:20:19.292763] [WARN] Rate limit approaching
[2025-11-05T23:20:19.292728] [INFO] Connection established
[2025-11-05T23:20:19.292710] [INFO] Cache hit
[2025-11-05T23:20:19.292836] [DEBUG] Timer set: 30 seconds
[2025-11-05T23:20:19.292757] [INFO] Service initialized
[2025-11-05T23:20:19.292821] [DEBUG] Memory allocation: 2048 bytes
[2025-11-05T23:20:19.292812] [DEBUG] HTTP request headers parsed
[2025-11-05T23:20:19.292737] [INFO] Configuration loaded
[2025-11-05T23:20:19.292720] [INFO] Health check passed
[2025-11-05T23:20:19.292753] [INFO] Connection established
[2025-11-05T23:20:19.292768] [WARN] Rate limit approaching
[2025-11-05T23:20:19.292802] [ERROR] Request failed
[2025-11-05T23:20:19.292706] [INFO] User logged in
[2025-11-05T23:20:19.292786] [WARN] Timeout warning
[2025-11-05T23:20:19.292781] [WARN] Queue size growing
[2025-11-05T23:20:19.292673] [INFO] Session started
[2025-11-05T23:20:19.292854] [DEBUG] Thread pool size: 8
[2025-11-05T23:20:19.292745] [INFO] Service initialized
[2025-11-05T23:20:19.292777] [WARN] Cache miss
[2025-11-05T23:20:19.292715] [INFO] Transaction completed
[2025-11-05T23:20:19.292741] [INFO] Configuration loaded
[2025-11-05T23:20:19.292732] [INFO] User logged in
[2025-11-05T23:20:19.292807] [DEBUG] Buffer size: 4096 bytes
[2025-11-05T23:20:19.292817] [DEBUG] Entering function process_data()
[2025-11-05T23:20:19.292772] [WARN] Cache miss
[2025-11-05T23:20:19.292831] [DEBUG] Buffer size: 4096 bytes
[2025-11-05T23:20:19.292845] [DEBUG] Memory allocation: 2048 bytes
[2025-11-05T23:20:19.292826] [DEBUG] Entering function process_data()
[2025-11-05T23:20:19.292850] [DEBUG] Entering function process_data()
[2025-11-05T23:20:19.292840] [DEBUG] Entering function process_data()
[2025-11-05T23:20:19.292791] [WARN] Resource threshold approaching
[2025-11-05T23:20:19.292724] [INFO] Configuration loaded
[2025-11-05T23:20:19.292797] [ERROR] Request failed
