[2025-11-05T23:20:19.801040] [WARN] Resource threshold approaching
[2025-11-05T23:20:19.801134] [DEBUG] Loop iteration: 15
[2025-11-05T23:20:19.800994] [INFO] User logged in
[2025-11-05T23:20:19.801028] [INFO] Configuration loaded
[2025-11-05T23:20:19.801113] [DEBUG] Entering function process_data()
[2025-11-05T23:20:19.801105] [ERROR] Authentication failed
[2025-11-05T23:20:19.801003] [INFO] User logged in
[2025-11-05T23:20:19.800969] [INFO] Connection established
[2025-11-05T23:20:19.801148] [DEBUG] Cache key generated
[2025-11-05T23:20:19.801032] [INFO] Service initialized
[2025-11-05T23:20:19.801126] [DEBUG] HTTP request headers parsed
[2025-11-05T23:20:19.801015] [INFO] User logged in
[2025-11-05T23:20:19.801092] [WARN] Disk space low
[2025-11-05T23:20:19.801007] [INFO] Service initialized
[2025-11-05T23:20:19.801122] [DEBUG] Cache key generated
[2025-11-05T23:20:19.801118] [DEBUG] Cache key generated
[2025-11-05T23:20:19.801018] [INFO] Database query executed
[2025-11-05T23:20:19.800999] [INFO] User logged in
[2025-11-05T23:20:19.801141] [DEBUG] Loop iteration: 15
[2025-11-05T23:20:19.801145] [DEBUG] Variable value: x=42
[2025-11-05T23:20:19.801138] [DEBUG] Buffer size: 4096 bytes
[2025-11-05T23:20:19.801047] [WARN] Cache miss
[2025-11-05T23:20:19.801100] [ERROR] Disk read failed
[2025-11-05T23:20:19.801109] [DEBUG] Entering function process_data()
[2025-11-05T23:20:19.801022] [INFO] Connection established
[2025-11-05T23:20:19.801036] [WARN] Rate limit approaching
[2025-11-05T23:20:19.801025] [INFO] Session started
[2025-11-05T23:20:19.801011] [INFO] Cache hit
[2025-11-05T23:20:19.801044] [WARN] Resource threshold approaching
[2025-11-05T23:20:19.801152] [DEBUG] HTTP request headers parsed
[2025-11-05T23:20:19.801130] [DEBUG] Loop iteration: 15
