[2025-11-05T23:20:46.065600] [INFO] Cache hit
[2025-11-05T23:20:46.065710] [DEBUG] Buffer size: 4096 bytes
[2025-11-05T23:20:46.065652] [INFO] Health check passed
[2025-11-05T23:20:46.065657] [WARN] Rate limit approaching
[2025-11-05T23:20:46.065734] [DEBUG] Variable value: x=42
[2025-11-05T23:20:46.065620] [INFO] Database query executed
[2025-11-05T23:20:46.065698] [DEBUG] HTTP request headers parsed
[2025-11-05T23:20:46.065721] [DEBUG] Loop iteration: 15
[2025-11-05T23:20:46.065662] [WARN] Timeout warning
[2025-11-05T23:20:46.065671] [WARN] Deprecated API usage
[2025-11-05T23:20:46.065606] [INFO] Service initialized
[2025-11-05T23:20:46.065577] [INFO] Health check passed
[2025-11-05T23:20:46.065616] [INFO] Cache hit
[2025-11-05T23:20:46.065676] [ERROR] Request failed
[2025-11-05T23:20:46.065690] [DEBUG] Loop iteration: 15
[2025-11-05T23:20:46.065666] [WARN] Disk space low
[2025-11-05T23:20:46.065628] [INFO] Connection established
[2025-11-05T23:20:46.065714] [DEBUG] Variable value: x=42
[2025-11-05T23:20:46.065729] [DEBUG] Buffer size: 4096 bytes
[2025-11-05T23:20:46.065611] [INFO] Cache hit
[2025-11-05T23:20:46.065641] [INFO] Request processed successfully
[2025-11-05T23:20:46.065649] [INFO] Database query executed
[2025-11-05T23:20:46.065624] [INFO] Transaction completed
[2025-11-05T23:20:46.065645] [INFO] Request processed successfully
[2025-11-05T23:20:46.065702] [DEBUG] Loop iteration: 15
[2025-11-05T23:20:46.065718] [DEBUG] Buffer size: 4096 bytes
[2025-11-05T23:20:46.065680] [ERROR] File not found
[2025-11-05T23:20:46.065694] [DEBUG] Variable value: x=42
[2025-11-05T23:20:46.065685] [ERROR] Authentication failed
[2025-11-05T23:20:46.065637] [INFO] Health check passed
[2025-11-05T23:20:46.065725] [DEBUG] Buffer size: 4096 bytes
[2025-11-05T23:20:46.065706] [DEBUG] Buffer size: 4096 bytes
[2025-11-05T23:20:46.065633] [INFO] Request processed successfully
