[2025-11-05T23:20:48.538215] [INFO] Connection established
[2025-11-05T23:20:48.538317] [ERROR] File not found
[2025-11-05T23:20:48.538296] [WARN] Resource threshold approaching
[2025-11-05T23:20:48.538225] [INFO] Request processed successfully
[2025-11-05T23:20:48.538203] [INFO] Connection established
[2025-11-05T23:20:48.538279] [WARN] Cache miss
[2025-11-05T23:20:48.538305] [WARN] Deprecated API usage
[2025-11-05T23:20:48.538349] [DEBUG] Thread pool size: 8
[2025-11-05T23:20:48.538273] [INFO] Health check passed
[2025-11-05T23:20:48.538245] [INFO] Session started
[2025-11-05T23:20:48.538339] [DEBUG] Entering function process_data()
[2025-11-05T23:20:48.538291] [WARN] High memory usage detected
[2025-11-05T23:20:48.538239] [INFO] Configuration loaded
[2025-11-05T23:20:48.538250] [INFO] Service initialized
[2025-11-05T23:20:48.538269] [INFO] Connection established
[2025-11-05T23:20:48.538286] [WARN] Rate limit approaching
[2025-11-05T23:20:48.538328] [DEBUG] HTTP request headers parsed
[2025-11-05T23:20:48.538334] [DEBUG] Loop iteration: 15
[2025-11-05T23:20:48.538209] [INFO] Request processed successfully
[2025-11-05T23:20:48.538310] [WARN] Disk space low
[2025-11-05T23:20:48.538255] [INFO] Request processed successfully
[2025-11-05T23:20:48.538220] [INFO] Cache hit
[2025-11-05T23:20:48.538322] [ERROR] Request failed
[2025-11-05T23:20:48.538301] [WARN] Queue size growing
[2025-11-05T23:20:48.538353] [DEBUG] HTTP request headers parsed
[2025-11-05T23:20:48.538264] [INFO] Database query executed
[2025-11-05T23:20:48.538369] [DEBUG] Thread pool size: 8
[2025-11-05T23:20:48.538230] [INFO] Database query executed
[2025-11-05T23:20:48.538235] [INFO] Cache hit
[2025-11-05T23:20:48.538358] [DEBUG] Variable value: x=42
[2025-11-05T23:20:48.538259] [INFO] Session started
[2025-11-05T23:20:48.538363] [DEBUG] Timer set: 30 seconds
[2025-11-05T23:20:48.538174] [INFO] Database query executed
[2025-11-05T23:20:48.538344] [DEBUG] Entering function process_data()
