[2025-11-05T23:20:11.660634] [WARN] Cache miss
[2025-11-05T23:20:11.660580] [INFO] Service initialized
[2025-11-05T23:20:11.660613] [INFO] Configuration loaded
[2025-11-05T23:20:11.660603] [INFO] Transaction completed
[2025-11-05T23:20:11.660627] [WARN] Resource threshold approaching
[2025-11-05T23:20:11.660655] [DEBUG] Loop iteration: 15
[2025-11-05T23:20:11.660677] [DEBUG] Buffer size: 4096 bytes
[2025-11-05T23:20:11.660584] [INFO] Database query executed
[2025-11-05T23:20:11.660659] [DEBUG] HTTP request headers parsed
[2025-11-05T23:20:11.660647] [ERROR] Service unavailable
[2025-11-05T23:20:11.660681] [DEBUG] Cache key generated
[2025-11-05T23:20:11.660594] [INFO] Configuration loaded
[2025-11-05T23:20:11.660545] [INFO] Health check passed
[2025-11-05T23:20:11.660686] [DEBUG] Cache key generated
[2025-11-05T23:20:11.660590] [INFO] Session started
[2025-11-05T23:20:11.660642] [WARN] Queue size growing
[2025-11-05T23:20:11.660637] [WARN] Rate limit approaching
[2025-11-05T23:20:11.660569] [INFO] Database query executed
[2025-11-05T23:20:11.660666] [DEBUG] Thread pool size: 8
[2025-11-05T23:20:11.660623] [INFO] Service initialized
[2025-11-05T23:20:11.660610] [INFO] Cache hit
[2025-11-05T23:20:11.660577] [INFO] Configuration loaded
[2025-11-05T23:20:11.660616] [INFO] Request processed successfully
[2025-11-05T23:20:11.660673] [DEBUG] Entering function process_data()
[2025-11-05T23:20:11.660662] [DEBUG] Thread pool size: 8
[2025-11-05T23:20:11.660607] [INFO] User logged in
[2025-11-05T23:20:11.660600] [INFO] Request processed successfully
[2025-11-05T23:20:11.660587] [INFO] Cache hit
[2025-11-05T23:20:11.660670] [DEBUG] HTTP request headers parsed
[2025-11-05T23:20:11.660619] [INFO] User logged in
[2025-11-05T23:20:11.660597] [INFO] Request processed successfully
[2025-11-05T23:20:11.660573] [INFO] Database query executed
[2025-11-05T23:20:11.660651] [ERROR] Service unavailable
[2025-11-05T23:20:11.660631] [WARN] Timeout warning
