[2025-11-05T23:20:27.702585] [INFO] Session started
[2025-11-05T23:20:27.702436] [INFO] Transaction completed
[2025-11-05T23:20:27.702606] [WARN] High memory usage detected
[2025-11-05T23:20:27.702636] [DEBUG] Cache key generated
[2025-11-05T23:20:27.702657] [DEBUG] Memory allocation: 2048 bytes
[2025-11-05T23:20:27.702640] [DEBUG] Memory allocation: 2048 bytes
[2025-11-05T23:20:27.702567] [INFO] Session started
[2025-11-05T23:20:27.702648] [DEBUG] Connection pool status checked
[2025-11-05T23:20:27.702562] [INFO] Request processed successfully
[2025-11-05T23:20:27.702626] [DEBUG] Timer set: 30 seconds
[2025-11-05T23:20:27.702611] [WARN] Disk space low
[2025-11-05T23:20:27.702589] [INFO] Transaction completed
[2025-11-05T23:20:27.702473] [INFO] Service initialized
[2025-11-05T23:20:27.702631] [DEBUG] Memory allocation: 2048 bytes
[2025-11-05T23:20:27.702665] [DEBUG] Cache key generated
[2025-11-05T23:20:27.702548] [INFO] Database query executed
[2025-11-05T23:20:27.702653] [DEBUG] Thread pool size: 8
[2025-11-05T23:20:27.702467] [INFO] Service initialized
[2025-11-05T23:20:27.702558] [INFO] Transaction completed
[2025-11-05T23:20:27.702596] [WARN] Slow query performance
[2025-11-05T23:20:27.702621] [ERROR] Network timeout
[2025-11-05T23:20:27.702580] [INFO] Configuration loaded
[2025-11-05T23:20:27.702644] [DEBUG] Buffer size: 4096 bytes
[2025-11-05T23:20:27.702536] [INFO] User logged in
[2025-11-05T23:20:27.702601] [WARN] Queue size growing
[2025-11-05T23:20:27.702553] [INFO] User logged in
[2025-11-05T23:20:27.702576] [INFO] Request processed successfully
[2025-11-05T23:20:27.702616] [ERROR] Request failed
[2025-11-05T23:20:27.702572] [INFO] User logged in
[2025-11-05T23:20:27.702661] [DEBUG] Memory allocation: 2048 bytes
