[2025-11-05T23:20:20.606584] [DEBUG] Buffer size: 4096 bytes
[2025-11-05T23:20:20.606556] [DEBUG] Cache key generated
[2025-11-05T23:20:20.606569] [DEBUG] Loop iteration: 15
[2025-11-05T23:20:20.606561] [DEBUG] Buffer size: 4096 bytes
[2025-11-05T23:20:20.606551] [DEBUG] Connection pool status checked
[2025-11-05T23:20:20.606580] [DEBUG] Timer set: 30 seconds
[2025-11-05T23:20:20.606508] [INFO] Session started
[2025-11-05T23:20:20.606497] [INFO] Database query executed
[2025-11-05T23:20:20.606573] [DEBUG] Buffer size: 4096 bytes
[2025-11-05T23:20:20.606457] [INFO] Health check passed
[2025-11-05T23:20:20.606463] [INFO] Transaction completed
[2025-11-05T23:20:20.606481] [INFO] Transaction completed
[2025-11-05T23:20:20.606468] [INFO] Service initialized
[2025-11-05T23:20:20.606493] [INFO] Cache hit
[2025-11-05T23:20:20.606516] [INFO] Service initialized
[2025-11-05T23:20:20.606500] [INFO] Connection established
[2025-11-05T23:20:20.606473] [INFO] Health check passed
[2025-11-05T23:20:20.606489] [INFO] Cache hit
[2025-11-05T23:20:20.606577] [DEBUG] Memory allocation: 2048 bytes
[2025-11-05T23:20:20.606527] [WARN] Rate limit approaching
[2025-11-05T23:20:20.606485] [INFO] Cache hit
[2025-11-05T23:20:20.606565] [DEBUG] Memory allocation: 2048 bytes
[2025-11-05T23:20:20.606504] [INFO] Transaction completed
[2025-11-05T23:20:20.606431] [INFO] Session started
[2025-11-05T23:20:20.606522] [WARN] High memory usage detected
[2025-11-05T23:20:20.606477] [INFO] Transaction completed
[2025-11-05T23:20:20.606541] [ERROR] Permission denied
[2025-11-05T23:20:20.606536] [WARN] Queue size growing
[2025-11-05T23:20:20.606532] [WARN] Connection retry attempt
[2025-11-05T23:20:20.606546] [ERROR] Database connection lost
[2025-11-05T23:20:20.606512] [INFO] Request processed successfully
