[2025-11-05T23:20:16.435230] [INFO] Health check passed
[2025-11-05T23:20:16.435252] [WARN] Disk space low
[2025-11-05T23:20:16.435284] [DEBUG] Variable value: x=42
[2025-11-05T23:20:16.435155] [INFO] Configuration loaded
[2025-11-05T23:20:16.435200] [INFO] User logged in
[2025-11-05T23:20:16.435305] [DEBUG] Memory allocation: 2048 bytes
[2025-11-05T23:20:16.435297] [DEBUG] Timer set: 30 seconds
[2025-11-05T23:20:16.435257] [WARN] Deprecated API usage
[2025-11-05T23:20:16.435271] [ERROR] Request failed
[2025-11-05T23:20:16.435213] [INFO] Service initialized
[2025-11-05T23:20:16.435246] [INFO] Transaction completed
[2025-11-05T23:20:16.435191] [INFO] Cache hit
[2025-11-05T23:20:16.435293] [DEBUG] Thread pool size: 8
[2025-11-05T23:20:16.435181] [INFO] Health check passed
[2025-11-05T23:20:16.435316] [DEBUG] Connection pool status checked
[2025-11-05T23:20:16.435234] [INFO] User logged in
[2025-11-05T23:20:16.435309] [DEBUG] Connection pool status checked
[2025-11-05T23:20:16.435301] [DEBUG] Loop iteration: 15
[2025-11-05T23:20:16.435289] [DEBUG] Loop iteration: 15
[2025-11-05T23:20:16.435226] [INFO] Configuration loaded
[2025-11-05T23:20:16.435187] [INFO] Request processed successfully
[2025-11-05T23:20:16.435238] [INFO] Session started
[2025-11-05T23:20:16.435312] [DEBUG] Thread pool size: 8
[2025-11-05T23:20:16.435275] [ERROR] Invalid input data
[2025-11-05T23:20:16.435261] [WARN] Disk space low
[2025-11-05T23:20:16.435279] [ERROR] Authentication failed
[2025-11-05T23:20:16.435217] [INFO] User logged in
[2025-11-05T23:20:16.435222] [INFO] Health check passed
[2025-11-05T23:20:16.435209] [INFO] Transaction completed
[2025-11-05T23:20:16.435265] [WARN] Connection retry attempt
[2025-11-05T23:20:16.435205] [INFO] Configuration loaded
[2025-11-05T23:20:16.435196] [INFO] Database query executed
[2025-11-05T23:20:16.435242] [INFO] User logged in
