[2025-11-05T23:20:40.726652] [WARN] Connection retry attempt
[2025-11-05T23:20:40.726642] [INFO] Service initialized
[2025-11-05T23:20:40.726618] [INFO] Health check passed
[2025-11-05T23:20:40.726657] [ERROR] Authentication failed
[2025-11-05T23:20:40.726614] [INFO] Service initialized
[2025-11-05T23:20:40.726601] [INFO] Service initialized
[2025-11-05T23:20:40.726701] [DEBUG] Thread pool size: 8
[2025-11-05T23:20:40.726605] [INFO] Service initialized
[2025-11-05T23:20:40.726610] [INFO] Database query executed
[2025-11-05T23:20:40.726567] [INFO] Database query executed
[2025-11-05T23:20:40.726646] [INFO] User logged in
[2025-11-05T23:20:40.726662] [ERROR] Database connection lost
[2025-11-05T23:20:40.726688] [DEBUG] Timer set: 30 seconds
[2025-11-05T23:20:40.726591] [INFO] Connection established
[2025-11-05T23:20:40.726626] [INFO] Request processed successfully
[2025-11-05T23:20:40.726676] [DEBUG] HTTP request headers parsed
[2025-11-05T23:20:40.726596] [INFO] Connection established
[2025-11-05T23:20:40.726697] [DEBUG] Memory allocation: 2048 bytes
[2025-11-05T23:20:40.726638] [INFO] Cache hit
[2025-11-05T23:20:40.726684] [DEBUG] Loop iteration: 15
[2025-11-05T23:20:40.726671] [DEBUG] Thread pool size: 8
[2025-11-05T23:20:40.726680] [DEBUG] HTTP request headers parsed
[2025-11-05T23:20:40.726693] [DEBUG] Buffer size: 4096 bytes
[2025-11-05T23:20:40.726634] [INFO] Configuration loaded
[2025-11-05T23:20:40.726630] [INFO] Session started
[2025-11-05T23:20:40.726622] [INFO] Health check passed
[2025-11-05T23:20:40.726667] [DEBUG] Entering function process_data()
