[2025-11-05T23:20:20.423123] [DEBUG] Timer set: 30 seconds
[2025-11-05T23:20:20.423101] [ERROR] Request failed
[2025-11-05T23:20:20.423044] [INFO] Connection established
[2025-11-05T23:20:20.423083] [WARN] High memory usage detected
[2025-11-05T23:20:20.423076] [INFO] Database query executed
[2025-11-05T23:20:20.423132] [DEBUG] Cache key generated
[2025-11-05T23:20:20.423031] [INFO] Health check passed
[2025-11-05T23:20:20.423097] [WARN] High memory usage detected
[2025-11-05T23:20:20.423129] [DEBUG] Variable value: x=42
[2025-11-05T23:20:20.423051] [INFO] Session started
[2025-11-05T23:20:20.423073] [INFO] Configuration loaded
[2025-11-05T23:20:20.423113] [DEBUG] Thread pool size: 8
[2025-11-05T23:20:20.423094] [WARN] Cache miss
[2025-11-05T23:20:20.423058] [INFO] Connection established
[2025-11-05T23:20:20.423091] [WARN] Connection retry attempt
[2025-11-05T23:20:20.423064] [INFO] Session started
[2025-11-05T23:20:20.423126] [DEBUG] Thread pool size: 8
[2025-11-05T23:20:20.423036] [INFO] Service initialized
[2025-11-05T23:20:20.423040] [INFO] Session started
[2025-11-05T23:20:20.423120] [DEBUG] Entering function process_data()
[2025-11-05T23:20:20.423105] [ERROR] Memory allocation error
[2025-11-05T23:20:20.423087] [WARN] Cache miss
[2025-11-05T23:20:20.423070] [INFO] Session started
[2025-11-05T23:20:20.423079] [INFO] Session started
[2025-11-05T23:20:20.423005] [INFO] Database query executed
[2025-11-05T23:20:20.423109] [DEBUG] Memory allocation: 2048 bytes
[2025-11-05T23:20:20.423054] [INFO] Health check passed
[2025-11-05T23:20:20.423067] [INFO] User logged in
[2025-11-05T23:20:20.423048] [INFO] Database query executed
[2025-11-05T23:20:20.423116] [DEBUG] HTTP request headers parsed
[2025-11-05T23:20:20.423061] [INFO] Service initialized
