[2025-11-05T23:20:30.693283] [DEBUG] Timer set: 30 seconds
[2025-11-05T23:20:30.693216] [INFO] Cache hit
[2025-11-05T23:20:30.693253] [WARN] Cache miss
[2025-11-05T23:20:30.693242] [INFO] Connection established
[2025-11-05T23:20:30.693302] [DEBUG] Thread pool size: 8
[2025-11-05T23:20:30.693314] [DEBUG] Connection pool status checked
[2025-11-05T23:20:30.693275] [DEBUG] Memory allocation: 2048 bytes
[2025-11-05T23:20:30.693200] [INFO] Transaction completed
[2025-11-05T23:20:30.693262] [WARN] Cache miss
[2025-11-05T23:20:30.693294] [DEBUG] HTTP request headers parsed
[2025-11-05T23:20:30.693227] [INFO] Connection established
[2025-11-05T23:20:30.693238] [INFO] Cache hit
[2025-11-05T23:20:30.693279] [DEBUG] Thread pool size: 8
[2025-11-05T23:20:30.693286] [DEBUG] Memory allocation: 2048 bytes
[2025-11-05T23:20:30.693267] [ERROR] Database connection lost
[2025-11-05T23:20:30.693234] [INFO] Configuration loaded
[2025-11-05T23:20:30.693148] [INFO] Connection established
[2025-11-05T23:20:30.693306] [DEBUG] Loop iteration: 15
[2025-11-05T23:20:30.693271] [ERROR] Database connection lost
[2025-11-05T23:20:30.693310] [DEBUG] Thread pool size: 8
[2025-11-05T23:20:30.693231] [INFO] Database query executed
[2025-11-05T23:20:30.693290] [DEBUG] Timer set: 30 seconds
[2025-11-05T23:20:30.693212] [INFO] Session started
[2025-11-05T23:20:30.693224] [INFO] Health check passed
[2025-11-05T23:20:30.693220] [INFO] User logged in
[2025-11-05T23:20:30.693245] [INFO] Session started
[2025-11-05T23:20:30.693248] [INFO] Database query executed
[2025-11-05T23:20:30.693298] [DEBUG] Memory allocation: 2048 bytes
[2025-11-05T23:20:30.693258] [WARN] High memory usage detected
[2025-11-05T23:20:30.693207] [INFO] Configuration loaded
