[2025-11-05T23:20:19.139333] [WARN] High memory usage detected
[2025-11-05T23:20:19.139363] [DEBUG] Cache key generated
[2025-11-05T23:20:19.139271] [INFO] Service initialized
[2025-11-05T23:20:19.139313] [WARN] High memory usage detected
[2025-11-05T23:20:19.139248] [INFO] Cache hit
[2025-11-05T23:20:19.139280] [INFO] Transaction completed
[2025-11-05T23:20:19.139257] [INFO] Cache hit
[2025-11-05T23:20:19.139359] [DEBUG] Buffer size: 4096 bytes
[2025-11-05T23:20:19.139298] [INFO] Connection established
[2025-11-05T23:20:19.139213] [INFO] Configuration loaded
[2025-11-05T23:20:19.139329] [WARN] Resource threshold approaching
[2025-11-05T23:20:19.139252] [INFO] Health check passed
[2025-11-05T23:20:19.139353] [DEBUG] Memory allocation: 2048 bytes
[2025-11-05T23:20:19.139294] [INFO] Request processed successfully
[2025-11-05T23:20:19.139276] [INFO] Session started
[2025-11-05T23:20:19.139289] [INFO] Cache hit
[2025-11-05T23:20:19.139302] [INFO] Connection established
[2025-11-05T23:20:19.139325] [WARN] Resource threshold approaching
[2025-11-05T23:20:19.139338] [ERROR] Memory allocation error
[2025-11-05T23:20:19.139262] [INFO] Health check passed
[2025-11-05T23:20:19.139343] [ERROR] Memory allocation error
[2025-11-05T23:20:19.139367] [DEBUG] Cache key generated
[2025-11-05T23:20:19.139306] [INFO] Cache hit
[2025-11-05T23:20:19.139371] [DEBUG] Connection pool status checked
[2025-11-05T23:20:19.139375] [DEBUG] Variable value: x=42
[2025-11-05T23:20:19.139348] [DEBUG] Buffer size: 4096 bytes
[2025-11-05T23:20:19.139266] [INFO] User logged in
[2025-11-05T23:20:19.139241] [INFO] Connection established
[2025-11-05T23:20:19.139319] [WARN] Cache miss
[2025-11-05T23:20:19.139285] [INFO] User logged in
