[2025-11-05T23:20:39.264508] [DEBUG] Memory allocation: 2048 bytes
[2025-11-05T23:20:39.264364] [INFO] Database query executed
[2025-11-05T23:20:39.264468] [WARN] Queue size growing
[2025-11-05T23:20:39.264485] [DEBUG] Cache key generated
[2025-11-05T23:20:39.264443] [INFO] Request processed successfully
[2025-11-05T23:20:39.264513] [DEBUG] Timer set: 30 seconds
[2025-11-05T23:20:39.264420] [INFO] User logged in
[2025-11-05T23:20:39.264499] [DEBUG] Memory allocation: 2048 bytes
[2025-11-05T23:20:39.264391] [INFO] Request processed successfully
[2025-11-05T23:20:39.264407] [INFO] Configuration loaded
[2025-11-05T23:20:39.264412] [INFO] Request processed successfully
[2025-11-05T23:20:39.264416] [INFO] Configuration loaded
[2025-11-05T23:20:39.264439] [INFO] Connection established
[2025-11-05T23:20:39.264451] [INFO] Request processed successfully
[2025-11-05T23:20:39.264478] [ERROR] Service unavailable
[2025-11-05T23:20:39.264447] [INFO] Service initialized
[2025-11-05T23:20:39.264434] [INFO] Database query executed
[2025-11-05T23:20:39.264494] [DEBUG] Thread pool size: 8
[2025-11-05T23:20:39.264503] [DEBUG] Loop iteration: 15
[2025-11-05T23:20:39.264463] [WARN] Deprecated API usage
[2025-11-05T23:20:39.264430] [INFO] Service initialized
[2025-11-05T23:20:39.264490] [DEBUG] Buffer size: 4096 bytes
[2025-11-05T23:20:39.264457] [WARN] Rate limit approaching
[2025-11-05T23:20:39.264397] [INFO] Configuration loaded
[2025-11-05T23:20:39.264402] [INFO] Cache hit
[2025-11-05T23:20:39.264473] [WARN] Connection retry attempt
[2025-11-05T23:20:39.264425] [INFO] Service initialized
