[2025-11-05T23:20:13.328375] [INFO] Connection established
[2025-11-05T23:20:13.328415] [INFO] Service initialized
[2025-11-05T23:20:13.328498] [DEBUG] Memory allocation: 2048 bytes
[2025-11-05T23:20:13.328411] [INFO] Database query executed
[2025-11-05T23:20:13.328502] [DEBUG] HTTP request headers parsed
[2025-11-05T23:20:13.328439] [INFO] Session started
[2025-11-05T23:20:13.328424] [INFO] Request processed successfully
[2025-11-05T23:20:13.328428] [INFO] Session started
[2025-11-05T23:20:13.328470] [WARN] Slow query performance
[2025-11-05T23:20:13.328456] [INFO] Connection established
[2025-11-05T23:20:13.328460] [INFO] User logged in
[2025-11-05T23:20:13.328465] [WARN] Resource threshold approaching
[2025-11-05T23:20:13.328452] [INFO] Cache hit
[2025-11-05T23:20:13.328510] [DEBUG] Entering function process_data()
[2025-11-05T23:20:13.328436] [INFO] Transaction completed
[2025-11-05T23:20:13.328483] [WARN] Connection retry attempt
[2025-11-05T23:20:13.328493] [ERROR] Request failed
[2025-11-05T23:20:13.328443] [INFO] Session started
[2025-11-05T23:20:13.328488] [ERROR] Permission denied
[2025-11-05T23:20:13.328419] [INFO] Session started
[2025-11-05T23:20:13.328406] [INFO] Database query executed
[2025-11-05T23:20:13.328431] [INFO] Health check passed
[2025-11-05T23:20:13.328448] [INFO] Database query executed
[2025-11-05T23:20:13.328479] [WARN] Cache miss
[2025-11-05T23:20:13.328506] [DEBUG] Connection pool status checked
[2025-11-05T23:20:13.328475] [WARN] Connection retry attempt
[2025-11-05T23:20:13.328400] [INFO] Transaction completed
