[2025-11-05T23:20:50.952520] [WARN] Connection retry attempt
[2025-11-05T23:20:50.952502] [INFO] User logged in
[2025-11-05T23:20:50.952483] [INFO] Request processed successfully
[2025-11-05T23:20:50.952448] [INFO] Request processed successfully
[2025-11-05T23:20:50.952530] [WARN] Deprecated API usage
[2025-11-05T23:20:50.952492] [INFO] Configuration loaded
[2025-11-05T23:20:50.952557] [DEBUG] Cache key generated
[2025-11-05T23:20:50.952552] [DEBUG] HTTP request headers parsed
[2025-11-05T23:20:50.952453] [INFO] Transaction completed
[2025-11-05T23:20:50.952442] [INFO] Configuration loaded
[2025-11-05T23:20:50.952478] [INFO] Database query executed
[2025-11-05T23:20:50.952525] [WARN] Timeout warning
[2025-11-05T23:20:50.952514] [WARN] Cache miss
[2025-11-05T23:20:50.952547] [DEBUG] Loop iteration: 15
[2025-11-05T23:20:50.952468] [INFO] Configuration loaded
[2025-11-05T23:20:50.952508] [WARN] Disk space low
[2025-11-05T23:20:50.952435] [INFO] Transaction completed
[2025-11-05T23:20:50.952487] [INFO] Connection established
[2025-11-05T23:20:50.952463] [INFO] Session started
[2025-11-05T23:20:50.952536] [ERROR] Invalid input data
[2025-11-05T23:20:50.952541] [ERROR] Authentication failed
[2025-11-05T23:20:50.952458] [INFO] Connection established
[2025-11-05T23:20:50.952408] [INFO] Health check passed
[2025-11-05T23:20:50.952473] [INFO] Configuration loaded
[2025-11-05T23:20:50.952497] [INFO] Transaction completed
[2025-11-05T23:20:50.952566] [DEBUG] HTTP request headers parsed
[2025-11-05T23:20:50.952562] [DEBUG] Thread pool size: 8
