[2025-11-05T23:20:39.127664] [INFO] Service initialized
[2025-11-05T23:20:39.127673] [INFO] Service initialized
[2025-11-05T23:20:39.127591] [INFO] Database query executed
[2025-11-05T23:20:39.127731] [DEBUG] Thread pool size: 8
[2025-11-05T23:20:39.127677] [INFO] Health check passed
[2025-11-05T23:20:39.127585] [INFO] User logged in
[2025-11-05T23:20:39.127669] [INFO] Database query executed
[2025-11-05T23:20:39.127693] [ERROR] Disk read failed
[2025-11-05T23:20:39.127559] [INFO] Request processed successfully
[2025-11-05T23:20:39.127596] [INFO] Service initialized
[2025-11-05T23:20:39.127723] [DEBUG] Entering function process_data()
[2025-11-05T23:20:39.127727] [DEBUG] HTTP request headers parsed
[2025-11-05T23:20:39.127601] [INFO] Request processed successfully
[2025-11-05T23:20:39.127735] [DEBUG] Entering function process_data()
[2025-11-05T23:20:39.127719] [DEBUG] Buffer size: 4096 bytes
[2025-11-05T23:20:39.127702] [DEBUG] HTTP request headers parsed
[2025-11-05T23:20:39.127681] [INFO] Cache hit
[2025-11-05T23:20:39.127697] [ERROR] Disk read failed
[2025-11-05T23:20:39.127715] [DEBUG] Buffer size: 4096 bytes
[2025-11-05T23:20:39.127712] [DEBUG] HTTP request headers parsed
[2025-11-05T23:20:39.127654] [INFO] Database query executed
[2025-11-05T23:20:39.127707] [DEBUG] Buffer size: 4096 bytes
[2025-11-05T23:20:39.127660] [INFO] Configuration loaded
[2025-11-05T23:20:39.127607] [INFO] Connection established
[2025-11-05T23:20:39.127687] [WARN] Rate limit approaching
