[2025-11-05T23:20:35.795781] [INFO] Health check passed
[2025-11-05T23:20:35.795758] [INFO] Connection established
[2025-11-05T23:20:35.795790] [INFO] Health check passed
[2025-11-05T23:20:35.795856] [DEBUG] Entering function process_data()
[2025-11-05T23:20:35.795794] [INFO] Database query executed
[2025-11-05T23:20:35.795851] [DEBUG] Loop iteration: 15
[2025-11-05T23:20:35.795804] [WARN] Connection retry attempt
[2025-11-05T23:20:35.795748] [INFO] Cache hit
[2025-11-05T23:20:35.795799] [WARN] Rate limit approaching
[2025-11-05T23:20:35.795813] [WARN] Deprecated API usage
[2025-11-05T23:20:35.795744] [INFO] Connection established
[2025-11-05T23:20:35.795884] [DEBUG] Memory allocation: 2048 bytes
[2025-11-05T23:20:35.795831] [ERROR] Permission denied
[2025-11-05T23:20:35.795766] [INFO] User logged in
[2025-11-05T23:20:35.795786] [INFO] Connection established
[2025-11-05T23:20:35.795864] [DEBUG] Memory allocation: 2048 bytes
[2025-11-05T23:20:35.795860] [DEBUG] Loop iteration: 15
[2025-11-05T23:20:35.795826] [WARN] Resource threshold approaching
[2025-11-05T23:20:35.795835] [ERROR] File not found
[2025-11-05T23:20:35.795879] [DEBUG] HTTP request headers parsed
[2025-11-05T23:20:35.795847] [DEBUG] Entering function process_data()
[2025-11-05T23:20:35.795762] [INFO] Service initialized
[2025-11-05T23:20:35.795841] [ERROR] Invalid input data
[2025-11-05T23:20:35.795710] [INFO] Session started
[2025-11-05T23:20:35.795874] [DEBUG] Memory allocation: 2048 bytes
[2025-11-05T23:20:35.795733] [INFO] Service initialized
[2025-11-05T23:20:35.795777] [INFO] Session started
[2025-11-05T23:20:35.795773] [INFO] Health check passed
[2025-11-05T23:20:35.795808] [WARN] Slow query performance
[2025-11-05T23:20:35.795821] [WARN] Timeout warning
[2025-11-05T23:20:35.795868] [DEBUG] Variable value: x=42
[2025-11-05T23:20:35.795753] [INFO] Request processed successfully
[2025-11-05T23:20:35.795817] [WARN] Resource threshold approaching
[2025-11-05T23:20:35.795739] [INFO] Configuration loaded
