[2025-11-05T23:20:26.322673] [DEBUG] Entering function process_data()
[2025-11-05T23:20:26.322570] [INFO] Request processed successfully
[2025-11-05T23:20:26.322606] [INFO] Session started
[2025-11-05T23:20:26.322618] [INFO] Request processed successfully
[2025-11-05T23:20:26.322652] [ERROR] Invalid input data
[2025-11-05T23:20:26.322599] [INFO] Database query executed
[2025-11-05T23:20:26.322664] [DEBUG] Cache key generated
[2025-11-05T23:20:26.322627] [INFO] User logged in
[2025-11-05T23:20:26.322667] [DEBUG] Cache key generated
[2025-11-05T23:20:26.322624] [INFO] User logged in
[2025-11-05T23:20:26.322645] [WARN] High memory usage detected
[2025-11-05T23:20:26.322660] [DEBUG] Variable value: x=42
[2025-11-05T23:20:26.322648] [WARN] Deprecated API usage
[2025-11-05T23:20:26.322633] [INFO] Transaction completed
[2025-11-05T23:20:26.322640] [WARN] Disk space low
[2025-11-05T23:20:26.322656] [ERROR] Permission denied
[2025-11-05T23:20:26.322609] [INFO] Session started
[2025-11-05T23:20:26.322603] [INFO] Session started
[2025-11-05T23:20:26.322621] [INFO] Database query executed
[2025-11-05T23:20:26.322613] [INFO] Service initialized
[2025-11-05T23:20:26.322630] [INFO] Request processed successfully
[2025-11-05T23:20:26.322596] [INFO] Connection established
[2025-11-05T23:20:26.322670] [DEBUG] Loop iteration: 15
[2025-11-05T23:20:26.322636] [INFO] Cache hit
[2025-11-05T23:20:26.322676] [DEBUG] Buffer size: 4096 bytes
[2025-11-05T23:20:26.322615] [INFO] Session started
[2025-11-05T23:20:26.322593] [INFO] Request processed successfully
