[2025-11-05T23:20:36.101835] [INFO] Database query executed
[2025-11-05T23:20:36.101842] [INFO] Request processed successfully
[2025-11-05T23:20:36.101815] [INFO] Cache hit
[2025-11-05T23:20:36.101847] [WARN] Connection retry attempt
[2025-11-05T23:20:36.101868] [DEBUG] HTTP request headers parsed
[2025-11-05T23:20:36.101872] [DEBUG] Timer set: 30 seconds
[2025-11-05T23:20:36.101860] [DEBUG] Variable value: x=42
[2025-11-05T23:20:36.101879] [DEBUG] Loop iteration: 15
[2025-11-05T23:20:36.101883] [DEBUG] Buffer size: 4096 bytes
[2025-11-05T23:20:36.101801] [INFO] Health check passed
[2025-11-05T23:20:36.101825] [INFO] User logged in
[2025-11-05T23:20:36.101832] [INFO] Service initialized
[2025-11-05T23:20:36.101864] [DEBUG] HTTP request headers parsed
[2025-11-05T23:20:36.101808] [INFO] Session started
[2025-11-05T23:20:36.101828] [INFO] Request processed successfully
[2025-11-05T23:20:36.101790] [INFO] Request processed successfully
[2025-11-05T23:20:36.101805] [INFO] Cache hit
[2025-11-05T23:20:36.101755] [INFO] Database query executed
[2025-11-05T23:20:36.101822] [INFO] Cache hit
[2025-11-05T23:20:36.101856] [ERROR] Memory allocation error
[2025-11-05T23:20:36.101812] [INFO] Session started
[2025-11-05T23:20:36.101818] [INFO] Health check passed
[2025-11-05T23:20:36.101876] [DEBUG] Entering function process_data()
[2025-11-05T23:20:36.101852] [ERROR] Memory allocation error
[2025-11-05T23:20:36.101780] [INFO] User logged in
[2025-11-05T23:20:36.101797] [INFO] Health check passed
[2025-11-05T23:20:36.101839] [INFO] Connection established
[2025-11-05T23:20:36.101786] [INFO] Session started
[2025-11-05T23:20:36.101793] [INFO] Session started
