[2025-11-05T23:20:21.817120] [INFO] Service initialized
[2025-11-05T23:20:21.817125] [INFO] User logged in
[2025-11-05T23:20:21.817114] [INFO] Session started
[2025-11-05T23:20:21.817158] [INFO] Transaction completed
[2025-11-05T23:20:21.817175] [INFO] Service initialized
[2025-11-05T23:20:21.817139] [INFO] Connection established
[2025-11-05T23:20:21.817192] [ERROR] Network timeout
[2025-11-05T23:20:21.817186] [WARN] Cache miss
[2025-11-05T23:20:21.817086] [INFO] Request processed successfully
[2025-11-05T23:20:21.817130] [INFO] Connection established
[2025-11-05T23:20:21.817135] [INFO] Configuration loaded
[2025-11-05T23:20:21.817257] [DEBUG] Cache key generated
[2025-11-05T23:20:21.817266] [DEBUG] Connection pool status checked
[2025-11-05T23:20:21.817272] [DEBUG] Memory allocation: 2048 bytes
[2025-11-05T23:20:21.817149] [INFO] Service initialized
[2025-11-05T23:20:21.817144] [INFO] Transaction completed
[2025-11-05T23:20:21.817163] [INFO] Configuration loaded
[2025-11-05T23:20:21.817181] [WARN] Queue size growing
[2025-11-05T23:20:21.817262] [DEBUG] Variable value: x=42
[2025-11-05T23:20:21.817276] [DEBUG] Buffer size: 4096 bytes
[2025-11-05T23:20:21.817154] [INFO] Database query executed
[2025-11-05T23:20:21.817167] [INFO] Connection established
[2025-11-05T23:20:21.817171] [INFO] Connection established
[2025-11-05T23:20:21.817249] [DEBUG] Thread pool size: 8
