[2025-11-05T23:20:33.874170] [INFO] Transaction completed
[2025-11-05T23:20:33.874250] [ERROR] Memory allocation error
[2025-11-05T23:20:33.874305] [DEBUG] Buffer size: 4096 bytes
[2025-11-05T23:20:33.874245] [WARN] Deprecated API usage
[2025-11-05T23:20:33.874216] [INFO] Connection established
[2025-11-05T23:20:33.874224] [INFO] Configuration loaded
[2025-11-05T23:20:33.874203] [INFO] Cache hit
[2025-11-05T23:20:33.874291] [DEBUG] Variable value: x=42
[2025-11-05T23:20:33.874212] [INFO] Session started
[2025-11-05T23:20:33.874256] [ERROR] Memory allocation error
[2025-11-05T23:20:33.874181] [INFO] Connection established
[2025-11-05T23:20:33.874230] [WARN] Deprecated API usage
[2025-11-05T23:20:33.874261] [ERROR] Memory allocation error
[2025-11-05T23:20:33.874265] [DEBUG] Variable value: x=42
[2025-11-05T23:20:33.874220] [INFO] Service initialized
[2025-11-05T23:20:33.874300] [DEBUG] Entering function process_data()
[2025-11-05T23:20:33.874270] [DEBUG] HTTP request headers parsed
[2025-11-05T23:20:33.874239] [WARN] Disk space low
[2025-11-05T23:20:33.874274] [DEBUG] Variable value: x=42
[2025-11-05T23:20:33.874176] [INFO] Database query executed
[2025-11-05T23:20:33.874199] [INFO] Configuration loaded
[2025-11-05T23:20:33.874186] [INFO] User logged in
[2025-11-05T23:20:33.874144] [INFO] Session started
[2025-11-05T23:20:33.874286] [DEBUG] Buffer size: 4096 bytes
[2025-11-05T23:20:33.874280] [DEBUG] Connection pool status checked
[2025-11-05T23:20:33.874235] [WARN] Deprecated API usage
[2025-11-05T23:20:33.874296] [DEBUG] Connection pool status checked
[2025-11-05T23:20:33.874191] [INFO] Cache hit
[2025-11-05T23:20:33.874208] [INFO] Configuration loaded
[2025-11-05T23:20:33.874195] [INFO] Connection established
