[2025-11-05T23:20:44.343703] [INFO] Connection established
[2025-11-05T23:20:44.343668] [INFO] Service initialized
[2025-11-05T23:20:44.343719] [INFO] Transaction completed
[2025-11-05T23:20:44.343751] [ERROR] File not found
[2025-11-05T23:20:44.343636] [INFO] Configuration loaded
[2025-11-05T23:20:44.343687] [INFO] Transaction completed
[2025-11-05T23:20:44.343683] [INFO] User logged in
[2025-11-05T23:20:44.343716] [INFO] Service initialized
[2025-11-05T23:20:44.343760] [DEBUG] Timer set: 30 seconds
[2025-11-05T23:20:44.343699] [INFO] Session started
[2025-11-05T23:20:44.343756] [DEBUG] HTTP request headers parsed
[2025-11-05T23:20:44.343736] [WARN] Queue size growing
[2025-11-05T23:20:44.343673] [INFO] Transaction completed
[2025-11-05T23:20:44.343725] [WARN] Connection retry attempt
[2025-11-05T23:20:44.343740] [WARN] Connection retry attempt
[2025-11-05T23:20:44.343662] [INFO] Cache hit
[2025-11-05T23:20:44.343730] [WARN] Disk space low
[2025-11-05T23:20:44.343711] [INFO] Connection established
[2025-11-05T23:20:44.343678] [INFO] Health check passed
[2025-11-05T23:20:44.343695] [INFO] Database query executed
[2025-11-05T23:20:44.343708] [INFO] Cache hit
[2025-11-05T23:20:44.343746] [ERROR] File not found
[2025-11-05T23:20:44.343691] [INFO] Health check passed
