[2025-11-05T23:20:18.835432] [INFO] Configuration loaded
[2025-11-05T23:20:18.835424] [INFO] Connection established
[2025-11-05T23:20:18.835442] [WARN] Disk space low
[2025-11-05T23:20:18.835419] [INFO] User logged in
[2025-11-05T23:20:18.835428] [INFO] Cache hit
[2025-11-05T23:20:18.835448] [WARN] Rate limit approaching
[2025-11-05T23:20:18.835405] [INFO] Database query executed
[2025-11-05T23:20:18.835394] [INFO] Database query executed
[2025-11-05T23:20:18.835503] [DEBUG] Cache key generated
[2025-11-05T23:20:18.835491] [DEBUG] Connection pool status checked
[2025-11-05T23:20:18.835467] [ERROR] File not found
[2025-11-05T23:20:18.835457] [WARN] Queue size growing
[2025-11-05T23:20:18.835384] [INFO] Configuration loaded
[2025-11-05T23:20:18.835410] [INFO] Session started
[2025-11-05T23:20:18.835378] [INFO] Connection established
[2025-11-05T23:20:18.835462] [ERROR] Service unavailable
[2025-11-05T23:20:18.835437] [INFO] User logged in
[2025-11-05T23:20:18.835363] [INFO] Transaction completed
[2025-11-05T23:20:18.835453] [WARN] Slow query performance
[2025-11-05T23:20:18.835487] [DEBUG] HTTP request headers parsed
[2025-11-05T23:20:18.835482] [DEBUG] Thread pool size: 8
[2025-11-05T23:20:18.835499] [DEBUG] Variable value: x=42
[2025-11-05T23:20:18.835337] [INFO] Connection established
[2025-11-05T23:20:18.835471] [ERROR] File not found
[2025-11-05T23:20:18.835495] [DEBUG] Connection pool status checked
[2025-11-05T23:20:18.835390] [INFO] Connection established
[2025-11-05T23:20:18.835414] [INFO] Request processed successfully
[2025-11-05T23:20:18.835370] [INFO] Request processed successfully
[2025-11-05T23:20:18.835477] [DEBUG] Timer set: 30 seconds
[2025-11-05T23:20:18.835399] [INFO] Health check passed
