[2025-11-05T23:20:51.018787] [INFO] Database query executed
[2025-11-05T23:20:51.018870] [WARN] Connection retry attempt
[2025-11-05T23:20:51.018750] [INFO] Configuration loaded
[2025-11-05T23:20:51.018896] [DEBUG] Variable value: x=42
[2025-11-05T23:20:51.018891] [DEBUG] Connection pool status checked
[2025-11-05T23:20:51.018860] [WARN] Connection retry attempt
[2025-11-05T23:20:51.018914] [DEBUG] Timer set: 30 seconds
[2025-11-05T23:20:51.018854] [WARN] Slow query performance
[2025-11-05T23:20:51.018781] [INFO] Session started
[2025-11-05T23:20:51.018813] [INFO] Health check passed
[2025-11-05T23:20:51.018843] [INFO] Health check passed
[2025-11-05T23:20:51.018919] [DEBUG] Variable value: x=42
[2025-11-05T23:20:51.018848] [INFO] Health check passed
[2025-11-05T23:20:51.018875] [ERROR] File not found
[2025-11-05T23:20:51.018923] [DEBUG] Thread pool size: 8
[2025-11-05T23:20:51.018809] [INFO] Session started
[2025-11-05T23:20:51.018776] [INFO] Request processed successfully
[2025-11-05T23:20:51.018839] [INFO] Session started
[2025-11-05T23:20:51.018910] [DEBUG] Entering function process_data()
[2025-11-05T23:20:51.018791] [INFO] Request processed successfully
[2025-11-05T23:20:51.018865] [WARN] Resource threshold approaching
[2025-11-05T23:20:51.018886] [DEBUG] Timer set: 30 seconds
[2025-11-05T23:20:51.018880] [ERROR] Network timeout
[2025-11-05T23:20:51.018818] [INFO] Transaction completed
[2025-11-05T23:20:51.018830] [INFO] Request processed successfully
[2025-11-05T23:20:51.018804] [INFO] Transaction completed
[2025-11-05T23:20:51.018826] [INFO] Request processed successfully
[2025-11-05T23:20:51.018800] [INFO] Service initialized
[2025-11-05T23:20:51.018835] [INFO] Cache hit
[2025-11-05T23:20:51.018796] [INFO] Service initialized
[2025-11-05T23:20:51.018901] [DEBUG] Thread pool size: 8
[2025-11-05T23:20:51.018905] [DEBUG] Variable value: x=42
[2025-11-05T23:20:51.018822] [INFO] Request processed successfully
