[2025-11-05T23:20:26.589765] [DEBUG] Loop iteration: 15
[2025-11-05T23:20:26.589696] [INFO] Service initialized
[2025-11-05T23:20:26.589769] [DEBUG] Entering function process_data()
[2025-11-05T23:20:26.589749] [WARN] Deprecated API usage
[2025-11-05T23:20:26.589742] [WARN] Rate limit approaching
[2025-11-05T23:20:26.589703] [INFO] Transaction completed
[2025-11-05T23:20:26.589733] [INFO] Connection established
[2025-11-05T23:20:26.589738] [WARN] Rate limit approaching
[2025-11-05T23:20:26.589730] [INFO] Request processed successfully
[2025-11-05T23:20:26.589761] [ERROR] Service unavailable
[2025-11-05T23:20:26.589717] [INFO] Configuration loaded
[2025-11-05T23:20:26.589757] [ERROR] Service unavailable
[2025-11-05T23:20:26.589752] [WARN] Slow query performance
[2025-11-05T23:20:26.589779] [DEBUG] Cache key generated
[2025-11-05T23:20:26.589726] [INFO] Connection established
[2025-11-05T23:20:26.589700] [INFO] Transaction completed
[2025-11-05T23:20:26.589723] [INFO] Transaction completed
[2025-11-05T23:20:26.589693] [INFO] User logged in
[2025-11-05T23:20:26.589689] [INFO] Request processed successfully
[2025-11-05T23:20:26.589776] [DEBUG] Buffer size: 4096 bytes
[2025-11-05T23:20:26.589745] [WARN] Deprecated API usage
[2025-11-05T23:20:26.589707] [INFO] Configuration loaded
[2025-11-05T23:20:26.589713] [INFO] User logged in
[2025-11-05T23:20:26.589720] [INFO] User logged in
[2025-11-05T23:20:26.589772] [DEBUG] Connection pool status checked
[2025-11-05T23:20:26.589665] [INFO] Request processed successfully
[2025-11-05T23:20:26.589710] [INFO] Configuration loaded
