[2025-11-05T23:20:30.176669] [INFO] Database query executed
[2025-11-05T23:20:30.176789] [DEBUG] HTTP request headers parsed
[2025-11-05T23:20:30.176719] [INFO] Cache hit
[2025-11-05T23:20:30.176755] [ERROR] Network timeout
[2025-11-05T23:20:30.176745] [ERROR] Database connection lost
[2025-11-05T23:20:30.176707] [INFO] Configuration loaded
[2025-11-05T23:20:30.176769] [DEBUG] Cache key generated
[2025-11-05T23:20:30.176785] [DEBUG] Cache key generated
[2025-11-05T23:20:30.176687] [INFO] Service initialized
[2025-11-05T23:20:30.176715] [INFO] Request processed successfully
[2025-11-05T23:20:30.176679] [INFO] Transaction completed
[2025-11-05T23:20:30.176711] [INFO] Connection established
[2025-11-05T23:20:30.176703] [INFO] Request processed successfully
[2025-11-05T23:20:30.176674] [INFO] Session started
[2025-11-05T23:20:30.176780] [DEBUG] Connection pool status checked
[2025-11-05T23:20:30.176739] [WARN] Slow query performance
[2025-11-05T23:20:30.176729] [WARN] Connection retry attempt
[2025-11-05T23:20:30.176734] [WARN] Connection retry attempt
[2025-11-05T23:20:30.176643] [INFO] Service initialized
[2025-11-05T23:20:30.176773] [DEBUG] Connection pool status checked
[2025-11-05T23:20:30.176760] [DEBUG] Connection pool status checked
[2025-11-05T23:20:30.176777] [DEBUG] Buffer size: 4096 bytes
[2025-11-05T23:20:30.176699] [INFO] Request processed successfully
[2025-11-05T23:20:30.176723] [INFO] Configuration loaded
[2025-11-05T23:20:30.176691] [INFO] Configuration loaded
[2025-11-05T23:20:30.176695] [INFO] Request processed successfully
[2025-11-05T23:20:30.176683] [INFO] Configuration loaded
[2025-11-05T23:20:30.176751] [ERROR] Authentication failed
[2025-11-05T23:20:30.176765] [DEBUG] Buffer size: 4096 bytes
