[2025-11-05T23:20:50.693557] [INFO] Connection established
[2025-11-05T23:20:50.693529] [INFO] Connection established
[2025-11-05T23:20:50.693499] [INFO] Health check passed
[2025-11-05T23:20:50.693542] [INFO] User logged in
[2025-11-05T23:20:50.693534] [INFO] Connection established
[2025-11-05T23:20:50.693625] [ERROR] Service unavailable
[2025-11-05T23:20:50.693609] [WARN] Resource threshold approaching
[2025-11-05T23:20:50.693635] [DEBUG] Buffer size: 4096 bytes
[2025-11-05T23:20:50.693576] [INFO] Connection established
[2025-11-05T23:20:50.693615] [WARN] Resource threshold approaching
[2025-11-05T23:20:50.693566] [INFO] Configuration loaded
[2025-11-05T23:20:50.693604] [WARN] Queue size growing
[2025-11-05T23:20:50.693571] [INFO] Configuration loaded
[2025-11-05T23:20:50.693547] [INFO] Configuration loaded
[2025-11-05T23:20:50.693582] [INFO] User logged in
[2025-11-05T23:20:50.693598] [WARN] Resource threshold approaching
[2025-11-05T23:20:50.693644] [DEBUG] Thread pool size: 8
[2025-11-05T23:20:50.693523] [INFO] Health check passed
[2025-11-05T23:20:50.693551] [INFO] Session started
[2025-11-05T23:20:50.693593] [INFO] Request processed successfully
[2025-11-05T23:20:50.693630] [DEBUG] Entering function process_data()
[2025-11-05T23:20:50.693538] [INFO] Health check passed
[2025-11-05T23:20:50.693562] [INFO] Configuration loaded
[2025-11-05T23:20:50.693649] [DEBUG] Entering function process_data()
[2025-11-05T23:20:50.693620] [ERROR] Disk read failed
[2025-11-05T23:20:50.693587] [INFO] Transaction completed
[2025-11-05T23:20:50.693640] [DEBUG] Variable value: x=42
