[2025-11-05T23:20:23.790820] [DEBUG] Loop iteration: 15
[2025-11-05T23:20:23.790846] [DEBUG] Connection pool status checked
[2025-11-05T23:20:23.790824] [DEBUG] Timer set: 30 seconds
[2025-11-05T23:20:23.790807] [WARN] Resource threshold approaching
[2025-11-05T23:20:23.790812] [ERROR] Authentication failed
[2025-11-05T23:20:23.790786] [INFO] Request processed successfully
[2025-11-05T23:20:23.790816] [ERROR] Database connection lost
[2025-11-05T23:20:23.790789] [INFO] User logged in
[2025-11-05T23:20:23.790774] [INFO] Transaction completed
[2025-11-05T23:20:23.790793] [INFO] Request processed successfully
[2025-11-05T23:20:23.790750] [INFO] Database query executed
[2025-11-05T23:20:23.790778] [INFO] Cache hit
[2025-11-05T23:20:23.790754] [INFO] Service initialized
[2025-11-05T23:20:23.790829] [DEBUG] Timer set: 30 seconds
[2025-11-05T23:20:23.790716] [INFO] Database query executed
[2025-11-05T23:20:23.790837] [DEBUG] Memory allocation: 2048 bytes
[2025-11-05T23:20:23.790762] [INFO] Service initialized
[2025-11-05T23:20:23.790758] [INFO] Session started
[2025-11-05T23:20:23.790782] [INFO] Connection established
[2025-11-05T23:20:23.790745] [INFO] Connection established
[2025-11-05T23:20:23.790740] [INFO] Session started
[2025-11-05T23:20:23.790842] [DEBUG] Cache key generated
[2025-11-05T23:20:23.790803] [WARN] Deprecated API usage
[2025-11-05T23:20:23.790850] [DEBUG] Thread pool size: 8
[2025-11-05T23:20:23.790766] [INFO] Configuration loaded
[2025-11-05T23:20:23.790770] [INFO] User logged in
[2025-11-05T23:20:23.790798] [WARN] Queue size growing
[2025-11-05T23:20:23.790833] [DEBUG] Cache key generated
[2025-11-05T23:20:23.790854] [DEBUG] Memory allocation: 2048 bytes
