[2025-11-05T23:20:31.502296] [INFO] Health check passed
[2025-11-05T23:20:31.502310] [WARN] Slow query performance
[2025-11-05T23:20:31.502231] [INFO] Connection established
[2025-11-05T23:20:31.502322] [WARN] Timeout warning
[2025-11-05T23:20:31.502304] [INFO] User logged in
[2025-11-05T23:20:31.502292] [INFO] Service initialized
[2025-11-05T23:20:31.502318] [WARN] Cache miss
[2025-11-05T23:20:31.502371] [DEBUG] Timer set: 30 seconds
[2025-11-05T23:20:31.502385] [DEBUG] Entering function process_data()
[2025-11-05T23:20:31.502284] [INFO] Health check passed
[2025-11-05T23:20:31.502280] [INFO] Database query executed
[2025-11-05T23:20:31.502276] [INFO] Cache hit
[2025-11-05T23:20:31.502381] [DEBUG] Connection pool status checked
[2025-11-05T23:20:31.502267] [INFO] Connection established
[2025-11-05T23:20:31.502335] [WARN] Disk space low
[2025-11-05T23:20:31.502262] [INFO] Request processed successfully
[2025-11-05T23:20:31.502377] [DEBUG] Loop iteration: 15
[2025-11-05T23:20:31.502363] [DEBUG] Memory allocation: 2048 bytes
[2025-11-05T23:20:31.502327] [WARN] Disk space low
[2025-11-05T23:20:31.502331] [WARN] Disk space low
[2025-11-05T23:20:31.502350] [DEBUG] Memory allocation: 2048 bytes
[2025-11-05T23:20:31.502271] [INFO] Cache hit
[2025-11-05T23:20:31.502367] [DEBUG] Timer set: 30 seconds
[2025-11-05T23:20:31.502300] [INFO] Cache hit
[2025-11-05T23:20:31.502288] [INFO] Connection established
[2025-11-05T23:20:31.502358] [DEBUG] Buffer size: 4096 bytes
[2025-11-05T23:20:31.502354] [DEBUG] Memory allocation: 2048 bytes
[2025-11-05T23:20:31.502256] [INFO] Cache hit
[2025-11-05T23:20:31.502314] [WARN] Cache miss
[2025-11-05T23:20:31.502340] [ERROR] Database connection lost
[2025-11-05T23:20:31.502345] [ERROR] Database connection lost
