[2025-11-05T23:20:38.524921] [DEBUG] Thread pool size: 8
[2025-11-05T23:20:38.524866] [INFO] Cache hit
[2025-11-05T23:20:38.524926] [DEBUG] Thread pool size: 8
[2025-11-05T23:20:38.524917] [DEBUG] Timer set: 30 seconds
[2025-11-05T23:20:38.524900] [WARN] Disk space low
[2025-11-05T23:20:38.524874] [INFO] Configuration loaded
[2025-11-05T23:20:38.524885] [WARN] Queue size growing
[2025-11-05T23:20:38.524806] [INFO] Cache hit
[2025-11-05T23:20:38.524879] [INFO] Connection established
[2025-11-05T23:20:38.524802] [INFO] Health check passed
[2025-11-05T23:20:38.524811] [INFO] User logged in
[2025-11-05T23:20:38.524816] [INFO] Connection established
[2025-11-05T23:20:38.524787] [INFO] User logged in
[2025-11-05T23:20:38.524745] [INFO] Cache hit
[2025-11-05T23:20:38.524890] [WARN] Slow query performance
[2025-11-05T23:20:38.524905] [ERROR] Disk read failed
[2025-11-05T23:20:38.524935] [DEBUG] Loop iteration: 15
[2025-11-05T23:20:38.524930] [DEBUG] Buffer size: 4096 bytes
[2025-11-05T23:20:38.524797] [INFO] Health check passed
[2025-11-05T23:20:38.524820] [INFO] Transaction completed
[2025-11-05T23:20:38.524912] [DEBUG] Timer set: 30 seconds
[2025-11-05T23:20:38.524777] [INFO] Session started
[2025-11-05T23:20:38.524940] [DEBUG] Cache key generated
[2025-11-05T23:20:38.524770] [INFO] Health check passed
[2025-11-05T23:20:38.524793] [INFO] Cache hit
[2025-11-05T23:20:38.524895] [WARN] Queue size growing
[2025-11-05T23:20:38.524783] [INFO] Session started
