[2025-11-05T23:20:46.753442] [INFO] Service initialized
[2025-11-05T23:20:46.753454] [INFO] Health check passed
[2025-11-05T23:20:46.753835] [WARN] Timeout warning
[2025-11-05T23:20:46.753458] [INFO] User logged in
[2025-11-05T23:20:46.753450] [INFO] Request processed successfully
[2025-11-05T23:20:46.753813] [WARN] Slow query performance
[2025-11-05T23:20:46.753831] [WARN] Resource threshold approaching
[2025-11-05T23:20:46.753868] [DEBUG] Buffer size: 4096 bytes
[2025-11-05T23:20:46.753446] [INFO] Request processed successfully
[2025-11-05T23:20:46.753859] [DEBUG] HTTP request headers parsed
[2025-11-05T23:20:46.753461] [INFO] Cache hit
[2025-11-05T23:20:46.753800] [INFO] User logged in
[2025-11-05T23:20:46.753818] [WARN] Timeout warning
[2025-11-05T23:20:46.753470] [INFO] Transaction completed
[2025-11-05T23:20:46.753872] [DEBUG] Thread pool size: 8
[2025-11-05T23:20:46.753849] [ERROR] Disk read failed
[2025-11-05T23:20:46.753430] [INFO] User logged in
[2025-11-05T23:20:46.753864] [DEBUG] HTTP request headers parsed
[2025-11-05T23:20:46.753823] [WARN] Cache miss
[2025-11-05T23:20:46.753876] [DEBUG] Buffer size: 4096 bytes
[2025-11-05T23:20:46.753465] [INFO] User logged in
[2025-11-05T23:20:46.753845] [ERROR] Network timeout
[2025-11-05T23:20:46.753854] [DEBUG] Buffer size: 4096 bytes
[2025-11-05T23:20:46.753435] [INFO] Database query executed
[2025-11-05T23:20:46.753474] [INFO] Transaction completed
[2025-11-05T23:20:46.753883] [DEBUG] Buffer size: 4096 bytes
[2025-11-05T23:20:46.753405] [INFO] Health check passed
[2025-11-05T23:20:46.753839] [WARN] Rate limit approaching
[2025-11-05T23:20:46.753827] [WARN] High memory usage detected
[2025-11-05T23:20:46.753805] [INFO] Request processed successfully
[2025-11-05T23:20:46.753879] [DEBUG] Cache key generated
[2025-11-05T23:20:46.753478] [INFO] Request processed successfully
