[2025-11-05T23:20:52.482423] [INFO] Health check passed
[2025-11-05T23:20:52.482388] [INFO] Connection established
[2025-11-05T23:20:52.482476] [DEBUG] Timer set: 30 seconds
[2025-11-05T23:20:52.482383] [INFO] Request processed successfully
[2025-11-05T23:20:52.482490] [DEBUG] Buffer size: 4096 bytes
[2025-11-05T23:20:52.482419] [INFO] Connection established
[2025-11-05T23:20:52.482392] [INFO] Database query executed
[2025-11-05T23:20:52.482494] [DEBUG] Buffer size: 4096 bytes
[2025-11-05T23:20:52.482469] [DEBUG] HTTP request headers parsed
[2025-11-05T23:20:52.482504] [DEBUG] Connection pool status checked
[2025-11-05T23:20:52.482463] [ERROR] File not found
[2025-11-05T23:20:52.482486] [DEBUG] Variable value: x=42
[2025-11-05T23:20:52.482434] [WARN] Rate limit approaching
[2025-11-05T23:20:52.482481] [DEBUG] HTTP request headers parsed
[2025-11-05T23:20:52.482428] [INFO] Request processed successfully
[2025-11-05T23:20:52.482377] [INFO] Request processed successfully
[2025-11-05T23:20:52.482457] [ERROR] Memory allocation error
[2025-11-05T23:20:52.482411] [INFO] Session started
[2025-11-05T23:20:52.482500] [DEBUG] Memory allocation: 2048 bytes
[2025-11-05T23:20:52.482397] [INFO] Transaction completed
[2025-11-05T23:20:52.482452] [WARN] Queue size growing
[2025-11-05T23:20:52.482367] [INFO] Service initialized
[2025-11-05T23:20:52.482401] [INFO] Transaction completed
[2025-11-05T23:20:52.482447] [WARN] Timeout warning
[2025-11-05T23:20:52.482406] [INFO] Request processed successfully
[2025-11-05T23:20:52.482372] [INFO] User logged in
[2025-11-05T23:20:52.482334] [INFO] Health check passed
[2025-11-05T23:20:52.482441] [WARN] High memory usage detected
[2025-11-05T23:20:52.482415] [INFO] Request processed successfully
[2025-11-05T23:20:52.482360] [INFO] User logged in
