[2025-11-05T23:20:37.213533] [DEBUG] HTTP request headers parsed
[2025-11-05T23:20:37.213416] [INFO] Session started
[2025-11-05T23:20:37.213545] [DEBUG] Cache key generated
[2025-11-05T23:20:37.213549] [DEBUG] Thread pool size: 8
[2025-11-05T23:20:37.213406] [INFO] Request processed successfully
[2025-11-05T23:20:37.213421] [INFO] Transaction completed
[2025-11-05T23:20:37.213476] [WARN] Timeout warning
[2025-11-05T23:20:37.213429] [INFO] Configuration loaded
[2025-11-05T23:20:37.213455] [INFO] Connection established
[2025-11-05T23:20:37.213434] [INFO] Request processed successfully
[2025-11-05T23:20:37.213517] [DEBUG] Loop iteration: 15
[2025-11-05T23:20:37.213411] [INFO] Transaction completed
[2025-11-05T23:20:37.213507] [ERROR] Disk read failed
[2025-11-05T23:20:37.213467] [INFO] Service initialized
[2025-11-05T23:20:37.213459] [INFO] Connection established
[2025-11-05T23:20:37.213425] [INFO] Transaction completed
[2025-11-05T23:20:37.213485] [WARN] Timeout warning
[2025-11-05T23:20:37.213529] [DEBUG] HTTP request headers parsed
[2025-11-05T23:20:37.213521] [DEBUG] Connection pool status checked
[2025-11-05T23:20:37.213490] [WARN] Rate limit approaching
[2025-11-05T23:20:37.213375] [INFO] Database query executed
[2025-11-05T23:20:37.213494] [WARN] Timeout warning
[2025-11-05T23:20:37.213537] [DEBUG] Timer set: 30 seconds
[2025-11-05T23:20:37.213400] [INFO] Session started
[2025-11-05T23:20:37.213481] [WARN] Resource threshold approaching
[2025-11-05T23:20:37.213511] [ERROR] Service unavailable
[2025-11-05T23:20:37.213498] [WARN] Timeout warning
[2025-11-05T23:20:37.213525] [DEBUG] Thread pool size: 8
[2025-11-05T23:20:37.213502] [WARN] Rate limit approaching
[2025-11-05T23:20:37.213450] [INFO] Health check passed
[2025-11-05T23:20:37.213541] [DEBUG] Loop iteration: 15
[2025-11-05T23:20:37.213471] [INFO] Session started
[2025-11-05T23:20:37.213463] [INFO] User logged in
[2025-11-05T23:20:37.213439] [INFO] Configuration loaded
[2025-11-05T23:20:37.213444] [INFO] Connection established
