[2025-11-05T23:20:53.334616] [DEBUG] Connection pool status checked
[2025-11-05T23:20:53.334558] [INFO] Transaction completed
[2025-11-05T23:20:53.334541] [INFO] Transaction completed
[2025-11-05T23:20:53.334603] [DEBUG] Loop iteration: 15
[2025-11-05T23:20:53.334510] [INFO] Request processed successfully
[2025-11-05T23:20:53.334608] [DEBUG] Thread pool size: 8
[2025-11-05T23:20:53.334583] [WARN] Resource threshold approaching
[2025-11-05T23:20:53.334588] [ERROR] Permission denied
[2025-11-05T23:20:53.334562] [INFO] Connection established
[2025-11-05T23:20:53.334554] [INFO] Database query executed
[2025-11-05T23:20:53.334594] [DEBUG] Connection pool status checked
[2025-11-05T23:20:53.334524] [INFO] User logged in
[2025-11-05T23:20:53.334504] [INFO] User logged in
[2025-11-05T23:20:53.334629] [DEBUG] Loop iteration: 15
[2025-11-05T23:20:53.334633] [DEBUG] Loop iteration: 15
[2025-11-05T23:20:53.334624] [DEBUG] Thread pool size: 8
[2025-11-05T23:20:53.334637] [DEBUG] HTTP request headers parsed
[2025-11-05T23:20:53.334519] [INFO] Service initialized
[2025-11-05T23:20:53.334528] [INFO] Request processed successfully
[2025-11-05T23:20:53.334599] [DEBUG] Timer set: 30 seconds
[2025-11-05T23:20:53.334620] [DEBUG] Loop iteration: 15
[2025-11-05T23:20:53.334537] [INFO] User logged in
[2025-11-05T23:20:53.334572] [WARN] Cache miss
[2025-11-05T23:20:53.334532] [INFO] Transaction completed
[2025-11-05T23:20:53.334477] [INFO] Service initialized
[2025-11-05T23:20:53.334546] [INFO] Configuration loaded
[2025-11-05T23:20:53.334566] [INFO] Request processed successfully
[2025-11-05T23:20:53.334578] [WARN] Connection retry attempt
[2025-11-05T23:20:53.334611] [DEBUG] Connection pool status checked
[2025-11-05T23:20:53.334515] [INFO] Connection established
[2025-11-05T23:20:53.334550] [INFO] Transaction completed
