[2025-11-05T23:20:11.761583] [WARN] Timeout warning
[2025-11-05T23:20:11.761595] [WARN] Rate limit approaching
[2025-11-05T23:20:11.761633] [DEBUG] Entering function process_data()
[2025-11-05T23:20:11.761591] [WARN] Resource threshold approaching
[2025-11-05T23:20:11.761537] [INFO] Connection established
[2025-11-05T23:20:11.761598] [WARN] Slow query performance
[2025-11-05T23:20:11.761604] [ERROR] Authentication failed
[2025-11-05T23:20:11.761641] [DEBUG] HTTP request headers parsed
[2025-11-05T23:20:11.761504] [INFO] Cache hit
[2025-11-05T23:20:11.761625] [DEBUG] Timer set: 30 seconds
[2025-11-05T23:20:11.761621] [DEBUG] Loop iteration: 15
[2025-11-05T23:20:11.761542] [INFO] Request processed successfully
[2025-11-05T23:20:11.761645] [DEBUG] Variable value: x=42
[2025-11-05T23:20:11.761525] [INFO] Request processed successfully
[2025-11-05T23:20:11.761549] [INFO] Service initialized
[2025-11-05T23:20:11.761613] [DEBUG] Cache key generated
[2025-11-05T23:20:11.761533] [INFO] User logged in
[2025-11-05T23:20:11.761566] [WARN] Timeout warning
[2025-11-05T23:20:11.761515] [INFO] Cache hit
[2025-11-05T23:20:11.761557] [INFO] Configuration loaded
[2025-11-05T23:20:11.761608] [ERROR] Disk read failed
[2025-11-05T23:20:11.761587] [WARN] Slow query performance
[2025-11-05T23:20:11.761510] [INFO] Transaction completed
[2025-11-05T23:20:11.761629] [DEBUG] Connection pool status checked
[2025-11-05T23:20:11.761579] [WARN] Connection retry attempt
[2025-11-05T23:20:11.761479] [INFO] Transaction completed
[2025-11-05T23:20:11.761545] [INFO] User logged in
[2025-11-05T23:20:11.761561] [INFO] Transaction completed
[2025-11-05T23:20:11.761617] [DEBUG] Thread pool size: 8
[2025-11-05T23:20:11.761571] [WARN] Connection retry attempt
[2025-11-05T23:20:11.761637] [DEBUG] Connection pool status checked
[2025-11-05T23:20:11.761520] [INFO] Health check passed
[2025-11-05T23:20:11.761529] [INFO] Database query executed
[2025-11-05T23:20:11.761553] [INFO] Configuration loaded
[2025-11-05T23:20:11.761575] [WARN] Disk space low
