[2025-11-05T23:20:48.160286] [DEBUG] Buffer size: 4096 bytes
[2025-11-05T23:20:48.160232] [INFO] Health check passed
[2025-11-05T23:20:48.160228] [INFO] Session started
[2025-11-05T23:20:48.160237] [INFO] Cache hit
[2025-11-05T23:20:48.160224] [INFO] Session started
[2025-11-05T23:20:48.160291] [DEBUG] Memory allocation: 2048 bytes
[2025-11-05T23:20:48.160315] [DEBUG] HTTP request headers parsed
[2025-11-05T23:20:48.160215] [INFO] Cache hit
[2025-11-05T23:20:48.160303] [DEBUG] Memory allocation: 2048 bytes
[2025-11-05T23:20:48.160211] [INFO] Health check passed
[2025-11-05T23:20:48.160271] [WARN] Queue size growing
[2025-11-05T23:20:48.160275] [WARN] High memory usage detected
[2025-11-05T23:20:48.160177] [INFO] Health check passed
[2025-11-05T23:20:48.160295] [DEBUG] Entering function process_data()
[2025-11-05T23:20:48.160207] [INFO] Session started
[2025-11-05T23:20:48.160241] [INFO] Service initialized
[2025-11-05T23:20:48.160307] [DEBUG] Thread pool size: 8
[2025-11-05T23:20:48.160248] [INFO] Configuration loaded
[2025-11-05T23:20:48.160281] [ERROR] Request failed
[2025-11-05T23:20:48.160266] [WARN] Disk space low
[2025-11-05T23:20:48.160319] [DEBUG] Entering function process_data()
[2025-11-05T23:20:48.160220] [INFO] Transaction completed
[2025-11-05T23:20:48.160201] [INFO] Database query executed
[2025-11-05T23:20:48.160311] [DEBUG] Connection pool status checked
[2025-11-05T23:20:48.160262] [WARN] Timeout warning
[2025-11-05T23:20:48.160245] [INFO] Database query executed
[2025-11-05T23:20:48.160299] [DEBUG] Cache key generated
[2025-11-05T23:20:48.160256] [INFO] Connection established
[2025-11-05T23:20:48.160252] [INFO] Session started
