[2025-11-05T23:20:36.433237] [INFO] User logged in
[2025-11-05T23:20:36.433267] [INFO] Configuration loaded
[2025-11-05T23:20:36.433289] [WARN] High memory usage detected
[2025-11-05T23:20:36.433257] [INFO] User logged in
[2025-11-05T23:20:36.433232] [INFO] Connection established
[2025-11-05T23:20:36.433199] [INFO] Configuration loaded
[2025-11-05T23:20:36.433227] [INFO] Health check passed
[2025-11-05T23:20:36.433165] [INFO] Cache hit
[2025-11-05T23:20:36.433295] [ERROR] Service unavailable
[2025-11-05T23:20:36.433306] [DEBUG] Entering function process_data()
[2025-11-05T23:20:36.433311] [DEBUG] Variable value: x=42
[2025-11-05T23:20:36.433280] [WARN] Cache miss
[2025-11-05T23:20:36.433222] [INFO] Session started
[2025-11-05T23:20:36.433317] [DEBUG] Entering function process_data()
[2025-11-05T23:20:36.433273] [WARN] Connection retry attempt
[2025-11-05T23:20:36.433248] [INFO] Session started
[2025-11-05T23:20:36.433252] [INFO] Cache hit
[2025-11-05T23:20:36.433343] [DEBUG] Loop iteration: 15
[2025-11-05T23:20:36.433300] [ERROR] Invalid input data
[2025-11-05T23:20:36.433193] [INFO] Connection established
[2025-11-05T23:20:36.433333] [DEBUG] Connection pool status checked
[2025-11-05T23:20:36.433328] [DEBUG] Buffer size: 4096 bytes
[2025-11-05T23:20:36.433285] [WARN] Rate limit approaching
[2025-11-05T23:20:36.433211] [INFO] Transaction completed
[2025-11-05T23:20:36.433338] [DEBUG] Thread pool size: 8
[2025-11-05T23:20:36.433217] [INFO] Service initialized
[2025-11-05T23:20:36.433242] [INFO] Request processed successfully
[2025-11-05T23:20:36.433262] [INFO] Transaction completed
[2025-11-05T23:20:36.433205] [INFO] Connection established
[2025-11-05T23:20:36.433323] [DEBUG] Memory allocation: 2048 bytes
