[2025-11-05T23:20:16.162436] [INFO] Transaction completed
[2025-11-05T23:20:16.162555] [DEBUG] Variable value: x=42
[2025-11-05T23:20:16.162559] [DEBUG] Entering function process_data()
[2025-11-05T23:20:16.162485] [INFO] Health check passed
[2025-11-05T23:20:16.162571] [DEBUG] Buffer size: 4096 bytes
[2025-11-05T23:20:16.162542] [DEBUG] Loop iteration: 15
[2025-11-05T23:20:16.162546] [DEBUG] Entering function process_data()
[2025-11-05T23:20:16.162501] [WARN] Slow query performance
[2025-11-05T23:20:16.162527] [ERROR] Authentication failed
[2025-11-05T23:20:16.162403] [INFO] Health check passed
[2025-11-05T23:20:16.162489] [INFO] Service initialized
[2025-11-05T23:20:16.162465] [INFO] User logged in
[2025-11-05T23:20:16.162567] [DEBUG] HTTP request headers parsed
[2025-11-05T23:20:16.162579] [DEBUG] Timer set: 30 seconds
[2025-11-05T23:20:16.162518] [WARN] Slow query performance
[2025-11-05T23:20:16.162430] [INFO] Transaction completed
[2025-11-05T23:20:16.162537] [DEBUG] Timer set: 30 seconds
[2025-11-05T23:20:16.162475] [INFO] Request processed successfully
[2025-11-05T23:20:16.162481] [INFO] Cache hit
[2025-11-05T23:20:16.162447] [INFO] Health check passed
[2025-11-05T23:20:16.162470] [INFO] Cache hit
[2025-11-05T23:20:16.162441] [INFO] Request processed successfully
[2025-11-05T23:20:16.162505] [WARN] Timeout warning
[2025-11-05T23:20:16.162495] [WARN] Cache miss
[2025-11-05T23:20:16.162522] [WARN] Resource threshold approaching
[2025-11-05T23:20:16.162551] [DEBUG] Entering function process_data()
[2025-11-05T23:20:16.162575] [DEBUG] HTTP request headers parsed
[2025-11-05T23:20:16.162532] [ERROR] Authentication failed
[2025-11-05T23:20:16.162460] [INFO] Database query executed
[2025-11-05T23:20:16.162563] [DEBUG] Timer set: 30 seconds
[2025-11-05T23:20:16.162454] [INFO] Configuration loaded
[2025-11-05T23:20:16.162509] [WARN] Queue size growing
[2025-11-05T23:20:16.162514] [WARN] Queue size growing
