[2025-11-05T23:20:35.665024] [INFO] Health check passed
[2025-11-05T23:20:35.665037] [INFO] Connection established
[2025-11-05T23:20:35.665005] [INFO] Cache hit
[2025-11-05T23:20:35.665058] [INFO] Connection established
[2025-11-05T23:20:35.665109] [DEBUG] Memory allocation: 2048 bytes
[2025-11-05T23:20:35.665086] [WARN] Rate limit approaching
[2025-11-05T23:20:35.665114] [DEBUG] Timer set: 30 seconds
[2025-11-05T23:20:35.665053] [INFO] User logged in
[2025-11-05T23:20:35.665049] [INFO] Cache hit
[2025-11-05T23:20:35.665100] [DEBUG] Variable value: x=42
[2025-11-05T23:20:35.665130] [DEBUG] Memory allocation: 2048 bytes
[2025-11-05T23:20:35.665033] [INFO] Transaction completed
[2025-11-05T23:20:35.665105] [DEBUG] Cache key generated
[2025-11-05T23:20:35.665010] [INFO] Session started
[2025-11-05T23:20:35.665015] [INFO] Transaction completed
[2025-11-05T23:20:35.665142] [DEBUG] Variable value: x=42
[2025-11-05T23:20:35.665091] [ERROR] Service unavailable
[2025-11-05T23:20:35.665118] [DEBUG] Cache key generated
[2025-11-05T23:20:35.665067] [WARN] High memory usage detected
[2025-11-05T23:20:35.665020] [INFO] Session started
[2025-11-05T23:20:35.665077] [WARN] Disk space low
[2025-11-05T23:20:35.665127] [DEBUG] Memory allocation: 2048 bytes
[2025-11-05T23:20:35.665062] [INFO] Database query executed
[2025-11-05T23:20:35.665028] [INFO] Request processed successfully
[2025-11-05T23:20:35.665081] [WARN] Timeout warning
[2025-11-05T23:20:35.665041] [INFO] Cache hit
[2025-11-05T23:20:35.665123] [DEBUG] Thread pool size: 8
[2025-11-05T23:20:35.665072] [WARN] Deprecated API usage
[2025-11-05T23:20:35.664981] [INFO] Cache hit
[2025-11-05T23:20:35.665134] [DEBUG] Entering function process_data()
[2025-11-05T23:20:35.665045] [INFO] Configuration loaded
[2025-11-05T23:20:35.665138] [DEBUG] Variable value: x=42
[2025-11-05T23:20:35.665096] [DEBUG] Loop iteration: 15
