[2025-11-05T23:20:35.403081] [WARN] Deprecated API usage
[2025-11-05T23:20:35.403035] [INFO] Transaction completed
[2025-11-05T23:20:35.403093] [WARN] Slow query performance
[2025-11-05T23:20:35.403120] [DEBUG] HTTP request headers parsed
[2025-11-05T23:20:35.403030] [INFO] Database query executed
[2025-11-05T23:20:35.403104] [ERROR] Disk read failed
[2025-11-05T23:20:35.403043] [INFO] Service initialized
[2025-11-05T23:20:35.403114] [DEBUG] Entering function process_data()
[2025-11-05T23:20:35.403099] [ERROR] Service unavailable
[2025-11-05T23:20:35.403055] [INFO] Connection established
[2025-11-05T23:20:35.402998] [INFO] User logged in
[2025-11-05T23:20:35.403022] [INFO] Database query executed
[2025-11-05T23:20:35.403124] [DEBUG] Cache key generated
[2025-11-05T23:20:35.403085] [WARN] Deprecated API usage
[2025-11-05T23:20:35.402965] [INFO] Request processed successfully
[2025-11-05T23:20:35.403136] [DEBUG] Thread pool size: 8
[2025-11-05T23:20:35.403060] [INFO] Configuration loaded
[2025-11-05T23:20:35.403008] [INFO] Transaction completed
[2025-11-05T23:20:35.402990] [INFO] Configuration loaded
[2025-11-05T23:20:35.403065] [INFO] Configuration loaded
[2025-11-05T23:20:35.403132] [DEBUG] Memory allocation: 2048 bytes
[2025-11-05T23:20:35.403026] [INFO] Connection established
[2025-11-05T23:20:35.403013] [INFO] Transaction completed
[2025-11-05T23:20:35.403089] [WARN] Disk space low
[2025-11-05T23:20:35.403070] [INFO] Connection established
[2025-11-05T23:20:35.403018] [INFO] Service initialized
[2025-11-05T23:20:35.403141] [DEBUG] Memory allocation: 2048 bytes
[2025-11-05T23:20:35.403004] [INFO] Database query executed
[2025-11-05T23:20:35.403047] [INFO] Service initialized
[2025-11-05T23:20:35.403076] [WARN] Cache miss
[2025-11-05T23:20:35.403039] [INFO] Service initialized
[2025-11-05T23:20:35.403128] [DEBUG] HTTP request headers parsed
[2025-11-05T23:20:35.403147] [DEBUG] Loop iteration: 15
[2025-11-05T23:20:35.403051] [INFO] Database query executed
[2025-11-05T23:20:35.403109] [DEBUG] Timer set: 30 seconds
