[2025-11-05T23:20:44.759170] [INFO] Database query executed
[2025-11-05T23:20:44.759183] [INFO] Health check passed
[2025-11-05T23:20:44.759200] [INFO] Connection established
[2025-11-05T23:20:44.759130] [INFO] User logged in
[2025-11-05T23:20:44.759263] [DEBUG] Thread pool size: 8
[2025-11-05T23:20:44.759281] [DEBUG] Cache key generated
[2025-11-05T23:20:44.759229] [DEBUG] Buffer size: 4096 bytes
[2025-11-05T23:20:44.759174] [INFO] Health check passed
[2025-11-05T23:20:44.759196] [INFO] Database query executed
[2025-11-05T23:20:44.759206] [WARN] Resource threshold approaching
[2025-11-05T23:20:44.759272] [DEBUG] Thread pool size: 8
[2025-11-05T23:20:44.759249] [DEBUG] Timer set: 30 seconds
[2025-11-05T23:20:44.759234] [DEBUG] Connection pool status checked
[2025-11-05T23:20:44.759179] [INFO] Configuration loaded
[2025-11-05T23:20:44.759244] [DEBUG] Cache key generated
[2025-11-05T23:20:44.759214] [ERROR] Invalid input data
[2025-11-05T23:20:44.759223] [ERROR] Authentication failed
[2025-11-05T23:20:44.759259] [DEBUG] Timer set: 30 seconds
[2025-11-05T23:20:44.759219] [ERROR] File not found
[2025-11-05T23:20:44.759276] [DEBUG] Cache key generated
[2025-11-05T23:20:44.759160] [INFO] Session started
[2025-11-05T23:20:44.759166] [INFO] Transaction completed
[2025-11-05T23:20:44.759187] [INFO] User logged in
[2025-11-05T23:20:44.759267] [DEBUG] Variable value: x=42
[2025-11-05T23:20:44.759192] [INFO] Health check passed
[2025-11-05T23:20:44.759239] [DEBUG] Thread pool size: 8
[2025-11-05T23:20:44.759155] [INFO] Transaction completed
[2025-11-05T23:20:44.759254] [DEBUG] HTTP request headers parsed
