[2025-11-05T23:20:19.475037] [DEBUG] HTTP request headers parsed
[2025-11-05T23:20:19.474959] [INFO] Session started
[2025-11-05T23:20:19.474945] [INFO] Service initialized
[2025-11-05T23:20:19.474913] [INFO] Configuration loaded
[2025-11-05T23:20:19.474939] [INFO] Transaction completed
[2025-11-05T23:20:19.474973] [INFO] Cache hit
[2025-11-05T23:20:19.475054] [DEBUG] Buffer size: 4096 bytes
[2025-11-05T23:20:19.475025] [ERROR] Request failed
[2025-11-05T23:20:19.474964] [INFO] Cache hit
[2025-11-05T23:20:19.474982] [INFO] Connection established
[2025-11-05T23:20:19.475063] [DEBUG] HTTP request headers parsed
[2025-11-05T23:20:19.474950] [INFO] Configuration loaded
[2025-11-05T23:20:19.474977] [INFO] Transaction completed
[2025-11-05T23:20:19.474955] [INFO] Connection established
[2025-11-05T23:20:19.475041] [DEBUG] Cache key generated
[2025-11-05T23:20:19.474995] [INFO] Health check passed
[2025-11-05T23:20:19.475000] [INFO] Configuration loaded
[2025-11-05T23:20:19.475031] [DEBUG] HTTP request headers parsed
[2025-11-05T23:20:19.474968] [INFO] Session started
[2025-11-05T23:20:19.475059] [DEBUG] Cache key generated
[2025-11-05T23:20:19.474986] [INFO] Transaction completed
[2025-11-05T23:20:19.475006] [WARN] Slow query performance
[2025-11-05T23:20:19.475018] [ERROR] Permission denied
[2025-11-05T23:20:19.475049] [DEBUG] Buffer size: 4096 bytes
[2025-11-05T23:20:19.475012] [WARN] Timeout warning
[2025-11-05T23:20:19.474991] [INFO] Connection established
[2025-11-05T23:20:19.475045] [DEBUG] Timer set: 30 seconds
