[2025-11-05T23:20:46.723532] [WARN] Deprecated API usage
[2025-11-05T23:20:46.723459] [INFO] Configuration loaded
[2025-11-05T23:20:46.723573] [DEBUG] HTTP request headers parsed
[2025-11-05T23:20:46.723585] [DEBUG] Buffer size: 4096 bytes
[2025-11-05T23:20:46.723492] [INFO] Service initialized
[2025-11-05T23:20:46.723578] [DEBUG] Memory allocation: 2048 bytes
[2025-11-05T23:20:46.723501] [INFO] Health check passed
[2025-11-05T23:20:46.723556] [DEBUG] Memory allocation: 2048 bytes
[2025-11-05T23:20:46.723569] [DEBUG] Entering function process_data()
[2025-11-05T23:20:46.723551] [DEBUG] Thread pool size: 8
[2025-11-05T23:20:46.723484] [INFO] Database query executed
[2025-11-05T23:20:46.723468] [INFO] Database query executed
[2025-11-05T23:20:46.723561] [DEBUG] Buffer size: 4096 bytes
[2025-11-05T23:20:46.723472] [INFO] Connection established
[2025-11-05T23:20:46.723453] [INFO] Health check passed
[2025-11-05T23:20:46.723464] [INFO] Service initialized
[2025-11-05T23:20:46.723480] [INFO] Request processed successfully
[2025-11-05T23:20:46.723426] [INFO] Transaction completed
[2025-11-05T23:20:46.723565] [DEBUG] Entering function process_data()
[2025-11-05T23:20:46.723517] [INFO] Database query executed
[2025-11-05T23:20:46.723488] [INFO] Service initialized
[2025-11-05T23:20:46.723497] [INFO] Health check passed
[2025-11-05T23:20:46.723521] [INFO] Connection established
[2025-11-05T23:20:46.723536] [WARN] Cache miss
[2025-11-05T23:20:46.723527] [WARN] Queue size growing
[2025-11-05T23:20:46.723541] [WARN] Timeout warning
[2025-11-05T23:20:46.723509] [INFO] Cache hit
[2025-11-05T23:20:46.723476] [INFO] Session started
[2025-11-05T23:20:46.723505] [INFO] Connection established
[2025-11-05T23:20:46.723546] [ERROR] Memory allocation error
[2025-11-05T23:20:46.723581] [DEBUG] Buffer size: 4096 bytes
[2025-11-05T23:20:46.723513] [INFO] Request processed successfully
