[2025-11-05T23:20:29.682763] [DEBUG] Timer set: 30 seconds
[2025-11-05T23:20:29.682698] [INFO] Transaction completed
[2025-11-05T23:20:29.682676] [INFO] User logged in
[2025-11-05T23:20:29.682667] [INFO] Configuration loaded
[2025-11-05T23:20:29.682728] [ERROR] Permission denied
[2025-11-05T23:20:29.682717] [WARN] High memory usage detected
[2025-11-05T23:20:29.682769] [DEBUG] Thread pool size: 8
[2025-11-05T23:20:29.682751] [DEBUG] Timer set: 30 seconds
[2025-11-05T23:20:29.682747] [DEBUG] Buffer size: 4096 bytes
[2025-11-05T23:20:29.682684] [INFO] Cache hit
[2025-11-05T23:20:29.682657] [INFO] User logged in
[2025-11-05T23:20:29.682759] [DEBUG] Timer set: 30 seconds
[2025-11-05T23:20:29.682689] [INFO] Transaction completed
[2025-11-05T23:20:29.682625] [INFO] Cache hit
[2025-11-05T23:20:29.682755] [DEBUG] Variable value: x=42
[2025-11-05T23:20:29.682651] [INFO] Connection established
[2025-11-05T23:20:29.682680] [INFO] Request processed successfully
[2025-11-05T23:20:29.682662] [INFO] Connection established
[2025-11-05T23:20:29.682704] [WARN] Queue size growing
[2025-11-05T23:20:29.682773] [DEBUG] Entering function process_data()
[2025-11-05T23:20:29.682713] [WARN] Resource threshold approaching
[2025-11-05T23:20:29.682694] [INFO] User logged in
[2025-11-05T23:20:29.682709] [WARN] Queue size growing
[2025-11-05T23:20:29.682671] [INFO] Session started
[2025-11-05T23:20:29.682723] [ERROR] Disk read failed
[2025-11-05T23:20:29.682734] [DEBUG] Loop iteration: 15
[2025-11-05T23:20:29.682742] [DEBUG] Buffer size: 4096 bytes
[2025-11-05T23:20:29.682738] [DEBUG] Timer set: 30 seconds
