[2025-11-05T23:20:47.982804] [INFO] Transaction completed
[2025-11-05T23:20:47.982748] [INFO] Connection established
[2025-11-05T23:20:47.982824] [WARN] High memory usage detected
[2025-11-05T23:20:47.982783] [INFO] Service initialized
[2025-11-05T23:20:47.982777] [INFO] Health check passed
[2025-11-05T23:20:47.982792] [INFO] Transaction completed
[2025-11-05T23:20:47.982796] [INFO] Transaction completed
[2025-11-05T23:20:47.982798] [INFO] Request processed successfully
[2025-11-05T23:20:47.982816] [INFO] Database query executed
[2025-11-05T23:20:47.982819] [INFO] Service initialized
[2025-11-05T23:20:47.982786] [INFO] Health check passed
[2025-11-05T23:20:47.982833] [WARN] Cache miss
[2025-11-05T23:20:47.982807] [INFO] Session started
[2025-11-05T23:20:47.982827] [WARN] Deprecated API usage
[2025-11-05T23:20:47.982773] [INFO] Request processed successfully
[2025-11-05T23:20:47.982789] [INFO] User logged in
[2025-11-05T23:20:47.982813] [INFO] Database query executed
[2025-11-05T23:20:47.982858] [DEBUG] Connection pool status checked
[2025-11-05T23:20:47.982852] [DEBUG] Connection pool status checked
[2025-11-05T23:20:47.982837] [ERROR] Database connection lost
[2025-11-05T23:20:47.982769] [INFO] Session started
[2025-11-05T23:20:47.982801] [INFO] Service initialized
[2025-11-05T23:20:47.982830] [WARN] Rate limit approaching
[2025-11-05T23:20:47.982855] [DEBUG] Timer set: 30 seconds
[2025-11-05T23:20:47.982861] [DEBUG] Connection pool status checked
[2025-11-05T23:20:47.982780] [INFO] Request processed successfully
[2025-11-05T23:20:47.982810] [INFO] Health check passed
[2025-11-05T23:20:47.982845] [DEBUG] Variable value: x=42
[2025-11-05T23:20:47.982864] [DEBUG] Entering function process_data()
[2025-11-05T23:20:47.982842] [DEBUG] Variable value: x=42
[2025-11-05T23:20:47.982848] [DEBUG] Thread pool size: 8
