[2025-11-05T23:20:44.012619] [DEBUG] Timer set: 30 seconds
[2025-11-05T23:20:44.012534] [INFO] Configuration loaded
[2025-11-05T23:20:44.012542] [INFO] Cache hit
[2025-11-05T23:20:44.012624] [DEBUG] Connection pool status checked
[2025-11-05T23:20:44.012615] [DEBUG] Timer set: 30 seconds
[2025-11-05T23:20:44.012555] [INFO] Cache hit
[2025-11-05T23:20:44.012546] [INFO] Cache hit
[2025-11-05T23:20:44.012606] [ERROR] Memory allocation error
[2025-11-05T23:20:44.012645] [DEBUG] Timer set: 30 seconds
[2025-11-05T23:20:44.012550] [INFO] Cache hit
[2025-11-05T23:20:44.012488] [INFO] Database query executed
[2025-11-05T23:20:44.012628] [DEBUG] HTTP request headers parsed
[2025-11-05T23:20:44.012520] [INFO] Cache hit
[2025-11-05T23:20:44.012596] [WARN] Queue size growing
[2025-11-05T23:20:44.012572] [INFO] Transaction completed
[2025-11-05T23:20:44.012538] [INFO] Service initialized
[2025-11-05T23:20:44.012581] [WARN] Slow query performance
[2025-11-05T23:20:44.012559] [INFO] Configuration loaded
[2025-11-05T23:20:44.012576] [INFO] Service initialized
[2025-11-05T23:20:44.012641] [DEBUG] Cache key generated
[2025-11-05T23:20:44.012529] [INFO] Cache hit
[2025-11-05T23:20:44.012610] [DEBUG] HTTP request headers parsed
[2025-11-05T23:20:44.012524] [INFO] Transaction completed
[2025-11-05T23:20:44.012514] [INFO] Configuration loaded
[2025-11-05T23:20:44.012633] [DEBUG] Variable value: x=42
[2025-11-05T23:20:44.012601] [ERROR] Memory allocation error
[2025-11-05T23:20:44.012591] [WARN] Rate limit approaching
[2025-11-05T23:20:44.012637] [DEBUG] Memory allocation: 2048 bytes
[2025-11-05T23:20:44.012563] [INFO] Transaction completed
[2025-11-05T23:20:44.012567] [INFO] User logged in
[2025-11-05T23:20:44.012587] [WARN] High memory usage detected
