[2025-11-05T23:20:42.799442] [INFO] Transaction completed
[2025-11-05T23:20:42.799570] [DEBUG] Variable value: x=42
[2025-11-05T23:20:42.799471] [INFO] User logged in
[2025-11-05T23:20:42.799455] [INFO] Transaction completed
[2025-11-05T23:20:42.799479] [INFO] Connection established
[2025-11-05T23:20:42.799497] [WARN] Rate limit approaching
[2025-11-05T23:20:42.799514] [WARN] Slow query performance
[2025-11-05T23:20:42.799489] [WARN] High memory usage detected
[2025-11-05T23:20:42.799464] [INFO] User logged in
[2025-11-05T23:20:42.799536] [ERROR] Request failed
[2025-11-05T23:20:42.799545] [DEBUG] Buffer size: 4096 bytes
[2025-11-05T23:20:42.799528] [ERROR] Request failed
[2025-11-05T23:20:42.799484] [WARN] Connection retry attempt
[2025-11-05T23:20:42.799566] [DEBUG] Thread pool size: 8
[2025-11-05T23:20:42.799554] [DEBUG] Loop iteration: 15
[2025-11-05T23:20:42.799522] [WARN] Connection retry attempt
[2025-11-05T23:20:42.799493] [WARN] Timeout warning
[2025-11-05T23:20:42.799438] [INFO] Session started
[2025-11-05T23:20:42.799562] [DEBUG] Loop iteration: 15
[2025-11-05T23:20:42.799532] [ERROR] Permission denied
[2025-11-05T23:20:42.799558] [DEBUG] Loop iteration: 15
[2025-11-05T23:20:42.799517] [WARN] Resource threshold approaching
[2025-11-05T23:20:42.799460] [INFO] Configuration loaded
[2025-11-05T23:20:42.799399] [INFO] Request processed successfully
[2025-11-05T23:20:42.799468] [INFO] Session started
[2025-11-05T23:20:42.799549] [DEBUG] Loop iteration: 15
[2025-11-05T23:20:42.799433] [INFO] Database query executed
[2025-11-05T23:20:42.799506] [WARN] Queue size growing
[2025-11-05T23:20:42.799541] [DEBUG] Connection pool status checked
[2025-11-05T23:20:42.799475] [INFO] Request processed successfully
[2025-11-05T23:20:42.799447] [INFO] Database query executed
[2025-11-05T23:20:42.799424] [INFO] Transaction completed
[2025-11-05T23:20:42.799502] [WARN] Disk space low
[2025-11-05T23:20:42.799429] [INFO] Transaction completed
[2025-11-05T23:20:42.799451] [INFO] Configuration loaded
[2025-11-05T23:20:42.799510] [WARN] High memory usage detected
[2025-11-05T23:20:42.799574] [DEBUG] Cache key generated
