[2025-11-05T23:20:25.449148] [INFO] User logged in
[2025-11-05T23:20:25.449194] [DEBUG] Connection pool status checked
[2025-11-05T23:20:25.449124] [INFO] Request processed successfully
[2025-11-05T23:20:25.449199] [DEBUG] Thread pool size: 8
[2025-11-05T23:20:25.449212] [DEBUG] Timer set: 30 seconds
[2025-11-05T23:20:25.449129] [INFO] Transaction completed
[2025-11-05T23:20:25.449177] [WARN] Rate limit approaching
[2025-11-05T23:20:25.449139] [INFO] Cache hit
[2025-11-05T23:20:25.449108] [INFO] Configuration loaded
[2025-11-05T23:20:25.449153] [INFO] Service initialized
[2025-11-05T23:20:25.449221] [DEBUG] Connection pool status checked
[2025-11-05T23:20:25.449225] [DEBUG] Variable value: x=42
[2025-11-05T23:20:25.449114] [INFO] Connection established
[2025-11-05T23:20:25.449143] [INFO] Health check passed
[2025-11-05T23:20:25.449134] [INFO] Transaction completed
[2025-11-05T23:20:25.449216] [DEBUG] Loop iteration: 15
[2025-11-05T23:20:25.449083] [INFO] Cache hit
[2025-11-05T23:20:25.449163] [WARN] Disk space low
[2025-11-05T23:20:25.449182] [ERROR] File not found
[2025-11-05T23:20:25.449120] [INFO] Service initialized
[2025-11-05T23:20:25.449157] [INFO] User logged in
[2025-11-05T23:20:25.449188] [ERROR] Service unavailable
[2025-11-05T23:20:25.449172] [WARN] Queue size growing
[2025-11-05T23:20:25.449203] [DEBUG] Memory allocation: 2048 bytes
[2025-11-05T23:20:25.449208] [DEBUG] Buffer size: 4096 bytes
[2025-11-05T23:20:25.449168] [WARN] High memory usage detected
