[2025-11-05T23:20:41.646701] [DEBUG] Loop iteration: 15
[2025-11-05T23:20:41.646692] [DEBUG] Entering function process_data()
[2025-11-05T23:20:41.646614] [INFO] Cache hit
[2025-11-05T23:20:41.646622] [INFO] Health check passed
[2025-11-05T23:20:41.646568] [INFO] Connection established
[2025-11-05T23:20:41.646705] [DEBUG] Variable value: x=42
[2025-11-05T23:20:41.646687] [ERROR] Disk read failed
[2025-11-05T23:20:41.646626] [INFO] Configuration loaded
[2025-11-05T23:20:41.646618] [INFO] Request processed successfully
[2025-11-05T23:20:41.646666] [WARN] Disk space low
[2025-11-05T23:20:41.646648] [INFO] Database query executed
[2025-11-05T23:20:41.646641] [INFO] Health check passed
[2025-11-05T23:20:41.646674] [WARN] Cache miss
[2025-11-05T23:20:41.646652] [INFO] User logged in
[2025-11-05T23:20:41.646723] [DEBUG] HTTP request headers parsed
[2025-11-05T23:20:41.646656] [INFO] Cache hit
[2025-11-05T23:20:41.646716] [DEBUG] Buffer size: 4096 bytes
[2025-11-05T23:20:41.646598] [INFO] Request processed successfully
[2025-11-05T23:20:41.646638] [INFO] Cache hit
[2025-11-05T23:20:41.646719] [DEBUG] Entering function process_data()
[2025-11-05T23:20:41.646593] [INFO] Request processed successfully
[2025-11-05T23:20:41.646634] [INFO] Health check passed
[2025-11-05T23:20:41.646644] [INFO] User logged in
[2025-11-05T23:20:41.646697] [DEBUG] Timer set: 30 seconds
[2025-11-05T23:20:41.646602] [INFO] Configuration loaded
[2025-11-05T23:20:41.646670] [WARN] Resource threshold approaching
[2025-11-05T23:20:41.646709] [DEBUG] Entering function process_data()
[2025-11-05T23:20:41.646679] [ERROR] Disk read failed
[2025-11-05T23:20:41.646661] [WARN] Disk space low
[2025-11-05T23:20:41.646610] [INFO] Health check passed
[2025-11-05T23:20:41.646606] [INFO] Request processed successfully
[2025-11-05T23:20:41.646712] [DEBUG] Cache key generated
[2025-11-05T23:20:41.646683] [ERROR] Service unavailable
[2025-11-05T23:20:41.646630] [INFO] Session started
