[2025-11-05T23:20:40.261940] [DEBUG] Memory allocation: 2048 bytes
[2025-11-05T23:20:40.261897] [INFO] Request processed successfully
[2025-11-05T23:20:40.261936] [DEBUG] Cache key generated
[2025-11-05T23:20:40.261945] [DEBUG] Cache key generated
[2025-11-05T23:20:40.261884] [INFO] User logged in
[2025-11-05T23:20:40.261965] [DEBUG] Loop iteration: 15
[2025-11-05T23:20:40.261910] [INFO] Service initialized
[2025-11-05T23:20:40.261961] [DEBUG] Loop iteration: 15
[2025-11-05T23:20:40.261902] [INFO] Configuration loaded
[2025-11-05T23:20:40.261844] [INFO] Configuration loaded
[2025-11-05T23:20:40.261949] [DEBUG] HTTP request headers parsed
[2025-11-05T23:20:40.261916] [WARN] Disk space low
[2025-11-05T23:20:40.261932] [DEBUG] Variable value: x=42
[2025-11-05T23:20:40.261906] [INFO] Session started
[2025-11-05T23:20:40.261879] [INFO] Session started
[2025-11-05T23:20:40.261957] [DEBUG] Entering function process_data()
[2025-11-05T23:20:40.261953] [DEBUG] Cache key generated
[2025-11-05T23:20:40.261926] [ERROR] Permission denied
[2025-11-05T23:20:40.261889] [INFO] Transaction completed
[2025-11-05T23:20:40.261869] [INFO] Configuration loaded
[2025-11-05T23:20:40.261893] [INFO] Cache hit
[2025-11-05T23:20:40.261874] [INFO] Database query executed
[2025-11-05T23:20:40.261921] [WARN] Slow query performance
