[2025-11-05T23:20:26.407364] [INFO] Connection established
[2025-11-05T23:20:26.407373] [INFO] Connection established
[2025-11-05T23:20:26.407445] [DEBUG] Thread pool size: 8
[2025-11-05T23:20:26.407407] [WARN] Queue size growing
[2025-11-05T23:20:26.407380] [INFO] Request processed successfully
[2025-11-05T23:20:26.407359] [INFO] Configuration loaded
[2025-11-05T23:20:26.407336] [INFO] Request processed successfully
[2025-11-05T23:20:26.407441] [DEBUG] Loop iteration: 15
[2025-11-05T23:20:26.407426] [DEBUG] HTTP request headers parsed
[2025-11-05T23:20:26.407395] [INFO] User logged in
[2025-11-05T23:20:26.407410] [WARN] Rate limit approaching
[2025-11-05T23:20:26.407392] [INFO] Service initialized
[2025-11-05T23:20:26.407404] [WARN] Queue size growing
[2025-11-05T23:20:26.407415] [ERROR] Service unavailable
[2025-11-05T23:20:26.407385] [INFO] Cache hit
[2025-11-05T23:20:26.407368] [INFO] Connection established
[2025-11-05T23:20:26.407438] [DEBUG] Loop iteration: 15
[2025-11-05T23:20:26.407429] [DEBUG] Loop iteration: 15
[2025-11-05T23:20:26.407383] [INFO] Transaction completed
[2025-11-05T23:20:26.407419] [DEBUG] Loop iteration: 15
[2025-11-05T23:20:26.407423] [DEBUG] Thread pool size: 8
[2025-11-05T23:20:26.407432] [DEBUG] Connection pool status checked
[2025-11-05T23:20:26.407389] [INFO] Cache hit
[2025-11-05T23:20:26.407448] [DEBUG] HTTP request headers parsed
[2025-11-05T23:20:26.407435] [DEBUG] Variable value: x=42
[2025-11-05T23:20:26.407400] [WARN] High memory usage detected
[2025-11-05T23:20:26.407376] [INFO] Transaction completed
