[2025-11-05T23:20:45.166059] [WARN] Disk space low
[2025-11-05T23:20:45.166119] [DEBUG] HTTP request headers parsed
[2025-11-05T23:20:45.166021] [INFO] Transaction completed
[2025-11-05T23:20:45.166079] [ERROR] Database connection lost
[2025-11-05T23:20:45.166030] [INFO] Session started
[2025-11-05T23:20:45.166123] [DEBUG] Memory allocation: 2048 bytes
[2025-11-05T23:20:45.166044] [INFO] Database query executed
[2025-11-05T23:20:45.166104] [DEBUG] Variable value: x=42
[2025-11-05T23:20:45.166048] [INFO] Service initialized
[2025-11-05T23:20:45.166039] [INFO] Session started
[2025-11-05T23:20:45.166064] [WARN] Connection retry attempt
[2025-11-05T23:20:45.166114] [DEBUG] Memory allocation: 2048 bytes
[2025-11-05T23:20:45.166007] [INFO] Health check passed
[2025-11-05T23:20:45.166100] [DEBUG] Memory allocation: 2048 bytes
[2025-11-05T23:20:45.166089] [DEBUG] Thread pool size: 8
[2025-11-05T23:20:45.166053] [WARN] Resource threshold approaching
[2025-11-05T23:20:45.166002] [INFO] User logged in
[2025-11-05T23:20:45.166016] [INFO] Connection established
[2025-11-05T23:20:45.166025] [INFO] Health check passed
[2025-11-05T23:20:45.166074] [WARN] Deprecated API usage
[2025-11-05T23:20:45.166109] [DEBUG] Memory allocation: 2048 bytes
[2025-11-05T23:20:45.166069] [WARN] High memory usage detected
[2025-11-05T23:20:45.166084] [ERROR] Memory allocation error
[2025-11-05T23:20:45.165970] [INFO] Transaction completed
[2025-11-05T23:20:45.166011] [INFO] Session started
[2025-11-05T23:20:45.166094] [DEBUG] Buffer size: 4096 bytes
[2025-11-05T23:20:45.165996] [INFO] Service initialized
[2025-11-05T23:20:45.166034] [INFO] Health check passed
