[2025-11-05T23:20:15.682171] [INFO] Transaction completed
[2025-11-05T23:20:15.682215] [INFO] Database query executed
[2025-11-05T23:20:15.682251] [INFO] Health check passed
[2025-11-05T23:20:15.682220] [INFO] Service initialized
[2025-11-05T23:20:15.682336] [DEBUG] Loop iteration: 15
[2025-11-05T23:20:15.682277] [WARN] Connection retry attempt
[2025-11-05T23:20:15.682315] [DEBUG] Connection pool status checked
[2025-11-05T23:20:15.682210] [INFO] Session started
[2025-11-05T23:20:15.682295] [ERROR] Request failed
[2025-11-05T23:20:15.682301] [ERROR] Network timeout
[2025-11-05T23:20:15.682260] [INFO] Connection established
[2025-11-05T23:20:15.682331] [DEBUG] Cache key generated
[2025-11-05T23:20:15.682289] [WARN] Connection retry attempt
[2025-11-05T23:20:15.682255] [INFO] Transaction completed
[2025-11-05T23:20:15.682283] [WARN] Disk space low
[2025-11-05T23:20:15.682321] [DEBUG] Connection pool status checked
[2025-11-05T23:20:15.682311] [DEBUG] Variable value: x=42
[2025-11-05T23:20:15.682245] [INFO] Request processed successfully
[2025-11-05T23:20:15.682272] [WARN] Cache miss
[2025-11-05T23:20:15.682231] [INFO] User logged in
[2025-11-05T23:20:15.682327] [DEBUG] Cache key generated
[2025-11-05T23:20:15.682205] [INFO] Connection established
[2025-11-05T23:20:15.682267] [WARN] Cache miss
[2025-11-05T23:20:15.682225] [INFO] Cache hit
[2025-11-05T23:20:15.682306] [DEBUG] Connection pool status checked
[2025-11-05T23:20:15.682198] [INFO] Cache hit
[2025-11-05T23:20:15.682341] [DEBUG] Variable value: x=42
[2025-11-05T23:20:15.682240] [INFO] Transaction completed
[2025-11-05T23:20:15.682345] [DEBUG] Buffer size: 4096 bytes
[2025-11-05T23:20:15.682235] [INFO] Service initialized
