[2025-11-05T23:20:20.256421] [DEBUG] HTTP request headers parsed
[2025-11-05T23:20:20.255889] [INFO] Service initialized
[2025-11-05T23:20:20.256330] [INFO] Configuration loaded
[2025-11-05T23:20:20.256412] [DEBUG] Loop iteration: 15
[2025-11-05T23:20:20.256290] [INFO] Health check passed
[2025-11-05T23:20:20.256349] [INFO] Database query executed
[2025-11-05T23:20:20.255831] [INFO] Request processed successfully
[2025-11-05T23:20:20.256368] [WARN] Rate limit approaching
[2025-11-05T23:20:20.256052] [INFO] Cache hit
[2025-11-05T23:20:20.256339] [INFO] Database query executed
[2025-11-05T23:20:20.256064] [INFO] Connection established
[2025-11-05T23:20:20.256373] [ERROR] File not found
[2025-11-05T23:20:20.256388] [DEBUG] Connection pool status checked
[2025-11-05T23:20:20.256424] [DEBUG] Timer set: 30 seconds
[2025-11-05T23:20:20.255870] [INFO] Request processed successfully
[2025-11-05T23:20:20.256396] [DEBUG] Entering function process_data()
[2025-11-05T23:20:20.256298] [INFO] User logged in
[2025-11-05T23:20:20.256392] [DEBUG] Connection pool status checked
[2025-11-05T23:20:20.256408] [DEBUG] Loop iteration: 15
[2025-11-05T23:20:20.256400] [DEBUG] Loop iteration: 15
[2025-11-05T23:20:20.255903] [INFO] Configuration loaded
[2025-11-05T23:20:20.256344] [INFO] Service initialized
[2025-11-05T23:20:20.255899] [INFO] User logged in
[2025-11-05T23:20:20.255857] [INFO] Health check passed
[2025-11-05T23:20:20.256417] [DEBUG] Buffer size: 4096 bytes
[2025-11-05T23:20:20.256379] [DEBUG] Variable value: x=42
[2025-11-05T23:20:20.255894] [INFO] Transaction completed
[2025-11-05T23:20:20.256352] [INFO] Service initialized
[2025-11-05T23:20:20.255862] [INFO] Request processed successfully
[2025-11-05T23:20:20.256404] [DEBUG] Variable value: x=42
[2025-11-05T23:20:20.255880] [INFO] User logged in
[2025-11-05T23:20:20.255866] [INFO] Health check passed
[2025-11-05T23:20:20.255884] [INFO] Database query executed
[2025-11-05T23:20:20.256360] [WARN] Rate limit approaching
[2025-11-05T23:20:20.256383] [DEBUG] HTTP request headers parsed
[2025-11-05T23:20:20.255875] [INFO] Session started
