[2025-11-05T23:20:40.593926] [INFO] Configuration loaded
[2025-11-05T23:20:40.593938] [WARN] Cache miss
[2025-11-05T23:20:40.593944] [WARN] Connection retry attempt
[2025-11-05T23:20:40.593985] [DEBUG] Connection pool status checked
[2025-11-05T23:20:40.593915] [INFO] Service initialized
[2025-11-05T23:20:40.593949] [WARN] Disk space low
[2025-11-05T23:20:40.593990] [DEBUG] Entering function process_data()
[2025-11-05T23:20:40.593921] [INFO] Database query executed
[2025-11-05T23:20:40.593955] [WARN] Deprecated API usage
[2025-11-05T23:20:40.593961] [ERROR] Request failed
[2025-11-05T23:20:40.593861] [INFO] Database query executed
[2025-11-05T23:20:40.593855] [INFO] Health check passed
[2025-11-05T23:20:40.593885] [INFO] Database query executed
[2025-11-05T23:20:40.593874] [INFO] Configuration loaded
[2025-11-05T23:20:40.593879] [INFO] Session started
[2025-11-05T23:20:40.593911] [INFO] Configuration loaded
[2025-11-05T23:20:40.593905] [INFO] Health check passed
[2025-11-05T23:20:40.593823] [INFO] Service initialized
[2025-11-05T23:20:40.593848] [INFO] Service initialized
[2025-11-05T23:20:40.593896] [INFO] Request processed successfully
[2025-11-05T23:20:40.593968] [ERROR] Database connection lost
[2025-11-05T23:20:40.593867] [INFO] User logged in
[2025-11-05T23:20:40.593980] [DEBUG] Cache key generated
[2025-11-05T23:20:40.593900] [INFO] Cache hit
[2025-11-05T23:20:40.593930] [INFO] Service initialized
[2025-11-05T23:20:40.593974] [DEBUG] Cache key generated
[2025-11-05T23:20:40.593890] [INFO] Service initialized
