[2025-11-05T23:20:23.641615] [DEBUG] Buffer size: 4096 bytes
[2025-11-05T23:20:23.641582] [ERROR] Service unavailable
[2025-11-05T23:20:23.641539] [INFO] Transaction completed
[2025-11-05T23:20:23.641551] [INFO] User logged in
[2025-11-05T23:20:23.641503] [INFO] Database query executed
[2025-11-05T23:20:23.641498] [INFO] Health check passed
[2025-11-05T23:20:23.641535] [INFO] Cache hit
[2025-11-05T23:20:23.641518] [INFO] User logged in
[2025-11-05T23:20:23.641566] [WARN] Deprecated API usage
[2025-11-05T23:20:23.641531] [INFO] Cache hit
[2025-11-05T23:20:23.641576] [ERROR] File not found
[2025-11-05T23:20:23.641601] [DEBUG] Thread pool size: 8
[2025-11-05T23:20:23.641474] [INFO] Service initialized
[2025-11-05T23:20:23.641547] [INFO] User logged in
[2025-11-05T23:20:23.641592] [DEBUG] Variable value: x=42
[2025-11-05T23:20:23.641513] [INFO] Transaction completed
[2025-11-05T23:20:23.641619] [DEBUG] Cache key generated
[2025-11-05T23:20:23.641522] [INFO] Request processed successfully
[2025-11-05T23:20:23.641610] [DEBUG] Cache key generated
[2025-11-05T23:20:23.641587] [DEBUG] Connection pool status checked
[2025-11-05T23:20:23.641562] [WARN] Timeout warning
[2025-11-05T23:20:23.641570] [WARN] Slow query performance
[2025-11-05T23:20:23.641526] [INFO] Database query executed
[2025-11-05T23:20:23.641557] [WARN] Cache miss
[2025-11-05T23:20:23.641596] [DEBUG] Buffer size: 4096 bytes
[2025-11-05T23:20:23.641508] [INFO] Cache hit
[2025-11-05T23:20:23.641605] [DEBUG] Buffer size: 4096 bytes
[2025-11-05T23:20:23.641543] [INFO] Cache hit
