[2025-11-05T23:20:53.745380] [ERROR] Invalid input data
[2025-11-05T23:20:53.745308] [INFO] Database query executed
[2025-11-05T23:20:53.745286] [INFO] User logged in
[2025-11-05T23:20:53.745255] [INFO] Configuration loaded
[2025-11-05T23:20:53.745414] [DEBUG] Variable value: x=42
[2025-11-05T23:20:53.745357] [WARN] Queue size growing
[2025-11-05T23:20:53.745374] [WARN] Rate limit approaching
[2025-11-05T23:20:53.745280] [INFO] Database query executed
[2025-11-05T23:20:53.745303] [INFO] Service initialized
[2025-11-05T23:20:53.745432] [DEBUG] Timer set: 30 seconds
[2025-11-05T23:20:53.745392] [DEBUG] Timer set: 30 seconds
[2025-11-05T23:20:53.745292] [INFO] Health check passed
[2025-11-05T23:20:53.745312] [INFO] Health check passed
[2025-11-05T23:20:53.745408] [DEBUG] Connection pool status checked
[2025-11-05T23:20:53.745370] [WARN] Connection retry attempt
[2025-11-05T23:20:53.745331] [INFO] Configuration loaded
[2025-11-05T23:20:53.745402] [DEBUG] Connection pool status checked
[2025-11-05T23:20:53.745322] [INFO] Request processed successfully
[2025-11-05T23:20:53.745422] [DEBUG] Entering function process_data()
[2025-11-05T23:20:53.745418] [DEBUG] Timer set: 30 seconds
[2025-11-05T23:20:53.745398] [DEBUG] HTTP request headers parsed
[2025-11-05T23:20:53.745341] [INFO] Cache hit
[2025-11-05T23:20:53.745351] [INFO] User logged in
[2025-11-05T23:20:53.745327] [INFO] Transaction completed
[2025-11-05T23:20:53.745347] [INFO] Database query executed
[2025-11-05T23:20:53.745427] [DEBUG] Variable value: x=42
[2025-11-05T23:20:53.745386] [ERROR] Disk read failed
[2025-11-05T23:20:53.745336] [INFO] Connection established
[2025-11-05T23:20:53.745318] [INFO] Service initialized
[2025-11-05T23:20:53.745364] [WARN] Disk space low
[2025-11-05T23:20:53.745297] [INFO] Connection established
