[2025-11-05T23:20:44.806851] [INFO] User logged in
[2025-11-05T23:20:44.806964] [WARN] Resource threshold approaching
[2025-11-05T23:20:44.807016] [DEBUG] Memory allocation: 2048 bytes
[2025-11-05T23:20:44.806896] [INFO] Cache hit
[2025-11-05T23:20:44.807031] [DEBUG] HTTP request headers parsed
[2025-11-05T23:20:44.806907] [INFO] Service initialized
[2025-11-05T23:20:44.807040] [DEBUG] HTTP request headers parsed
[2025-11-05T23:20:44.806885] [INFO] User logged in
[2025-11-05T23:20:44.806912] [INFO] Database query executed
[2025-11-05T23:20:44.806902] [INFO] User logged in
[2025-11-05T23:20:44.806973] [WARN] High memory usage detected
[2025-11-05T23:20:44.806926] [INFO] Session started
[2025-11-05T23:20:44.806890] [INFO] Session started
[2025-11-05T23:20:44.806921] [INFO] Database query executed
[2025-11-05T23:20:44.807012] [DEBUG] Loop iteration: 15
[2025-11-05T23:20:44.807035] [DEBUG] Thread pool size: 8
[2025-11-05T23:20:44.806997] [DEBUG] Entering function process_data()
[2025-11-05T23:20:44.806941] [INFO] Session started
[2025-11-05T23:20:44.806878] [INFO] Database query executed
[2025-11-05T23:20:44.806990] [DEBUG] Timer set: 30 seconds
[2025-11-05T23:20:44.807007] [DEBUG] Variable value: x=42
[2025-11-05T23:20:44.806946] [INFO] Configuration loaded
[2025-11-05T23:20:44.807045] [DEBUG] Variable value: x=42
[2025-11-05T23:20:44.806936] [INFO] Request processed successfully
[2025-11-05T23:20:44.807026] [DEBUG] Timer set: 30 seconds
[2025-11-05T23:20:44.807021] [DEBUG] Variable value: x=42
[2025-11-05T23:20:44.806957] [WARN] High memory usage detected
[2025-11-05T23:20:44.806969] [WARN] Resource threshold approaching
[2025-11-05T23:20:44.806984] [ERROR] Service unavailable
[2025-11-05T23:20:44.806979] [ERROR] Database connection lost
[2025-11-05T23:20:44.806932] [INFO] Request processed successfully
[2025-11-05T23:20:44.806916] [INFO] Health check passed
[2025-11-05T23:20:44.807002] [DEBUG] Connection pool status checked
[2025-11-05T23:20:44.806952] [WARN] Deprecated API usage
