[2025-11-05T23:20:53.019189] [INFO] Connection established
[2025-11-05T23:20:53.019309] [DEBUG] Cache key generated
[2025-11-05T23:20:53.019238] [INFO] Health check passed
[2025-11-05T23:20:53.019318] [DEBUG] Loop iteration: 15
[2025-11-05T23:20:53.019328] [DEBUG] Timer set: 30 seconds
[2025-11-05T23:20:53.019300] [DEBUG] HTTP request headers parsed
[2025-11-05T23:20:53.019263] [WARN] Queue size growing
[2025-11-05T23:20:53.019229] [INFO] Cache hit
[2025-11-05T23:20:53.019210] [INFO] Session started
[2025-11-05T23:20:53.019224] [INFO] Connection established
[2025-11-05T23:20:53.019323] [DEBUG] Cache key generated
[2025-11-05T23:20:53.019279] [ERROR] Network timeout
[2025-11-05T23:20:53.019269] [WARN] Resource threshold approaching
[2025-11-05T23:20:53.019248] [INFO] Database query executed
[2025-11-05T23:20:53.019215] [INFO] Connection established
[2025-11-05T23:20:53.019164] [INFO] User logged in
[2025-11-05T23:20:53.019304] [DEBUG] Loop iteration: 15
[2025-11-05T23:20:53.019295] [DEBUG] Thread pool size: 8
[2025-11-05T23:20:53.019220] [INFO] User logged in
[2025-11-05T23:20:53.019243] [INFO] Request processed successfully
[2025-11-05T23:20:53.019252] [INFO] Service initialized
[2025-11-05T23:20:53.019205] [INFO] Service initialized
[2025-11-05T23:20:53.019284] [ERROR] Invalid input data
[2025-11-05T23:20:53.019234] [INFO] Service initialized
[2025-11-05T23:20:53.019258] [WARN] Deprecated API usage
[2025-11-05T23:20:53.019273] [WARN] Timeout warning
[2025-11-05T23:20:53.019195] [INFO] Configuration loaded
[2025-11-05T23:20:53.019200] [INFO] Transaction completed
[2025-11-05T23:20:53.019290] [DEBUG] Entering function process_data()
[2025-11-05T23:20:53.019314] [DEBUG] Thread pool size: 8
