[2025-11-05T23:20:42.589577] [DEBUG] Memory allocation: 2048 bytes
[2025-11-05T23:20:42.589512] [INFO] Session started
[2025-11-05T23:20:42.589568] [DEBUG] Memory allocation: 2048 bytes
[2025-11-05T23:20:42.589502] [INFO] Request processed successfully
[2025-11-05T23:20:42.589516] [INFO] Session started
[2025-11-05T23:20:42.589582] [DEBUG] Cache key generated
[2025-11-05T23:20:42.589572] [DEBUG] Entering function process_data()
[2025-11-05T23:20:42.589519] [INFO] Health check passed
[2025-11-05T23:20:42.589560] [DEBUG] Loop iteration: 15
[2025-11-05T23:20:42.589453] [INFO] Database query executed
[2025-11-05T23:20:42.589534] [WARN] Queue size growing
[2025-11-05T23:20:42.589485] [INFO] Request processed successfully
[2025-11-05T23:20:42.589494] [INFO] Transaction completed
[2025-11-05T23:20:42.589550] [WARN] High memory usage detected
[2025-11-05T23:20:42.589529] [INFO] Session started
[2025-11-05T23:20:42.589538] [WARN] Disk space low
[2025-11-05T23:20:42.589564] [DEBUG] Variable value: x=42
[2025-11-05T23:20:42.589505] [INFO] Cache hit
[2025-11-05T23:20:42.589490] [INFO] Transaction completed
[2025-11-05T23:20:42.589509] [INFO] Configuration loaded
[2025-11-05T23:20:42.589497] [INFO] Connection established
[2025-11-05T23:20:42.589555] [ERROR] Authentication failed
[2025-11-05T23:20:42.589546] [WARN] Resource threshold approaching
[2025-11-05T23:20:42.589542] [WARN] Deprecated API usage
[2025-11-05T23:20:42.589526] [INFO] Cache hit
[2025-11-05T23:20:42.589523] [INFO] Session started
