[2025-11-05T23:20:46.709601] [INFO] Cache hit
[2025-11-05T23:20:46.709627] [INFO] Database query executed
[2025-11-05T23:20:46.709631] [INFO] Cache hit
[2025-11-05T23:20:46.709687] [DEBUG] Timer set: 30 seconds
[2025-11-05T23:20:46.709649] [WARN] Cache miss
[2025-11-05T23:20:46.709596] [INFO] Request processed successfully
[2025-11-05T23:20:46.709684] [DEBUG] Cache key generated
[2025-11-05T23:20:46.709662] [WARN] High memory usage detected
[2025-11-05T23:20:46.709698] [DEBUG] Buffer size: 4096 bytes
[2025-11-05T23:20:46.709680] [DEBUG] Connection pool status checked
[2025-11-05T23:20:46.709637] [INFO] Session started
[2025-11-05T23:20:46.709665] [WARN] Cache miss
[2025-11-05T23:20:46.709702] [DEBUG] Entering function process_data()
[2025-11-05T23:20:46.709616] [INFO] Request processed successfully
[2025-11-05T23:20:46.709670] [ERROR] Database connection lost
[2025-11-05T23:20:46.709654] [WARN] Queue size growing
[2025-11-05T23:20:46.709658] [WARN] Cache miss
[2025-11-05T23:20:46.709570] [INFO] Request processed successfully
[2025-11-05T23:20:46.709623] [INFO] Connection established
[2025-11-05T23:20:46.709634] [INFO] Session started
[2025-11-05T23:20:46.709676] [DEBUG] Thread pool size: 8
[2025-11-05T23:20:46.709609] [INFO] Request processed successfully
[2025-11-05T23:20:46.709620] [INFO] Session started
[2025-11-05T23:20:46.709644] [INFO] Session started
[2025-11-05T23:20:46.709705] [DEBUG] Connection pool status checked
[2025-11-05T23:20:46.709640] [INFO] Health check passed
[2025-11-05T23:20:46.709691] [DEBUG] Buffer size: 4096 bytes
[2025-11-05T23:20:46.709605] [INFO] Service initialized
[2025-11-05T23:20:46.709694] [DEBUG] Variable value: x=42
[2025-11-05T23:20:46.709613] [INFO] Cache hit
