[2025-11-05T23:20:52.313892] [INFO] Database query executed
[2025-11-05T23:20:52.313932] [INFO] Connection established
[2025-11-05T23:20:52.313915] [INFO] Transaction completed
[2025-11-05T23:20:52.313951] [WARN] Queue size growing
[2025-11-05T23:20:52.313919] [INFO] Database query executed
[2025-11-05T23:20:52.314014] [DEBUG] Entering function process_data()
[2025-11-05T23:20:52.313897] [INFO] Health check passed
[2025-11-05T23:20:52.313991] [DEBUG] Buffer size: 4096 bytes
[2025-11-05T23:20:52.313996] [DEBUG] Memory allocation: 2048 bytes
[2025-11-05T23:20:52.313975] [ERROR] Permission denied
[2025-11-05T23:20:52.313886] [INFO] User logged in
[2025-11-05T23:20:52.313941] [INFO] Service initialized
[2025-11-05T23:20:52.313986] [DEBUG] Thread pool size: 8
[2025-11-05T23:20:52.313963] [WARN] Cache miss
[2025-11-05T23:20:52.314000] [DEBUG] Cache key generated
[2025-11-05T23:20:52.313937] [INFO] Health check passed
[2025-11-05T23:20:52.313945] [INFO] Transaction completed
[2025-11-05T23:20:52.313861] [INFO] Session started
[2025-11-05T23:20:52.314005] [DEBUG] Variable value: x=42
[2025-11-05T23:20:52.314010] [DEBUG] Cache key generated
[2025-11-05T23:20:52.313980] [ERROR] Invalid input data
[2025-11-05T23:20:52.313968] [WARN] Timeout warning
[2025-11-05T23:20:52.313910] [INFO] Session started
[2025-11-05T23:20:52.313923] [INFO] Database query executed
[2025-11-05T23:20:52.313901] [INFO] Database query executed
[2025-11-05T23:20:52.313957] [WARN] Connection retry attempt
[2025-11-05T23:20:52.313928] [INFO] Cache hit
[2025-11-05T23:20:52.313906] [INFO] Connection established
