[2025-11-05T23:20:11.791391] [INFO] Connection established
[2025-11-05T23:20:11.791400] [INFO] Session started
[2025-11-05T23:20:11.791483] [DEBUG] HTTP request headers parsed
[2025-11-05T23:20:11.791491] [DEBUG] Thread pool size: 8
[2025-11-05T23:20:11.791409] [INFO] Service initialized
[2025-11-05T23:20:11.791426] [INFO] Service initialized
[2025-11-05T23:20:11.791447] [WARN] Disk space low
[2025-11-05T23:20:11.791468] [ERROR] Disk read failed
[2025-11-05T23:20:11.791430] [INFO] User logged in
[2025-11-05T23:20:11.791462] [WARN] Queue size growing
[2025-11-05T23:20:11.791362] [INFO] User logged in
[2025-11-05T23:20:11.791422] [INFO] Database query executed
[2025-11-05T23:20:11.791405] [INFO] Configuration loaded
[2025-11-05T23:20:11.791453] [WARN] Connection retry attempt
[2025-11-05T23:20:11.791385] [INFO] Request processed successfully
[2025-11-05T23:20:11.791434] [INFO] Database query executed
[2025-11-05T23:20:11.791473] [ERROR] Invalid input data
[2025-11-05T23:20:11.791501] [DEBUG] Cache key generated
[2025-11-05T23:20:11.791478] [DEBUG] Entering function process_data()
[2025-11-05T23:20:11.791496] [DEBUG] Memory allocation: 2048 bytes
[2025-11-05T23:20:11.791413] [INFO] Database query executed
[2025-11-05T23:20:11.791417] [INFO] User logged in
[2025-11-05T23:20:11.791396] [INFO] Session started
[2025-11-05T23:20:11.791487] [DEBUG] Connection pool status checked
[2025-11-05T23:20:11.791442] [INFO] Service initialized
[2025-11-05T23:20:11.791438] [INFO] Connection established
[2025-11-05T23:20:11.791458] [WARN] Cache miss
