[2025-11-05T23:20:20.875180] [DEBUG] Variable value: x=42
[2025-11-05T23:20:20.875195] [DEBUG] Variable value: x=42
[2025-11-05T23:20:20.875148] [WARN] High memory usage detected
[2025-11-05T23:20:20.875134] [INFO] Health check passed
[2025-11-05T23:20:20.875091] [INFO] Session started
[2025-11-05T23:20:20.875095] [INFO] User logged in
[2025-11-05T23:20:20.875104] [INFO] Database query executed
[2025-11-05T23:20:20.875174] [ERROR] Authentication failed
[2025-11-05T23:20:20.875154] [WARN] Connection retry attempt
[2025-11-05T23:20:20.875109] [INFO] Database query executed
[2025-11-05T23:20:20.875190] [DEBUG] Memory allocation: 2048 bytes
[2025-11-05T23:20:20.875208] [DEBUG] Buffer size: 4096 bytes
[2025-11-05T23:20:20.875126] [INFO] Cache hit
[2025-11-05T23:20:20.875100] [INFO] Request processed successfully
[2025-11-05T23:20:20.875216] [DEBUG] Connection pool status checked
[2025-11-05T23:20:20.875212] [DEBUG] Variable value: x=42
[2025-11-05T23:20:20.875086] [INFO] Connection established
[2025-11-05T23:20:20.875143] [INFO] Connection established
[2025-11-05T23:20:20.875074] [INFO] Health check passed
[2025-11-05T23:20:20.875163] [WARN] Queue size growing
[2025-11-05T23:20:20.875113] [INFO] Database query executed
[2025-11-05T23:20:20.875158] [WARN] High memory usage detected
[2025-11-05T23:20:20.875138] [INFO] Service initialized
[2025-11-05T23:20:20.875118] [INFO] Request processed successfully
[2025-11-05T23:20:20.875080] [INFO] Health check passed
[2025-11-05T23:20:20.875130] [INFO] Cache hit
[2025-11-05T23:20:20.875122] [INFO] User logged in
[2025-11-05T23:20:20.875199] [DEBUG] Memory allocation: 2048 bytes
[2025-11-05T23:20:20.875204] [DEBUG] Entering function process_data()
[2025-11-05T23:20:20.875067] [INFO] Transaction completed
[2025-11-05T23:20:20.875185] [DEBUG] Variable value: x=42
[2025-11-05T23:20:20.875169] [ERROR] Service unavailable
[2025-11-05T23:20:20.875040] [INFO] Request processed successfully
