[2025-11-05T23:20:44.218050] [DEBUG] HTTP request headers parsed
[2025-11-05T23:20:44.218074] [DEBUG] Loop iteration: 15
[2025-11-05T23:20:44.217977] [INFO] User logged in
[2025-11-05T23:20:44.218097] [DEBUG] Cache key generated
[2025-11-05T23:20:44.218029] [WARN] Connection retry attempt
[2025-11-05T23:20:44.218000] [INFO] User logged in
[2025-11-05T23:20:44.218078] [DEBUG] Cache key generated
[2025-11-05T23:20:44.217946] [INFO] Request processed successfully
[2025-11-05T23:20:44.218055] [DEBUG] Timer set: 30 seconds
[2025-11-05T23:20:44.218014] [INFO] User logged in
[2025-11-05T23:20:44.217951] [INFO] Transaction completed
[2025-11-05T23:20:44.218045] [DEBUG] Variable value: x=42
[2025-11-05T23:20:44.218004] [INFO] Session started
[2025-11-05T23:20:44.218087] [DEBUG] Cache key generated
[2025-11-05T23:20:44.217982] [INFO] Database query executed
[2025-11-05T23:20:44.217909] [INFO] Transaction completed
[2025-11-05T23:20:44.218020] [WARN] Resource threshold approaching
[2025-11-05T23:20:44.218064] [DEBUG] Thread pool size: 8
[2025-11-05T23:20:44.218083] [DEBUG] Memory allocation: 2048 bytes
[2025-11-05T23:20:44.218009] [INFO] Connection established
[2025-11-05T23:20:44.217941] [INFO] Service initialized
[2025-11-05T23:20:44.217986] [INFO] Configuration loaded
[2025-11-05T23:20:44.217996] [INFO] User logged in
[2025-11-05T23:20:44.217970] [INFO] User logged in
[2025-11-05T23:20:44.218059] [DEBUG] Loop iteration: 15
[2025-11-05T23:20:44.217956] [INFO] Service initialized
[2025-11-05T23:20:44.218039] [ERROR] Permission denied
[2025-11-05T23:20:44.217965] [INFO] Service initialized
[2025-11-05T23:20:44.218034] [WARN] High memory usage detected
[2025-11-05T23:20:44.218025] [WARN] Slow query performance
[2025-11-05T23:20:44.217991] [INFO] Cache hit
[2025-11-05T23:20:44.218069] [DEBUG] Thread pool size: 8
[2025-11-05T23:20:44.217960] [INFO] Configuration loaded
[2025-11-05T23:20:44.217935] [INFO] Service initialized
[2025-11-05T23:20:44.218092] [DEBUG] Entering function process_data()
