[2025-11-05T23:20:46.525936] [WARN] Resource threshold approaching
[2025-11-05T23:20:46.525983] [DEBUG] Thread pool size: 8
[2025-11-05T23:20:46.525958] [ERROR] Request failed
[2025-11-05T23:20:46.525871] [INFO] Health check passed
[2025-11-05T23:20:46.525964] [DEBUG] Connection pool status checked
[2025-11-05T23:20:46.525885] [INFO] Request processed successfully
[2025-11-05T23:20:46.525910] [INFO] Configuration loaded
[2025-11-05T23:20:46.525944] [WARN] Queue size growing
[2025-11-05T23:20:46.525889] [INFO] Connection established
[2025-11-05T23:20:46.525931] [WARN] Cache miss
[2025-11-05T23:20:46.525953] [WARN] High memory usage detected
[2025-11-05T23:20:46.525918] [INFO] User logged in
[2025-11-05T23:20:46.525969] [DEBUG] Buffer size: 4096 bytes
[2025-11-05T23:20:46.525914] [INFO] User logged in
[2025-11-05T23:20:46.525881] [INFO] Database query executed
[2025-11-05T23:20:46.525835] [INFO] Service initialized
[2025-11-05T23:20:46.525906] [INFO] User logged in
[2025-11-05T23:20:46.525893] [INFO] Database query executed
[2025-11-05T23:20:46.525987] [DEBUG] HTTP request headers parsed
[2025-11-05T23:20:46.525948] [WARN] Timeout warning
[2025-11-05T23:20:46.525979] [DEBUG] Cache key generated
[2025-11-05T23:20:46.525940] [WARN] Queue size growing
[2025-11-05T23:20:46.525866] [INFO] Service initialized
[2025-11-05T23:20:46.525901] [INFO] Transaction completed
[2025-11-05T23:20:46.525926] [WARN] Cache miss
[2025-11-05T23:20:46.525897] [INFO] Health check passed
[2025-11-05T23:20:46.525861] [INFO] User logged in
[2025-11-05T23:20:46.525974] [DEBUG] HTTP request headers parsed
[2025-11-05T23:20:46.525876] [INFO] Cache hit
