[2025-11-05T23:20:34.537659] [ERROR] Database connection lost
[2025-11-05T23:20:34.537650] [WARN] Timeout warning
[2025-11-05T23:20:34.537497] [INFO] Service initialized
[2025-11-05T23:20:34.537699] [DEBUG] Loop iteration: 15
[2025-11-05T23:20:34.537455] [INFO] Request processed successfully
[2025-11-05T23:20:34.537425] [INFO] Database query executed
[2025-11-05T23:20:34.537670] [DEBUG] Timer set: 30 seconds
[2025-11-05T23:20:34.537616] [INFO] User logged in
[2025-11-05T23:20:34.537683] [DEBUG] Entering function process_data()
[2025-11-05T23:20:34.537641] [WARN] Connection retry attempt
[2025-11-05T23:20:34.537487] [INFO] Service initialized
[2025-11-05T23:20:34.537688] [DEBUG] Timer set: 30 seconds
[2025-11-05T23:20:34.537692] [DEBUG] Entering function process_data()
[2025-11-05T23:20:34.537625] [INFO] User logged in
[2025-11-05T23:20:34.537480] [INFO] Request processed successfully
[2025-11-05T23:20:34.537466] [INFO] Configuration loaded
[2025-11-05T23:20:34.537654] [WARN] Disk space low
[2025-11-05T23:20:34.537501] [INFO] Connection established
[2025-11-05T23:20:34.537646] [WARN] Disk space low
[2025-11-05T23:20:34.537476] [INFO] Configuration loaded
[2025-11-05T23:20:34.537483] [INFO] Request processed successfully
[2025-11-05T23:20:34.537695] [DEBUG] Timer set: 30 seconds
[2025-11-05T23:20:34.537470] [INFO] Transaction completed
[2025-11-05T23:20:34.537492] [INFO] User logged in
[2025-11-05T23:20:34.537629] [INFO] Configuration loaded
[2025-11-05T23:20:34.537665] [DEBUG] Buffer size: 4096 bytes
[2025-11-05T23:20:34.537636] [WARN] Cache miss
[2025-11-05T23:20:34.537674] [DEBUG] Memory allocation: 2048 bytes
[2025-11-05T23:20:34.537678] [DEBUG] Buffer size: 4096 bytes
[2025-11-05T23:20:34.537461] [INFO] User logged in
