[2025-11-05T23:20:52.738299] [WARN] High memory usage detected
[2025-11-05T23:20:52.738258] [INFO] Database query executed
[2025-11-05T23:20:52.738287] [WARN] Cache miss
[2025-11-05T23:20:52.738228] [INFO] Cache hit
[2025-11-05T23:20:52.738269] [INFO] Cache hit
[2025-11-05T23:20:52.738283] [WARN] High memory usage detected
[2025-11-05T23:20:52.738254] [INFO] Request processed successfully
[2025-11-05T23:20:52.738243] [INFO] Request processed successfully
[2025-11-05T23:20:52.738232] [INFO] Transaction completed
[2025-11-05T23:20:52.738247] [INFO] Health check passed
[2025-11-05T23:20:52.738332] [DEBUG] Connection pool status checked
[2025-11-05T23:20:52.738240] [INFO] Database query executed
[2025-11-05T23:20:52.738329] [DEBUG] Thread pool size: 8
[2025-11-05T23:20:52.738309] [ERROR] File not found
[2025-11-05T23:20:52.738223] [INFO] Configuration loaded
[2025-11-05T23:20:52.738313] [DEBUG] Buffer size: 4096 bytes
[2025-11-05T23:20:52.738291] [WARN] Disk space low
[2025-11-05T23:20:52.738317] [DEBUG] Timer set: 30 seconds
[2025-11-05T23:20:52.738278] [WARN] Disk space low
[2025-11-05T23:20:52.738236] [INFO] User logged in
[2025-11-05T23:20:52.738251] [INFO] Session started
[2025-11-05T23:20:52.738218] [INFO] Database query executed
[2025-11-05T23:20:52.738321] [DEBUG] HTTP request headers parsed
[2025-11-05T23:20:52.738194] [INFO] Health check passed
[2025-11-05T23:20:52.738343] [DEBUG] Thread pool size: 8
[2025-11-05T23:20:52.738265] [INFO] Session started
[2025-11-05T23:20:52.738325] [DEBUG] Loop iteration: 15
[2025-11-05T23:20:52.738336] [DEBUG] Connection pool status checked
[2025-11-05T23:20:52.738304] [ERROR] File not found
[2025-11-05T23:20:52.738295] [WARN] High memory usage detected
[2025-11-05T23:20:52.738274] [WARN] High memory usage detected
[2025-11-05T23:20:52.738340] [DEBUG] HTTP request headers parsed
[2025-11-05T23:20:52.738262] [INFO] User logged in
