[2025-11-05T23:20:46.417790] [INFO] Configuration loaded
[2025-11-05T23:20:46.417810] [INFO] Session started
[2025-11-05T23:20:46.417839] [ERROR] Request failed
[2025-11-05T23:20:46.417844] [DEBUG] Cache key generated
[2025-11-05T23:20:46.417798] [INFO] Configuration loaded
[2025-11-05T23:20:46.417860] [DEBUG] HTTP request headers parsed
[2025-11-05T23:20:46.417875] [DEBUG] Buffer size: 4096 bytes
[2025-11-05T23:20:46.417806] [INFO] Transaction completed
[2025-11-05T23:20:46.417769] [INFO] Connection established
[2025-11-05T23:20:46.417871] [DEBUG] Memory allocation: 2048 bytes
[2025-11-05T23:20:46.417852] [DEBUG] Variable value: x=42
[2025-11-05T23:20:46.417786] [INFO] Service initialized
[2025-11-05T23:20:46.417829] [WARN] Resource threshold approaching
[2025-11-05T23:20:46.417754] [INFO] Transaction completed
[2025-11-05T23:20:46.417773] [INFO] Configuration loaded
[2025-11-05T23:20:46.417729] [INFO] User logged in
[2025-11-05T23:20:46.417816] [WARN] Deprecated API usage
[2025-11-05T23:20:46.417764] [INFO] Configuration loaded
[2025-11-05T23:20:46.417825] [WARN] Slow query performance
[2025-11-05T23:20:46.417778] [INFO] Connection established
[2025-11-05T23:20:46.417868] [DEBUG] Cache key generated
[2025-11-05T23:20:46.417820] [WARN] Slow query performance
[2025-11-05T23:20:46.417759] [INFO] Health check passed
[2025-11-05T23:20:46.417802] [INFO] Session started
[2025-11-05T23:20:46.417834] [ERROR] Invalid input data
[2025-11-05T23:20:46.417864] [DEBUG] Cache key generated
[2025-11-05T23:20:46.417856] [DEBUG] Entering function process_data()
[2025-11-05T23:20:46.417794] [INFO] Health check passed
[2025-11-05T23:20:46.417782] [INFO] Connection established
[2025-11-05T23:20:46.417848] [DEBUG] Entering function process_data()
