[2025-11-05T23:20:19.131433] [DEBUG] HTTP request headers parsed
[2025-11-05T23:20:19.131400] [WARN] Timeout warning
[2025-11-05T23:20:19.131384] [INFO] Health check passed
[2025-11-05T23:20:19.131452] [DEBUG] Buffer size: 4096 bytes
[2025-11-05T23:20:19.131326] [INFO] Health check passed
[2025-11-05T23:20:19.131456] [DEBUG] Entering function process_data()
[2025-11-05T23:20:19.131442] [DEBUG] Memory allocation: 2048 bytes
[2025-11-05T23:20:19.131300] [INFO] User logged in
[2025-11-05T23:20:19.131351] [INFO] Health check passed
[2025-11-05T23:20:19.131379] [INFO] Database query executed
[2025-11-05T23:20:19.131447] [DEBUG] HTTP request headers parsed
[2025-11-05T23:20:19.131355] [INFO] Request processed successfully
[2025-11-05T23:20:19.131346] [INFO] User logged in
[2025-11-05T23:20:19.131465] [DEBUG] Timer set: 30 seconds
[2025-11-05T23:20:19.131422] [ERROR] Memory allocation error
[2025-11-05T23:20:19.131360] [INFO] Configuration loaded
[2025-11-05T23:20:19.131394] [WARN] Rate limit approaching
[2025-11-05T23:20:19.131408] [WARN] Disk space low
[2025-11-05T23:20:19.131365] [INFO] Session started
[2025-11-05T23:20:19.131412] [WARN] Connection retry attempt
[2025-11-05T23:20:19.131417] [WARN] High memory usage detected
[2025-11-05T23:20:19.131428] [DEBUG] Connection pool status checked
[2025-11-05T23:20:19.131388] [INFO] Request processed successfully
[2025-11-05T23:20:19.131438] [DEBUG] Buffer size: 4096 bytes
[2025-11-05T23:20:19.131460] [DEBUG] Cache key generated
[2025-11-05T23:20:19.131370] [INFO] User logged in
[2025-11-05T23:20:19.131374] [INFO] Cache hit
[2025-11-05T23:20:19.131341] [INFO] User logged in
[2025-11-05T23:20:19.131332] [INFO] Health check passed
[2025-11-05T23:20:19.131337] [INFO] Service initialized
