[2025-11-05T23:20:40.709611] [INFO] Transaction completed
[2025-11-05T23:20:40.709751] [DEBUG] Buffer size: 4096 bytes
[2025-11-05T23:20:40.709716] [DEBUG] Entering function process_data()
[2025-11-05T23:20:40.709747] [DEBUG] Thread pool size: 8
[2025-11-05T23:20:40.709622] [INFO] Transaction completed
[2025-11-05T23:20:40.709654] [INFO] Health check passed
[2025-11-05T23:20:40.709684] [WARN] Resource threshold approaching
[2025-11-05T23:20:40.709743] [DEBUG] Buffer size: 4096 bytes
[2025-11-05T23:20:40.709731] [DEBUG] Thread pool size: 8
[2025-11-05T23:20:40.709636] [INFO] Cache hit
[2025-11-05T23:20:40.709739] [DEBUG] Memory allocation: 2048 bytes
[2025-11-05T23:20:40.709689] [WARN] Disk space low
[2025-11-05T23:20:40.709674] [WARN] High memory usage detected
[2025-11-05T23:20:40.709650] [INFO] Service initialized
[2025-11-05T23:20:40.709627] [INFO] User logged in
[2025-11-05T23:20:40.709711] [DEBUG] Memory allocation: 2048 bytes
[2025-11-05T23:20:40.709632] [INFO] Service initialized
[2025-11-05T23:20:40.709584] [INFO] Cache hit
[2025-11-05T23:20:40.709645] [INFO] Transaction completed
[2025-11-05T23:20:40.709659] [INFO] Configuration loaded
[2025-11-05T23:20:40.709726] [DEBUG] Connection pool status checked
[2025-11-05T23:20:40.709641] [INFO] Transaction completed
[2025-11-05T23:20:40.709706] [DEBUG] Connection pool status checked
[2025-11-05T23:20:40.709617] [INFO] Transaction completed
[2025-11-05T23:20:40.709699] [ERROR] File not found
[2025-11-05T23:20:40.709721] [DEBUG] Entering function process_data()
[2025-11-05T23:20:40.709664] [WARN] Cache miss
[2025-11-05T23:20:40.709670] [WARN] Queue size growing
[2025-11-05T23:20:40.709679] [WARN] Slow query performance
[2025-11-05T23:20:40.709735] [DEBUG] Entering function process_data()
[2025-11-05T23:20:40.709694] [WARN] High memory usage detected
