[2025-11-05T23:20:24.800617] [DEBUG] Timer set: 30 seconds
[2025-11-05T23:20:24.800499] [INFO] Connection established
[2025-11-05T23:20:24.800466] [INFO] Database query executed
[2025-11-05T23:20:24.800514] [INFO] Cache hit
[2025-11-05T23:20:24.800524] [INFO] Health check passed
[2025-11-05T23:20:24.800505] [INFO] Request processed successfully
[2025-11-05T23:20:24.800509] [INFO] Database query executed
[2025-11-05T23:20:24.800538] [INFO] Session started
[2025-11-05T23:20:24.800533] [INFO] Health check passed
[2025-11-05T23:20:24.800582] [ERROR] Authentication failed
[2025-11-05T23:20:24.800577] [ERROR] Request failed
[2025-11-05T23:20:24.800561] [WARN] Queue size growing
[2025-11-05T23:20:24.800612] [DEBUG] Timer set: 30 seconds
[2025-11-05T23:20:24.800556] [WARN] High memory usage detected
[2025-11-05T23:20:24.800542] [INFO] Session started
[2025-11-05T23:20:24.800625] [DEBUG] Cache key generated
[2025-11-05T23:20:24.800550] [INFO] Connection established
[2025-11-05T23:20:24.800519] [INFO] Transaction completed
[2025-11-05T23:20:24.800602] [DEBUG] Thread pool size: 8
[2025-11-05T23:20:24.800566] [WARN] Rate limit approaching
[2025-11-05T23:20:24.800528] [INFO] Cache hit
[2025-11-05T23:20:24.800621] [DEBUG] Buffer size: 4096 bytes
[2025-11-05T23:20:24.800588] [DEBUG] Buffer size: 4096 bytes
[2025-11-05T23:20:24.800593] [DEBUG] Loop iteration: 15
[2025-11-05T23:20:24.800598] [DEBUG] Buffer size: 4096 bytes
[2025-11-05T23:20:24.800607] [DEBUG] Buffer size: 4096 bytes
[2025-11-05T23:20:24.800571] [WARN] Cache miss
[2025-11-05T23:20:24.800546] [INFO] Transaction completed
[2025-11-05T23:20:24.800493] [INFO] Configuration loaded
