[2025-11-05T23:20:11.913366] [INFO] Health check passed
[2025-11-05T23:20:11.913447] [ERROR] File not found
[2025-11-05T23:20:11.913489] [DEBUG] Variable value: x=42
[2025-11-05T23:20:11.913424] [WARN] Deprecated API usage
[2025-11-05T23:20:11.913418] [WARN] Queue size growing
[2025-11-05T23:20:11.913327] [INFO] Cache hit
[2025-11-05T23:20:11.913376] [INFO] Configuration loaded
[2025-11-05T23:20:11.913360] [INFO] Transaction completed
[2025-11-05T23:20:11.913499] [DEBUG] HTTP request headers parsed
[2025-11-05T23:20:11.913371] [INFO] Health check passed
[2025-11-05T23:20:11.913435] [WARN] Disk space low
[2025-11-05T23:20:11.913381] [INFO] Health check passed
[2025-11-05T23:20:11.913494] [DEBUG] Cache key generated
[2025-11-05T23:20:11.913484] [DEBUG] Timer set: 30 seconds
[2025-11-05T23:20:11.913405] [INFO] Configuration loaded
[2025-11-05T23:20:11.913429] [WARN] Connection retry attempt
[2025-11-05T23:20:11.913452] [ERROR] Network timeout
[2025-11-05T23:20:11.913396] [INFO] Configuration loaded
[2025-11-05T23:20:11.913469] [DEBUG] Loop iteration: 15
[2025-11-05T23:20:11.913386] [INFO] User logged in
[2025-11-05T23:20:11.913391] [INFO] Transaction completed
[2025-11-05T23:20:11.913479] [DEBUG] Entering function process_data()
[2025-11-05T23:20:11.913440] [WARN] Slow query performance
[2025-11-05T23:20:11.913413] [INFO] Configuration loaded
[2025-11-05T23:20:11.913401] [INFO] Configuration loaded
[2025-11-05T23:20:11.913354] [INFO] Cache hit
[2025-11-05T23:20:11.913409] [INFO] Health check passed
[2025-11-05T23:20:11.913457] [ERROR] Request failed
[2025-11-05T23:20:11.913473] [DEBUG] Loop iteration: 15
[2025-11-05T23:20:11.913463] [DEBUG] Entering function process_data()
