[2025-11-05T23:20:16.511097] [INFO] Session started
[2025-11-05T23:20:16.511145] [ERROR] Service unavailable
[2025-11-05T23:20:16.511170] [DEBUG] Cache key generated
[2025-11-05T23:20:16.511140] [WARN] Rate limit approaching
[2025-11-05T23:20:16.511107] [INFO] Cache hit
[2025-11-05T23:20:16.511124] [INFO] Database query executed
[2025-11-05T23:20:16.511137] [WARN] Slow query performance
[2025-11-05T23:20:16.511100] [INFO] Database query executed
[2025-11-05T23:20:16.511149] [ERROR] Disk read failed
[2025-11-05T23:20:16.511104] [INFO] Cache hit
[2025-11-05T23:20:16.511129] [WARN] Rate limit approaching
[2025-11-05T23:20:16.511176] [DEBUG] Entering function process_data()
[2025-11-05T23:20:16.511158] [DEBUG] Memory allocation: 2048 bytes
[2025-11-05T23:20:16.511052] [INFO] Database query executed
[2025-11-05T23:20:16.511077] [INFO] Connection established
[2025-11-05T23:20:16.511114] [INFO] User logged in
[2025-11-05T23:20:16.511166] [DEBUG] Thread pool size: 8
[2025-11-05T23:20:16.511089] [INFO] Health check passed
[2025-11-05T23:20:16.511082] [INFO] Configuration loaded
[2025-11-05T23:20:16.511153] [ERROR] Database connection lost
[2025-11-05T23:20:16.511183] [DEBUG] Connection pool status checked
[2025-11-05T23:20:16.511173] [DEBUG] Buffer size: 4096 bytes
[2025-11-05T23:20:16.511118] [INFO] Connection established
[2025-11-05T23:20:16.511186] [DEBUG] Thread pool size: 8
[2025-11-05T23:20:16.511093] [INFO] Service initialized
[2025-11-05T23:20:16.511190] [DEBUG] Timer set: 30 seconds
[2025-11-05T23:20:16.511086] [INFO] Connection established
[2025-11-05T23:20:16.511180] [DEBUG] Timer set: 30 seconds
[2025-11-05T23:20:16.511163] [DEBUG] Memory allocation: 2048 bytes
[2025-11-05T23:20:16.511111] [INFO] Request processed successfully
[2025-11-05T23:20:16.511133] [WARN] High memory usage detected
[2025-11-05T23:20:16.511121] [INFO] Health check passed
