[2025-11-05T23:20:51.223886] [INFO] Session started
[2025-11-05T23:20:51.223983] [DEBUG] Thread pool size: 8
[2025-11-05T23:20:51.224001] [DEBUG] Thread pool size: 8
[2025-11-05T23:20:51.224008] [DEBUG] Variable value: x=42
[2025-11-05T23:20:51.223979] [DEBUG] Memory allocation: 2048 bytes
[2025-11-05T23:20:51.223881] [INFO] Connection established
[2025-11-05T23:20:51.223877] [INFO] Service initialized
[2025-11-05T23:20:51.223964] [ERROR] Database connection lost
[2025-11-05T23:20:51.223941] [WARN] Rate limit approaching
[2025-11-05T23:20:51.223903] [INFO] Session started
[2025-11-05T23:20:51.223936] [INFO] Configuration loaded
[2025-11-05T23:20:51.223899] [INFO] Database query executed
[2025-11-05T23:20:51.223915] [INFO] Service initialized
[2025-11-05T23:20:51.223969] [ERROR] File not found
[2025-11-05T23:20:51.223950] [WARN] Timeout warning
[2025-11-05T23:20:51.223927] [INFO] Connection established
[2025-11-05T23:20:51.223872] [INFO] Health check passed
[2025-11-05T23:20:51.223895] [INFO] Connection established
[2025-11-05T23:20:51.223863] [INFO] Session started
[2025-11-05T23:20:51.223911] [INFO] Cache hit
[2025-11-05T23:20:51.223834] [INFO] Health check passed
[2025-11-05T23:20:51.223890] [INFO] Request processed successfully
[2025-11-05T23:20:51.223974] [DEBUG] Memory allocation: 2048 bytes
[2025-11-05T23:20:51.223858] [INFO] Service initialized
[2025-11-05T23:20:51.223919] [INFO] Session started
[2025-11-05T23:20:51.223868] [INFO] Configuration loaded
[2025-11-05T23:20:51.223907] [INFO] Cache hit
[2025-11-05T23:20:51.223996] [DEBUG] Loop iteration: 15
[2025-11-05T23:20:51.223932] [INFO] Health check passed
[2025-11-05T23:20:51.223992] [DEBUG] Loop iteration: 15
[2025-11-05T23:20:51.223955] [WARN] Timeout warning
[2025-11-05T23:20:51.223988] [DEBUG] Entering function process_data()
[2025-11-05T23:20:51.223946] [WARN] Timeout warning
[2025-11-05T23:20:51.223923] [INFO] Session started
[2025-11-05T23:20:51.223959] [WARN] Slow query performance
[2025-11-05T23:20:51.224004] [DEBUG] Entering function process_data()
