[2025-11-05T23:20:48.443994] [INFO] Transaction completed
[2025-11-05T23:20:48.443989] [INFO] Database query executed
[2025-11-05T23:20:48.443958] [INFO] User logged in
[2025-11-05T23:20:48.444065] [DEBUG] Memory allocation: 2048 bytes
[2025-11-05T23:20:48.444042] [DEBUG] Timer set: 30 seconds
[2025-11-05T23:20:48.443932] [INFO] User logged in
[2025-11-05T23:20:48.444010] [WARN] Resource threshold approaching
[2025-11-05T23:20:48.443984] [INFO] Configuration loaded
[2025-11-05T23:20:48.444056] [DEBUG] HTTP request headers parsed
[2025-11-05T23:20:48.444051] [DEBUG] Loop iteration: 15
[2025-11-05T23:20:48.443967] [INFO] Service initialized
[2025-11-05T23:20:48.444038] [DEBUG] Loop iteration: 15
[2025-11-05T23:20:48.444027] [ERROR] Request failed
[2025-11-05T23:20:48.443971] [INFO] Transaction completed
[2025-11-05T23:20:48.443963] [INFO] Database query executed
[2025-11-05T23:20:48.444033] [DEBUG] Cache key generated
[2025-11-05T23:20:48.443943] [INFO] Connection established
[2025-11-05T23:20:48.443906] [INFO] Health check passed
[2025-11-05T23:20:48.443999] [WARN] Resource threshold approaching
[2025-11-05T23:20:48.443938] [INFO] Transaction completed
[2025-11-05T23:20:48.444047] [DEBUG] Memory allocation: 2048 bytes
[2025-11-05T23:20:48.443954] [INFO] Database query executed
[2025-11-05T23:20:48.444022] [ERROR] Network timeout
[2025-11-05T23:20:48.444005] [WARN] Rate limit approaching
[2025-11-05T23:20:48.444060] [DEBUG] Timer set: 30 seconds
[2025-11-05T23:20:48.444016] [WARN] Slow query performance
[2025-11-05T23:20:48.443976] [INFO] Connection established
[2025-11-05T23:20:48.443980] [INFO] Database query executed
[2025-11-05T23:20:48.443948] [INFO] Service initialized
[2025-11-05T23:20:48.444070] [DEBUG] Thread pool size: 8
