[2025-11-05T23:20:31.762179] [INFO] Service initialized
[2025-11-05T23:20:31.762231] [WARN] Slow query performance
[2025-11-05T23:20:31.762227] [WARN] Disk space low
[2025-11-05T23:20:31.762273] [DEBUG] Connection pool status checked
[2025-11-05T23:20:31.762278] [DEBUG] Timer set: 30 seconds
[2025-11-05T23:20:31.762187] [INFO] User logged in
[2025-11-05T23:20:31.762223] [WARN] High memory usage detected
[2025-11-05T23:20:31.762174] [INFO] Connection established
[2025-11-05T23:20:31.762203] [INFO] Configuration loaded
[2025-11-05T23:20:31.762218] [WARN] Slow query performance
[2025-11-05T23:20:31.762245] [ERROR] Request failed
[2025-11-05T23:20:31.762157] [INFO] Configuration loaded
[2025-11-05T23:20:31.762253] [DEBUG] Variable value: x=42
[2025-11-05T23:20:31.762263] [DEBUG] Memory allocation: 2048 bytes
[2025-11-05T23:20:31.762199] [INFO] User logged in
[2025-11-05T23:20:31.762153] [INFO] Connection established
[2025-11-05T23:20:31.762283] [DEBUG] Variable value: x=42
[2025-11-05T23:20:31.762235] [WARN] Cache miss
[2025-11-05T23:20:31.762166] [INFO] Service initialized
[2025-11-05T23:20:31.762240] [ERROR] Network timeout
[2025-11-05T23:20:31.762144] [INFO] Database query executed
[2025-11-05T23:20:31.762149] [INFO] Service initialized
[2025-11-05T23:20:31.762170] [INFO] Database query executed
[2025-11-05T23:20:31.762268] [DEBUG] HTTP request headers parsed
[2025-11-05T23:20:31.762213] [WARN] Queue size growing
[2025-11-05T23:20:31.762191] [INFO] User logged in
[2025-11-05T23:20:31.762138] [INFO] Health check passed
[2025-11-05T23:20:31.762207] [INFO] Cache hit
[2025-11-05T23:20:31.762195] [INFO] User logged in
[2025-11-05T23:20:31.762112] [INFO] Database query executed
[2025-11-05T23:20:31.762258] [DEBUG] Entering function process_data()
[2025-11-05T23:20:31.762162] [INFO] Session started
[2025-11-05T23:20:31.762183] [INFO] User logged in
[2025-11-05T23:20:31.762287] [DEBUG] HTTP request headers parsed
