[2025-11-05T23:20:48.524716] [INFO] Request processed successfully
[2025-11-05T23:20:48.524744] [INFO] Database query executed
[2025-11-05T23:20:48.524756] [INFO] Health check passed
[2025-11-05T23:20:48.524735] [INFO] User logged in
[2025-11-05T23:20:48.524726] [INFO] Connection established
[2025-11-05T23:20:48.524814] [ERROR] Permission denied
[2025-11-05T23:20:48.524840] [DEBUG] Timer set: 30 seconds
[2025-11-05T23:20:48.524792] [WARN] Cache miss
[2025-11-05T23:20:48.524740] [INFO] Database query executed
[2025-11-05T23:20:48.524748] [INFO] User logged in
[2025-11-05T23:20:48.524855] [DEBUG] Memory allocation: 2048 bytes
[2025-11-05T23:20:48.524832] [DEBUG] Variable value: x=42
[2025-11-05T23:20:48.524768] [INFO] Session started
[2025-11-05T23:20:48.524836] [DEBUG] Entering function process_data()
[2025-11-05T23:20:48.524847] [DEBUG] Buffer size: 4096 bytes
[2025-11-05T23:20:48.524824] [DEBUG] Memory allocation: 2048 bytes
[2025-11-05T23:20:48.524752] [INFO] Cache hit
[2025-11-05T23:20:48.524778] [WARN] Resource threshold approaching
[2025-11-05T23:20:48.524804] [WARN] Cache miss
[2025-11-05T23:20:48.524731] [INFO] Request processed successfully
[2025-11-05T23:20:48.524809] [ERROR] Request failed
[2025-11-05T23:20:48.524772] [INFO] Session started
[2025-11-05T23:20:48.524764] [INFO] Health check passed
[2025-11-05T23:20:48.524819] [DEBUG] Cache key generated
[2025-11-05T23:20:48.524722] [INFO] Database query executed
[2025-11-05T23:20:48.524691] [INFO] Transaction completed
[2025-11-05T23:20:48.524796] [WARN] Connection retry attempt
[2025-11-05T23:20:48.524788] [WARN] Rate limit approaching
[2025-11-05T23:20:48.524828] [DEBUG] Entering function process_data()
[2025-11-05T23:20:48.524783] [WARN] Queue size growing
[2025-11-05T23:20:48.524760] [INFO] Cache hit
[2025-11-05T23:20:48.524860] [DEBUG] Buffer size: 4096 bytes
[2025-11-05T23:20:48.524800] [WARN] Connection retry attempt
[2025-11-05T23:20:48.524843] [DEBUG] Entering function process_data()
[2025-11-05T23:20:48.524851] [DEBUG] HTTP request headers parsed
