[2025-11-05T23:20:23.360814] [DEBUG] Entering function process_data()
[2025-11-05T23:20:23.360727] [INFO] Cache hit
[2025-11-05T23:20:23.360807] [DEBUG] HTTP request headers parsed
[2025-11-05T23:20:23.360811] [DEBUG] Buffer size: 4096 bytes
[2025-11-05T23:20:23.360798] [DEBUG] Cache key generated
[2025-11-05T23:20:23.360763] [WARN] High memory usage detected
[2025-11-05T23:20:23.360714] [INFO] Configuration loaded
[2025-11-05T23:20:23.360744] [INFO] Cache hit
[2025-11-05T23:20:23.360791] [DEBUG] Cache key generated
[2025-11-05T23:20:23.360706] [INFO] Cache hit
[2025-11-05T23:20:23.360736] [INFO] Transaction completed
[2025-11-05T23:20:23.360710] [INFO] Request processed successfully
[2025-11-05T23:20:23.360771] [WARN] Cache miss
[2025-11-05T23:20:23.360748] [INFO] User logged in
[2025-11-05T23:20:23.360752] [INFO] Connection established
[2025-11-05T23:20:23.360786] [DEBUG] Variable value: x=42
[2025-11-05T23:20:23.360776] [ERROR] Memory allocation error
[2025-11-05T23:20:23.360740] [INFO] Connection established
[2025-11-05T23:20:23.360629] [INFO] Session started
[2025-11-05T23:20:23.360701] [INFO] Configuration loaded
[2025-11-05T23:20:23.360767] [WARN] Disk space low
[2025-11-05T23:20:23.360695] [INFO] Health check passed
[2025-11-05T23:20:23.360732] [INFO] Request processed successfully
[2025-11-05T23:20:23.360758] [WARN] Queue size growing
[2025-11-05T23:20:23.360802] [DEBUG] HTTP request headers parsed
[2025-11-05T23:20:23.360794] [DEBUG] Cache key generated
[2025-11-05T23:20:23.360718] [INFO] Database query executed
[2025-11-05T23:20:23.360818] [DEBUG] Timer set: 30 seconds
[2025-11-05T23:20:23.360722] [INFO] Cache hit
[2025-11-05T23:20:23.360781] [ERROR] Disk read failed
