[2025-11-05T23:20:17.450708] [INFO] Cache hit
[2025-11-05T23:20:17.450686] [INFO] Service initialized
[2025-11-05T23:20:17.450808] [DEBUG] Memory allocation: 2048 bytes
[2025-11-05T23:20:17.450722] [INFO] Request processed successfully
[2025-11-05T23:20:17.450796] [DEBUG] Variable value: x=42
[2025-11-05T23:20:17.450781] [DEBUG] Loop iteration: 15
[2025-11-05T23:20:17.450785] [DEBUG] Buffer size: 4096 bytes
[2025-11-05T23:20:17.450718] [INFO] Service initialized
[2025-11-05T23:20:17.450769] [ERROR] Permission denied
[2025-11-05T23:20:17.450741] [INFO] Database query executed
[2025-11-05T23:20:17.450763] [WARN] Disk space low
[2025-11-05T23:20:17.450702] [INFO] Configuration loaded
[2025-11-05T23:20:17.450737] [INFO] Configuration loaded
[2025-11-05T23:20:17.450672] [INFO] User logged in
[2025-11-05T23:20:17.450646] [INFO] Service initialized
[2025-11-05T23:20:17.450692] [INFO] Service initialized
[2025-11-05T23:20:17.450713] [INFO] User logged in
[2025-11-05T23:20:17.450775] [DEBUG] Loop iteration: 15
[2025-11-05T23:20:17.450758] [WARN] Queue size growing
[2025-11-05T23:20:17.450753] [WARN] High memory usage detected
[2025-11-05T23:20:17.450819] [DEBUG] Connection pool status checked
[2025-11-05T23:20:17.450790] [DEBUG] HTTP request headers parsed
[2025-11-05T23:20:17.450802] [DEBUG] Connection pool status checked
[2025-11-05T23:20:17.450732] [INFO] Configuration loaded
[2025-11-05T23:20:17.450747] [WARN] Resource threshold approaching
[2025-11-05T23:20:17.450814] [DEBUG] HTTP request headers parsed
[2025-11-05T23:20:17.450697] [INFO] User logged in
[2025-11-05T23:20:17.450679] [INFO] Connection established
[2025-11-05T23:20:17.450727] [INFO] Configuration loaded
