[2025-11-05T23:20:29.806532] [INFO] Service initialized
[2025-11-05T23:20:29.806472] [INFO] Database query executed
[2025-11-05T23:20:29.806528] [INFO] Request processed successfully
[2025-11-05T23:20:29.806632] [DEBUG] Thread pool size: 8
[2025-11-05T23:20:29.806583] [WARN] Slow query performance
[2025-11-05T23:20:29.806510] [INFO] Session started
[2025-11-05T23:20:29.806505] [INFO] User logged in
[2025-11-05T23:20:29.806550] [INFO] Request processed successfully
[2025-11-05T23:20:29.806554] [INFO] User logged in
[2025-11-05T23:20:29.806603] [ERROR] Invalid input data
[2025-11-05T23:20:29.806570] [WARN] Deprecated API usage
[2025-11-05T23:20:29.806579] [WARN] Cache miss
[2025-11-05T23:20:29.806524] [INFO] Connection established
[2025-11-05T23:20:29.806575] [WARN] Cache miss
[2025-11-05T23:20:29.806564] [INFO] Configuration loaded
[2025-11-05T23:20:29.806558] [INFO] Transaction completed
[2025-11-05T23:20:29.806609] [DEBUG] Buffer size: 4096 bytes
[2025-11-05T23:20:29.806546] [INFO] Transaction completed
[2025-11-05T23:20:29.806627] [DEBUG] Entering function process_data()
[2025-11-05T23:20:29.806614] [DEBUG] Timer set: 30 seconds
[2025-11-05T23:20:29.806499] [INFO] Configuration loaded
[2025-11-05T23:20:29.806588] [WARN] Rate limit approaching
[2025-11-05T23:20:29.806598] [ERROR] Permission denied
[2025-11-05T23:20:29.806519] [INFO] Connection established
[2025-11-05T23:20:29.806623] [DEBUG] Connection pool status checked
[2025-11-05T23:20:29.806515] [INFO] User logged in
[2025-11-05T23:20:29.806619] [DEBUG] Connection pool status checked
[2025-11-05T23:20:29.806537] [INFO] Configuration loaded
[2025-11-05T23:20:29.806541] [INFO] Cache hit
[2025-11-05T23:20:29.806594] [ERROR] Network timeout
