[2025-11-05T23:20:29.424066] [WARN] High memory usage detected
[2025-11-05T23:20:29.424016] [INFO] Database query executed
[2025-11-05T23:20:29.424077] [WARN] Disk space low
[2025-11-05T23:20:29.424111] [DEBUG] Loop iteration: 15
[2025-11-05T23:20:29.424054] [INFO] Health check passed
[2025-11-05T23:20:29.424012] [INFO] Service initialized
[2025-11-05T23:20:29.424073] [WARN] Queue size growing
[2025-11-05T23:20:29.424101] [DEBUG] Loop iteration: 15
[2025-11-05T23:20:29.424108] [DEBUG] Cache key generated
[2025-11-05T23:20:29.424027] [INFO] User logged in
[2025-11-05T23:20:29.424094] [DEBUG] Variable value: x=42
[2025-11-05T23:20:29.423998] [INFO] Service initialized
[2025-11-05T23:20:29.423969] [INFO] User logged in
[2025-11-05T23:20:29.424019] [INFO] Cache hit
[2025-11-05T23:20:29.424024] [INFO] User logged in
[2025-11-05T23:20:29.424104] [DEBUG] Buffer size: 4096 bytes
[2025-11-05T23:20:29.424082] [ERROR] Request failed
[2025-11-05T23:20:29.424115] [DEBUG] Memory allocation: 2048 bytes
[2025-11-05T23:20:29.424002] [INFO] Database query executed
[2025-11-05T23:20:29.424041] [INFO] Cache hit
[2025-11-05T23:20:29.424086] [ERROR] Authentication failed
[2025-11-05T23:20:29.424031] [INFO] Session started
[2025-11-05T23:20:29.424070] [WARN] Rate limit approaching
[2025-11-05T23:20:29.424047] [INFO] Request processed successfully
[2025-11-05T23:20:29.424037] [INFO] Request processed successfully
[2025-11-05T23:20:29.424097] [DEBUG] Buffer size: 4096 bytes
[2025-11-05T23:20:29.424044] [INFO] Service initialized
[2025-11-05T23:20:29.424051] [INFO] Session started
[2025-11-05T23:20:29.424062] [WARN] Rate limit approaching
[2025-11-05T23:20:29.424057] [INFO] Cache hit
[2025-11-05T23:20:29.423993] [INFO] User logged in
[2025-11-05T23:20:29.424034] [INFO] Configuration loaded
[2025-11-05T23:20:29.424090] [DEBUG] Connection pool status checked
[2025-11-05T23:20:29.424007] [INFO] Session started
