[2025-11-05T23:20:43.748211] [INFO] Health check passed
[2025-11-05T23:20:43.748252] [INFO] Service initialized
[2025-11-05T23:20:43.748300] [DEBUG] Buffer size: 4096 bytes
[2025-11-05T23:20:43.748304] [DEBUG] Thread pool size: 8
[2025-11-05T23:20:43.748282] [DEBUG] Memory allocation: 2048 bytes
[2025-11-05T23:20:43.748258] [WARN] Timeout warning
[2025-11-05T23:20:43.748272] [WARN] Timeout warning
[2025-11-05T23:20:43.748206] [INFO] Health check passed
[2025-11-05T23:20:43.748313] [DEBUG] HTTP request headers parsed
[2025-11-05T23:20:43.748224] [INFO] Service initialized
[2025-11-05T23:20:43.748168] [INFO] Transaction completed
[2025-11-05T23:20:43.748240] [INFO] Configuration loaded
[2025-11-05T23:20:43.748228] [INFO] Configuration loaded
[2025-11-05T23:20:43.748219] [INFO] Cache hit
[2025-11-05T23:20:43.748192] [INFO] Request processed successfully
[2025-11-05T23:20:43.748295] [DEBUG] Loop iteration: 15
[2025-11-05T23:20:43.748236] [INFO] Health check passed
[2025-11-05T23:20:43.748198] [INFO] Connection established
[2025-11-05T23:20:43.748286] [DEBUG] Connection pool status checked
[2025-11-05T23:20:43.748248] [INFO] Request processed successfully
[2025-11-05T23:20:43.748277] [ERROR] File not found
[2025-11-05T23:20:43.748291] [DEBUG] Timer set: 30 seconds
[2025-11-05T23:20:43.748202] [INFO] Cache hit
[2025-11-05T23:20:43.748308] [DEBUG] Connection pool status checked
[2025-11-05T23:20:43.748263] [WARN] Timeout warning
[2025-11-05T23:20:43.748232] [INFO] Database query executed
[2025-11-05T23:20:43.748244] [INFO] Health check passed
[2025-11-05T23:20:43.748215] [INFO] Transaction completed
[2025-11-05T23:20:43.748267] [WARN] Queue size growing
