[2025-11-05T23:20:35.434072] [DEBUG] Loop iteration: 15
[2025-11-05T23:20:35.434033] [ERROR] Invalid input data
[2025-11-05T23:20:35.434049] [DEBUG] Connection pool status checked
[2025-11-05T23:20:35.434068] [DEBUG] HTTP request headers parsed
[2025-11-05T23:20:35.433954] [INFO] Service initialized
[2025-11-05T23:20:35.433989] [INFO] User logged in
[2025-11-05T23:20:35.433942] [INFO] User logged in
[2025-11-05T23:20:35.433969] [INFO] Request processed successfully
[2025-11-05T23:20:35.434044] [DEBUG] Connection pool status checked
[2025-11-05T23:20:35.433994] [INFO] Health check passed
[2025-11-05T23:20:35.434018] [WARN] Resource threshold approaching
[2025-11-05T23:20:35.434064] [DEBUG] Entering function process_data()
[2025-11-05T23:20:35.434059] [DEBUG] Entering function process_data()
[2025-11-05T23:20:35.433959] [INFO] Connection established
[2025-11-05T23:20:35.433964] [INFO] Cache hit
[2025-11-05T23:20:35.434023] [WARN] Disk space low
[2025-11-05T23:20:35.434013] [WARN] Connection retry attempt
[2025-11-05T23:20:35.433977] [INFO] Request processed successfully
[2025-11-05T23:20:35.433913] [INFO] Database query executed
[2025-11-05T23:20:35.433973] [INFO] Connection established
[2025-11-05T23:20:35.433985] [INFO] Connection established
[2025-11-05T23:20:35.434002] [INFO] Configuration loaded
[2025-11-05T23:20:35.433981] [INFO] Session started
[2025-11-05T23:20:35.433948] [INFO] Transaction completed
[2025-11-05T23:20:35.434007] [INFO] User logged in
[2025-11-05T23:20:35.434039] [ERROR] Database connection lost
[2025-11-05T23:20:35.434027] [WARN] Resource threshold approaching
[2025-11-05T23:20:35.433998] [INFO] Cache hit
[2025-11-05T23:20:35.434054] [DEBUG] Buffer size: 4096 bytes
