[2025-11-05T23:20:45.023760] [INFO] Cache hit
[2025-11-05T23:20:45.023749] [INFO] Database query executed
[2025-11-05T23:20:45.023824] [DEBUG] Variable value: x=42
[2025-11-05T23:20:45.023730] [INFO] Database query executed
[2025-11-05T23:20:45.023717] [INFO] Health check passed
[2025-11-05T23:20:45.023806] [ERROR] Request failed
[2025-11-05T23:20:45.023726] [INFO] Configuration loaded
[2025-11-05T23:20:45.023793] [WARN] Rate limit approaching
[2025-11-05T23:20:45.023797] [WARN] Timeout warning
[2025-11-05T23:20:45.023828] [DEBUG] Memory allocation: 2048 bytes
[2025-11-05T23:20:45.023836] [DEBUG] Entering function process_data()
[2025-11-05T23:20:45.023843] [DEBUG] Loop iteration: 15
[2025-11-05T23:20:45.023734] [INFO] Configuration loaded
[2025-11-05T23:20:45.023831] [DEBUG] Cache key generated
[2025-11-05T23:20:45.023820] [DEBUG] HTTP request headers parsed
[2025-11-05T23:20:45.023788] [WARN] Disk space low
[2025-11-05T23:20:45.023753] [INFO] Session started
[2025-11-05T23:20:45.023816] [DEBUG] HTTP request headers parsed
[2025-11-05T23:20:45.023722] [INFO] Connection established
[2025-11-05T23:20:45.023711] [INFO] Database query executed
[2025-11-05T23:20:45.023769] [WARN] Connection retry attempt
[2025-11-05T23:20:45.023745] [INFO] Transaction completed
[2025-11-05T23:20:45.023706] [INFO] Connection established
[2025-11-05T23:20:45.023783] [WARN] Rate limit approaching
[2025-11-05T23:20:45.023779] [WARN] Connection retry attempt
[2025-11-05T23:20:45.023802] [ERROR] Database connection lost
[2025-11-05T23:20:45.023812] [DEBUG] Timer set: 30 seconds
[2025-11-05T23:20:45.023681] [INFO] Database query executed
[2025-11-05T23:20:45.023839] [DEBUG] Entering function process_data()
[2025-11-05T23:20:45.023756] [INFO] Health check passed
[2025-11-05T23:20:45.023737] [INFO] User logged in
[2025-11-05T23:20:45.023763] [INFO] Session started
[2025-11-05T23:20:45.023742] [INFO] Cache hit
[2025-11-05T23:20:45.023774] [WARN] Cache miss
