[2025-11-05T23:20:28.732700] [ERROR] Permission denied
[2025-11-05T23:20:28.732633] [INFO] Connection established
[2025-11-05T23:20:28.732670] [INFO] User logged in
[2025-11-05T23:20:28.732654] [INFO] Health check passed
[2025-11-05T23:20:28.732666] [INFO] Session started
[2025-11-05T23:20:28.732729] [DEBUG] Memory allocation: 2048 bytes
[2025-11-05T23:20:28.732637] [INFO] Service initialized
[2025-11-05T23:20:28.732725] [DEBUG] HTTP request headers parsed
[2025-11-05T23:20:28.732737] [DEBUG] HTTP request headers parsed
[2025-11-05T23:20:28.732675] [INFO] Database query executed
[2025-11-05T23:20:28.732658] [INFO] Transaction completed
[2025-11-05T23:20:28.732720] [DEBUG] HTTP request headers parsed
[2025-11-05T23:20:28.732680] [INFO] Connection established
[2025-11-05T23:20:28.732650] [INFO] Transaction completed
[2025-11-05T23:20:28.732714] [DEBUG] Thread pool size: 8
[2025-11-05T23:20:28.732733] [DEBUG] Connection pool status checked
[2025-11-05T23:20:28.732646] [INFO] Health check passed
[2025-11-05T23:20:28.732623] [INFO] Connection established
[2025-11-05T23:20:28.732641] [INFO] Database query executed
[2025-11-05T23:20:28.732745] [DEBUG] Entering function process_data()
[2025-11-05T23:20:28.732685] [WARN] Rate limit approaching
[2025-11-05T23:20:28.732741] [DEBUG] Memory allocation: 2048 bytes
[2025-11-05T23:20:28.732608] [INFO] Session started
[2025-11-05T23:20:28.732695] [WARN] Disk space low
[2025-11-05T23:20:28.732690] [WARN] Timeout warning
[2025-11-05T23:20:28.732705] [ERROR] Disk read failed
[2025-11-05T23:20:28.732613] [INFO] Database query executed
[2025-11-05T23:20:28.732619] [INFO] Connection established
[2025-11-05T23:20:28.732710] [DEBUG] Cache key generated
[2025-11-05T23:20:28.732628] [INFO] Cache hit
[2025-11-05T23:20:28.732662] [INFO] Request processed successfully
[2025-11-05T23:20:28.732583] [INFO] Service initialized
