[2025-11-05T23:20:26.779172] [DEBUG] Timer set: 30 seconds
[2025-11-05T23:20:26.779099] [INFO] Health check passed
[2025-11-05T23:20:26.779139] [DEBUG] Loop iteration: 15
[2025-11-05T23:20:26.779084] [INFO] Database query executed
[2025-11-05T23:20:26.779181] [DEBUG] Thread pool size: 8
[2025-11-05T23:20:26.779113] [WARN] Deprecated API usage
[2025-11-05T23:20:26.779107] [INFO] Session started
[2025-11-05T23:20:26.779075] [INFO] Connection established
[2025-11-05T23:20:26.779143] [DEBUG] Entering function process_data()
[2025-11-05T23:20:26.779167] [DEBUG] Connection pool status checked
[2025-11-05T23:20:26.779163] [DEBUG] HTTP request headers parsed
[2025-11-05T23:20:26.779070] [INFO] User logged in
[2025-11-05T23:20:26.779089] [INFO] Configuration loaded
[2025-11-05T23:20:26.779148] [DEBUG] Variable value: x=42
[2025-11-05T23:20:26.779080] [INFO] Database query executed
[2025-11-05T23:20:26.779152] [DEBUG] Loop iteration: 15
[2025-11-05T23:20:26.779094] [INFO] Session started
[2025-11-05T23:20:26.779122] [WARN] Rate limit approaching
[2025-11-05T23:20:26.779026] [INFO] Configuration loaded
[2025-11-05T23:20:26.779176] [DEBUG] Connection pool status checked
[2025-11-05T23:20:26.779127] [ERROR] Database connection lost
[2025-11-05T23:20:26.779103] [INFO] User logged in
[2025-11-05T23:20:26.779054] [INFO] Transaction completed
[2025-11-05T23:20:26.779134] [DEBUG] HTTP request headers parsed
[2025-11-05T23:20:26.779157] [DEBUG] Buffer size: 4096 bytes
[2025-11-05T23:20:26.779118] [WARN] Disk space low
[2025-11-05T23:20:26.779065] [INFO] Cache hit
[2025-11-05T23:20:26.779060] [INFO] Database query executed
