[2025-11-05T23:20:22.783084] [WARN] Queue size growing
[2025-11-05T23:20:22.783112] [DEBUG] Loop iteration: 15
[2025-11-05T23:20:22.783102] [DEBUG] Memory allocation: 2048 bytes
[2025-11-05T23:20:22.783009] [INFO] Connection established
[2025-11-05T23:20:22.783050] [INFO] Connection established
[2025-11-05T23:20:22.783074] [WARN] Deprecated API usage
[2025-11-05T23:20:22.783031] [INFO] Configuration loaded
[2025-11-05T23:20:22.783064] [INFO] Database query executed
[2025-11-05T23:20:22.783116] [DEBUG] Connection pool status checked
[2025-11-05T23:20:22.783068] [INFO] Health check passed
[2025-11-05T23:20:22.783035] [INFO] Connection established
[2025-11-05T23:20:22.783133] [DEBUG] Loop iteration: 15
[2025-11-05T23:20:22.783016] [INFO] User logged in
[2025-11-05T23:20:22.783125] [DEBUG] Memory allocation: 2048 bytes
[2025-11-05T23:20:22.783080] [WARN] Slow query performance
[2025-11-05T23:20:22.783120] [DEBUG] Buffer size: 4096 bytes
[2025-11-05T23:20:22.783129] [DEBUG] Loop iteration: 15
[2025-11-05T23:20:22.783022] [INFO] Request processed successfully
[2025-11-05T23:20:22.783040] [INFO] Request processed successfully
[2025-11-05T23:20:22.783097] [DEBUG] Connection pool status checked
[2025-11-05T23:20:22.783054] [INFO] Service initialized
[2025-11-05T23:20:22.783091] [ERROR] Disk read failed
[2025-11-05T23:20:22.783106] [DEBUG] Thread pool size: 8
[2025-11-05T23:20:22.783059] [INFO] Transaction completed
[2025-11-05T23:20:22.783045] [INFO] Database query executed
[2025-11-05T23:20:22.782982] [INFO] Configuration loaded
[2025-11-05T23:20:22.783026] [INFO] Session started
