[2025-11-05T23:20:12.696356] [ERROR] Request failed
[2025-11-05T23:20:12.696397] [DEBUG] Variable value: x=42
[2025-11-05T23:20:12.696273] [INFO] Service initialized
[2025-11-05T23:20:12.696308] [INFO] Configuration loaded
[2025-11-05T23:20:12.696393] [DEBUG] Timer set: 30 seconds
[2025-11-05T23:20:12.696316] [INFO] User logged in
[2025-11-05T23:20:12.696277] [INFO] Cache hit
[2025-11-05T23:20:12.696312] [INFO] Request processed successfully
[2025-11-05T23:20:12.696226] [INFO] User logged in
[2025-11-05T23:20:12.696342] [WARN] High memory usage detected
[2025-11-05T23:20:12.696361] [DEBUG] Memory allocation: 2048 bytes
[2025-11-05T23:20:12.696252] [INFO] Session started
[2025-11-05T23:20:12.696258] [INFO] User logged in
[2025-11-05T23:20:12.696286] [INFO] Session started
[2025-11-05T23:20:12.696347] [ERROR] Service unavailable
[2025-11-05T23:20:12.696337] [WARN] Slow query performance
[2025-11-05T23:20:12.696402] [DEBUG] Timer set: 30 seconds
[2025-11-05T23:20:12.696332] [WARN] Queue size growing
[2025-11-05T23:20:12.696322] [WARN] Rate limit approaching
[2025-11-05T23:20:12.696367] [DEBUG] Buffer size: 4096 bytes
[2025-11-05T23:20:12.696371] [DEBUG] Loop iteration: 15
[2025-11-05T23:20:12.696385] [DEBUG] Cache key generated
[2025-11-05T23:20:12.696268] [INFO] Database query executed
[2025-11-05T23:20:12.696282] [INFO] Transaction completed
[2025-11-05T23:20:12.696304] [INFO] Configuration loaded
[2025-11-05T23:20:12.696299] [INFO] Request processed successfully
[2025-11-05T23:20:12.696352] [ERROR] Memory allocation error
[2025-11-05T23:20:12.696376] [DEBUG] Timer set: 30 seconds
[2025-11-05T23:20:12.696295] [INFO] Health check passed
[2025-11-05T23:20:12.696380] [DEBUG] Loop iteration: 15
[2025-11-05T23:20:12.696263] [INFO] Health check passed
[2025-11-05T23:20:12.696291] [INFO] User logged in
[2025-11-05T23:20:12.696389] [DEBUG] Thread pool size: 8
[2025-11-05T23:20:12.696328] [WARN] Disk space low
