[2025-11-05T23:20:35.485695] [INFO] Session started
[2025-11-05T23:20:35.485779] [INFO] Database query executed
[2025-11-05T23:20:35.485807] [ERROR] Disk read failed
[2025-11-05T23:20:35.485793] [WARN] Rate limit approaching
[2025-11-05T23:20:35.485788] [WARN] Queue size growing
[2025-11-05T23:20:35.489530] [DEBUG] Entering function process_data()
[2025-11-05T23:20:35.485745] [INFO] Session started
[2025-11-05T23:20:35.485758] [INFO] User logged in
[2025-11-05T23:20:35.485783] [INFO] Connection established
[2025-11-05T23:20:35.489500] [DEBUG] Thread pool size: 8
[2025-11-05T23:20:35.485812] [ERROR] Request failed
[2025-11-05T23:20:35.489572] [DEBUG] Timer set: 30 seconds
[2025-11-05T23:20:35.485822] [DEBUG] Entering function process_data()
[2025-11-05T23:20:35.485749] [INFO] Configuration loaded
[2025-11-05T23:20:35.485826] [DEBUG] Thread pool size: 8
[2025-11-05T23:20:35.485802] [WARN] Queue size growing
[2025-11-05T23:20:35.489579] [DEBUG] HTTP request headers parsed
[2025-11-05T23:20:35.485798] [WARN] Rate limit approaching
[2025-11-05T23:20:35.485830] [DEBUG] Buffer size: 4096 bytes
[2025-11-05T23:20:35.485775] [INFO] User logged in
[2025-11-05T23:20:35.485754] [INFO] Service initialized
[2025-11-05T23:20:35.485734] [INFO] Cache hit
[2025-11-05T23:20:35.485766] [INFO] Transaction completed
[2025-11-05T23:20:35.489565] [DEBUG] Entering function process_data()
[2025-11-05T23:20:35.485722] [INFO] Request processed successfully
[2025-11-05T23:20:35.485729] [INFO] Database query executed
[2025-11-05T23:20:35.485763] [INFO] User logged in
[2025-11-05T23:20:35.485771] [INFO] Cache hit
[2025-11-05T23:20:35.485817] [DEBUG] Memory allocation: 2048 bytes
[2025-11-05T23:20:35.485740] [INFO] Cache hit
