[2025-11-05T23:20:49.633758] [INFO] Session started
[2025-11-05T23:20:49.633782] [WARN] Deprecated API usage
[2025-11-05T23:20:49.633712] [INFO] Cache hit
[2025-11-05T23:20:49.633821] [DEBUG] HTTP request headers parsed
[2025-11-05T23:20:49.633797] [DEBUG] Variable value: x=42
[2025-11-05T23:20:49.633814] [DEBUG] HTTP request headers parsed
[2025-11-05T23:20:49.633810] [DEBUG] Memory allocation: 2048 bytes
[2025-11-05T23:20:49.633765] [INFO] Configuration loaded
[2025-11-05T23:20:49.633787] [ERROR] Network timeout
[2025-11-05T23:20:49.633800] [DEBUG] Thread pool size: 8
[2025-11-05T23:20:49.633737] [INFO] Health check passed
[2025-11-05T23:20:49.633754] [INFO] Transaction completed
[2025-11-05T23:20:49.633817] [DEBUG] Buffer size: 4096 bytes
[2025-11-05T23:20:49.633750] [INFO] Service initialized
[2025-11-05T23:20:49.633762] [INFO] User logged in
[2025-11-05T23:20:49.633769] [INFO] Cache hit
[2025-11-05T23:20:49.633805] [DEBUG] Connection pool status checked
[2025-11-05T23:20:49.633746] [INFO] Service initialized
[2025-11-05T23:20:49.633777] [INFO] Configuration loaded
[2025-11-05T23:20:49.633773] [INFO] Database query executed
[2025-11-05T23:20:49.633792] [ERROR] Disk read failed
[2025-11-05T23:20:49.633742] [INFO] Database query executed
