[2025-11-05T23:20:46.824160] [ERROR] Disk read failed
[2025-11-05T23:20:46.824187] [DEBUG] HTTP request headers parsed
[2025-11-05T23:20:46.824083] [INFO] Service initialized
[2025-11-05T23:20:46.824039] [INFO] Connection established
[2025-11-05T23:20:46.824135] [WARN] Rate limit approaching
[2025-11-05T23:20:46.824129] [INFO] User logged in
[2025-11-05T23:20:46.824182] [DEBUG] Cache key generated
[2025-11-05T23:20:46.824070] [INFO] Session started
[2025-11-05T23:20:46.824102] [INFO] User logged in
[2025-11-05T23:20:46.824093] [INFO] Service initialized
[2025-11-05T23:20:46.824155] [ERROR] Invalid input data
[2025-11-05T23:20:46.824200] [DEBUG] Memory allocation: 2048 bytes
[2025-11-05T23:20:46.824088] [INFO] Configuration loaded
[2025-11-05T23:20:46.824169] [DEBUG] HTTP request headers parsed
[2025-11-05T23:20:46.824075] [INFO] Service initialized
[2025-11-05T23:20:46.824121] [INFO] User logged in
[2025-11-05T23:20:46.824191] [DEBUG] Memory allocation: 2048 bytes
[2025-11-05T23:20:46.824111] [INFO] User logged in
[2025-11-05T23:20:46.824165] [DEBUG] Buffer size: 4096 bytes
[2025-11-05T23:20:46.824150] [WARN] Disk space low
[2025-11-05T23:20:46.824106] [INFO] Cache hit
[2025-11-05T23:20:46.824079] [INFO] Service initialized
[2025-11-05T23:20:46.824196] [DEBUG] Connection pool status checked
[2025-11-05T23:20:46.824097] [INFO] User logged in
[2025-11-05T23:20:46.824065] [INFO] Database query executed
[2025-11-05T23:20:46.824125] [INFO] User logged in
[2025-11-05T23:20:46.824178] [DEBUG] HTTP request headers parsed
[2025-11-05T23:20:46.824174] [DEBUG] Entering function process_data()
[2025-11-05T23:20:46.824141] [WARN] High memory usage detected
[2025-11-05T23:20:46.824145] [WARN] Timeout warning
[2025-11-05T23:20:46.824116] [INFO] Configuration loaded
