[2025-11-05T23:20:31.412418] [INFO] User logged in
[2025-11-05T23:20:31.412457] [DEBUG] HTTP request headers parsed
[2025-11-05T23:20:31.412368] [INFO] Database query executed
[2025-11-05T23:20:31.412393] [INFO] Session started
[2025-11-05T23:20:31.412437] [WARN] Connection retry attempt
[2025-11-05T23:20:31.412479] [DEBUG] Memory allocation: 2048 bytes
[2025-11-05T23:20:31.412428] [WARN] Slow query performance
[2025-11-05T23:20:31.412471] [DEBUG] HTTP request headers parsed
[2025-11-05T23:20:31.412466] [DEBUG] Connection pool status checked
[2025-11-05T23:20:31.412377] [INFO] User logged in
[2025-11-05T23:20:31.412484] [DEBUG] Thread pool size: 8
[2025-11-05T23:20:31.412385] [INFO] Database query executed
[2025-11-05T23:20:31.412328] [INFO] Connection established
[2025-11-05T23:20:31.412442] [ERROR] Network timeout
[2025-11-05T23:20:31.412359] [INFO] User logged in
[2025-11-05T23:20:31.412493] [DEBUG] Buffer size: 4096 bytes
[2025-11-05T23:20:31.412423] [WARN] Deprecated API usage
[2025-11-05T23:20:31.412363] [INFO] Transaction completed
[2025-11-05T23:20:31.412353] [INFO] Cache hit
[2025-11-05T23:20:31.412489] [DEBUG] Timer set: 30 seconds
[2025-11-05T23:20:31.412402] [INFO] Session started
[2025-11-05T23:20:31.412452] [ERROR] Memory allocation error
[2025-11-05T23:20:31.412397] [INFO] Cache hit
[2025-11-05T23:20:31.412447] [ERROR] Service unavailable
[2025-11-05T23:20:31.412433] [WARN] Deprecated API usage
[2025-11-05T23:20:31.412372] [INFO] Session started
[2025-11-05T23:20:31.412475] [DEBUG] Loop iteration: 15
[2025-11-05T23:20:31.412462] [DEBUG] Cache key generated
[2025-11-05T23:20:31.412381] [INFO] User logged in
[2025-11-05T23:20:31.412410] [INFO] Configuration loaded
[2025-11-05T23:20:31.412406] [INFO] Connection established
[2025-11-05T23:20:31.412414] [INFO] Health check passed
[2025-11-05T23:20:31.412389] [INFO] User logged in
