[2025-11-05T23:20:40.511054] [DEBUG] Memory allocation: 2048 bytes
[2025-11-05T23:20:40.511024] [INFO] Cache hit
[2025-11-05T23:20:40.510983] [INFO] Connection established
[2025-11-05T23:20:40.511058] [DEBUG] Variable value: x=42
[2025-11-05T23:20:40.510998] [INFO] Configuration loaded
[2025-11-05T23:20:40.511020] [INFO] Request processed successfully
[2025-11-05T23:20:40.511049] [ERROR] File not found
[2025-11-05T23:20:40.511013] [INFO] Cache hit
[2025-11-05T23:20:40.511037] [WARN] Deprecated API usage
[2025-11-05T23:20:40.510991] [INFO] Request processed successfully
[2025-11-05T23:20:40.510979] [INFO] Transaction completed
[2025-11-05T23:20:40.511017] [INFO] Connection established
[2025-11-05T23:20:40.511010] [INFO] Transaction completed
[2025-11-05T23:20:40.511062] [DEBUG] Thread pool size: 8
[2025-11-05T23:20:40.510987] [INFO] Session started
[2025-11-05T23:20:40.511007] [INFO] Configuration loaded
[2025-11-05T23:20:40.511028] [WARN] Rate limit approaching
[2025-11-05T23:20:40.510950] [INFO] Connection established
[2025-11-05T23:20:40.511032] [WARN] High memory usage detected
[2025-11-05T23:20:40.511045] [ERROR] Service unavailable
[2025-11-05T23:20:40.510994] [INFO] Service initialized
[2025-11-05T23:20:40.510974] [INFO] Service initialized
[2025-11-05T23:20:40.511040] [WARN] Deprecated API usage
[2025-11-05T23:20:40.511003] [INFO] Transaction completed
