[2025-11-05T23:20:17.513563] [INFO] Health check passed
[2025-11-05T23:20:17.513596] [INFO] Session started
[2025-11-05T23:20:17.513636] [DEBUG] Cache key generated
[2025-11-05T23:20:17.513674] [DEBUG] Timer set: 30 seconds
[2025-11-05T23:20:17.513618] [WARN] Queue size growing
[2025-11-05T23:20:17.513585] [INFO] Connection established
[2025-11-05T23:20:17.513575] [INFO] Configuration loaded
[2025-11-05T23:20:17.513684] [DEBUG] HTTP request headers parsed
[2025-11-05T23:20:17.513581] [INFO] Health check passed
[2025-11-05T23:20:17.513578] [INFO] Database query executed
[2025-11-05T23:20:17.513567] [INFO] Transaction completed
[2025-11-05T23:20:17.513680] [DEBUG] Buffer size: 4096 bytes
[2025-11-05T23:20:17.513602] [INFO] User logged in
[2025-11-05T23:20:17.513532] [INFO] User logged in
[2025-11-05T23:20:17.513605] [INFO] Configuration loaded
[2025-11-05T23:20:17.513592] [INFO] Session started
[2025-11-05T23:20:17.513589] [INFO] Request processed successfully
[2025-11-05T23:20:17.513599] [INFO] Configuration loaded
[2025-11-05T23:20:17.513640] [DEBUG] Thread pool size: 8
[2025-11-05T23:20:17.513559] [INFO] Configuration loaded
[2025-11-05T23:20:17.513626] [ERROR] File not found
[2025-11-05T23:20:17.513571] [INFO] Database query executed
[2025-11-05T23:20:17.513614] [WARN] Connection retry attempt
[2025-11-05T23:20:17.513610] [WARN] Slow query performance
[2025-11-05T23:20:17.513623] [ERROR] File not found
[2025-11-05T23:20:17.513631] [DEBUG] Buffer size: 4096 bytes
