[2025-11-05T23:20:35.258480] [INFO] Configuration loaded
[2025-11-05T23:20:35.258558] [DEBUG] Memory allocation: 2048 bytes
[2025-11-05T23:20:35.258509] [INFO] Cache hit
[2025-11-05T23:20:35.258485] [INFO] Transaction completed
[2025-11-05T23:20:35.258472] [INFO] Session started
[2025-11-05T23:20:35.258567] [DEBUG] Variable value: x=42
[2025-11-05T23:20:35.258514] [INFO] User logged in
[2025-11-05T23:20:35.258525] [WARN] Timeout warning
[2025-11-05T23:20:35.258491] [INFO] Transaction completed
[2025-11-05T23:20:35.258531] [ERROR] Memory allocation error
[2025-11-05T23:20:35.258495] [INFO] Session started
[2025-11-05T23:20:35.258456] [INFO] Service initialized
[2025-11-05T23:20:35.258554] [DEBUG] Timer set: 30 seconds
[2025-11-05T23:20:35.258551] [DEBUG] Connection pool status checked
[2025-11-05T23:20:35.258424] [INFO] Request processed successfully
[2025-11-05T23:20:35.258476] [INFO] Request processed successfully
[2025-11-05T23:20:35.258499] [INFO] Connection established
[2025-11-05T23:20:35.258466] [INFO] User logged in
[2025-11-05T23:20:35.258541] [DEBUG] Timer set: 30 seconds
[2025-11-05T23:20:35.258519] [INFO] Cache hit
[2025-11-05T23:20:35.258461] [INFO] Service initialized
[2025-11-05T23:20:35.258450] [INFO] Session started
[2025-11-05T23:20:35.258536] [ERROR] Database connection lost
[2025-11-05T23:20:35.258546] [DEBUG] Connection pool status checked
[2025-11-05T23:20:35.258563] [DEBUG] Connection pool status checked
[2025-11-05T23:20:35.258504] [INFO] Health check passed
