[2025-11-05T23:20:32.416177] [INFO] Health check passed
[2025-11-05T23:20:32.416167] [INFO] Configuration loaded
[2025-11-05T23:20:32.416148] [INFO] Request processed successfully
[2025-11-05T23:20:32.416122] [INFO] Request processed successfully
[2025-11-05T23:20:32.416253] [DEBUG] Memory allocation: 2048 bytes
[2025-11-05T23:20:32.416215] [WARN] Timeout warning
[2025-11-05T23:20:32.416205] [WARN] Slow query performance
[2025-11-05T23:20:32.416082] [INFO] Health check passed
[2025-11-05T23:20:32.416133] [INFO] Request processed successfully
[2025-11-05T23:20:32.416153] [INFO] Health check passed
[2025-11-05T23:20:32.416291] [DEBUG] Timer set: 30 seconds
[2025-11-05T23:20:32.416267] [DEBUG] Cache key generated
[2025-11-05T23:20:32.416247] [DEBUG] Cache key generated
[2025-11-05T23:20:32.416138] [INFO] Health check passed
[2025-11-05T23:20:32.416109] [INFO] Request processed successfully
[2025-11-05T23:20:32.416210] [WARN] Resource threshold approaching
[2025-11-05T23:20:32.416172] [INFO] Transaction completed
[2025-11-05T23:20:32.416116] [INFO] Transaction completed
[2025-11-05T23:20:32.416186] [INFO] Database query executed
[2025-11-05T23:20:32.416229] [WARN] Deprecated API usage
[2025-11-05T23:20:32.416286] [DEBUG] Thread pool size: 8
[2025-11-05T23:20:32.416200] [WARN] Rate limit approaching
[2025-11-05T23:20:32.416224] [WARN] Slow query performance
[2025-11-05T23:20:32.416235] [ERROR] Request failed
[2025-11-05T23:20:32.416220] [WARN] Deprecated API usage
[2025-11-05T23:20:32.416143] [INFO] Database query executed
[2025-11-05T23:20:32.416181] [INFO] Health check passed
[2025-11-05T23:20:32.416295] [DEBUG] HTTP request headers parsed
[2025-11-05T23:20:32.416281] [DEBUG] Thread pool size: 8
[2025-11-05T23:20:32.416262] [DEBUG] HTTP request headers parsed
[2025-11-05T23:20:32.416257] [DEBUG] Entering function process_data()
[2025-11-05T23:20:32.416158] [INFO] Transaction completed
[2025-11-05T23:20:32.416241] [DEBUG] Connection pool status checked
[2025-11-05T23:20:32.416128] [INFO] Service initialized
[2025-11-05T23:20:32.416271] [DEBUG] Connection pool status checked
[2025-11-05T23:20:32.416163] [INFO] Transaction completed
[2025-11-05T23:20:32.416277] [DEBUG] Loop iteration: 15
[2025-11-05T23:20:32.416194] [WARN] Slow query performance
