[2025-11-05T23:20:14.866022] [INFO] Service initialized
[2025-11-05T23:20:14.866152] [DEBUG] Thread pool size: 8
[2025-11-05T23:20:14.866194] [DEBUG] Entering function process_data()
[2025-11-05T23:20:14.866177] [DEBUG] Variable value: x=42
[2025-11-05T23:20:14.866089] [INFO] Configuration loaded
[2025-11-05T23:20:14.866050] [INFO] Database query executed
[2025-11-05T23:20:14.866126] [WARN] Rate limit approaching
[2025-11-05T23:20:14.866135] [WARN] Resource threshold approaching
[2025-11-05T23:20:14.866056] [INFO] Service initialized
[2025-11-05T23:20:14.866186] [DEBUG] Loop iteration: 15
[2025-11-05T23:20:14.866094] [INFO] Database query executed
[2025-11-05T23:20:14.866181] [DEBUG] Buffer size: 4096 bytes
[2025-11-05T23:20:14.866061] [INFO] Service initialized
[2025-11-05T23:20:14.866110] [INFO] Health check passed
[2025-11-05T23:20:14.866147] [DEBUG] Loop iteration: 15
[2025-11-05T23:20:14.866116] [WARN] Slow query performance
[2025-11-05T23:20:14.866084] [INFO] Session started
[2025-11-05T23:20:14.866121] [WARN] Rate limit approaching
[2025-11-05T23:20:14.866162] [DEBUG] HTTP request headers parsed
[2025-11-05T23:20:14.866098] [INFO] User logged in
[2025-11-05T23:20:14.866172] [DEBUG] Variable value: x=42
[2025-11-05T23:20:14.866080] [INFO] Database query executed
[2025-11-05T23:20:14.866141] [ERROR] Invalid input data
[2025-11-05T23:20:14.866075] [INFO] Request processed successfully
[2025-11-05T23:20:14.866190] [DEBUG] Thread pool size: 8
[2025-11-05T23:20:14.866106] [INFO] Service initialized
[2025-11-05T23:20:14.866167] [DEBUG] Connection pool status checked
[2025-11-05T23:20:14.866070] [INFO] User logged in
[2025-11-05T23:20:14.866199] [DEBUG] Loop iteration: 15
[2025-11-05T23:20:14.866130] [WARN] Deprecated API usage
[2025-11-05T23:20:14.866157] [DEBUG] Memory allocation: 2048 bytes
[2025-11-05T23:20:14.866066] [INFO] Connection established
[2025-11-05T23:20:14.866102] [INFO] Health check passed
