[2025-11-05T23:20:37.144784] [INFO] Database query executed
[2025-11-05T23:20:37.144829] [DEBUG] Memory allocation: 2048 bytes
[2025-11-05T23:20:37.144766] [INFO] Cache hit
[2025-11-05T23:20:37.144819] [ERROR] File not found
[2025-11-05T23:20:37.144825] [DEBUG] Variable value: x=42
[2025-11-05T23:20:37.144849] [DEBUG] Timer set: 30 seconds
[2025-11-05T23:20:37.144853] [DEBUG] Buffer size: 4096 bytes
[2025-11-05T23:20:37.144869] [DEBUG] Timer set: 30 seconds
[2025-11-05T23:20:37.144862] [DEBUG] Connection pool status checked
[2025-11-05T23:20:37.144833] [DEBUG] Buffer size: 4096 bytes
[2025-11-05T23:20:37.144814] [WARN] Rate limit approaching
[2025-11-05T23:20:37.144787] [INFO] Cache hit
[2025-11-05T23:20:37.144865] [DEBUG] Buffer size: 4096 bytes
[2025-11-05T23:20:37.144792] [INFO] User logged in
[2025-11-05T23:20:37.144806] [WARN] Deprecated API usage
[2025-11-05T23:20:37.144796] [INFO] Transaction completed
[2025-11-05T23:20:37.144845] [DEBUG] Entering function process_data()
[2025-11-05T23:20:37.144753] [INFO] Connection established
[2025-11-05T23:20:37.144801] [WARN] Slow query performance
[2025-11-05T23:20:37.144857] [DEBUG] Buffer size: 4096 bytes
[2025-11-05T23:20:37.144877] [DEBUG] Memory allocation: 2048 bytes
[2025-11-05T23:20:37.144779] [INFO] Connection established
[2025-11-05T23:20:37.144837] [DEBUG] Variable value: x=42
[2025-11-05T23:20:37.144810] [WARN] Cache miss
[2025-11-05T23:20:37.144758] [INFO] Session started
[2025-11-05T23:20:37.144841] [DEBUG] Connection pool status checked
[2025-11-05T23:20:37.144770] [INFO] User logged in
[2025-11-05T23:20:37.144775] [INFO] Cache hit
[2025-11-05T23:20:37.144748] [INFO] Service initialized
[2025-11-05T23:20:37.144762] [INFO] Transaction completed
[2025-11-05T23:20:37.144874] [DEBUG] Cache key generated
[2025-11-05T23:20:37.144723] [INFO] Session started
