[2025-11-05T23:20:29.980578] [WARN] Rate limit approaching
[2025-11-05T23:20:29.980595] [WARN] Disk space low
[2025-11-05T23:20:29.980619] [DEBUG] Connection pool status checked
[2025-11-05T23:20:29.980624] [DEBUG] Memory allocation: 2048 bytes
[2025-11-05T23:20:29.980543] [INFO] Connection established
[2025-11-05T23:20:29.980513] [INFO] Configuration loaded
[2025-11-05T23:20:29.980627] [DEBUG] Memory allocation: 2048 bytes
[2025-11-05T23:20:29.980567] [INFO] Configuration loaded
[2025-11-05T23:20:29.980640] [DEBUG] Cache key generated
[2025-11-05T23:20:29.980482] [INFO] Cache hit
[2025-11-05T23:20:29.980582] [WARN] Slow query performance
[2025-11-05T23:20:29.980586] [WARN] High memory usage detected
[2025-11-05T23:20:29.980653] [DEBUG] Connection pool status checked
[2025-11-05T23:20:29.980573] [WARN] Cache miss
[2025-11-05T23:20:29.980559] [INFO] Service initialized
[2025-11-05T23:20:29.980526] [INFO] Connection established
[2025-11-05T23:20:29.980591] [WARN] Connection retry attempt
[2025-11-05T23:20:29.980522] [INFO] Cache hit
[2025-11-05T23:20:29.980614] [ERROR] Disk read failed
[2025-11-05T23:20:29.980599] [WARN] Cache miss
[2025-11-05T23:20:29.980517] [INFO] Transaction completed
[2025-11-05T23:20:29.980609] [ERROR] Authentication failed
[2025-11-05T23:20:29.980632] [DEBUG] Buffer size: 4096 bytes
[2025-11-05T23:20:29.980603] [WARN] High memory usage detected
[2025-11-05T23:20:29.980555] [INFO] Session started
[2025-11-05T23:20:29.980649] [DEBUG] Memory allocation: 2048 bytes
[2025-11-05T23:20:29.980535] [INFO] Request processed successfully
[2025-11-05T23:20:29.980563] [INFO] Session started
[2025-11-05T23:20:29.980530] [INFO] User logged in
[2025-11-05T23:20:29.980539] [INFO] Health check passed
[2025-11-05T23:20:29.980507] [INFO] Health check passed
[2025-11-05T23:20:29.980551] [INFO] Configuration loaded
[2025-11-05T23:20:29.980644] [DEBUG] Entering function process_data()
[2025-11-05T23:20:29.980547] [INFO] Session started
[2025-11-05T23:20:29.980636] [DEBUG] Loop iteration: 15
