[2025-11-05T23:20:25.110072] [DEBUG] Cache key generated
[2025-11-05T23:20:25.110067] [ERROR] Memory allocation error
[2025-11-05T23:20:25.109968] [INFO] Transaction completed
[2025-11-05T23:20:25.110011] [INFO] Transaction completed
[2025-11-05T23:20:25.110028] [INFO] Connection established
[2025-11-05T23:20:25.110032] [INFO] Cache hit
[2025-11-05T23:20:25.110058] [WARN] Slow query performance
[2025-11-05T23:20:25.110036] [INFO] Request processed successfully
[2025-11-05T23:20:25.110020] [INFO] Configuration loaded
[2025-11-05T23:20:25.110097] [DEBUG] HTTP request headers parsed
[2025-11-05T23:20:25.110007] [INFO] Request processed successfully
[2025-11-05T23:20:25.109993] [INFO] Service initialized
[2025-11-05T23:20:25.110081] [DEBUG] Timer set: 30 seconds
[2025-11-05T23:20:25.110092] [DEBUG] Connection pool status checked
[2025-11-05T23:20:25.110077] [DEBUG] Loop iteration: 15
[2025-11-05T23:20:25.109998] [INFO] Transaction completed
[2025-11-05T23:20:25.110085] [DEBUG] Thread pool size: 8
[2025-11-05T23:20:25.110015] [INFO] Request processed successfully
[2025-11-05T23:20:25.110088] [DEBUG] HTTP request headers parsed
[2025-11-05T23:20:25.110002] [INFO] Health check passed
[2025-11-05T23:20:25.110105] [DEBUG] HTTP request headers parsed
[2025-11-05T23:20:25.110101] [DEBUG] Timer set: 30 seconds
[2025-11-05T23:20:25.110050] [WARN] Resource threshold approaching
[2025-11-05T23:20:25.110045] [WARN] Queue size growing
[2025-11-05T23:20:25.110054] [WARN] Deprecated API usage
[2025-11-05T23:20:25.110063] [ERROR] Memory allocation error
[2025-11-05T23:20:25.110024] [INFO] Cache hit
[2025-11-05T23:20:25.110039] [INFO] Health check passed
