[2025-11-05T23:20:19.679130] [DEBUG] Memory allocation: 2048 bytes
[2025-11-05T23:20:19.679102] [DEBUG] Variable value: x=42
[2025-11-05T23:20:19.679062] [INFO] Transaction completed
[2025-11-05T23:20:19.679049] [INFO] Connection established
[2025-11-05T23:20:19.679072] [WARN] Deprecated API usage
[2025-11-05T23:20:19.679082] [WARN] Cache miss
[2025-11-05T23:20:19.679096] [ERROR] Database connection lost
[2025-11-05T23:20:19.679010] [INFO] Service initialized
[2025-11-05T23:20:19.678976] [INFO] Transaction completed
[2025-11-05T23:20:19.679116] [DEBUG] Buffer size: 4096 bytes
[2025-11-05T23:20:19.679066] [INFO] Service initialized
[2025-11-05T23:20:19.679040] [INFO] Service initialized
[2025-11-05T23:20:19.679077] [WARN] Timeout warning
[2025-11-05T23:20:19.679035] [INFO] Database query executed
[2025-11-05T23:20:19.679058] [INFO] Database query executed
[2025-11-05T23:20:19.679111] [DEBUG] Memory allocation: 2048 bytes
[2025-11-05T23:20:19.679126] [DEBUG] Buffer size: 4096 bytes
[2025-11-05T23:20:19.679107] [DEBUG] HTTP request headers parsed
[2025-11-05T23:20:19.679019] [INFO] Service initialized
[2025-11-05T23:20:19.679092] [ERROR] Request failed
[2025-11-05T23:20:19.679121] [DEBUG] HTTP request headers parsed
[2025-11-05T23:20:19.679086] [WARN] Deprecated API usage
[2025-11-05T23:20:19.679053] [INFO] Session started
[2025-11-05T23:20:19.679014] [INFO] Cache hit
[2025-11-05T23:20:19.679004] [INFO] User logged in
[2025-11-05T23:20:19.679030] [INFO] Request processed successfully
[2025-11-05T23:20:19.679024] [INFO] Configuration loaded
[2025-11-05T23:20:19.679045] [INFO] Service initialized
