[2025-11-05T23:20:26.256843] [INFO] Service initialized
[2025-11-05T23:20:26.256818] [INFO] Transaction completed
[2025-11-05T23:20:26.256892] [DEBUG] Buffer size: 4096 bytes
[2025-11-05T23:20:26.256885] [DEBUG] Buffer size: 4096 bytes
[2025-11-05T23:20:26.256878] [DEBUG] Cache key generated
[2025-11-05T23:20:26.256840] [INFO] Request processed successfully
[2025-11-05T23:20:26.256858] [WARN] Slow query performance
[2025-11-05T23:20:26.256828] [INFO] Session started
[2025-11-05T23:20:26.256851] [WARN] Rate limit approaching
[2025-11-05T23:20:26.256889] [DEBUG] HTTP request headers parsed
[2025-11-05T23:20:26.256780] [INFO] Cache hit
[2025-11-05T23:20:26.256808] [INFO] Configuration loaded
[2025-11-05T23:20:26.256812] [INFO] Health check passed
[2025-11-05T23:20:26.256824] [INFO] Session started
[2025-11-05T23:20:26.256804] [INFO] Database query executed
[2025-11-05T23:20:26.256881] [DEBUG] Connection pool status checked
[2025-11-05T23:20:26.256907] [DEBUG] Connection pool status checked
[2025-11-05T23:20:26.256874] [DEBUG] Memory allocation: 2048 bytes
[2025-11-05T23:20:26.256895] [DEBUG] Timer set: 30 seconds
[2025-11-05T23:20:26.256855] [WARN] Queue size growing
[2025-11-05T23:20:26.256815] [INFO] Configuration loaded
[2025-11-05T23:20:26.256865] [WARN] Timeout warning
[2025-11-05T23:20:26.256862] [WARN] Disk space low
[2025-11-05T23:20:26.256837] [INFO] Health check passed
[2025-11-05T23:20:26.256904] [DEBUG] Cache key generated
[2025-11-05T23:20:26.256831] [INFO] Health check passed
[2025-11-05T23:20:26.256869] [ERROR] Network timeout
[2025-11-05T23:20:26.256834] [INFO] Database query executed
[2025-11-05T23:20:26.256822] [INFO] Database query executed
[2025-11-05T23:20:26.256901] [DEBUG] Buffer size: 4096 bytes
[2025-11-05T23:20:26.256847] [INFO] Connection established
[2025-11-05T23:20:26.256898] [DEBUG] HTTP request headers parsed
