[2025-11-05T23:20:52.243438] [INFO] User logged in
[2025-11-05T23:20:52.243454] [INFO] Request processed successfully
[2025-11-05T23:20:52.243463] [INFO] Database query executed
[2025-11-05T23:20:52.243449] [INFO] Configuration loaded
[2025-11-05T23:20:52.243475] [INFO] User logged in
[2025-11-05T23:20:52.243467] [INFO] Request processed successfully
[2025-11-05T23:20:52.243501] [WARN] Connection retry attempt
[2025-11-05T23:20:52.243530] [DEBUG] Timer set: 30 seconds
[2025-11-05T23:20:52.243488] [INFO] Configuration loaded
[2025-11-05T23:20:52.243496] [INFO] Health check passed
[2025-11-05T23:20:52.243546] [DEBUG] Thread pool size: 8
[2025-11-05T23:20:52.243443] [INFO] Request processed successfully
[2025-11-05T23:20:52.243542] [DEBUG] Buffer size: 4096 bytes
[2025-11-05T23:20:52.243517] [DEBUG] Cache key generated
[2025-11-05T23:20:52.243492] [INFO] Service initialized
[2025-11-05T23:20:52.243526] [DEBUG] Cache key generated
[2025-11-05T23:20:52.243479] [INFO] Transaction completed
[2025-11-05T23:20:52.243414] [INFO] Transaction completed
[2025-11-05T23:20:52.243522] [DEBUG] HTTP request headers parsed
[2025-11-05T23:20:52.243534] [DEBUG] Entering function process_data()
[2025-11-05T23:20:52.243550] [DEBUG] Memory allocation: 2048 bytes
[2025-11-05T23:20:52.243512] [ERROR] Request failed
[2025-11-05T23:20:52.243507] [ERROR] Memory allocation error
[2025-11-05T23:20:52.243458] [INFO] Configuration loaded
[2025-11-05T23:20:52.243538] [DEBUG] Cache key generated
[2025-11-05T23:20:52.243471] [INFO] Service initialized
[2025-11-05T23:20:52.243484] [INFO] Cache hit
