[2025-11-05T23:20:18.193860] [INFO] Service initialized
[2025-11-05T23:20:18.194526] [WARN] Disk space low
[2025-11-05T23:20:18.193893] [INFO] Session started
[2025-11-05T23:20:18.194580] [DEBUG] HTTP request headers parsed
[2025-11-05T23:20:18.194521] [WARN] Cache miss
[2025-11-05T23:20:18.193897] [INFO] Service initialized
[2025-11-05T23:20:18.194550] [DEBUG] Buffer size: 4096 bytes
[2025-11-05T23:20:18.193902] [INFO] User logged in
[2025-11-05T23:20:18.194555] [DEBUG] HTTP request headers parsed
[2025-11-05T23:20:18.193888] [INFO] Health check passed
[2025-11-05T23:20:18.193843] [INFO] Database query executed
[2025-11-05T23:20:18.193869] [INFO] Database query executed
[2025-11-05T23:20:18.194575] [DEBUG] HTTP request headers parsed
[2025-11-05T23:20:18.194544] [DEBUG] Connection pool status checked
[2025-11-05T23:20:18.194515] [WARN] Disk space low
[2025-11-05T23:20:18.194566] [DEBUG] Variable value: x=42
[2025-11-05T23:20:18.193919] [WARN] Deprecated API usage
[2025-11-05T23:20:18.193814] [INFO] Transaction completed
[2025-11-05T23:20:18.193907] [INFO] Health check passed
[2025-11-05T23:20:18.193850] [INFO] Request processed successfully
[2025-11-05T23:20:18.193879] [INFO] Health check passed
[2025-11-05T23:20:18.194571] [DEBUG] Connection pool status checked
[2025-11-05T23:20:18.194499] [WARN] Cache miss
[2025-11-05T23:20:18.193855] [INFO] Configuration loaded
[2025-11-05T23:20:18.193913] [WARN] Rate limit approaching
[2025-11-05T23:20:18.193874] [INFO] User logged in
[2025-11-05T23:20:18.194537] [ERROR] Database connection lost
[2025-11-05T23:20:18.193925] [WARN] Slow query performance
[2025-11-05T23:20:18.193884] [INFO] User logged in
[2025-11-05T23:20:18.193865] [INFO] User logged in
[2025-11-05T23:20:18.194561] [DEBUG] Variable value: x=42
