[2025-11-05T23:20:39.377388] [WARN] Cache miss
[2025-11-05T23:20:39.377435] [DEBUG] Connection pool status checked
[2025-11-05T23:20:39.377298] [INFO] Service initialized
[2025-11-05T23:20:39.377383] [WARN] Queue size growing
[2025-11-05T23:20:39.377367] [INFO] Session started
[2025-11-05T23:20:39.377340] [INFO] Service initialized
[2025-11-05T23:20:39.377423] [DEBUG] Loop iteration: 15
[2025-11-05T23:20:39.377348] [INFO] Database query executed
[2025-11-05T23:20:39.377414] [DEBUG] Entering function process_data()
[2025-11-05T23:20:39.377359] [INFO] Database query executed
[2025-11-05T23:20:39.377327] [INFO] Database query executed
[2025-11-05T23:20:39.377374] [INFO] Service initialized
[2025-11-05T23:20:39.377355] [INFO] Service initialized
[2025-11-05T23:20:39.377379] [WARN] Timeout warning
[2025-11-05T23:20:39.377335] [INFO] Health check passed
[2025-11-05T23:20:39.377418] [DEBUG] Entering function process_data()
[2025-11-05T23:20:39.377410] [DEBUG] Connection pool status checked
[2025-11-05T23:20:39.377351] [INFO] Transaction completed
[2025-11-05T23:20:39.377370] [INFO] Service initialized
[2025-11-05T23:20:39.377322] [INFO] Transaction completed
[2025-11-05T23:20:39.377344] [INFO] Health check passed
[2025-11-05T23:20:39.377402] [DEBUG] Timer set: 30 seconds
[2025-11-05T23:20:39.377363] [INFO] Cache hit
[2025-11-05T23:20:39.377392] [WARN] Resource threshold approaching
[2025-11-05T23:20:39.377397] [ERROR] File not found
[2025-11-05T23:20:39.377431] [DEBUG] Timer set: 30 seconds
[2025-11-05T23:20:39.377406] [DEBUG] Entering function process_data()
[2025-11-05T23:20:39.377427] [DEBUG] Buffer size: 4096 bytes
[2025-11-05T23:20:39.377331] [INFO] User logged in
