[2025-11-05T23:20:48.759797] [INFO] Service initialized
[2025-11-05T23:20:48.759840] [ERROR] Authentication failed
[2025-11-05T23:20:48.759849] [DEBUG] Thread pool size: 8
[2025-11-05T23:20:48.759774] [INFO] Database query executed
[2025-11-05T23:20:48.759827] [WARN] Timeout warning
[2025-11-05T23:20:48.759864] [DEBUG] Cache key generated
[2025-11-05T23:20:48.759853] [DEBUG] Memory allocation: 2048 bytes
[2025-11-05T23:20:48.759808] [INFO] Request processed successfully
[2025-11-05T23:20:48.759856] [DEBUG] Entering function process_data()
[2025-11-05T23:20:48.759794] [INFO] Session started
[2025-11-05T23:20:48.759832] [WARN] Queue size growing
[2025-11-05T23:20:48.759872] [DEBUG] Thread pool size: 8
[2025-11-05T23:20:48.759782] [INFO] Service initialized
[2025-11-05T23:20:48.759804] [INFO] Health check passed
[2025-11-05T23:20:48.759820] [WARN] Resource threshold approaching
[2025-11-05T23:20:48.759845] [DEBUG] Loop iteration: 15
[2025-11-05T23:20:48.759744] [INFO] Database query executed
[2025-11-05T23:20:48.759778] [INFO] User logged in
[2025-11-05T23:20:48.759769] [INFO] Connection established
[2025-11-05T23:20:48.759801] [INFO] Connection established
[2025-11-05T23:20:48.759811] [INFO] Session started
[2025-11-05T23:20:48.759824] [WARN] High memory usage detected
[2025-11-05T23:20:48.759836] [ERROR] Permission denied
[2025-11-05T23:20:48.759790] [INFO] User logged in
[2025-11-05T23:20:48.759786] [INFO] Configuration loaded
[2025-11-05T23:20:48.759876] [DEBUG] Connection pool status checked
[2025-11-05T23:20:48.759860] [DEBUG] Cache key generated
[2025-11-05T23:20:48.759815] [INFO] User logged in
[2025-11-05T23:20:48.759868] [DEBUG] Connection pool status checked
