[2025-11-05T23:20:28.515994] [INFO] Database query executed
[2025-11-05T23:20:28.515942] [INFO] Configuration loaded
[2025-11-05T23:20:28.516011] [INFO] Transaction completed
[2025-11-05T23:20:28.516051] [ERROR] Invalid input data
[2025-11-05T23:20:28.516092] [DEBUG] Memory allocation: 2048 bytes
[2025-11-05T23:20:28.516058] [ERROR] File not found
[2025-11-05T23:20:28.516065] [DEBUG] Memory allocation: 2048 bytes
[2025-11-05T23:20:28.516016] [INFO] Connection established
[2025-11-05T23:20:28.516102] [DEBUG] Cache key generated
[2025-11-05T23:20:28.516005] [INFO] Configuration loaded
[2025-11-05T23:20:28.516098] [DEBUG] Timer set: 30 seconds
[2025-11-05T23:20:28.515973] [INFO] Health check passed
[2025-11-05T23:20:28.515989] [INFO] Configuration loaded
[2025-11-05T23:20:28.515949] [INFO] Request processed successfully
[2025-11-05T23:20:28.516071] [DEBUG] Timer set: 30 seconds
[2025-11-05T23:20:28.515956] [INFO] User logged in
[2025-11-05T23:20:28.516033] [WARN] Rate limit approaching
[2025-11-05T23:20:28.516107] [DEBUG] Timer set: 30 seconds
[2025-11-05T23:20:28.515967] [INFO] Database query executed
[2025-11-05T23:20:28.516087] [DEBUG] Cache key generated
[2025-11-05T23:20:28.515978] [INFO] Health check passed
[2025-11-05T23:20:28.516076] [DEBUG] Entering function process_data()
[2025-11-05T23:20:28.515962] [INFO] Transaction completed
[2025-11-05T23:20:28.516020] [INFO] Health check passed
[2025-11-05T23:20:28.515918] [INFO] Request processed successfully
[2025-11-05T23:20:28.516045] [WARN] Queue size growing
[2025-11-05T23:20:28.516082] [DEBUG] Loop iteration: 15
[2025-11-05T23:20:28.515984] [INFO] Cache hit
[2025-11-05T23:20:28.516000] [INFO] Connection established
[2025-11-05T23:20:28.516027] [WARN] Resource threshold approaching
[2025-11-05T23:20:28.516039] [WARN] Disk space low
