[2025-11-05T23:20:21.436218] [INFO] Database query executed
[2025-11-05T23:20:21.436273] [DEBUG] Variable value: x=42
[2025-11-05T23:20:21.436257] [WARN] Cache miss
[2025-11-05T23:20:21.436278] [DEBUG] Memory allocation: 2048 bytes
[2025-11-05T23:20:21.436222] [INFO] Database query executed
[2025-11-05T23:20:21.436249] [WARN] Timeout warning
[2025-11-05T23:20:21.436240] [WARN] Rate limit approaching
[2025-11-05T23:20:21.436245] [WARN] Resource threshold approaching
[2025-11-05T23:20:21.440024] [DEBUG] Connection pool status checked
[2025-11-05T23:20:21.436234] [INFO] Health check passed
[2025-11-05T23:20:21.436282] [DEBUG] Variable value: x=42
[2025-11-05T23:20:21.436268] [ERROR] Permission denied
[2025-11-05T23:20:21.436263] [ERROR] Invalid input data
[2025-11-05T23:20:21.436294] [DEBUG] Connection pool status checked
[2025-11-05T23:20:21.436299] [DEBUG] Timer set: 30 seconds
[2025-11-05T23:20:21.436226] [INFO] Session started
[2025-11-05T23:20:21.436202] [INFO] User logged in
[2025-11-05T23:20:21.436213] [INFO] Request processed successfully
[2025-11-05T23:20:21.436192] [INFO] Configuration loaded
[2025-11-05T23:20:21.439910] [DEBUG] Buffer size: 4096 bytes
[2025-11-05T23:20:21.436290] [DEBUG] Timer set: 30 seconds
[2025-11-05T23:20:21.436286] [DEBUG] Cache key generated
[2025-11-05T23:20:21.436165] [INFO] Request processed successfully
[2025-11-05T23:20:21.436208] [INFO] Service initialized
[2025-11-05T23:20:21.436198] [INFO] User logged in
[2025-11-05T23:20:21.436253] [WARN] Deprecated API usage
[2025-11-05T23:20:21.436230] [INFO] Service initialized
