[2025-11-05T23:20:41.876729] [INFO] Request processed successfully
[2025-11-05T23:20:41.876799] [WARN] Timeout warning
[2025-11-05T23:20:41.876807] [WARN] Timeout warning
[2025-11-05T23:20:41.876739] [INFO] Transaction completed
[2025-11-05T23:20:41.876756] [INFO] Cache hit
[2025-11-05T23:20:41.876834] [DEBUG] HTTP request headers parsed
[2025-11-05T23:20:41.876817] [ERROR] Authentication failed
[2025-11-05T23:20:41.876760] [INFO] User logged in
[2025-11-05T23:20:41.876704] [INFO] Health check passed
[2025-11-05T23:20:41.876822] [DEBUG] Variable value: x=42
[2025-11-05T23:20:41.876842] [DEBUG] Timer set: 30 seconds
[2025-11-05T23:20:41.876854] [DEBUG] Cache key generated
[2025-11-05T23:20:41.876752] [INFO] Service initialized
[2025-11-05T23:20:41.876735] [INFO] Service initialized
[2025-11-05T23:20:41.876803] [WARN] Resource threshold approaching
[2025-11-05T23:20:41.876812] [ERROR] Database connection lost
[2025-11-05T23:20:41.876768] [INFO] Service initialized
[2025-11-05T23:20:41.876826] [DEBUG] HTTP request headers parsed
[2025-11-05T23:20:41.876793] [WARN] Connection retry attempt
[2025-11-05T23:20:41.876788] [INFO] Health check passed
[2025-11-05T23:20:41.876830] [DEBUG] HTTP request headers parsed
[2025-11-05T23:20:41.876846] [DEBUG] Cache key generated
[2025-11-05T23:20:41.876743] [INFO] Health check passed
[2025-11-05T23:20:41.876781] [INFO] Connection established
[2025-11-05T23:20:41.876748] [INFO] Database query executed
[2025-11-05T23:20:41.876764] [INFO] Database query executed
[2025-11-05T23:20:41.876838] [DEBUG] Thread pool size: 8
[2025-11-05T23:20:41.876850] [DEBUG] Thread pool size: 8
[2025-11-05T23:20:41.876772] [INFO] Connection established
[2025-11-05T23:20:41.876777] [INFO] Request processed successfully
[2025-11-05T23:20:41.876784] [INFO] Connection established
