[2025-11-05T23:20:40.785810] [ERROR] Invalid input data
[2025-11-05T23:20:40.785797] [WARN] Slow query performance
[2025-11-05T23:20:40.785853] [DEBUG] HTTP request headers parsed
[2025-11-05T23:20:40.785815] [ERROR] Permission denied
[2025-11-05T23:20:40.785845] [DEBUG] Timer set: 30 seconds
[2025-11-05T23:20:40.785787] [WARN] High memory usage detected
[2025-11-05T23:20:40.785829] [DEBUG] Entering function process_data()
[2025-11-05T23:20:40.785801] [WARN] Deprecated API usage
[2025-11-05T23:20:40.785805] [WARN] Deprecated API usage
[2025-11-05T23:20:40.785749] [INFO] Session started
[2025-11-05T23:20:40.785731] [INFO] User logged in
[2025-11-05T23:20:40.785758] [INFO] Database query executed
[2025-11-05T23:20:40.785820] [DEBUG] Entering function process_data()
[2025-11-05T23:20:40.785841] [DEBUG] Variable value: x=42
[2025-11-05T23:20:40.785778] [INFO] Cache hit
[2025-11-05T23:20:40.785766] [INFO] Health check passed
[2025-11-05T23:20:40.785825] [DEBUG] Buffer size: 4096 bytes
[2025-11-05T23:20:40.785793] [WARN] Deprecated API usage
[2025-11-05T23:20:40.785837] [DEBUG] Entering function process_data()
[2025-11-05T23:20:40.785726] [INFO] User logged in
[2025-11-05T23:20:40.785745] [INFO] Request processed successfully
[2025-11-05T23:20:40.785770] [INFO] Session started
[2025-11-05T23:20:40.785849] [DEBUG] Loop iteration: 15
[2025-11-05T23:20:40.785754] [INFO] Cache hit
[2025-11-05T23:20:40.785774] [INFO] Session started
[2025-11-05T23:20:40.785833] [DEBUG] HTTP request headers parsed
[2025-11-05T23:20:40.785721] [INFO] Health check passed
[2025-11-05T23:20:40.785857] [DEBUG] Memory allocation: 2048 bytes
[2025-11-05T23:20:40.785694] [INFO] Service initialized
[2025-11-05T23:20:40.785740] [INFO] Service initialized
[2025-11-05T23:20:40.785782] [INFO] User logged in
[2025-11-05T23:20:40.785762] [INFO] Service initialized
[2025-11-05T23:20:40.785735] [INFO] Session started
