[2025-11-05T23:20:24.684854] [INFO] Request processed successfully
[2025-11-05T23:20:24.684873] [INFO] Connection established
[2025-11-05T23:20:24.684911] [DEBUG] Loop iteration: 15
[2025-11-05T23:20:24.684933] [DEBUG] Thread pool size: 8
[2025-11-05T23:20:24.684825] [INFO] Session started
[2025-11-05T23:20:24.684879] [WARN] Connection retry attempt
[2025-11-05T23:20:24.684925] [DEBUG] Thread pool size: 8
[2025-11-05T23:20:24.684850] [INFO] Session started
[2025-11-05T23:20:24.684834] [INFO] Health check passed
[2025-11-05T23:20:24.684784] [INFO] Request processed successfully
[2025-11-05T23:20:24.684894] [WARN] Connection retry attempt
[2025-11-05T23:20:24.684863] [INFO] Configuration loaded
[2025-11-05T23:20:24.684929] [DEBUG] Thread pool size: 8
[2025-11-05T23:20:24.684809] [INFO] User logged in
[2025-11-05T23:20:24.684846] [INFO] Session started
[2025-11-05T23:20:24.684858] [INFO] Database query executed
[2025-11-05T23:20:24.684900] [WARN] Cache miss
[2025-11-05T23:20:24.684921] [DEBUG] Entering function process_data()
[2025-11-05T23:20:24.684842] [INFO] Health check passed
[2025-11-05T23:20:24.684885] [WARN] Slow query performance
[2025-11-05T23:20:24.684890] [WARN] Resource threshold approaching
[2025-11-05T23:20:24.684938] [DEBUG] HTTP request headers parsed
[2025-11-05T23:20:24.684906] [ERROR] Memory allocation error
[2025-11-05T23:20:24.684829] [INFO] Health check passed
[2025-11-05T23:20:24.684917] [DEBUG] Timer set: 30 seconds
[2025-11-05T23:20:24.684869] [INFO] Service initialized
[2025-11-05T23:20:24.684815] [INFO] Transaction completed
[2025-11-05T23:20:24.684838] [INFO] Database query executed
[2025-11-05T23:20:24.684820] [INFO] Session started
