[2025-11-05T23:20:52.319271] [INFO] Health check passed
[2025-11-05T23:20:52.319335] [WARN] Deprecated API usage
[2025-11-05T23:20:52.319282] [INFO] Transaction completed
[2025-11-05T23:20:52.319373] [DEBUG] Loop iteration: 15
[2025-11-05T23:20:52.319286] [INFO] Transaction completed
[2025-11-05T23:20:52.319394] [DEBUG] Timer set: 30 seconds
[2025-11-05T23:20:52.319291] [INFO] Transaction completed
[2025-11-05T23:20:52.319339] [WARN] Disk space low
[2025-11-05T23:20:52.319349] [WARN] Timeout warning
[2025-11-05T23:20:52.319383] [DEBUG] Cache key generated
[2025-11-05T23:20:52.319417] [DEBUG] Timer set: 30 seconds
[2025-11-05T23:20:52.319244] [INFO] Service initialized
[2025-11-05T23:20:52.319399] [DEBUG] Timer set: 30 seconds
[2025-11-05T23:20:52.319306] [INFO] Connection established
[2025-11-05T23:20:52.319408] [DEBUG] Buffer size: 4096 bytes
[2025-11-05T23:20:52.319421] [DEBUG] Connection pool status checked
[2025-11-05T23:20:52.319296] [INFO] Configuration loaded
[2025-11-05T23:20:52.319301] [INFO] Service initialized
[2025-11-05T23:20:52.319388] [DEBUG] Timer set: 30 seconds
[2025-11-05T23:20:52.319316] [INFO] Database query executed
[2025-11-05T23:20:52.319368] [DEBUG] Buffer size: 4096 bytes
[2025-11-05T23:20:52.319325] [INFO] Configuration loaded
[2025-11-05T23:20:52.319404] [DEBUG] Thread pool size: 8
[2025-11-05T23:20:52.319378] [DEBUG] Entering function process_data()
[2025-11-05T23:20:52.319344] [WARN] High memory usage detected
[2025-11-05T23:20:52.319412] [DEBUG] Loop iteration: 15
[2025-11-05T23:20:52.319311] [INFO] User logged in
[2025-11-05T23:20:52.319320] [INFO] Session started
[2025-11-05T23:20:52.319277] [INFO] Service initialized
[2025-11-05T23:20:52.319329] [INFO] Health check passed
[2025-11-05T23:20:52.319362] [ERROR] Disk read failed
[2025-11-05T23:20:52.319357] [ERROR] Disk read failed
