[2025-11-05T23:20:11.638913] [INFO] Request processed successfully
[2025-11-05T23:20:11.638907] [INFO] Service initialized
[2025-11-05T23:20:11.638887] [INFO] Configuration loaded
[2025-11-05T23:20:11.638930] [WARN] Timeout warning
[2025-11-05T23:20:11.638904] [INFO] Database query executed
[2025-11-05T23:20:11.638934] [ERROR] Authentication failed
[2025-11-05T23:20:11.638959] [DEBUG] Thread pool size: 8
[2025-11-05T23:20:11.638922] [WARN] Disk space low
[2025-11-05T23:20:11.638944] [DEBUG] HTTP request headers parsed
[2025-11-05T23:20:11.638962] [DEBUG] Cache key generated
[2025-11-05T23:20:11.638869] [INFO] Health check passed
[2025-11-05T23:20:11.638880] [INFO] Transaction completed
[2025-11-05T23:20:11.638918] [WARN] Slow query performance
[2025-11-05T23:20:11.638844] [INFO] Service initialized
[2025-11-05T23:20:11.638952] [DEBUG] Variable value: x=42
[2025-11-05T23:20:11.638897] [INFO] Session started
[2025-11-05T23:20:11.638968] [DEBUG] Memory allocation: 2048 bytes
[2025-11-05T23:20:11.638910] [INFO] Connection established
[2025-11-05T23:20:11.638926] [WARN] Deprecated API usage
[2025-11-05T23:20:11.638890] [INFO] Health check passed
[2025-11-05T23:20:11.638884] [INFO] Database query executed
[2025-11-05T23:20:11.638955] [DEBUG] Thread pool size: 8
[2025-11-05T23:20:11.638874] [INFO] Configuration loaded
[2025-11-05T23:20:11.638939] [DEBUG] Memory allocation: 2048 bytes
[2025-11-05T23:20:11.638893] [INFO] Session started
[2025-11-05T23:20:11.638965] [DEBUG] Thread pool size: 8
[2025-11-05T23:20:11.638877] [INFO] Health check passed
[2025-11-05T23:20:11.638900] [INFO] Request processed successfully
[2025-11-05T23:20:11.638948] [DEBUG] Connection pool status checked
