[2025-11-05T23:20:21.574959] [WARN] Queue size growing
[2025-11-05T23:20:21.575025] [DEBUG] Connection pool status checked
[2025-11-05T23:20:21.574996] [DEBUG] Entering function process_data()
[2025-11-05T23:20:21.575030] [DEBUG] Entering function process_data()
[2025-11-05T23:20:21.574974] [WARN] Connection retry attempt
[2025-11-05T23:20:21.574912] [INFO] Transaction completed
[2025-11-05T23:20:21.574943] [INFO] Database query executed
[2025-11-05T23:20:21.574892] [INFO] Health check passed
[2025-11-05T23:20:21.574964] [WARN] Cache miss
[2025-11-05T23:20:21.575013] [DEBUG] Connection pool status checked
[2025-11-05T23:20:21.575000] [DEBUG] Connection pool status checked
[2025-11-05T23:20:21.574916] [INFO] Transaction completed
[2025-11-05T23:20:21.574938] [INFO] Service initialized
[2025-11-05T23:20:21.575021] [DEBUG] Loop iteration: 15
[2025-11-05T23:20:21.574897] [INFO] Configuration loaded
[2025-11-05T23:20:21.574860] [INFO] User logged in
[2025-11-05T23:20:21.574970] [WARN] High memory usage detected
[2025-11-05T23:20:21.574984] [ERROR] Memory allocation error
[2025-11-05T23:20:21.574921] [INFO] User logged in
[2025-11-05T23:20:21.575005] [DEBUG] HTTP request headers parsed
[2025-11-05T23:20:21.574948] [INFO] Configuration loaded
[2025-11-05T23:20:21.574907] [INFO] User logged in
[2025-11-05T23:20:21.574979] [ERROR] Permission denied
[2025-11-05T23:20:21.574954] [WARN] High memory usage detected
[2025-11-05T23:20:21.574930] [INFO] Cache hit
[2025-11-05T23:20:21.575009] [DEBUG] Cache key generated
[2025-11-05T23:20:21.574885] [INFO] Session started
[2025-11-05T23:20:21.574934] [INFO] User logged in
[2025-11-05T23:20:21.574925] [INFO] Connection established
[2025-11-05T23:20:21.575017] [DEBUG] Entering function process_data()
[2025-11-05T23:20:21.574990] [DEBUG] Loop iteration: 15
[2025-11-05T23:20:21.574902] [INFO] Cache hit
