[2025-11-05T23:20:32.809963] [ERROR] Database connection lost
[2025-11-05T23:20:32.809991] [DEBUG] Memory allocation: 2048 bytes
[2025-11-05T23:20:32.809915] [INFO] Request processed successfully
[2025-11-05T23:20:32.809906] [INFO] Service initialized
[2025-11-05T23:20:32.809902] [INFO] Request processed successfully
[2025-11-05T23:20:32.809928] [INFO] Cache hit
[2025-11-05T23:20:32.809878] [INFO] Transaction completed
[2025-11-05T23:20:32.809932] [INFO] Transaction completed
[2025-11-05T23:20:32.809942] [WARN] Disk space low
[2025-11-05T23:20:32.810000] [DEBUG] Timer set: 30 seconds
[2025-11-05T23:20:32.809883] [INFO] Transaction completed
[2025-11-05T23:20:32.809947] [WARN] Connection retry attempt
[2025-11-05T23:20:32.809936] [INFO] Transaction completed
[2025-11-05T23:20:32.809958] [ERROR] Memory allocation error
[2025-11-05T23:20:32.809987] [DEBUG] Buffer size: 4096 bytes
[2025-11-05T23:20:32.809919] [INFO] Cache hit
[2025-11-05T23:20:32.809972] [DEBUG] Buffer size: 4096 bytes
[2025-11-05T23:20:32.809996] [DEBUG] Loop iteration: 15
[2025-11-05T23:20:32.809893] [INFO] Transaction completed
[2025-11-05T23:20:32.810005] [DEBUG] Connection pool status checked
[2025-11-05T23:20:32.810010] [DEBUG] Connection pool status checked
[2025-11-05T23:20:32.809872] [INFO] Cache hit
[2025-11-05T23:20:32.809952] [WARN] Connection retry attempt
[2025-11-05T23:20:32.809847] [INFO] User logged in
[2025-11-05T23:20:32.809911] [INFO] Transaction completed
[2025-11-05T23:20:32.809982] [DEBUG] Cache key generated
[2025-11-05T23:20:32.809977] [DEBUG] Cache key generated
[2025-11-05T23:20:32.809923] [INFO] Session started
[2025-11-05T23:20:32.809967] [ERROR] Database connection lost
[2025-11-05T23:20:32.809887] [INFO] Cache hit
[2025-11-05T23:20:32.809898] [INFO] Request processed successfully
