[2025-11-05T23:20:44.247514] [ERROR] Invalid input data
[2025-11-05T23:20:44.247493] [WARN] Cache miss
[2025-11-05T23:20:44.247468] [INFO] Transaction completed
[2025-11-05T23:20:44.247532] [DEBUG] Cache key generated
[2025-11-05T23:20:44.247413] [INFO] Configuration loaded
[2025-11-05T23:20:44.247486] [INFO] Health check passed
[2025-11-05T23:20:44.247464] [INFO] Configuration loaded
[2025-11-05T23:20:44.247459] [INFO] Configuration loaded
[2025-11-05T23:20:44.247520] [ERROR] Invalid input data
[2025-11-05T23:20:44.247504] [WARN] High memory usage detected
[2025-11-05T23:20:44.247537] [DEBUG] Memory allocation: 2048 bytes
[2025-11-05T23:20:44.247541] [DEBUG] Connection pool status checked
[2025-11-05T23:20:44.247550] [DEBUG] Timer set: 30 seconds
[2025-11-05T23:20:44.247450] [INFO] Request processed successfully
[2025-11-05T23:20:44.247455] [INFO] Configuration loaded
[2025-11-05T23:20:44.247445] [INFO] User logged in
[2025-11-05T23:20:44.247472] [INFO] Connection established
[2025-11-05T23:20:44.247482] [INFO] Request processed successfully
[2025-11-05T23:20:44.247562] [DEBUG] Variable value: x=42
[2025-11-05T23:20:44.247558] [DEBUG] Connection pool status checked
[2025-11-05T23:20:44.247477] [INFO] Transaction completed
[2025-11-05T23:20:44.247508] [WARN] Timeout warning
[2025-11-05T23:20:44.247554] [DEBUG] Entering function process_data()
[2025-11-05T23:20:44.247526] [DEBUG] Thread pool size: 8
[2025-11-05T23:20:44.247546] [DEBUG] Timer set: 30 seconds
[2025-11-05T23:20:44.247498] [WARN] Resource threshold approaching
[2025-11-05T23:20:44.247439] [INFO] Health check passed
