[2025-11-05T23:20:45.116065] [INFO] Request processed successfully
[2025-11-05T23:20:45.116155] [DEBUG] Thread pool size: 8
[2025-11-05T23:20:45.116105] [INFO] Session started
[2025-11-05T23:20:45.116163] [DEBUG] Buffer size: 4096 bytes
[2025-11-05T23:20:45.116168] [DEBUG] Variable value: x=42
[2025-11-05T23:20:45.116130] [WARN] Disk space low
[2025-11-05T23:20:45.116159] [DEBUG] Thread pool size: 8
[2025-11-05T23:20:45.116121] [WARN] Disk space low
[2025-11-05T23:20:45.116110] [INFO] Request processed successfully
[2025-11-05T23:20:45.116150] [DEBUG] Cache key generated
[2025-11-05T23:20:45.116083] [INFO] Cache hit
[2025-11-05T23:20:45.116173] [DEBUG] Cache key generated
[2025-11-05T23:20:45.116116] [WARN] Deprecated API usage
[2025-11-05T23:20:45.116182] [DEBUG] Buffer size: 4096 bytes
[2025-11-05T23:20:45.116096] [INFO] Session started
[2025-11-05T23:20:45.116177] [DEBUG] Buffer size: 4096 bytes
[2025-11-05T23:20:45.116059] [INFO] Connection established
[2025-11-05T23:20:45.116101] [INFO] Database query executed
[2025-11-05T23:20:45.116078] [INFO] Transaction completed
[2025-11-05T23:20:45.116125] [WARN] Timeout warning
[2025-11-05T23:20:45.116053] [INFO] Service initialized
[2025-11-05T23:20:45.116092] [INFO] Transaction completed
[2025-11-05T23:20:45.116140] [ERROR] File not found
[2025-11-05T23:20:45.116146] [DEBUG] Buffer size: 4096 bytes
[2025-11-05T23:20:45.116027] [INFO] User logged in
[2025-11-05T23:20:45.116088] [INFO] Request processed successfully
[2025-11-05T23:20:45.116069] [INFO] Connection established
[2025-11-05T23:20:45.116136] [ERROR] Memory allocation error
[2025-11-05T23:20:45.116074] [INFO] Request processed successfully
