[2025-11-05T23:20:26.207181] [WARN] Rate limit approaching
[2025-11-05T23:20:26.207106] [INFO] Database query executed
[2025-11-05T23:20:26.207207] [DEBUG] Memory allocation: 2048 bytes
[2025-11-05T23:20:26.207229] [DEBUG] Variable value: x=42
[2025-11-05T23:20:26.207155] [INFO] Service initialized
[2025-11-05T23:20:26.207167] [INFO] Database query executed
[2025-11-05T23:20:26.207199] [ERROR] Permission denied
[2025-11-05T23:20:26.207130] [INFO] Request processed successfully
[2025-11-05T23:20:26.207136] [INFO] Connection established
[2025-11-05T23:20:26.207144] [INFO] Session started
[2025-11-05T23:20:26.207192] [WARN] Slow query performance
[2025-11-05T23:20:26.207221] [DEBUG] Loop iteration: 15
[2025-11-05T23:20:26.207214] [DEBUG] Connection pool status checked
[2025-11-05T23:20:26.207174] [INFO] Cache hit
[2025-11-05T23:20:26.207203] [ERROR] Network timeout
[2025-11-05T23:20:26.207188] [WARN] Rate limit approaching
[2025-11-05T23:20:26.207233] [DEBUG] Loop iteration: 15
[2025-11-05T23:20:26.207140] [INFO] Cache hit
[2025-11-05T23:20:26.207185] [WARN] Slow query performance
[2025-11-05T23:20:26.207217] [DEBUG] Memory allocation: 2048 bytes
[2025-11-05T23:20:26.207148] [INFO] Cache hit
[2025-11-05T23:20:26.207225] [DEBUG] Cache key generated
[2025-11-05T23:20:26.207236] [DEBUG] Cache key generated
[2025-11-05T23:20:26.207171] [INFO] Connection established
[2025-11-05T23:20:26.207177] [INFO] Request processed successfully
[2025-11-05T23:20:26.207195] [WARN] Resource threshold approaching
[2025-11-05T23:20:26.207210] [DEBUG] Buffer size: 4096 bytes
[2025-11-05T23:20:26.207152] [INFO] Cache hit
[2025-11-05T23:20:26.207163] [INFO] User logged in
[2025-11-05T23:20:26.207158] [INFO] User logged in
