[2025-11-05T23:20:22.550813] [DEBUG] HTTP request headers parsed
[2025-11-05T23:20:22.550721] [INFO] Database query executed
[2025-11-05T23:20:22.550799] [ERROR] Authentication failed
[2025-11-05T23:20:22.550804] [DEBUG] Cache key generated
[2025-11-05T23:20:22.550774] [WARN] Disk space low
[2025-11-05T23:20:22.550712] [INFO] Transaction completed
[2025-11-05T23:20:22.550730] [INFO] Request processed successfully
[2025-11-05T23:20:22.550789] [ERROR] Authentication failed
[2025-11-05T23:20:22.550747] [INFO] Request processed successfully
[2025-11-05T23:20:22.550701] [INFO] Health check passed
[2025-11-05T23:20:22.550739] [INFO] Request processed successfully
[2025-11-05T23:20:22.550763] [INFO] Service initialized
[2025-11-05T23:20:22.550726] [INFO] Service initialized
[2025-11-05T23:20:22.550818] [DEBUG] HTTP request headers parsed
[2025-11-05T23:20:22.550822] [DEBUG] Thread pool size: 8
[2025-11-05T23:20:22.550830] [DEBUG] Buffer size: 4096 bytes
[2025-11-05T23:20:22.550768] [WARN] Cache miss
[2025-11-05T23:20:22.550755] [INFO] Configuration loaded
[2025-11-05T23:20:22.550751] [INFO] Session started
[2025-11-05T23:20:22.550716] [INFO] User logged in
[2025-11-05T23:20:22.550783] [WARN] Timeout warning
[2025-11-05T23:20:22.550734] [INFO] Health check passed
[2025-11-05T23:20:22.550826] [DEBUG] HTTP request headers parsed
[2025-11-05T23:20:22.550743] [INFO] Database query executed
[2025-11-05T23:20:22.550759] [INFO] Transaction completed
[2025-11-05T23:20:22.550706] [INFO] Service initialized
[2025-11-05T23:20:22.550835] [DEBUG] Cache key generated
[2025-11-05T23:20:22.550809] [DEBUG] Cache key generated
[2025-11-05T23:20:22.550778] [WARN] High memory usage detected
[2025-11-05T23:20:22.550673] [INFO] Connection established
[2025-11-05T23:20:22.550794] [ERROR] Permission denied
