[2025-11-05T23:20:44.895365] [DEBUG] Cache key generated
[2025-11-05T23:20:44.895258] [INFO] Health check passed
[2025-11-05T23:20:44.895319] [INFO] Health check passed
[2025-11-05T23:20:44.895315] [INFO] Transaction completed
[2025-11-05T23:20:44.895302] [INFO] Configuration loaded
[2025-11-05T23:20:44.895383] [DEBUG] Cache key generated
[2025-11-05T23:20:44.895360] [DEBUG] HTTP request headers parsed
[2025-11-05T23:20:44.895378] [DEBUG] Buffer size: 4096 bytes
[2025-11-05T23:20:44.895293] [INFO] Transaction completed
[2025-11-05T23:20:44.895279] [INFO] Cache hit
[2025-11-05T23:20:44.895297] [INFO] User logged in
[2025-11-05T23:20:44.895355] [DEBUG] Loop iteration: 15
[2025-11-05T23:20:44.895274] [INFO] Transaction completed
[2025-11-05T23:20:44.895350] [DEBUG] Variable value: x=42
[2025-11-05T23:20:44.895233] [INFO] Configuration loaded
[2025-11-05T23:20:44.895373] [DEBUG] Buffer size: 4096 bytes
[2025-11-05T23:20:44.895264] [INFO] Transaction completed
[2025-11-05T23:20:44.895306] [INFO] Connection established
[2025-11-05T23:20:44.895269] [INFO] Session started
[2025-11-05T23:20:44.895337] [ERROR] Memory allocation error
[2025-11-05T23:20:44.895330] [WARN] Disk space low
[2025-11-05T23:20:44.895284] [INFO] Connection established
[2025-11-05T23:20:44.895387] [DEBUG] Thread pool size: 8
[2025-11-05T23:20:44.895324] [INFO] Request processed successfully
[2025-11-05T23:20:44.895369] [DEBUG] Connection pool status checked
[2025-11-05T23:20:44.895289] [INFO] Database query executed
[2025-11-05T23:20:44.895342] [ERROR] File not found
[2025-11-05T23:20:44.895311] [INFO] User logged in
