[2025-11-05T23:20:33.399414] [INFO] User logged in
[2025-11-05T23:20:33.399447] [INFO] Request processed successfully
[2025-11-05T23:20:33.399477] [WARN] Timeout warning
[2025-11-05T23:20:33.399452] [INFO] Service initialized
[2025-11-05T23:20:33.399438] [INFO] User logged in
[2025-11-05T23:20:33.399472] [WARN] Queue size growing
[2025-11-05T23:20:33.399502] [DEBUG] Buffer size: 4096 bytes
[2025-11-05T23:20:33.399394] [INFO] Transaction completed
[2025-11-05T23:20:33.399456] [INFO] Health check passed
[2025-11-05T23:20:33.399481] [WARN] Deprecated API usage
[2025-11-05T23:20:33.399487] [ERROR] Network timeout
[2025-11-05T23:20:33.399424] [INFO] Service initialized
[2025-11-05T23:20:33.399419] [INFO] Cache hit
[2025-11-05T23:20:33.399506] [DEBUG] Cache key generated
[2025-11-05T23:20:33.399433] [INFO] User logged in
[2025-11-05T23:20:33.399521] [DEBUG] HTTP request headers parsed
[2025-11-05T23:20:33.399525] [DEBUG] Memory allocation: 2048 bytes
[2025-11-05T23:20:33.399367] [INFO] Request processed successfully
[2025-11-05T23:20:33.399443] [INFO] User logged in
[2025-11-05T23:20:33.399491] [ERROR] Memory allocation error
[2025-11-05T23:20:33.399516] [DEBUG] Memory allocation: 2048 bytes
[2025-11-05T23:20:33.399465] [INFO] Cache hit
[2025-11-05T23:20:33.399428] [INFO] Database query executed
[2025-11-05T23:20:33.399511] [DEBUG] Connection pool status checked
[2025-11-05T23:20:33.399405] [INFO] Database query executed
[2025-11-05T23:20:33.399400] [INFO] Connection established
[2025-11-05T23:20:33.399409] [INFO] Database query executed
[2025-11-05T23:20:33.399496] [DEBUG] Buffer size: 4096 bytes
[2025-11-05T23:20:33.399461] [INFO] Cache hit
