[2025-11-05T23:20:25.577401] [DEBUG] Cache key generated
[2025-11-05T23:20:25.577381] [WARN] Rate limit approaching
[2025-11-05T23:20:25.577414] [DEBUG] Cache key generated
[2025-11-05T23:20:25.577321] [INFO] Connection established
[2025-11-05T23:20:25.577334] [INFO] Transaction completed
[2025-11-05T23:20:25.577316] [INFO] Health check passed
[2025-11-05T23:20:25.577342] [INFO] Session started
[2025-11-05T23:20:25.577363] [INFO] Transaction completed
[2025-11-05T23:20:25.577410] [DEBUG] Timer set: 30 seconds
[2025-11-05T23:20:25.577330] [INFO] User logged in
[2025-11-05T23:20:25.577338] [INFO] Request processed successfully
[2025-11-05T23:20:25.577386] [WARN] Deprecated API usage
[2025-11-05T23:20:25.577406] [DEBUG] Thread pool size: 8
[2025-11-05T23:20:25.577310] [INFO] Connection established
[2025-11-05T23:20:25.577351] [INFO] Service initialized
[2025-11-05T23:20:25.577367] [INFO] Transaction completed
[2025-11-05T23:20:25.577372] [WARN] Deprecated API usage
[2025-11-05T23:20:25.577427] [DEBUG] Loop iteration: 15
[2025-11-05T23:20:25.577359] [INFO] Connection established
[2025-11-05T23:20:25.577396] [ERROR] Invalid input data
[2025-11-05T23:20:25.577325] [INFO] Database query executed
[2025-11-05T23:20:25.577377] [WARN] Cache miss
[2025-11-05T23:20:25.577285] [INFO] Service initialized
[2025-11-05T23:20:25.577391] [ERROR] File not found
[2025-11-05T23:20:25.577355] [INFO] Database query executed
[2025-11-05T23:20:25.577346] [INFO] User logged in
[2025-11-05T23:20:25.577419] [DEBUG] Variable value: x=42
[2025-11-05T23:20:25.577423] [DEBUG] Loop iteration: 15
