[2025-11-05T23:20:52.699576] [DEBUG] Thread pool size: 8
[2025-11-05T23:20:52.699566] [ERROR] Database connection lost
[2025-11-05T23:20:52.699523] [INFO] Configuration loaded
[2025-11-05T23:20:52.699528] [INFO] Transaction completed
[2025-11-05T23:20:52.699536] [INFO] Cache hit
[2025-11-05T23:20:52.699547] [WARN] Resource threshold approaching
[2025-11-05T23:20:52.699510] [INFO] Transaction completed
[2025-11-05T23:20:52.699571] [ERROR] Service unavailable
[2025-11-05T23:20:52.699600] [DEBUG] Thread pool size: 8
[2025-11-05T23:20:52.699454] [INFO] Configuration loaded
[2025-11-05T23:20:52.699561] [ERROR] Permission denied
[2025-11-05T23:20:52.699532] [INFO] Configuration loaded
[2025-11-05T23:20:52.699556] [WARN] Cache miss
[2025-11-05T23:20:52.699551] [WARN] Cache miss
[2025-11-05T23:20:52.699492] [INFO] Connection established
[2025-11-05T23:20:52.699542] [WARN] Resource threshold approaching
[2025-11-05T23:20:52.699519] [INFO] User logged in
[2025-11-05T23:20:52.699591] [DEBUG] Cache key generated
[2025-11-05T23:20:52.699586] [DEBUG] Entering function process_data()
[2025-11-05T23:20:52.699596] [DEBUG] HTTP request headers parsed
[2025-11-05T23:20:52.699487] [INFO] Configuration loaded
[2025-11-05T23:20:52.699581] [DEBUG] Connection pool status checked
[2025-11-05T23:20:52.699477] [INFO] Connection established
[2025-11-05T23:20:52.699612] [DEBUG] Thread pool size: 8
[2025-11-05T23:20:52.699608] [DEBUG] HTTP request headers parsed
[2025-11-05T23:20:52.699506] [INFO] Configuration loaded
[2025-11-05T23:20:52.699482] [INFO] Health check passed
[2025-11-05T23:20:52.699501] [INFO] Session started
[2025-11-05T23:20:52.699604] [DEBUG] Timer set: 30 seconds
[2025-11-05T23:20:52.699514] [INFO] Configuration loaded
[2025-11-05T23:20:52.699497] [INFO] Service initialized
