[2025-11-05T23:20:31.332912] [INFO] Session started
[2025-11-05T23:20:31.332877] [INFO] Health check passed
[2025-11-05T23:20:31.332900] [INFO] Health check passed
[2025-11-05T23:20:31.332943] [ERROR] Database connection lost
[2025-11-05T23:20:31.332927] [WARN] Resource threshold approaching
[2025-11-05T23:20:31.332904] [INFO] User logged in
[2025-11-05T23:20:31.332932] [WARN] Connection retry attempt
[2025-11-05T23:20:31.332890] [INFO] Transaction completed
[2025-11-05T23:20:31.332918] [WARN] Rate limit approaching
[2025-11-05T23:20:31.332858] [INFO] User logged in
[2025-11-05T23:20:31.332953] [DEBUG] Memory allocation: 2048 bytes
[2025-11-05T23:20:31.332938] [ERROR] Disk read failed
[2025-11-05T23:20:31.332972] [DEBUG] HTTP request headers parsed
[2025-11-05T23:20:31.332908] [INFO] Health check passed
[2025-11-05T23:20:31.332868] [INFO] Session started
[2025-11-05T23:20:31.332872] [INFO] Transaction completed
[2025-11-05T23:20:31.332881] [INFO] Connection established
[2025-11-05T23:20:31.332894] [INFO] Configuration loaded
[2025-11-05T23:20:31.332863] [INFO] Request processed successfully
[2025-11-05T23:20:31.332824] [INFO] Service initialized
[2025-11-05T23:20:31.332948] [DEBUG] Connection pool status checked
[2025-11-05T23:20:31.332958] [DEBUG] Cache key generated
[2025-11-05T23:20:31.332980] [DEBUG] Buffer size: 4096 bytes
[2025-11-05T23:20:31.332852] [INFO] Cache hit
[2025-11-05T23:20:31.332963] [DEBUG] Cache key generated
[2025-11-05T23:20:31.332923] [WARN] Disk space low
[2025-11-05T23:20:31.332885] [INFO] Cache hit
[2025-11-05T23:20:31.332976] [DEBUG] Memory allocation: 2048 bytes
[2025-11-05T23:20:31.332967] [DEBUG] Cache key generated
