[2025-11-05T23:20:24.336112] [INFO] Cache hit
[2025-11-05T23:20:24.336152] [INFO] Database query executed
[2025-11-05T23:20:24.336203] [DEBUG] Buffer size: 4096 bytes
[2025-11-05T23:20:24.336183] [WARN] Cache miss
[2025-11-05T23:20:24.336135] [INFO] Configuration loaded
[2025-11-05T23:20:24.336107] [INFO] Service initialized
[2025-11-05T23:20:24.336174] [WARN] Connection retry attempt
[2025-11-05T23:20:24.336179] [WARN] Timeout warning
[2025-11-05T23:20:24.336117] [INFO] Service initialized
[2025-11-05T23:20:24.336160] [INFO] Database query executed
[2025-11-05T23:20:24.336139] [INFO] Connection established
[2025-11-05T23:20:24.336211] [DEBUG] Buffer size: 4096 bytes
[2025-11-05T23:20:24.336126] [INFO] Health check passed
[2025-11-05T23:20:24.336192] [ERROR] Invalid input data
[2025-11-05T23:20:24.336169] [WARN] High memory usage detected
[2025-11-05T23:20:24.336156] [INFO] Cache hit
[2025-11-05T23:20:24.336224] [DEBUG] Timer set: 30 seconds
[2025-11-05T23:20:24.336188] [ERROR] Memory allocation error
[2025-11-05T23:20:24.336122] [INFO] Connection established
[2025-11-05T23:20:24.336216] [DEBUG] Cache key generated
[2025-11-05T23:20:24.336207] [DEBUG] Cache key generated
[2025-11-05T23:20:24.336198] [DEBUG] Timer set: 30 seconds
[2025-11-05T23:20:24.336131] [INFO] Transaction completed
[2025-11-05T23:20:24.336082] [INFO] Service initialized
[2025-11-05T23:20:24.336147] [INFO] Transaction completed
[2025-11-05T23:20:24.336164] [INFO] Connection established
[2025-11-05T23:20:24.336143] [INFO] Request processed successfully
[2025-11-05T23:20:24.336220] [DEBUG] Connection pool status checked
