[2025-11-05T23:20:15.813361] [DEBUG] Memory allocation: 2048 bytes
[2025-11-05T23:20:15.813346] [DEBUG] Thread pool size: 8
[2025-11-05T23:20:15.813260] [INFO] Session started
[2025-11-05T23:20:15.813332] [DEBUG] Cache key generated
[2025-11-05T23:20:15.813316] [ERROR] Service unavailable
[2025-11-05T23:20:15.813337] [DEBUG] Thread pool size: 8
[2025-11-05T23:20:15.813356] [DEBUG] Thread pool size: 8
[2025-11-05T23:20:15.813304] [WARN] Queue size growing
[2025-11-05T23:20:15.813256] [INFO] Configuration loaded
[2025-11-05T23:20:15.813228] [INFO] Configuration loaded
[2025-11-05T23:20:15.813247] [INFO] Database query executed
[2025-11-05T23:20:15.813195] [INFO] Session started
[2025-11-05T23:20:15.813265] [INFO] Connection established
[2025-11-05T23:20:15.813242] [INFO] User logged in
[2025-11-05T23:20:15.813288] [INFO] User logged in
[2025-11-05T23:20:15.813278] [INFO] Connection established
[2025-11-05T23:20:15.813366] [DEBUG] Entering function process_data()
[2025-11-05T23:20:15.813269] [INFO] Configuration loaded
[2025-11-05T23:20:15.813283] [INFO] User logged in
[2025-11-05T23:20:15.813299] [WARN] Timeout warning
[2025-11-05T23:20:15.813292] [INFO] Request processed successfully
[2025-11-05T23:20:15.813237] [INFO] Session started
[2025-11-05T23:20:15.813321] [ERROR] Database connection lost
[2025-11-05T23:20:15.813351] [DEBUG] Loop iteration: 15
[2025-11-05T23:20:15.813327] [DEBUG] Timer set: 30 seconds
[2025-11-05T23:20:15.813232] [INFO] Database query executed
[2025-11-05T23:20:15.813309] [WARN] Cache miss
[2025-11-05T23:20:15.813274] [INFO] Cache hit
[2025-11-05T23:20:15.813252] [INFO] Database query executed
[2025-11-05T23:20:15.813342] [DEBUG] HTTP request headers parsed
[2025-11-05T23:20:15.813222] [INFO] Session started
