[2025-11-05T23:20:24.822805] [INFO] Cache hit
[2025-11-05T23:20:24.822809] [INFO] Connection established
[2025-11-05T23:20:24.822720] [INFO] Service initialized
[2025-11-05T23:20:24.822800] [INFO] Transaction completed
[2025-11-05T23:20:24.822856] [DEBUG] Entering function process_data()
[2025-11-05T23:20:24.822870] [DEBUG] Connection pool status checked
[2025-11-05T23:20:24.822790] [INFO] Service initialized
[2025-11-05T23:20:24.822875] [DEBUG] HTTP request headers parsed
[2025-11-05T23:20:24.822832] [WARN] Timeout warning
[2025-11-05T23:20:24.822880] [DEBUG] Loop iteration: 15
[2025-11-05T23:20:24.822826] [WARN] Timeout warning
[2025-11-05T23:20:24.822777] [INFO] Health check passed
[2025-11-05T23:20:24.822751] [INFO] User logged in
[2025-11-05T23:20:24.822786] [INFO] Request processed successfully
[2025-11-05T23:20:24.822816] [INFO] Connection established
[2025-11-05T23:20:24.823143] [DEBUG] Loop iteration: 15
[2025-11-05T23:20:24.822850] [ERROR] Service unavailable
[2025-11-05T23:20:24.822796] [INFO] Database query executed
[2025-11-05T23:20:24.822840] [WARN] Disk space low
[2025-11-05T23:20:24.823128] [DEBUG] Variable value: x=42
[2025-11-05T23:20:24.822821] [INFO] Request processed successfully
[2025-11-05T23:20:24.822761] [INFO] Service initialized
[2025-11-05T23:20:24.822836] [WARN] Resource threshold approaching
[2025-11-05T23:20:24.822889] [DEBUG] HTTP request headers parsed
[2025-11-05T23:20:24.822757] [INFO] Health check passed
[2025-11-05T23:20:24.822813] [INFO] Connection established
[2025-11-05T23:20:24.822861] [DEBUG] Cache key generated
[2025-11-05T23:20:24.822766] [INFO] Connection established
[2025-11-05T23:20:24.822745] [INFO] Connection established
[2025-11-05T23:20:24.822846] [ERROR] Request failed
[2025-11-05T23:20:24.822782] [INFO] Cache hit
[2025-11-05T23:20:24.822884] [DEBUG] Loop iteration: 15
[2025-11-05T23:20:24.822771] [INFO] Configuration loaded
[2025-11-05T23:20:24.822865] [DEBUG] Variable value: x=42
