[2025-11-05T23:20:16.224411] [DEBUG] Variable value: x=42
[2025-11-05T23:20:16.224329] [INFO] Configuration loaded
[2025-11-05T23:20:16.224316] [INFO] Configuration loaded
[2025-11-05T23:20:16.224365] [WARN] Cache miss
[2025-11-05T23:20:16.224416] [DEBUG] Entering function process_data()
[2025-11-05T23:20:16.224281] [INFO] Request processed successfully
[2025-11-05T23:20:16.224390] [DEBUG] Timer set: 30 seconds
[2025-11-05T23:20:16.224292] [INFO] User logged in
[2025-11-05T23:20:16.224287] [INFO] Service initialized
[2025-11-05T23:20:16.224371] [ERROR] Permission denied
[2025-11-05T23:20:16.224302] [INFO] User logged in
[2025-11-05T23:20:16.224381] [DEBUG] Cache key generated
[2025-11-05T23:20:16.224376] [ERROR] Memory allocation error
[2025-11-05T23:20:16.224354] [WARN] Disk space low
[2025-11-05T23:20:16.224297] [INFO] Database query executed
[2025-11-05T23:20:16.224407] [DEBUG] HTTP request headers parsed
[2025-11-05T23:20:16.224325] [INFO] Health check passed
[2025-11-05T23:20:16.224254] [INFO] Health check passed
[2025-11-05T23:20:16.224398] [DEBUG] Cache key generated
[2025-11-05T23:20:16.224386] [DEBUG] Timer set: 30 seconds
[2025-11-05T23:20:16.224420] [DEBUG] Cache key generated
[2025-11-05T23:20:16.224343] [INFO] User logged in
[2025-11-05T23:20:16.224320] [INFO] Session started
[2025-11-05T23:20:16.224334] [INFO] Cache hit
[2025-11-05T23:20:16.224394] [DEBUG] Entering function process_data()
[2025-11-05T23:20:16.224311] [INFO] Request processed successfully
[2025-11-05T23:20:16.224339] [INFO] User logged in
[2025-11-05T23:20:16.224348] [INFO] Service initialized
[2025-11-05T23:20:16.224360] [WARN] Deprecated API usage
[2025-11-05T23:20:16.224307] [INFO] User logged in
[2025-11-05T23:20:16.224402] [DEBUG] Cache key generated
