[2025-11-05T23:20:22.116131] [DEBUG] Timer set: 30 seconds
[2025-11-05T23:20:22.116105] [WARN] Disk space low
[2025-11-05T23:20:22.116080] [INFO] Service initialized
[2025-11-05T23:20:22.116054] [INFO] Transaction completed
[2025-11-05T23:20:22.116076] [INFO] Cache hit
[2025-11-05T23:20:22.116031] [INFO] Configuration loaded
[2025-11-05T23:20:22.116021] [INFO] Health check passed
[2025-11-05T23:20:22.116010] [INFO] Transaction completed
[2025-11-05T23:20:22.116072] [INFO] Transaction completed
[2025-11-05T23:20:22.116126] [DEBUG] Thread pool size: 8
[2025-11-05T23:20:22.116111] [ERROR] Disk read failed
[2025-11-05T23:20:22.116136] [DEBUG] Loop iteration: 15
[2025-11-05T23:20:22.116086] [WARN] Resource threshold approaching
[2025-11-05T23:20:22.116116] [ERROR] Service unavailable
[2025-11-05T23:20:22.116141] [DEBUG] Timer set: 30 seconds
[2025-11-05T23:20:22.116101] [WARN] Slow query performance
[2025-11-05T23:20:22.116064] [INFO] Health check passed
[2025-11-05T23:20:22.116059] [INFO] Transaction completed
[2025-11-05T23:20:22.116026] [INFO] Session started
[2025-11-05T23:20:22.116120] [ERROR] Database connection lost
[2025-11-05T23:20:22.116035] [INFO] Cache hit
[2025-11-05T23:20:22.115984] [INFO] Connection established
[2025-11-05T23:20:22.116050] [INFO] Connection established
[2025-11-05T23:20:22.116040] [INFO] Health check passed
[2025-11-05T23:20:22.116016] [INFO] Transaction completed
[2025-11-05T23:20:22.116045] [INFO] Session started
[2025-11-05T23:20:22.116068] [INFO] Service initialized
[2025-11-05T23:20:22.116092] [WARN] Slow query performance
[2025-11-05T23:20:22.116097] [WARN] High memory usage detected
