[2025-11-05T23:20:33.232719] [INFO] Connection established
[2025-11-05T23:20:33.232656] [INFO] Request processed successfully
[2025-11-05T23:20:33.232735] [ERROR] Network timeout
[2025-11-05T23:20:33.232784] [DEBUG] Thread pool size: 8
[2025-11-05T23:20:33.232780] [DEBUG] Memory allocation: 2048 bytes
[2025-11-05T23:20:33.232661] [INFO] Transaction completed
[2025-11-05T23:20:33.232696] [INFO] Request processed successfully
[2025-11-05T23:20:33.232776] [DEBUG] Memory allocation: 2048 bytes
[2025-11-05T23:20:33.232729] [WARN] Deprecated API usage
[2025-11-05T23:20:33.232679] [INFO] User logged in
[2025-11-05T23:20:33.232746] [DEBUG] HTTP request headers parsed
[2025-11-05T23:20:33.232670] [INFO] Transaction completed
[2025-11-05T23:20:33.232706] [INFO] Session started
[2025-11-05T23:20:33.232687] [INFO] Cache hit
[2025-11-05T23:20:33.232751] [DEBUG] Memory allocation: 2048 bytes
[2025-11-05T23:20:33.232702] [INFO] Transaction completed
[2025-11-05T23:20:33.232675] [INFO] Session started
[2025-11-05T23:20:33.232762] [DEBUG] HTTP request headers parsed
[2025-11-05T23:20:33.232724] [INFO] Configuration loaded
[2025-11-05T23:20:33.232756] [DEBUG] Memory allocation: 2048 bytes
[2025-11-05T23:20:33.232766] [DEBUG] Variable value: x=42
[2025-11-05T23:20:33.232692] [INFO] Database query executed
[2025-11-05T23:20:33.232805] [DEBUG] Loop iteration: 15
[2025-11-05T23:20:33.232714] [INFO] Configuration loaded
[2025-11-05T23:20:33.232710] [INFO] Configuration loaded
[2025-11-05T23:20:33.232683] [INFO] Configuration loaded
[2025-11-05T23:20:33.232793] [DEBUG] Connection pool status checked
[2025-11-05T23:20:33.232788] [DEBUG] Entering function process_data()
[2025-11-05T23:20:33.232771] [DEBUG] Connection pool status checked
[2025-11-05T23:20:33.232740] [ERROR] Permission denied
[2025-11-05T23:20:33.232797] [DEBUG] Variable value: x=42
[2025-11-05T23:20:33.232666] [INFO] Health check passed
[2025-11-05T23:20:33.232800] [DEBUG] Entering function process_data()
[2025-11-05T23:20:33.232632] [INFO] User logged in
