[2025-11-05T23:20:38.962338] [DEBUG] Variable value: x=42
[2025-11-05T23:20:38.962331] [DEBUG] Timer set: 30 seconds
[2025-11-05T23:20:38.962291] [WARN] Disk space low
[2025-11-05T23:20:38.962269] [INFO] Connection established
[2025-11-05T23:20:38.962235] [INFO] Database query executed
[2025-11-05T23:20:38.962232] [INFO] Service initialized
[2025-11-05T23:20:38.962334] [DEBUG] Memory allocation: 2048 bytes
[2025-11-05T23:20:38.962260] [INFO] Configuration loaded
[2025-11-05T23:20:38.962253] [INFO] Session started
[2025-11-05T23:20:38.962250] [INFO] Request processed successfully
[2025-11-05T23:20:38.962239] [INFO] Configuration loaded
[2025-11-05T23:20:38.962199] [INFO] Service initialized
[2025-11-05T23:20:38.962246] [INFO] Database query executed
[2025-11-05T23:20:38.962324] [DEBUG] Cache key generated
[2025-11-05T23:20:38.962272] [INFO] Request processed successfully
[2025-11-05T23:20:38.962305] [WARN] Resource threshold approaching
[2025-11-05T23:20:38.962309] [ERROR] Network timeout
[2025-11-05T23:20:38.962263] [INFO] Configuration loaded
[2025-11-05T23:20:38.962321] [DEBUG] Variable value: x=42
[2025-11-05T23:20:38.962284] [WARN] Deprecated API usage
[2025-11-05T23:20:38.962223] [INFO] Session started
[2025-11-05T23:20:38.962276] [INFO] Connection established
[2025-11-05T23:20:38.962327] [DEBUG] Variable value: x=42
[2025-11-05T23:20:38.962317] [DEBUG] Cache key generated
[2025-11-05T23:20:38.962298] [WARN] Slow query performance
[2025-11-05T23:20:38.962295] [WARN] Cache miss
[2025-11-05T23:20:38.962266] [INFO] Configuration loaded
[2025-11-05T23:20:38.962302] [WARN] Cache miss
[2025-11-05T23:20:38.962288] [WARN] Resource threshold approaching
[2025-11-05T23:20:38.962257] [INFO] Cache hit
[2025-11-05T23:20:38.962313] [ERROR] Disk read failed
[2025-11-05T23:20:38.962243] [INFO] Health check passed
[2025-11-05T23:20:38.962228] [INFO] Request processed successfully
[2025-11-05T23:20:38.962279] [INFO] Session started
