[2025-11-05T23:20:23.062445] [INFO] Connection established
[2025-11-05T23:20:23.062469] [INFO] Cache hit
[2025-11-05T23:20:23.062464] [INFO] Service initialized
[2025-11-05T23:20:23.062486] [WARN] Resource threshold approaching
[2025-11-05T23:20:23.062387] [INFO] Connection established
[2025-11-05T23:20:23.062538] [DEBUG] Cache key generated
[2025-11-05T23:20:23.062481] [WARN] Slow query performance
[2025-11-05T23:20:23.062430] [INFO] Cache hit
[2025-11-05T23:20:23.062417] [INFO] Configuration loaded
[2025-11-05T23:20:23.062517] [DEBUG] Thread pool size: 8
[2025-11-05T23:20:23.062549] [DEBUG] Buffer size: 4096 bytes
[2025-11-05T23:20:23.062440] [INFO] Health check passed
[2025-11-05T23:20:23.062511] [DEBUG] Buffer size: 4096 bytes
[2025-11-05T23:20:23.062449] [INFO] Configuration loaded
[2025-11-05T23:20:23.062491] [WARN] Cache miss
[2025-11-05T23:20:23.062435] [INFO] Cache hit
[2025-11-05T23:20:23.062410] [INFO] Transaction completed
[2025-11-05T23:20:23.062522] [DEBUG] Loop iteration: 15
[2025-11-05T23:20:23.062423] [INFO] Request processed successfully
[2025-11-05T23:20:23.062543] [DEBUG] Cache key generated
[2025-11-05T23:20:23.062499] [ERROR] Database connection lost
[2025-11-05T23:20:23.062533] [DEBUG] Variable value: x=42
[2025-11-05T23:20:23.062475] [WARN] High memory usage detected
[2025-11-05T23:20:23.062460] [INFO] Transaction completed
[2025-11-05T23:20:23.062505] [DEBUG] Thread pool size: 8
[2025-11-05T23:20:23.062454] [INFO] Connection established
[2025-11-05T23:20:23.062527] [DEBUG] Connection pool status checked
