[2025-11-05T23:20:17.835834] [INFO] Connection established
[2025-11-05T23:20:17.835861] [WARN] High memory usage detected
[2025-11-05T23:20:17.835823] [INFO] Configuration loaded
[2025-11-05T23:20:17.835801] [INFO] Service initialized
[2025-11-05T23:20:17.835889] [DEBUG] HTTP request headers parsed
[2025-11-05T23:20:17.835772] [INFO] Service initialized
[2025-11-05T23:20:17.835826] [INFO] Transaction completed
[2025-11-05T23:20:17.835897] [DEBUG] Timer set: 30 seconds
[2025-11-05T23:20:17.835810] [INFO] Health check passed
[2025-11-05T23:20:17.835905] [DEBUG] Loop iteration: 15
[2025-11-05T23:20:17.835871] [ERROR] Memory allocation error
[2025-11-05T23:20:17.835842] [INFO] Connection established
[2025-11-05T23:20:17.835866] [ERROR] Network timeout
[2025-11-05T23:20:17.835805] [INFO] Transaction completed
[2025-11-05T23:20:17.835819] [INFO] Request processed successfully
[2025-11-05T23:20:17.835848] [WARN] Deprecated API usage
[2025-11-05T23:20:17.835893] [DEBUG] Thread pool size: 8
[2025-11-05T23:20:17.835857] [WARN] Deprecated API usage
[2025-11-05T23:20:17.835909] [DEBUG] Timer set: 30 seconds
[2025-11-05T23:20:17.835795] [INFO] Database query executed
[2025-11-05T23:20:17.835830] [INFO] Session started
[2025-11-05T23:20:17.835881] [DEBUG] Loop iteration: 15
[2025-11-05T23:20:17.835876] [DEBUG] HTTP request headers parsed
[2025-11-05T23:20:17.835885] [DEBUG] Cache key generated
[2025-11-05T23:20:17.835901] [DEBUG] Cache key generated
[2025-11-05T23:20:17.835815] [INFO] Transaction completed
[2025-11-05T23:20:17.835853] [WARN] Rate limit approaching
[2025-11-05T23:20:17.835838] [INFO] Connection established
