[2025-11-05T23:20:21.434673] [INFO] Request processed successfully
[2025-11-05T23:20:21.434762] [DEBUG] Thread pool size: 8
[2025-11-05T23:20:21.434790] [DEBUG] Timer set: 30 seconds
[2025-11-05T23:20:21.434707] [INFO] Connection established
[2025-11-05T23:20:21.434703] [INFO] Configuration loaded
[2025-11-05T23:20:21.434718] [WARN] Queue size growing
[2025-11-05T23:20:21.434712] [INFO] Service initialized
[2025-11-05T23:20:21.434786] [DEBUG] Variable value: x=42
[2025-11-05T23:20:21.434740] [ERROR] Network timeout
[2025-11-05T23:20:21.434754] [DEBUG] Timer set: 30 seconds
[2025-11-05T23:20:21.434682] [INFO] Database query executed
[2025-11-05T23:20:21.434723] [WARN] Rate limit approaching
[2025-11-05T23:20:21.434749] [DEBUG] Variable value: x=42
[2025-11-05T23:20:21.434794] [DEBUG] Cache key generated
[2025-11-05T23:20:21.434744] [ERROR] Permission denied
[2025-11-05T23:20:21.434659] [INFO] Connection established
[2025-11-05T23:20:21.434779] [DEBUG] Memory allocation: 2048 bytes
[2025-11-05T23:20:21.434731] [WARN] Cache miss
[2025-11-05T23:20:21.434668] [INFO] User logged in
[2025-11-05T23:20:21.434617] [INFO] Service initialized
[2025-11-05T23:20:21.434699] [INFO] Configuration loaded
[2025-11-05T23:20:21.434695] [INFO] Connection established
[2025-11-05T23:20:21.434771] [DEBUG] HTTP request headers parsed
[2025-11-05T23:20:21.434650] [INFO] Session started
[2025-11-05T23:20:21.434782] [DEBUG] Timer set: 30 seconds
[2025-11-05T23:20:21.434766] [DEBUG] Timer set: 30 seconds
[2025-11-05T23:20:21.434758] [DEBUG] Thread pool size: 8
[2025-11-05T23:20:21.434655] [INFO] Session started
[2025-11-05T23:20:21.434686] [INFO] Connection established
[2025-11-05T23:20:21.434691] [INFO] Cache hit
[2025-11-05T23:20:21.434775] [DEBUG] Variable value: x=42
[2025-11-05T23:20:21.434677] [INFO] Health check passed
[2025-11-05T23:20:21.434644] [INFO] Connection established
[2025-11-05T23:20:21.434735] [WARN] Rate limit approaching
[2025-11-05T23:20:21.434727] [WARN] Deprecated API usage
[2025-11-05T23:20:21.434664] [INFO] Configuration loaded
