[2025-11-05T23:20:33.731274] [INFO] Database query executed
[2025-11-05T23:20:33.731330] [WARN] Slow query performance
[2025-11-05T23:20:33.731335] [ERROR] Network timeout
[2025-11-05T23:20:33.731287] [INFO] Health check passed
[2025-11-05T23:20:33.731283] [INFO] Database query executed
[2025-11-05T23:20:33.731315] [WARN] Disk space low
[2025-11-05T23:20:33.731241] [INFO] User logged in
[2025-11-05T23:20:33.731310] [WARN] Connection retry attempt
[2025-11-05T23:20:33.731270] [INFO] Cache hit
[2025-11-05T23:20:33.731356] [DEBUG] Variable value: x=42
[2025-11-05T23:20:33.731366] [DEBUG] Entering function process_data()
[2025-11-05T23:20:33.731325] [WARN] Disk space low
[2025-11-05T23:20:33.731296] [INFO] Database query executed
[2025-11-05T23:20:33.731264] [INFO] Service initialized
[2025-11-05T23:20:33.731383] [DEBUG] Memory allocation: 2048 bytes
[2025-11-05T23:20:33.731292] [INFO] Transaction completed
[2025-11-05T23:20:33.731375] [DEBUG] Cache key generated
[2025-11-05T23:20:33.731259] [INFO] Cache hit
[2025-11-05T23:20:33.731379] [DEBUG] Entering function process_data()
[2025-11-05T23:20:33.731341] [ERROR] Request failed
[2025-11-05T23:20:33.731361] [DEBUG] Entering function process_data()
[2025-11-05T23:20:33.731370] [DEBUG] Buffer size: 4096 bytes
[2025-11-05T23:20:33.731213] [INFO] Configuration loaded
[2025-11-05T23:20:33.731321] [WARN] Deprecated API usage
[2025-11-05T23:20:33.731278] [INFO] Transaction completed
[2025-11-05T23:20:33.731300] [INFO] User logged in
[2025-11-05T23:20:33.731253] [INFO] Service initialized
[2025-11-05T23:20:33.731304] [INFO] Health check passed
[2025-11-05T23:20:33.731248] [INFO] Transaction completed
[2025-11-05T23:20:33.731347] [DEBUG] Memory allocation: 2048 bytes
[2025-11-05T23:20:33.731352] [DEBUG] Cache key generated
