[2025-11-05T23:20:36.731731] [DEBUG] Buffer size: 4096 bytes
[2025-11-05T23:20:36.731686] [WARN] High memory usage detected
[2025-11-05T23:20:36.731692] [WARN] Cache miss
[2025-11-05T23:20:36.731657] [INFO] Database query executed
[2025-11-05T23:20:36.731642] [INFO] Request processed successfully
[2025-11-05T23:20:36.731725] [DEBUG] Timer set: 30 seconds
[2025-11-05T23:20:36.731664] [INFO] Transaction completed
[2025-11-05T23:20:36.731689] [WARN] Resource threshold approaching
[2025-11-05T23:20:36.731718] [DEBUG] Timer set: 30 seconds
[2025-11-05T23:20:36.731668] [INFO] Connection established
[2025-11-05T23:20:36.731711] [DEBUG] Cache key generated
[2025-11-05T23:20:36.731695] [WARN] Timeout warning
[2025-11-05T23:20:36.731618] [INFO] Service initialized
[2025-11-05T23:20:36.731703] [ERROR] Invalid input data
[2025-11-05T23:20:36.731699] [WARN] Connection retry attempt
[2025-11-05T23:20:36.731674] [INFO] Transaction completed
[2025-11-05T23:20:36.731707] [ERROR] Service unavailable
[2025-11-05T23:20:36.731654] [INFO] Health check passed
[2025-11-05T23:20:36.731671] [INFO] User logged in
[2025-11-05T23:20:36.731661] [INFO] Health check passed
[2025-11-05T23:20:36.731728] [DEBUG] Entering function process_data()
[2025-11-05T23:20:36.731722] [DEBUG] Loop iteration: 15
[2025-11-05T23:20:36.731681] [WARN] Queue size growing
[2025-11-05T23:20:36.731715] [DEBUG] Buffer size: 4096 bytes
[2025-11-05T23:20:36.731677] [INFO] Request processed successfully
[2025-11-05T23:20:36.731651] [INFO] User logged in
[2025-11-05T23:20:36.731647] [INFO] User logged in
