[2025-11-05T23:20:32.694257] [WARN] Slow query performance
[2025-11-05T23:20:32.694316] [DEBUG] Thread pool size: 8
[2025-11-05T23:20:32.694261] [WARN] Timeout warning
[2025-11-05T23:20:32.694207] [INFO] Configuration loaded
[2025-11-05T23:20:32.694190] [INFO] User logged in
[2025-11-05T23:20:32.694149] [INFO] Cache hit
[2025-11-05T23:20:32.694284] [DEBUG] Buffer size: 4096 bytes
[2025-11-05T23:20:32.694180] [INFO] Connection established
[2025-11-05T23:20:32.694248] [WARN] Rate limit approaching
[2025-11-05T23:20:32.694321] [DEBUG] Memory allocation: 2048 bytes
[2025-11-05T23:20:32.694308] [DEBUG] Loop iteration: 15
[2025-11-05T23:20:32.694273] [WARN] Resource threshold approaching
[2025-11-05T23:20:32.694224] [INFO] Service initialized
[2025-11-05T23:20:32.694203] [INFO] Session started
[2025-11-05T23:20:32.694216] [INFO] Cache hit
[2025-11-05T23:20:32.694295] [DEBUG] Timer set: 30 seconds
[2025-11-05T23:20:32.694239] [WARN] Connection retry attempt
[2025-11-05T23:20:32.694185] [INFO] Service initialized
[2025-11-05T23:20:32.694269] [WARN] High memory usage detected
[2025-11-05T23:20:32.694253] [WARN] Rate limit approaching
[2025-11-05T23:20:32.694212] [INFO] Health check passed
[2025-11-05T23:20:32.694303] [DEBUG] Buffer size: 4096 bytes
[2025-11-05T23:20:32.694199] [INFO] Configuration loaded
[2025-11-05T23:20:32.694278] [ERROR] Permission denied
[2025-11-05T23:20:32.694233] [INFO] Configuration loaded
[2025-11-05T23:20:32.694290] [DEBUG] Entering function process_data()
[2025-11-05T23:20:32.694312] [DEBUG] Buffer size: 4096 bytes
[2025-11-05T23:20:32.694195] [INFO] Database query executed
[2025-11-05T23:20:32.694228] [INFO] Cache hit
[2025-11-05T23:20:32.694265] [WARN] Timeout warning
[2025-11-05T23:20:32.694299] [DEBUG] Buffer size: 4096 bytes
[2025-11-05T23:20:32.694175] [INFO] Database query executed
[2025-11-05T23:20:32.694220] [INFO] Service initialized
[2025-11-05T23:20:32.694243] [WARN] Cache miss
