[2025-11-05T23:20:17.399139] [INFO] Session started
[2025-11-05T23:20:17.399186] [DEBUG] Connection pool status checked
[2025-11-05T23:20:17.399173] [DEBUG] Loop iteration: 15
[2025-11-05T23:20:17.399151] [INFO] Session started
[2025-11-05T23:20:17.399103] [INFO] User logged in
[2025-11-05T23:20:17.399147] [INFO] Connection established
[2025-11-05T23:20:17.399191] [DEBUG] Memory allocation: 2048 bytes
[2025-11-05T23:20:17.399206] [DEBUG] Loop iteration: 15
[2025-11-05T23:20:17.399127] [INFO] Health check passed
[2025-11-05T23:20:17.399210] [DEBUG] Cache key generated
[2025-11-05T23:20:17.399094] [INFO] Session started
[2025-11-05T23:20:17.399178] [DEBUG] Cache key generated
[2025-11-05T23:20:17.399182] [DEBUG] Entering function process_data()
[2025-11-05T23:20:17.399109] [INFO] Configuration loaded
[2025-11-05T23:20:17.399087] [INFO] Database query executed
[2025-11-05T23:20:17.399118] [INFO] Cache hit
[2025-11-05T23:20:17.399143] [INFO] Transaction completed
[2025-11-05T23:20:17.399155] [INFO] Health check passed
[2025-11-05T23:20:17.399161] [WARN] Cache miss
[2025-11-05T23:20:17.399201] [DEBUG] Cache key generated
[2025-11-05T23:20:17.399114] [INFO] Service initialized
[2025-11-05T23:20:17.399058] [INFO] Session started
[2025-11-05T23:20:17.399099] [INFO] Cache hit
[2025-11-05T23:20:17.399167] [ERROR] Request failed
[2025-11-05T23:20:17.399135] [INFO] Session started
[2025-11-05T23:20:17.399131] [INFO] User logged in
[2025-11-05T23:20:17.399122] [INFO] Cache hit
[2025-11-05T23:20:17.399195] [DEBUG] Cache key generated
