[2025-11-05T23:20:19.830398] [DEBUG] Connection pool status checked
[2025-11-05T23:20:19.830379] [DEBUG] Variable value: x=42
[2025-11-05T23:20:19.830259] [INFO] Service initialized
[2025-11-05T23:20:19.830365] [DEBUG] Thread pool size: 8
[2025-11-05T23:20:19.830263] [INFO] Configuration loaded
[2025-11-05T23:20:19.830389] [DEBUG] Loop iteration: 15
[2025-11-05T23:20:19.830408] [DEBUG] Thread pool size: 8
[2025-11-05T23:20:19.830318] [WARN] High memory usage detected
[2025-11-05T23:20:19.830237] [INFO] Database query executed
[2025-11-05T23:20:19.830352] [WARN] Rate limit approaching
[2025-11-05T23:20:19.830403] [DEBUG] Buffer size: 4096 bytes
[2025-11-05T23:20:19.830282] [INFO] Session started
[2025-11-05T23:20:19.830343] [WARN] Timeout warning
[2025-11-05T23:20:19.830269] [INFO] Session started
[2025-11-05T23:20:19.830374] [DEBUG] Cache key generated
[2025-11-05T23:20:19.830273] [INFO] Session started
[2025-11-05T23:20:19.830412] [DEBUG] Connection pool status checked
[2025-11-05T23:20:19.830304] [WARN] High memory usage detected
[2025-11-05T23:20:19.830370] [DEBUG] Thread pool size: 8
[2025-11-05T23:20:19.830277] [INFO] Cache hit
[2025-11-05T23:20:19.830394] [DEBUG] Memory allocation: 2048 bytes
[2025-11-05T23:20:19.830358] [ERROR] Invalid input data
[2025-11-05T23:20:19.830348] [WARN] Slow query performance
[2025-11-05T23:20:19.830314] [WARN] Deprecated API usage
[2025-11-05T23:20:19.830244] [INFO] Cache hit
[2025-11-05T23:20:19.830290] [INFO] Service initialized
[2025-11-05T23:20:19.830384] [DEBUG] Buffer size: 4096 bytes
[2025-11-05T23:20:19.830254] [INFO] Service initialized
[2025-11-05T23:20:19.830299] [INFO] Configuration loaded
[2025-11-05T23:20:19.830326] [WARN] Connection retry attempt
[2025-11-05T23:20:19.830309] [WARN] Resource threshold approaching
[2025-11-05T23:20:19.830330] [WARN] Deprecated API usage
[2025-11-05T23:20:19.830334] [WARN] Deprecated API usage
[2025-11-05T23:20:19.830322] [WARN] Connection retry attempt
[2025-11-05T23:20:19.830209] [INFO] Cache hit
[2025-11-05T23:20:19.830286] [INFO] Database query executed
[2025-11-05T23:20:19.830248] [INFO] User logged in
[2025-11-05T23:20:19.830339] [WARN] Queue size growing
[2025-11-05T23:20:19.830295] [INFO] User logged in
