[2025-11-05T23:20:40.496978] [DEBUG] Timer set: 30 seconds
[2025-11-05T23:20:40.496926] [INFO] Session started
[2025-11-05T23:20:40.496985] [DEBUG] Connection pool status checked
[2025-11-05T23:20:40.496904] [INFO] Cache hit
[2025-11-05T23:20:40.496970] [DEBUG] Thread pool size: 8
[2025-11-05T23:20:40.496960] [ERROR] Permission denied
[2025-11-05T23:20:40.496934] [INFO] Cache hit
[2025-11-05T23:20:40.496919] [INFO] User logged in
[2025-11-05T23:20:40.496943] [WARN] High memory usage detected
[2025-11-05T23:20:40.496886] [INFO] User logged in
[2025-11-05T23:20:40.496900] [INFO] Service initialized
[2025-11-05T23:20:40.496974] [DEBUG] HTTP request headers parsed
[2025-11-05T23:20:40.496956] [WARN] Timeout warning
[2025-11-05T23:20:40.497000] [DEBUG] Entering function process_data()
[2025-11-05T23:20:40.496908] [INFO] Service initialized
[2025-11-05T23:20:40.496992] [DEBUG] Thread pool size: 8
[2025-11-05T23:20:40.496895] [INFO] Session started
[2025-11-05T23:20:40.496965] [ERROR] Memory allocation error
[2025-11-05T23:20:40.496989] [DEBUG] Entering function process_data()
[2025-11-05T23:20:40.496891] [INFO] Database query executed
[2025-11-05T23:20:40.496948] [WARN] Queue size growing
[2025-11-05T23:20:40.496861] [INFO] Connection established
[2025-11-05T23:20:40.496911] [INFO] Database query executed
[2025-11-05T23:20:40.496938] [INFO] Transaction completed
[2025-11-05T23:20:40.496915] [INFO] Health check passed
[2025-11-05T23:20:40.496996] [DEBUG] Memory allocation: 2048 bytes
[2025-11-05T23:20:40.496930] [INFO] Database query executed
[2025-11-05T23:20:40.496952] [WARN] Slow query performance
[2025-11-05T23:20:40.496922] [INFO] User logged in
[2025-11-05T23:20:40.496981] [DEBUG] Cache key generated
