[2025-11-05T23:20:43.034190] [DEBUG] Variable value: x=42
[2025-11-05T23:20:43.034116] [INFO] Transaction completed
[2025-11-05T23:20:43.034139] [INFO] Service initialized
[2025-11-05T23:20:43.034216] [DEBUG] Thread pool size: 8
[2025-11-05T23:20:43.034106] [INFO] Health check passed
[2025-11-05T23:20:43.034075] [INFO] Transaction completed
[2025-11-05T23:20:43.034143] [INFO] Health check passed
[2025-11-05T23:20:43.034168] [WARN] Deprecated API usage
[2025-11-05T23:20:43.034198] [DEBUG] Buffer size: 4096 bytes
[2025-11-05T23:20:43.034158] [WARN] High memory usage detected
[2025-11-05T23:20:43.034179] [ERROR] Permission denied
[2025-11-05T23:20:43.034163] [WARN] Timeout warning
[2025-11-05T23:20:43.034101] [INFO] User logged in
[2025-11-05T23:20:43.034130] [INFO] Session started
[2025-11-05T23:20:43.034207] [DEBUG] HTTP request headers parsed
[2025-11-05T23:20:43.034125] [INFO] Request processed successfully
[2025-11-05T23:20:43.034153] [WARN] Deprecated API usage
[2025-11-05T23:20:43.034147] [INFO] User logged in
[2025-11-05T23:20:43.034111] [INFO] Health check passed
[2025-11-05T23:20:43.034121] [INFO] Health check passed
[2025-11-05T23:20:43.034184] [DEBUG] Cache key generated
[2025-11-05T23:20:43.034173] [ERROR] Network timeout
[2025-11-05T23:20:43.034134] [INFO] Session started
[2025-11-05T23:20:43.034211] [DEBUG] Buffer size: 4096 bytes
[2025-11-05T23:20:43.034221] [DEBUG] Thread pool size: 8
[2025-11-05T23:20:43.034194] [DEBUG] Buffer size: 4096 bytes
[2025-11-05T23:20:43.034203] [DEBUG] Buffer size: 4096 bytes
