[2025-11-05T23:20:45.957147] [INFO] Request processed successfully
[2025-11-05T23:20:45.957126] [INFO] Session started
[2025-11-05T23:20:45.957082] [INFO] Cache hit
[2025-11-05T23:20:45.957192] [ERROR] Invalid input data
[2025-11-05T23:20:45.957234] [DEBUG] Cache key generated
[2025-11-05T23:20:45.957112] [INFO] Request processed successfully
[2025-11-05T23:20:45.957212] [DEBUG] Timer set: 30 seconds
[2025-11-05T23:20:45.957197] [ERROR] Network timeout
[2025-11-05T23:20:45.957202] [DEBUG] Loop iteration: 15
[2025-11-05T23:20:45.957138] [INFO] Session started
[2025-11-05T23:20:45.957230] [DEBUG] Buffer size: 4096 bytes
[2025-11-05T23:20:45.957161] [INFO] Transaction completed
[2025-11-05T23:20:45.957225] [DEBUG] Variable value: x=42
[2025-11-05T23:20:45.957107] [INFO] Transaction completed
[2025-11-05T23:20:45.957134] [INFO] Configuration loaded
[2025-11-05T23:20:45.957238] [DEBUG] Timer set: 30 seconds
[2025-11-05T23:20:45.957207] [DEBUG] Thread pool size: 8
[2025-11-05T23:20:45.957171] [WARN] Slow query performance
[2025-11-05T23:20:45.957165] [INFO] Cache hit
[2025-11-05T23:20:45.957156] [INFO] Request processed successfully
[2025-11-05T23:20:45.957151] [INFO] Connection established
[2025-11-05T23:20:45.957188] [ERROR] Permission denied
[2025-11-05T23:20:45.957216] [DEBUG] Variable value: x=42
[2025-11-05T23:20:45.957117] [INFO] Configuration loaded
[2025-11-05T23:20:45.957143] [INFO] Configuration loaded
[2025-11-05T23:20:45.957176] [WARN] High memory usage detected
[2025-11-05T23:20:45.957130] [INFO] User logged in
[2025-11-05T23:20:45.957221] [DEBUG] Cache key generated
[2025-11-05T23:20:45.957182] [WARN] Deprecated API usage
[2025-11-05T23:20:45.957122] [INFO] Configuration loaded
