[2025-11-05T23:20:47.178155] [DEBUG] Timer set: 30 seconds
[2025-11-05T23:20:47.178159] [DEBUG] Connection pool status checked
[2025-11-05T23:20:47.178021] [INFO] User logged in
[2025-11-05T23:20:47.178143] [DEBUG] Connection pool status checked
[2025-11-05T23:20:47.178065] [INFO] Service initialized
[2025-11-05T23:20:47.178015] [INFO] Session started
[2025-11-05T23:20:47.178079] [INFO] Connection established
[2025-11-05T23:20:47.178125] [ERROR] Authentication failed
[2025-11-05T23:20:47.178091] [INFO] Session started
[2025-11-05T23:20:47.178112] [WARN] Connection retry attempt
[2025-11-05T23:20:47.177989] [INFO] Configuration loaded
[2025-11-05T23:20:47.178087] [INFO] Session started
[2025-11-05T23:20:47.178070] [INFO] User logged in
[2025-11-05T23:20:47.178116] [WARN] Rate limit approaching
[2025-11-05T23:20:47.178151] [DEBUG] Connection pool status checked
[2025-11-05T23:20:47.178130] [ERROR] Authentication failed
[2025-11-05T23:20:47.178140] [DEBUG] Timer set: 30 seconds
[2025-11-05T23:20:47.178120] [WARN] Connection retry attempt
[2025-11-05T23:20:47.178163] [DEBUG] Timer set: 30 seconds
[2025-11-05T23:20:47.178083] [INFO] Cache hit
[2025-11-05T23:20:47.178135] [DEBUG] Entering function process_data()
[2025-11-05T23:20:47.178096] [INFO] Connection established
[2025-11-05T23:20:47.178147] [DEBUG] Memory allocation: 2048 bytes
[2025-11-05T23:20:47.178101] [INFO] Health check passed
[2025-11-05T23:20:47.178075] [INFO] Service initialized
[2025-11-05T23:20:47.178107] [WARN] Rate limit approaching
