[2025-11-05T23:20:38.381967] [INFO] Request processed successfully
[2025-11-05T23:20:38.381977] [WARN] Queue size growing
[2025-11-05T23:20:38.381938] [INFO] Database query executed
[2025-11-05T23:20:38.381998] [DEBUG] Variable value: x=42
[2025-11-05T23:20:38.381910] [INFO] User logged in
[2025-11-05T23:20:38.382002] [DEBUG] Connection pool status checked
[2025-11-05T23:20:38.381992] [ERROR] File not found
[2025-11-05T23:20:38.382020] [DEBUG] Memory allocation: 2048 bytes
[2025-11-05T23:20:38.382028] [DEBUG] Buffer size: 4096 bytes
[2025-11-05T23:20:38.381942] [INFO] Cache hit
[2025-11-05T23:20:38.381916] [INFO] Health check passed
[2025-11-05T23:20:38.382010] [DEBUG] Variable value: x=42
[2025-11-05T23:20:38.381934] [INFO] Request processed successfully
[2025-11-05T23:20:38.382015] [DEBUG] Variable value: x=42
[2025-11-05T23:20:38.382024] [DEBUG] HTTP request headers parsed
[2025-11-05T23:20:38.381947] [INFO] Request processed successfully
[2025-11-05T23:20:38.381930] [INFO] Session started
[2025-11-05T23:20:38.381986] [WARN] Disk space low
[2025-11-05T23:20:38.381959] [INFO] Configuration loaded
[2025-11-05T23:20:38.381964] [INFO] Session started
[2025-11-05T23:20:38.382006] [DEBUG] Memory allocation: 2048 bytes
[2025-11-05T23:20:38.381951] [INFO] Service initialized
[2025-11-05T23:20:38.381973] [WARN] Connection retry attempt
[2025-11-05T23:20:38.381955] [INFO] Session started
[2025-11-05T23:20:38.381925] [INFO] User logged in
[2025-11-05T23:20:38.381982] [WARN] Deprecated API usage
[2025-11-05T23:20:38.381920] [INFO] User logged in
[2025-11-05T23:20:38.381883] [INFO] Cache hit
