[2025-11-05T23:20:35.188336] [INFO] Health check passed
[2025-11-05T23:20:35.188428] [ERROR] Service unavailable
[2025-11-05T23:20:35.188440] [DEBUG] Variable value: x=42
[2025-11-05T23:20:35.188388] [INFO] Service initialized
[2025-11-05T23:20:35.188409] [WARN] Disk space low
[2025-11-05T23:20:35.188432] [ERROR] Service unavailable
[2025-11-05T23:20:35.188461] [DEBUG] Timer set: 30 seconds
[2025-11-05T23:20:35.188464] [DEBUG] Connection pool status checked
[2025-11-05T23:20:35.188383] [INFO] Configuration loaded
[2025-11-05T23:20:35.188446] [DEBUG] Buffer size: 4096 bytes
[2025-11-05T23:20:35.188395] [INFO] Request processed successfully
[2025-11-05T23:20:35.188402] [INFO] Service initialized
[2025-11-05T23:20:35.188420] [WARN] Deprecated API usage
[2025-11-05T23:20:35.188361] [INFO] Configuration loaded
[2025-11-05T23:20:35.188424] [ERROR] Disk read failed
[2025-11-05T23:20:35.188443] [DEBUG] HTTP request headers parsed
[2025-11-05T23:20:35.188391] [INFO] Configuration loaded
[2025-11-05T23:20:35.188375] [INFO] Database query executed
[2025-11-05T23:20:35.188454] [DEBUG] Buffer size: 4096 bytes
[2025-11-05T23:20:35.188472] [DEBUG] Cache key generated
[2025-11-05T23:20:35.188417] [WARN] Disk space low
[2025-11-05T23:20:35.188413] [WARN] Connection retry attempt
[2025-11-05T23:20:35.188450] [DEBUG] Buffer size: 4096 bytes
[2025-11-05T23:20:35.188457] [DEBUG] Loop iteration: 15
[2025-11-05T23:20:35.188380] [INFO] Connection established
[2025-11-05T23:20:35.188398] [INFO] User logged in
[2025-11-05T23:20:35.188436] [DEBUG] HTTP request headers parsed
[2025-11-05T23:20:35.188366] [INFO] Configuration loaded
[2025-11-05T23:20:35.188468] [DEBUG] Entering function process_data()
[2025-11-05T23:20:35.188405] [INFO] Session started
[2025-11-05T23:20:35.188370] [INFO] User logged in
