[2025-11-05T23:20:44.000336] [ERROR] Disk read failed
[2025-11-05T23:20:44.000299] [INFO] Health check passed
[2025-11-05T23:20:44.000251] [INFO] Cache hit
[2025-11-05T23:20:44.000256] [INFO] Request processed successfully
[2025-11-05T23:20:44.000331] [ERROR] Database connection lost
[2025-11-05T23:20:44.000281] [INFO] Cache hit
[2025-11-05T23:20:44.000241] [INFO] Request processed successfully
[2025-11-05T23:20:44.000285] [INFO] Connection established
[2025-11-05T23:20:44.000277] [INFO] Transaction completed
[2025-11-05T23:20:44.000260] [INFO] Health check passed
[2025-11-05T23:20:44.000325] [WARN] High memory usage detected
[2025-11-05T23:20:44.000264] [INFO] Cache hit
[2025-11-05T23:20:44.000368] [DEBUG] Buffer size: 4096 bytes
[2025-11-05T23:20:44.000310] [WARN] Slow query performance
[2025-11-05T23:20:44.000315] [WARN] Connection retry attempt
[2025-11-05T23:20:44.000303] [INFO] Database query executed
[2025-11-05T23:20:44.000320] [WARN] Timeout warning
[2025-11-05T23:20:44.000347] [DEBUG] Loop iteration: 15
[2025-11-05T23:20:44.000269] [INFO] Service initialized
[2025-11-05T23:20:44.000356] [DEBUG] Buffer size: 4096 bytes
[2025-11-05T23:20:44.000363] [DEBUG] Loop iteration: 15
[2025-11-05T23:20:44.000342] [DEBUG] Loop iteration: 15
[2025-11-05T23:20:44.000229] [INFO] Session started
[2025-11-05T23:20:44.000290] [INFO] Transaction completed
[2025-11-05T23:20:44.000273] [INFO] Database query executed
[2025-11-05T23:20:44.000201] [INFO] Request processed successfully
[2025-11-05T23:20:44.000352] [DEBUG] Timer set: 30 seconds
[2025-11-05T23:20:44.000236] [INFO] Connection established
[2025-11-05T23:20:44.000246] [INFO] Transaction completed
[2025-11-05T23:20:44.000294] [INFO] Connection established
