[2025-11-05T23:20:29.798619] [INFO] Connection established
[2025-11-05T23:20:29.798694] [DEBUG] Thread pool size: 8
[2025-11-05T23:20:29.798577] [INFO] Session started
[2025-11-05T23:20:29.798606] [INFO] Connection established
[2025-11-05T23:20:29.798649] [WARN] Resource threshold approaching
[2025-11-05T23:20:29.798685] [DEBUG] Buffer size: 4096 bytes
[2025-11-05T23:20:29.798680] [DEBUG] Memory allocation: 2048 bytes
[2025-11-05T23:20:29.798643] [WARN] Timeout warning
[2025-11-05T23:20:29.798633] [WARN] High memory usage detected
[2025-11-05T23:20:29.798671] [DEBUG] Connection pool status checked
[2025-11-05T23:20:29.798583] [INFO] Configuration loaded
[2025-11-05T23:20:29.798592] [INFO] Session started
[2025-11-05T23:20:29.798660] [ERROR] Request failed
[2025-11-05T23:20:29.798703] [DEBUG] Buffer size: 4096 bytes
[2025-11-05T23:20:29.798639] [WARN] Queue size growing
[2025-11-05T23:20:29.798690] [DEBUG] Buffer size: 4096 bytes
[2025-11-05T23:20:29.798601] [INFO] Cache hit
[2025-11-05T23:20:29.798614] [INFO] Database query executed
[2025-11-05T23:20:29.798623] [INFO] Request processed successfully
[2025-11-05T23:20:29.798655] [ERROR] Disk read failed
[2025-11-05T23:20:29.798543] [INFO] Transaction completed
[2025-11-05T23:20:29.798676] [DEBUG] Entering function process_data()
[2025-11-05T23:20:29.798610] [INFO] Service initialized
[2025-11-05T23:20:29.798627] [INFO] Transaction completed
[2025-11-05T23:20:29.798666] [DEBUG] Cache key generated
[2025-11-05T23:20:29.798571] [INFO] Connection established
[2025-11-05T23:20:29.798597] [INFO] Database query executed
[2025-11-05T23:20:29.798699] [DEBUG] Timer set: 30 seconds
[2025-11-05T23:20:29.798587] [INFO] Request processed successfully
