[2025-11-05T23:20:16.597033] [INFO] User logged in
[2025-11-05T23:20:16.597024] [INFO] Request processed successfully
[2025-11-05T23:20:16.597066] [WARN] Deprecated API usage
[2025-11-05T23:20:16.597001] [INFO] Service initialized
[2025-11-05T23:20:16.597061] [WARN] Connection retry attempt
[2025-11-05T23:20:16.597124] [DEBUG] HTTP request headers parsed
[2025-11-05T23:20:16.597085] [ERROR] Database connection lost
[2025-11-05T23:20:16.597051] [INFO] User logged in
[2025-11-05T23:20:16.597011] [INFO] Connection established
[2025-11-05T23:20:16.597071] [WARN] Deprecated API usage
[2025-11-05T23:20:16.596961] [INFO] Service initialized
[2025-11-05T23:20:16.597055] [INFO] Configuration loaded
[2025-11-05T23:20:16.596995] [INFO] Cache hit
[2025-11-05T23:20:16.597043] [INFO] Session started
[2025-11-05T23:20:16.597075] [WARN] Deprecated API usage
[2025-11-05T23:20:16.597128] [DEBUG] Entering function process_data()
[2025-11-05T23:20:16.597110] [DEBUG] HTTP request headers parsed
[2025-11-05T23:20:16.597115] [DEBUG] Connection pool status checked
[2025-11-05T23:20:16.597020] [INFO] Database query executed
[2025-11-05T23:20:16.597137] [DEBUG] Loop iteration: 15
[2025-11-05T23:20:16.597047] [INFO] Configuration loaded
[2025-11-05T23:20:16.597029] [INFO] Database query executed
[2025-11-05T23:20:16.596990] [INFO] Request processed successfully
[2025-11-05T23:20:16.597006] [INFO] Configuration loaded
[2025-11-05T23:20:16.597090] [ERROR] Request failed
[2025-11-05T23:20:16.597038] [INFO] Connection established
[2025-11-05T23:20:16.597143] [DEBUG] Entering function process_data()
[2025-11-05T23:20:16.597152] [DEBUG] Thread pool size: 8
[2025-11-05T23:20:16.597079] [WARN] Disk space low
[2025-11-05T23:20:16.597132] [DEBUG] Variable value: x=42
[2025-11-05T23:20:16.597119] [DEBUG] Buffer size: 4096 bytes
[2025-11-05T23:20:16.597105] [DEBUG] Thread pool size: 8
[2025-11-05T23:20:16.597095] [ERROR] Request failed
[2025-11-05T23:20:16.597099] [ERROR] File not found
[2025-11-05T23:20:16.597147] [DEBUG] Cache key generated
[2025-11-05T23:20:16.597015] [INFO] Database query executed
