[2025-11-05T23:20:52.678981] [WARN] Queue size growing
[2025-11-05T23:20:52.678924] [INFO] Database query executed
[2025-11-05T23:20:52.678938] [INFO] Configuration loaded
[2025-11-05T23:20:52.678934] [INFO] Service initialized
[2025-11-05T23:20:52.679016] [DEBUG] Buffer size: 4096 bytes
[2025-11-05T23:20:52.678950] [INFO] Session started
[2025-11-05T23:20:52.678977] [WARN] Queue size growing
[2025-11-05T23:20:52.678942] [INFO] Session started
[2025-11-05T23:20:52.679004] [DEBUG] Entering function process_data()
[2025-11-05T23:20:52.678920] [INFO] User logged in
[2025-11-05T23:20:52.678962] [INFO] Request processed successfully
[2025-11-05T23:20:52.678946] [INFO] Configuration loaded
[2025-11-05T23:20:52.678929] [INFO] Cache hit
[2025-11-05T23:20:52.678990] [ERROR] File not found
[2025-11-05T23:20:52.678883] [INFO] User logged in
[2025-11-05T23:20:52.679000] [DEBUG] HTTP request headers parsed
[2025-11-05T23:20:52.679008] [DEBUG] Thread pool size: 8
[2025-11-05T23:20:52.678995] [ERROR] File not found
[2025-11-05T23:20:52.679020] [DEBUG] Cache key generated
[2025-11-05T23:20:52.679012] [DEBUG] Cache key generated
[2025-11-05T23:20:52.678985] [WARN] Queue size growing
[2025-11-05T23:20:52.678958] [INFO] Service initialized
[2025-11-05T23:20:52.678915] [INFO] User logged in
[2025-11-05T23:20:52.678954] [INFO] Database query executed
[2025-11-05T23:20:52.678972] [WARN] Queue size growing
[2025-11-05T23:20:52.678966] [INFO] Service initialized
[2025-11-05T23:20:52.678909] [INFO] Database query executed
