[2025-11-05T23:20:40.144353] [INFO] Database query executed
[2025-11-05T23:20:40.144381] [INFO] User logged in
[2025-11-05T23:20:40.144428] [WARN] Cache miss
[2025-11-05T23:20:40.144464] [DEBUG] Variable value: x=42
[2025-11-05T23:20:40.144408] [INFO] Health check passed
[2025-11-05T23:20:40.144437] [WARN] Timeout warning
[2025-11-05T23:20:40.144404] [INFO] Transaction completed
[2025-11-05T23:20:40.144442] [ERROR] Database connection lost
[2025-11-05T23:20:40.144468] [DEBUG] Cache key generated
[2025-11-05T23:20:40.144460] [DEBUG] Timer set: 30 seconds
[2025-11-05T23:20:40.144418] [INFO] Request processed successfully
[2025-11-05T23:20:40.144376] [INFO] Cache hit
[2025-11-05T23:20:40.144386] [INFO] Cache hit
[2025-11-05T23:20:40.144432] [WARN] High memory usage detected
[2025-11-05T23:20:40.144395] [INFO] Connection established
[2025-11-05T23:20:40.144456] [DEBUG] Loop iteration: 15
[2025-11-05T23:20:40.144391] [INFO] User logged in
[2025-11-05T23:20:40.144472] [DEBUG] Cache key generated
[2025-11-05T23:20:40.144446] [ERROR] Request failed
[2025-11-05T23:20:40.144452] [DEBUG] Thread pool size: 8
[2025-11-05T23:20:40.144399] [INFO] Service initialized
[2025-11-05T23:20:40.144422] [INFO] Request processed successfully
[2025-11-05T23:20:40.144414] [INFO] Health check passed
[2025-11-05T23:20:40.144476] [DEBUG] Cache key generated
