[2025-11-05T23:20:44.376336] [DEBUG] Memory allocation: 2048 bytes
[2025-11-05T23:20:44.376332] [DEBUG] Connection pool status checked
[2025-11-05T23:20:44.376262] [INFO] Configuration loaded
[2025-11-05T23:20:44.376303] [WARN] High memory usage detected
[2025-11-05T23:20:44.376340] [DEBUG] HTTP request headers parsed
[2025-11-05T23:20:44.376367] [DEBUG] Buffer size: 4096 bytes
[2025-11-05T23:20:44.376274] [INFO] Connection established
[2025-11-05T23:20:44.376220] [INFO] Health check passed
[2025-11-05T23:20:44.376371] [DEBUG] Thread pool size: 8
[2025-11-05T23:20:44.376345] [DEBUG] Timer set: 30 seconds
[2025-11-05T23:20:44.376249] [INFO] Configuration loaded
[2025-11-05T23:20:44.376362] [DEBUG] Variable value: x=42
[2025-11-05T23:20:44.376266] [INFO] Database query executed
[2025-11-05T23:20:44.376282] [INFO] Health check passed
[2025-11-05T23:20:44.376288] [WARN] Rate limit approaching
[2025-11-05T23:20:44.376354] [DEBUG] Buffer size: 4096 bytes
[2025-11-05T23:20:44.376309] [ERROR] Memory allocation error
[2025-11-05T23:20:44.376299] [WARN] Deprecated API usage
[2025-11-05T23:20:44.376195] [INFO] Configuration loaded
[2025-11-05T23:20:44.376327] [DEBUG] Buffer size: 4096 bytes
[2025-11-05T23:20:44.376253] [INFO] Service initialized
[2025-11-05T23:20:44.376350] [DEBUG] Loop iteration: 15
[2025-11-05T23:20:44.376245] [INFO] Request processed successfully
[2025-11-05T23:20:44.376278] [INFO] Database query executed
[2025-11-05T23:20:44.376258] [INFO] Transaction completed
[2025-11-05T23:20:44.376270] [INFO] Health check passed
[2025-11-05T23:20:44.376294] [WARN] Deprecated API usage
[2025-11-05T23:20:44.376240] [INFO] Transaction completed
[2025-11-05T23:20:44.376314] [DEBUG] Entering function process_data()
[2025-11-05T23:20:44.376358] [DEBUG] HTTP request headers parsed
[2025-11-05T23:20:44.376319] [DEBUG] Thread pool size: 8
[2025-11-05T23:20:44.376231] [INFO] Configuration loaded
[2025-11-05T23:20:44.376235] [INFO] Health check passed
[2025-11-05T23:20:44.376226] [INFO] Request processed successfully
[2025-11-05T23:20:44.376323] [DEBUG] Loop iteration: 15
