[2025-11-05T23:20:34.458986] [ERROR] Request failed
[2025-11-05T23:20:34.459010] [DEBUG] Buffer size: 4096 bytes
[2025-11-05T23:20:34.458910] [INFO] Session started
[2025-11-05T23:20:34.458887] [INFO] Transaction completed
[2025-11-05T23:20:34.458950] [INFO] Session started
[2025-11-05T23:20:34.458992] [ERROR] File not found
[2025-11-05T23:20:34.458933] [INFO] User logged in
[2025-11-05T23:20:34.459024] [DEBUG] Timer set: 30 seconds
[2025-11-05T23:20:34.459032] [DEBUG] Connection pool status checked
[2025-11-05T23:20:34.458881] [INFO] Service initialized
[2025-11-05T23:20:34.459015] [DEBUG] Memory allocation: 2048 bytes
[2025-11-05T23:20:34.458922] [INFO] Connection established
[2025-11-05T23:20:34.459027] [DEBUG] Entering function process_data()
[2025-11-05T23:20:34.458959] [INFO] Service initialized
[2025-11-05T23:20:34.458979] [WARN] Resource threshold approaching
[2025-11-05T23:20:34.458999] [DEBUG] Connection pool status checked
[2025-11-05T23:20:34.458965] [INFO] Configuration loaded
[2025-11-05T23:20:34.458972] [WARN] Connection retry attempt
[2025-11-05T23:20:34.458891] [INFO] Request processed successfully
[2025-11-05T23:20:34.458955] [INFO] Database query executed
[2025-11-05T23:20:34.458896] [INFO] Request processed successfully
[2025-11-05T23:20:34.458944] [INFO] Cache hit
[2025-11-05T23:20:34.459019] [DEBUG] Connection pool status checked
[2025-11-05T23:20:34.458916] [INFO] Database query executed
[2025-11-05T23:20:34.458939] [INFO] Health check passed
[2025-11-05T23:20:34.459005] [DEBUG] Timer set: 30 seconds
[2025-11-05T23:20:34.458905] [INFO] Health check passed
[2025-11-05T23:20:34.458900] [INFO] Request processed successfully
[2025-11-05T23:20:34.458856] [INFO] Cache hit
[2025-11-05T23:20:34.458927] [INFO] Cache hit
