[2025-11-05T23:20:17.030871] [DEBUG] Timer set: 30 seconds
[2025-11-05T23:20:17.030758] [INFO] Service initialized
[2025-11-05T23:20:17.030798] [INFO] Session started
[2025-11-05T23:20:17.030725] [INFO] Service initialized
[2025-11-05T23:20:17.030782] [INFO] Database query executed
[2025-11-05T23:20:17.030861] [DEBUG] Loop iteration: 15
[2025-11-05T23:20:17.030841] [ERROR] Database connection lost
[2025-11-05T23:20:17.030747] [INFO] Cache hit
[2025-11-05T23:20:17.030767] [INFO] Configuration loaded
[2025-11-05T23:20:17.030812] [WARN] Queue size growing
[2025-11-05T23:20:17.030787] [INFO] Cache hit
[2025-11-05T23:20:17.030855] [DEBUG] Cache key generated
[2025-11-05T23:20:17.030792] [INFO] Service initialized
[2025-11-05T23:20:17.030698] [INFO] Connection established
[2025-11-05T23:20:17.030834] [WARN] Queue size growing
[2025-11-05T23:20:17.030804] [INFO] User logged in
[2025-11-05T23:20:17.030877] [DEBUG] Thread pool size: 8
[2025-11-05T23:20:17.030772] [INFO] Session started
[2025-11-05T23:20:17.030737] [INFO] Database query executed
[2025-11-05T23:20:17.030777] [INFO] Health check passed
[2025-11-05T23:20:17.030886] [DEBUG] Connection pool status checked
[2025-11-05T23:20:17.030881] [DEBUG] Connection pool status checked
[2025-11-05T23:20:17.030866] [DEBUG] Loop iteration: 15
[2025-11-05T23:20:17.030819] [WARN] Deprecated API usage
[2025-11-05T23:20:17.030827] [WARN] High memory usage detected
[2025-11-05T23:20:17.030848] [DEBUG] Loop iteration: 15
[2025-11-05T23:20:17.030895] [DEBUG] Thread pool size: 8
[2025-11-05T23:20:17.030731] [INFO] Service initialized
[2025-11-05T23:20:17.030762] [INFO] Cache hit
[2025-11-05T23:20:17.030890] [DEBUG] Buffer size: 4096 bytes
[2025-11-05T23:20:17.030742] [INFO] Configuration loaded
[2025-11-05T23:20:17.030753] [INFO] Transaction completed
