[2025-11-05T23:20:21.208800] [DEBUG] Buffer size: 4096 bytes
[2025-11-05T23:20:21.208692] [INFO] Connection established
[2025-11-05T23:20:21.208701] [INFO] Request processed successfully
[2025-11-05T23:20:21.208697] [INFO] User logged in
[2025-11-05T23:20:21.208658] [INFO] Cache hit
[2025-11-05T23:20:21.208717] [INFO] Session started
[2025-11-05T23:20:21.208791] [DEBUG] Connection pool status checked
[2025-11-05T23:20:21.208777] [ERROR] Invalid input data
[2025-11-05T23:20:21.208766] [WARN] High memory usage detected
[2025-11-05T23:20:21.208707] [INFO] Configuration loaded
[2025-11-05T23:20:21.208746] [INFO] Database query executed
[2025-11-05T23:20:21.208785] [DEBUG] Entering function process_data()
[2025-11-05T23:20:21.208736] [INFO] Session started
[2025-11-05T23:20:21.208755] [INFO] Database query executed
[2025-11-05T23:20:21.208760] [WARN] Timeout warning
[2025-11-05T23:20:21.208731] [INFO] User logged in
[2025-11-05T23:20:21.208810] [DEBUG] Loop iteration: 15
[2025-11-05T23:20:21.208750] [INFO] Transaction completed
[2025-11-05T23:20:21.208722] [INFO] User logged in
[2025-11-05T23:20:21.208712] [INFO] Cache hit
[2025-11-05T23:20:21.208685] [INFO] Health check passed
[2025-11-05T23:20:21.208805] [DEBUG] Cache key generated
[2025-11-05T23:20:21.208741] [INFO] User logged in
[2025-11-05T23:20:21.208772] [ERROR] Memory allocation error
[2025-11-05T23:20:21.208727] [INFO] Service initialized
[2025-11-05T23:20:21.208796] [DEBUG] Connection pool status checked
