[2025-11-05T23:20:26.081506] [DEBUG] Timer set: 30 seconds
[2025-11-05T23:20:26.081377] [INFO] Service initialized
[2025-11-05T23:20:26.081485] [DEBUG] Cache key generated
[2025-11-05T23:20:26.081431] [INFO] Configuration loaded
[2025-11-05T23:20:26.081406] [INFO] Configuration loaded
[2025-11-05T23:20:26.081496] [DEBUG] Variable value: x=42
[2025-11-05T23:20:26.081442] [INFO] Configuration loaded
[2025-11-05T23:20:26.081434] [INFO] Session started
[2025-11-05T23:20:26.081489] [DEBUG] Thread pool size: 8
[2025-11-05T23:20:26.081445] [INFO] Request processed successfully
[2025-11-05T23:20:26.081478] [DEBUG] Timer set: 30 seconds
[2025-11-05T23:20:26.081428] [INFO] Request processed successfully
[2025-11-05T23:20:26.081421] [INFO] Health check passed
[2025-11-05T23:20:26.081465] [WARN] Rate limit approaching
[2025-11-05T23:20:26.081453] [WARN] Queue size growing
[2025-11-05T23:20:26.081473] [ERROR] Database connection lost
[2025-11-05T23:20:26.081402] [INFO] Service initialized
[2025-11-05T23:20:26.081503] [DEBUG] Loop iteration: 15
[2025-11-05T23:20:26.081493] [DEBUG] Thread pool size: 8
[2025-11-05T23:20:26.081461] [WARN] Deprecated API usage
[2025-11-05T23:20:26.081418] [INFO] Transaction completed
[2025-11-05T23:20:26.081482] [DEBUG] Variable value: x=42
[2025-11-05T23:20:26.081500] [DEBUG] Variable value: x=42
[2025-11-05T23:20:26.081448] [INFO] Request processed successfully
[2025-11-05T23:20:26.081414] [INFO] Health check passed
[2025-11-05T23:20:26.081410] [INFO] Cache hit
[2025-11-05T23:20:26.081438] [INFO] Connection established
[2025-11-05T23:20:26.081457] [WARN] Rate limit approaching
[2025-11-05T23:20:26.081425] [INFO] Database query executed
[2025-11-05T23:20:26.081469] [ERROR] Permission denied
