[2025-11-05T23:20:45.398463] [WARN] Slow query performance
[2025-11-05T23:20:45.398527] [DEBUG] Buffer size: 4096 bytes
[2025-11-05T23:20:45.398407] [INFO] Connection established
[2025-11-05T23:20:45.398476] [WARN] Queue size growing
[2025-11-05T23:20:45.398428] [INFO] Transaction completed
[2025-11-05T23:20:45.398488] [WARN] Deprecated API usage
[2025-11-05T23:20:45.398416] [INFO] Connection established
[2025-11-05T23:20:45.398458] [WARN] Rate limit approaching
[2025-11-05T23:20:45.398438] [INFO] Request processed successfully
[2025-11-05T23:20:45.398398] [INFO] Connection established
[2025-11-05T23:20:45.398484] [WARN] Queue size growing
[2025-11-05T23:20:45.398442] [INFO] Request processed successfully
[2025-11-05T23:20:45.398494] [ERROR] Network timeout
[2025-11-05T23:20:45.398480] [WARN] Slow query performance
[2025-11-05T23:20:45.398472] [WARN] Disk space low
[2025-11-05T23:20:45.398468] [WARN] Queue size growing
[2025-11-05T23:20:45.398511] [DEBUG] Connection pool status checked
[2025-11-05T23:20:45.398453] [INFO] Health check passed
[2025-11-05T23:20:45.398412] [INFO] Service initialized
[2025-11-05T23:20:45.398424] [INFO] Database query executed
[2025-11-05T23:20:45.398449] [INFO] Transaction completed
[2025-11-05T23:20:45.398434] [INFO] Database query executed
[2025-11-05T23:20:45.398367] [INFO] Cache hit
[2025-11-05T23:20:45.398392] [INFO] Service initialized
[2025-11-05T23:20:45.398532] [DEBUG] Variable value: x=42
[2025-11-05T23:20:45.398445] [INFO] Service initialized
[2025-11-05T23:20:45.398536] [DEBUG] Entering function process_data()
[2025-11-05T23:20:45.398498] [ERROR] Request failed
[2025-11-05T23:20:45.398523] [DEBUG] HTTP request headers parsed
[2025-11-05T23:20:45.398520] [DEBUG] Entering function process_data()
[2025-11-05T23:20:45.398507] [DEBUG] Cache key generated
[2025-11-05T23:20:45.398403] [INFO] Cache hit
[2025-11-05T23:20:45.398420] [INFO] Configuration loaded
[2025-11-05T23:20:45.398503] [DEBUG] Cache key generated
[2025-11-05T23:20:45.398516] [DEBUG] Timer set: 30 seconds
