[2025-11-05T23:20:41.042977] [INFO] Session started
[2025-11-05T23:20:41.043065] [DEBUG] Timer set: 30 seconds
[2025-11-05T23:20:41.043026] [INFO] Transaction completed
[2025-11-05T23:20:41.043078] [DEBUG] HTTP request headers parsed
[2025-11-05T23:20:41.043050] [ERROR] Database connection lost
[2025-11-05T23:20:41.043018] [INFO] Health check passed
[2025-11-05T23:20:41.043004] [INFO] Configuration loaded
[2025-11-05T23:20:41.042983] [INFO] User logged in
[2025-11-05T23:20:41.043056] [DEBUG] Memory allocation: 2048 bytes
[2025-11-05T23:20:41.043031] [WARN] Slow query performance
[2025-11-05T23:20:41.042996] [INFO] Session started
[2025-11-05T23:20:41.043013] [INFO] Service initialized
[2025-11-05T23:20:41.043061] [DEBUG] Variable value: x=42
[2025-11-05T23:20:41.042951] [INFO] Configuration loaded
[2025-11-05T23:20:41.043036] [WARN] Rate limit approaching
[2025-11-05T23:20:41.042987] [INFO] Database query executed
[2025-11-05T23:20:41.043087] [DEBUG] HTTP request headers parsed
[2025-11-05T23:20:41.043022] [INFO] Database query executed
[2025-11-05T23:20:41.043091] [DEBUG] Cache key generated
[2025-11-05T23:20:41.043045] [WARN] Resource threshold approaching
[2025-11-05T23:20:41.043074] [DEBUG] Buffer size: 4096 bytes
[2025-11-05T23:20:41.043069] [DEBUG] HTTP request headers parsed
[2025-11-05T23:20:41.043008] [INFO] Session started
[2025-11-05T23:20:41.043000] [INFO] Session started
[2025-11-05T23:20:41.043041] [WARN] Deprecated API usage
[2025-11-05T23:20:41.042992] [INFO] User logged in
[2025-11-05T23:20:41.043082] [DEBUG] Connection pool status checked
