[2025-11-05T23:20:21.058673] [WARN] Connection retry attempt
[2025-11-05T23:20:21.058638] [INFO] Transaction completed
[2025-11-05T23:20:21.058698] [WARN] High memory usage detected
[2025-11-05T23:20:21.058658] [INFO] Health check passed
[2025-11-05T23:20:21.058720] [DEBUG] Buffer size: 4096 bytes
[2025-11-05T23:20:21.058643] [INFO] Session started
[2025-11-05T23:20:21.058744] [DEBUG] HTTP request headers parsed
[2025-11-05T23:20:21.058648] [INFO] Configuration loaded
[2025-11-05T23:20:21.058693] [WARN] Resource threshold approaching
[2025-11-05T23:20:21.058754] [DEBUG] Memory allocation: 2048 bytes
[2025-11-05T23:20:21.058759] [DEBUG] Thread pool size: 8
[2025-11-05T23:20:21.058610] [INFO] Connection established
[2025-11-05T23:20:21.058666] [WARN] High memory usage detected
[2025-11-05T23:20:21.058634] [INFO] Health check passed
[2025-11-05T23:20:21.058725] [DEBUG] Connection pool status checked
[2025-11-05T23:20:21.058560] [INFO] User logged in
[2025-11-05T23:20:21.058652] [INFO] Health check passed
[2025-11-05T23:20:21.058735] [DEBUG] Thread pool size: 8
[2025-11-05T23:20:21.058749] [DEBUG] Cache key generated
[2025-11-05T23:20:21.058702] [WARN] Connection retry attempt
[2025-11-05T23:20:21.058714] [ERROR] Service unavailable
[2025-11-05T23:20:21.058587] [INFO] Database query executed
[2025-11-05T23:20:21.058620] [INFO] User logged in
[2025-11-05T23:20:21.058708] [ERROR] Memory allocation error
[2025-11-05T23:20:21.058740] [DEBUG] Connection pool status checked
[2025-11-05T23:20:21.058599] [INFO] Request processed successfully
[2025-11-05T23:20:21.058629] [INFO] Request processed successfully
[2025-11-05T23:20:21.058615] [INFO] Database query executed
[2025-11-05T23:20:21.058594] [INFO] Transaction completed
[2025-11-05T23:20:21.058684] [WARN] Cache miss
[2025-11-05T23:20:21.058605] [INFO] Connection established
[2025-11-05T23:20:21.058624] [INFO] Configuration loaded
[2025-11-05T23:20:21.058688] [WARN] Deprecated API usage
[2025-11-05T23:20:21.058730] [DEBUG] Variable value: x=42
[2025-11-05T23:20:21.058679] [WARN] Connection retry attempt
