[2025-11-05T23:20:31.389246] [INFO] Request processed successfully
[2025-11-05T23:20:31.389219] [INFO] Health check passed
[2025-11-05T23:20:31.389282] [WARN] Rate limit approaching
[2025-11-05T23:20:31.389214] [INFO] Request processed successfully
[2025-11-05T23:20:31.389272] [WARN] Deprecated API usage
[2025-11-05T23:20:31.389237] [INFO] Service initialized
[2025-11-05T23:20:31.389267] [INFO] Health check passed
[2025-11-05T23:20:31.389291] [WARN] Timeout warning
[2025-11-05T23:20:31.389232] [INFO] Configuration loaded
[2025-11-05T23:20:31.389322] [DEBUG] Entering function process_data()
[2025-11-05T23:20:31.389302] [ERROR] Database connection lost
[2025-11-05T23:20:31.389331] [DEBUG] Thread pool size: 8
[2025-11-05T23:20:31.389183] [INFO] Database query executed
[2025-11-05T23:20:31.389317] [DEBUG] Loop iteration: 15
[2025-11-05T23:20:31.389228] [INFO] Connection established
[2025-11-05T23:20:31.389326] [DEBUG] Timer set: 30 seconds
[2025-11-05T23:20:31.389286] [WARN] Cache miss
[2025-11-05T23:20:31.389258] [INFO] Service initialized
[2025-11-05T23:20:31.389254] [INFO] Service initialized
[2025-11-05T23:20:31.389277] [WARN] Cache miss
[2025-11-05T23:20:31.389263] [INFO] Configuration loaded
[2025-11-05T23:20:31.389250] [INFO] Service initialized
[2025-11-05T23:20:31.389224] [INFO] Configuration loaded
[2025-11-05T23:20:31.389209] [INFO] Request processed successfully
[2025-11-05T23:20:31.389313] [DEBUG] HTTP request headers parsed
[2025-11-05T23:20:31.389242] [INFO] Session started
[2025-11-05T23:20:31.389308] [DEBUG] Loop iteration: 15
[2025-11-05T23:20:31.389297] [ERROR] Network timeout
