[2025-11-05T23:20:27.764972] [INFO] Transaction completed
[2025-11-05T23:20:27.764938] [INFO] Request processed successfully
[2025-11-05T23:20:27.764992] [INFO] Configuration loaded
[2025-11-05T23:20:27.765048] [DEBUG] Connection pool status checked
[2025-11-05T23:20:27.765037] [DEBUG] Buffer size: 4096 bytes
[2025-11-05T23:20:27.765052] [DEBUG] Loop iteration: 15
[2025-11-05T23:20:27.765017] [ERROR] Authentication failed
[2025-11-05T23:20:27.764984] [INFO] Transaction completed
[2025-11-05T23:20:27.764976] [INFO] Service initialized
[2025-11-05T23:20:27.764956] [INFO] Connection established
[2025-11-05T23:20:27.764967] [INFO] User logged in
[2025-11-05T23:20:27.765006] [WARN] Slow query performance
[2025-11-05T23:20:27.765032] [DEBUG] Memory allocation: 2048 bytes
[2025-11-05T23:20:27.765022] [ERROR] Invalid input data
[2025-11-05T23:20:27.764933] [INFO] User logged in
[2025-11-05T23:20:27.764947] [INFO] Request processed successfully
[2025-11-05T23:20:27.764943] [INFO] Cache hit
[2025-11-05T23:20:27.765042] [DEBUG] Entering function process_data()
[2025-11-05T23:20:27.764996] [INFO] Request processed successfully
[2025-11-05T23:20:27.764988] [INFO] Session started
[2025-11-05T23:20:27.765028] [DEBUG] Loop iteration: 15
[2025-11-05T23:20:27.764906] [INFO] User logged in
[2025-11-05T23:20:27.764962] [INFO] User logged in
[2025-11-05T23:20:27.764980] [INFO] User logged in
[2025-11-05T23:20:27.764952] [INFO] Transaction completed
[2025-11-05T23:20:27.765001] [WARN] Cache miss
[2025-11-05T23:20:27.765011] [WARN] Deprecated API usage
