[2025-11-05T23:20:33.002521] [INFO] Service initialized
[2025-11-05T23:20:33.002576] [INFO] Configuration loaded
[2025-11-05T23:20:33.002598] [WARN] Rate limit approaching
[2025-11-05T23:20:33.002587] [WARN] Resource threshold approaching
[2025-11-05T23:20:33.002531] [INFO] Cache hit
[2025-11-05T23:20:33.002485] [INFO] Cache hit
[2025-11-05T23:20:33.002619] [ERROR] Service unavailable
[2025-11-05T23:20:33.002511] [INFO] Session started
[2025-11-05T23:20:33.002631] [DEBUG] Variable value: x=42
[2025-11-05T23:20:33.002546] [INFO] Cache hit
[2025-11-05T23:20:33.002626] [DEBUG] Cache key generated
[2025-11-05T23:20:33.002636] [DEBUG] Thread pool size: 8
[2025-11-05T23:20:33.002609] [WARN] Rate limit approaching
[2025-11-05T23:20:33.002594] [WARN] Timeout warning
[2025-11-05T23:20:33.002603] [WARN] Disk space low
[2025-11-05T23:20:33.002615] [ERROR] Network timeout
[2025-11-05T23:20:33.002583] [WARN] Cache miss
[2025-11-05T23:20:33.002538] [INFO] Health check passed
[2025-11-05T23:20:33.002526] [INFO] Request processed successfully
[2025-11-05T23:20:33.002566] [INFO] Session started
[2025-11-05T23:20:33.002551] [INFO] User logged in
[2025-11-05T23:20:33.002557] [INFO] Database query executed
[2025-11-05T23:20:33.002542] [INFO] Configuration loaded
[2025-11-05T23:20:33.002571] [INFO] Cache hit
[2025-11-05T23:20:33.002516] [INFO] Health check passed
[2025-11-05T23:20:33.002561] [INFO] Cache hit
