[2025-11-05T23:20:34.969587] [DEBUG] Buffer size: 4096 bytes
[2025-11-05T23:20:34.969536] [INFO] Service initialized
[2025-11-05T23:20:34.969519] [INFO] Session started
[2025-11-05T23:20:34.969554] [WARN] Resource threshold approaching
[2025-11-05T23:20:34.969622] [DEBUG] Memory allocation: 2048 bytes
[2025-11-05T23:20:34.969507] [INFO] Connection established
[2025-11-05T23:20:34.969544] [INFO] Database query executed
[2025-11-05T23:20:34.969497] [INFO] Configuration loaded
[2025-11-05T23:20:34.969592] [DEBUG] Buffer size: 4096 bytes
[2025-11-05T23:20:34.969614] [DEBUG] Connection pool status checked
[2025-11-05T23:20:34.969540] [INFO] Database query executed
[2025-11-05T23:20:34.969559] [WARN] Resource threshold approaching
[2025-11-05T23:20:34.969563] [WARN] Timeout warning
[2025-11-05T23:20:34.969605] [DEBUG] Entering function process_data()
[2025-11-05T23:20:34.969609] [DEBUG] Memory allocation: 2048 bytes
[2025-11-05T23:20:34.969532] [INFO] User logged in
[2025-11-05T23:20:34.969502] [INFO] Session started
[2025-11-05T23:20:34.969485] [INFO] User logged in
[2025-11-05T23:20:34.969528] [INFO] Session started
[2025-11-05T23:20:34.969459] [INFO] Database query executed
[2025-11-05T23:20:34.969596] [DEBUG] Entering function process_data()
[2025-11-05T23:20:34.969491] [INFO] Service initialized
[2025-11-05T23:20:34.969582] [ERROR] Service unavailable
[2025-11-05T23:20:34.969549] [WARN] Timeout warning
[2025-11-05T23:20:34.969515] [INFO] Database query executed
[2025-11-05T23:20:34.969572] [WARN] Resource threshold approaching
[2025-11-05T23:20:34.969567] [WARN] Slow query performance
[2025-11-05T23:20:34.969618] [DEBUG] Thread pool size: 8
[2025-11-05T23:20:34.969601] [DEBUG] Loop iteration: 15
[2025-11-05T23:20:34.969511] [INFO] Request processed successfully
[2025-11-05T23:20:34.969524] [INFO] Health check passed
[2025-11-05T23:20:34.969577] [ERROR] Request failed
