[2025-11-05T23:20:53.577347] [INFO] Cache hit
[2025-11-05T23:20:53.577353] [INFO] Transaction completed
[2025-11-05T23:20:53.577428] [DEBUG] Buffer size: 4096 bytes
[2025-11-05T23:20:53.577401] [WARN] Cache miss
[2025-11-05T23:20:53.577419] [DEBUG] Connection pool status checked
[2025-11-05T23:20:53.577452] [DEBUG] Loop iteration: 15
[2025-11-05T23:20:53.577404] [WARN] Queue size growing
[2025-11-05T23:20:53.577414] [ERROR] Authentication failed
[2025-11-05T23:20:53.577424] [DEBUG] HTTP request headers parsed
[2025-11-05T23:20:53.577383] [INFO] Database query executed
[2025-11-05T23:20:53.577362] [INFO] Cache hit
[2025-11-05T23:20:53.577409] [ERROR] Disk read failed
[2025-11-05T23:20:53.577387] [INFO] Cache hit
[2025-11-05T23:20:53.577322] [INFO] Transaction completed
[2025-11-05T23:20:53.577392] [WARN] Slow query performance
[2025-11-05T23:20:53.577366] [INFO] Connection established
[2025-11-05T23:20:53.577460] [DEBUG] Cache key generated
[2025-11-05T23:20:53.577456] [DEBUG] Connection pool status checked
[2025-11-05T23:20:53.577432] [DEBUG] Variable value: x=42
[2025-11-05T23:20:53.577379] [INFO] Database query executed
[2025-11-05T23:20:53.577464] [DEBUG] HTTP request headers parsed
[2025-11-05T23:20:53.577436] [DEBUG] Entering function process_data()
[2025-11-05T23:20:53.577396] [WARN] Deprecated API usage
[2025-11-05T23:20:53.577444] [DEBUG] Timer set: 30 seconds
[2025-11-05T23:20:53.577358] [INFO] Transaction completed
[2025-11-05T23:20:53.577375] [INFO] Session started
[2025-11-05T23:20:53.577371] [INFO] Session started
[2025-11-05T23:20:53.577448] [DEBUG] Variable value: x=42
[2025-11-05T23:20:53.577440] [DEBUG] Entering function process_data()
