[2025-11-05T23:20:14.199748] [INFO] Transaction completed
[2025-11-05T23:20:14.199784] [WARN] Rate limit approaching
[2025-11-05T23:20:14.199762] [INFO] Session started
[2025-11-05T23:20:14.199697] [INFO] Service initialized
[2025-11-05T23:20:14.199751] [INFO] Transaction completed
[2025-11-05T23:20:14.199776] [WARN] Slow query performance
[2025-11-05T23:20:14.199781] [WARN] Deprecated API usage
[2025-11-05T23:20:14.199803] [DEBUG] Cache key generated
[2025-11-05T23:20:14.199813] [DEBUG] Timer set: 30 seconds
[2025-11-05T23:20:14.199730] [INFO] Session started
[2025-11-05T23:20:14.199816] [DEBUG] Memory allocation: 2048 bytes
[2025-11-05T23:20:14.199789] [ERROR] Database connection lost
[2025-11-05T23:20:14.199810] [DEBUG] Cache key generated
[2025-11-05T23:20:14.199755] [INFO] User logged in
[2025-11-05T23:20:14.199823] [DEBUG] Connection pool status checked
[2025-11-05T23:20:14.199826] [DEBUG] Buffer size: 4096 bytes
[2025-11-05T23:20:14.199807] [DEBUG] HTTP request headers parsed
[2025-11-05T23:20:14.199734] [INFO] Service initialized
[2025-11-05T23:20:14.199765] [INFO] Configuration loaded
[2025-11-05T23:20:14.199820] [DEBUG] Connection pool status checked
[2025-11-05T23:20:14.199793] [DEBUG] Connection pool status checked
[2025-11-05T23:20:14.199722] [INFO] Request processed successfully
[2025-11-05T23:20:14.199745] [INFO] Configuration loaded
[2025-11-05T23:20:14.199741] [INFO] Configuration loaded
[2025-11-05T23:20:14.199772] [WARN] Resource threshold approaching
[2025-11-05T23:20:14.199800] [DEBUG] Timer set: 30 seconds
[2025-11-05T23:20:14.199738] [INFO] Transaction completed
[2025-11-05T23:20:14.199758] [INFO] Cache hit
[2025-11-05T23:20:14.199796] [DEBUG] Thread pool size: 8
[2025-11-05T23:20:14.199727] [INFO] Cache hit
[2025-11-05T23:20:14.199830] [DEBUG] Connection pool status checked
[2025-11-05T23:20:14.199768] [INFO] Transaction completed
