[2025-11-05T23:20:14.297824] [INFO] Database query executed
[2025-11-05T23:20:14.297900] [DEBUG] Entering function process_data()
[2025-11-05T23:20:14.297817] [INFO] Cache hit
[2025-11-05T23:20:14.297839] [INFO] Health check passed
[2025-11-05T23:20:14.297866] [ERROR] Service unavailable
[2025-11-05T23:20:14.297889] [DEBUG] Timer set: 30 seconds
[2025-11-05T23:20:14.297797] [INFO] Database query executed
[2025-11-05T23:20:14.297885] [DEBUG] Buffer size: 4096 bytes
[2025-11-05T23:20:14.297808] [INFO] Configuration loaded
[2025-11-05T23:20:14.297812] [INFO] Request processed successfully
[2025-11-05T23:20:14.297832] [INFO] Cache hit
[2025-11-05T23:20:14.297844] [WARN] Deprecated API usage
[2025-11-05T23:20:14.297821] [INFO] Configuration loaded
[2025-11-05T23:20:14.297878] [DEBUG] Variable value: x=42
[2025-11-05T23:20:14.297862] [ERROR] Database connection lost
[2025-11-05T23:20:14.297869] [ERROR] Disk read failed
[2025-11-05T23:20:14.297787] [INFO] Connection established
[2025-11-05T23:20:14.297904] [DEBUG] HTTP request headers parsed
[2025-11-05T23:20:14.297853] [WARN] Connection retry attempt
[2025-11-05T23:20:14.297763] [INFO] Service initialized
[2025-11-05T23:20:14.297792] [INFO] Cache hit
[2025-11-05T23:20:14.297881] [DEBUG] Variable value: x=42
[2025-11-05T23:20:14.297874] [DEBUG] Loop iteration: 15
[2025-11-05T23:20:14.297857] [WARN] Cache miss
[2025-11-05T23:20:14.297849] [WARN] Disk space low
[2025-11-05T23:20:14.297804] [INFO] Cache hit
[2025-11-05T23:20:14.297896] [DEBUG] Cache key generated
[2025-11-05T23:20:14.297835] [INFO] Transaction completed
[2025-11-05T23:20:14.297801] [INFO] Connection established
[2025-11-05T23:20:14.297893] [DEBUG] Thread pool size: 8
[2025-11-05T23:20:14.297828] [INFO] Configuration loaded
