[2025-11-05T23:20:53.914181] [DEBUG] Cache key generated
[2025-11-05T23:20:53.914121] [INFO] User logged in
[2025-11-05T23:20:53.914108] [INFO] Cache hit
[2025-11-05T23:20:53.914136] [INFO] User logged in
[2025-11-05T23:20:53.914143] [INFO] Database query executed
[2025-11-05T23:20:53.914157] [WARN] Timeout warning
[2025-11-05T23:20:53.914185] [DEBUG] Timer set: 30 seconds
[2025-11-05T23:20:53.914205] [DEBUG] Variable value: x=42
[2025-11-05T23:20:53.914149] [INFO] Request processed successfully
[2025-11-05T23:20:53.914199] [DEBUG] Cache key generated
[2025-11-05T23:20:53.914162] [WARN] Queue size growing
[2025-11-05T23:20:53.914209] [DEBUG] Thread pool size: 8
[2025-11-05T23:20:53.914195] [DEBUG] Timer set: 30 seconds
[2025-11-05T23:20:53.914139] [INFO] User logged in
[2025-11-05T23:20:53.914202] [DEBUG] Loop iteration: 15
[2025-11-05T23:20:53.914177] [ERROR] Request failed
[2025-11-05T23:20:53.914153] [INFO] User logged in
[2025-11-05T23:20:53.914165] [WARN] Disk space low
[2025-11-05T23:20:53.914084] [INFO] Connection established
[2025-11-05T23:20:53.914125] [INFO] Service initialized
[2025-11-05T23:20:53.914169] [WARN] Cache miss
[2025-11-05T23:20:53.914173] [WARN] Disk space low
[2025-11-05T23:20:53.914189] [DEBUG] Memory allocation: 2048 bytes
[2025-11-05T23:20:53.914132] [INFO] User logged in
[2025-11-05T23:20:53.914192] [DEBUG] Loop iteration: 15
[2025-11-05T23:20:53.914118] [INFO] Connection established
[2025-11-05T23:20:53.914129] [INFO] Configuration loaded
[2025-11-05T23:20:53.914146] [INFO] Session started
[2025-11-05T23:20:53.914113] [INFO] Transaction completed
