[2025-11-05T23:20:19.742937] [INFO] Health check passed
[2025-11-05T23:20:19.743000] [INFO] Service initialized
[2025-11-05T23:20:19.742987] [INFO] Service initialized
[2025-11-05T23:20:19.743089] [DEBUG] Timer set: 30 seconds
[2025-11-05T23:20:19.743014] [INFO] Health check passed
[2025-11-05T23:20:19.743052] [ERROR] Service unavailable
[2025-11-05T23:20:19.743085] [DEBUG] Thread pool size: 8
[2025-11-05T23:20:19.743058] [DEBUG] Timer set: 30 seconds
[2025-11-05T23:20:19.742992] [INFO] Database query executed
[2025-11-05T23:20:19.743080] [DEBUG] HTTP request headers parsed
[2025-11-05T23:20:19.742965] [INFO] Health check passed
[2025-11-05T23:20:19.742972] [INFO] Request processed successfully
[2025-11-05T23:20:19.743072] [DEBUG] Entering function process_data()
[2025-11-05T23:20:19.743005] [INFO] Configuration loaded
[2025-11-05T23:20:19.742977] [INFO] Request processed successfully
[2025-11-05T23:20:19.742982] [INFO] Database query executed
[2025-11-05T23:20:19.743077] [DEBUG] Loop iteration: 15
[2025-11-05T23:20:19.743039] [WARN] Timeout warning
[2025-11-05T23:20:19.742996] [INFO] Session started
[2025-11-05T23:20:19.743023] [INFO] Transaction completed
[2025-11-05T23:20:19.743010] [INFO] Service initialized
[2025-11-05T23:20:19.743034] [WARN] Queue size growing
[2025-11-05T23:20:19.743094] [DEBUG] Variable value: x=42
[2025-11-05T23:20:19.743047] [ERROR] Memory allocation error
[2025-11-05T23:20:19.743068] [DEBUG] Cache key generated
[2025-11-05T23:20:19.743027] [INFO] Transaction completed
[2025-11-05T23:20:19.743019] [INFO] Session started
[2025-11-05T23:20:19.743063] [DEBUG] Cache key generated
