[2025-11-05T23:20:32.835270] [INFO] User logged in
[2025-11-05T23:20:32.835291] [INFO] Transaction completed
[2025-11-05T23:20:32.835288] [INFO] Request processed successfully
[2025-11-05T23:20:32.835218] [INFO] Database query executed
[2025-11-05T23:20:32.835266] [INFO] Database query executed
[2025-11-05T23:20:32.835321] [DEBUG] Connection pool status checked
[2025-11-05T23:20:32.835296] [WARN] Deprecated API usage
[2025-11-05T23:20:32.835243] [INFO] Request processed successfully
[2025-11-05T23:20:32.835256] [INFO] Health check passed
[2025-11-05T23:20:32.835252] [INFO] Health check passed
[2025-11-05T23:20:32.835308] [WARN] High memory usage detected
[2025-11-05T23:20:32.835317] [ERROR] Invalid input data
[2025-11-05T23:20:32.835277] [INFO] Service initialized
[2025-11-05T23:20:32.835313] [ERROR] Request failed
[2025-11-05T23:20:32.835304] [WARN] Rate limit approaching
[2025-11-05T23:20:32.835259] [INFO] Database query executed
[2025-11-05T23:20:32.835281] [INFO] Cache hit
[2025-11-05T23:20:32.835285] [INFO] Database query executed
[2025-11-05T23:20:32.835330] [DEBUG] Memory allocation: 2048 bytes
[2025-11-05T23:20:32.835333] [DEBUG] Timer set: 30 seconds
[2025-11-05T23:20:32.835326] [DEBUG] Cache key generated
[2025-11-05T23:20:32.835274] [INFO] Transaction completed
[2025-11-05T23:20:32.835341] [DEBUG] HTTP request headers parsed
[2025-11-05T23:20:32.835300] [WARN] Timeout warning
[2025-11-05T23:20:32.835248] [INFO] Service initialized
[2025-11-05T23:20:32.835337] [DEBUG] Buffer size: 4096 bytes
[2025-11-05T23:20:32.835263] [INFO] Session started
