[2025-11-05T23:20:43.363459] [INFO] Session started
[2025-11-05T23:20:43.363470] [WARN] High memory usage detected
[2025-11-05T23:20:43.363463] [INFO] Service initialized
[2025-11-05T23:20:43.363421] [INFO] Service initialized
[2025-11-05T23:20:43.363514] [DEBUG] Thread pool size: 8
[2025-11-05T23:20:43.363527] [DEBUG] Memory allocation: 2048 bytes
[2025-11-05T23:20:43.363479] [WARN] Slow query performance
[2025-11-05T23:20:43.363438] [INFO] User logged in
[2025-11-05T23:20:43.363510] [DEBUG] Variable value: x=42
[2025-11-05T23:20:43.363434] [INFO] Session started
[2025-11-05T23:20:43.363429] [INFO] Health check passed
[2025-11-05T23:20:43.363492] [ERROR] Database connection lost
[2025-11-05T23:20:43.363485] [WARN] Connection retry attempt
[2025-11-05T23:20:43.363505] [DEBUG] Variable value: x=42
[2025-11-05T23:20:43.363451] [INFO] Service initialized
[2025-11-05T23:20:43.363443] [INFO] Cache hit
[2025-11-05T23:20:43.363425] [INFO] Service initialized
[2025-11-05T23:20:43.363535] [DEBUG] Loop iteration: 15
[2025-11-05T23:20:43.363474] [WARN] Disk space low
[2025-11-05T23:20:43.363518] [DEBUG] Timer set: 30 seconds
[2025-11-05T23:20:43.363523] [DEBUG] Memory allocation: 2048 bytes
[2025-11-05T23:20:43.363531] [DEBUG] Thread pool size: 8
[2025-11-05T23:20:43.363411] [INFO] Cache hit
[2025-11-05T23:20:43.363379] [INFO] Database query executed
[2025-11-05T23:20:43.363447] [INFO] Database query executed
[2025-11-05T23:20:43.363455] [INFO] Configuration loaded
[2025-11-05T23:20:43.363498] [DEBUG] Buffer size: 4096 bytes
[2025-11-05T23:20:43.363405] [INFO] Configuration loaded
[2025-11-05T23:20:43.363416] [INFO] Health check passed
