[2025-11-05T23:20:42.851131] [INFO] Transaction completed
[2025-11-05T23:20:42.851226] [WARN] Queue size growing
[2025-11-05T23:20:42.851200] [INFO] Health check passed
[2025-11-05T23:20:42.851280] [DEBUG] Cache key generated
[2025-11-05T23:20:42.851213] [INFO] Connection established
[2025-11-05T23:20:42.851240] [WARN] Cache miss
[2025-11-05T23:20:42.851158] [INFO] Service initialized
[2025-11-05T23:20:42.851208] [INFO] Connection established
[2025-11-05T23:20:42.851294] [DEBUG] Thread pool size: 8
[2025-11-05T23:20:42.851169] [INFO] Request processed successfully
[2025-11-05T23:20:42.851182] [INFO] User logged in
[2025-11-05T23:20:42.851187] [INFO] Connection established
[2025-11-05T23:20:42.851249] [WARN] Slow query performance
[2025-11-05T23:20:42.851191] [INFO] Request processed successfully
[2025-11-05T23:20:42.851178] [INFO] Session started
[2025-11-05T23:20:42.851289] [DEBUG] Thread pool size: 8
[2025-11-05T23:20:42.851260] [ERROR] Database connection lost
[2025-11-05T23:20:42.851217] [INFO] Transaction completed
[2025-11-05T23:20:42.851255] [ERROR] Disk read failed
[2025-11-05T23:20:42.851195] [INFO] Connection established
[2025-11-05T23:20:42.851236] [WARN] Resource threshold approaching
[2025-11-05T23:20:42.851173] [INFO] Cache hit
[2025-11-05T23:20:42.851221] [INFO] Session started
[2025-11-05T23:20:42.851275] [DEBUG] Loop iteration: 15
[2025-11-05T23:20:42.851298] [DEBUG] Thread pool size: 8
[2025-11-05T23:20:42.851302] [DEBUG] Buffer size: 4096 bytes
[2025-11-05T23:20:42.851204] [INFO] Session started
[2025-11-05T23:20:42.851266] [DEBUG] Connection pool status checked
[2025-11-05T23:20:42.851164] [INFO] Health check passed
[2025-11-05T23:20:42.851284] [DEBUG] Variable value: x=42
[2025-11-05T23:20:42.851245] [WARN] Connection retry attempt
[2025-11-05T23:20:42.851271] [DEBUG] Entering function process_data()
[2025-11-05T23:20:42.851232] [WARN] Rate limit approaching
