[2025-11-05T23:20:45.958675] [WARN] Timeout warning
[2025-11-05T23:20:45.958649] [INFO] Configuration loaded
[2025-11-05T23:20:45.958653] [INFO] Health check passed
[2025-11-05T23:20:45.958733] [DEBUG] Connection pool status checked
[2025-11-05T23:20:45.958606] [INFO] Transaction completed
[2025-11-05T23:20:45.958689] [WARN] Cache miss
[2025-11-05T23:20:45.958729] [DEBUG] HTTP request headers parsed
[2025-11-05T23:20:45.958741] [DEBUG] Connection pool status checked
[2025-11-05T23:20:45.958745] [DEBUG] Loop iteration: 15
[2025-11-05T23:20:45.958707] [ERROR] Authentication failed
[2025-11-05T23:20:45.958576] [INFO] Session started
[2025-11-05T23:20:45.958721] [DEBUG] Memory allocation: 2048 bytes
[2025-11-05T23:20:45.958600] [INFO] Request processed successfully
[2025-11-05T23:20:45.958717] [DEBUG] Variable value: x=42
[2025-11-05T23:20:45.958693] [WARN] Queue size growing
[2025-11-05T23:20:45.958627] [INFO] Service initialized
[2025-11-05T23:20:45.958680] [WARN] Disk space low
[2025-11-05T23:20:45.958658] [INFO] Configuration loaded
[2025-11-05T23:20:45.958617] [INFO] Service initialized
[2025-11-05T23:20:45.958645] [INFO] Database query executed
[2025-11-05T23:20:45.958636] [INFO] Configuration loaded
[2025-11-05T23:20:45.958662] [INFO] Request processed successfully
[2025-11-05T23:20:45.958611] [INFO] Configuration loaded
[2025-11-05T23:20:45.958703] [ERROR] Invalid input data
[2025-11-05T23:20:45.958621] [INFO] Configuration loaded
[2025-11-05T23:20:45.958713] [DEBUG] HTTP request headers parsed
[2025-11-05T23:20:45.958737] [DEBUG] Memory allocation: 2048 bytes
[2025-11-05T23:20:45.958665] [INFO] Health check passed
[2025-11-05T23:20:45.958641] [INFO] Session started
[2025-11-05T23:20:45.958685] [WARN] High memory usage detected
[2025-11-05T23:20:45.958725] [DEBUG] Thread pool size: 8
[2025-11-05T23:20:45.958632] [INFO] Database query executed
[2025-11-05T23:20:45.958669] [INFO] User logged in
[2025-11-05T23:20:45.958697] [WARN] Connection retry attempt
