[2025-11-05T23:20:11.649999] [INFO] Connection established
[2025-11-05T23:20:11.650062] [DEBUG] Loop iteration: 15
[2025-11-05T23:20:11.650049] [DEBUG] HTTP request headers parsed
[2025-11-05T23:20:11.650015] [INFO] Configuration loaded
[2025-11-05T23:20:11.650021] [INFO] Cache hit
[2025-11-05T23:20:11.650018] [INFO] Connection established
[2025-11-05T23:20:11.650002] [INFO] Configuration loaded
[2025-11-05T23:20:11.649983] [INFO] Cache hit
[2025-11-05T23:20:11.650026] [WARN] Connection retry attempt
[2025-11-05T23:20:11.650058] [DEBUG] Thread pool size: 8
[2025-11-05T23:20:11.650030] [WARN] Resource threshold approaching
[2025-11-05T23:20:11.650045] [DEBUG] Connection pool status checked
[2025-11-05T23:20:11.650012] [INFO] Service initialized
[2025-11-05T23:20:11.649957] [INFO] Health check passed
[2025-11-05T23:20:11.650037] [ERROR] Authentication failed
[2025-11-05T23:20:11.650005] [INFO] Service initialized
[2025-11-05T23:20:11.649992] [INFO] Request processed successfully
[2025-11-05T23:20:11.650041] [ERROR] Authentication failed
[2025-11-05T23:20:11.650052] [DEBUG] Cache key generated
[2025-11-05T23:20:11.649987] [INFO] Session started
[2025-11-05T23:20:11.649996] [INFO] Connection established
[2025-11-05T23:20:11.650055] [DEBUG] Entering function process_data()
[2025-11-05T23:20:11.650008] [INFO] Connection established
[2025-11-05T23:20:11.650033] [WARN] Deprecated API usage
