[2025-11-05T23:20:16.845291] [INFO] Cache hit
[2025-11-05T23:20:16.845295] [INFO] User logged in
[2025-11-05T23:20:16.845324] [WARN] Rate limit approaching
[2025-11-05T23:20:16.845263] [INFO] Request processed successfully
[2025-11-05T23:20:16.845303] [INFO] Cache hit
[2025-11-05T23:20:16.845360] [DEBUG] Connection pool status checked
[2025-11-05T23:20:16.845346] [DEBUG] Connection pool status checked
[2025-11-05T23:20:16.845342] [DEBUG] Connection pool status checked
[2025-11-05T23:20:16.845253] [INFO] Session started
[2025-11-05T23:20:16.845355] [DEBUG] HTTP request headers parsed
[2025-11-05T23:20:16.845337] [DEBUG] Entering function process_data()
[2025-11-05T23:20:16.845308] [INFO] Cache hit
[2025-11-05T23:20:16.845218] [INFO] User logged in
[2025-11-05T23:20:16.845373] [DEBUG] Timer set: 30 seconds
[2025-11-05T23:20:16.845313] [WARN] Deprecated API usage
[2025-11-05T23:20:16.845282] [INFO] Connection established
[2025-11-05T23:20:16.845273] [INFO] Connection established
[2025-11-05T23:20:16.845330] [ERROR] Network timeout
[2025-11-05T23:20:16.845268] [INFO] Database query executed
[2025-11-05T23:20:16.845287] [INFO] Cache hit
[2025-11-05T23:20:16.845278] [INFO] Health check passed
[2025-11-05T23:20:16.845299] [INFO] Health check passed
[2025-11-05T23:20:16.845351] [DEBUG] Entering function process_data()
[2025-11-05T23:20:16.845247] [INFO] Health check passed
[2025-11-05T23:20:16.845258] [INFO] Cache hit
[2025-11-05T23:20:16.845319] [WARN] Disk space low
[2025-11-05T23:20:16.845369] [DEBUG] Cache key generated
[2025-11-05T23:20:16.845364] [DEBUG] Timer set: 30 seconds
