[2025-11-05T23:20:33.522463] [DEBUG] Connection pool status checked
[2025-11-05T23:20:33.522436] [WARN] Queue size growing
[2025-11-05T23:20:33.522467] [DEBUG] Thread pool size: 8
[2025-11-05T23:20:33.522406] [INFO] Transaction completed
[2025-11-05T23:20:33.522478] [DEBUG] Entering function process_data()
[2025-11-05T23:20:33.522403] [INFO] Session started
[2025-11-05T23:20:33.522410] [INFO] Service initialized
[2025-11-05T23:20:33.522456] [DEBUG] HTTP request headers parsed
[2025-11-05T23:20:33.522400] [INFO] Health check passed
[2025-11-05T23:20:33.522452] [ERROR] File not found
[2025-11-05T23:20:33.522383] [INFO] Transaction completed
[2025-11-05T23:20:33.522460] [DEBUG] Variable value: x=42
[2025-11-05T23:20:33.522448] [ERROR] File not found
[2025-11-05T23:20:33.522432] [WARN] Cache miss
[2025-11-05T23:20:33.522417] [INFO] User logged in
[2025-11-05T23:20:33.522413] [INFO] Configuration loaded
[2025-11-05T23:20:33.522394] [INFO] Database query executed
[2025-11-05T23:20:33.522423] [INFO] Configuration loaded
[2025-11-05T23:20:33.522481] [DEBUG] Thread pool size: 8
[2025-11-05T23:20:33.522427] [WARN] Timeout warning
[2025-11-05T23:20:33.522391] [INFO] Health check passed
[2025-11-05T23:20:33.522471] [DEBUG] Thread pool size: 8
[2025-11-05T23:20:33.522358] [INFO] Configuration loaded
[2025-11-05T23:20:33.522387] [INFO] Connection established
[2025-11-05T23:20:33.522397] [INFO] Service initialized
[2025-11-05T23:20:33.522420] [INFO] Session started
[2025-11-05T23:20:33.522474] [DEBUG] Cache key generated
[2025-11-05T23:20:33.522442] [WARN] Queue size growing
