[2025-11-05T23:20:16.593509] [DEBUG] Entering function process_data()
[2025-11-05T23:20:16.593536] [DEBUG] Timer set: 30 seconds
[2025-11-05T23:20:16.593518] [DEBUG] Memory allocation: 2048 bytes
[2025-11-05T23:20:16.593406] [INFO] Connection established
[2025-11-05T23:20:16.593488] [ERROR] Invalid input data
[2025-11-05T23:20:16.593442] [INFO] User logged in
[2025-11-05T23:20:16.593528] [DEBUG] HTTP request headers parsed
[2025-11-05T23:20:16.593458] [INFO] Configuration loaded
[2025-11-05T23:20:16.593454] [INFO] Session started
[2025-11-05T23:20:16.593478] [WARN] Deprecated API usage
[2025-11-05T23:20:16.593500] [DEBUG] HTTP request headers parsed
[2025-11-05T23:20:16.593438] [INFO] Cache hit
[2025-11-05T23:20:16.593514] [DEBUG] Cache key generated
[2025-11-05T23:20:16.593464] [WARN] Slow query performance
[2025-11-05T23:20:16.593446] [INFO] User logged in
[2025-11-05T23:20:16.593505] [DEBUG] Memory allocation: 2048 bytes
[2025-11-05T23:20:16.593400] [INFO] Database query executed
[2025-11-05T23:20:16.593433] [INFO] Session started
[2025-11-05T23:20:16.593411] [INFO] Request processed successfully
[2025-11-05T23:20:16.593469] [WARN] Rate limit approaching
[2025-11-05T23:20:16.593450] [INFO] Service initialized
[2025-11-05T23:20:16.593424] [INFO] Configuration loaded
[2025-11-05T23:20:16.593524] [DEBUG] Thread pool size: 8
[2025-11-05T23:20:16.593474] [WARN] Resource threshold approaching
[2025-11-05T23:20:16.593420] [INFO] Transaction completed
[2025-11-05T23:20:16.593482] [WARN] Slow query performance
[2025-11-05T23:20:16.593428] [INFO] Service initialized
[2025-11-05T23:20:16.593532] [DEBUG] Buffer size: 4096 bytes
[2025-11-05T23:20:16.593374] [INFO] Configuration loaded
[2025-11-05T23:20:16.593493] [ERROR] Memory allocation error
[2025-11-05T23:20:16.593415] [INFO] Configuration loaded
