[2025-11-05T23:20:29.112833] [DEBUG] Memory allocation: 2048 bytes
[2025-11-05T23:20:29.112738] [INFO] Cache hit
[2025-11-05T23:20:29.112715] [INFO] Configuration loaded
[2025-11-05T23:20:29.112689] [INFO] Transaction completed
[2025-11-05T23:20:29.112866] [DEBUG] Connection pool status checked
[2025-11-05T23:20:29.112822] [DEBUG] Timer set: 30 seconds
[2025-11-05T23:20:29.112838] [DEBUG] Cache key generated
[2025-11-05T23:20:29.112744] [WARN] Connection retry attempt
[2025-11-05T23:20:29.112661] [INFO] Cache hit
[2025-11-05T23:20:29.112679] [INFO] User logged in
[2025-11-05T23:20:29.112861] [DEBUG] Entering function process_data()
[2025-11-05T23:20:29.112633] [INFO] Connection established
[2025-11-05T23:20:29.112684] [INFO] Service initialized
[2025-11-05T23:20:29.112816] [ERROR] Database connection lost
[2025-11-05T23:20:29.112719] [INFO] Cache hit
[2025-11-05T23:20:29.112706] [INFO] Session started
[2025-11-05T23:20:29.112806] [ERROR] Service unavailable
[2025-11-05T23:20:29.112694] [INFO] User logged in
[2025-11-05T23:20:29.112733] [INFO] Health check passed
[2025-11-05T23:20:29.112668] [INFO] Health check passed
[2025-11-05T23:20:29.112759] [WARN] Timeout warning
[2025-11-05T23:20:29.112754] [WARN] Slow query performance
[2025-11-05T23:20:29.112843] [DEBUG] Memory allocation: 2048 bytes
[2025-11-05T23:20:29.112857] [DEBUG] Loop iteration: 15
[2025-11-05T23:20:29.112673] [INFO] Session started
[2025-11-05T23:20:29.112729] [INFO] Session started
[2025-11-05T23:20:29.112702] [INFO] Transaction completed
[2025-11-05T23:20:29.112711] [INFO] Transaction completed
[2025-11-05T23:20:29.112852] [DEBUG] Memory allocation: 2048 bytes
[2025-11-05T23:20:29.112750] [WARN] Rate limit approaching
[2025-11-05T23:20:29.112724] [INFO] Session started
[2025-11-05T23:20:29.112847] [DEBUG] Entering function process_data()
[2025-11-05T23:20:29.112698] [INFO] Transaction completed
[2025-11-05T23:20:29.112828] [DEBUG] Connection pool status checked
