[2025-11-05T23:20:35.079431] [INFO] Health check passed
[2025-11-05T23:20:35.079481] [INFO] Transaction completed
[2025-11-05T23:20:35.079526] [DEBUG] Loop iteration: 15
[2025-11-05T23:20:35.079535] [DEBUG] Variable value: x=42
[2025-11-05T23:20:35.079449] [INFO] Cache hit
[2025-11-05T23:20:35.079492] [WARN] Queue size growing
[2025-11-05T23:20:35.079414] [INFO] Session started
[2025-11-05T23:20:35.079544] [DEBUG] Memory allocation: 2048 bytes
[2025-11-05T23:20:35.079467] [INFO] Configuration loaded
[2025-11-05T23:20:35.079426] [INFO] User logged in
[2025-11-05T23:20:35.079476] [INFO] Connection established
[2025-11-05T23:20:35.079471] [INFO] Service initialized
[2025-11-05T23:20:35.079435] [INFO] User logged in
[2025-11-05T23:20:35.079440] [INFO] Connection established
[2025-11-05T23:20:35.079454] [INFO] Connection established
[2025-11-05T23:20:35.079531] [DEBUG] Entering function process_data()
[2025-11-05T23:20:35.079444] [INFO] Request processed successfully
[2025-11-05T23:20:35.079458] [INFO] Health check passed
[2025-11-05T23:20:35.079516] [ERROR] Disk read failed
[2025-11-05T23:20:35.079486] [WARN] Disk space low
[2025-11-05T23:20:35.079501] [WARN] Cache miss
[2025-11-05T23:20:35.079558] [DEBUG] Variable value: x=42
[2025-11-05T23:20:35.079521] [DEBUG] Thread pool size: 8
[2025-11-05T23:20:35.079389] [INFO] Configuration loaded
[2025-11-05T23:20:35.079540] [DEBUG] Loop iteration: 15
[2025-11-05T23:20:35.079511] [ERROR] Authentication failed
[2025-11-05T23:20:35.079421] [INFO] Transaction completed
[2025-11-05T23:20:35.079506] [WARN] Deprecated API usage
[2025-11-05T23:20:35.079497] [WARN] Connection retry attempt
[2025-11-05T23:20:35.079463] [INFO] Session started
[2025-11-05T23:20:35.079554] [DEBUG] Buffer size: 4096 bytes
[2025-11-05T23:20:35.079549] [DEBUG] HTTP request headers parsed
