[2025-11-05T23:20:40.874808] [INFO] Session started
[2025-11-05T23:20:40.874919] [DEBUG] Memory allocation: 2048 bytes
[2025-11-05T23:20:40.874864] [WARN] Slow query performance
[2025-11-05T23:20:40.874878] [WARN] Deprecated API usage
[2025-11-05T23:20:40.874854] [INFO] Connection established
[2025-11-05T23:20:40.874915] [DEBUG] Loop iteration: 15
[2025-11-05T23:20:40.874883] [ERROR] Request failed
[2025-11-05T23:20:40.874870] [WARN] Queue size growing
[2025-11-05T23:20:40.874826] [INFO] Connection established
[2025-11-05T23:20:40.874842] [INFO] Session started
[2025-11-05T23:20:40.874874] [WARN] Disk space low
[2025-11-05T23:20:40.874821] [INFO] Service initialized
[2025-11-05T23:20:40.874897] [DEBUG] Memory allocation: 2048 bytes
[2025-11-05T23:20:40.874860] [WARN] Resource threshold approaching
[2025-11-05T23:20:40.874911] [DEBUG] Timer set: 30 seconds
[2025-11-05T23:20:40.874838] [INFO] Request processed successfully
[2025-11-05T23:20:40.874902] [DEBUG] Timer set: 30 seconds
[2025-11-05T23:20:40.874923] [DEBUG] Variable value: x=42
[2025-11-05T23:20:40.874893] [DEBUG] HTTP request headers parsed
[2025-11-05T23:20:40.874804] [INFO] Health check passed
[2025-11-05T23:20:40.874830] [INFO] User logged in
[2025-11-05T23:20:40.874799] [INFO] Health check passed
[2025-11-05T23:20:40.874813] [INFO] Configuration loaded
[2025-11-05T23:20:40.874834] [INFO] Database query executed
[2025-11-05T23:20:40.874774] [INFO] Database query executed
[2025-11-05T23:20:40.874888] [ERROR] Disk read failed
[2025-11-05T23:20:40.874817] [INFO] Request processed successfully
[2025-11-05T23:20:40.874927] [DEBUG] Variable value: x=42
[2025-11-05T23:20:40.874850] [INFO] Cache hit
[2025-11-05T23:20:40.874906] [DEBUG] Buffer size: 4096 bytes
[2025-11-05T23:20:40.874846] [INFO] Request processed successfully
