[2025-11-05T23:20:50.413833] [WARN] Rate limit approaching
[2025-11-05T23:20:50.413818] [INFO] Configuration loaded
[2025-11-05T23:20:50.413838] [WARN] Connection retry attempt
[2025-11-05T23:20:50.413783] [INFO] Database query executed
[2025-11-05T23:20:50.413876] [DEBUG] HTTP request headers parsed
[2025-11-05T23:20:50.413797] [INFO] Cache hit
[2025-11-05T23:20:50.413894] [DEBUG] HTTP request headers parsed
[2025-11-05T23:20:50.413823] [INFO] Service initialized
[2025-11-05T23:20:50.413788] [INFO] Request processed successfully
[2025-11-05T23:20:50.413880] [DEBUG] Connection pool status checked
[2025-11-05T23:20:50.413865] [DEBUG] Thread pool size: 8
[2025-11-05T23:20:50.413860] [DEBUG] Memory allocation: 2048 bytes
[2025-11-05T23:20:50.413805] [INFO] Session started
[2025-11-05T23:20:50.413827] [INFO] Session started
[2025-11-05T23:20:50.413845] [ERROR] Request failed
[2025-11-05T23:20:50.413903] [DEBUG] HTTP request headers parsed
[2025-11-05T23:20:50.413766] [INFO] Service initialized
[2025-11-05T23:20:50.413871] [DEBUG] Buffer size: 4096 bytes
[2025-11-05T23:20:50.413814] [INFO] Database query executed
[2025-11-05T23:20:50.413773] [INFO] Service initialized
[2025-11-05T23:20:50.413801] [INFO] Cache hit
[2025-11-05T23:20:50.413899] [DEBUG] Connection pool status checked
[2025-11-05T23:20:50.413810] [INFO] Request processed successfully
[2025-11-05T23:20:50.413792] [INFO] Cache hit
[2025-11-05T23:20:50.413851] [DEBUG] Entering function process_data()
[2025-11-05T23:20:50.413890] [DEBUG] Connection pool status checked
[2025-11-05T23:20:50.413739] [INFO] Service initialized
[2025-11-05T23:20:50.413886] [DEBUG] Timer set: 30 seconds
[2025-11-05T23:20:50.413856] [DEBUG] Variable value: x=42
[2025-11-05T23:20:50.413779] [INFO] Service initialized
