[2025-11-05T23:20:46.871861] [INFO] Request processed successfully
[2025-11-05T23:20:46.871888] [INFO] Database query executed
[2025-11-05T23:20:46.871852] [INFO] Health check passed
[2025-11-05T23:20:46.872062] [DEBUG] Loop iteration: 15
[2025-11-05T23:20:46.871884] [INFO] Transaction completed
[2025-11-05T23:20:46.872082] [DEBUG] Thread pool size: 8
[2025-11-05T23:20:46.871866] [INFO] Request processed successfully
[2025-11-05T23:20:46.871904] [WARN] Queue size growing
[2025-11-05T23:20:46.872091] [DEBUG] Memory allocation: 2048 bytes
[2025-11-05T23:20:46.872078] [DEBUG] Thread pool size: 8
[2025-11-05T23:20:46.871819] [INFO] Cache hit
[2025-11-05T23:20:46.872073] [DEBUG] Loop iteration: 15
[2025-11-05T23:20:46.871892] [INFO] Request processed successfully
[2025-11-05T23:20:46.871871] [INFO] Service initialized
[2025-11-05T23:20:46.871914] [ERROR] Authentication failed
[2025-11-05T23:20:46.871846] [INFO] Transaction completed
[2025-11-05T23:20:46.872095] [DEBUG] HTTP request headers parsed
[2025-11-05T23:20:46.871875] [INFO] User logged in
[2025-11-05T23:20:46.871898] [WARN] High memory usage detected
[2025-11-05T23:20:46.871880] [INFO] Database query executed
[2025-11-05T23:20:46.871857] [INFO] Request processed successfully
[2025-11-05T23:20:46.871909] [WARN] Deprecated API usage
[2025-11-05T23:20:46.872087] [DEBUG] Entering function process_data()
