[2025-11-05T23:20:16.164456] [INFO] Database query executed
[2025-11-05T23:20:16.164448] [INFO] Transaction completed
[2025-11-05T23:20:16.164435] [INFO] Transaction completed
[2025-11-05T23:20:16.164526] [DEBUG] Thread pool size: 8
[2025-11-05T23:20:16.164444] [INFO] User logged in
[2025-11-05T23:20:16.164522] [DEBUG] Timer set: 30 seconds
[2025-11-05T23:20:16.164476] [WARN] Timeout warning
[2025-11-05T23:20:16.164470] [INFO] Transaction completed
[2025-11-05T23:20:16.164482] [ERROR] Service unavailable
[2025-11-05T23:20:16.164502] [DEBUG] Buffer size: 4096 bytes
[2025-11-05T23:20:16.164462] [INFO] User logged in
[2025-11-05T23:20:16.164493] [DEBUG] Buffer size: 4096 bytes
[2025-11-05T23:20:16.164488] [DEBUG] Timer set: 30 seconds
[2025-11-05T23:20:16.164514] [DEBUG] Buffer size: 4096 bytes
[2025-11-05T23:20:16.164425] [INFO] Service initialized
[2025-11-05T23:20:16.164535] [DEBUG] HTTP request headers parsed
[2025-11-05T23:20:16.164430] [INFO] Transaction completed
[2025-11-05T23:20:16.164497] [DEBUG] Loop iteration: 15
[2025-11-05T23:20:16.164466] [INFO] Session started
[2025-11-05T23:20:16.164399] [INFO] Cache hit
[2025-11-05T23:20:16.164518] [DEBUG] Connection pool status checked
[2025-11-05T23:20:16.164506] [DEBUG] Memory allocation: 2048 bytes
[2025-11-05T23:20:16.164452] [INFO] Request processed successfully
[2025-11-05T23:20:16.164510] [DEBUG] Loop iteration: 15
[2025-11-05T23:20:16.164439] [INFO] Configuration loaded
[2025-11-05T23:20:16.164530] [DEBUG] Memory allocation: 2048 bytes
