[2025-11-05T23:20:52.214792] [INFO] Request processed successfully
[2025-11-05T23:20:52.214776] [INFO] Database query executed
[2025-11-05T23:20:52.214859] [DEBUG] Cache key generated
[2025-11-05T23:20:52.214835] [DEBUG] Cache key generated
[2025-11-05T23:20:52.214771] [INFO] Database query executed
[2025-11-05T23:20:52.214755] [INFO] Session started
[2025-11-05T23:20:52.214801] [WARN] Queue size growing
[2025-11-05T23:20:52.214742] [INFO] Request processed successfully
[2025-11-05T23:20:52.214806] [WARN] Resource threshold approaching
[2025-11-05T23:20:52.214746] [INFO] Cache hit
[2025-11-05T23:20:52.214796] [INFO] Configuration loaded
[2025-11-05T23:20:52.214815] [WARN] Cache miss
[2025-11-05T23:20:52.214839] [DEBUG] Buffer size: 4096 bytes
[2025-11-05T23:20:52.214788] [INFO] Cache hit
[2025-11-05T23:20:52.214784] [INFO] Request processed successfully
[2025-11-05T23:20:52.214737] [INFO] Database query executed
[2025-11-05T23:20:52.214820] [ERROR] Disk read failed
[2025-11-05T23:20:52.214854] [DEBUG] Timer set: 30 seconds
[2025-11-05T23:20:52.214867] [DEBUG] Entering function process_data()
[2025-11-05T23:20:52.214863] [DEBUG] HTTP request headers parsed
[2025-11-05T23:20:52.214825] [ERROR] Disk read failed
[2025-11-05T23:20:52.214750] [INFO] Request processed successfully
[2025-11-05T23:20:52.214731] [INFO] Request processed successfully
[2025-11-05T23:20:52.214871] [DEBUG] Loop iteration: 15
[2025-11-05T23:20:52.214766] [INFO] Transaction completed
[2025-11-05T23:20:52.214780] [INFO] Cache hit
[2025-11-05T23:20:52.214704] [INFO] Configuration loaded
[2025-11-05T23:20:52.214875] [DEBUG] Loop iteration: 15
[2025-11-05T23:20:52.214761] [INFO] Transaction completed
[2025-11-05T23:20:52.214830] [DEBUG] Memory allocation: 2048 bytes
[2025-11-05T23:20:52.214849] [DEBUG] Variable value: x=42
[2025-11-05T23:20:52.214810] [WARN] Connection retry attempt
[2025-11-05T23:20:52.214844] [DEBUG] Entering function process_data()
