[2025-11-05T23:20:45.317952] [INFO] User logged in
[2025-11-05T23:20:45.317934] [INFO] Health check passed
[2025-11-05T23:20:45.317924] [INFO] Session started
[2025-11-05T23:20:45.317982] [INFO] Request processed successfully
[2025-11-05T23:20:45.318037] [DEBUG] Cache key generated
[2025-11-05T23:20:45.317988] [WARN] Slow query performance
[2025-11-05T23:20:45.317918] [INFO] Service initialized
[2025-11-05T23:20:45.317929] [INFO] Connection established
[2025-11-05T23:20:45.317969] [INFO] Transaction completed
[2025-11-05T23:20:45.318032] [DEBUG] Variable value: x=42
[2025-11-05T23:20:45.317993] [WARN] Connection retry attempt
[2025-11-05T23:20:45.317957] [INFO] Service initialized
[2025-11-05T23:20:45.317997] [WARN] Connection retry attempt
[2025-11-05T23:20:45.317938] [INFO] Request processed successfully
[2025-11-05T23:20:45.317978] [INFO] Transaction completed
[2025-11-05T23:20:45.318002] [WARN] Connection retry attempt
[2025-11-05T23:20:45.318041] [DEBUG] Buffer size: 4096 bytes
[2025-11-05T23:20:45.317973] [INFO] Request processed successfully
[2025-11-05T23:20:45.317947] [INFO] Transaction completed
[2025-11-05T23:20:45.318007] [ERROR] Memory allocation error
[2025-11-05T23:20:45.317961] [INFO] Service initialized
[2025-11-05T23:20:45.317943] [INFO] Configuration loaded
[2025-11-05T23:20:45.318018] [DEBUG] HTTP request headers parsed
[2025-11-05T23:20:45.318012] [ERROR] Memory allocation error
[2025-11-05T23:20:45.318027] [DEBUG] Connection pool status checked
[2025-11-05T23:20:45.318022] [DEBUG] Thread pool size: 8
[2025-11-05T23:20:45.317965] [INFO] Request processed successfully
[2025-11-05T23:20:45.317853] [INFO] Health check passed
