[2025-11-05T23:20:48.042832] [DEBUG] Connection pool status checked
[2025-11-05T23:20:48.042839] [DEBUG] HTTP request headers parsed
[2025-11-05T23:20:48.042828] [DEBUG] Memory allocation: 2048 bytes
[2025-11-05T23:20:48.042820] [ERROR] Invalid input data
[2025-11-05T23:20:48.042748] [INFO] Request processed successfully
[2025-11-05T23:20:48.042805] [WARN] Rate limit approaching
[2025-11-05T23:20:48.042808] [WARN] Disk space low
[2025-11-05T23:20:48.042786] [INFO] Health check passed
[2025-11-05T23:20:48.042776] [INFO] Configuration loaded
[2025-11-05T23:20:48.042835] [DEBUG] Variable value: x=42
[2025-11-05T23:20:48.042842] [DEBUG] Memory allocation: 2048 bytes
[2025-11-05T23:20:48.042779] [INFO] Health check passed
[2025-11-05T23:20:48.042769] [INFO] Configuration loaded
[2025-11-05T23:20:48.042797] [WARN] Timeout warning
[2025-11-05T23:20:48.042793] [WARN] Rate limit approaching
[2025-11-05T23:20:48.042755] [INFO] Cache hit
[2025-11-05T23:20:48.042789] [INFO] Database query executed
[2025-11-05T23:20:48.042812] [WARN] Resource threshold approaching
[2025-11-05T23:20:48.042763] [INFO] Request processed successfully
[2025-11-05T23:20:48.042773] [INFO] Service initialized
[2025-11-05T23:20:48.042825] [DEBUG] Timer set: 30 seconds
[2025-11-05T23:20:48.042783] [INFO] User logged in
[2025-11-05T23:20:48.042766] [INFO] User logged in
[2025-11-05T23:20:48.042744] [INFO] Cache hit
[2025-11-05T23:20:48.042801] [WARN] Cache miss
[2025-11-05T23:20:48.042848] [DEBUG] HTTP request headers parsed
[2025-11-05T23:20:48.042722] [INFO] Service initialized
[2025-11-05T23:20:48.042845] [DEBUG] Entering function process_data()
[2025-11-05T23:20:48.042759] [INFO] Request processed successfully
[2025-11-05T23:20:48.042752] [INFO] Request processed successfully
[2025-11-05T23:20:48.042817] [ERROR] Authentication failed
