[2025-11-05T23:20:11.598153] [INFO] Request processed successfully
[2025-11-05T23:20:11.598304] [DEBUG] Entering function process_data()
[2025-11-05T23:20:11.598224] [INFO] Connection established
[2025-11-05T23:20:11.598269] [INFO] User logged in
[2025-11-05T23:20:11.598264] [INFO] Cache hit
[2025-11-05T23:20:11.598217] [INFO] Session started
[2025-11-05T23:20:11.598258] [INFO] Request processed successfully
[2025-11-05T23:20:11.598294] [DEBUG] Timer set: 30 seconds
[2025-11-05T23:20:11.598287] [ERROR] Network timeout
[2025-11-05T23:20:11.598272] [INFO] Cache hit
[2025-11-05T23:20:11.598240] [INFO] Service initialized
[2025-11-05T23:20:11.598254] [INFO] Health check passed
[2025-11-05T23:20:11.598261] [INFO] Request processed successfully
[2025-11-05T23:20:11.598278] [WARN] Slow query performance
[2025-11-05T23:20:11.598228] [INFO] Transaction completed
[2025-11-05T23:20:11.598235] [INFO] Session started
[2025-11-05T23:20:11.598298] [DEBUG] HTTP request headers parsed
[2025-11-05T23:20:11.598283] [ERROR] File not found
[2025-11-05T23:20:11.598231] [INFO] Transaction completed
[2025-11-05T23:20:11.598244] [INFO] Session started
[2025-11-05T23:20:11.598291] [DEBUG] Loop iteration: 15
[2025-11-05T23:20:11.598250] [INFO] Configuration loaded
