[2025-11-05T23:20:47.940867] [WARN] Cache miss
[2025-11-05T23:20:47.940826] [INFO] Session started
[2025-11-05T23:20:47.940859] [WARN] Timeout warning
[2025-11-05T23:20:47.940822] [INFO] Cache hit
[2025-11-05T23:20:47.940889] [DEBUG] Connection pool status checked
[2025-11-05T23:20:47.940851] [INFO] Connection established
[2025-11-05T23:20:47.940864] [WARN] Deprecated API usage
[2025-11-05T23:20:47.940819] [INFO] Connection established
[2025-11-05T23:20:47.940833] [INFO] User logged in
[2025-11-05T23:20:47.940885] [DEBUG] Cache key generated
[2025-11-05T23:20:47.940814] [INFO] Cache hit
[2025-11-05T23:20:47.940881] [ERROR] Service unavailable
[2025-11-05T23:20:47.940810] [INFO] Service initialized
[2025-11-05T23:20:47.940843] [INFO] Transaction completed
[2025-11-05T23:20:47.940830] [INFO] Request processed successfully
[2025-11-05T23:20:47.940908] [DEBUG] HTTP request headers parsed
[2025-11-05T23:20:47.940893] [DEBUG] HTTP request headers parsed
[2025-11-05T23:20:47.940904] [DEBUG] Loop iteration: 15
[2025-11-05T23:20:47.940786] [INFO] Configuration loaded
[2025-11-05T23:20:47.940914] [DEBUG] Thread pool size: 8
[2025-11-05T23:20:47.940840] [INFO] Cache hit
[2025-11-05T23:20:47.940911] [DEBUG] Timer set: 30 seconds
[2025-11-05T23:20:47.940847] [INFO] Health check passed
[2025-11-05T23:20:47.940837] [INFO] Session started
[2025-11-05T23:20:47.940871] [WARN] Disk space low
[2025-11-05T23:20:47.940900] [DEBUG] Variable value: x=42
[2025-11-05T23:20:47.940877] [ERROR] Service unavailable
[2025-11-05T23:20:47.940854] [INFO] Health check passed
[2025-11-05T23:20:47.940897] [DEBUG] Connection pool status checked
