[2025-11-05T23:20:16.408313] [INFO] Connection established
[2025-11-05T23:20:16.408295] [INFO] Transaction completed
[2025-11-05T23:20:16.408415] [DEBUG] HTTP request headers parsed
[2025-11-05T23:20:16.408356] [WARN] Resource threshold approaching
[2025-11-05T23:20:16.408346] [INFO] Health check passed
[2025-11-05T23:20:16.408290] [INFO] Session started
[2025-11-05T23:20:16.408363] [WARN] Deprecated API usage
[2025-11-05T23:20:16.408283] [INFO] Service initialized
[2025-11-05T23:20:16.408373] [ERROR] Network timeout
[2025-11-05T23:20:16.408367] [WARN] Queue size growing
[2025-11-05T23:20:16.408380] [DEBUG] Loop iteration: 15
[2025-11-05T23:20:16.408304] [INFO] Cache hit
[2025-11-05T23:20:16.408299] [INFO] Connection established
[2025-11-05T23:20:16.408342] [INFO] Database query executed
[2025-11-05T23:20:16.408394] [DEBUG] Connection pool status checked
[2025-11-05T23:20:16.408385] [DEBUG] Memory allocation: 2048 bytes
[2025-11-05T23:20:16.408338] [INFO] Request processed successfully
[2025-11-05T23:20:16.408256] [INFO] Request processed successfully
[2025-11-05T23:20:16.408419] [DEBUG] Variable value: x=42
[2025-11-05T23:20:16.408410] [DEBUG] Cache key generated
[2025-11-05T23:20:16.408427] [DEBUG] Thread pool size: 8
[2025-11-05T23:20:16.408332] [INFO] User logged in
[2025-11-05T23:20:16.408390] [DEBUG] HTTP request headers parsed
[2025-11-05T23:20:16.408328] [INFO] Health check passed
[2025-11-05T23:20:16.408406] [DEBUG] HTTP request headers parsed
[2025-11-05T23:20:16.408350] [INFO] User logged in
[2025-11-05T23:20:16.408309] [INFO] Transaction completed
[2025-11-05T23:20:16.408423] [DEBUG] HTTP request headers parsed
[2025-11-05T23:20:16.408399] [DEBUG] Connection pool status checked
[2025-11-05T23:20:16.408318] [INFO] Request processed successfully
[2025-11-05T23:20:16.408323] [INFO] Cache hit
