[2025-11-05T23:20:26.208834] [INFO] Cache hit
[2025-11-05T23:20:26.208858] [WARN] Queue size growing
[2025-11-05T23:20:26.208816] [INFO] Transaction completed
[2025-11-05T23:20:26.208831] [INFO] Connection established
[2025-11-05T23:20:26.208851] [WARN] Slow query performance
[2025-11-05T23:20:26.208886] [DEBUG] Cache key generated
[2025-11-05T23:20:26.208880] [DEBUG] HTTP request headers parsed
[2025-11-05T23:20:26.208840] [INFO] Configuration loaded
[2025-11-05T23:20:26.208895] [DEBUG] Loop iteration: 15
[2025-11-05T23:20:26.208869] [ERROR] Invalid input data
[2025-11-05T23:20:26.208892] [DEBUG] Entering function process_data()
[2025-11-05T23:20:26.208803] [INFO] Service initialized
[2025-11-05T23:20:26.208855] [WARN] Timeout warning
[2025-11-05T23:20:26.208837] [INFO] User logged in
[2025-11-05T23:20:26.208877] [DEBUG] HTTP request headers parsed
[2025-11-05T23:20:26.208813] [INFO] Health check passed
[2025-11-05T23:20:26.208810] [INFO] Request processed successfully
[2025-11-05T23:20:26.208796] [INFO] Session started
[2025-11-05T23:20:26.208822] [INFO] Transaction completed
[2025-11-05T23:20:26.208770] [INFO] Transaction completed
[2025-11-05T23:20:26.208825] [INFO] Transaction completed
[2025-11-05T23:20:26.208847] [INFO] User logged in
[2025-11-05T23:20:26.208828] [INFO] Health check passed
[2025-11-05T23:20:26.208843] [INFO] Health check passed
[2025-11-05T23:20:26.208873] [DEBUG] Buffer size: 4096 bytes
[2025-11-05T23:20:26.208861] [WARN] Rate limit approaching
[2025-11-05T23:20:26.208799] [INFO] Connection established
[2025-11-05T23:20:26.208792] [INFO] Configuration loaded
[2025-11-05T23:20:26.208864] [WARN] High memory usage detected
[2025-11-05T23:20:26.208899] [DEBUG] Connection pool status checked
[2025-11-05T23:20:26.208819] [INFO] Configuration loaded
[2025-11-05T23:20:26.208806] [INFO] Health check passed
[2025-11-05T23:20:26.208883] [DEBUG] Memory allocation: 2048 bytes
[2025-11-05T23:20:26.208889] [DEBUG] Thread pool size: 8
