[2025-11-05T23:20:35.282348] [INFO] Database query executed
[2025-11-05T23:20:35.282401] [INFO] Configuration loaded
[2025-11-05T23:20:35.282448] [DEBUG] Timer set: 30 seconds
[2025-11-05T23:20:35.282387] [INFO] Session started
[2025-11-05T23:20:35.282390] [INFO] Cache hit
[2025-11-05T23:20:35.282414] [WARN] Resource threshold approaching
[2025-11-05T23:20:35.282432] [DEBUG] HTTP request headers parsed
[2025-11-05T23:20:35.282418] [WARN] Queue size growing
[2025-11-05T23:20:35.282410] [WARN] High memory usage detected
[2025-11-05T23:20:35.282353] [INFO] Configuration loaded
[2025-11-05T23:20:35.282361] [INFO] Connection established
[2025-11-05T23:20:35.282405] [INFO] Request processed successfully
[2025-11-05T23:20:35.282427] [ERROR] Service unavailable
[2025-11-05T23:20:35.282455] [DEBUG] Loop iteration: 15
[2025-11-05T23:20:35.282319] [INFO] Service initialized
[2025-11-05T23:20:35.282394] [INFO] Health check passed
[2025-11-05T23:20:35.282357] [INFO] Cache hit
[2025-11-05T23:20:35.282380] [INFO] Database query executed
[2025-11-05T23:20:35.282441] [DEBUG] Thread pool size: 8
[2025-11-05T23:20:35.282459] [DEBUG] Thread pool size: 8
[2025-11-05T23:20:35.282452] [DEBUG] Loop iteration: 15
[2025-11-05T23:20:35.282365] [INFO] Request processed successfully
[2025-11-05T23:20:35.282436] [DEBUG] Entering function process_data()
[2025-11-05T23:20:35.282376] [INFO] Session started
[2025-11-05T23:20:35.282398] [INFO] User logged in
[2025-11-05T23:20:35.282444] [DEBUG] Loop iteration: 15
[2025-11-05T23:20:35.282423] [ERROR] Service unavailable
[2025-11-05T23:20:35.282368] [INFO] Configuration loaded
[2025-11-05T23:20:35.282372] [INFO] Configuration loaded
[2025-11-05T23:20:35.282343] [INFO] Configuration loaded
[2025-11-05T23:20:35.282383] [INFO] Connection established
