[2025-11-05T23:20:25.593486] [INFO] Service initialized
[2025-11-05T23:20:25.593509] [INFO] Service initialized
[2025-11-05T23:20:25.593474] [INFO] Configuration loaded
[2025-11-05T23:20:25.593466] [INFO] Request processed successfully
[2025-11-05T23:20:25.593545] [ERROR] Request failed
[2025-11-05T23:20:25.593461] [INFO] Database query executed
[2025-11-05T23:20:25.593560] [DEBUG] Memory allocation: 2048 bytes
[2025-11-05T23:20:25.593577] [DEBUG] Buffer size: 4096 bytes
[2025-11-05T23:20:25.593589] [DEBUG] HTTP request headers parsed
[2025-11-05T23:20:25.593524] [WARN] Cache miss
[2025-11-05T23:20:25.593581] [DEBUG] Loop iteration: 15
[2025-11-05T23:20:25.593494] [INFO] Service initialized
[2025-11-05T23:20:25.593502] [INFO] Service initialized
[2025-11-05T23:20:25.593478] [INFO] User logged in
[2025-11-05T23:20:25.593528] [WARN] Slow query performance
[2025-11-05T23:20:25.593573] [DEBUG] Timer set: 30 seconds
[2025-11-05T23:20:25.593585] [DEBUG] Timer set: 30 seconds
[2025-11-05T23:20:25.593505] [INFO] Connection established
[2025-11-05T23:20:25.593514] [WARN] Connection retry attempt
[2025-11-05T23:20:25.593490] [INFO] User logged in
[2025-11-05T23:20:25.593498] [INFO] Session started
[2025-11-05T23:20:25.593540] [WARN] Rate limit approaching
[2025-11-05T23:20:25.593432] [INFO] User logged in
[2025-11-05T23:20:25.593519] [WARN] Disk space low
[2025-11-05T23:20:25.593482] [INFO] Request processed successfully
[2025-11-05T23:20:25.593564] [DEBUG] Connection pool status checked
[2025-11-05T23:20:25.593554] [ERROR] Invalid input data
[2025-11-05T23:20:25.593470] [INFO] Transaction completed
[2025-11-05T23:20:25.593568] [DEBUG] Timer set: 30 seconds
[2025-11-05T23:20:25.593456] [INFO] Database query executed
[2025-11-05T23:20:25.593532] [WARN] Rate limit approaching
[2025-11-05T23:20:25.593550] [ERROR] Invalid input data
[2025-11-05T23:20:25.593536] [WARN] Cache miss
