[2025-11-05T23:20:30.805987] [DEBUG] Entering function process_data()
[2025-11-05T23:20:30.805963] [ERROR] Network timeout
[2025-11-05T23:20:30.805999] [DEBUG] Entering function process_data()
[2025-11-05T23:20:30.805996] [DEBUG] HTTP request headers parsed
[2025-11-05T23:20:30.805953] [WARN] Disk space low
[2025-11-05T23:20:30.805939] [INFO] Transaction completed
[2025-11-05T23:20:30.805918] [INFO] Request processed successfully
[2025-11-05T23:20:30.805928] [INFO] Service initialized
[2025-11-05T23:20:30.805911] [INFO] Configuration loaded
[2025-11-05T23:20:30.805970] [ERROR] Invalid input data
[2025-11-05T23:20:30.805900] [INFO] Configuration loaded
[2025-11-05T23:20:30.805974] [DEBUG] Loop iteration: 15
[2025-11-05T23:20:30.805981] [DEBUG] Memory allocation: 2048 bytes
[2025-11-05T23:20:30.805957] [WARN] Queue size growing
[2025-11-05T23:20:30.805948] [WARN] Deprecated API usage
[2025-11-05T23:20:30.805896] [INFO] Transaction completed
[2025-11-05T23:20:30.805943] [WARN] Timeout warning
[2025-11-05T23:20:30.805935] [INFO] Cache hit
[2025-11-05T23:20:30.805907] [INFO] Cache hit
[2025-11-05T23:20:30.805991] [DEBUG] Variable value: x=42
[2025-11-05T23:20:30.805914] [INFO] User logged in
[2025-11-05T23:20:30.805993] [DEBUG] HTTP request headers parsed
[2025-11-05T23:20:30.805984] [DEBUG] Variable value: x=42
[2025-11-05T23:20:30.805903] [INFO] Database query executed
[2025-11-05T23:20:30.805931] [INFO] Service initialized
[2025-11-05T23:20:30.805924] [INFO] Connection established
[2025-11-05T23:20:30.805866] [INFO] Session started
[2025-11-05T23:20:30.805891] [INFO] Database query executed
[2025-11-05T23:20:30.805966] [ERROR] Authentication failed
[2025-11-05T23:20:30.805977] [DEBUG] Entering function process_data()
[2025-11-05T23:20:30.805921] [INFO] Service initialized
