[2025-11-05T23:20:37.218567] [DEBUG] Memory allocation: 2048 bytes
[2025-11-05T23:20:37.218521] [INFO] Health check passed
[2025-11-05T23:20:37.218517] [INFO] Service initialized
[2025-11-05T23:20:37.218544] [WARN] Rate limit approaching
[2025-11-05T23:20:37.218553] [ERROR] Memory allocation error
[2025-11-05T23:20:37.218563] [DEBUG] Buffer size: 4096 bytes
[2025-11-05T23:20:37.218496] [INFO] Session started
[2025-11-05T23:20:37.218588] [DEBUG] HTTP request headers parsed
[2025-11-05T23:20:37.218539] [WARN] Connection retry attempt
[2025-11-05T23:20:37.218473] [INFO] Database query executed
[2025-11-05T23:20:37.218450] [INFO] Session started
[2025-11-05T23:20:37.218478] [INFO] Configuration loaded
[2025-11-05T23:20:37.218508] [INFO] Request processed successfully
[2025-11-05T23:20:37.218529] [INFO] Request processed successfully
[2025-11-05T23:20:37.218558] [ERROR] Authentication failed
[2025-11-05T23:20:37.218596] [DEBUG] HTTP request headers parsed
[2025-11-05T23:20:37.218534] [WARN] Queue size growing
[2025-11-05T23:20:37.218525] [INFO] Transaction completed
[2025-11-05T23:20:37.218548] [WARN] Rate limit approaching
[2025-11-05T23:20:37.218576] [DEBUG] Cache key generated
[2025-11-05T23:20:37.218487] [INFO] Transaction completed
[2025-11-05T23:20:37.218491] [INFO] User logged in
[2025-11-05T23:20:37.218513] [INFO] Service initialized
[2025-11-05T23:20:37.218584] [DEBUG] Memory allocation: 2048 bytes
[2025-11-05T23:20:37.218504] [INFO] Database query executed
[2025-11-05T23:20:37.218592] [DEBUG] Memory allocation: 2048 bytes
[2025-11-05T23:20:37.218580] [DEBUG] Entering function process_data()
[2025-11-05T23:20:37.218571] [DEBUG] Thread pool size: 8
[2025-11-05T23:20:37.218500] [INFO] User logged in
[2025-11-05T23:20:37.218483] [INFO] Transaction completed
