[2025-11-05T23:20:20.860055] [INFO] Request processed successfully
[2025-11-05T23:20:20.860141] [DEBUG] Timer set: 30 seconds
[2025-11-05T23:20:20.860146] [DEBUG] Variable value: x=42
[2025-11-05T23:20:20.860152] [DEBUG] Loop iteration: 15
[2025-11-05T23:20:20.860100] [WARN] Deprecated API usage
[2025-11-05T23:20:20.860111] [ERROR] Network timeout
[2025-11-05T23:20:20.860077] [INFO] Configuration loaded
[2025-11-05T23:20:20.860129] [DEBUG] Connection pool status checked
[2025-11-05T23:20:20.860090] [INFO] Session started
[2025-11-05T23:20:20.860137] [DEBUG] Connection pool status checked
[2025-11-05T23:20:20.860069] [INFO] Service initialized
[2025-11-05T23:20:20.860017] [INFO] Transaction completed
[2025-11-05T23:20:20.860086] [INFO] Transaction completed
[2025-11-05T23:20:20.860064] [INFO] Cache hit
[2025-11-05T23:20:20.860133] [DEBUG] Memory allocation: 2048 bytes
[2025-11-05T23:20:20.860121] [DEBUG] Buffer size: 4096 bytes
[2025-11-05T23:20:20.860044] [INFO] Service initialized
[2025-11-05T23:20:20.860050] [INFO] Service initialized
[2025-11-05T23:20:20.860082] [INFO] Database query executed
[2025-11-05T23:20:20.860106] [ERROR] Network timeout
[2025-11-05T23:20:20.860125] [DEBUG] Memory allocation: 2048 bytes
[2025-11-05T23:20:20.860094] [INFO] Cache hit
[2025-11-05T23:20:20.860073] [INFO] Connection established
[2025-11-05T23:20:20.860060] [INFO] User logged in
[2025-11-05T23:20:20.860116] [DEBUG] Entering function process_data()
