[2025-11-05T23:20:22.410742] [INFO] Cache hit
[2025-11-05T23:20:22.410852] [DEBUG] Entering function process_data()
[2025-11-05T23:20:22.410752] [INFO] Database query executed
[2025-11-05T23:20:22.410797] [INFO] Service initialized
[2025-11-05T23:20:22.410839] [DEBUG] Entering function process_data()
[2025-11-05T23:20:22.410711] [INFO] Health check passed
[2025-11-05T23:20:22.410801] [INFO] Connection established
[2025-11-05T23:20:22.410784] [INFO] Cache hit
[2025-11-05T23:20:22.410788] [INFO] Transaction completed
[2025-11-05T23:20:22.410848] [DEBUG] Connection pool status checked
[2025-11-05T23:20:22.410747] [INFO] Configuration loaded
[2025-11-05T23:20:22.410766] [INFO] Connection established
[2025-11-05T23:20:22.410805] [INFO] Request processed successfully
[2025-11-05T23:20:22.410861] [DEBUG] Variable value: x=42
[2025-11-05T23:20:22.410778] [INFO] Transaction completed
[2025-11-05T23:20:22.410761] [INFO] Transaction completed
[2025-11-05T23:20:22.410737] [INFO] Request processed successfully
[2025-11-05T23:20:22.410844] [DEBUG] Memory allocation: 2048 bytes
[2025-11-05T23:20:22.410812] [WARN] Timeout warning
[2025-11-05T23:20:22.410770] [INFO] Request processed successfully
[2025-11-05T23:20:22.410857] [DEBUG] Loop iteration: 15
[2025-11-05T23:20:22.410864] [DEBUG] Entering function process_data()
[2025-11-05T23:20:22.410793] [INFO] Cache hit
[2025-11-05T23:20:22.410824] [ERROR] Authentication failed
[2025-11-05T23:20:22.410757] [INFO] Connection established
[2025-11-05T23:20:22.410818] [WARN] Resource threshold approaching
[2025-11-05T23:20:22.410774] [INFO] Transaction completed
[2025-11-05T23:20:22.410869] [DEBUG] Buffer size: 4096 bytes
[2025-11-05T23:20:22.410829] [ERROR] Invalid input data
[2025-11-05T23:20:22.410835] [DEBUG] Loop iteration: 15
