[2025-11-05T23:20:17.590875] [ERROR] File not found
[2025-11-05T23:20:17.590848] [INFO] User logged in
[2025-11-05T23:20:17.590868] [WARN] High memory usage detected
[2025-11-05T23:20:17.590916] [DEBUG] Buffer size: 4096 bytes
[2025-11-05T23:20:17.590813] [INFO] Service initialized
[2025-11-05T23:20:17.590800] [INFO] Transaction completed
[2025-11-05T23:20:17.590921] [DEBUG] Memory allocation: 2048 bytes
[2025-11-05T23:20:17.590912] [DEBUG] HTTP request headers parsed
[2025-11-05T23:20:17.590789] [INFO] Service initialized
[2025-11-05T23:20:17.590859] [WARN] Timeout warning
[2025-11-05T23:20:17.590823] [INFO] Request processed successfully
[2025-11-05T23:20:17.590904] [DEBUG] Variable value: x=42
[2025-11-05T23:20:17.590890] [DEBUG] Variable value: x=42
[2025-11-05T23:20:17.590804] [INFO] Configuration loaded
[2025-11-05T23:20:17.590840] [INFO] Connection established
[2025-11-05T23:20:17.590899] [DEBUG] Timer set: 30 seconds
[2025-11-05T23:20:17.590885] [DEBUG] Buffer size: 4096 bytes
[2025-11-05T23:20:17.590818] [INFO] Health check passed
[2025-11-05T23:20:17.590836] [INFO] Database query executed
[2025-11-05T23:20:17.590863] [WARN] Cache miss
[2025-11-05T23:20:17.590880] [ERROR] Service unavailable
[2025-11-05T23:20:17.590854] [WARN] Deprecated API usage
[2025-11-05T23:20:17.590827] [INFO] Configuration loaded
[2025-11-05T23:20:17.590809] [INFO] Session started
[2025-11-05T23:20:17.590894] [DEBUG] Entering function process_data()
[2025-11-05T23:20:17.590795] [INFO] User logged in
[2025-11-05T23:20:17.590908] [DEBUG] Entering function process_data()
[2025-11-05T23:20:17.590831] [INFO] Health check passed
[2025-11-05T23:20:17.590844] [INFO] Session started
[2025-11-05T23:20:17.590924] [DEBUG] HTTP request headers parsed
[2025-11-05T23:20:17.590762] [INFO] User logged in
