[2025-11-05T23:20:22.926796] [DEBUG] Loop iteration: 15
[2025-11-05T23:20:22.926805] [DEBUG] Buffer size: 4096 bytes
[2025-11-05T23:20:22.926725] [INFO] Connection established
[2025-11-05T23:20:22.926743] [WARN] Rate limit approaching
[2025-11-05T23:20:22.926721] [INFO] Health check passed
[2025-11-05T23:20:22.926733] [INFO] Session started
[2025-11-05T23:20:22.926717] [INFO] Cache hit
[2025-11-05T23:20:22.926756] [WARN] High memory usage detected
[2025-11-05T23:20:22.926700] [INFO] Connection established
[2025-11-05T23:20:22.926787] [DEBUG] Thread pool size: 8
[2025-11-05T23:20:22.926708] [INFO] Configuration loaded
[2025-11-05T23:20:22.926752] [WARN] Connection retry attempt
[2025-11-05T23:20:22.926777] [DEBUG] Thread pool size: 8
[2025-11-05T23:20:22.926737] [INFO] Health check passed
[2025-11-05T23:20:22.926712] [INFO] Session started
[2025-11-05T23:20:22.926765] [WARN] Resource threshold approaching
[2025-11-05T23:20:22.926791] [DEBUG] Loop iteration: 15
[2025-11-05T23:20:22.926810] [DEBUG] Timer set: 30 seconds
[2025-11-05T23:20:22.926657] [INFO] Connection established
[2025-11-05T23:20:22.926691] [INFO] Configuration loaded
[2025-11-05T23:20:22.926729] [INFO] Session started
[2025-11-05T23:20:22.926687] [INFO] Connection established
[2025-11-05T23:20:22.926704] [INFO] Transaction completed
[2025-11-05T23:20:22.926682] [INFO] Transaction completed
[2025-11-05T23:20:22.926771] [ERROR] Permission denied
[2025-11-05T23:20:22.926747] [WARN] Deprecated API usage
[2025-11-05T23:20:22.926696] [INFO] Transaction completed
[2025-11-05T23:20:22.926801] [DEBUG] Loop iteration: 15
[2025-11-05T23:20:22.926761] [WARN] Rate limit approaching
[2025-11-05T23:20:22.926782] [DEBUG] Thread pool size: 8
[2025-11-05T23:20:22.926815] [DEBUG] Connection pool status checked
