[2025-11-05T23:20:31.069587] [WARN] Timeout warning
[2025-11-05T23:20:31.069612] [DEBUG] HTTP request headers parsed
[2025-11-05T23:20:31.069662] [DEBUG] Thread pool size: 8
[2025-11-05T23:20:31.069546] [INFO] Service initialized
[2025-11-05T23:20:31.069601] [ERROR] Database connection lost
[2025-11-05T23:20:31.069559] [INFO] Cache hit
[2025-11-05T23:20:31.069537] [INFO] Request processed successfully
[2025-11-05T23:20:31.069541] [INFO] Request processed successfully
[2025-11-05T23:20:31.069595] [WARN] Connection retry attempt
[2025-11-05T23:20:31.069649] [DEBUG] Memory allocation: 2048 bytes
[2025-11-05T23:20:31.069531] [INFO] Transaction completed
[2025-11-05T23:20:31.069626] [DEBUG] Entering function process_data()
[2025-11-05T23:20:31.069568] [INFO] Connection established
[2025-11-05T23:20:31.069572] [INFO] Health check passed
[2025-11-05T23:20:31.069582] [WARN] Disk space low
[2025-11-05T23:20:31.069617] [DEBUG] HTTP request headers parsed
[2025-11-05T23:20:31.069634] [DEBUG] Timer set: 30 seconds
[2025-11-05T23:20:31.069576] [INFO] Session started
[2025-11-05T23:20:31.069657] [DEBUG] Entering function process_data()
[2025-11-05T23:20:31.069550] [INFO] Session started
[2025-11-05T23:20:31.069591] [WARN] Deprecated API usage
[2025-11-05T23:20:31.069504] [INFO] Connection established
[2025-11-05T23:20:31.069644] [DEBUG] Buffer size: 4096 bytes
[2025-11-05T23:20:31.069563] [INFO] Session started
[2025-11-05T23:20:31.069653] [DEBUG] Entering function process_data()
[2025-11-05T23:20:31.069639] [DEBUG] Thread pool size: 8
[2025-11-05T23:20:31.069630] [DEBUG] Cache key generated
[2025-11-05T23:20:31.069622] [DEBUG] Connection pool status checked
[2025-11-05T23:20:31.069607] [ERROR] Service unavailable
[2025-11-05T23:20:31.069554] [INFO] User logged in
