[2025-11-05T23:20:29.587746] [INFO] Connection established
[2025-11-05T23:20:29.587784] [INFO] Connection established
[2025-11-05T23:20:29.587819] [INFO] Session started
[2025-11-05T23:20:29.587831] [INFO] Cache hit
[2025-11-05T23:20:29.587856] [WARN] Connection retry attempt
[2025-11-05T23:20:29.587806] [INFO] Connection established
[2025-11-05T23:20:29.587861] [ERROR] Authentication failed
[2025-11-05T23:20:29.587851] [WARN] Resource threshold approaching
[2025-11-05T23:20:29.587835] [INFO] Connection established
[2025-11-05T23:20:29.587793] [INFO] Cache hit
[2025-11-05T23:20:29.587846] [WARN] High memory usage detected
[2025-11-05T23:20:29.587797] [INFO] Connection established
[2025-11-05T23:20:29.587779] [INFO] Database query executed
[2025-11-05T23:20:29.587866] [ERROR] Disk read failed
[2025-11-05T23:20:29.587890] [DEBUG] Variable value: x=42
[2025-11-05T23:20:29.587810] [INFO] Health check passed
[2025-11-05T23:20:29.587902] [DEBUG] Loop iteration: 15
[2025-11-05T23:20:29.587774] [INFO] Configuration loaded
[2025-11-05T23:20:29.587827] [INFO] Database query executed
[2025-11-05T23:20:29.587898] [DEBUG] Thread pool size: 8
[2025-11-05T23:20:29.587894] [DEBUG] Entering function process_data()
[2025-11-05T23:20:29.587906] [DEBUG] Entering function process_data()
[2025-11-05T23:20:29.587789] [INFO] Connection established
[2025-11-05T23:20:29.587881] [DEBUG] Memory allocation: 2048 bytes
[2025-11-05T23:20:29.587840] [INFO] Connection established
[2025-11-05T23:20:29.587815] [INFO] Health check passed
[2025-11-05T23:20:29.587886] [DEBUG] Connection pool status checked
[2025-11-05T23:20:29.587872] [DEBUG] Entering function process_data()
[2025-11-05T23:20:29.587801] [INFO] Cache hit
[2025-11-05T23:20:29.587876] [DEBUG] Loop iteration: 15
[2025-11-05T23:20:29.587823] [INFO] Request processed successfully
