[2025-11-05T23:20:30.043446] [INFO] Configuration loaded
[2025-11-05T23:20:30.043413] [INFO] Connection established
[2025-11-05T23:20:30.043463] [INFO] Transaction completed
[2025-11-05T23:20:30.043422] [INFO] Configuration loaded
[2025-11-05T23:20:30.043547] [DEBUG] Variable value: x=42
[2025-11-05T23:20:30.043493] [WARN] Rate limit approaching
[2025-11-05T23:20:30.043418] [INFO] Session started
[2025-11-05T23:20:30.043517] [DEBUG] HTTP request headers parsed
[2025-11-05T23:20:30.043459] [INFO] Request processed successfully
[2025-11-05T23:20:30.043408] [INFO] Cache hit
[2025-11-05T23:20:30.043438] [INFO] Session started
[2025-11-05T23:20:30.043531] [DEBUG] Timer set: 30 seconds
[2025-11-05T23:20:30.043513] [DEBUG] Cache key generated
[2025-11-05T23:20:30.043521] [DEBUG] Memory allocation: 2048 bytes
[2025-11-05T23:20:30.043450] [INFO] Database query executed
[2025-11-05T23:20:30.043499] [ERROR] Disk read failed
[2025-11-05T23:20:30.043508] [DEBUG] Cache key generated
[2025-11-05T23:20:30.043481] [WARN] High memory usage detected
[2025-11-05T23:20:30.043455] [INFO] Health check passed
[2025-11-05T23:20:30.043526] [DEBUG] Connection pool status checked
[2025-11-05T23:20:30.043467] [INFO] Session started
[2025-11-05T23:20:30.043490] [WARN] Resource threshold approaching
[2025-11-05T23:20:30.043539] [DEBUG] HTTP request headers parsed
[2025-11-05T23:20:30.043472] [WARN] Resource threshold approaching
[2025-11-05T23:20:30.043503] [ERROR] Network timeout
[2025-11-05T23:20:30.043486] [WARN] Rate limit approaching
[2025-11-05T23:20:30.043442] [INFO] Service initialized
[2025-11-05T23:20:30.043477] [WARN] Deprecated API usage
[2025-11-05T23:20:30.043382] [INFO] Health check passed
[2025-11-05T23:20:30.043542] [DEBUG] Entering function process_data()
[2025-11-05T23:20:30.043535] [DEBUG] Thread pool size: 8
[2025-11-05T23:20:30.043427] [INFO] Transaction completed
[2025-11-05T23:20:30.043433] [INFO] Transaction completed
