[2025-11-05T23:20:23.909793] [WARN] Cache miss
[2025-11-05T23:20:23.909821] [ERROR] Memory allocation error
[2025-11-05T23:20:23.909849] [DEBUG] Thread pool size: 8
[2025-11-05T23:20:23.909814] [WARN] Queue size growing
[2025-11-05T23:20:23.909717] [INFO] Cache hit
[2025-11-05T23:20:23.909757] [INFO] Database query executed
[2025-11-05T23:20:23.909770] [INFO] Service initialized
[2025-11-05T23:20:23.909779] [INFO] Session started
[2025-11-05T23:20:23.909746] [INFO] Database query executed
[2025-11-05T23:20:23.909766] [INFO] Request processed successfully
[2025-11-05T23:20:23.909807] [WARN] Queue size growing
[2025-11-05T23:20:23.909852] [DEBUG] Entering function process_data()
[2025-11-05T23:20:23.909833] [DEBUG] HTTP request headers parsed
[2025-11-05T23:20:23.909804] [WARN] Slow query performance
[2025-11-05T23:20:23.909776] [INFO] Configuration loaded
[2025-11-05T23:20:23.909789] [INFO] Session started
[2025-11-05T23:20:23.909750] [INFO] Database query executed
[2025-11-05T23:20:23.909753] [INFO] Transaction completed
[2025-11-05T23:20:23.909783] [INFO] Service initialized
[2025-11-05T23:20:23.909826] [DEBUG] Buffer size: 4096 bytes
[2025-11-05T23:20:23.909842] [DEBUG] Cache key generated
[2025-11-05T23:20:23.909760] [INFO] Cache hit
[2025-11-05T23:20:23.909763] [INFO] Health check passed
[2025-11-05T23:20:23.909786] [INFO] Service initialized
[2025-11-05T23:20:23.909846] [DEBUG] Connection pool status checked
[2025-11-05T23:20:23.909839] [DEBUG] HTTP request headers parsed
[2025-11-05T23:20:23.909811] [WARN] Connection retry attempt
[2025-11-05T23:20:23.909801] [WARN] Disk space low
[2025-11-05T23:20:23.909836] [DEBUG] Timer set: 30 seconds
[2025-11-05T23:20:23.909773] [INFO] Session started
[2025-11-05T23:20:23.909829] [DEBUG] Connection pool status checked
[2025-11-05T23:20:23.909742] [INFO] User logged in
[2025-11-05T23:20:23.909797] [WARN] Resource threshold approaching
[2025-11-05T23:20:23.909817] [WARN] Connection retry attempt
