[2025-11-05T23:20:24.254252] [INFO] Configuration loaded
[2025-11-05T23:20:24.254225] [INFO] Health check passed
[2025-11-05T23:20:24.254296] [INFO] Transaction completed
[2025-11-05T23:20:24.254263] [INFO] Cache hit
[2025-11-05T23:20:24.254268] [INFO] Session started
[2025-11-05T23:20:24.254357] [DEBUG] Timer set: 30 seconds
[2025-11-05T23:20:24.254286] [INFO] Cache hit
[2025-11-05T23:20:24.254349] [DEBUG] Timer set: 30 seconds
[2025-11-05T23:20:24.254311] [INFO] Service initialized
[2025-11-05T23:20:24.254361] [DEBUG] Thread pool size: 8
[2025-11-05T23:20:24.254374] [DEBUG] Buffer size: 4096 bytes
[2025-11-05T23:20:24.254340] [DEBUG] Cache key generated
[2025-11-05T23:20:24.254282] [INFO] Transaction completed
[2025-11-05T23:20:24.254330] [WARN] Queue size growing
[2025-11-05T23:20:24.254258] [INFO] Configuration loaded
[2025-11-05T23:20:24.254304] [INFO] Health check passed
[2025-11-05T23:20:24.254345] [DEBUG] HTTP request headers parsed
[2025-11-05T23:20:24.254291] [INFO] Connection established
[2025-11-05T23:20:24.254300] [INFO] User logged in
[2025-11-05T23:20:24.254353] [DEBUG] Entering function process_data()
[2025-11-05T23:20:24.254321] [WARN] Disk space low
[2025-11-05T23:20:24.254325] [WARN] High memory usage detected
[2025-11-05T23:20:24.254335] [ERROR] Disk read failed
[2025-11-05T23:20:24.254370] [DEBUG] Cache key generated
[2025-11-05T23:20:24.254365] [DEBUG] Loop iteration: 15
[2025-11-05T23:20:24.254273] [INFO] Cache hit
[2025-11-05T23:20:24.254316] [WARN] Queue size growing
[2025-11-05T23:20:24.254277] [INFO] Service initialized
