[2025-11-05T23:20:51.036093] [ERROR] Service unavailable
[2025-11-05T23:20:51.036112] [DEBUG] Variable value: x=42
[2025-11-05T23:20:51.036062] [WARN] High memory usage detected
[2025-11-05T23:20:51.036100] [DEBUG] Memory allocation: 2048 bytes
[2025-11-05T23:20:51.036003] [INFO] Service initialized
[2025-11-05T23:20:51.036035] [INFO] Cache hit
[2025-11-05T23:20:51.036068] [WARN] Disk space low
[2025-11-05T23:20:51.036074] [WARN] Rate limit approaching
[2025-11-05T23:20:51.035997] [INFO] Transaction completed
[2025-11-05T23:20:51.036008] [INFO] Cache hit
[2025-11-05T23:20:51.036051] [INFO] Configuration loaded
[2025-11-05T23:20:51.036024] [INFO] Request processed successfully
[2025-11-05T23:20:51.036116] [DEBUG] Memory allocation: 2048 bytes
[2025-11-05T23:20:51.036013] [INFO] Connection established
[2025-11-05T23:20:51.036133] [DEBUG] Thread pool size: 8
[2025-11-05T23:20:51.036127] [DEBUG] Thread pool size: 8
[2025-11-05T23:20:51.036030] [INFO] Service initialized
[2025-11-05T23:20:51.036056] [INFO] Health check passed
[2025-11-05T23:20:51.035991] [INFO] Transaction completed
[2025-11-05T23:20:51.035955] [INFO] Database query executed
[2025-11-05T23:20:51.036040] [INFO] Session started
[2025-11-05T23:20:51.036019] [INFO] Session started
[2025-11-05T23:20:51.036046] [INFO] Configuration loaded
[2025-11-05T23:20:51.035983] [INFO] Session started
[2025-11-05T23:20:51.036080] [WARN] High memory usage detected
[2025-11-05T23:20:51.036122] [DEBUG] Cache key generated
[2025-11-05T23:20:51.036087] [ERROR] Authentication failed
[2025-11-05T23:20:51.036106] [DEBUG] Connection pool status checked
