[2025-11-05T23:20:24.731464] [WARN] Slow query performance
[2025-11-05T23:20:24.731481] [WARN] Slow query performance
[2025-11-05T23:20:24.731473] [WARN] Disk space low
[2025-11-05T23:20:24.731531] [DEBUG] Buffer size: 4096 bytes
[2025-11-05T23:20:24.731458] [INFO] User logged in
[2025-11-05T23:20:24.731518] [DEBUG] Cache key generated
[2025-11-05T23:20:24.731469] [WARN] Cache miss
[2025-11-05T23:20:24.731454] [INFO] Health check passed
[2025-11-05T23:20:24.731515] [DEBUG] Memory allocation: 2048 bytes
[2025-11-05T23:20:24.731436] [INFO] Configuration loaded
[2025-11-05T23:20:24.731445] [INFO] Database query executed
[2025-11-05T23:20:24.731491] [ERROR] Service unavailable
[2025-11-05T23:20:24.731511] [DEBUG] Buffer size: 4096 bytes
[2025-11-05T23:20:24.731523] [DEBUG] Loop iteration: 15
[2025-11-05T23:20:24.731424] [INFO] Transaction completed
[2025-11-05T23:20:24.731502] [DEBUG] Memory allocation: 2048 bytes
[2025-11-05T23:20:24.731450] [INFO] Database query executed
[2025-11-05T23:20:24.731527] [DEBUG] HTTP request headers parsed
[2025-11-05T23:20:24.731440] [INFO] Database query executed
[2025-11-05T23:20:24.731507] [DEBUG] Loop iteration: 15
[2025-11-05T23:20:24.731497] [DEBUG] Variable value: x=42
[2025-11-05T23:20:24.731487] [ERROR] Network timeout
[2025-11-05T23:20:24.731397] [INFO] Session started
[2025-11-05T23:20:24.731431] [INFO] Request processed successfully
[2025-11-05T23:20:24.731477] [WARN] High memory usage detected
