[2025-11-05T23:20:34.984699] [INFO] Transaction completed
[2025-11-05T23:20:34.984735] [INFO] Database query executed
[2025-11-05T23:20:34.984766] [ERROR] Disk read failed
[2025-11-05T23:20:34.984755] [WARN] Rate limit approaching
[2025-11-05T23:20:34.984781] [DEBUG] Connection pool status checked
[2025-11-05T23:20:34.984751] [WARN] Cache miss
[2025-11-05T23:20:34.984740] [WARN] Cache miss
[2025-11-05T23:20:34.984719] [INFO] Request processed successfully
[2025-11-05T23:20:34.984689] [INFO] Configuration loaded
[2025-11-05T23:20:34.984660] [INFO] Health check passed
[2025-11-05T23:20:34.984795] [DEBUG] Buffer size: 4096 bytes
[2025-11-05T23:20:34.984790] [DEBUG] Entering function process_data()
[2025-11-05T23:20:34.984707] [INFO] Configuration loaded
[2025-11-05T23:20:34.984694] [INFO] Cache hit
[2025-11-05T23:20:34.984771] [ERROR] Authentication failed
[2025-11-05T23:20:34.984727] [INFO] User logged in
[2025-11-05T23:20:34.984703] [INFO] Session started
[2025-11-05T23:20:34.984806] [DEBUG] Memory allocation: 2048 bytes
[2025-11-05T23:20:34.984776] [DEBUG] Memory allocation: 2048 bytes
[2025-11-05T23:20:34.984810] [DEBUG] HTTP request headers parsed
[2025-11-05T23:20:34.984731] [INFO] Health check passed
[2025-11-05T23:20:34.984715] [INFO] Configuration loaded
[2025-11-05T23:20:34.984684] [INFO] Service initialized
[2025-11-05T23:20:34.984814] [DEBUG] Cache key generated
[2025-11-05T23:20:34.984800] [DEBUG] Cache key generated
[2025-11-05T23:20:34.984711] [INFO] Health check passed
[2025-11-05T23:20:34.984761] [WARN] Rate limit approaching
[2025-11-05T23:20:34.984786] [DEBUG] Buffer size: 4096 bytes
[2025-11-05T23:20:34.984746] [WARN] Deprecated API usage
[2025-11-05T23:20:34.984723] [INFO] Health check passed
