[2025-11-05T23:20:33.185967] [DEBUG] Connection pool status checked
[2025-11-05T23:20:33.185915] [WARN] Timeout warning
[2025-11-05T23:20:33.185876] [INFO] Connection established
[2025-11-05T23:20:33.185843] [INFO] Cache hit
[2025-11-05T23:20:33.185940] [DEBUG] HTTP request headers parsed
[2025-11-05T23:20:33.185836] [INFO] Connection established
[2025-11-05T23:20:33.185871] [INFO] Service initialized
[2025-11-05T23:20:33.185905] [WARN] Timeout warning
[2025-11-05T23:20:33.185810] [INFO] Cache hit
[2025-11-05T23:20:33.185910] [WARN] Cache miss
[2025-11-05T23:20:33.185935] [DEBUG] Buffer size: 4096 bytes
[2025-11-05T23:20:33.185854] [INFO] User logged in
[2025-11-05T23:20:33.185899] [INFO] User logged in
[2025-11-05T23:20:33.185929] [ERROR] Network timeout
[2025-11-05T23:20:33.185945] [DEBUG] Timer set: 30 seconds
[2025-11-05T23:20:33.185894] [INFO] Health check passed
[2025-11-05T23:20:33.185923] [WARN] Queue size growing
[2025-11-05T23:20:33.185858] [INFO] Request processed successfully
[2025-11-05T23:20:33.185881] [INFO] Session started
[2025-11-05T23:20:33.185867] [INFO] User logged in
[2025-11-05T23:20:33.185958] [DEBUG] Cache key generated
[2025-11-05T23:20:33.185849] [INFO] Connection established
[2025-11-05T23:20:33.185954] [DEBUG] Memory allocation: 2048 bytes
[2025-11-05T23:20:33.185885] [INFO] Database query executed
[2025-11-05T23:20:33.185963] [DEBUG] Buffer size: 4096 bytes
[2025-11-05T23:20:33.185863] [INFO] Transaction completed
[2025-11-05T23:20:33.185890] [INFO] Health check passed
[2025-11-05T23:20:33.185919] [WARN] Slow query performance
[2025-11-05T23:20:33.185949] [DEBUG] Timer set: 30 seconds
