[2025-11-05T23:20:32.394047] [INFO] Session started
[2025-11-05T23:20:32.394092] [DEBUG] Cache key generated
[2025-11-05T23:20:32.394051] [INFO] Database query executed
[2025-11-05T23:20:32.394034] [INFO] Session started
[2025-11-05T23:20:32.394081] [ERROR] Authentication failed
[2025-11-05T23:20:32.394011] [INFO] Transaction completed
[2025-11-05T23:20:32.394055] [INFO] Configuration loaded
[2025-11-05T23:20:32.394128] [DEBUG] Loop iteration: 15
[2025-11-05T23:20:32.394096] [DEBUG] HTTP request headers parsed
[2025-11-05T23:20:32.394059] [INFO] Connection established
[2025-11-05T23:20:32.394029] [INFO] Service initialized
[2025-11-05T23:20:32.394043] [INFO] User logged in
[2025-11-05T23:20:32.394016] [INFO] Cache hit
[2025-11-05T23:20:32.394119] [DEBUG] Loop iteration: 15
[2025-11-05T23:20:32.394024] [INFO] Cache hit
[2025-11-05T23:20:32.394141] [DEBUG] Memory allocation: 2048 bytes
[2025-11-05T23:20:32.394075] [WARN] High memory usage detected
[2025-11-05T23:20:32.394005] [INFO] User logged in
[2025-11-05T23:20:32.394123] [DEBUG] Timer set: 30 seconds
[2025-11-05T23:20:32.394070] [WARN] Connection retry attempt
[2025-11-05T23:20:32.394110] [DEBUG] Entering function process_data()
[2025-11-05T23:20:32.394132] [DEBUG] Buffer size: 4096 bytes
[2025-11-05T23:20:32.394101] [DEBUG] HTTP request headers parsed
[2025-11-05T23:20:32.394137] [DEBUG] Timer set: 30 seconds
[2025-11-05T23:20:32.394038] [INFO] Cache hit
[2025-11-05T23:20:32.394064] [INFO] Connection established
[2025-11-05T23:20:32.394114] [DEBUG] Variable value: x=42
[2025-11-05T23:20:32.393978] [INFO] Cache hit
[2025-11-05T23:20:32.394105] [DEBUG] Loop iteration: 15
[2025-11-05T23:20:32.394086] [ERROR] Memory allocation error
[2025-11-05T23:20:32.394020] [INFO] Transaction completed
