[2025-11-05T23:20:22.472705] [INFO] Request processed successfully
[2025-11-05T23:20:22.472709] [INFO] Request processed successfully
[2025-11-05T23:20:22.472776] [DEBUG] Memory allocation: 2048 bytes
[2025-11-05T23:20:22.472760] [DEBUG] Thread pool size: 8
[2025-11-05T23:20:22.472713] [INFO] Service initialized
[2025-11-05T23:20:22.472780] [DEBUG] Timer set: 30 seconds
[2025-11-05T23:20:22.472724] [WARN] Rate limit approaching
[2025-11-05T23:20:22.472671] [INFO] Health check passed
[2025-11-05T23:20:22.472755] [DEBUG] Thread pool size: 8
[2025-11-05T23:20:22.472680] [INFO] Connection established
[2025-11-05T23:20:22.472689] [INFO] Session started
[2025-11-05T23:20:22.472624] [INFO] Transaction completed
[2025-11-05T23:20:22.472718] [WARN] Deprecated API usage
[2025-11-05T23:20:22.472662] [INFO] Connection established
[2025-11-05T23:20:22.472666] [INFO] Transaction completed
[2025-11-05T23:20:22.472746] [ERROR] Network timeout
[2025-11-05T23:20:22.472693] [INFO] Health check passed
[2025-11-05T23:20:22.472735] [WARN] Resource threshold approaching
[2025-11-05T23:20:22.472741] [ERROR] Authentication failed
[2025-11-05T23:20:22.472701] [INFO] Cache hit
[2025-11-05T23:20:22.472772] [DEBUG] HTTP request headers parsed
[2025-11-05T23:20:22.472684] [INFO] Health check passed
[2025-11-05T23:20:22.472697] [INFO] Session started
[2025-11-05T23:20:22.472765] [DEBUG] Timer set: 30 seconds
[2025-11-05T23:20:22.472651] [INFO] Health check passed
[2025-11-05T23:20:22.472769] [DEBUG] Entering function process_data()
[2025-11-05T23:20:22.472676] [INFO] Request processed successfully
[2025-11-05T23:20:22.472750] [ERROR] File not found
[2025-11-05T23:20:22.472657] [INFO] Database query executed
[2025-11-05T23:20:22.472729] [WARN] Resource threshold approaching
