[2025-11-05T23:20:39.277111] [DEBUG] Entering function process_data()
[2025-11-05T23:20:39.277062] [INFO] User logged in
[2025-11-05T23:20:39.277022] [INFO] Configuration loaded
[2025-11-05T23:20:39.277040] [INFO] Database query executed
[2025-11-05T23:20:39.277049] [INFO] Health check passed
[2025-11-05T23:20:39.277121] [DEBUG] Loop iteration: 15
[2025-11-05T23:20:39.277072] [WARN] Timeout warning
[2025-11-05T23:20:39.277133] [DEBUG] Timer set: 30 seconds
[2025-11-05T23:20:39.277125] [DEBUG] HTTP request headers parsed
[2025-11-05T23:20:39.277117] [DEBUG] Timer set: 30 seconds
[2025-11-05T23:20:39.277095] [WARN] Resource threshold approaching
[2025-11-05T23:20:39.277032] [INFO] Connection established
[2025-11-05T23:20:39.277078] [WARN] Deprecated API usage
[2025-11-05T23:20:39.277129] [DEBUG] Connection pool status checked
[2025-11-05T23:20:39.277058] [INFO] Database query executed
[2025-11-05T23:20:39.277089] [WARN] Slow query performance
[2025-11-05T23:20:39.277036] [INFO] Configuration loaded
[2025-11-05T23:20:39.277012] [INFO] Session started
[2025-11-05T23:20:39.277053] [INFO] Session started
[2025-11-05T23:20:39.277101] [ERROR] Database connection lost
[2025-11-05T23:20:39.277067] [INFO] Configuration loaded
[2025-11-05T23:20:39.277027] [INFO] Request processed successfully
[2025-11-05T23:20:39.277006] [INFO] Database query executed
[2025-11-05T23:20:39.277137] [DEBUG] Variable value: x=42
[2025-11-05T23:20:39.277045] [INFO] Request processed successfully
[2025-11-05T23:20:39.276979] [INFO] Health check passed
[2025-11-05T23:20:39.277018] [INFO] Health check passed
[2025-11-05T23:20:39.277141] [DEBUG] Connection pool status checked
[2025-11-05T23:20:39.277085] [WARN] Queue size growing
[2025-11-05T23:20:39.277106] [ERROR] File not found
