[2025-11-05T23:20:28.531225] [ERROR] Database connection lost
[2025-11-05T23:20:28.531158] [INFO] Transaction completed
[2025-11-05T23:20:28.531230] [DEBUG] Entering function process_data()
[2025-11-05T23:20:28.531183] [INFO] Health check passed
[2025-11-05T23:20:28.531248] [DEBUG] Thread pool size: 8
[2025-11-05T23:20:28.531162] [INFO] Configuration loaded
[2025-11-05T23:20:28.531220] [ERROR] Invalid input data
[2025-11-05T23:20:28.531167] [INFO] Connection established
[2025-11-05T23:20:28.531261] [DEBUG] Memory allocation: 2048 bytes
[2025-11-05T23:20:28.531147] [INFO] Cache hit
[2025-11-05T23:20:28.531203] [INFO] Service initialized
[2025-11-05T23:20:28.531256] [DEBUG] Entering function process_data()
[2025-11-05T23:20:28.531273] [DEBUG] Entering function process_data()
[2025-11-05T23:20:28.531269] [DEBUG] Buffer size: 4096 bytes
[2025-11-05T23:20:28.531208] [INFO] Health check passed
[2025-11-05T23:20:28.531188] [INFO] Cache hit
[2025-11-05T23:20:28.531122] [INFO] Service initialized
[2025-11-05T23:20:28.531175] [INFO] Cache hit
[2025-11-05T23:20:28.531265] [DEBUG] Connection pool status checked
[2025-11-05T23:20:28.531239] [DEBUG] Thread pool size: 8
[2025-11-05T23:20:28.531179] [INFO] Database query executed
[2025-11-05T23:20:28.531234] [DEBUG] Timer set: 30 seconds
[2025-11-05T23:20:28.531199] [INFO] Cache hit
[2025-11-05T23:20:28.531153] [INFO] Connection established
[2025-11-05T23:20:28.531196] [INFO] Service initialized
[2025-11-05T23:20:28.531171] [INFO] Connection established
[2025-11-05T23:20:28.531252] [DEBUG] Memory allocation: 2048 bytes
[2025-11-05T23:20:28.531244] [DEBUG] Thread pool size: 8
[2025-11-05T23:20:28.531213] [WARN] Queue size growing
[2025-11-05T23:20:28.531192] [INFO] Database query executed
