[2025-11-05T23:20:38.742732] [ERROR] Request failed
[2025-11-05T23:20:38.742653] [INFO] Service initialized
[2025-11-05T23:20:38.742657] [INFO] Transaction completed
[2025-11-05T23:20:38.742755] [DEBUG] Entering function process_data()
[2025-11-05T23:20:38.742629] [INFO] Cache hit
[2025-11-05T23:20:38.742722] [WARN] Disk space low
[2025-11-05T23:20:38.742674] [INFO] Service initialized
[2025-11-05T23:20:38.742635] [INFO] Health check passed
[2025-11-05T23:20:38.742743] [DEBUG] Loop iteration: 15
[2025-11-05T23:20:38.742751] [DEBUG] Memory allocation: 2048 bytes
[2025-11-05T23:20:38.742759] [DEBUG] Connection pool status checked
[2025-11-05T23:20:38.742727] [ERROR] Permission denied
[2025-11-05T23:20:38.742649] [INFO] Health check passed
[2025-11-05T23:20:38.742679] [INFO] Configuration loaded
[2025-11-05T23:20:38.742640] [INFO] Database query executed
[2025-11-05T23:20:38.742747] [DEBUG] Buffer size: 4096 bytes
[2025-11-05T23:20:38.742644] [INFO] Request processed successfully
[2025-11-05T23:20:38.742687] [INFO] Configuration loaded
[2025-11-05T23:20:38.742661] [INFO] Session started
[2025-11-05T23:20:38.742670] [INFO] User logged in
[2025-11-05T23:20:38.742696] [INFO] Session started
[2025-11-05T23:20:38.742703] [WARN] Rate limit approaching
[2025-11-05T23:20:38.742683] [INFO] Session started
[2025-11-05T23:20:38.742708] [WARN] Timeout warning
[2025-11-05T23:20:38.742691] [INFO] Cache hit
[2025-11-05T23:20:38.742601] [INFO] User logged in
[2025-11-05T23:20:38.742738] [DEBUG] Timer set: 30 seconds
[2025-11-05T23:20:38.742717] [WARN] Disk space low
[2025-11-05T23:20:38.742713] [WARN] Queue size growing
[2025-11-05T23:20:38.742666] [INFO] Request processed successfully
