[2025-11-05T23:20:39.725395] [INFO] User logged in
[2025-11-05T23:20:39.725435] [INFO] User logged in
[2025-11-05T23:20:39.725463] [WARN] Connection retry attempt
[2025-11-05T23:20:39.725518] [DEBUG] Timer set: 30 seconds
[2025-11-05T23:20:39.725472] [WARN] Cache miss
[2025-11-05T23:20:39.725514] [DEBUG] Connection pool status checked
[2025-11-05T23:20:39.725448] [INFO] Session started
[2025-11-05T23:20:39.725387] [INFO] Service initialized
[2025-11-05T23:20:39.725458] [WARN] Connection retry attempt
[2025-11-05T23:20:39.725494] [DEBUG] Timer set: 30 seconds
[2025-11-05T23:20:39.725468] [WARN] Disk space low
[2025-11-05T23:20:39.725410] [INFO] Configuration loaded
[2025-11-05T23:20:39.725422] [INFO] Connection established
[2025-11-05T23:20:39.725427] [INFO] Transaction completed
[2025-11-05T23:20:39.725504] [DEBUG] Memory allocation: 2048 bytes
[2025-11-05T23:20:39.725443] [INFO] Transaction completed
[2025-11-05T23:20:39.725439] [INFO] Database query executed
[2025-11-05T23:20:39.725452] [INFO] Transaction completed
[2025-11-05T23:20:39.725414] [INFO] Session started
[2025-11-05T23:20:39.725419] [INFO] Session started
[2025-11-05T23:20:39.725482] [ERROR] Request failed
[2025-11-05T23:20:39.725509] [DEBUG] Thread pool size: 8
[2025-11-05T23:20:39.725476] [WARN] Deprecated API usage
[2025-11-05T23:20:39.725487] [ERROR] Invalid input data
[2025-11-05T23:20:39.725405] [INFO] Request processed successfully
[2025-11-05T23:20:39.725359] [INFO] Request processed successfully
[2025-11-05T23:20:39.725431] [INFO] Connection established
[2025-11-05T23:20:39.725400] [INFO] Request processed successfully
[2025-11-05T23:20:39.725499] [DEBUG] Thread pool size: 8
[2025-11-05T23:20:39.725522] [DEBUG] HTTP request headers parsed
