[2025-11-05T23:20:30.953671] [INFO] Database query executed
[2025-11-05T23:20:30.953805] [ERROR] Permission denied
[2025-11-05T23:20:30.953656] [INFO] Service initialized
[2025-11-05T23:20:30.953820] [DEBUG] Variable value: x=42
[2025-11-05T23:20:30.953642] [INFO] Transaction completed
[2025-11-05T23:20:30.953636] [INFO] Database query executed
[2025-11-05T23:20:30.953647] [INFO] User logged in
[2025-11-05T23:20:30.953651] [INFO] Configuration loaded
[2025-11-05T23:20:30.953667] [INFO] Session started
[2025-11-05T23:20:30.953815] [DEBUG] Buffer size: 4096 bytes
[2025-11-05T23:20:30.953833] [DEBUG] Entering function process_data()
[2025-11-05T23:20:30.953661] [INFO] Database query executed
[2025-11-05T23:20:30.953838] [DEBUG] Timer set: 30 seconds
[2025-11-05T23:20:30.953800] [ERROR] Network timeout
[2025-11-05T23:20:30.953811] [DEBUG] HTTP request headers parsed
[2025-11-05T23:20:30.953824] [DEBUG] Connection pool status checked
[2025-11-05T23:20:30.953573] [INFO] Configuration loaded
[2025-11-05T23:20:30.953842] [DEBUG] Loop iteration: 15
[2025-11-05T23:20:30.953829] [DEBUG] HTTP request headers parsed
[2025-11-05T23:20:30.953846] [DEBUG] Timer set: 30 seconds
[2025-11-05T23:20:30.953790] [WARN] Cache miss
