[2025-11-05T23:20:35.035668] [DEBUG] Loop iteration: 15
[2025-11-05T23:20:35.035673] [DEBUG] Buffer size: 4096 bytes
[2025-11-05T23:20:35.035627] [WARN] High memory usage detected
[2025-11-05T23:20:35.035614] [WARN] Queue size growing
[2025-11-05T23:20:35.035684] [DEBUG] Buffer size: 4096 bytes
[2025-11-05T23:20:35.035662] [DEBUG] Connection pool status checked
[2025-11-05T23:20:35.035608] [WARN] Disk space low
[2025-11-05T23:20:35.035601] [INFO] User logged in
[2025-11-05T23:20:35.035640] [ERROR] File not found
[2025-11-05T23:20:35.035646] [DEBUG] Entering function process_data()
[2025-11-05T23:20:35.035634] [ERROR] Service unavailable
[2025-11-05T23:20:35.035539] [INFO] Cache hit
[2025-11-05T23:20:35.035550] [INFO] Request processed successfully
[2025-11-05T23:20:35.035651] [DEBUG] Memory allocation: 2048 bytes
[2025-11-05T23:20:35.035513] [INFO] Service initialized
[2025-11-05T23:20:35.035595] [INFO] Transaction completed
[2025-11-05T23:20:35.035680] [DEBUG] Thread pool size: 8
[2025-11-05T23:20:35.035546] [INFO] Transaction completed
[2025-11-05T23:20:35.035620] [WARN] Connection retry attempt
[2025-11-05T23:20:35.035555] [INFO] Transaction completed
[2025-11-05T23:20:35.035577] [INFO] Database query executed
[2025-11-05T23:20:35.035690] [DEBUG] Variable value: x=42
[2025-11-05T23:20:35.035564] [INFO] Configuration loaded
[2025-11-05T23:20:35.035573] [INFO] Database query executed
[2025-11-05T23:20:35.035560] [INFO] Transaction completed
[2025-11-05T23:20:35.035581] [INFO] Configuration loaded
[2025-11-05T23:20:35.035569] [INFO] Configuration loaded
[2025-11-05T23:20:35.035586] [INFO] Service initialized
[2025-11-05T23:20:35.035591] [INFO] Session started
[2025-11-05T23:20:35.035657] [DEBUG] Connection pool status checked
