[2025-11-05T23:20:17.296609] [INFO] User logged in
[2025-11-05T23:20:17.296674] [INFO] Configuration loaded
[2025-11-05T23:20:17.296670] [INFO] Transaction completed
[2025-11-05T23:20:17.296715] [DEBUG] Entering function process_data()
[2025-11-05T23:20:17.296680] [WARN] High memory usage detected
[2025-11-05T23:20:17.296731] [DEBUG] Variable value: x=42
[2025-11-05T23:20:17.296654] [INFO] Database query executed
[2025-11-05T23:20:17.296631] [INFO] User logged in
[2025-11-05T23:20:17.296619] [INFO] Cache hit
[2025-11-05T23:20:17.296693] [WARN] Disk space low
[2025-11-05T23:20:17.296704] [ERROR] Memory allocation error
[2025-11-05T23:20:17.296604] [INFO] Cache hit
[2025-11-05T23:20:17.296666] [INFO] Request processed successfully
[2025-11-05T23:20:17.296642] [INFO] Cache hit
[2025-11-05T23:20:17.296662] [INFO] Service initialized
[2025-11-05T23:20:17.296710] [DEBUG] Thread pool size: 8
[2025-11-05T23:20:17.296735] [DEBUG] Memory allocation: 2048 bytes
[2025-11-05T23:20:17.296571] [INFO] Service initialized
[2025-11-05T23:20:17.296636] [INFO] Session started
[2025-11-05T23:20:17.296623] [INFO] Transaction completed
[2025-11-05T23:20:17.296646] [INFO] Database query executed
[2025-11-05T23:20:17.296650] [INFO] User logged in
[2025-11-05T23:20:17.296628] [INFO] User logged in
[2025-11-05T23:20:17.296727] [DEBUG] Entering function process_data()
[2025-11-05T23:20:17.296598] [INFO] User logged in
[2025-11-05T23:20:17.296658] [INFO] Health check passed
[2025-11-05T23:20:17.296723] [DEBUG] Entering function process_data()
[2025-11-05T23:20:17.296685] [WARN] Resource threshold approaching
[2025-11-05T23:20:17.296689] [WARN] Cache miss
[2025-11-05T23:20:17.296719] [DEBUG] Timer set: 30 seconds
[2025-11-05T23:20:17.296699] [ERROR] Service unavailable
[2025-11-05T23:20:17.296614] [INFO] Database query executed
