[2025-11-05T23:20:22.931150] [WARN] Cache miss
[2025-11-05T23:20:22.931124] [INFO] Configuration loaded
[2025-11-05T23:20:22.931104] [INFO] Configuration loaded
[2025-11-05T23:20:22.931160] [WARN] Connection retry attempt
[2025-11-05T23:20:22.931134] [INFO] Connection established
[2025-11-05T23:20:22.931167] [ERROR] Permission denied
[2025-11-05T23:20:22.931098] [INFO] Cache hit
[2025-11-05T23:20:22.931202] [DEBUG] Memory allocation: 2048 bytes
[2025-11-05T23:20:22.931213] [DEBUG] Timer set: 30 seconds
[2025-11-05T23:20:22.931180] [DEBUG] Timer set: 30 seconds
[2025-11-05T23:20:22.931190] [DEBUG] Cache key generated
[2025-11-05T23:20:22.931138] [INFO] Configuration loaded
[2025-11-05T23:20:22.931109] [INFO] Health check passed
[2025-11-05T23:20:22.931120] [INFO] Connection established
[2025-11-05T23:20:22.931092] [INFO] User logged in
[2025-11-05T23:20:22.931185] [DEBUG] Loop iteration: 15
[2025-11-05T23:20:22.931155] [WARN] High memory usage detected
[2025-11-05T23:20:22.931129] [INFO] Database query executed
[2025-11-05T23:20:22.931208] [DEBUG] Variable value: x=42
[2025-11-05T23:20:22.931173] [ERROR] Authentication failed
[2025-11-05T23:20:22.931195] [DEBUG] Variable value: x=42
[2025-11-05T23:20:22.931145] [WARN] High memory usage detected
[2025-11-05T23:20:22.931114] [INFO] Service initialized
[2025-11-05T23:20:22.931066] [INFO] User logged in
