[2025-11-05T23:20:24.727737] [DEBUG] Thread pool size: 8
[2025-11-05T23:20:24.727690] [ERROR] Permission denied
[2025-11-05T23:20:24.726736] [INFO] Configuration loaded
[2025-11-05T23:20:24.726727] [INFO] Request processed successfully
[2025-11-05T23:20:24.726765] [INFO] Connection established
[2025-11-05T23:20:24.726713] [INFO] User logged in
[2025-11-05T23:20:24.727707] [DEBUG] Entering function process_data()
[2025-11-05T23:20:24.726706] [INFO] Service initialized
[2025-11-05T23:20:24.726732] [INFO] Configuration loaded
[2025-11-05T23:20:24.727716] [DEBUG] Entering function process_data()
[2025-11-05T23:20:24.726784] [WARN] High memory usage detected
[2025-11-05T23:20:24.726717] [INFO] Session started
[2025-11-05T23:20:24.727721] [DEBUG] Connection pool status checked
[2025-11-05T23:20:24.727697] [ERROR] Permission denied
[2025-11-05T23:20:24.726749] [INFO] Session started
[2025-11-05T23:20:24.726761] [INFO] Service initialized
[2025-11-05T23:20:24.726788] [WARN] Timeout warning
[2025-11-05T23:20:24.727733] [DEBUG] Entering function process_data()
[2025-11-05T23:20:24.726682] [INFO] Transaction completed
[2025-11-05T23:20:24.727729] [DEBUG] Variable value: x=42
[2025-11-05T23:20:24.726757] [INFO] Session started
[2025-11-05T23:20:24.726753] [INFO] Service initialized
[2025-11-05T23:20:24.727702] [DEBUG] Buffer size: 4096 bytes
[2025-11-05T23:20:24.726744] [INFO] Connection established
[2025-11-05T23:20:24.726769] [INFO] Transaction completed
[2025-11-05T23:20:24.726780] [WARN] Deprecated API usage
[2025-11-05T23:20:24.727712] [DEBUG] Entering function process_data()
[2025-11-05T23:20:24.726774] [WARN] Cache miss
[2025-11-05T23:20:24.726740] [INFO] Request processed successfully
[2025-11-05T23:20:24.726722] [INFO] Session started
[2025-11-05T23:20:24.727654] [WARN] Cache miss
[2025-11-05T23:20:24.727725] [DEBUG] Variable value: x=42
