[2025-11-05T23:20:20.113880] [DEBUG] Variable value: x=42
[2025-11-05T23:20:20.113750] [INFO] Session started
[2025-11-05T23:20:20.113843] [DEBUG] Timer set: 30 seconds
[2025-11-05T23:20:20.113736] [INFO] Database query executed
[2025-11-05T23:20:20.113858] [DEBUG] Timer set: 30 seconds
[2025-11-05T23:20:20.113794] [INFO] Connection established
[2025-11-05T23:20:20.113755] [INFO] Cache hit
[2025-11-05T23:20:20.113763] [INFO] Session started
[2025-11-05T23:20:20.113790] [INFO] Transaction completed
[2025-11-05T23:20:20.113805] [WARN] Rate limit approaching
[2025-11-05T23:20:20.113815] [WARN] High memory usage detected
[2025-11-05T23:20:20.113773] [INFO] Cache hit
[2025-11-05T23:20:20.113746] [INFO] Database query executed
[2025-11-05T23:20:20.113848] [DEBUG] Thread pool size: 8
[2025-11-05T23:20:20.113834] [DEBUG] Buffer size: 4096 bytes
[2025-11-05T23:20:20.113853] [DEBUG] Cache key generated
[2025-11-05T23:20:20.113799] [INFO] Request processed successfully
[2025-11-05T23:20:20.113820] [WARN] Deprecated API usage
[2025-11-05T23:20:20.113781] [INFO] Request processed successfully
[2025-11-05T23:20:20.113876] [DEBUG] Cache key generated
[2025-11-05T23:20:20.113760] [INFO] Connection established
[2025-11-05T23:20:20.113730] [INFO] Request processed successfully
[2025-11-05T23:20:20.113810] [WARN] High memory usage detected
[2025-11-05T23:20:20.113768] [INFO] Service initialized
[2025-11-05T23:20:20.113704] [INFO] Connection established
[2025-11-05T23:20:20.113862] [DEBUG] Thread pool size: 8
[2025-11-05T23:20:20.113777] [INFO] Configuration loaded
[2025-11-05T23:20:20.113866] [DEBUG] Memory allocation: 2048 bytes
[2025-11-05T23:20:20.113741] [INFO] Transaction completed
[2025-11-05T23:20:20.113827] [ERROR] Disk read failed
[2025-11-05T23:20:20.113871] [DEBUG] Entering function process_data()
[2025-11-05T23:20:20.113839] [DEBUG] Memory allocation: 2048 bytes
[2025-11-05T23:20:20.113786] [INFO] Connection established
