[2025-11-05T23:20:34.527840] [INFO] Cache hit
[2025-11-05T23:20:34.527857] [INFO] User logged in
[2025-11-05T23:20:34.527877] [WARN] Rate limit approaching
[2025-11-05T23:20:34.527827] [INFO] User logged in
[2025-11-05T23:20:34.527815] [INFO] Connection established
[2025-11-05T23:20:34.527917] [DEBUG] Buffer size: 4096 bytes
[2025-11-05T23:20:34.527892] [ERROR] Permission denied
[2025-11-05T23:20:34.527836] [INFO] Transaction completed
[2025-11-05T23:20:34.527909] [DEBUG] Memory allocation: 2048 bytes
[2025-11-05T23:20:34.527931] [DEBUG] Variable value: x=42
[2025-11-05T23:20:34.527922] [DEBUG] HTTP request headers parsed
[2025-11-05T23:20:34.527789] [INFO] Connection established
[2025-11-05T23:20:34.527887] [ERROR] Disk read failed
[2025-11-05T23:20:34.527812] [INFO] Request processed successfully
[2025-11-05T23:20:34.527844] [INFO] User logged in
[2025-11-05T23:20:34.527823] [INFO] Request processed successfully
[2025-11-05T23:20:34.527795] [INFO] Configuration loaded
[2025-11-05T23:20:34.527848] [INFO] Request processed successfully
[2025-11-05T23:20:34.527903] [DEBUG] Connection pool status checked
[2025-11-05T23:20:34.527755] [INFO] Cache hit
[2025-11-05T23:20:34.527799] [INFO] Database query executed
[2025-11-05T23:20:34.527861] [INFO] Health check passed
[2025-11-05T23:20:34.527831] [INFO] Service initialized
[2025-11-05T23:20:34.527926] [DEBUG] HTTP request headers parsed
[2025-11-05T23:20:34.527872] [WARN] Timeout warning
[2025-11-05T23:20:34.527819] [INFO] Configuration loaded
[2025-11-05T23:20:34.527935] [DEBUG] Entering function process_data()
[2025-11-05T23:20:34.527867] [WARN] Disk space low
[2025-11-05T23:20:34.527783] [INFO] Transaction completed
[2025-11-05T23:20:34.527881] [WARN] Queue size growing
[2025-11-05T23:20:34.527808] [INFO] User logged in
[2025-11-05T23:20:34.527898] [DEBUG] Entering function process_data()
[2025-11-05T23:20:34.527913] [DEBUG] Connection pool status checked
[2025-11-05T23:20:34.527853] [INFO] Request processed successfully
[2025-11-05T23:20:34.527804] [INFO] Request processed successfully
