[2025-11-05T23:20:20.494513] [DEBUG] Timer set: 30 seconds
[2025-11-05T23:20:20.494448] [INFO] User logged in
[2025-11-05T23:20:20.494531] [DEBUG] HTTP request headers parsed
[2025-11-05T23:20:20.494518] [DEBUG] HTTP request headers parsed
[2025-11-05T23:20:20.494444] [INFO] Database query executed
[2025-11-05T23:20:20.494453] [INFO] Configuration loaded
[2025-11-05T23:20:20.494462] [INFO] Database query executed
[2025-11-05T23:20:20.494466] [INFO] Connection established
[2025-11-05T23:20:20.494390] [INFO] Connection established
[2025-11-05T23:20:20.494482] [INFO] Configuration loaded
[2025-11-05T23:20:20.494488] [WARN] Queue size growing
[2025-11-05T23:20:20.494431] [INFO] User logged in
[2025-11-05T23:20:20.494547] [DEBUG] Connection pool status checked
[2025-11-05T23:20:20.494508] [ERROR] File not found
[2025-11-05T23:20:20.494422] [INFO] Cache hit
[2025-11-05T23:20:20.494440] [INFO] Cache hit
[2025-11-05T23:20:20.494559] [DEBUG] HTTP request headers parsed
[2025-11-05T23:20:20.494539] [DEBUG] Variable value: x=42
[2025-11-05T23:20:20.494493] [WARN] Deprecated API usage
[2025-11-05T23:20:20.494527] [DEBUG] Thread pool size: 8
[2025-11-05T23:20:20.494543] [DEBUG] Thread pool size: 8
[2025-11-05T23:20:20.494470] [INFO] Health check passed
[2025-11-05T23:20:20.494478] [INFO] Request processed successfully
[2025-11-05T23:20:20.494522] [DEBUG] Connection pool status checked
[2025-11-05T23:20:20.494498] [WARN] Deprecated API usage
[2025-11-05T23:20:20.494555] [DEBUG] Timer set: 30 seconds
[2025-11-05T23:20:20.494502] [WARN] Cache miss
[2025-11-05T23:20:20.494457] [INFO] User logged in
[2025-11-05T23:20:20.494427] [INFO] User logged in
[2025-11-05T23:20:20.494416] [INFO] Connection established
[2025-11-05T23:20:20.494435] [INFO] Request processed successfully
[2025-11-05T23:20:20.494474] [INFO] Configuration loaded
[2025-11-05T23:20:20.494535] [DEBUG] Memory allocation: 2048 bytes
[2025-11-05T23:20:20.494551] [DEBUG] Connection pool status checked
