[2025-11-05T23:20:29.273877] [DEBUG] Variable value: x=42
[2025-11-05T23:20:29.273898] [DEBUG] Thread pool size: 8
[2025-11-05T23:20:29.273894] [DEBUG] Buffer size: 4096 bytes
[2025-11-05T23:20:29.273882] [DEBUG] Connection pool status checked
[2025-11-05T23:20:29.273820] [INFO] Service initialized
[2025-11-05T23:20:29.273812] [INFO] Cache hit
[2025-11-05T23:20:29.273902] [DEBUG] Memory allocation: 2048 bytes
[2025-11-05T23:20:29.273851] [WARN] Deprecated API usage
[2025-11-05T23:20:29.273859] [WARN] Rate limit approaching
[2025-11-05T23:20:29.273816] [INFO] Cache hit
[2025-11-05T23:20:29.273838] [WARN] Queue size growing
[2025-11-05T23:20:29.273824] [INFO] Request processed successfully
[2025-11-05T23:20:29.273828] [INFO] User logged in
[2025-11-05T23:20:29.273796] [INFO] Session started
[2025-11-05T23:20:29.273855] [WARN] High memory usage detected
[2025-11-05T23:20:29.273872] [ERROR] Network timeout
[2025-11-05T23:20:29.273750] [INFO] Transaction completed
[2025-11-05T23:20:29.273863] [WARN] Deprecated API usage
[2025-11-05T23:20:29.273807] [INFO] Service initialized
[2025-11-05T23:20:29.273843] [WARN] Slow query performance
[2025-11-05T23:20:29.273890] [DEBUG] Memory allocation: 2048 bytes
[2025-11-05T23:20:29.273790] [INFO] User logged in
[2025-11-05T23:20:29.273802] [INFO] Health check passed
[2025-11-05T23:20:29.273785] [INFO] Cache hit
[2025-11-05T23:20:29.273847] [WARN] Connection retry attempt
[2025-11-05T23:20:29.273833] [WARN] Connection retry attempt
[2025-11-05T23:20:29.273868] [ERROR] Permission denied
[2025-11-05T23:20:29.273886] [DEBUG] Variable value: x=42
[2025-11-05T23:20:29.273777] [INFO] Connection established
