[2025-11-05T23:20:28.217860] [INFO] Configuration loaded
[2025-11-05T23:20:28.217884] [INFO] User logged in
[2025-11-05T23:20:28.217864] [INFO] Health check passed
[2025-11-05T23:20:28.217770] [INFO] Request processed successfully
[2025-11-05T23:20:28.217874] [INFO] Health check passed
[2025-11-05T23:20:28.217969] [DEBUG] Timer set: 30 seconds
[2025-11-05T23:20:28.217834] [INFO] Transaction completed
[2025-11-05T23:20:28.217814] [INFO] Cache hit
[2025-11-05T23:20:28.217934] [DEBUG] Variable value: x=42
[2025-11-05T23:20:28.217902] [ERROR] File not found
[2025-11-05T23:20:28.217958] [DEBUG] Buffer size: 4096 bytes
[2025-11-05T23:20:28.217964] [DEBUG] Thread pool size: 8
[2025-11-05T23:20:28.217879] [INFO] Session started
[2025-11-05T23:20:28.217808] [INFO] Transaction completed
[2025-11-05T23:20:28.217889] [INFO] Cache hit
[2025-11-05T23:20:28.217850] [INFO] Request processed successfully
[2025-11-05T23:20:28.217830] [INFO] Transaction completed
[2025-11-05T23:20:28.217855] [INFO] Connection established
[2025-11-05T23:20:28.217796] [INFO] Connection established
[2025-11-05T23:20:28.217895] [WARN] Resource threshold approaching
[2025-11-05T23:20:28.217840] [INFO] Health check passed
[2025-11-05T23:20:28.217949] [DEBUG] Memory allocation: 2048 bytes
[2025-11-05T23:20:28.217919] [DEBUG] Memory allocation: 2048 bytes
[2025-11-05T23:20:28.217907] [ERROR] Authentication failed
[2025-11-05T23:20:28.217930] [DEBUG] Buffer size: 4096 bytes
[2025-11-05T23:20:28.217825] [INFO] Health check passed
[2025-11-05T23:20:28.217914] [DEBUG] Buffer size: 4096 bytes
[2025-11-05T23:20:28.217819] [INFO] Configuration loaded
[2025-11-05T23:20:28.217944] [DEBUG] Entering function process_data()
[2025-11-05T23:20:28.217844] [INFO] Connection established
[2025-11-05T23:20:28.217869] [INFO] User logged in
[2025-11-05T23:20:28.217940] [DEBUG] Loop iteration: 15
[2025-11-05T23:20:28.217803] [INFO] Database query executed
[2025-11-05T23:20:28.217925] [DEBUG] Cache key generated
[2025-11-05T23:20:28.217974] [DEBUG] HTTP request headers parsed
[2025-11-05T23:20:28.217953] [DEBUG] Cache key generated
