[2025-11-05T23:20:46.239213] [ERROR] Request failed
[2025-11-05T23:20:46.239181] [INFO] Request processed successfully
[2025-11-05T23:20:46.239250] [DEBUG] Buffer size: 4096 bytes
[2025-11-05T23:20:46.239187] [WARN] Disk space low
[2025-11-05T23:20:46.239228] [DEBUG] Memory allocation: 2048 bytes
[2025-11-05T23:20:46.239197] [WARN] Resource threshold approaching
[2025-11-05T23:20:46.239162] [INFO] Configuration loaded
[2025-11-05T23:20:46.239192] [WARN] Rate limit approaching
[2025-11-05T23:20:46.239254] [DEBUG] Variable value: x=42
[2025-11-05T23:20:46.239104] [INFO] Health check passed
[2025-11-05T23:20:46.239153] [INFO] Service initialized
[2025-11-05T23:20:46.239138] [INFO] User logged in
[2025-11-05T23:20:46.239148] [INFO] Cache hit
[2025-11-05T23:20:46.239202] [WARN] High memory usage detected
[2025-11-05T23:20:46.239167] [INFO] Transaction completed
[2025-11-05T23:20:46.239176] [INFO] Request processed successfully
[2025-11-05T23:20:46.239206] [WARN] Rate limit approaching
[2025-11-05T23:20:46.239241] [DEBUG] Buffer size: 4096 bytes
[2025-11-05T23:20:46.239236] [DEBUG] Variable value: x=42
[2025-11-05T23:20:46.239245] [DEBUG] Variable value: x=42
[2025-11-05T23:20:46.239171] [INFO] Cache hit
[2025-11-05T23:20:46.239223] [DEBUG] Timer set: 30 seconds
[2025-11-05T23:20:46.239158] [INFO] Session started
[2025-11-05T23:20:46.239132] [INFO] Configuration loaded
[2025-11-05T23:20:46.239219] [DEBUG] HTTP request headers parsed
[2025-11-05T23:20:46.239232] [DEBUG] Variable value: x=42
[2025-11-05T23:20:46.239143] [INFO] Service initialized
