[2025-11-05T23:20:19.280943] [INFO] Cache hit
[2025-11-05T23:20:19.280986] [INFO] Configuration loaded
[2025-11-05T23:20:19.281069] [DEBUG] HTTP request headers parsed
[2025-11-05T23:20:19.281096] [DEBUG] Entering function process_data()
[2025-11-05T23:20:19.281064] [DEBUG] Entering function process_data()
[2025-11-05T23:20:19.280969] [INFO] Service initialized
[2025-11-05T23:20:19.280991] [INFO] Configuration loaded
[2025-11-05T23:20:19.281042] [WARN] Disk space low
[2025-11-05T23:20:19.281000] [INFO] Cache hit
[2025-11-05T23:20:19.281053] [ERROR] Disk read failed
[2025-11-05T23:20:19.281004] [INFO] Session started
[2025-11-05T23:20:19.281037] [WARN] Rate limit approaching
[2025-11-05T23:20:19.280975] [INFO] Cache hit
[2025-11-05T23:20:19.281027] [INFO] Service initialized
[2025-11-05T23:20:19.280981] [INFO] Transaction completed
[2025-11-05T23:20:19.281032] [WARN] Rate limit approaching
[2025-11-05T23:20:19.281047] [WARN] Deprecated API usage
[2025-11-05T23:20:19.281086] [DEBUG] Variable value: x=42
[2025-11-05T23:20:19.281082] [DEBUG] Cache key generated
[2025-11-05T23:20:19.281009] [INFO] Transaction completed
[2025-11-05T23:20:19.280995] [INFO] Configuration loaded
[2025-11-05T23:20:19.281018] [INFO] Configuration loaded
[2025-11-05T23:20:19.281078] [DEBUG] Cache key generated
[2025-11-05T23:20:19.281014] [INFO] Connection established
[2025-11-05T23:20:19.281023] [INFO] Configuration loaded
[2025-11-05T23:20:19.281091] [DEBUG] Buffer size: 4096 bytes
[2025-11-05T23:20:19.281058] [ERROR] Invalid input data
[2025-11-05T23:20:19.281073] [DEBUG] Thread pool size: 8
