[2025-11-05T23:20:43.940015] [DEBUG] Variable value: x=42
[2025-11-05T23:20:43.939973] [INFO] Session started
[2025-11-05T23:20:43.939901] [INFO] Session started
[2025-11-05T23:20:43.939969] [INFO] Connection established
[2025-11-05T23:20:43.939934] [INFO] Session started
[2025-11-05T23:20:43.939988] [WARN] Resource threshold approaching
[2025-11-05T23:20:43.940046] [DEBUG] Loop iteration: 15
[2025-11-05T23:20:43.939952] [INFO] Health check passed
[2025-11-05T23:20:43.939960] [INFO] Configuration loaded
[2025-11-05T23:20:43.940042] [DEBUG] Memory allocation: 2048 bytes
[2025-11-05T23:20:43.940038] [DEBUG] HTTP request headers parsed
[2025-11-05T23:20:43.939983] [WARN] Slow query performance
[2025-11-05T23:20:43.940024] [DEBUG] Connection pool status checked
[2025-11-05T23:20:43.939948] [INFO] Request processed successfully
[2025-11-05T23:20:43.939943] [INFO] Health check passed
[2025-11-05T23:20:43.940020] [DEBUG] Connection pool status checked
[2025-11-05T23:20:43.939992] [WARN] Resource threshold approaching
[2025-11-05T23:20:43.940010] [ERROR] Authentication failed
[2025-11-05T23:20:43.939995] [WARN] Resource threshold approaching
[2025-11-05T23:20:43.939964] [INFO] Database query executed
[2025-11-05T23:20:43.939939] [INFO] Health check passed
[2025-11-05T23:20:43.940001] [ERROR] Permission denied
[2025-11-05T23:20:43.940006] [ERROR] File not found
[2025-11-05T23:20:43.939956] [INFO] Configuration loaded
[2025-11-05T23:20:43.939978] [WARN] Timeout warning
[2025-11-05T23:20:43.940029] [DEBUG] Connection pool status checked
[2025-11-05T23:20:43.940034] [DEBUG] Cache key generated
[2025-11-05T23:20:43.939928] [INFO] User logged in
