[2025-11-05T23:20:28.507001] [WARN] Deprecated API usage
[2025-11-05T23:20:28.506948] [INFO] User logged in
[2025-11-05T23:20:28.506971] [INFO] Request processed successfully
[2025-11-05T23:20:28.506991] [INFO] Service initialized
[2025-11-05T23:20:28.506958] [INFO] Database query executed
[2025-11-05T23:20:28.507020] [ERROR] Network timeout
[2025-11-05T23:20:28.507011] [WARN] Disk space low
[2025-11-05T23:20:28.507051] [DEBUG] Variable value: x=42
[2025-11-05T23:20:28.506953] [INFO] Cache hit
[2025-11-05T23:20:28.507047] [DEBUG] Entering function process_data()
[2025-11-05T23:20:28.507006] [WARN] Rate limit approaching
[2025-11-05T23:20:28.507015] [WARN] Rate limit approaching
[2025-11-05T23:20:28.507042] [DEBUG] Memory allocation: 2048 bytes
[2025-11-05T23:20:28.506967] [INFO] Configuration loaded
[2025-11-05T23:20:28.507060] [DEBUG] Timer set: 30 seconds
[2025-11-05T23:20:28.506963] [INFO] Request processed successfully
[2025-11-05T23:20:28.506909] [INFO] Connection established
[2025-11-05T23:20:28.507039] [DEBUG] HTTP request headers parsed
[2025-11-05T23:20:28.506987] [INFO] Session started
[2025-11-05T23:20:28.506983] [INFO] Transaction completed
[2025-11-05T23:20:28.507056] [DEBUG] Entering function process_data()
[2025-11-05T23:20:28.506995] [INFO] Service initialized
[2025-11-05T23:20:28.507064] [DEBUG] Cache key generated
[2025-11-05T23:20:28.506980] [INFO] Session started
[2025-11-05T23:20:28.506976] [INFO] User logged in
[2025-11-05T23:20:28.507035] [DEBUG] Entering function process_data()
[2025-11-05T23:20:28.507030] [DEBUG] Loop iteration: 15
[2025-11-05T23:20:28.506936] [INFO] User logged in
[2025-11-05T23:20:28.507025] [ERROR] Disk read failed
[2025-11-05T23:20:28.506943] [INFO] Session started
