[2025-11-05T23:20:42.528732] [INFO] Cache hit
[2025-11-05T23:20:42.528879] [DEBUG] HTTP request headers parsed
[2025-11-05T23:20:42.528742] [INFO] Service initialized
[2025-11-05T23:20:42.528699] [INFO] Database query executed
[2025-11-05T23:20:42.528865] [DEBUG] Thread pool size: 8
[2025-11-05T23:20:42.528831] [WARN] Rate limit approaching
[2025-11-05T23:20:42.528822] [WARN] Disk space low
[2025-11-05T23:20:42.528754] [INFO] Connection established
[2025-11-05T23:20:42.528746] [INFO] Transaction completed
[2025-11-05T23:20:42.528883] [DEBUG] Connection pool status checked
[2025-11-05T23:20:42.528835] [WARN] Timeout warning
[2025-11-05T23:20:42.528888] [DEBUG] Cache key generated
[2025-11-05T23:20:42.528850] [ERROR] File not found
[2025-11-05T23:20:42.528797] [INFO] Database query executed
[2025-11-05T23:20:42.528839] [WARN] Cache miss
[2025-11-05T23:20:42.528817] [WARN] High memory usage detected
[2025-11-05T23:20:42.528893] [DEBUG] Cache key generated
[2025-11-05T23:20:42.528784] [INFO] Health check passed
[2025-11-05T23:20:42.528813] [WARN] Slow query performance
[2025-11-05T23:20:42.528763] [INFO] Configuration loaded
[2025-11-05T23:20:42.528787] [INFO] Transaction completed
[2025-11-05T23:20:42.528874] [DEBUG] Buffer size: 4096 bytes
[2025-11-05T23:20:42.528775] [INFO] Request processed successfully
[2025-11-05T23:20:42.528726] [INFO] Connection established
[2025-11-05T23:20:42.528737] [INFO] Service initialized
[2025-11-05T23:20:42.528856] [DEBUG] Thread pool size: 8
[2025-11-05T23:20:42.528750] [INFO] Health check passed
[2025-11-05T23:20:42.528807] [WARN] Rate limit approaching
[2025-11-05T23:20:42.528869] [DEBUG] Cache key generated
[2025-11-05T23:20:42.528860] [DEBUG] Timer set: 30 seconds
[2025-11-05T23:20:42.528771] [INFO] Service initialized
[2025-11-05T23:20:42.528767] [INFO] Request processed successfully
[2025-11-05T23:20:42.528827] [WARN] Resource threshold approaching
[2025-11-05T23:20:42.528845] [ERROR] File not found
[2025-11-05T23:20:42.528792] [INFO] Session started
[2025-11-05T23:20:42.528779] [INFO] Configuration loaded
[2025-11-05T23:20:42.528801] [INFO] Health check passed
[2025-11-05T23:20:42.528759] [INFO] Transaction completed
