[2025-11-05T23:20:26.140558] [WARN] Resource threshold approaching
[2025-11-05T23:20:26.140572] [ERROR] Permission denied
[2025-11-05T23:20:26.140525] [INFO] Session started
[2025-11-05T23:20:26.140538] [INFO] User logged in
[2025-11-05T23:20:26.140497] [INFO] Database query executed
[2025-11-05T23:20:26.140594] [DEBUG] Connection pool status checked
[2025-11-05T23:20:26.140535] [INFO] User logged in
[2025-11-05T23:20:26.140551] [WARN] Queue size growing
[2025-11-05T23:20:26.140512] [INFO] Transaction completed
[2025-11-05T23:20:26.140596] [DEBUG] Connection pool status checked
[2025-11-05T23:20:26.140544] [INFO] Request processed successfully
[2025-11-05T23:20:26.140576] [DEBUG] Connection pool status checked
[2025-11-05T23:20:26.140587] [DEBUG] Buffer size: 4096 bytes
[2025-11-05T23:20:26.140522] [INFO] Request processed successfully
[2025-11-05T23:20:26.140591] [DEBUG] Entering function process_data()
[2025-11-05T23:20:26.140519] [INFO] Health check passed
[2025-11-05T23:20:26.140515] [INFO] Configuration loaded
[2025-11-05T23:20:26.140501] [INFO] Database query executed
[2025-11-05T23:20:26.140505] [INFO] Cache hit
[2025-11-05T23:20:26.140541] [INFO] Health check passed
[2025-11-05T23:20:26.140473] [INFO] Session started
[2025-11-05T23:20:26.140547] [INFO] Health check passed
[2025-11-05T23:20:26.140568] [ERROR] Memory allocation error
[2025-11-05T23:20:26.140555] [WARN] High memory usage detected
[2025-11-05T23:20:26.140600] [DEBUG] Entering function process_data()
[2025-11-05T23:20:26.140580] [DEBUG] Buffer size: 4096 bytes
[2025-11-05T23:20:26.140561] [WARN] Rate limit approaching
[2025-11-05T23:20:26.140583] [DEBUG] Cache key generated
[2025-11-05T23:20:26.140508] [INFO] Database query executed
[2025-11-05T23:20:26.140528] [INFO] Database query executed
[2025-11-05T23:20:26.140532] [INFO] Connection established
[2025-11-05T23:20:26.140564] [WARN] Deprecated API usage
