[2025-11-05T23:20:15.579718] [INFO] Health check passed
[2025-11-05T23:20:15.579687] [INFO] Service initialized
[2025-11-05T23:20:15.579795] [DEBUG] Entering function process_data()
[2025-11-05T23:20:15.579693] [INFO] Service initialized
[2025-11-05T23:20:15.579803] [DEBUG] Loop iteration: 15
[2025-11-05T23:20:15.579808] [DEBUG] Connection pool status checked
[2025-11-05T23:20:15.579755] [WARN] Timeout warning
[2025-11-05T23:20:15.579704] [INFO] Connection established
[2025-11-05T23:20:15.579750] [WARN] Deprecated API usage
[2025-11-05T23:20:15.579760] [ERROR] Permission denied
[2025-11-05T23:20:15.579739] [INFO] Connection established
[2025-11-05T23:20:15.579799] [DEBUG] Loop iteration: 15
[2025-11-05T23:20:15.579649] [INFO] Database query executed
[2025-11-05T23:20:15.579831] [DEBUG] HTTP request headers parsed
[2025-11-05T23:20:15.579731] [INFO] Transaction completed
[2025-11-05T23:20:15.579785] [DEBUG] Buffer size: 4096 bytes
[2025-11-05T23:20:15.579699] [INFO] Connection established
[2025-11-05T23:20:15.579722] [INFO] Configuration loaded
[2025-11-05T23:20:15.579735] [INFO] Connection established
[2025-11-05T23:20:15.579781] [DEBUG] Memory allocation: 2048 bytes
[2025-11-05T23:20:15.579817] [DEBUG] Connection pool status checked
[2025-11-05T23:20:15.579726] [INFO] Cache hit
[2025-11-05T23:20:15.579713] [INFO] Database query executed
[2025-11-05T23:20:15.579825] [DEBUG] Thread pool size: 8
[2025-11-05T23:20:15.579770] [ERROR] Invalid input data
[2025-11-05T23:20:15.579790] [DEBUG] Loop iteration: 15
[2025-11-05T23:20:15.579766] [ERROR] Database connection lost
[2025-11-05T23:20:15.579776] [DEBUG] Cache key generated
[2025-11-05T23:20:15.579812] [DEBUG] Timer set: 30 seconds
[2025-11-05T23:20:15.579675] [INFO] Request processed successfully
[2025-11-05T23:20:15.579745] [WARN] High memory usage detected
[2025-11-05T23:20:15.579821] [DEBUG] Memory allocation: 2048 bytes
[2025-11-05T23:20:15.579708] [INFO] Health check passed
[2025-11-05T23:20:15.579681] [INFO] User logged in
