[2025-11-05T23:20:46.906315] [INFO] Cache hit
[2025-11-05T23:20:46.906402] [DEBUG] Memory allocation: 2048 bytes
[2025-11-05T23:20:46.906394] [DEBUG] Entering function process_data()
[2025-11-05T23:20:46.906370] [ERROR] Memory allocation error
[2025-11-05T23:20:46.906331] [INFO] Connection established
[2025-11-05T23:20:46.906390] [DEBUG] HTTP request headers parsed
[2025-11-05T23:20:46.906357] [WARN] Rate limit approaching
[2025-11-05T23:20:46.906294] [INFO] Connection established
[2025-11-05T23:20:46.906338] [WARN] Deprecated API usage
[2025-11-05T23:20:46.906289] [INFO] Session started
[2025-11-05T23:20:46.906323] [INFO] Database query executed
[2025-11-05T23:20:46.906327] [INFO] Session started
[2025-11-05T23:20:46.906343] [WARN] Rate limit approaching
[2025-11-05T23:20:46.906244] [INFO] Configuration loaded
[2025-11-05T23:20:46.906311] [INFO] Transaction completed
[2025-11-05T23:20:46.906375] [DEBUG] Buffer size: 4096 bytes
[2025-11-05T23:20:46.906302] [INFO] Health check passed
[2025-11-05T23:20:46.906284] [INFO] Session started
[2025-11-05T23:20:46.906352] [WARN] Timeout warning
[2025-11-05T23:20:46.906386] [DEBUG] Memory allocation: 2048 bytes
[2025-11-05T23:20:46.906366] [ERROR] Authentication failed
[2025-11-05T23:20:46.906380] [DEBUG] HTTP request headers parsed
[2025-11-05T23:20:46.906319] [INFO] Database query executed
[2025-11-05T23:20:46.906273] [INFO] Transaction completed
[2025-11-05T23:20:46.906406] [DEBUG] HTTP request headers parsed
[2025-11-05T23:20:46.906279] [INFO] Configuration loaded
[2025-11-05T23:20:46.906411] [DEBUG] Entering function process_data()
[2025-11-05T23:20:46.906362] [ERROR] Memory allocation error
[2025-11-05T23:20:46.906398] [DEBUG] Loop iteration: 15
[2025-11-05T23:20:46.906299] [INFO] Configuration loaded
[2025-11-05T23:20:46.906348] [WARN] Cache miss
[2025-11-05T23:20:46.906306] [INFO] Session started
