[2025-11-05T23:20:33.841190] [INFO] Transaction completed
[2025-11-05T23:20:33.841181] [INFO] Configuration loaded
[2025-11-05T23:20:33.841261] [ERROR] Service unavailable
[2025-11-05T23:20:33.841195] [INFO] Connection established
[2025-11-05T23:20:33.841291] [DEBUG] Connection pool status checked
[2025-11-05T23:20:33.841217] [INFO] Session started
[2025-11-05T23:20:33.841308] [DEBUG] Memory allocation: 2048 bytes
[2025-11-05T23:20:33.841237] [WARN] Disk space low
[2025-11-05T23:20:33.841245] [WARN] Connection retry attempt
[2025-11-05T23:20:33.841299] [DEBUG] Buffer size: 4096 bytes
[2025-11-05T23:20:33.841255] [WARN] Resource threshold approaching
[2025-11-05T23:20:33.841226] [INFO] Service initialized
[2025-11-05T23:20:33.841280] [DEBUG] Timer set: 30 seconds
[2025-11-05T23:20:33.841304] [DEBUG] HTTP request headers parsed
[2025-11-05T23:20:33.841222] [INFO] Database query executed
[2025-11-05T23:20:33.841204] [INFO] Database query executed
[2025-11-05T23:20:33.841186] [INFO] Service initialized
[2025-11-05T23:20:33.841231] [WARN] Rate limit approaching
[2025-11-05T23:20:33.841285] [DEBUG] HTTP request headers parsed
[2025-11-05T23:20:33.841241] [WARN] Deprecated API usage
[2025-11-05T23:20:33.841213] [INFO] Configuration loaded
[2025-11-05T23:20:33.841312] [DEBUG] Thread pool size: 8
[2025-11-05T23:20:33.841148] [INFO] Service initialized
[2025-11-05T23:20:33.841200] [INFO] Connection established
[2025-11-05T23:20:33.841270] [ERROR] Network timeout
[2025-11-05T23:20:33.841316] [DEBUG] Memory allocation: 2048 bytes
[2025-11-05T23:20:33.841209] [INFO] Cache hit
[2025-11-05T23:20:33.841175] [INFO] Health check passed
[2025-11-05T23:20:33.841295] [DEBUG] Thread pool size: 8
[2025-11-05T23:20:33.841275] [ERROR] Disk read failed
[2025-11-05T23:20:33.841265] [ERROR] Memory allocation error
[2025-11-05T23:20:33.841251] [WARN] Deprecated API usage
