[2025-11-05T23:20:36.613909] [INFO] Session started
[2025-11-05T23:20:36.613905] [INFO] User logged in
[2025-11-05T23:20:36.613866] [INFO] Session started
[2025-11-05T23:20:36.614025] [DEBUG] Thread pool size: 8
[2025-11-05T23:20:36.613882] [INFO] Transaction completed
[2025-11-05T23:20:36.613935] [WARN] Deprecated API usage
[2025-11-05T23:20:36.613929] [WARN] Cache miss
[2025-11-05T23:20:36.613913] [INFO] Service initialized
[2025-11-05T23:20:36.614018] [DEBUG] Memory allocation: 2048 bytes
[2025-11-05T23:20:36.613901] [INFO] Session started
[2025-11-05T23:20:36.614044] [DEBUG] Buffer size: 4096 bytes
[2025-11-05T23:20:36.613831] [INFO] Database query executed
[2025-11-05T23:20:36.613947] [ERROR] Memory allocation error
[2025-11-05T23:20:36.614033] [DEBUG] Timer set: 30 seconds
[2025-11-05T23:20:36.613858] [INFO] Health check passed
[2025-11-05T23:20:36.613878] [INFO] Session started
[2025-11-05T23:20:36.614029] [DEBUG] Connection pool status checked
[2025-11-05T23:20:36.613896] [INFO] Cache hit
[2025-11-05T23:20:36.575026] [INFO] Health check passed
[2025-11-05T23:20:36.574999] [INFO] Health check passed
[2025-11-05T23:20:36.613892] [INFO] Service initialized
[2025-11-05T23:20:36.614038] [DEBUG] HTTP request headers parsed
[2025-11-05T23:20:36.613941] [ERROR] Permission denied
[2025-11-05T23:20:36.614052] [DEBUG] Thread pool size: 8
[2025-11-05T23:20:36.613924] [WARN] Rate limit approaching
[2025-11-05T23:20:36.614048] [DEBUG] Thread pool size: 8
[2025-11-05T23:20:36.613872] [INFO] Request processed successfully
[2025-11-05T23:20:36.613887] [INFO] Configuration loaded
