[2025-11-05T23:20:38.213092] [WARN] High memory usage detected
[2025-11-05T23:20:38.212829] [INFO] User logged in
[2025-11-05T23:20:38.213111] [ERROR] Request failed
[2025-11-05T23:20:38.213129] [DEBUG] Variable value: x=42
[2025-11-05T23:20:38.213046] [INFO] Transaction completed
[2025-11-05T23:20:38.213031] [INFO] Session started
[2025-11-05T23:20:38.213078] [INFO] Transaction completed
[2025-11-05T23:20:38.213161] [DEBUG] Memory allocation: 2048 bytes
[2025-11-05T23:20:38.213117] [ERROR] Invalid input data
[2025-11-05T23:20:38.212813] [INFO] User logged in
[2025-11-05T23:20:38.212820] [INFO] Database query executed
[2025-11-05T23:20:38.213156] [DEBUG] Entering function process_data()
[2025-11-05T23:20:38.213062] [INFO] Cache hit
[2025-11-05T23:20:38.213073] [INFO] Cache hit
[2025-11-05T23:20:38.213052] [INFO] Request processed successfully
[2025-11-05T23:20:38.213140] [DEBUG] Variable value: x=42
[2025-11-05T23:20:38.213135] [DEBUG] Loop iteration: 15
[2025-11-05T23:20:38.213152] [DEBUG] Variable value: x=42
[2025-11-05T23:20:38.213086] [WARN] Deprecated API usage
[2025-11-05T23:20:38.213124] [DEBUG] Thread pool size: 8
[2025-11-05T23:20:38.212824] [INFO] Request processed successfully
[2025-11-05T23:20:38.213058] [INFO] Connection established
[2025-11-05T23:20:38.213104] [WARN] Rate limit approaching
[2025-11-05T23:20:38.213098] [WARN] Queue size growing
[2025-11-05T23:20:38.212835] [INFO] Transaction completed
[2025-11-05T23:20:38.212787] [INFO] Database query executed
[2025-11-05T23:20:38.213040] [INFO] Connection established
[2025-11-05T23:20:38.213067] [INFO] Transaction completed
[2025-11-05T23:20:38.213145] [DEBUG] Timer set: 30 seconds
