[2025-11-05T23:20:54.045807] [INFO] Connection established
[2025-11-05T23:20:54.045783] [INFO] Session started
[2025-11-05T23:20:54.045775] [INFO] Service initialized
[2025-11-05T23:20:54.045803] [INFO] Service initialized
[2025-11-05T23:20:54.045792] [INFO] Request processed successfully
[2025-11-05T23:20:54.045937] [WARN] Slow query performance
[2025-11-05T23:20:54.045996] [DEBUG] Memory allocation: 2048 bytes
[2025-11-05T23:20:54.045787] [INFO] Cache hit
[2025-11-05T23:20:54.045953] [ERROR] Authentication failed
[2025-11-05T23:20:54.045983] [DEBUG] Memory allocation: 2048 bytes
[2025-11-05T23:20:54.045760] [INFO] Session started
[2025-11-05T23:20:54.045964] [DEBUG] Entering function process_data()
[2025-11-05T23:20:54.045987] [DEBUG] Variable value: x=42
[2025-11-05T23:20:54.045749] [INFO] Service initialized
[2025-11-05T23:20:54.045770] [INFO] Connection established
[2025-11-05T23:20:54.045992] [DEBUG] Memory allocation: 2048 bytes
[2025-11-05T23:20:54.045979] [DEBUG] Timer set: 30 seconds
[2025-11-05T23:20:54.045796] [INFO] Connection established
[2025-11-05T23:20:54.045754] [INFO] Transaction completed
[2025-11-05T23:20:54.045799] [INFO] Service initialized
[2025-11-05T23:20:54.045974] [DEBUG] Memory allocation: 2048 bytes
[2025-11-05T23:20:54.045969] [DEBUG] Timer set: 30 seconds
[2025-11-05T23:20:54.045779] [INFO] Request processed successfully
[2025-11-05T23:20:54.045720] [INFO] User logged in
[2025-11-05T23:20:54.045765] [INFO] Service initialized
[2025-11-05T23:20:54.045958] [ERROR] File not found
[2025-11-05T23:20:54.045946] [WARN] Rate limit approaching
