[2025-11-05T23:20:39.593730] [DEBUG] Variable value: x=42
[2025-11-05T23:20:39.593626] [INFO] Database query executed
[2025-11-05T23:20:39.593644] [INFO] Database query executed
[2025-11-05T23:20:39.593720] [DEBUG] Connection pool status checked
[2025-11-05T23:20:39.593687] [WARN] Cache miss
[2025-11-05T23:20:39.593703] [WARN] High memory usage detected
[2025-11-05T23:20:39.593734] [DEBUG] Timer set: 30 seconds
[2025-11-05T23:20:39.593630] [INFO] Transaction completed
[2025-11-05T23:20:39.593605] [INFO] Database query executed
[2025-11-05T23:20:39.593661] [INFO] Transaction completed
[2025-11-05T23:20:39.593653] [INFO] Connection established
[2025-11-05T23:20:39.593675] [INFO] User logged in
[2025-11-05T23:20:39.593693] [WARN] Rate limit approaching
[2025-11-05T23:20:39.593666] [INFO] Cache hit
[2025-11-05T23:20:39.593726] [DEBUG] Loop iteration: 15
[2025-11-05T23:20:39.593639] [INFO] Health check passed
[2025-11-05T23:20:39.593621] [INFO] Transaction completed
[2025-11-05T23:20:39.593679] [INFO] Connection established
[2025-11-05T23:20:39.593580] [INFO] Transaction completed
[2025-11-05T23:20:39.593698] [WARN] Resource threshold approaching
[2025-11-05T23:20:39.593742] [DEBUG] HTTP request headers parsed
[2025-11-05T23:20:39.593738] [DEBUG] Thread pool size: 8
[2025-11-05T23:20:39.593670] [INFO] Session started
[2025-11-05T23:20:39.593611] [INFO] Service initialized
[2025-11-05T23:20:39.593616] [INFO] Connection established
[2025-11-05T23:20:39.593657] [INFO] Health check passed
[2025-11-05T23:20:39.593635] [INFO] Transaction completed
[2025-11-05T23:20:39.593648] [INFO] User logged in
[2025-11-05T23:20:39.593708] [WARN] Cache miss
[2025-11-05T23:20:39.593714] [ERROR] Request failed
