[2025-11-05T23:20:44.650520] [INFO] Health check passed
[2025-11-05T23:20:44.650507] [INFO] Health check passed
[2025-11-05T23:20:44.650513] [INFO] Request processed successfully
[2025-11-05T23:20:44.650497] [INFO] Configuration loaded
[2025-11-05T23:20:44.650579] [DEBUG] Timer set: 30 seconds
[2025-11-05T23:20:44.650504] [INFO] Database query executed
[2025-11-05T23:20:44.650529] [INFO] Request processed successfully
[2025-11-05T23:20:44.650532] [INFO] Connection established
[2025-11-05T23:20:44.650586] [DEBUG] Loop iteration: 15
[2025-11-05T23:20:44.650510] [INFO] Cache hit
[2025-11-05T23:20:44.650517] [INFO] User logged in
[2025-11-05T23:20:44.650576] [DEBUG] Buffer size: 4096 bytes
[2025-11-05T23:20:44.650568] [DEBUG] Buffer size: 4096 bytes
[2025-11-05T23:20:44.650493] [INFO] Configuration loaded
[2025-11-05T23:20:44.650544] [WARN] Deprecated API usage
[2025-11-05T23:20:44.650523] [INFO] Configuration loaded
[2025-11-05T23:20:44.650563] [ERROR] Memory allocation error
[2025-11-05T23:20:44.650572] [DEBUG] Entering function process_data()
[2025-11-05T23:20:44.650560] [ERROR] Service unavailable
[2025-11-05T23:20:44.650465] [INFO] User logged in
[2025-11-05T23:20:44.650500] [INFO] Configuration loaded
[2025-11-05T23:20:44.650552] [WARN] Cache miss
[2025-11-05T23:20:44.650526] [INFO] Connection established
[2025-11-05T23:20:44.650539] [INFO] Configuration loaded
[2025-11-05T23:20:44.650555] [WARN] Cache miss
[2025-11-05T23:20:44.650536] [INFO] Cache hit
[2025-11-05T23:20:44.650583] [DEBUG] HTTP request headers parsed
[2025-11-05T23:20:44.650488] [INFO] Health check passed
[2025-11-05T23:20:44.650548] [WARN] Rate limit approaching
