[2025-11-05T23:20:53.611770] [INFO] Configuration loaded
[2025-11-05T23:20:53.611822] [WARN] Rate limit approaching
[2025-11-05T23:20:53.611746] [INFO] Transaction completed
[2025-11-05T23:20:53.611868] [DEBUG] HTTP request headers parsed
[2025-11-05T23:20:53.611757] [INFO] Request processed successfully
[2025-11-05T23:20:53.611862] [DEBUG] Connection pool status checked
[2025-11-05T23:20:53.611840] [ERROR] Disk read failed
[2025-11-05T23:20:53.611853] [DEBUG] Thread pool size: 8
[2025-11-05T23:20:53.611721] [INFO] Cache hit
[2025-11-05T23:20:53.611790] [INFO] Database query executed
[2025-11-05T23:20:53.611881] [DEBUG] Timer set: 30 seconds
[2025-11-05T23:20:53.611752] [INFO] Configuration loaded
[2025-11-05T23:20:53.611782] [INFO] Transaction completed
[2025-11-05T23:20:53.611761] [INFO] Connection established
[2025-11-05T23:20:53.611812] [WARN] Timeout warning
[2025-11-05T23:20:53.611826] [WARN] Rate limit approaching
[2025-11-05T23:20:53.611794] [INFO] Cache hit
[2025-11-05T23:20:53.611858] [DEBUG] Memory allocation: 2048 bytes
[2025-11-05T23:20:53.611778] [INFO] Request processed successfully
[2025-11-05T23:20:53.611786] [INFO] Connection established
[2025-11-05T23:20:53.611872] [DEBUG] Memory allocation: 2048 bytes
[2025-11-05T23:20:53.611774] [INFO] Service initialized
[2025-11-05T23:20:53.611885] [DEBUG] Entering function process_data()
[2025-11-05T23:20:53.611798] [INFO] Session started
[2025-11-05T23:20:53.611846] [DEBUG] Timer set: 30 seconds
[2025-11-05T23:20:53.611806] [INFO] Service initialized
[2025-11-05T23:20:53.611765] [INFO] Service initialized
[2025-11-05T23:20:53.611802] [INFO] Session started
[2025-11-05T23:20:53.611835] [ERROR] Network timeout
[2025-11-05T23:20:53.611877] [DEBUG] Entering function process_data()
[2025-11-05T23:20:53.611817] [WARN] Deprecated API usage
[2025-11-05T23:20:53.611830] [WARN] Cache miss
