[2025-11-05T23:20:50.896535] [DEBUG] Buffer size: 4096 bytes
[2025-11-05T23:20:50.896475] [INFO] Transaction completed
[2025-11-05T23:20:50.896471] [INFO] Transaction completed
[2025-11-05T23:20:50.896478] [INFO] Configuration loaded
[2025-11-05T23:20:50.896543] [DEBUG] HTTP request headers parsed
[2025-11-05T23:20:50.896554] [DEBUG] Entering function process_data()
[2025-11-05T23:20:50.896539] [DEBUG] Timer set: 30 seconds
[2025-11-05T23:20:50.896446] [INFO] Database query executed
[2025-11-05T23:20:50.896419] [INFO] Service initialized
[2025-11-05T23:20:50.896411] [INFO] Cache hit
[2025-11-05T23:20:50.896492] [WARN] Queue size growing
[2025-11-05T23:20:50.896531] [DEBUG] Timer set: 30 seconds
[2025-11-05T23:20:50.896453] [INFO] Session started
[2025-11-05T23:20:50.896505] [WARN] High memory usage detected
[2025-11-05T23:20:50.896508] [WARN] Deprecated API usage
[2025-11-05T23:20:50.896517] [ERROR] Service unavailable
[2025-11-05T23:20:50.896466] [INFO] Connection established
[2025-11-05T23:20:50.896522] [DEBUG] Memory allocation: 2048 bytes
[2025-11-05T23:20:50.896442] [INFO] Service initialized
[2025-11-05T23:20:50.896497] [WARN] Timeout warning
[2025-11-05T23:20:50.896416] [INFO] Configuration loaded
[2025-11-05T23:20:50.896512] [WARN] High memory usage detected
[2025-11-05T23:20:50.896449] [INFO] Cache hit
[2025-11-05T23:20:50.896439] [INFO] Session started
[2025-11-05T23:20:50.896483] [WARN] Deprecated API usage
[2025-11-05T23:20:50.896382] [INFO] Configuration loaded
[2025-11-05T23:20:50.896527] [DEBUG] Thread pool size: 8
[2025-11-05T23:20:50.896547] [DEBUG] Buffer size: 4096 bytes
[2025-11-05T23:20:50.896427] [INFO] Session started
[2025-11-05T23:20:50.896462] [INFO] User logged in
[2025-11-05T23:20:50.896423] [INFO] Configuration loaded
[2025-11-05T23:20:50.896431] [INFO] User logged in
[2025-11-05T23:20:50.896406] [INFO] Database query executed
[2025-11-05T23:20:50.896550] [DEBUG] Variable value: x=42
[2025-11-05T23:20:50.896457] [INFO] Database query executed
[2025-11-05T23:20:50.896435] [INFO] Cache hit
[2025-11-05T23:20:50.896501] [WARN] Connection retry attempt
[2025-11-05T23:20:50.896488] [WARN] Deprecated API usage
