[2025-11-05T23:20:44.934648] [INFO] Health check passed
[2025-11-05T23:20:44.934632] [INFO] Transaction completed
[2025-11-05T23:20:44.934699] [DEBUG] Thread pool size: 8
[2025-11-05T23:20:44.934628] [INFO] Configuration loaded
[2025-11-05T23:20:44.934691] [DEBUG] Loop iteration: 15
[2025-11-05T23:20:44.934610] [INFO] Service initialized
[2025-11-05T23:20:44.934576] [INFO] Health check passed
[2025-11-05T23:20:44.934674] [DEBUG] Memory allocation: 2048 bytes
[2025-11-05T23:20:44.934654] [WARN] Slow query performance
[2025-11-05T23:20:44.934679] [DEBUG] Loop iteration: 15
[2025-11-05T23:20:44.934664] [ERROR] Request failed
[2025-11-05T23:20:44.934644] [INFO] Service initialized
[2025-11-05T23:20:44.934703] [DEBUG] Entering function process_data()
[2025-11-05T23:20:44.934600] [INFO] Database query executed
[2025-11-05T23:20:44.934605] [INFO] Request processed successfully
[2025-11-05T23:20:44.934659] [WARN] Rate limit approaching
[2025-11-05T23:20:44.934615] [INFO] Cache hit
[2025-11-05T23:20:44.934707] [DEBUG] Variable value: x=42
[2025-11-05T23:20:44.934624] [INFO] Health check passed
[2025-11-05T23:20:44.934640] [INFO] Configuration loaded
[2025-11-05T23:20:44.934669] [ERROR] Network timeout
[2025-11-05T23:20:44.934619] [INFO] Health check passed
[2025-11-05T23:20:44.934687] [DEBUG] Timer set: 30 seconds
[2025-11-05T23:20:44.934636] [INFO] Service initialized
[2025-11-05T23:20:44.934695] [DEBUG] Memory allocation: 2048 bytes
[2025-11-05T23:20:44.934683] [DEBUG] Loop iteration: 15
