[2025-11-05T23:20:34.540035] [WARN] Cache miss
[2025-11-05T23:20:34.539945] [INFO] Cache hit
[2025-11-05T23:20:34.539971] [INFO] Cache hit
[2025-11-05T23:20:34.540018] [WARN] Queue size growing
[2025-11-05T23:20:34.540046] [ERROR] File not found
[2025-11-05T23:20:34.540065] [DEBUG] Thread pool size: 8
[2025-11-05T23:20:34.539987] [INFO] Health check passed
[2025-11-05T23:20:34.540009] [WARN] High memory usage detected
[2025-11-05T23:20:34.539991] [INFO] User logged in
[2025-11-05T23:20:34.540041] [ERROR] Network timeout
[2025-11-05T23:20:34.539975] [INFO] Cache hit
[2025-11-05T23:20:34.539999] [INFO] Database query executed
[2025-11-05T23:20:34.540069] [DEBUG] Memory allocation: 2048 bytes
[2025-11-05T23:20:34.539979] [INFO] Connection established
[2025-11-05T23:20:34.540056] [DEBUG] Timer set: 30 seconds
[2025-11-05T23:20:34.540026] [WARN] Timeout warning
[2025-11-05T23:20:34.540060] [DEBUG] Cache key generated
[2025-11-05T23:20:34.539983] [INFO] Request processed successfully
[2025-11-05T23:20:34.540073] [DEBUG] HTTP request headers parsed
[2025-11-05T23:20:34.540050] [ERROR] Memory allocation error
[2025-11-05T23:20:34.540004] [INFO] User logged in
[2025-11-05T23:20:34.540014] [WARN] Timeout warning
[2025-11-05T23:20:34.540022] [WARN] Cache miss
[2025-11-05T23:20:34.539995] [INFO] Session started
[2025-11-05T23:20:34.540077] [DEBUG] Thread pool size: 8
[2025-11-05T23:20:34.540031] [WARN] Slow query performance
