[2025-11-05T23:20:48.618989] [INFO] User logged in
[2025-11-05T23:20:48.618983] [INFO] Service initialized
[2025-11-05T23:20:48.618969] [INFO] Health check passed
[2025-11-05T23:20:48.619038] [DEBUG] Buffer size: 4096 bytes
[2025-11-05T23:20:48.619009] [ERROR] Permission denied
[2025-11-05T23:20:48.619031] [DEBUG] Buffer size: 4096 bytes
[2025-11-05T23:20:48.619001] [WARN] Rate limit approaching
[2025-11-05T23:20:48.618976] [INFO] Configuration loaded
[2025-11-05T23:20:48.619013] [ERROR] Database connection lost
[2025-11-05T23:20:48.618998] [WARN] Queue size growing
[2025-11-05T23:20:48.619004] [WARN] Rate limit approaching
[2025-11-05T23:20:48.618972] [INFO] User logged in
[2025-11-05T23:20:48.619017] [DEBUG] Variable value: x=42
[2025-11-05T23:20:48.618993] [WARN] Queue size growing
[2025-11-05T23:20:48.619025] [DEBUG] Loop iteration: 15
[2025-11-05T23:20:48.619041] [DEBUG] HTTP request headers parsed
[2025-11-05T23:20:48.619083] [DEBUG] Memory allocation: 2048 bytes
[2025-11-05T23:20:48.619034] [DEBUG] Entering function process_data()
[2025-11-05T23:20:48.619021] [DEBUG] Buffer size: 4096 bytes
[2025-11-05T23:20:48.618954] [INFO] Health check passed
[2025-11-05T23:20:48.618962] [INFO] Database query executed
[2025-11-05T23:20:48.618959] [INFO] Database query executed
[2025-11-05T23:20:48.618931] [INFO] Service initialized
[2025-11-05T23:20:48.619028] [DEBUG] Loop iteration: 15
[2025-11-05T23:20:48.618979] [INFO] User logged in
[2025-11-05T23:20:48.618986] [INFO] Connection established
[2025-11-05T23:20:48.618966] [INFO] User logged in
