[2025-11-05T23:20:42.033692] [DEBUG] Cache key generated
[2025-11-05T23:20:42.033685] [DEBUG] Connection pool status checked
[2025-11-05T23:20:42.033681] [DEBUG] Cache key generated
[2025-11-05T23:20:42.033635] [WARN] High memory usage detected
[2025-11-05T23:20:42.033621] [INFO] Cache hit
[2025-11-05T23:20:42.033665] [DEBUG] Buffer size: 4096 bytes
[2025-11-05T23:20:42.033688] [DEBUG] Memory allocation: 2048 bytes
[2025-11-05T23:20:42.033610] [INFO] Connection established
[2025-11-05T23:20:42.033630] [WARN] Queue size growing
[2025-11-05T23:20:42.033556] [INFO] Connection established
[2025-11-05T23:20:42.033614] [INFO] Session started
[2025-11-05T23:20:42.033617] [INFO] Cache hit
[2025-11-05T23:20:42.033591] [INFO] Transaction completed
[2025-11-05T23:20:42.033701] [DEBUG] Buffer size: 4096 bytes
[2025-11-05T23:20:42.033669] [DEBUG] Buffer size: 4096 bytes
[2025-11-05T23:20:42.033698] [DEBUG] Timer set: 30 seconds
[2025-11-05T23:20:42.033607] [INFO] Health check passed
[2025-11-05T23:20:42.033603] [INFO] Health check passed
[2025-11-05T23:20:42.033677] [DEBUG] Timer set: 30 seconds
[2025-11-05T23:20:42.033660] [DEBUG] Memory allocation: 2048 bytes
[2025-11-05T23:20:42.033586] [INFO] Configuration loaded
[2025-11-05T23:20:42.033639] [WARN] Disk space low
[2025-11-05T23:20:42.033647] [WARN] High memory usage detected
[2025-11-05T23:20:42.033695] [DEBUG] Cache key generated
[2025-11-05T23:20:42.033581] [INFO] Service initialized
[2025-11-05T23:20:42.033650] [WARN] Cache miss
[2025-11-05T23:20:42.033600] [INFO] Transaction completed
[2025-11-05T23:20:42.033655] [ERROR] Network timeout
[2025-11-05T23:20:42.033625] [INFO] Database query executed
[2025-11-05T23:20:42.033643] [WARN] Deprecated API usage
[2025-11-05T23:20:42.033595] [INFO] Configuration loaded
[2025-11-05T23:20:42.033673] [DEBUG] Memory allocation: 2048 bytes
