[2025-11-05T23:20:43.727319] [DEBUG] Loop iteration: 15
[2025-11-05T23:20:43.727309] [ERROR] Network timeout
[2025-11-05T23:20:43.727295] [WARN] Connection retry attempt
[2025-11-05T23:20:43.727275] [INFO] Transaction completed
[2025-11-05T23:20:43.727299] [WARN] Connection retry attempt
[2025-11-05T23:20:43.727324] [DEBUG] Entering function process_data()
[2025-11-05T23:20:43.727337] [DEBUG] Thread pool size: 8
[2025-11-05T23:20:43.727203] [INFO] Connection established
[2025-11-05T23:20:43.727244] [INFO] Session started
[2025-11-05T23:20:43.727303] [WARN] Deprecated API usage
[2025-11-05T23:20:43.727314] [ERROR] Request failed
[2025-11-05T23:20:43.727231] [INFO] User logged in
[2025-11-05T23:20:43.727267] [INFO] Connection established
[2025-11-05T23:20:43.727238] [INFO] Health check passed
[2025-11-05T23:20:43.727263] [INFO] Request processed successfully
[2025-11-05T23:20:43.727285] [WARN] Rate limit approaching
[2025-11-05T23:20:43.727290] [WARN] Queue size growing
[2025-11-05T23:20:43.727280] [INFO] Request processed successfully
[2025-11-05T23:20:43.727253] [INFO] Configuration loaded
[2025-11-05T23:20:43.727341] [DEBUG] Thread pool size: 8
[2025-11-05T23:20:43.727333] [DEBUG] Timer set: 30 seconds
[2025-11-05T23:20:43.727258] [INFO] Cache hit
[2025-11-05T23:20:43.727249] [INFO] User logged in
[2025-11-05T23:20:43.727328] [DEBUG] Timer set: 30 seconds
[2025-11-05T23:20:43.727271] [INFO] Service initialized
[2025-11-05T23:20:43.727346] [DEBUG] Loop iteration: 15
