[2025-11-05T23:20:12.859177] [INFO] Request processed successfully
[2025-11-05T23:20:12.859152] [INFO] Health check passed
[2025-11-05T23:20:12.859226] [DEBUG] Memory allocation: 2048 bytes
[2025-11-05T23:20:12.859138] [INFO] Cache hit
[2025-11-05T23:20:12.859189] [INFO] Request processed successfully
[2025-11-05T23:20:12.859168] [INFO] Session started
[2025-11-05T23:20:12.859221] [ERROR] Permission denied
[2025-11-05T23:20:12.859202] [WARN] Disk space low
[2025-11-05T23:20:12.859231] [DEBUG] Connection pool status checked
[2025-11-05T23:20:12.859143] [INFO] Connection established
[2025-11-05T23:20:12.859198] [WARN] Slow query performance
[2025-11-05T23:20:12.859235] [DEBUG] HTTP request headers parsed
[2025-11-05T23:20:12.859239] [DEBUG] Timer set: 30 seconds
[2025-11-05T23:20:12.859217] [ERROR] Invalid input data
[2025-11-05T23:20:12.859181] [INFO] Database query executed
[2025-11-05T23:20:12.859244] [DEBUG] Variable value: x=42
[2025-11-05T23:20:12.859248] [DEBUG] Cache key generated
[2025-11-05T23:20:12.859148] [INFO] Cache hit
[2025-11-05T23:20:12.859185] [INFO] Health check passed
[2025-11-05T23:20:12.859160] [INFO] Connection established
[2025-11-05T23:20:12.859164] [INFO] Configuration loaded
[2025-11-05T23:20:12.859173] [INFO] Session started
[2025-11-05T23:20:12.859156] [INFO] Configuration loaded
[2025-11-05T23:20:12.859208] [WARN] Connection retry attempt
[2025-11-05T23:20:12.859193] [INFO] Database query executed
[2025-11-05T23:20:12.859113] [INFO] Health check passed
[2025-11-05T23:20:12.859212] [WARN] High memory usage detected
