[2025-11-05T23:20:31.469501] [WARN] Queue size growing
[2025-11-05T23:20:31.469449] [INFO] Service initialized
[2025-11-05T23:20:31.469440] [INFO] Configuration loaded
[2025-11-05T23:20:31.469469] [INFO] Request processed successfully
[2025-11-05T23:20:31.469548] [DEBUG] Variable value: x=42
[2025-11-05T23:20:31.469552] [DEBUG] Cache key generated
[2025-11-05T23:20:31.469444] [INFO] Configuration loaded
[2025-11-05T23:20:31.469461] [INFO] Configuration loaded
[2025-11-05T23:20:31.469496] [WARN] Disk space low
[2025-11-05T23:20:31.469419] [INFO] Session started
[2025-11-05T23:20:31.469465] [INFO] Connection established
[2025-11-05T23:20:31.469532] [DEBUG] Timer set: 30 seconds
[2025-11-05T23:20:31.469492] [WARN] Disk space low
[2025-11-05T23:20:31.469452] [INFO] Connection established
[2025-11-05T23:20:31.469392] [INFO] Configuration loaded
[2025-11-05T23:20:31.469511] [ERROR] Service unavailable
[2025-11-05T23:20:31.469540] [DEBUG] Loop iteration: 15
[2025-11-05T23:20:31.469425] [INFO] Configuration loaded
[2025-11-05T23:20:31.469477] [INFO] Cache hit
[2025-11-05T23:20:31.469557] [DEBUG] Cache key generated
[2025-11-05T23:20:31.469457] [INFO] Service initialized
[2025-11-05T23:20:31.469431] [INFO] Cache hit
[2025-11-05T23:20:31.469527] [DEBUG] Connection pool status checked
[2025-11-05T23:20:31.469481] [INFO] Transaction completed
[2025-11-05T23:20:31.469517] [DEBUG] Cache key generated
[2025-11-05T23:20:31.469522] [DEBUG] Memory allocation: 2048 bytes
[2025-11-05T23:20:31.469505] [WARN] Queue size growing
[2025-11-05T23:20:31.469536] [DEBUG] Variable value: x=42
[2025-11-05T23:20:31.469435] [INFO] Service initialized
[2025-11-05T23:20:31.469473] [INFO] Health check passed
[2025-11-05T23:20:31.469544] [DEBUG] HTTP request headers parsed
[2025-11-05T23:20:31.469486] [WARN] Resource threshold approaching
