[2025-11-05T23:20:31.306599] [DEBUG] Buffer size: 4096 bytes
[2025-11-05T23:20:31.306570] [DEBUG] Loop iteration: 15
[2025-11-05T23:20:31.306517] [INFO] Service initialized
[2025-11-05T23:20:31.306589] [DEBUG] Buffer size: 4096 bytes
[2025-11-05T23:20:31.306487] [INFO] User logged in
[2025-11-05T23:20:31.306585] [DEBUG] Cache key generated
[2025-11-05T23:20:31.306531] [WARN] Queue size growing
[2025-11-05T23:20:31.306505] [INFO] User logged in
[2025-11-05T23:20:31.306566] [DEBUG] Cache key generated
[2025-11-05T23:20:31.306555] [ERROR] Disk read failed
[2025-11-05T23:20:31.306575] [DEBUG] Buffer size: 4096 bytes
[2025-11-05T23:20:31.306536] [WARN] Disk space low
[2025-11-05T23:20:31.306545] [WARN] Slow query performance
[2025-11-05T23:20:31.306478] [INFO] Service initialized
[2025-11-05T23:20:31.306579] [DEBUG] Variable value: x=42
[2025-11-05T23:20:31.306509] [INFO] Request processed successfully
[2025-11-05T23:20:31.306441] [INFO] Cache hit
[2025-11-05T23:20:31.306500] [INFO] Transaction completed
[2025-11-05T23:20:31.306561] [DEBUG] Buffer size: 4096 bytes
[2025-11-05T23:20:31.306513] [INFO] Transaction completed
[2025-11-05T23:20:31.306467] [INFO] Connection established
[2025-11-05T23:20:31.306521] [INFO] Session started
[2025-11-05T23:20:31.306483] [INFO] Health check passed
[2025-11-05T23:20:31.306550] [WARN] Queue size growing
[2025-11-05T23:20:31.306541] [WARN] Resource threshold approaching
[2025-11-05T23:20:31.306492] [INFO] Connection established
[2025-11-05T23:20:31.306594] [DEBUG] Timer set: 30 seconds
[2025-11-05T23:20:31.306496] [INFO] Session started
[2025-11-05T23:20:31.306472] [INFO] Service initialized
[2025-11-05T23:20:31.306525] [INFO] Request processed successfully
