[2025-11-05T23:20:41.461413] [DEBUG] HTTP request headers parsed
[2025-11-05T23:20:41.461336] [INFO] Cache hit
[2025-11-05T23:20:41.461185] [INFO] Cache hit
[2025-11-05T23:20:41.461417] [DEBUG] Loop iteration: 15
[2025-11-05T23:20:41.461340] [INFO] Configuration loaded
[2025-11-05T23:20:41.461191] [INFO] Cache hit
[2025-11-05T23:20:41.461212] [INFO] Session started
[2025-11-05T23:20:41.461350] [WARN] Resource threshold approaching
[2025-11-05T23:20:41.461208] [INFO] Database query executed
[2025-11-05T23:20:41.461408] [DEBUG] Buffer size: 4096 bytes
[2025-11-05T23:20:41.461204] [INFO] Health check passed
[2025-11-05T23:20:41.461344] [INFO] Database query executed
[2025-11-05T23:20:41.461374] [ERROR] Network timeout
[2025-11-05T23:20:41.461385] [DEBUG] Connection pool status checked
[2025-11-05T23:20:41.461380] [DEBUG] Timer set: 30 seconds
[2025-11-05T23:20:41.461196] [INFO] Configuration loaded
[2025-11-05T23:20:41.461404] [DEBUG] Memory allocation: 2048 bytes
[2025-11-05T23:20:41.461364] [WARN] Slow query performance
[2025-11-05T23:20:41.461369] [WARN] Resource threshold approaching
[2025-11-05T23:20:41.461216] [INFO] Configuration loaded
[2025-11-05T23:20:41.461355] [WARN] Slow query performance
[2025-11-05T23:20:41.461331] [INFO] User logged in
[2025-11-05T23:20:41.461160] [INFO] Health check passed
[2025-11-05T23:20:41.461200] [INFO] Connection established
[2025-11-05T23:20:41.461317] [INFO] Request processed successfully
[2025-11-05T23:20:41.461326] [INFO] User logged in
[2025-11-05T23:20:41.461389] [DEBUG] Thread pool size: 8
[2025-11-05T23:20:41.461400] [DEBUG] Buffer size: 4096 bytes
[2025-11-05T23:20:41.461360] [WARN] Slow query performance
[2025-11-05T23:20:41.461395] [DEBUG] Memory allocation: 2048 bytes
