[2025-11-05T23:20:36.650650] [ERROR] Request failed
[2025-11-05T23:20:36.650674] [DEBUG] Cache key generated
[2025-11-05T23:20:36.650644] [WARN] Disk space low
[2025-11-05T23:20:36.650655] [ERROR] File not found
[2025-11-05T23:20:36.650633] [WARN] Rate limit approaching
[2025-11-05T23:20:36.650559] [INFO] Health check passed
[2025-11-05T23:20:36.650666] [DEBUG] Memory allocation: 2048 bytes
[2025-11-05T23:20:36.650697] [DEBUG] Loop iteration: 15
[2025-11-05T23:20:36.650580] [INFO] Health check passed
[2025-11-05T23:20:36.650618] [INFO] Database query executed
[2025-11-05T23:20:36.650599] [INFO] Request processed successfully
[2025-11-05T23:20:36.650590] [INFO] Service initialized
[2025-11-05T23:20:36.650604] [INFO] Session started
[2025-11-05T23:20:36.650688] [DEBUG] Variable value: x=42
[2025-11-05T23:20:36.650532] [INFO] Request processed successfully
[2025-11-05T23:20:36.650585] [INFO] User logged in
[2025-11-05T23:20:36.650639] [WARN] Resource threshold approaching
[2025-11-05T23:20:36.650661] [DEBUG] Timer set: 30 seconds
[2025-11-05T23:20:36.650622] [INFO] Health check passed
[2025-11-05T23:20:36.650683] [DEBUG] Timer set: 30 seconds
[2025-11-05T23:20:36.650628] [WARN] Deprecated API usage
[2025-11-05T23:20:36.650571] [INFO] Transaction completed
[2025-11-05T23:20:36.650609] [INFO] Health check passed
[2025-11-05T23:20:36.650692] [DEBUG] Entering function process_data()
[2025-11-05T23:20:36.650565] [INFO] User logged in
[2025-11-05T23:20:36.650594] [INFO] Session started
[2025-11-05T23:20:36.650679] [DEBUG] Entering function process_data()
[2025-11-05T23:20:36.650613] [INFO] Service initialized
[2025-11-05T23:20:36.650670] [DEBUG] Entering function process_data()
[2025-11-05T23:20:36.650576] [INFO] Request processed successfully
