[2025-11-05T23:20:39.146324] [INFO] Service initialized
[2025-11-05T23:20:39.146359] [INFO] Cache hit
[2025-11-05T23:20:39.146368] [INFO] Transaction completed
[2025-11-05T23:20:39.146373] [INFO] Health check passed
[2025-11-05T23:20:39.146446] [DEBUG] Buffer size: 4096 bytes
[2025-11-05T23:20:39.146329] [INFO] Transaction completed
[2025-11-05T23:20:39.146349] [INFO] Service initialized
[2025-11-05T23:20:39.146433] [DEBUG] Timer set: 30 seconds
[2025-11-05T23:20:39.146353] [INFO] Session started
[2025-11-05T23:20:39.146409] [WARN] Disk space low
[2025-11-05T23:20:39.146429] [DEBUG] Memory allocation: 2048 bytes
[2025-11-05T23:20:39.146387] [INFO] Request processed successfully
[2025-11-05T23:20:39.146424] [DEBUG] Connection pool status checked
[2025-11-05T23:20:39.146404] [WARN] Deprecated API usage
[2025-11-05T23:20:39.146364] [INFO] Configuration loaded
[2025-11-05T23:20:39.146335] [INFO] Configuration loaded
[2025-11-05T23:20:39.146419] [DEBUG] Buffer size: 4096 bytes
[2025-11-05T23:20:39.146399] [WARN] Timeout warning
[2025-11-05T23:20:39.146340] [INFO] Transaction completed
[2025-11-05T23:20:39.146377] [INFO] Transaction completed
[2025-11-05T23:20:39.146298] [INFO] User logged in
[2025-11-05T23:20:39.146394] [WARN] Rate limit approaching
[2025-11-05T23:20:39.146414] [ERROR] Memory allocation error
[2025-11-05T23:20:39.146381] [INFO] Connection established
[2025-11-05T23:20:39.146344] [INFO] Service initialized
[2025-11-05T23:20:39.146437] [DEBUG] Cache key generated
[2025-11-05T23:20:39.146442] [DEBUG] Buffer size: 4096 bytes
