[2025-11-05T23:20:33.281317] [INFO] Health check passed
[2025-11-05T23:20:33.281364] [DEBUG] Connection pool status checked
[2025-11-05T23:20:33.281333] [WARN] Queue size growing
[2025-11-05T23:20:33.281259] [INFO] Cache hit
[2025-11-05T23:20:33.281382] [DEBUG] Cache key generated
[2025-11-05T23:20:33.281353] [ERROR] Service unavailable
[2025-11-05T23:20:33.281304] [INFO] User logged in
[2025-11-05T23:20:33.281373] [DEBUG] Connection pool status checked
[2025-11-05T23:20:33.281221] [INFO] Service initialized
[2025-11-05T23:20:33.281282] [INFO] Database query executed
[2025-11-05T23:20:33.281269] [INFO] Transaction completed
[2025-11-05T23:20:33.281386] [DEBUG] Thread pool size: 8
[2025-11-05T23:20:33.281348] [ERROR] Memory allocation error
[2025-11-05T23:20:33.281265] [INFO] Health check passed
[2025-11-05T23:20:33.281291] [INFO] Health check passed
[2025-11-05T23:20:33.281313] [INFO] Health check passed
[2025-11-05T23:20:33.281329] [WARN] Rate limit approaching
[2025-11-05T23:20:33.281377] [DEBUG] Buffer size: 4096 bytes
[2025-11-05T23:20:33.281274] [INFO] Session started
[2025-11-05T23:20:33.281278] [INFO] Request processed successfully
[2025-11-05T23:20:33.281369] [DEBUG] Memory allocation: 2048 bytes
[2025-11-05T23:20:33.281286] [INFO] Session started
[2025-11-05T23:20:33.281254] [INFO] Session started
[2025-11-05T23:20:33.281358] [DEBUG] Thread pool size: 8
[2025-11-05T23:20:33.281405] [DEBUG] Entering function process_data()
[2025-11-05T23:20:33.281323] [WARN] Rate limit approaching
[2025-11-05T23:20:33.281395] [DEBUG] Memory allocation: 2048 bytes
[2025-11-05T23:20:33.281295] [INFO] Configuration loaded
[2025-11-05T23:20:33.281299] [INFO] Connection established
[2025-11-05T23:20:33.281401] [DEBUG] Cache key generated
[2025-11-05T23:20:33.281391] [DEBUG] Memory allocation: 2048 bytes
[2025-11-05T23:20:33.281342] [WARN] Disk space low
[2025-11-05T23:20:33.281337] [WARN] Disk space low
[2025-11-05T23:20:33.281308] [INFO] Service initialized
[2025-11-05T23:20:33.281248] [INFO] Database query executed
