[2025-11-05T23:20:47.318938] [DEBUG] Loop iteration: 15
[2025-11-05T23:20:47.318829] [INFO] Connection established
[2025-11-05T23:20:47.318834] [INFO] Request processed successfully
[2025-11-05T23:20:47.318847] [INFO] Request processed successfully
[2025-11-05T23:20:47.318907] [WARN] Timeout warning
[2025-11-05T23:20:47.318869] [INFO] Request processed successfully
[2025-11-05T23:20:47.318913] [ERROR] Invalid input data
[2025-11-05T23:20:47.318943] [DEBUG] Loop iteration: 15
[2025-11-05T23:20:47.318887] [WARN] High memory usage detected
[2025-11-05T23:20:47.318823] [INFO] User logged in
[2025-11-05T23:20:47.318873] [INFO] Connection established
[2025-11-05T23:20:47.318878] [INFO] Database query executed
[2025-11-05T23:20:47.318882] [INFO] Database query executed
[2025-11-05T23:20:47.318864] [INFO] Configuration loaded
[2025-11-05T23:20:47.318838] [INFO] Service initialized
[2025-11-05T23:20:47.318860] [INFO] Request processed successfully
[2025-11-05T23:20:47.318923] [DEBUG] Entering function process_data()
[2025-11-05T23:20:47.318934] [DEBUG] Loop iteration: 15
[2025-11-05T23:20:47.318843] [INFO] Database query executed
[2025-11-05T23:20:47.318948] [DEBUG] HTTP request headers parsed
[2025-11-05T23:20:47.318892] [WARN] Resource threshold approaching
[2025-11-05T23:20:47.318852] [INFO] Connection established
[2025-11-05T23:20:47.318918] [ERROR] Authentication failed
[2025-11-05T23:20:47.318797] [INFO] Cache hit
[2025-11-05T23:20:47.318928] [DEBUG] Connection pool status checked
[2025-11-05T23:20:47.318902] [WARN] Queue size growing
[2025-11-05T23:20:47.318856] [INFO] Transaction completed
[2025-11-05T23:20:47.318897] [WARN] High memory usage detected
[2025-11-05T23:20:47.318953] [DEBUG] Buffer size: 4096 bytes
