[2025-11-05T23:20:39.956336] [INFO] Database query executed
[2025-11-05T23:20:39.956371] [ERROR] Memory allocation error
[2025-11-05T23:20:39.956345] [INFO] Configuration loaded
[2025-11-05T23:20:39.956381] [DEBUG] Entering function process_data()
[2025-11-05T23:20:39.956375] [DEBUG] Connection pool status checked
[2025-11-05T23:20:39.956330] [INFO] User logged in
[2025-11-05T23:20:39.956326] [INFO] Cache hit
[2025-11-05T23:20:39.956302] [INFO] Session started
[2025-11-05T23:20:39.956397] [DEBUG] Thread pool size: 8
[2025-11-05T23:20:39.956391] [DEBUG] Memory allocation: 2048 bytes
[2025-11-05T23:20:39.956403] [DEBUG] Timer set: 30 seconds
[2025-11-05T23:20:39.956342] [INFO] User logged in
[2025-11-05T23:20:39.956400] [DEBUG] Cache key generated
[2025-11-05T23:20:39.956394] [DEBUG] Thread pool size: 8
[2025-11-05T23:20:39.956348] [INFO] Connection established
[2025-11-05T23:20:39.956320] [INFO] Configuration loaded
[2025-11-05T23:20:39.956416] [DEBUG] Timer set: 30 seconds
[2025-11-05T23:20:39.956388] [DEBUG] Thread pool size: 8
[2025-11-05T23:20:39.956419] [DEBUG] Thread pool size: 8
[2025-11-05T23:20:39.956407] [DEBUG] Thread pool size: 8
[2025-11-05T23:20:39.956323] [INFO] User logged in
[2025-11-05T23:20:39.956359] [WARN] Resource threshold approaching
[2025-11-05T23:20:39.956385] [DEBUG] Variable value: x=42
[2025-11-05T23:20:39.956310] [INFO] Request processed successfully
[2025-11-05T23:20:39.956278] [INFO] Cache hit
[2025-11-05T23:20:39.956413] [DEBUG] HTTP request headers parsed
[2025-11-05T23:20:39.956410] [DEBUG] Cache key generated
[2025-11-05T23:20:39.956306] [INFO] Session started
[2025-11-05T23:20:39.956333] [INFO] Session started
[2025-11-05T23:20:39.956366] [WARN] Connection retry attempt
[2025-11-05T23:20:39.956351] [INFO] Connection established
[2025-11-05T23:20:39.956363] [WARN] Connection retry attempt
[2025-11-05T23:20:39.956317] [INFO] Session started
[2025-11-05T23:20:39.956354] [INFO] Cache hit
[2025-11-05T23:20:39.956313] [INFO] User logged in
[2025-11-05T23:20:39.956339] [INFO] Service initialized
[2025-11-05T23:20:39.956378] [DEBUG] HTTP request headers parsed
