[2025-11-05T23:20:24.041946] [INFO] Request processed successfully
[2025-11-05T23:20:24.041962] [INFO] Cache hit
[2025-11-05T23:20:24.041937] [INFO] User logged in
[2025-11-05T23:20:24.041970] [INFO] Configuration loaded
[2025-11-05T23:20:24.042019] [DEBUG] Variable value: x=42
[2025-11-05T23:20:24.041907] [INFO] Transaction completed
[2025-11-05T23:20:24.041985] [WARN] Rate limit approaching
[2025-11-05T23:20:24.041930] [INFO] Health check passed
[2025-11-05T23:20:24.041955] [INFO] Service initialized
[2025-11-05T23:20:24.041912] [INFO] Request processed successfully
[2025-11-05T23:20:24.042004] [DEBUG] Entering function process_data()
[2025-11-05T23:20:24.041995] [ERROR] Permission denied
[2025-11-05T23:20:24.042009] [DEBUG] Timer set: 30 seconds
[2025-11-05T23:20:24.042014] [DEBUG] Cache key generated
[2025-11-05T23:20:24.042027] [DEBUG] Memory allocation: 2048 bytes
[2025-11-05T23:20:24.042031] [DEBUG] HTTP request headers parsed
[2025-11-05T23:20:24.041917] [INFO] Health check passed
[2025-11-05T23:20:24.042023] [DEBUG] Thread pool size: 8
[2025-11-05T23:20:24.041966] [INFO] Connection established
[2025-11-05T23:20:24.042035] [DEBUG] Variable value: x=42
[2025-11-05T23:20:24.041950] [INFO] Session started
[2025-11-05T23:20:24.041934] [INFO] Configuration loaded
[2025-11-05T23:20:24.041999] [ERROR] Service unavailable
[2025-11-05T23:20:24.041980] [WARN] Timeout warning
[2025-11-05T23:20:24.041925] [INFO] Transaction completed
[2025-11-05T23:20:24.041976] [WARN] Slow query performance
[2025-11-05T23:20:24.041989] [WARN] Cache miss
[2025-11-05T23:20:24.041959] [INFO] Health check passed
[2025-11-05T23:20:24.042039] [DEBUG] HTTP request headers parsed
[2025-11-05T23:20:24.041882] [INFO] Configuration loaded
[2025-11-05T23:20:24.041921] [INFO] Service initialized
[2025-11-05T23:20:24.041942] [INFO] Connection established
