[2025-11-05T23:20:46.519896] [INFO] Cache hit
[2025-11-05T23:20:46.519910] [INFO] Service initialized
[2025-11-05T23:20:46.519919] [INFO] Session started
[2025-11-05T23:20:46.519955] [ERROR] Network timeout
[2025-11-05T23:20:46.519923] [INFO] Service initialized
[2025-11-05T23:20:46.519886] [INFO] Request processed successfully
[2025-11-05T23:20:46.519980] [DEBUG] Thread pool size: 8
[2025-11-05T23:20:46.519971] [DEBUG] Loop iteration: 15
[2025-11-05T23:20:46.519988] [DEBUG] Cache key generated
[2025-11-05T23:20:46.519852] [INFO] User logged in
[2025-11-05T23:20:46.519880] [INFO] Transaction completed
[2025-11-05T23:20:46.519966] [DEBUG] Entering function process_data()
[2025-11-05T23:20:46.519997] [DEBUG] Cache key generated
[2025-11-05T23:20:46.519914] [INFO] Session started
[2025-11-05T23:20:46.519950] [ERROR] Invalid input data
[2025-11-05T23:20:46.519992] [DEBUG] Timer set: 30 seconds
[2025-11-05T23:20:46.519901] [INFO] Service initialized
[2025-11-05T23:20:46.519984] [DEBUG] Entering function process_data()
[2025-11-05T23:20:46.519892] [INFO] Session started
[2025-11-05T23:20:46.519961] [DEBUG] Connection pool status checked
[2025-11-05T23:20:46.519939] [WARN] Cache miss
[2025-11-05T23:20:46.519928] [INFO] User logged in
[2025-11-05T23:20:46.519932] [INFO] Database query executed
[2025-11-05T23:20:46.519906] [INFO] Configuration loaded
[2025-11-05T23:20:46.519944] [WARN] Resource threshold approaching
[2025-11-05T23:20:46.519975] [DEBUG] Cache key generated
