[2025-11-05T23:20:27.480720] [ERROR] Invalid input data
[2025-11-05T23:20:27.480645] [INFO] Transaction completed
[2025-11-05T23:20:27.480746] [DEBUG] Variable value: x=42
[2025-11-05T23:20:27.480715] [WARN] Deprecated API usage
[2025-11-05T23:20:27.480619] [INFO] Request processed successfully
[2025-11-05T23:20:27.480729] [DEBUG] Connection pool status checked
[2025-11-05T23:20:27.480634] [INFO] Request processed successfully
[2025-11-05T23:20:27.480581] [INFO] Connection established
[2025-11-05T23:20:27.480642] [INFO] Health check passed
[2025-11-05T23:20:27.480725] [ERROR] File not found
[2025-11-05T23:20:27.480615] [INFO] Database query executed
[2025-11-05T23:20:27.480606] [INFO] Request processed successfully
[2025-11-05T23:20:27.480742] [DEBUG] Thread pool size: 8
[2025-11-05T23:20:27.480766] [DEBUG] Cache key generated
[2025-11-05T23:20:27.480649] [INFO] Service initialized
[2025-11-05T23:20:27.480712] [WARN] Timeout warning
[2025-11-05T23:20:27.480638] [INFO] Database query executed
[2025-11-05T23:20:27.480749] [DEBUG] Entering function process_data()
[2025-11-05T23:20:27.480738] [DEBUG] Loop iteration: 15
[2025-11-05T23:20:27.480763] [DEBUG] Cache key generated
[2025-11-05T23:20:27.480627] [INFO] Configuration loaded
[2025-11-05T23:20:27.480631] [INFO] Request processed successfully
[2025-11-05T23:20:27.480623] [INFO] Connection established
[2025-11-05T23:20:27.480691] [WARN] High memory usage detected
[2025-11-05T23:20:27.480756] [DEBUG] HTTP request headers parsed
[2025-11-05T23:20:27.480753] [DEBUG] Thread pool size: 8
[2025-11-05T23:20:27.480610] [INFO] Health check passed
[2025-11-05T23:20:27.480760] [DEBUG] Cache key generated
[2025-11-05T23:20:27.480703] [WARN] Cache miss
[2025-11-05T23:20:27.480707] [WARN] Queue size growing
[2025-11-05T23:20:27.480734] [DEBUG] Buffer size: 4096 bytes
[2025-11-05T23:20:27.480699] [WARN] Timeout warning
