[2025-11-05T23:20:48.907950] [INFO] Health check passed
[2025-11-05T23:20:48.907988] [ERROR] File not found
[2025-11-05T23:20:48.907925] [INFO] Service initialized
[2025-11-05T23:20:48.908010] [DEBUG] Connection pool status checked
[2025-11-05T23:20:48.907936] [INFO] Cache hit
[2025-11-05T23:20:48.907928] [INFO] Cache hit
[2025-11-05T23:20:48.907947] [INFO] User logged in
[2025-11-05T23:20:48.907983] [WARN] Rate limit approaching
[2025-11-05T23:20:48.907873] [INFO] Transaction completed
[2025-11-05T23:20:48.907905] [INFO] Configuration loaded
[2025-11-05T23:20:48.908021] [DEBUG] Loop iteration: 15
[2025-11-05T23:20:48.907913] [INFO] Transaction completed
[2025-11-05T23:20:48.907921] [INFO] User logged in
[2025-11-05T23:20:48.908002] [DEBUG] Variable value: x=42
[2025-11-05T23:20:48.907980] [WARN] Cache miss
[2025-11-05T23:20:48.907917] [INFO] Transaction completed
[2025-11-05T23:20:48.907954] [INFO] Database query executed
[2025-11-05T23:20:48.908018] [DEBUG] Cache key generated
[2025-11-05T23:20:48.908014] [DEBUG] Timer set: 30 seconds
[2025-11-05T23:20:48.907976] [WARN] Timeout warning
[2025-11-05T23:20:48.907932] [INFO] Session started
[2025-11-05T23:20:48.907963] [WARN] Timeout warning
[2025-11-05T23:20:48.907899] [INFO] Database query executed
[2025-11-05T23:20:48.907943] [INFO] Cache hit
[2025-11-05T23:20:48.907957] [INFO] Service initialized
[2025-11-05T23:20:48.907994] [DEBUG] Connection pool status checked
[2025-11-05T23:20:48.907968] [WARN] Cache miss
[2025-11-05T23:20:48.907998] [DEBUG] Memory allocation: 2048 bytes
[2025-11-05T23:20:48.907972] [WARN] Slow query performance
[2025-11-05T23:20:48.907909] [INFO] Connection established
[2025-11-05T23:20:48.907940] [INFO] Configuration loaded
[2025-11-05T23:20:48.908006] [DEBUG] Loop iteration: 15
