[2025-11-05T23:20:32.808321] [ERROR] Service unavailable
[2025-11-05T23:20:32.808234] [INFO] User logged in
[2025-11-05T23:20:32.808339] [DEBUG] Thread pool size: 8
[2025-11-05T23:20:32.808309] [WARN] Deprecated API usage
[2025-11-05T23:20:32.808288] [INFO] Cache hit
[2025-11-05T23:20:32.808208] [INFO] Transaction completed
[2025-11-05T23:20:32.808278] [INFO] Configuration loaded
[2025-11-05T23:20:32.808353] [DEBUG] Loop iteration: 15
[2025-11-05T23:20:32.808273] [INFO] Configuration loaded
[2025-11-05T23:20:32.808333] [DEBUG] Thread pool size: 8
[2025-11-05T23:20:32.808258] [INFO] Configuration loaded
[2025-11-05T23:20:32.808268] [INFO] Connection established
[2025-11-05T23:20:32.808326] [ERROR] Disk read failed
[2025-11-05T23:20:32.808368] [DEBUG] Entering function process_data()
[2025-11-05T23:20:32.808314] [WARN] Queue size growing
[2025-11-05T23:20:32.808363] [DEBUG] Entering function process_data()
[2025-11-05T23:20:32.808358] [DEBUG] Loop iteration: 15
[2025-11-05T23:20:32.808241] [INFO] Database query executed
[2025-11-05T23:20:32.808343] [DEBUG] Buffer size: 4096 bytes
[2025-11-05T23:20:32.808253] [INFO] Cache hit
[2025-11-05T23:20:32.808373] [DEBUG] Connection pool status checked
[2025-11-05T23:20:32.808247] [INFO] User logged in
[2025-11-05T23:20:32.808300] [WARN] Resource threshold approaching
[2025-11-05T23:20:32.808304] [WARN] Cache miss
[2025-11-05T23:20:32.808283] [INFO] Configuration loaded
[2025-11-05T23:20:32.808263] [INFO] Connection established
[2025-11-05T23:20:32.808294] [WARN] Connection retry attempt
[2025-11-05T23:20:32.808348] [DEBUG] HTTP request headers parsed
