[2025-11-05T23:20:45.326000] [ERROR] Memory allocation error
[2025-11-05T23:20:45.325940] [INFO] Connection established
[2025-11-05T23:20:45.326028] [DEBUG] Thread pool size: 8
[2025-11-05T23:20:45.325932] [INFO] Cache hit
[2025-11-05T23:20:45.326025] [DEBUG] Buffer size: 4096 bytes
[2025-11-05T23:20:45.325984] [INFO] Service initialized
[2025-11-05T23:20:45.325944] [INFO] Cache hit
[2025-11-05T23:20:45.326017] [DEBUG] Buffer size: 4096 bytes
[2025-11-05T23:20:45.326013] [DEBUG] Connection pool status checked
[2025-11-05T23:20:45.325980] [INFO] Session started
[2025-11-05T23:20:45.326004] [ERROR] Permission denied
[2025-11-05T23:20:45.326032] [DEBUG] Variable value: x=42
[2025-11-05T23:20:45.325936] [INFO] Request processed successfully
[2025-11-05T23:20:45.325970] [INFO] Configuration loaded
[2025-11-05T23:20:45.325948] [INFO] Session started
[2025-11-05T23:20:45.326036] [DEBUG] Thread pool size: 8
[2025-11-05T23:20:45.325927] [INFO] Cache hit
[2025-11-05T23:20:45.326021] [DEBUG] Timer set: 30 seconds
[2025-11-05T23:20:45.325966] [INFO] Request processed successfully
[2025-11-05T23:20:45.325963] [INFO] Configuration loaded
[2025-11-05T23:20:45.325973] [INFO] Database query executed
[2025-11-05T23:20:45.325990] [WARN] Disk space low
[2025-11-05T23:20:45.325977] [INFO] Transaction completed
[2025-11-05T23:20:45.325951] [INFO] Database query executed
[2025-11-05T23:20:45.326009] [DEBUG] Memory allocation: 2048 bytes
[2025-11-05T23:20:45.325959] [INFO] Transaction completed
[2025-11-05T23:20:45.325904] [INFO] Health check passed
[2025-11-05T23:20:45.325955] [INFO] Configuration loaded
[2025-11-05T23:20:45.325996] [ERROR] Service unavailable
