[2025-11-05T23:20:43.993780] [ERROR] Disk read failed
[2025-11-05T23:20:43.993765] [WARN] Timeout warning
[2025-11-05T23:20:43.993728] [INFO] Transaction completed
[2025-11-05T23:20:43.993685] [INFO] Session started
[2025-11-05T23:20:43.993805] [DEBUG] Timer set: 30 seconds
[2025-11-05T23:20:43.993770] [WARN] Rate limit approaching
[2025-11-05T23:20:43.993658] [INFO] Configuration loaded
[2025-11-05T23:20:43.993706] [INFO] Transaction completed
[2025-11-05T23:20:43.993800] [DEBUG] HTTP request headers parsed
[2025-11-05T23:20:43.993790] [DEBUG] HTTP request headers parsed
[2025-11-05T23:20:43.993719] [INFO] Database query executed
[2025-11-05T23:20:43.993761] [WARN] Queue size growing
[2025-11-05T23:20:43.993755] [WARN] Connection retry attempt
[2025-11-05T23:20:43.993775] [ERROR] File not found
[2025-11-05T23:20:43.993701] [INFO] Cache hit
[2025-11-05T23:20:43.993740] [INFO] Transaction completed
[2025-11-05T23:20:43.993823] [DEBUG] Loop iteration: 15
[2025-11-05T23:20:43.993785] [DEBUG] Memory allocation: 2048 bytes
[2025-11-05T23:20:43.993691] [INFO] Health check passed
[2025-11-05T23:20:43.993809] [DEBUG] Timer set: 30 seconds
[2025-11-05T23:20:43.993736] [INFO] Transaction completed
[2025-11-05T23:20:43.993723] [INFO] Request processed successfully
[2025-11-05T23:20:43.993814] [DEBUG] Loop iteration: 15
[2025-11-05T23:20:43.993710] [INFO] Database query executed
[2025-11-05T23:20:43.993745] [INFO] Cache hit
[2025-11-05T23:20:43.993696] [INFO] Database query executed
[2025-11-05T23:20:43.993819] [DEBUG] Loop iteration: 15
[2025-11-05T23:20:43.993715] [INFO] Health check passed
[2025-11-05T23:20:43.993732] [INFO] Connection established
[2025-11-05T23:20:43.993795] [DEBUG] Cache key generated
[2025-11-05T23:20:43.993749] [INFO] Session started
