[2025-11-05T23:20:22.295796] [INFO] Connection established
[2025-11-05T23:20:22.295863] [WARN] Cache miss
[2025-11-05T23:20:22.295917] [DEBUG] Timer set: 30 seconds
[2025-11-05T23:20:22.295822] [INFO] Request processed successfully
[2025-11-05T23:20:22.295747] [INFO] Transaction completed
[2025-11-05T23:20:22.295912] [DEBUG] Entering function process_data()
[2025-11-05T23:20:22.295849] [WARN] Connection retry attempt
[2025-11-05T23:20:22.295859] [WARN] Cache miss
[2025-11-05T23:20:22.295885] [DEBUG] HTTP request headers parsed
[2025-11-05T23:20:22.295844] [WARN] High memory usage detected
[2025-11-05T23:20:22.295903] [DEBUG] Variable value: x=42
[2025-11-05T23:20:22.295908] [DEBUG] Cache key generated
[2025-11-05T23:20:22.295826] [INFO] Configuration loaded
[2025-11-05T23:20:22.295790] [INFO] Session started
[2025-11-05T23:20:22.295921] [DEBUG] Buffer size: 4096 bytes
[2025-11-05T23:20:22.295800] [INFO] Request processed successfully
[2025-11-05T23:20:22.295818] [INFO] Configuration loaded
[2025-11-05T23:20:22.295890] [DEBUG] Memory allocation: 2048 bytes
[2025-11-05T23:20:22.295926] [DEBUG] Buffer size: 4096 bytes
[2025-11-05T23:20:22.295854] [WARN] Disk space low
[2025-11-05T23:20:22.295814] [INFO] Database query executed
[2025-11-05T23:20:22.295894] [DEBUG] Variable value: x=42
[2025-11-05T23:20:22.295809] [INFO] Transaction completed
[2025-11-05T23:20:22.295834] [INFO] Request processed successfully
[2025-11-05T23:20:22.295868] [WARN] Rate limit approaching
[2025-11-05T23:20:22.295786] [INFO] Database query executed
[2025-11-05T23:20:22.295804] [INFO] User logged in
[2025-11-05T23:20:22.295874] [ERROR] Network timeout
[2025-11-05T23:20:22.295781] [INFO] Service initialized
[2025-11-05T23:20:22.295775] [INFO] Connection established
[2025-11-05T23:20:22.295880] [DEBUG] Buffer size: 4096 bytes
[2025-11-05T23:20:22.295830] [INFO] Service initialized
[2025-11-05T23:20:22.295838] [INFO] Configuration loaded
[2025-11-05T23:20:22.295898] [DEBUG] Entering function process_data()
