[2025-11-05T23:20:47.351820] [INFO] Service initialized
[2025-11-05T23:20:47.351880] [DEBUG] Cache key generated
[2025-11-05T23:20:47.351859] [INFO] User logged in
[2025-11-05T23:20:47.351875] [ERROR] Authentication failed
[2025-11-05T23:20:47.351851] [INFO] Request processed successfully
[2025-11-05T23:20:47.351889] [DEBUG] Loop iteration: 15
[2025-11-05T23:20:47.351897] [DEBUG] Timer set: 30 seconds
[2025-11-05T23:20:47.351773] [INFO] User logged in
[2025-11-05T23:20:47.351830] [INFO] Service initialized
[2025-11-05T23:20:47.351813] [INFO] Database query executed
[2025-11-05T23:20:47.351864] [WARN] Slow query performance
[2025-11-05T23:20:47.351842] [INFO] Session started
[2025-11-05T23:20:47.351901] [DEBUG] HTTP request headers parsed
[2025-11-05T23:20:47.351825] [INFO] Session started
[2025-11-05T23:20:47.351797] [INFO] Session started
[2025-11-05T23:20:47.351885] [DEBUG] Entering function process_data()
[2025-11-05T23:20:47.351808] [INFO] Cache hit
[2025-11-05T23:20:47.351803] [INFO] Connection established
[2025-11-05T23:20:47.351870] [ERROR] Invalid input data
[2025-11-05T23:20:47.351838] [INFO] Health check passed
[2025-11-05T23:20:47.351846] [INFO] Service initialized
[2025-11-05T23:20:47.351834] [INFO] Health check passed
[2025-11-05T23:20:47.351905] [DEBUG] Cache key generated
[2025-11-05T23:20:47.351892] [DEBUG] Cache key generated
[2025-11-05T23:20:47.351855] [INFO] Service initialized
