[2025-11-05T23:20:52.008930] [DEBUG] Connection pool status checked
[2025-11-05T23:20:52.008927] [DEBUG] HTTP request headers parsed
[2025-11-05T23:20:52.008849] [INFO] Cache hit
[2025-11-05T23:20:52.008860] [INFO] Health check passed
[2025-11-05T23:20:52.008881] [WARN] Cache miss
[2025-11-05T23:20:52.008919] [DEBUG] Memory allocation: 2048 bytes
[2025-11-05T23:20:52.008889] [WARN] Rate limit approaching
[2025-11-05T23:20:52.008938] [DEBUG] Buffer size: 4096 bytes
[2025-11-05T23:20:52.008946] [DEBUG] Timer set: 30 seconds
[2025-11-05T23:20:52.008857] [INFO] Session started
[2025-11-05T23:20:52.008950] [DEBUG] Thread pool size: 8
[2025-11-05T23:20:52.008819] [INFO] Transaction completed
[2025-11-05T23:20:52.008901] [WARN] Rate limit approaching
[2025-11-05T23:20:52.008814] [INFO] Service initialized
[2025-11-05T23:20:52.008923] [DEBUG] Entering function process_data()
[2025-11-05T23:20:52.008835] [INFO] Session started
[2025-11-05T23:20:52.008915] [DEBUG] Cache key generated
[2025-11-05T23:20:52.008886] [WARN] Rate limit approaching
[2025-11-05T23:20:52.008868] [INFO] Request processed successfully
[2025-11-05T23:20:52.008942] [DEBUG] Thread pool size: 8
[2025-11-05T23:20:52.008846] [INFO] Service initialized
[2025-11-05T23:20:52.008877] [WARN] Disk space low
[2025-11-05T23:20:52.008897] [WARN] High memory usage detected
[2025-11-05T23:20:52.008842] [INFO] Health check passed
[2025-11-05T23:20:52.008824] [INFO] Configuration loaded
[2025-11-05T23:20:52.008934] [DEBUG] Cache key generated
[2025-11-05T23:20:52.008872] [INFO] Health check passed
[2025-11-05T23:20:52.008864] [INFO] Cache hit
[2025-11-05T23:20:52.008853] [INFO] Health check passed
[2025-11-05T23:20:52.008893] [WARN] Slow query performance
[2025-11-05T23:20:52.008791] [INFO] Session started
[2025-11-05T23:20:52.008828] [INFO] Connection established
[2025-11-05T23:20:52.008911] [DEBUG] HTTP request headers parsed
[2025-11-05T23:20:52.008838] [INFO] Service initialized
[2025-11-05T23:20:52.008905] [ERROR] Permission denied
[2025-11-05T23:20:52.008831] [INFO] Health check passed
