[2025-11-05T23:20:13.615407] [INFO] Transaction completed
[2025-11-05T23:20:13.615410] [INFO] Service initialized
[2025-11-05T23:20:13.615455] [WARN] Disk space low
[2025-11-05T23:20:13.615445] [WARN] Slow query performance
[2025-11-05T23:20:13.615353] [INFO] Connection established
[2025-11-05T23:20:13.615426] [INFO] Request processed successfully
[2025-11-05T23:20:13.615484] [DEBUG] Thread pool size: 8
[2025-11-05T23:20:13.615460] [ERROR] Service unavailable
[2025-11-05T23:20:13.615389] [INFO] Database query executed
[2025-11-05T23:20:13.615479] [DEBUG] Cache key generated
[2025-11-05T23:20:13.615415] [INFO] Transaction completed
[2025-11-05T23:20:13.615465] [ERROR] Invalid input data
[2025-11-05T23:20:13.615496] [DEBUG] HTTP request headers parsed
[2025-11-05T23:20:13.615430] [INFO] Service initialized
[2025-11-05T23:20:13.615434] [INFO] Configuration loaded
[2025-11-05T23:20:13.615440] [WARN] Cache miss
[2025-11-05T23:20:13.615488] [DEBUG] Variable value: x=42
[2025-11-05T23:20:13.615384] [INFO] Request processed successfully
[2025-11-05T23:20:13.615450] [WARN] Resource threshold approaching
[2025-11-05T23:20:13.615378] [INFO] Service initialized
[2025-11-05T23:20:13.615503] [DEBUG] Thread pool size: 8
[2025-11-05T23:20:13.615492] [DEBUG] HTTP request headers parsed
[2025-11-05T23:20:13.615500] [DEBUG] Entering function process_data()
[2025-11-05T23:20:13.615419] [INFO] Connection established
[2025-11-05T23:20:13.615475] [DEBUG] Entering function process_data()
[2025-11-05T23:20:13.615470] [DEBUG] HTTP request headers parsed
[2025-11-05T23:20:13.615398] [INFO] Health check passed
[2025-11-05T23:20:13.615423] [INFO] Request processed successfully
[2025-11-05T23:20:13.615403] [INFO] Transaction completed
[2025-11-05T23:20:13.615394] [INFO] Transaction completed
