[2025-11-05T23:20:49.058074] [INFO] Transaction completed
[2025-11-05T23:20:49.058129] [DEBUG] Entering function process_data()
[2025-11-05T23:20:49.058082] [INFO] Service initialized
[2025-11-05T23:20:49.057963] [INFO] User logged in
[2025-11-05T23:20:49.058139] [DEBUG] Cache key generated
[2025-11-05T23:20:49.058104] [WARN] Slow query performance
[2025-11-05T23:20:49.057994] [INFO] Cache hit
[2025-11-05T23:20:49.058087] [INFO] Configuration loaded
[2025-11-05T23:20:49.058152] [DEBUG] Timer set: 30 seconds
[2025-11-05T23:20:49.058157] [DEBUG] Memory allocation: 2048 bytes
[2025-11-05T23:20:49.058113] [WARN] Deprecated API usage
[2025-11-05T23:20:49.058069] [INFO] Connection established
[2025-11-05T23:20:49.058108] [WARN] Timeout warning
[2025-11-05T23:20:49.058134] [DEBUG] Loop iteration: 15
[2025-11-05T23:20:49.058144] [DEBUG] Variable value: x=42
[2025-11-05T23:20:49.058065] [INFO] Database query executed
[2025-11-05T23:20:49.057986] [INFO] Request processed successfully
[2025-11-05T23:20:49.057980] [INFO] Request processed successfully
[2025-11-05T23:20:49.058161] [DEBUG] Connection pool status checked
[2025-11-05T23:20:49.058094] [WARN] Rate limit approaching
[2025-11-05T23:20:49.058119] [ERROR] Authentication failed
[2025-11-05T23:20:49.057975] [INFO] Request processed successfully
[2025-11-05T23:20:49.057970] [INFO] Transaction completed
[2025-11-05T23:20:49.058078] [INFO] Request processed successfully
[2025-11-05T23:20:49.058124] [DEBUG] HTTP request headers parsed
[2025-11-05T23:20:49.057990] [INFO] User logged in
[2025-11-05T23:20:49.058058] [INFO] Database query executed
[2025-11-05T23:20:49.058148] [DEBUG] Connection pool status checked
[2025-11-05T23:20:49.057936] [INFO] User logged in
[2025-11-05T23:20:49.058099] [WARN] Disk space low
