[2025-11-05T23:20:28.868237] [INFO] Transaction completed
[2025-11-05T23:20:28.868308] [DEBUG] Variable value: x=42
[2025-11-05T23:20:28.868180] [INFO] Configuration loaded
[2025-11-05T23:20:28.868248] [WARN] Deprecated API usage
[2025-11-05T23:20:28.868266] [WARN] Deprecated API usage
[2025-11-05T23:20:28.868185] [INFO] Database query executed
[2025-11-05T23:20:28.868199] [INFO] Request processed successfully
[2025-11-05T23:20:28.868336] [DEBUG] Timer set: 30 seconds
[2025-11-05T23:20:28.868325] [DEBUG] Variable value: x=42
[2025-11-05T23:20:28.868277] [ERROR] Authentication failed
[2025-11-05T23:20:28.868155] [INFO] Cache hit
[2025-11-05T23:20:28.868312] [DEBUG] Entering function process_data()
[2025-11-05T23:20:28.868331] [DEBUG] Timer set: 30 seconds
[2025-11-05T23:20:28.868262] [WARN] Rate limit approaching
[2025-11-05T23:20:28.868298] [DEBUG] Timer set: 30 seconds
[2025-11-05T23:20:28.868207] [INFO] Request processed successfully
[2025-11-05T23:20:28.868258] [WARN] Rate limit approaching
[2025-11-05T23:20:28.868234] [INFO] Service initialized
[2025-11-05T23:20:28.868316] [DEBUG] Timer set: 30 seconds
[2025-11-05T23:20:28.868271] [WARN] Slow query performance
[2025-11-05T23:20:28.868225] [INFO] Cache hit
[2025-11-05T23:20:28.868190] [INFO] Database query executed
[2025-11-05T23:20:28.868216] [INFO] Database query executed
[2025-11-05T23:20:28.868294] [DEBUG] Timer set: 30 seconds
[2025-11-05T23:20:28.868243] [WARN] Connection retry attempt
[2025-11-05T23:20:28.868229] [INFO] Cache hit
[2025-11-05T23:20:28.868211] [INFO] Service initialized
[2025-11-05T23:20:28.868321] [DEBUG] Memory allocation: 2048 bytes
[2025-11-05T23:20:28.868287] [DEBUG] Buffer size: 4096 bytes
[2025-11-05T23:20:28.868303] [DEBUG] Timer set: 30 seconds
[2025-11-05T23:20:28.868253] [WARN] Timeout warning
[2025-11-05T23:20:28.868203] [INFO] Service initialized
[2025-11-05T23:20:28.868282] [ERROR] Request failed
[2025-11-05T23:20:28.868194] [INFO] Health check passed
[2025-11-05T23:20:28.868220] [INFO] Transaction completed
