[2025-11-05T23:20:19.991916] [INFO] Database query executed
[2025-11-05T23:20:19.991907] [INFO] Request processed successfully
[2025-11-05T23:20:19.991854] [INFO] User logged in
[2025-11-05T23:20:19.991957] [WARN] Connection retry attempt
[2025-11-05T23:20:19.991996] [DEBUG] HTTP request headers parsed
[2025-11-05T23:20:19.991987] [DEBUG] Variable value: x=42
[2025-11-05T23:20:19.991942] [INFO] Configuration loaded
[2025-11-05T23:20:19.992017] [DEBUG] Thread pool size: 8
[2025-11-05T23:20:19.991962] [WARN] Connection retry attempt
[2025-11-05T23:20:19.991977] [ERROR] Permission denied
[2025-11-05T23:20:19.992013] [DEBUG] Thread pool size: 8
[2025-11-05T23:20:19.991992] [DEBUG] Entering function process_data()
[2025-11-05T23:20:19.992009] [DEBUG] Buffer size: 4096 bytes
[2025-11-05T23:20:19.991952] [WARN] Deprecated API usage
[2025-11-05T23:20:19.991901] [INFO] Transaction completed
[2025-11-05T23:20:19.991883] [INFO] Session started
[2025-11-05T23:20:19.991938] [INFO] Request processed successfully
[2025-11-05T23:20:19.991971] [WARN] Connection retry attempt
[2025-11-05T23:20:19.992005] [DEBUG] Thread pool size: 8
[2025-11-05T23:20:19.991967] [WARN] Queue size growing
[2025-11-05T23:20:19.991923] [INFO] Health check passed
[2025-11-05T23:20:19.991929] [INFO] Request processed successfully
[2025-11-05T23:20:19.992000] [DEBUG] Entering function process_data()
[2025-11-05T23:20:19.991890] [INFO] Transaction completed
[2025-11-05T23:20:19.991895] [INFO] Database query executed
[2025-11-05T23:20:19.991911] [INFO] Configuration loaded
[2025-11-05T23:20:19.991933] [INFO] Request processed successfully
[2025-11-05T23:20:19.991982] [DEBUG] HTTP request headers parsed
[2025-11-05T23:20:19.991946] [INFO] Health check passed
