[2025-11-05T23:20:17.276772] [INFO] Configuration loaded
[2025-11-05T23:20:17.276859] [DEBUG] Entering function process_data()
[2025-11-05T23:20:17.276802] [INFO] User logged in
[2025-11-05T23:20:17.276855] [DEBUG] Entering function process_data()
[2025-11-05T23:20:17.276846] [DEBUG] Buffer size: 4096 bytes
[2025-11-05T23:20:17.276789] [INFO] Request processed successfully
[2025-11-05T23:20:17.276793] [INFO] User logged in
[2025-11-05T23:20:17.276885] [DEBUG] Timer set: 30 seconds
[2025-11-05T23:20:17.276872] [DEBUG] Variable value: x=42
[2025-11-05T23:20:17.276880] [DEBUG] Connection pool status checked
[2025-11-05T23:20:17.276830] [WARN] Cache miss
[2025-11-05T23:20:17.276863] [DEBUG] Memory allocation: 2048 bytes
[2025-11-05T23:20:17.276781] [INFO] Transaction completed
[2025-11-05T23:20:17.276776] [INFO] Database query executed
[2025-11-05T23:20:17.276825] [WARN] Timeout warning
[2025-11-05T23:20:17.276762] [INFO] Database query executed
[2025-11-05T23:20:17.276819] [INFO] Cache hit
[2025-11-05T23:20:17.276734] [INFO] Service initialized
[2025-11-05T23:20:17.276867] [DEBUG] Connection pool status checked
[2025-11-05T23:20:17.276850] [DEBUG] Buffer size: 4096 bytes
[2025-11-05T23:20:17.276876] [DEBUG] Variable value: x=42
[2025-11-05T23:20:17.276840] [ERROR] Request failed
[2025-11-05T23:20:17.276815] [INFO] Health check passed
[2025-11-05T23:20:17.276785] [INFO] Session started
[2025-11-05T23:20:17.276806] [INFO] Request processed successfully
[2025-11-05T23:20:17.276768] [INFO] Health check passed
[2025-11-05T23:20:17.276798] [INFO] Request processed successfully
[2025-11-05T23:20:17.276836] [ERROR] Service unavailable
[2025-11-05T23:20:17.276810] [INFO] Connection established
