[2025-11-05T23:20:26.508712] [DEBUG] Memory allocation: 2048 bytes
[2025-11-05T23:20:26.508703] [DEBUG] Cache key generated
[2025-11-05T23:20:26.508610] [INFO] Database query executed
[2025-11-05T23:20:26.508661] [WARN] Connection retry attempt
[2025-11-05T23:20:26.508693] [DEBUG] HTTP request headers parsed
[2025-11-05T23:20:26.508716] [DEBUG] Memory allocation: 2048 bytes
[2025-11-05T23:20:26.508618] [INFO] Cache hit
[2025-11-05T23:20:26.508697] [DEBUG] Loop iteration: 15
[2025-11-05T23:20:26.508640] [INFO] Health check passed
[2025-11-05T23:20:26.508637] [INFO] Configuration loaded
[2025-11-05T23:20:26.508689] [DEBUG] Variable value: x=42
[2025-11-05T23:20:26.508649] [INFO] Request processed successfully
[2025-11-05T23:20:26.508580] [INFO] Transaction completed
[2025-11-05T23:20:26.508674] [WARN] Resource threshold approaching
[2025-11-05T23:20:26.508677] [WARN] Cache miss
[2025-11-05T23:20:26.508706] [DEBUG] HTTP request headers parsed
[2025-11-05T23:20:26.508665] [WARN] Cache miss
[2025-11-05T23:20:26.508709] [DEBUG] Buffer size: 4096 bytes
[2025-11-05T23:20:26.508614] [INFO] User logged in
[2025-11-05T23:20:26.508685] [ERROR] File not found
[2025-11-05T23:20:26.508627] [INFO] Connection established
[2025-11-05T23:20:26.508631] [INFO] Session started
[2025-11-05T23:20:26.508682] [ERROR] Request failed
[2025-11-05T23:20:26.508658] [WARN] Cache miss
[2025-11-05T23:20:26.508700] [DEBUG] Loop iteration: 15
[2025-11-05T23:20:26.508654] [WARN] Cache miss
[2025-11-05T23:20:26.508634] [INFO] Configuration loaded
[2025-11-05T23:20:26.508668] [WARN] High memory usage detected
[2025-11-05T23:20:26.508643] [INFO] Connection established
[2025-11-05T23:20:26.508671] [WARN] Deprecated API usage
[2025-11-05T23:20:26.508624] [INFO] Configuration loaded
[2025-11-05T23:20:26.508621] [INFO] Database query executed
[2025-11-05T23:20:26.508605] [INFO] Connection established
[2025-11-05T23:20:26.508646] [INFO] User logged in
