[2025-11-05T23:20:17.646116] [INFO] Session started
[2025-11-05T23:20:17.646169] [WARN] Cache miss
[2025-11-05T23:20:17.646189] [WARN] Queue size growing
[2025-11-05T23:20:17.646238] [DEBUG] Timer set: 30 seconds
[2025-11-05T23:20:17.646125] [INFO] Connection established
[2025-11-05T23:20:17.646121] [INFO] Service initialized
[2025-11-05T23:20:17.646243] [DEBUG] Variable value: x=42
[2025-11-05T23:20:17.646163] [INFO] Request processed successfully
[2025-11-05T23:20:17.646229] [DEBUG] Timer set: 30 seconds
[2025-11-05T23:20:17.646209] [DEBUG] Memory allocation: 2048 bytes
[2025-11-05T23:20:17.646195] [ERROR] Network timeout
[2025-11-05T23:20:17.646144] [INFO] Transaction completed
[2025-11-05T23:20:17.646139] [INFO] Database query executed
[2025-11-05T23:20:17.646184] [WARN] Deprecated API usage
[2025-11-05T23:20:17.646111] [INFO] Configuration loaded
[2025-11-05T23:20:17.646129] [INFO] Configuration loaded
[2025-11-05T23:20:17.646180] [WARN] Deprecated API usage
[2025-11-05T23:20:17.646158] [INFO] Connection established
[2025-11-05T23:20:17.646073] [INFO] Session started
[2025-11-05T23:20:17.646106] [INFO] Session started
[2025-11-05T23:20:17.646149] [INFO] Database query executed
[2025-11-05T23:20:17.646224] [DEBUG] Buffer size: 4096 bytes
[2025-11-05T23:20:17.646200] [ERROR] Permission denied
[2025-11-05T23:20:17.646234] [DEBUG] Cache key generated
[2025-11-05T23:20:17.646134] [INFO] User logged in
[2025-11-05T23:20:17.646214] [DEBUG] Variable value: x=42
[2025-11-05T23:20:17.646100] [INFO] Service initialized
[2025-11-05T23:20:17.646205] [DEBUG] Memory allocation: 2048 bytes
[2025-11-05T23:20:17.646174] [WARN] Cache miss
[2025-11-05T23:20:17.646153] [INFO] Database query executed
[2025-11-05T23:20:17.646219] [DEBUG] Cache key generated
