[2025-11-05T23:20:16.667077] [DEBUG] HTTP request headers parsed
[2025-11-05T23:20:16.667092] [DEBUG] Loop iteration: 15
[2025-11-05T23:20:16.667047] [WARN] Connection retry attempt
[2025-11-05T23:20:16.667096] [DEBUG] Variable value: x=42
[2025-11-05T23:20:16.667013] [INFO] Service initialized
[2025-11-05T23:20:16.666990] [INFO] Cache hit
[2025-11-05T23:20:16.667072] [DEBUG] Memory allocation: 2048 bytes
[2025-11-05T23:20:16.666995] [INFO] Configuration loaded
[2025-11-05T23:20:16.666999] [INFO] Session started
[2025-11-05T23:20:16.667035] [INFO] Service initialized
[2025-11-05T23:20:16.667017] [INFO] Health check passed
[2025-11-05T23:20:16.666969] [INFO] Connection established
[2025-11-05T23:20:16.667031] [INFO] User logged in
[2025-11-05T23:20:16.667026] [INFO] Transaction completed
[2025-11-05T23:20:16.667041] [WARN] Connection retry attempt
[2025-11-05T23:20:16.666980] [INFO] Session started
[2025-11-05T23:20:16.667087] [DEBUG] Connection pool status checked
[2025-11-05T23:20:16.666975] [INFO] User logged in
[2025-11-05T23:20:16.667021] [INFO] Request processed successfully
[2025-11-05T23:20:16.667067] [ERROR] Permission denied
[2025-11-05T23:20:16.666985] [INFO] Database query executed
[2025-11-05T23:20:16.667106] [DEBUG] Timer set: 30 seconds
[2025-11-05T23:20:16.667057] [WARN] Deprecated API usage
[2025-11-05T23:20:16.667009] [INFO] Service initialized
[2025-11-05T23:20:16.667061] [WARN] Deprecated API usage
[2025-11-05T23:20:16.667101] [DEBUG] Timer set: 30 seconds
[2025-11-05T23:20:16.666941] [INFO] Transaction completed
[2025-11-05T23:20:16.667112] [DEBUG] Cache key generated
[2025-11-05T23:20:16.667052] [WARN] Queue size growing
[2025-11-05T23:20:16.667082] [DEBUG] Thread pool size: 8
[2025-11-05T23:20:16.667004] [INFO] Configuration loaded
