[2025-11-05T23:20:26.940266] [INFO] Connection established
[2025-11-05T23:20:26.940354] [DEBUG] Timer set: 30 seconds
[2025-11-05T23:20:26.940303] [INFO] User logged in
[2025-11-05T23:20:26.940341] [ERROR] Invalid input data
[2025-11-05T23:20:26.940284] [INFO] Cache hit
[2025-11-05T23:20:26.940390] [DEBUG] Thread pool size: 8
[2025-11-05T23:20:26.940382] [DEBUG] Connection pool status checked
[2025-11-05T23:20:26.940344] [ERROR] File not found
[2025-11-05T23:20:26.940314] [INFO] Cache hit
[2025-11-05T23:20:26.940374] [DEBUG] Buffer size: 4096 bytes
[2025-11-05T23:20:26.940299] [INFO] Request processed successfully
[2025-11-05T23:20:26.940332] [WARN] Resource threshold approaching
[2025-11-05T23:20:26.940324] [WARN] Connection retry attempt
[2025-11-05T23:20:26.940362] [DEBUG] HTTP request headers parsed
[2025-11-05T23:20:26.940378] [DEBUG] Loop iteration: 15
[2025-11-05T23:20:26.940336] [ERROR] Database connection lost
[2025-11-05T23:20:26.940307] [INFO] Health check passed
[2025-11-05T23:20:26.940295] [INFO] Health check passed
[2025-11-05T23:20:26.940291] [INFO] Transaction completed
[2025-11-05T23:20:26.940370] [DEBUG] Entering function process_data()
[2025-11-05T23:20:26.940319] [WARN] Connection retry attempt
[2025-11-05T23:20:26.940261] [INFO] Service initialized
[2025-11-05T23:20:26.940366] [DEBUG] HTTP request headers parsed
[2025-11-05T23:20:26.940275] [INFO] Session started
[2025-11-05T23:20:26.940386] [DEBUG] Timer set: 30 seconds
[2025-11-05T23:20:26.940237] [INFO] Session started
[2025-11-05T23:20:26.940328] [WARN] Connection retry attempt
[2025-11-05T23:20:26.940271] [INFO] Health check passed
[2025-11-05T23:20:26.940311] [INFO] Session started
[2025-11-05T23:20:26.940288] [INFO] Health check passed
[2025-11-05T23:20:26.940349] [DEBUG] Thread pool size: 8
[2025-11-05T23:20:26.940358] [DEBUG] HTTP request headers parsed
[2025-11-05T23:20:26.940394] [DEBUG] Loop iteration: 15
[2025-11-05T23:20:26.940279] [INFO] Transaction completed
