[2025-11-05T23:20:31.506060] [WARN] Deprecated API usage
[2025-11-05T23:20:31.506013] [INFO] Health check passed
[2025-11-05T23:20:31.506088] [DEBUG] Memory allocation: 2048 bytes
[2025-11-05T23:20:31.506043] [INFO] Request processed successfully
[2025-11-05T23:20:31.506073] [WARN] Cache miss
[2025-11-05T23:20:31.506092] [DEBUG] Buffer size: 4096 bytes
[2025-11-05T23:20:31.506106] [DEBUG] Loop iteration: 15
[2025-11-05T23:20:31.505998] [INFO] Connection established
[2025-11-05T23:20:31.506098] [DEBUG] Loop iteration: 15
[2025-11-05T23:20:31.506069] [WARN] High memory usage detected
[2025-11-05T23:20:31.506018] [INFO] Connection established
[2025-11-05T23:20:31.506051] [INFO] Database query executed
[2025-11-05T23:20:31.506035] [INFO] Service initialized
[2025-11-05T23:20:31.506026] [INFO] Cache hit
[2025-11-05T23:20:31.506123] [DEBUG] Memory allocation: 2048 bytes
[2025-11-05T23:20:31.506115] [DEBUG] Loop iteration: 15
[2025-11-05T23:20:31.506039] [INFO] Connection established
[2025-11-05T23:20:31.506111] [DEBUG] Variable value: x=42
[2025-11-05T23:20:31.506078] [ERROR] File not found
[2025-11-05T23:20:31.506047] [INFO] Session started
[2025-11-05T23:20:31.506119] [DEBUG] Buffer size: 4096 bytes
[2025-11-05T23:20:31.506030] [INFO] Transaction completed
[2025-11-05T23:20:31.506022] [INFO] Service initialized
[2025-11-05T23:20:31.506004] [INFO] Cache hit
[2025-11-05T23:20:31.506008] [INFO] Session started
[2025-11-05T23:20:31.506065] [WARN] Deprecated API usage
[2025-11-05T23:20:31.505972] [INFO] Request processed successfully
[2025-11-05T23:20:31.506102] [DEBUG] Variable value: x=42
[2025-11-05T23:20:31.506055] [INFO] Health check passed
[2025-11-05T23:20:31.506083] [ERROR] Permission denied
