[2025-11-05T23:20:39.514364] [DEBUG] Timer set: 30 seconds
[2025-11-05T23:20:39.514369] [DEBUG] HTTP request headers parsed
[2025-11-05T23:20:39.514299] [INFO] Health check passed
[2025-11-05T23:20:39.514287] [INFO] Cache hit
[2025-11-05T23:20:39.514278] [INFO] Configuration loaded
[2025-11-05T23:20:39.514345] [ERROR] Permission denied
[2025-11-05T23:20:39.514311] [INFO] Request processed successfully
[2025-11-05T23:20:39.514377] [DEBUG] Connection pool status checked
[2025-11-05T23:20:39.514325] [WARN] Connection retry attempt
[2025-11-05T23:20:39.514315] [INFO] Transaction completed
[2025-11-05T23:20:39.514330] [WARN] Cache miss
[2025-11-05T23:20:39.514373] [DEBUG] Connection pool status checked
[2025-11-05T23:20:39.514320] [WARN] Resource threshold approaching
[2025-11-05T23:20:39.514335] [WARN] High memory usage detected
[2025-11-05T23:20:39.514303] [INFO] Health check passed
[2025-11-05T23:20:39.514273] [INFO] Database query executed
[2025-11-05T23:20:39.514307] [INFO] Session started
[2025-11-05T23:20:39.514381] [DEBUG] Buffer size: 4096 bytes
[2025-11-05T23:20:39.514295] [INFO] Cache hit
[2025-11-05T23:20:39.514355] [DEBUG] Timer set: 30 seconds
[2025-11-05T23:20:39.514360] [DEBUG] Cache key generated
[2025-11-05T23:20:39.514339] [WARN] Queue size growing
[2025-11-05T23:20:39.514268] [INFO] Request processed successfully
[2025-11-05T23:20:39.514237] [INFO] Transaction completed
[2025-11-05T23:20:39.514262] [INFO] Health check passed
[2025-11-05T23:20:39.514291] [INFO] Cache hit
[2025-11-05T23:20:39.514349] [ERROR] Request failed
[2025-11-05T23:20:39.514282] [INFO] Health check passed
