[2025-11-05T23:20:35.618778] [INFO] Service initialized
[2025-11-05T23:20:35.618805] [DEBUG] Memory allocation: 2048 bytes
[2025-11-05T23:20:35.618694] [INFO] Session started
[2025-11-05T23:20:35.618773] [INFO] Session started
[2025-11-05T23:20:35.618794] [ERROR] Service unavailable
[2025-11-05T23:20:35.618750] [INFO] Session started
[2025-11-05T23:20:35.618800] [DEBUG] Thread pool size: 8
[2025-11-05T23:20:35.618736] [INFO] User logged in
[2025-11-05T23:20:35.618789] [WARN] Slow query performance
[2025-11-05T23:20:35.618768] [INFO] Session started
[2025-11-05T23:20:35.618784] [WARN] Rate limit approaching
[2025-11-05T23:20:35.618763] [INFO] Database query executed
[2025-11-05T23:20:35.618810] [DEBUG] Memory allocation: 2048 bytes
[2025-11-05T23:20:35.618727] [INFO] User logged in
[2025-11-05T23:20:35.618741] [INFO] Cache hit
[2025-11-05T23:20:35.618731] [INFO] Health check passed
[2025-11-05T23:20:35.618745] [INFO] Request processed successfully
[2025-11-05T23:20:35.618818] [DEBUG] Timer set: 30 seconds
[2025-11-05T23:20:35.618814] [DEBUG] Thread pool size: 8
[2025-11-05T23:20:35.618721] [INFO] Transaction completed
[2025-11-05T23:20:35.618755] [INFO] Connection established
[2025-11-05T23:20:35.618759] [INFO] Database query executed
