[2025-11-05T23:20:32.990761] [DEBUG] Buffer size: 4096 bytes
[2025-11-05T23:20:32.990652] [INFO] User logged in
[2025-11-05T23:20:32.990765] [DEBUG] HTTP request headers parsed
[2025-11-05T23:20:32.990680] [INFO] Transaction completed
[2025-11-05T23:20:32.990657] [INFO] Service initialized
[2025-11-05T23:20:32.990774] [DEBUG] Timer set: 30 seconds
[2025-11-05T23:20:32.990637] [INFO] Service initialized
[2025-11-05T23:20:32.990745] [DEBUG] Cache key generated
[2025-11-05T23:20:32.990685] [INFO] Service initialized
[2025-11-05T23:20:32.990642] [INFO] Service initialized
[2025-11-05T23:20:32.990741] [DEBUG] Thread pool size: 8
[2025-11-05T23:20:32.990647] [INFO] Database query executed
[2025-11-05T23:20:32.990604] [INFO] Database query executed
[2025-11-05T23:20:32.990751] [DEBUG] Timer set: 30 seconds
[2025-11-05T23:20:32.990631] [INFO] Session started
[2025-11-05T23:20:32.990707] [WARN] Timeout warning
[2025-11-05T23:20:32.990734] [DEBUG] Loop iteration: 15
[2025-11-05T23:20:32.990667] [INFO] Service initialized
[2025-11-05T23:20:32.990756] [DEBUG] Loop iteration: 15
[2025-11-05T23:20:32.990770] [DEBUG] Buffer size: 4096 bytes
[2025-11-05T23:20:32.990718] [WARN] Connection retry attempt
[2025-11-05T23:20:32.990728] [ERROR] File not found
[2025-11-05T23:20:32.990713] [WARN] Rate limit approaching
[2025-11-05T23:20:32.990702] [WARN] Connection retry attempt
[2025-11-05T23:20:32.990676] [INFO] Transaction completed
[2025-11-05T23:20:32.990662] [INFO] Database query executed
[2025-11-05T23:20:32.990672] [INFO] Transaction completed
[2025-11-05T23:20:32.990696] [INFO] User logged in
[2025-11-05T23:20:32.990691] [INFO] Transaction completed
[2025-11-05T23:20:32.990722] [WARN] Resource threshold approaching
