[2025-11-05T23:20:24.258421] [DEBUG] Thread pool size: 8
[2025-11-05T23:20:24.258397] [ERROR] Authentication failed
[2025-11-05T23:20:24.258387] [WARN] Queue size growing
[2025-11-05T23:20:24.258351] [INFO] Service initialized
[2025-11-05T23:20:24.258373] [WARN] Disk space low
[2025-11-05T23:20:24.258363] [INFO] Service initialized
[2025-11-05T23:20:24.258328] [INFO] Service initialized
[2025-11-05T23:20:24.258412] [DEBUG] Cache key generated
[2025-11-05T23:20:24.258403] [DEBUG] HTTP request headers parsed
[2025-11-05T23:20:24.258383] [WARN] Connection retry attempt
[2025-11-05T23:20:24.258425] [DEBUG] Timer set: 30 seconds
[2025-11-05T23:20:24.258333] [INFO] Transaction completed
[2025-11-05T23:20:24.258416] [DEBUG] Buffer size: 4096 bytes
[2025-11-05T23:20:24.258338] [INFO] Health check passed
[2025-11-05T23:20:24.258316] [INFO] Cache hit
[2025-11-05T23:20:24.258392] [WARN] Deprecated API usage
[2025-11-05T23:20:24.258290] [INFO] Request processed successfully
[2025-11-05T23:20:24.258355] [INFO] Transaction completed
[2025-11-05T23:20:24.258322] [INFO] Connection established
[2025-11-05T23:20:24.258367] [INFO] Session started
[2025-11-05T23:20:24.258347] [INFO] Health check passed
[2025-11-05T23:20:24.258408] [DEBUG] Variable value: x=42
[2025-11-05T23:20:24.258434] [DEBUG] HTTP request headers parsed
[2025-11-05T23:20:24.258343] [INFO] Connection established
[2025-11-05T23:20:24.258429] [DEBUG] Cache key generated
[2025-11-05T23:20:24.258360] [INFO] Connection established
[2025-11-05T23:20:24.258378] [WARN] Disk space low
