[2025-11-05T23:20:39.701030] [WARN] Disk space low
[2025-11-05T23:20:39.700971] [INFO] Session started
[2025-11-05T23:20:39.700997] [INFO] Transaction completed
[2025-11-05T23:20:39.701024] [WARN] Timeout warning
[2025-11-05T23:20:39.701034] [WARN] High memory usage detected
[2025-11-05T23:20:39.701018] [INFO] Transaction completed
[2025-11-05T23:20:39.701055] [ERROR] Database connection lost
[2025-11-05T23:20:39.701089] [DEBUG] Cache key generated
[2025-11-05T23:20:39.701002] [INFO] Session started
[2025-11-05T23:20:39.701070] [DEBUG] Connection pool status checked
[2025-11-05T23:20:39.701074] [DEBUG] Timer set: 30 seconds
[2025-11-05T23:20:39.700988] [INFO] Database query executed
[2025-11-05T23:20:39.700983] [INFO] Request processed successfully
[2025-11-05T23:20:39.701010] [INFO] Connection established
[2025-11-05T23:20:39.701079] [DEBUG] Variable value: x=42
[2025-11-05T23:20:39.701060] [DEBUG] Loop iteration: 15
[2025-11-05T23:20:39.701084] [DEBUG] HTTP request headers parsed
[2025-11-05T23:20:39.701050] [ERROR] Request failed
[2025-11-05T23:20:39.701039] [WARN] High memory usage detected
[2025-11-05T23:20:39.701014] [INFO] Cache hit
[2025-11-05T23:20:39.701065] [DEBUG] Thread pool size: 8
[2025-11-05T23:20:39.700993] [INFO] Connection established
[2025-11-05T23:20:39.700943] [INFO] Transaction completed
[2025-11-05T23:20:39.700977] [INFO] Database query executed
[2025-11-05T23:20:39.701006] [INFO] Request processed successfully
[2025-11-05T23:20:39.701045] [ERROR] Service unavailable
