[2025-11-05T23:20:44.029752] [DEBUG] Cache key generated
[2025-11-05T23:20:44.029679] [INFO] Transaction completed
[2025-11-05T23:20:44.029669] [INFO] Database query executed
[2025-11-05T23:20:44.029712] [WARN] Connection retry attempt
[2025-11-05T23:20:44.029781] [DEBUG] Memory allocation: 2048 bytes
[2025-11-05T23:20:44.029655] [INFO] Service initialized
[2025-11-05T23:20:44.029688] [INFO] Health check passed
[2025-11-05T23:20:44.029799] [DEBUG] Variable value: x=42
[2025-11-05T23:20:44.029758] [DEBUG] Cache key generated
[2025-11-05T23:20:44.029728] [WARN] High memory usage detected
[2025-11-05T23:20:44.029717] [WARN] Timeout warning
[2025-11-05T23:20:44.029768] [DEBUG] Entering function process_data()
[2025-11-05T23:20:44.029674] [INFO] Request processed successfully
[2025-11-05T23:20:44.029702] [INFO] Session started
[2025-11-05T23:20:44.029746] [DEBUG] HTTP request headers parsed
[2025-11-05T23:20:44.029794] [DEBUG] Variable value: x=42
[2025-11-05T23:20:44.029763] [DEBUG] Memory allocation: 2048 bytes
[2025-11-05T23:20:44.029785] [DEBUG] Buffer size: 4096 bytes
[2025-11-05T23:20:44.029706] [INFO] Health check passed
[2025-11-05T23:20:44.029649] [INFO] Service initialized
[2025-11-05T23:20:44.029776] [DEBUG] Variable value: x=42
[2025-11-05T23:20:44.029660] [INFO] Session started
[2025-11-05T23:20:44.029643] [INFO] Service initialized
[2025-11-05T23:20:44.029739] [DEBUG] Timer set: 30 seconds
[2025-11-05T23:20:44.029772] [DEBUG] Buffer size: 4096 bytes
[2025-11-05T23:20:44.029692] [INFO] User logged in
[2025-11-05T23:20:44.029734] [ERROR] Memory allocation error
[2025-11-05T23:20:44.029804] [DEBUG] Variable value: x=42
[2025-11-05T23:20:44.029790] [DEBUG] Variable value: x=42
[2025-11-05T23:20:44.029697] [INFO] User logged in
[2025-11-05T23:20:44.029665] [INFO] Request processed successfully
[2025-11-05T23:20:44.029684] [INFO] Configuration loaded
[2025-11-05T23:20:44.029723] [WARN] Deprecated API usage
[2025-11-05T23:20:44.029616] [INFO] Configuration loaded
