[2025-11-05T23:20:28.216055] [DEBUG] Timer set: 30 seconds
[2025-11-05T23:20:28.216043] [WARN] Cache miss
[2025-11-05T23:20:28.215964] [INFO] Health check passed
[2025-11-05T23:20:28.216011] [INFO] User logged in
[2025-11-05T23:20:28.216049] [ERROR] Disk read failed
[2025-11-05T23:20:28.216020] [INFO] Session started
[2025-11-05T23:20:28.216038] [WARN] Disk space low
[2025-11-05T23:20:28.216070] [DEBUG] Loop iteration: 15
[2025-11-05T23:20:28.216006] [INFO] Request processed successfully
[2025-11-05T23:20:28.216075] [DEBUG] HTTP request headers parsed
[2025-11-05T23:20:28.215953] [INFO] Request processed successfully
[2025-11-05T23:20:28.216065] [DEBUG] Entering function process_data()
[2025-11-05T23:20:28.215992] [INFO] Health check passed
[2025-11-05T23:20:28.216085] [DEBUG] Thread pool size: 8
[2025-11-05T23:20:28.216002] [INFO] Request processed successfully
[2025-11-05T23:20:28.215987] [INFO] Configuration loaded
[2025-11-05T23:20:28.215981] [INFO] Health check passed
[2025-11-05T23:20:28.216026] [WARN] Connection retry attempt
[2025-11-05T23:20:28.215976] [INFO] Database query executed
[2025-11-05T23:20:28.215958] [INFO] Transaction completed
[2025-11-05T23:20:28.215926] [INFO] Request processed successfully
[2025-11-05T23:20:28.216080] [DEBUG] Loop iteration: 15
[2025-11-05T23:20:28.216060] [DEBUG] Cache key generated
[2025-11-05T23:20:28.215970] [INFO] Configuration loaded
[2025-11-05T23:20:28.216032] [WARN] High memory usage detected
[2025-11-05T23:20:28.215997] [INFO] Service initialized
[2025-11-05T23:20:28.216094] [DEBUG] Variable value: x=42
[2025-11-05T23:20:28.216089] [DEBUG] Connection pool status checked
[2025-11-05T23:20:28.216016] [INFO] Configuration loaded
