[2025-11-05T23:20:18.874228] [INFO] Session started
[2025-11-05T23:20:18.874328] [DEBUG] Thread pool size: 8
[2025-11-05T23:20:18.874237] [INFO] Cache hit
[2025-11-05T23:20:18.874283] [ERROR] Permission denied
[2025-11-05T23:20:18.874306] [DEBUG] Thread pool size: 8
[2025-11-05T23:20:18.874324] [DEBUG] Buffer size: 4096 bytes
[2025-11-05T23:20:18.874219] [INFO] Session started
[2025-11-05T23:20:18.874298] [DEBUG] Timer set: 30 seconds
[2025-11-05T23:20:18.874287] [ERROR] Permission denied
[2025-11-05T23:20:18.874233] [INFO] Cache hit
[2025-11-05T23:20:18.874293] [DEBUG] Timer set: 30 seconds
[2025-11-05T23:20:18.874209] [INFO] Database query executed
[2025-11-05T23:20:18.874249] [INFO] Service initialized
[2025-11-05T23:20:18.874319] [DEBUG] Variable value: x=42
[2025-11-05T23:20:18.874214] [INFO] Service initialized
[2025-11-05T23:20:18.874183] [INFO] Connection established
[2025-11-05T23:20:18.874277] [WARN] Disk space low
[2025-11-05T23:20:18.874273] [WARN] Rate limit approaching
[2025-11-05T23:20:18.874258] [INFO] Database query executed
[2025-11-05T23:20:18.874254] [INFO] Cache hit
[2025-11-05T23:20:18.874246] [INFO] Connection established
[2025-11-05T23:20:18.874315] [DEBUG] Buffer size: 4096 bytes
[2025-11-05T23:20:18.874310] [DEBUG] Timer set: 30 seconds
[2025-11-05T23:20:18.874264] [WARN] Timeout warning
[2025-11-05T23:20:18.874224] [INFO] Connection established
[2025-11-05T23:20:18.874269] [WARN] Cache miss
[2025-11-05T23:20:18.874302] [DEBUG] Memory allocation: 2048 bytes
[2025-11-05T23:20:18.874241] [INFO] Configuration loaded
