[2025-11-05T23:20:13.130724] [INFO] Database query executed
[2025-11-05T23:20:13.130732] [INFO] Request processed successfully
[2025-11-05T23:20:13.130695] [INFO] Transaction completed
[2025-11-05T23:20:13.130818] [DEBUG] Loop iteration: 15
[2025-11-05T23:20:13.130784] [WARN] Slow query performance
[2025-11-05T23:20:13.130839] [DEBUG] Variable value: x=42
[2025-11-05T23:20:13.130707] [INFO] Database query executed
[2025-11-05T23:20:13.130804] [DEBUG] Cache key generated
[2025-11-05T23:20:13.130779] [WARN] High memory usage detected
[2025-11-05T23:20:13.130752] [INFO] Transaction completed
[2025-11-05T23:20:13.130740] [INFO] Service initialized
[2025-11-05T23:20:13.130711] [INFO] Session started
[2025-11-05T23:20:13.130728] [INFO] Health check passed
[2025-11-05T23:20:13.130760] [INFO] Configuration loaded
[2025-11-05T23:20:13.130715] [INFO] Request processed successfully
[2025-11-05T23:20:13.130744] [INFO] Database query executed
[2025-11-05T23:20:13.130702] [INFO] Health check passed
[2025-11-05T23:20:13.130798] [ERROR] Network timeout
[2025-11-05T23:20:13.130826] [DEBUG] Connection pool status checked
[2025-11-05T23:20:13.130771] [WARN] Slow query performance
[2025-11-05T23:20:13.130809] [DEBUG] Cache key generated
[2025-11-05T23:20:13.130788] [WARN] Cache miss
[2025-11-05T23:20:13.130756] [INFO] Configuration loaded
[2025-11-05T23:20:13.130720] [INFO] Configuration loaded
[2025-11-05T23:20:13.130736] [INFO] Configuration loaded
[2025-11-05T23:20:13.130822] [DEBUG] Variable value: x=42
[2025-11-05T23:20:13.130775] [WARN] High memory usage detected
[2025-11-05T23:20:13.130766] [WARN] Connection retry attempt
[2025-11-05T23:20:13.130793] [ERROR] Service unavailable
[2025-11-05T23:20:13.130670] [INFO] Database query executed
[2025-11-05T23:20:13.130813] [DEBUG] Timer set: 30 seconds
[2025-11-05T23:20:13.130830] [DEBUG] HTTP request headers parsed
[2025-11-05T23:20:13.130748] [INFO] Service initialized
[2025-11-05T23:20:13.130835] [DEBUG] Entering function process_data()
