[2025-11-05T23:20:21.291951] [DEBUG] Thread pool size: 8
[2025-11-05T23:20:21.291911] [WARN] Rate limit approaching
[2025-11-05T23:20:21.291847] [INFO] Request processed successfully
[2025-11-05T23:20:21.291959] [DEBUG] Entering function process_data()
[2025-11-05T23:20:21.291932] [DEBUG] Thread pool size: 8
[2025-11-05T23:20:21.291902] [WARN] Resource threshold approaching
[2025-11-05T23:20:21.291861] [INFO] Service initialized
[2025-11-05T23:20:21.291879] [INFO] Session started
[2025-11-05T23:20:21.291852] [INFO] Transaction completed
[2025-11-05T23:20:21.291842] [INFO] User logged in
[2025-11-05T23:20:21.291887] [INFO] User logged in
[2025-11-05T23:20:21.291856] [INFO] User logged in
[2025-11-05T23:20:21.291937] [DEBUG] Cache key generated
[2025-11-05T23:20:21.291946] [DEBUG] Buffer size: 4096 bytes
[2025-11-05T23:20:21.291821] [INFO] Health check passed
[2025-11-05T23:20:21.291865] [INFO] Health check passed
[2025-11-05T23:20:21.291915] [WARN] High memory usage detected
[2025-11-05T23:20:21.291926] [ERROR] Memory allocation error
[2025-11-05T23:20:21.291907] [WARN] Disk space low
[2025-11-05T23:20:21.291920] [WARN] Deprecated API usage
[2025-11-05T23:20:21.291893] [WARN] Rate limit approaching
[2025-11-05T23:20:21.291883] [INFO] Service initialized
[2025-11-05T23:20:21.291955] [DEBUG] Timer set: 30 seconds
[2025-11-05T23:20:21.291942] [DEBUG] Buffer size: 4096 bytes
[2025-11-05T23:20:21.291838] [INFO] Database query executed
[2025-11-05T23:20:21.291874] [INFO] Database query executed
[2025-11-05T23:20:21.291833] [INFO] Service initialized
[2025-11-05T23:20:21.291828] [INFO] Connection established
[2025-11-05T23:20:21.291793] [INFO] Transaction completed
[2025-11-05T23:20:21.291898] [WARN] Queue size growing
[2025-11-05T23:20:21.291870] [INFO] User logged in
