[2025-11-05T23:20:44.579473] [DEBUG] Entering function process_data()
[2025-11-05T23:20:44.579453] [ERROR] Permission denied
[2025-11-05T23:20:44.579378] [INFO] Session started
[2025-11-05T23:20:44.579373] [INFO] Service initialized
[2025-11-05T23:20:44.579425] [INFO] Health check passed
[2025-11-05T23:20:44.579476] [DEBUG] Thread pool size: 8
[2025-11-05T23:20:44.579383] [INFO] Transaction completed
[2025-11-05T23:20:44.579404] [INFO] Configuration loaded
[2025-11-05T23:20:44.579458] [ERROR] Network timeout
[2025-11-05T23:20:44.579416] [INFO] Connection established
[2025-11-05T23:20:44.579391] [INFO] Service initialized
[2025-11-05T23:20:44.579448] [WARN] Timeout warning
[2025-11-05T23:20:44.579421] [INFO] Health check passed
[2025-11-05T23:20:44.579429] [INFO] Configuration loaded
[2025-11-05T23:20:44.579485] [DEBUG] Memory allocation: 2048 bytes
[2025-11-05T23:20:44.579350] [INFO] Transaction completed
[2025-11-05T23:20:44.579400] [INFO] Session started
[2025-11-05T23:20:44.579412] [INFO] Configuration loaded
[2025-11-05T23:20:44.579489] [DEBUG] Memory allocation: 2048 bytes
[2025-11-05T23:20:44.579395] [INFO] Transaction completed
[2025-11-05T23:20:44.579387] [INFO] Database query executed
[2025-11-05T23:20:44.579408] [INFO] Service initialized
[2025-11-05T23:20:44.579481] [DEBUG] Entering function process_data()
[2025-11-05T23:20:44.579433] [INFO] Transaction completed
[2025-11-05T23:20:44.579443] [WARN] High memory usage detected
[2025-11-05T23:20:44.579438] [WARN] Deprecated API usage
[2025-11-05T23:20:44.579468] [DEBUG] Entering function process_data()
[2025-11-05T23:20:44.579463] [DEBUG] Connection pool status checked
[2025-11-05T23:20:44.579492] [DEBUG] Buffer size: 4096 bytes
[2025-11-05T23:20:44.579496] [DEBUG] Timer set: 30 seconds
