[2025-11-05T23:20:19.969564] [DEBUG] Buffer size: 4096 bytes
[2025-11-05T23:20:19.969498] [WARN] Timeout warning
[2025-11-05T23:20:19.969559] [DEBUG] Buffer size: 4096 bytes
[2025-11-05T23:20:19.969448] [INFO] User logged in
[2025-11-05T23:20:19.969453] [INFO] Service initialized
[2025-11-05T23:20:19.969536] [ERROR] Authentication failed
[2025-11-05T23:20:19.969458] [INFO] Session started
[2025-11-05T23:20:19.969542] [DEBUG] Connection pool status checked
[2025-11-05T23:20:19.969462] [INFO] User logged in
[2025-11-05T23:20:19.969531] [ERROR] Network timeout
[2025-11-05T23:20:19.969471] [INFO] User logged in
[2025-11-05T23:20:19.969547] [DEBUG] Thread pool size: 8
[2025-11-05T23:20:19.969426] [INFO] User logged in
[2025-11-05T23:20:19.969491] [INFO] Database query executed
[2025-11-05T23:20:19.969555] [DEBUG] Cache key generated
[2025-11-05T23:20:19.969517] [WARN] Timeout warning
[2025-11-05T23:20:19.969509] [WARN] Timeout warning
[2025-11-05T23:20:19.969551] [DEBUG] Variable value: x=42
[2025-11-05T23:20:19.969568] [DEBUG] Variable value: x=42
[2025-11-05T23:20:19.969467] [INFO] Request processed successfully
[2025-11-05T23:20:19.969432] [INFO] User logged in
[2025-11-05T23:20:19.969513] [WARN] Resource threshold approaching
[2025-11-05T23:20:19.969577] [DEBUG] Cache key generated
[2025-11-05T23:20:19.969399] [INFO] Connection established
[2025-11-05T23:20:19.969526] [WARN] High memory usage detected
[2025-11-05T23:20:19.969487] [INFO] Connection established
[2025-11-05T23:20:19.969522] [WARN] Timeout warning
[2025-11-05T23:20:19.969504] [WARN] Cache miss
[2025-11-05T23:20:19.969479] [INFO] Configuration loaded
[2025-11-05T23:20:19.969572] [DEBUG] Variable value: x=42
[2025-11-05T23:20:19.969475] [INFO] Connection established
[2025-11-05T23:20:19.969437] [INFO] Transaction completed
[2025-11-05T23:20:19.969443] [INFO] Request processed successfully
[2025-11-05T23:20:19.969483] [INFO] User logged in
