[2025-11-05T23:20:52.871944] [DEBUG] HTTP request headers parsed
[2025-11-05T23:20:52.871957] [DEBUG] Connection pool status checked
[2025-11-05T23:20:52.871858] [INFO] Health check passed
[2025-11-05T23:20:52.871854] [INFO] Configuration loaded
[2025-11-05T23:20:52.871924] [DEBUG] Cache key generated
[2025-11-05T23:20:52.871890] [INFO] Database query executed
[2025-11-05T23:20:52.871902] [INFO] Connection established
[2025-11-05T23:20:52.871887] [INFO] Connection established
[2025-11-05T23:20:52.871929] [DEBUG] Timer set: 30 seconds
[2025-11-05T23:20:52.871867] [INFO] Connection established
[2025-11-05T23:20:52.871913] [ERROR] Invalid input data
[2025-11-05T23:20:52.871907] [WARN] Rate limit approaching
[2025-11-05T23:20:52.871871] [INFO] Connection established
[2025-11-05T23:20:52.871953] [DEBUG] Thread pool size: 8
[2025-11-05T23:20:52.871822] [INFO] Cache hit
[2025-11-05T23:20:52.871863] [INFO] Session started
[2025-11-05T23:20:52.871848] [INFO] Health check passed
[2025-11-05T23:20:52.871939] [DEBUG] Thread pool size: 8
[2025-11-05T23:20:52.871948] [DEBUG] Entering function process_data()
[2025-11-05T23:20:52.871879] [INFO] Configuration loaded
[2025-11-05T23:20:52.871961] [DEBUG] Memory allocation: 2048 bytes
[2025-11-05T23:20:52.871894] [INFO] Connection established
[2025-11-05T23:20:52.871934] [DEBUG] Connection pool status checked
[2025-11-05T23:20:52.871898] [INFO] Health check passed
[2025-11-05T23:20:52.871875] [INFO] Health check passed
[2025-11-05T23:20:52.871883] [INFO] Configuration loaded
[2025-11-05T23:20:52.871919] [ERROR] Invalid input data
