[2025-11-05T23:20:20.161985] [INFO] Service initialized
[2025-11-05T23:20:20.161968] [INFO] User logged in
[2025-11-05T23:20:20.162039] [WARN] Deprecated API usage
[2025-11-05T23:20:20.161995] [INFO] User logged in
[2025-11-05T23:20:20.162043] [WARN] Queue size growing
[2025-11-05T23:20:20.162020] [INFO] Health check passed
[2025-11-05T23:20:20.162053] [ERROR] File not found
[2025-11-05T23:20:20.162030] [WARN] Deprecated API usage
[2025-11-05T23:20:20.162085] [DEBUG] Connection pool status checked
[2025-11-05T23:20:20.162003] [INFO] Session started
[2025-11-05T23:20:20.161999] [INFO] Transaction completed
[2025-11-05T23:20:20.161976] [INFO] Request processed successfully
[2025-11-05T23:20:20.161980] [INFO] Transaction completed
[2025-11-05T23:20:20.161990] [INFO] Database query executed
[2025-11-05T23:20:20.162012] [INFO] Connection established
[2025-11-05T23:20:20.162064] [DEBUG] Timer set: 30 seconds
[2025-11-05T23:20:20.162077] [DEBUG] Loop iteration: 15
[2025-11-05T23:20:20.161972] [INFO] Session started
[2025-11-05T23:20:20.162049] [ERROR] Service unavailable
[2025-11-05T23:20:20.161937] [INFO] Health check passed
[2025-11-05T23:20:20.162073] [DEBUG] Connection pool status checked
[2025-11-05T23:20:20.162008] [INFO] Transaction completed
[2025-11-05T23:20:20.162068] [DEBUG] Entering function process_data()
[2025-11-05T23:20:20.162035] [WARN] Resource threshold approaching
[2025-11-05T23:20:20.162016] [INFO] Cache hit
[2025-11-05T23:20:20.162089] [DEBUG] Cache key generated
[2025-11-05T23:20:20.162025] [WARN] Connection retry attempt
[2025-11-05T23:20:20.162059] [DEBUG] Thread pool size: 8
[2025-11-05T23:20:20.162081] [DEBUG] Timer set: 30 seconds
[2025-11-05T23:20:20.161962] [INFO] User logged in
