[2025-11-05T23:20:25.452198] [INFO] Cache hit
[2025-11-05T23:20:25.452216] [INFO] Connection established
[2025-11-05T23:20:25.452207] [INFO] Connection established
[2025-11-05T23:20:25.452291] [DEBUG] Entering function process_data()
[2025-11-05T23:20:25.452269] [ERROR] Request failed
[2025-11-05T23:20:25.452152] [INFO] Service initialized
[2025-11-05T23:20:25.452286] [DEBUG] Memory allocation: 2048 bytes
[2025-11-05T23:20:25.452177] [INFO] Database query executed
[2025-11-05T23:20:25.452233] [INFO] Connection established
[2025-11-05T23:20:25.452300] [DEBUG] Buffer size: 4096 bytes
[2025-11-05T23:20:25.452242] [INFO] User logged in
[2025-11-05T23:20:25.452263] [WARN] Rate limit approaching
[2025-11-05T23:20:25.452189] [INFO] Health check passed
[2025-11-05T23:20:25.452238] [INFO] Transaction completed
[2025-11-05T23:20:25.452220] [INFO] Health check passed
[2025-11-05T23:20:25.452202] [INFO] Database query executed
[2025-11-05T23:20:25.452253] [WARN] High memory usage detected
[2025-11-05T23:20:25.452259] [WARN] Disk space low
[2025-11-05T23:20:25.452211] [INFO] Service initialized
[2025-11-05T23:20:25.452314] [DEBUG] Variable value: x=42
[2025-11-05T23:20:25.452305] [DEBUG] Timer set: 30 seconds
[2025-11-05T23:20:25.452225] [INFO] Health check passed
[2025-11-05T23:20:25.452309] [DEBUG] Buffer size: 4096 bytes
[2025-11-05T23:20:25.452184] [INFO] Configuration loaded
[2025-11-05T23:20:25.452229] [INFO] Health check passed
[2025-11-05T23:20:25.452247] [INFO] User logged in
[2025-11-05T23:20:25.452296] [DEBUG] HTTP request headers parsed
[2025-11-05T23:20:25.452318] [DEBUG] Variable value: x=42
[2025-11-05T23:20:25.452281] [DEBUG] Connection pool status checked
[2025-11-05T23:20:25.452275] [ERROR] Database connection lost
[2025-11-05T23:20:25.452193] [INFO] Configuration loaded
