[2025-11-05T23:20:21.042482] [DEBUG] Memory allocation: 2048 bytes
[2025-11-05T23:20:21.042408] [INFO] Request processed successfully
[2025-11-05T23:20:21.042478] [DEBUG] Memory allocation: 2048 bytes
[2025-11-05T23:20:21.042378] [INFO] Transaction completed
[2025-11-05T23:20:21.042386] [INFO] Session started
[2025-11-05T23:20:21.042358] [INFO] Transaction completed
[2025-11-05T23:20:21.042458] [ERROR] Database connection lost
[2025-11-05T23:20:21.042421] [WARN] Queue size growing
[2025-11-05T23:20:21.042427] [WARN] Resource threshold approaching
[2025-11-05T23:20:21.042403] [INFO] Health check passed
[2025-11-05T23:20:21.042439] [WARN] Queue size growing
[2025-11-05T23:20:21.042486] [DEBUG] Thread pool size: 8
[2025-11-05T23:20:21.042416] [INFO] Transaction completed
[2025-11-05T23:20:21.042391] [INFO] Health check passed
[2025-11-05T23:20:21.042443] [WARN] Rate limit approaching
[2025-11-05T23:20:21.042382] [INFO] Service initialized
[2025-11-05T23:20:21.042463] [ERROR] File not found
[2025-11-05T23:20:21.042369] [INFO] Service initialized
[2025-11-05T23:20:21.042350] [INFO] Cache hit
[2025-11-05T23:20:21.042498] [DEBUG] Cache key generated
[2025-11-05T23:20:21.042319] [INFO] Service initialized
[2025-11-05T23:20:21.042490] [DEBUG] Connection pool status checked
[2025-11-05T23:20:21.042474] [DEBUG] Entering function process_data()
[2025-11-05T23:20:21.042435] [WARN] Timeout warning
[2025-11-05T23:20:21.042412] [INFO] Request processed successfully
[2025-11-05T23:20:21.042469] [DEBUG] Connection pool status checked
[2025-11-05T23:20:21.042431] [WARN] Slow query performance
[2025-11-05T23:20:21.042452] [WARN] Rate limit approaching
[2025-11-05T23:20:21.042494] [DEBUG] Timer set: 30 seconds
[2025-11-05T23:20:21.042395] [INFO] Session started
[2025-11-05T23:20:21.042399] [INFO] Configuration loaded
[2025-11-05T23:20:21.042363] [INFO] Connection established
[2025-11-05T23:20:21.042373] [INFO] Health check passed
[2025-11-05T23:20:21.042502] [DEBUG] Timer set: 30 seconds
[2025-11-05T23:20:21.042448] [WARN] Cache miss
