[2025-11-05T23:20:14.812923] [INFO] Service initialized
[2025-11-05T23:20:14.813017] [DEBUG] Loop iteration: 15
[2025-11-05T23:20:14.812935] [INFO] Connection established
[2025-11-05T23:20:14.812944] [INFO] Service initialized
[2025-11-05T23:20:14.812969] [ERROR] Request failed
[2025-11-05T23:20:14.812931] [INFO] Request processed successfully
[2025-11-05T23:20:14.812895] [INFO] Configuration loaded
[2025-11-05T23:20:14.812996] [DEBUG] HTTP request headers parsed
[2025-11-05T23:20:14.812978] [DEBUG] Entering function process_data()
[2025-11-05T23:20:14.812900] [INFO] Health check passed
[2025-11-05T23:20:14.812914] [INFO] Request processed successfully
[2025-11-05T23:20:14.812963] [ERROR] Disk read failed
[2025-11-05T23:20:14.813000] [DEBUG] Timer set: 30 seconds
[2025-11-05T23:20:14.812871] [INFO] Database query executed
[2025-11-05T23:20:14.812993] [DEBUG] Cache key generated
[2025-11-05T23:20:14.812910] [INFO] Service initialized
[2025-11-05T23:20:14.812940] [INFO] Connection established
[2025-11-05T23:20:14.813013] [DEBUG] Timer set: 30 seconds
[2025-11-05T23:20:14.813009] [DEBUG] Memory allocation: 2048 bytes
[2025-11-05T23:20:14.812988] [DEBUG] Variable value: x=42
[2025-11-05T23:20:14.812927] [INFO] Request processed successfully
[2025-11-05T23:20:14.812919] [INFO] Configuration loaded
[2025-11-05T23:20:14.812973] [ERROR] Memory allocation error
[2025-11-05T23:20:14.812948] [INFO] Transaction completed
[2025-11-05T23:20:14.812953] [WARN] Disk space low
[2025-11-05T23:20:14.812905] [INFO] User logged in
[2025-11-05T23:20:14.813005] [DEBUG] Timer set: 30 seconds
[2025-11-05T23:20:14.812958] [WARN] Resource threshold approaching
[2025-11-05T23:20:14.812983] [DEBUG] Buffer size: 4096 bytes
