[2025-11-05T23:20:36.788137] [INFO] Service initialized
[2025-11-05T23:20:36.788184] [DEBUG] Buffer size: 4096 bytes
[2025-11-05T23:20:36.788198] [DEBUG] Memory allocation: 2048 bytes
[2025-11-05T23:20:36.788127] [INFO] Connection established
[2025-11-05T23:20:36.788132] [INFO] Cache hit
[2025-11-05T23:20:36.788123] [INFO] Service initialized
[2025-11-05T23:20:36.788169] [WARN] Deprecated API usage
[2025-11-05T23:20:36.788055] [INFO] Database query executed
[2025-11-05T23:20:36.788141] [INFO] Session started
[2025-11-05T23:20:36.788096] [INFO] User logged in
[2025-11-05T23:20:36.788179] [ERROR] Invalid input data
[2025-11-05T23:20:36.788151] [WARN] Disk space low
[2025-11-05T23:20:36.788206] [DEBUG] Timer set: 30 seconds
[2025-11-05T23:20:36.788146] [WARN] Disk space low
[2025-11-05T23:20:36.788106] [INFO] User logged in
[2025-11-05T23:20:36.788091] [INFO] Connection established
[2025-11-05T23:20:36.788101] [INFO] Configuration loaded
[2025-11-05T23:20:36.788161] [WARN] Slow query performance
[2025-11-05T23:20:36.788082] [INFO] Cache hit
[2025-11-05T23:20:36.788087] [INFO] Cache hit
[2025-11-05T23:20:36.788110] [INFO] Database query executed
[2025-11-05T23:20:36.788165] [WARN] High memory usage detected
[2025-11-05T23:20:36.788202] [DEBUG] Loop iteration: 15
[2025-11-05T23:20:36.788174] [ERROR] Authentication failed
[2025-11-05T23:20:36.788189] [DEBUG] Variable value: x=42
[2025-11-05T23:20:36.788194] [DEBUG] HTTP request headers parsed
[2025-11-05T23:20:36.788115] [INFO] Session started
[2025-11-05T23:20:36.788156] [WARN] Slow query performance
[2025-11-05T23:20:36.788119] [INFO] Health check passed
