[2025-11-05T23:20:50.767671] [INFO] Health check passed
[2025-11-05T23:20:50.767738] [ERROR] Invalid input data
[2025-11-05T23:20:50.767760] [DEBUG] Connection pool status checked
[2025-11-05T23:20:50.767747] [DEBUG] Entering function process_data()
[2025-11-05T23:20:50.767724] [WARN] Deprecated API usage
[2025-11-05T23:20:50.767764] [DEBUG] Connection pool status checked
[2025-11-05T23:20:50.767709] [INFO] Configuration loaded
[2025-11-05T23:20:50.767714] [WARN] Queue size growing
[2025-11-05T23:20:50.767689] [INFO] Health check passed
[2025-11-05T23:20:50.767623] [INFO] User logged in
[2025-11-05T23:20:50.767697] [INFO] Configuration loaded
[2025-11-05T23:20:50.767743] [DEBUG] Buffer size: 4096 bytes
[2025-11-05T23:20:50.767680] [INFO] Database query executed
[2025-11-05T23:20:50.767772] [DEBUG] Thread pool size: 8
[2025-11-05T23:20:50.767768] [DEBUG] Connection pool status checked
[2025-11-05T23:20:50.767728] [WARN] Deprecated API usage
[2025-11-05T23:20:50.767719] [WARN] Slow query performance
[2025-11-05T23:20:50.767667] [INFO] User logged in
[2025-11-05T23:20:50.767676] [INFO] Configuration loaded
[2025-11-05T23:20:50.767756] [DEBUG] HTTP request headers parsed
[2025-11-05T23:20:50.767663] [INFO] Cache hit
[2025-11-05T23:20:50.767776] [DEBUG] Connection pool status checked
[2025-11-05T23:20:50.767649] [INFO] Database query executed
[2025-11-05T23:20:50.767693] [INFO] User logged in
[2025-11-05T23:20:50.767733] [ERROR] Disk read failed
[2025-11-05T23:20:50.767752] [DEBUG] Thread pool size: 8
[2025-11-05T23:20:50.767701] [INFO] Request processed successfully
[2025-11-05T23:20:50.767659] [INFO] Connection established
[2025-11-05T23:20:50.767654] [INFO] Configuration loaded
[2025-11-05T23:20:50.767685] [INFO] Cache hit
[2025-11-05T23:20:50.767705] [INFO] Request processed successfully
