[2025-11-05T23:20:18.814386] [INFO] Session started
[2025-11-05T23:20:18.814420] [INFO] Request processed successfully
[2025-11-05T23:20:18.814488] [DEBUG] HTTP request headers parsed
[2025-11-05T23:20:18.814484] [DEBUG] Entering function process_data()
[2025-11-05T23:20:18.814479] [DEBUG] Connection pool status checked
[2025-11-05T23:20:18.814399] [INFO] Connection established
[2025-11-05T23:20:18.814505] [DEBUG] Connection pool status checked
[2025-11-05T23:20:18.814464] [ERROR] Memory allocation error
[2025-11-05T23:20:18.814444] [INFO] User logged in
[2025-11-05T23:20:18.814393] [INFO] Cache hit
[2025-11-05T23:20:18.814361] [INFO] Connection established
[2025-11-05T23:20:18.814415] [INFO] Connection established
[2025-11-05T23:20:18.814492] [DEBUG] Buffer size: 4096 bytes
[2025-11-05T23:20:18.814475] [DEBUG] Entering function process_data()
[2025-11-05T23:20:18.814497] [DEBUG] Memory allocation: 2048 bytes
[2025-11-05T23:20:18.814410] [INFO] Transaction completed
[2025-11-05T23:20:18.814430] [INFO] Cache hit
[2025-11-05T23:20:18.814439] [INFO] Transaction completed
[2025-11-05T23:20:18.814501] [DEBUG] Thread pool size: 8
[2025-11-05T23:20:18.814448] [INFO] User logged in
[2025-11-05T23:20:18.814452] [INFO] Service initialized
[2025-11-05T23:20:18.814435] [INFO] Session started
[2025-11-05T23:20:18.814469] [ERROR] File not found
[2025-11-05T23:20:18.814425] [INFO] Session started
[2025-11-05T23:20:18.814458] [WARN] Cache miss
[2025-11-05T23:20:18.814405] [INFO] User logged in
