[2025-11-05T23:20:48.513198] [DEBUG] Variable value: x=42
[2025-11-05T23:20:48.513158] [WARN] Timeout warning
[2025-11-05T23:20:48.513149] [INFO] Transaction completed
[2025-11-05T23:20:48.513187] [DEBUG] Timer set: 30 seconds
[2025-11-05T23:20:48.513154] [WARN] Disk space low
[2025-11-05T23:20:48.513175] [ERROR] Service unavailable
[2025-11-05T23:20:48.513179] [DEBUG] HTTP request headers parsed
[2025-11-05T23:20:48.513190] [DEBUG] Timer set: 30 seconds
[2025-11-05T23:20:48.513125] [INFO] Transaction completed
[2025-11-05T23:20:48.513166] [WARN] Cache miss
[2025-11-05T23:20:48.513162] [WARN] Queue size growing
[2025-11-05T23:20:48.513111] [INFO] Configuration loaded
[2025-11-05T23:20:48.513128] [INFO] User logged in
[2025-11-05T23:20:48.513088] [INFO] Health check passed
[2025-11-05T23:20:48.513096] [INFO] Cache hit
[2025-11-05T23:20:48.513114] [INFO] Configuration loaded
[2025-11-05T23:20:48.513208] [DEBUG] Timer set: 30 seconds
[2025-11-05T23:20:48.513135] [INFO] Configuration loaded
[2025-11-05T23:20:48.513108] [INFO] Session started
[2025-11-05T23:20:48.513204] [DEBUG] Connection pool status checked
[2025-11-05T23:20:48.513092] [INFO] Service initialized
[2025-11-05T23:20:48.513104] [INFO] Service initialized
[2025-11-05T23:20:48.513142] [INFO] User logged in
[2025-11-05T23:20:48.513146] [INFO] User logged in
[2025-11-05T23:20:48.513138] [INFO] Service initialized
[2025-11-05T23:20:48.513065] [INFO] Service initialized
[2025-11-05T23:20:48.513194] [DEBUG] Entering function process_data()
[2025-11-05T23:20:48.513183] [DEBUG] Entering function process_data()
[2025-11-05T23:20:48.513118] [INFO] Transaction completed
[2025-11-05T23:20:48.513122] [INFO] User logged in
[2025-11-05T23:20:48.513201] [DEBUG] Connection pool status checked
[2025-11-05T23:20:48.513171] [ERROR] Request failed
[2025-11-05T23:20:48.513132] [INFO] Session started
[2025-11-05T23:20:48.513100] [INFO] Service initialized
