[2025-11-05T23:20:35.190387] [DEBUG] Connection pool status checked
[2025-11-05T23:20:35.190275] [INFO] Health check passed
[2025-11-05T23:20:35.190352] [DEBUG] Variable value: x=42
[2025-11-05T23:20:35.190303] [INFO] Health check passed
[2025-11-05T23:20:35.190356] [DEBUG] HTTP request headers parsed
[2025-11-05T23:20:35.190321] [INFO] Health check passed
[2025-11-05T23:20:35.190290] [INFO] Service initialized
[2025-11-05T23:20:35.190306] [INFO] Configuration loaded
[2025-11-05T23:20:35.190359] [DEBUG] HTTP request headers parsed
[2025-11-05T23:20:35.190329] [INFO] User logged in
[2025-11-05T23:20:35.190311] [INFO] Transaction completed
[2025-11-05T23:20:35.190369] [DEBUG] Connection pool status checked
[2025-11-05T23:20:35.190347] [ERROR] Service unavailable
[2025-11-05T23:20:35.190280] [INFO] User logged in
[2025-11-05T23:20:35.190286] [INFO] Session started
[2025-11-05T23:20:35.190333] [WARN] Cache miss
[2025-11-05T23:20:35.190294] [INFO] Health check passed
[2025-11-05T23:20:35.190315] [INFO] Session started
[2025-11-05T23:20:35.190299] [INFO] Session started
[2025-11-05T23:20:35.190325] [INFO] Transaction completed
[2025-11-05T23:20:35.190318] [INFO] Transaction completed
[2025-11-05T23:20:35.190343] [ERROR] Disk read failed
[2025-11-05T23:20:35.190362] [DEBUG] Entering function process_data()
[2025-11-05T23:20:35.190337] [WARN] Connection retry attempt
[2025-11-05T23:20:35.190381] [DEBUG] Variable value: x=42
[2025-11-05T23:20:35.190366] [DEBUG] Loop iteration: 15
[2025-11-05T23:20:35.190384] [DEBUG] Thread pool size: 8
[2025-11-05T23:20:35.190374] [DEBUG] Timer set: 30 seconds
[2025-11-05T23:20:35.190377] [DEBUG] Thread pool size: 8
[2025-11-05T23:20:35.190250] [INFO] Session started
