[2025-11-05T23:20:49.926676] [WARN] High memory usage detected
[2025-11-05T23:20:49.926643] [INFO] Configuration loaded
[2025-11-05T23:20:49.926740] [DEBUG] Thread pool size: 8
[2025-11-05T23:20:49.926713] [DEBUG] Connection pool status checked
[2025-11-05T23:20:49.926611] [INFO] Database query executed
[2025-11-05T23:20:49.926626] [INFO] Configuration loaded
[2025-11-05T23:20:49.926704] [DEBUG] Buffer size: 4096 bytes
[2025-11-05T23:20:49.926694] [DEBUG] Thread pool size: 8
[2025-11-05T23:20:49.926622] [INFO] Connection established
[2025-11-05T23:20:49.926717] [DEBUG] Cache key generated
[2025-11-05T23:20:49.926648] [INFO] Service initialized
[2025-11-05T23:20:49.926708] [DEBUG] Loop iteration: 15
[2025-11-05T23:20:49.926661] [INFO] Connection established
[2025-11-05T23:20:49.926638] [INFO] Request processed successfully
[2025-11-05T23:20:49.926652] [INFO] User logged in
[2025-11-05T23:20:49.926657] [INFO] Configuration loaded
[2025-11-05T23:20:49.926688] [ERROR] Database connection lost
[2025-11-05T23:20:49.926699] [DEBUG] Buffer size: 4096 bytes
[2025-11-05T23:20:49.926666] [INFO] User logged in
[2025-11-05T23:20:49.926722] [DEBUG] Thread pool size: 8
[2025-11-05T23:20:49.926617] [INFO] Configuration loaded
[2025-11-05T23:20:49.926726] [DEBUG] HTTP request headers parsed
[2025-11-05T23:20:49.926635] [INFO] Request processed successfully
[2025-11-05T23:20:49.926683] [ERROR] Invalid input data
[2025-11-05T23:20:49.926585] [INFO] Cache hit
[2025-11-05T23:20:49.926630] [INFO] Request processed successfully
[2025-11-05T23:20:49.926731] [DEBUG] Thread pool size: 8
[2025-11-05T23:20:49.926670] [INFO] User logged in
[2025-11-05T23:20:49.926735] [DEBUG] Entering function process_data()
