[2025-11-05T23:20:37.933859] [DEBUG] HTTP request headers parsed
[2025-11-05T23:20:37.933780] [INFO] Service initialized
[2025-11-05T23:20:37.933827] [WARN] Disk space low
[2025-11-05T23:20:37.933811] [INFO] Connection established
[2025-11-05T23:20:37.933797] [INFO] User logged in
[2025-11-05T23:20:37.933852] [DEBUG] HTTP request headers parsed
[2025-11-05T23:20:37.933801] [INFO] Configuration loaded
[2025-11-05T23:20:37.933793] [INFO] Database query executed
[2025-11-05T23:20:37.933804] [INFO] Health check passed
[2025-11-05T23:20:37.933874] [DEBUG] Variable value: x=42
[2025-11-05T23:20:37.933855] [DEBUG] Loop iteration: 15
[2025-11-05T23:20:37.933789] [INFO] User logged in
[2025-11-05T23:20:37.933822] [WARN] Disk space low
[2025-11-05T23:20:37.933785] [INFO] Health check passed
[2025-11-05T23:20:37.933848] [DEBUG] Memory allocation: 2048 bytes
[2025-11-05T23:20:37.933755] [INFO] Connection established
[2025-11-05T23:20:37.933834] [WARN] Resource threshold approaching
[2025-11-05T23:20:37.933807] [INFO] Connection established
[2025-11-05T23:20:37.933818] [INFO] Request processed successfully
[2025-11-05T23:20:37.933830] [WARN] Rate limit approaching
[2025-11-05T23:20:37.933863] [DEBUG] Entering function process_data()
[2025-11-05T23:20:37.933843] [ERROR] Service unavailable
[2025-11-05T23:20:37.933866] [DEBUG] Timer set: 30 seconds
[2025-11-05T23:20:37.933839] [ERROR] Authentication failed
[2025-11-05T23:20:37.933814] [INFO] Health check passed
[2025-11-05T23:20:37.933870] [DEBUG] Variable value: x=42
[2025-11-05T23:20:37.933877] [DEBUG] Connection pool status checked
