[2025-11-05T23:20:29.995911] [DEBUG] Timer set: 30 seconds
[2025-11-05T23:20:29.995847] [INFO] Service initialized
[2025-11-05T23:20:29.995803] [INFO] Connection established
[2025-11-05T23:20:29.995886] [DEBUG] Thread pool size: 8
[2025-11-05T23:20:29.995793] [INFO] User logged in
[2025-11-05T23:20:29.995871] [ERROR] Service unavailable
[2025-11-05T23:20:29.995855] [INFO] Configuration loaded
[2025-11-05T23:20:29.995823] [INFO] Health check passed
[2025-11-05T23:20:29.995817] [INFO] Health check passed
[2025-11-05T23:20:29.995839] [INFO] Service initialized
[2025-11-05T23:20:29.995835] [INFO] Service initialized
[2025-11-05T23:20:29.995898] [DEBUG] Loop iteration: 15
[2025-11-05T23:20:29.995882] [DEBUG] Connection pool status checked
[2025-11-05T23:20:29.995866] [WARN] Timeout warning
[2025-11-05T23:20:29.995768] [INFO] Service initialized
[2025-11-05T23:20:29.995877] [DEBUG] Buffer size: 4096 bytes
[2025-11-05T23:20:29.995831] [INFO] Service initialized
[2025-11-05T23:20:29.995812] [INFO] Request processed successfully
[2025-11-05T23:20:29.995851] [INFO] Request processed successfully
[2025-11-05T23:20:29.995799] [INFO] Service initialized
[2025-11-05T23:20:29.995827] [INFO] Database query executed
[2025-11-05T23:20:29.995843] [INFO] Cache hit
[2025-11-05T23:20:29.995808] [INFO] Connection established
[2025-11-05T23:20:29.995902] [DEBUG] HTTP request headers parsed
[2025-11-05T23:20:29.995860] [WARN] Resource threshold approaching
[2025-11-05T23:20:29.995907] [DEBUG] Thread pool size: 8
[2025-11-05T23:20:29.995894] [DEBUG] Variable value: x=42
[2025-11-05T23:20:29.995890] [DEBUG] Memory allocation: 2048 bytes
