[2025-11-05T23:20:45.028767] [DEBUG] Timer set: 30 seconds
[2025-11-05T23:20:45.028702] [INFO] Connection established
[2025-11-05T23:20:45.028694] [INFO] User logged in
[2025-11-05T23:20:45.028713] [INFO] Database query executed
[2025-11-05T23:20:45.028734] [WARN] Timeout warning
[2025-11-05T23:20:45.028706] [INFO] Database query executed
[2025-11-05T23:20:45.028770] [DEBUG] HTTP request headers parsed
[2025-11-05T23:20:45.028758] [DEBUG] Buffer size: 4096 bytes
[2025-11-05T23:20:45.028720] [INFO] Connection established
[2025-11-05T23:20:45.028744] [WARN] Connection retry attempt
[2025-11-05T23:20:45.028646] [INFO] Health check passed
[2025-11-05T23:20:45.028791] [DEBUG] Connection pool status checked
[2025-11-05T23:20:45.028763] [DEBUG] Connection pool status checked
[2025-11-05T23:20:45.028728] [WARN] Cache miss
[2025-11-05T23:20:45.028739] [WARN] Connection retry attempt
[2025-11-05T23:20:45.028709] [INFO] Database query executed
[2025-11-05T23:20:45.028753] [ERROR] Authentication failed
[2025-11-05T23:20:45.028724] [INFO] Connection established
[2025-11-05T23:20:45.028786] [DEBUG] Loop iteration: 15
[2025-11-05T23:20:45.028686] [INFO] Database query executed
[2025-11-05T23:20:45.028690] [INFO] Cache hit
[2025-11-05T23:20:45.028698] [INFO] Health check passed
[2025-11-05T23:20:45.028716] [INFO] Health check passed
[2025-11-05T23:20:45.028671] [INFO] Request processed successfully
[2025-11-05T23:20:45.028682] [INFO] Transaction completed
[2025-11-05T23:20:45.028749] [ERROR] Disk read failed
[2025-11-05T23:20:45.028779] [DEBUG] Loop iteration: 15
[2025-11-05T23:20:45.028775] [DEBUG] Memory allocation: 2048 bytes
[2025-11-05T23:20:45.028677] [INFO] Configuration loaded
[2025-11-05T23:20:45.028783] [DEBUG] HTTP request headers parsed
