[2025-11-05T23:20:53.021559] [DEBUG] Entering function process_data()
[2025-11-05T23:20:53.021417] [INFO] User logged in
[2025-11-05T23:20:53.021445] [INFO] Request processed successfully
[2025-11-05T23:20:53.021484] [INFO] Transaction completed
[2025-11-05T23:20:53.021502] [INFO] Service initialized
[2025-11-05T23:20:53.021471] [INFO] User logged in
[2025-11-05T23:20:53.021531] [WARN] Cache miss
[2025-11-05T23:20:53.021545] [DEBUG] Buffer size: 4096 bytes
[2025-11-05T23:20:53.021456] [INFO] Database query executed
[2025-11-05T23:20:53.021541] [ERROR] File not found
[2025-11-05T23:20:53.021550] [DEBUG] Connection pool status checked
[2025-11-05T23:20:53.021508] [WARN] Timeout warning
[2025-11-05T23:20:53.021461] [INFO] Database query executed
[2025-11-05T23:20:53.021475] [INFO] Connection established
[2025-11-05T23:20:53.021497] [INFO] Transaction completed
[2025-11-05T23:20:53.021480] [INFO] Transaction completed
[2025-11-05T23:20:53.021518] [WARN] Queue size growing
[2025-11-05T23:20:53.021554] [DEBUG] Entering function process_data()
[2025-11-05T23:20:53.021568] [DEBUG] Thread pool size: 8
[2025-11-05T23:20:53.021526] [WARN] Resource threshold approaching
[2025-11-05T23:20:53.021513] [WARN] Rate limit approaching
[2025-11-05T23:20:53.021564] [DEBUG] HTTP request headers parsed
[2025-11-05T23:20:53.021493] [INFO] Database query executed
[2025-11-05T23:20:53.021580] [DEBUG] HTTP request headers parsed
[2025-11-05T23:20:53.021576] [DEBUG] Buffer size: 4096 bytes
[2025-11-05T23:20:53.021536] [ERROR] Memory allocation error
[2025-11-05T23:20:53.021466] [INFO] Configuration loaded
[2025-11-05T23:20:53.021522] [WARN] Deprecated API usage
[2025-11-05T23:20:53.021451] [INFO] Session started
[2025-11-05T23:20:53.021488] [INFO] Service initialized
[2025-11-05T23:20:53.021572] [DEBUG] Connection pool status checked
