[2025-11-05T23:20:47.626897] [INFO] Transaction completed
[2025-11-05T23:20:47.626879] [INFO] User logged in
[2025-11-05T23:20:47.626937] [ERROR] Permission denied
[2025-11-05T23:20:47.626962] [DEBUG] Loop iteration: 15
[2025-11-05T23:20:47.626934] [ERROR] Service unavailable
[2025-11-05T23:20:47.626958] [DEBUG] Thread pool size: 8
[2025-11-05T23:20:47.626894] [INFO] User logged in
[2025-11-05T23:20:47.626919] [WARN] High memory usage detected
[2025-11-05T23:20:47.626941] [DEBUG] Buffer size: 4096 bytes
[2025-11-05T23:20:47.626890] [INFO] Session started
[2025-11-05T23:20:47.626911] [INFO] User logged in
[2025-11-05T23:20:47.626967] [DEBUG] Cache key generated
[2025-11-05T23:20:47.626926] [WARN] Cache miss
[2025-11-05T23:20:47.626955] [DEBUG] Cache key generated
[2025-11-05T23:20:47.626915] [WARN] Rate limit approaching
[2025-11-05T23:20:47.626948] [DEBUG] Variable value: x=42
[2025-11-05T23:20:47.626872] [INFO] Cache hit
[2025-11-05T23:20:47.626922] [WARN] Queue size growing
[2025-11-05T23:20:47.626904] [INFO] User logged in
[2025-11-05T23:20:47.626908] [INFO] Connection established
[2025-11-05T23:20:47.626945] [DEBUG] HTTP request headers parsed
[2025-11-05T23:20:47.626883] [INFO] Service initialized
[2025-11-05T23:20:47.626901] [INFO] User logged in
[2025-11-05T23:20:47.626952] [DEBUG] HTTP request headers parsed
[2025-11-05T23:20:47.626965] [DEBUG] Thread pool size: 8
[2025-11-05T23:20:47.626887] [INFO] User logged in
[2025-11-05T23:20:47.626929] [WARN] Timeout warning
[2025-11-05T23:20:47.626817] [INFO] Session started
