[2025-11-05T23:20:16.893640] [WARN] Deprecated API usage
[2025-11-05T23:20:16.893628] [WARN] Cache miss
[2025-11-05T23:20:16.893652] [WARN] High memory usage detected
[2025-11-05T23:20:16.893575] [INFO] Transaction completed
[2025-11-05T23:20:16.893590] [INFO] Health check passed
[2025-11-05T23:20:16.893632] [WARN] High memory usage detected
[2025-11-05T23:20:16.893677] [DEBUG] Thread pool size: 8
[2025-11-05T23:20:16.893580] [INFO] Connection established
[2025-11-05T23:20:16.893657] [ERROR] Service unavailable
[2025-11-05T23:20:16.893668] [DEBUG] Timer set: 30 seconds
[2025-11-05T23:20:16.893693] [DEBUG] Entering function process_data()
[2025-11-05T23:20:16.893610] [INFO] Request processed successfully
[2025-11-05T23:20:16.893636] [WARN] Disk space low
[2025-11-05T23:20:16.893614] [INFO] Configuration loaded
[2025-11-05T23:20:16.893623] [WARN] Resource threshold approaching
[2025-11-05T23:20:16.893689] [DEBUG] Entering function process_data()
[2025-11-05T23:20:16.893545] [INFO] Health check passed
[2025-11-05T23:20:16.893601] [INFO] Request processed successfully
[2025-11-05T23:20:16.893593] [INFO] Configuration loaded
[2025-11-05T23:20:16.893618] [INFO] User logged in
[2025-11-05T23:20:16.893606] [INFO] Session started
[2025-11-05T23:20:16.893663] [DEBUG] Connection pool status checked
[2025-11-05T23:20:16.893585] [INFO] Connection established
[2025-11-05T23:20:16.893697] [DEBUG] Variable value: x=42
[2025-11-05T23:20:16.893597] [INFO] Request processed successfully
[2025-11-05T23:20:16.893672] [DEBUG] Buffer size: 4096 bytes
[2025-11-05T23:20:16.893685] [DEBUG] Loop iteration: 15
[2025-11-05T23:20:16.893644] [WARN] Resource threshold approaching
[2025-11-05T23:20:16.893570] [INFO] Session started
[2025-11-05T23:20:16.893681] [DEBUG] Variable value: x=42
[2025-11-05T23:20:16.893648] [WARN] Rate limit approaching
