[2025-11-05T23:20:21.102759] [DEBUG] Memory allocation: 2048 bytes
[2025-11-05T23:20:21.102671] [INFO] Session started
[2025-11-05T23:20:21.102749] [DEBUG] Connection pool status checked
[2025-11-05T23:20:21.102652] [INFO] Database query executed
[2025-11-05T23:20:21.102680] [INFO] Connection established
[2025-11-05T23:20:21.102695] [INFO] Request processed successfully
[2025-11-05T23:20:21.102709] [WARN] Deprecated API usage
[2025-11-05T23:20:21.102703] [INFO] Request processed successfully
[2025-11-05T23:20:21.102685] [INFO] Request processed successfully
[2025-11-05T23:20:21.102691] [INFO] Transaction completed
[2025-11-05T23:20:21.102614] [INFO] Connection established
[2025-11-05T23:20:21.102676] [INFO] Database query executed
[2025-11-05T23:20:21.102728] [ERROR] Memory allocation error
[2025-11-05T23:20:21.102657] [INFO] Configuration loaded
[2025-11-05T23:20:21.102666] [INFO] Connection established
[2025-11-05T23:20:21.102699] [INFO] Cache hit
[2025-11-05T23:20:21.102723] [WARN] Rate limit approaching
[2025-11-05T23:20:21.102739] [DEBUG] Variable value: x=42
[2025-11-05T23:20:21.102714] [WARN] Queue size growing
[2025-11-05T23:20:21.102640] [INFO] Connection established
[2025-11-05T23:20:21.102734] [DEBUG] Cache key generated
[2025-11-05T23:20:21.102744] [DEBUG] Loop iteration: 15
[2025-11-05T23:20:21.102754] [DEBUG] Connection pool status checked
[2025-11-05T23:20:21.102719] [WARN] Disk space low
[2025-11-05T23:20:21.102661] [INFO] Transaction completed
[2025-11-05T23:20:21.102647] [INFO] Service initialized
