[2025-11-05T23:20:36.730178] [INFO] Cache hit
[2025-11-05T23:20:36.730174] [INFO] Transaction completed
[2025-11-05T23:20:36.730188] [INFO] Session started
[2025-11-05T23:20:36.730201] [INFO] Cache hit
[2025-11-05T23:20:36.730167] [INFO] Database query executed
[2025-11-05T23:20:36.730227] [DEBUG] Buffer size: 4096 bytes
[2025-11-05T23:20:36.730158] [INFO] User logged in
[2025-11-05T23:20:36.730184] [INFO] Health check passed
[2025-11-05T23:20:36.730195] [INFO] Database query executed
[2025-11-05T23:20:36.730171] [INFO] Connection established
[2025-11-05T23:20:36.730134] [INFO] Service initialized
[2025-11-05T23:20:36.730245] [DEBUG] Variable value: x=42
[2025-11-05T23:20:36.730218] [ERROR] Memory allocation error
[2025-11-05T23:20:36.730198] [INFO] Session started
[2025-11-05T23:20:36.730205] [INFO] Cache hit
[2025-11-05T23:20:36.730163] [INFO] Database query executed
[2025-11-05T23:20:36.730181] [INFO] User logged in
[2025-11-05T23:20:36.730241] [DEBUG] Thread pool size: 8
[2025-11-05T23:20:36.730231] [DEBUG] Memory allocation: 2048 bytes
[2025-11-05T23:20:36.730192] [INFO] Session started
[2025-11-05T23:20:36.730223] [DEBUG] Cache key generated
[2025-11-05T23:20:36.730234] [DEBUG] Entering function process_data()
[2025-11-05T23:20:36.730213] [WARN] Connection retry attempt
[2025-11-05T23:20:36.730237] [DEBUG] Connection pool status checked
[2025-11-05T23:20:36.730209] [WARN] Connection retry attempt
