[2025-11-05T23:20:36.040840] [DEBUG] Loop iteration: 15
[2025-11-05T23:20:36.040769] [WARN] Resource threshold approaching
[2025-11-05T23:20:36.040713] [INFO] Database query executed
[2025-11-05T23:20:36.040736] [INFO] User logged in
[2025-11-05T23:20:36.040727] [INFO] Configuration loaded
[2025-11-05T23:20:36.040722] [INFO] Cache hit
[2025-11-05T23:20:36.040630] [INFO] Configuration loaded
[2025-11-05T23:20:36.040799] [DEBUG] Timer set: 30 seconds
[2025-11-05T23:20:36.040763] [WARN] Resource threshold approaching
[2025-11-05T23:20:36.040692] [INFO] Cache hit
[2025-11-05T23:20:36.040699] [INFO] Connection established
[2025-11-05T23:20:36.040740] [INFO] Cache hit
[2025-11-05T23:20:36.040704] [INFO] Health check passed
[2025-11-05T23:20:36.040832] [DEBUG] Cache key generated
[2025-11-05T23:20:36.040790] [DEBUG] Thread pool size: 8
[2025-11-05T23:20:36.040823] [DEBUG] Connection pool status checked
[2025-11-05T23:20:36.040795] [DEBUG] Entering function process_data()
[2025-11-05T23:20:36.040745] [INFO] Request processed successfully
[2025-11-05T23:20:36.040757] [INFO] Transaction completed
[2025-11-05T23:20:36.040749] [INFO] Health check passed
[2025-11-05T23:20:36.040813] [DEBUG] Loop iteration: 15
[2025-11-05T23:20:36.040753] [INFO] Request processed successfully
[2025-11-05T23:20:36.040783] [ERROR] Request failed
[2025-11-05T23:20:36.040731] [INFO] Cache hit
[2025-11-05T23:20:36.040717] [INFO] Service initialized
[2025-11-05T23:20:36.040708] [INFO] Health check passed
[2025-11-05T23:20:36.040804] [DEBUG] Connection pool status checked
[2025-11-05T23:20:36.040773] [WARN] High memory usage detected
[2025-11-05T23:20:36.040819] [DEBUG] HTTP request headers parsed
[2025-11-05T23:20:36.040778] [WARN] High memory usage detected
[2025-11-05T23:20:36.040809] [DEBUG] Timer set: 30 seconds
[2025-11-05T23:20:36.040836] [DEBUG] Timer set: 30 seconds
[2025-11-05T23:20:36.040827] [DEBUG] Thread pool size: 8
