[2025-11-05T23:20:43.962145] [INFO] Health check passed
[2025-11-05T23:20:43.962231] [ERROR] Permission denied
[2025-11-05T23:20:43.962242] [DEBUG] HTTP request headers parsed
[2025-11-05T23:20:43.962192] [INFO] Session started
[2025-11-05T23:20:43.962247] [DEBUG] Timer set: 30 seconds
[2025-11-05T23:20:43.962104] [INFO] Connection established
[2025-11-05T23:20:43.962196] [INFO] Connection established
[2025-11-05T23:20:43.962176] [INFO] Cache hit
[2025-11-05T23:20:43.962265] [DEBUG] Thread pool size: 8
[2025-11-05T23:20:43.962257] [DEBUG] Loop iteration: 15
[2025-11-05T23:20:43.962236] [ERROR] Service unavailable
[2025-11-05T23:20:43.962163] [INFO] Health check passed
[2025-11-05T23:20:43.962135] [INFO] User logged in
[2025-11-05T23:20:43.962140] [INFO] Session started
[2025-11-05T23:20:43.962221] [WARN] Connection retry attempt
[2025-11-05T23:20:43.962184] [INFO] Session started
[2025-11-05T23:20:43.962172] [INFO] Health check passed
[2025-11-05T23:20:43.962226] [ERROR] Service unavailable
[2025-11-05T23:20:43.962168] [INFO] Service initialized
[2025-11-05T23:20:43.962188] [INFO] User logged in
[2025-11-05T23:20:43.962150] [INFO] Database query executed
[2025-11-05T23:20:43.962200] [INFO] Session started
[2025-11-05T23:20:43.962180] [INFO] User logged in
[2025-11-05T23:20:43.962261] [DEBUG] Loop iteration: 15
[2025-11-05T23:20:43.962130] [INFO] Request processed successfully
[2025-11-05T23:20:43.962154] [INFO] Transaction completed
[2025-11-05T23:20:43.962252] [DEBUG] Entering function process_data()
[2025-11-05T23:20:43.962211] [WARN] High memory usage detected
[2025-11-05T23:20:43.962159] [INFO] User logged in
[2025-11-05T23:20:43.962216] [WARN] Deprecated API usage
[2025-11-05T23:20:43.962206] [WARN] Disk space low
