[2025-11-05T23:20:50.134869] [INFO] Health check passed
[2025-11-05T23:20:50.134995] [DEBUG] Timer set: 30 seconds
[2025-11-05T23:20:50.134938] [WARN] Slow query performance
[2025-11-05T23:20:50.134883] [INFO] Configuration loaded
[2025-11-05T23:20:50.134967] [ERROR] Service unavailable
[2025-11-05T23:20:50.134933] [WARN] Cache miss
[2025-11-05T23:20:50.134845] [INFO] Request processed successfully
[2025-11-05T23:20:50.134879] [INFO] Cache hit
[2025-11-05T23:20:50.134891] [INFO] Transaction completed
[2025-11-05T23:20:50.134947] [WARN] Connection retry attempt
[2025-11-05T23:20:50.134916] [INFO] Database query executed
[2025-11-05T23:20:50.134888] [INFO] Connection established
[2025-11-05T23:20:50.134912] [INFO] Connection established
[2025-11-05T23:20:50.134958] [ERROR] Authentication failed
[2025-11-05T23:20:50.134983] [DEBUG] Memory allocation: 2048 bytes
[2025-11-05T23:20:50.134896] [INFO] Session started
[2025-11-05T23:20:50.134951] [WARN] Slow query performance
[2025-11-05T23:20:50.134978] [DEBUG] Entering function process_data()
[2025-11-05T23:20:50.134972] [DEBUG] Variable value: x=42
[2025-11-05T23:20:50.134874] [INFO] User logged in
[2025-11-05T23:20:50.134987] [DEBUG] HTTP request headers parsed
[2025-11-05T23:20:50.134962] [ERROR] Disk read failed
[2025-11-05T23:20:50.134991] [DEBUG] HTTP request headers parsed
[2025-11-05T23:20:50.134900] [INFO] Transaction completed
[2025-11-05T23:20:50.134942] [WARN] Cache miss
[2025-11-05T23:20:50.134920] [INFO] Cache hit
[2025-11-05T23:20:50.134904] [INFO] Service initialized
[2025-11-05T23:20:50.134908] [INFO] Connection established
[2025-11-05T23:20:50.134923] [INFO] Health check passed
[2025-11-05T23:20:50.134929] [WARN] Disk space low
[2025-11-05T23:20:50.134999] [DEBUG] Cache key generated
