[2025-11-05T23:20:25.679805] [DEBUG] Buffer size: 4096 bytes
[2025-11-05T23:20:25.679736] [INFO] User logged in
[2025-11-05T23:20:25.679792] [DEBUG] Entering function process_data()
[2025-11-05T23:20:25.679731] [INFO] Transaction completed
[2025-11-05T23:20:25.679726] [INFO] Request processed successfully
[2025-11-05T23:20:25.679740] [INFO] Health check passed
[2025-11-05T23:20:25.679722] [INFO] Session started
[2025-11-05T23:20:25.679762] [WARN] Timeout warning
[2025-11-05T23:20:25.679665] [INFO] Cache hit
[2025-11-05T23:20:25.679797] [DEBUG] Loop iteration: 15
[2025-11-05T23:20:25.679775] [WARN] Resource threshold approaching
[2025-11-05T23:20:25.679814] [DEBUG] HTTP request headers parsed
[2025-11-05T23:20:25.679744] [INFO] User logged in
[2025-11-05T23:20:25.679767] [WARN] High memory usage detected
[2025-11-05T23:20:25.679707] [INFO] Connection established
[2025-11-05T23:20:25.679757] [WARN] Timeout warning
[2025-11-05T23:20:25.679786] [ERROR] Authentication failed
[2025-11-05T23:20:25.679717] [INFO] Session started
[2025-11-05T23:20:25.679690] [INFO] Connection established
[2025-11-05T23:20:25.679771] [WARN] Timeout warning
[2025-11-05T23:20:25.679712] [INFO] Service initialized
[2025-11-05T23:20:25.679801] [DEBUG] Buffer size: 4096 bytes
[2025-11-05T23:20:25.679701] [INFO] Cache hit
[2025-11-05T23:20:25.679810] [DEBUG] Thread pool size: 8
[2025-11-05T23:20:25.679696] [INFO] Cache hit
[2025-11-05T23:20:25.679750] [WARN] Disk space low
[2025-11-05T23:20:25.679780] [WARN] Queue size growing
