[2025-11-05T23:20:50.462068] [INFO] User logged in
[2025-11-05T23:20:50.462117] [WARN] Cache miss
[2025-11-05T23:20:50.462097] [INFO] Service initialized
[2025-11-05T23:20:50.462140] [DEBUG] Memory allocation: 2048 bytes
[2025-11-05T23:20:50.462052] [INFO] Cache hit
[2025-11-05T23:20:50.462125] [WARN] High memory usage detected
[2025-11-05T23:20:50.462154] [DEBUG] Loop iteration: 15
[2025-11-05T23:20:50.462145] [DEBUG] Loop iteration: 15
[2025-11-05T23:20:50.462064] [INFO] User logged in
[2025-11-05T23:20:50.462174] [DEBUG] Entering function process_data()
[2025-11-05T23:20:50.462150] [DEBUG] Thread pool size: 8
[2025-11-05T23:20:50.462089] [INFO] Database query executed
[2025-11-05T23:20:50.462042] [INFO] User logged in
[2025-11-05T23:20:50.462017] [INFO] Configuration loaded
[2025-11-05T23:20:50.462072] [INFO] Request processed successfully
[2025-11-05T23:20:50.462121] [WARN] High memory usage detected
[2025-11-05T23:20:50.462170] [DEBUG] Buffer size: 4096 bytes
[2025-11-05T23:20:50.462166] [DEBUG] Entering function process_data()
[2025-11-05T23:20:50.462158] [DEBUG] Thread pool size: 8
[2025-11-05T23:20:50.462093] [INFO] Transaction completed
[2025-11-05T23:20:50.462085] [INFO] Connection established
[2025-11-05T23:20:50.462048] [INFO] Configuration loaded
[2025-11-05T23:20:50.462057] [INFO] Session started
[2025-11-05T23:20:50.462135] [ERROR] Permission denied
[2025-11-05T23:20:50.462111] [WARN] Deprecated API usage
[2025-11-05T23:20:50.462101] [INFO] Session started
[2025-11-05T23:20:50.462081] [INFO] Transaction completed
[2025-11-05T23:20:50.462162] [DEBUG] Entering function process_data()
[2025-11-05T23:20:50.462106] [WARN] Connection retry attempt
[2025-11-05T23:20:50.462130] [ERROR] Authentication failed
[2025-11-05T23:20:50.462076] [INFO] Cache hit
