[2025-11-05T23:20:14.559771] [INFO] Session started
[2025-11-05T23:20:14.559781] [WARN] Connection retry attempt
[2025-11-05T23:20:14.559849] [DEBUG] Cache key generated
[2025-11-05T23:20:14.559727] [INFO] Configuration loaded
[2025-11-05T23:20:14.559812] [ERROR] Memory allocation error
[2025-11-05T23:20:14.559843] [DEBUG] Memory allocation: 2048 bytes
[2025-11-05T23:20:14.559717] [INFO] Database query executed
[2025-11-05T23:20:14.559683] [INFO] Connection established
[2025-11-05T23:20:14.559799] [WARN] High memory usage detected
[2025-11-05T23:20:14.559791] [WARN] Slow query performance
[2025-11-05T23:20:14.559807] [WARN] Resource threshold approaching
[2025-11-05T23:20:14.559745] [INFO] Health check passed
[2025-11-05T23:20:14.559838] [DEBUG] Variable value: x=42
[2025-11-05T23:20:14.559758] [INFO] Transaction completed
[2025-11-05T23:20:14.559767] [INFO] Request processed successfully
[2025-11-05T23:20:14.559732] [INFO] Configuration loaded
[2025-11-05T23:20:14.559775] [INFO] User logged in
[2025-11-05T23:20:14.559762] [INFO] Connection established
[2025-11-05T23:20:14.559817] [ERROR] File not found
[2025-11-05T23:20:14.559750] [INFO] Transaction completed
[2025-11-05T23:20:14.559829] [DEBUG] HTTP request headers parsed
[2025-11-05T23:20:14.559795] [WARN] Connection retry attempt
[2025-11-05T23:20:14.559712] [INFO] Health check passed
[2025-11-05T23:20:14.559786] [WARN] High memory usage detected
[2025-11-05T23:20:14.559754] [INFO] Database query executed
[2025-11-05T23:20:14.559858] [DEBUG] Cache key generated
[2025-11-05T23:20:14.559803] [WARN] Slow query performance
[2025-11-05T23:20:14.559723] [INFO] Health check passed
[2025-11-05T23:20:14.559823] [ERROR] Authentication failed
[2025-11-05T23:20:14.559741] [INFO] Request processed successfully
[2025-11-05T23:20:14.559834] [DEBUG] Variable value: x=42
[2025-11-05T23:20:14.559853] [DEBUG] Memory allocation: 2048 bytes
[2025-11-05T23:20:14.559737] [INFO] Cache hit
