[2025-11-05T23:20:37.732516] [INFO] Service initialized
[2025-11-05T23:20:37.732603] [DEBUG] HTTP request headers parsed
[2025-11-05T23:20:37.732625] [DEBUG] Buffer size: 4096 bytes
[2025-11-05T23:20:37.732538] [INFO] Health check passed
[2025-11-05T23:20:37.732506] [INFO] Transaction completed
[2025-11-05T23:20:37.732599] [DEBUG] Entering function process_data()
[2025-11-05T23:20:37.732529] [INFO] Connection established
[2025-11-05T23:20:37.732579] [WARN] Deprecated API usage
[2025-11-05T23:20:37.732521] [INFO] Request processed successfully
[2025-11-05T23:20:37.732607] [DEBUG] Memory allocation: 2048 bytes
[2025-11-05T23:20:37.732542] [INFO] Configuration loaded
[2025-11-05T23:20:37.732569] [WARN] Slow query performance
[2025-11-05T23:20:37.732550] [INFO] Health check passed
[2025-11-05T23:20:37.732534] [INFO] Connection established
[2025-11-05T23:20:37.732621] [DEBUG] Entering function process_data()
[2025-11-05T23:20:37.732480] [INFO] Transaction completed
[2025-11-05T23:20:37.732563] [INFO] Service initialized
[2025-11-05T23:20:37.732511] [INFO] Session started
[2025-11-05T23:20:37.732588] [WARN] High memory usage detected
[2025-11-05T23:20:37.732629] [DEBUG] HTTP request headers parsed
[2025-11-05T23:20:37.732593] [ERROR] File not found
[2025-11-05T23:20:37.732525] [INFO] Configuration loaded
[2025-11-05T23:20:37.732633] [DEBUG] Thread pool size: 8
[2025-11-05T23:20:37.732583] [WARN] Queue size growing
[2025-11-05T23:20:37.732616] [DEBUG] Variable value: x=42
[2025-11-05T23:20:37.732559] [INFO] Session started
[2025-11-05T23:20:37.732574] [WARN] High memory usage detected
[2025-11-05T23:20:37.732547] [INFO] Connection established
[2025-11-05T23:20:37.732611] [DEBUG] Connection pool status checked
[2025-11-05T23:20:37.732554] [INFO] Transaction completed
