[2025-11-05T23:20:51.431808] [WARN] Slow query performance
[2025-11-05T23:20:51.431785] [INFO] Service initialized
[2025-11-05T23:20:51.431798] [INFO] Connection established
[2025-11-05T23:20:51.431818] [WARN] Slow query performance
[2025-11-05T23:20:51.431804] [INFO] Connection established
[2025-11-05T23:20:51.431793] [INFO] Service initialized
[2025-11-05T23:20:51.431766] [INFO] Cache hit
[2025-11-05T23:20:51.431812] [WARN] High memory usage detected
[2025-11-05T23:20:51.431846] [DEBUG] Variable value: x=42
[2025-11-05T23:20:51.431843] [DEBUG] Connection pool status checked
[2025-11-05T23:20:51.431789] [INFO] Session started
[2025-11-05T23:20:51.431741] [INFO] User logged in
[2025-11-05T23:20:51.431830] [DEBUG] Connection pool status checked
[2025-11-05T23:20:51.431822] [ERROR] Disk read failed
[2025-11-05T23:20:51.431849] [DEBUG] Cache key generated
[2025-11-05T23:20:51.431801] [INFO] Health check passed
[2025-11-05T23:20:51.431773] [INFO] Transaction completed
[2025-11-05T23:20:51.431776] [INFO] Session started
[2025-11-05T23:20:51.431762] [INFO] Session started
[2025-11-05T23:20:51.431836] [DEBUG] Memory allocation: 2048 bytes
[2025-11-05T23:20:51.431770] [INFO] Configuration loaded
[2025-11-05T23:20:51.431852] [DEBUG] Memory allocation: 2048 bytes
[2025-11-05T23:20:51.431815] [WARN] Timeout warning
[2025-11-05T23:20:51.431782] [INFO] Health check passed
[2025-11-05T23:20:51.431796] [INFO] Configuration loaded
[2025-11-05T23:20:51.431840] [DEBUG] HTTP request headers parsed
[2025-11-05T23:20:51.431779] [INFO] Service initialized
[2025-11-05T23:20:51.431826] [DEBUG] Buffer size: 4096 bytes
[2025-11-05T23:20:51.431833] [DEBUG] HTTP request headers parsed
