[2025-11-05T23:20:33.782852] [INFO] Service initialized
[2025-11-05T23:20:33.782843] [INFO] Transaction completed
[2025-11-05T23:20:33.782873] [INFO] User logged in
[2025-11-05T23:20:33.782935] [DEBUG] Cache key generated
[2025-11-05T23:20:33.782928] [DEBUG] Memory allocation: 2048 bytes
[2025-11-05T23:20:33.782869] [INFO] Connection established
[2025-11-05T23:20:33.782831] [INFO] Transaction completed
[2025-11-05T23:20:33.782856] [INFO] Configuration loaded
[2025-11-05T23:20:33.782903] [DEBUG] Buffer size: 4096 bytes
[2025-11-05T23:20:33.782823] [INFO] Session started
[2025-11-05T23:20:33.782943] [DEBUG] Variable value: x=42
[2025-11-05T23:20:33.782931] [DEBUG] Memory allocation: 2048 bytes
[2025-11-05T23:20:33.782907] [DEBUG] Connection pool status checked
[2025-11-05T23:20:33.782951] [DEBUG] Cache key generated
[2025-11-05T23:20:33.782887] [WARN] Rate limit approaching
[2025-11-05T23:20:33.782947] [DEBUG] Loop iteration: 15
[2025-11-05T23:20:33.782839] [INFO] Health check passed
[2025-11-05T23:20:33.782865] [INFO] Service initialized
[2025-11-05T23:20:33.782912] [DEBUG] Buffer size: 4096 bytes
[2025-11-05T23:20:33.782878] [WARN] Rate limit approaching
[2025-11-05T23:20:33.782793] [INFO] Session started
[2025-11-05T23:20:33.782939] [DEBUG] HTTP request headers parsed
[2025-11-05T23:20:33.782883] [WARN] Slow query performance
[2025-11-05T23:20:33.782848] [INFO] Configuration loaded
[2025-11-05T23:20:33.782897] [ERROR] Disk read failed
[2025-11-05T23:20:33.782916] [DEBUG] Connection pool status checked
[2025-11-05T23:20:33.782827] [INFO] Transaction completed
[2025-11-05T23:20:33.782924] [DEBUG] Variable value: x=42
[2025-11-05T23:20:33.782920] [DEBUG] Memory allocation: 2048 bytes
[2025-11-05T23:20:33.782891] [WARN] Queue size growing
[2025-11-05T23:20:33.782836] [INFO] Transaction completed
[2025-11-05T23:20:33.782818] [INFO] User logged in
[2025-11-05T23:20:33.782860] [INFO] Health check passed
