[2025-11-05T23:20:38.262489] [INFO] Transaction completed
[2025-11-05T23:20:38.262519] [WARN] Deprecated API usage
[2025-11-05T23:20:38.262455] [INFO] Transaction completed
[2025-11-05T23:20:38.262479] [INFO] Configuration loaded
[2025-11-05T23:20:38.262448] [INFO] Health check passed
[2025-11-05T23:20:38.262465] [INFO] Service initialized
[2025-11-05T23:20:38.262460] [INFO] Service initialized
[2025-11-05T23:20:38.262545] [DEBUG] Loop iteration: 15
[2025-11-05T23:20:38.262561] [DEBUG] Entering function process_data()
[2025-11-05T23:20:38.262551] [DEBUG] Entering function process_data()
[2025-11-05T23:20:38.262570] [DEBUG] HTTP request headers parsed
[2025-11-05T23:20:38.262498] [INFO] Cache hit
[2025-11-05T23:20:38.262509] [WARN] High memory usage detected
[2025-11-05T23:20:38.262539] [ERROR] Permission denied
[2025-11-05T23:20:38.262534] [ERROR] Service unavailable
[2025-11-05T23:20:38.262493] [INFO] Service initialized
[2025-11-05T23:20:38.262475] [INFO] Transaction completed
[2025-11-05T23:20:38.262420] [INFO] Database query executed
[2025-11-05T23:20:38.262528] [WARN] Resource threshold approaching
[2025-11-05T23:20:38.262514] [WARN] High memory usage detected
[2025-11-05T23:20:38.262523] [WARN] Slow query performance
[2025-11-05T23:20:38.262484] [INFO] Service initialized
[2025-11-05T23:20:38.262580] [DEBUG] Cache key generated
[2025-11-05T23:20:38.262503] [INFO] User logged in
[2025-11-05T23:20:38.262556] [DEBUG] Memory allocation: 2048 bytes
[2025-11-05T23:20:38.262566] [DEBUG] Loop iteration: 15
[2025-11-05T23:20:38.262575] [DEBUG] HTTP request headers parsed
[2025-11-05T23:20:38.262470] [INFO] User logged in
