[2025-11-05T23:20:49.016625] [DEBUG] Variable value: x=42
[2025-11-05T23:20:49.016543] [INFO] Session started
[2025-11-05T23:20:49.016525] [INFO] Session started
[2025-11-05T23:20:49.016573] [INFO] Cache hit
[2025-11-05T23:20:49.016557] [INFO] Request processed successfully
[2025-11-05T23:20:49.016534] [INFO] User logged in
[2025-11-05T23:20:49.016652] [DEBUG] Buffer size: 4096 bytes
[2025-11-05T23:20:49.016589] [WARN] Resource threshold approaching
[2025-11-05T23:20:49.016599] [WARN] Timeout warning
[2025-11-05T23:20:49.016635] [DEBUG] Memory allocation: 2048 bytes
[2025-11-05T23:20:49.016481] [INFO] Cache hit
[2025-11-05T23:20:49.016644] [DEBUG] Entering function process_data()
[2025-11-05T23:20:49.016553] [INFO] Health check passed
[2025-11-05T23:20:49.016610] [ERROR] Database connection lost
[2025-11-05T23:20:49.016538] [INFO] Configuration loaded
[2025-11-05T23:20:49.016520] [INFO] Service initialized
[2025-11-05T23:20:49.016569] [INFO] Connection established
[2025-11-05T23:20:49.016514] [INFO] Session started
[2025-11-05T23:20:49.016564] [INFO] Connection established
[2025-11-05T23:20:49.016640] [DEBUG] Entering function process_data()
[2025-11-05T23:20:49.016530] [INFO] Request processed successfully
[2025-11-05T23:20:49.016620] [DEBUG] Entering function process_data()
[2025-11-05T23:20:49.016630] [DEBUG] Buffer size: 4096 bytes
[2025-11-05T23:20:49.016584] [WARN] Cache miss
[2025-11-05T23:20:49.016604] [ERROR] Request failed
[2025-11-05T23:20:49.016615] [DEBUG] Memory allocation: 2048 bytes
[2025-11-05T23:20:49.016548] [INFO] Health check passed
[2025-11-05T23:20:49.016578] [WARN] Disk space low
[2025-11-05T23:20:49.016648] [DEBUG] Memory allocation: 2048 bytes
[2025-11-05T23:20:49.016594] [WARN] Timeout warning
[2025-11-05T23:20:49.016508] [INFO] Service initialized
