[2025-11-05T23:20:46.414378] [INFO] Session started
[2025-11-05T23:20:46.414457] [WARN] Slow query performance
[2025-11-05T23:20:46.414410] [INFO] Connection established
[2025-11-05T23:20:46.414437] [INFO] Health check passed
[2025-11-05T23:20:46.414467] [ERROR] Request failed
[2025-11-05T23:20:46.414432] [INFO] Request processed successfully
[2025-11-05T23:20:46.414461] [WARN] Slow query performance
[2025-11-05T23:20:46.414428] [INFO] Database query executed
[2025-11-05T23:20:46.414420] [INFO] Session started
[2025-11-05T23:20:46.414382] [INFO] Transaction completed
[2025-11-05T23:20:46.414367] [INFO] Configuration loaded
[2025-11-05T23:20:46.414415] [INFO] User logged in
[2025-11-05T23:20:46.414406] [INFO] Database query executed
[2025-11-05T23:20:46.414472] [ERROR] File not found
[2025-11-05T23:20:46.414487] [DEBUG] Entering function process_data()
[2025-11-05T23:20:46.414508] [DEBUG] Thread pool size: 8
[2025-11-05T23:20:46.414373] [INFO] Configuration loaded
[2025-11-05T23:20:46.414477] [DEBUG] Cache key generated
[2025-11-05T23:20:46.414401] [INFO] Database query executed
[2025-11-05T23:20:46.414495] [DEBUG] Variable value: x=42
[2025-11-05T23:20:46.414397] [INFO] Database query executed
[2025-11-05T23:20:46.414388] [INFO] Health check passed
[2025-11-05T23:20:46.414424] [INFO] Service initialized
[2025-11-05T23:20:46.414491] [DEBUG] Thread pool size: 8
[2025-11-05T23:20:46.414441] [INFO] Transaction completed
[2025-11-05T23:20:46.414452] [WARN] Deprecated API usage
[2025-11-05T23:20:46.414482] [DEBUG] Loop iteration: 15
[2025-11-05T23:20:46.414393] [INFO] Health check passed
[2025-11-05T23:20:46.414504] [DEBUG] Loop iteration: 15
[2025-11-05T23:20:46.414447] [WARN] High memory usage detected
[2025-11-05T23:20:46.414500] [DEBUG] Cache key generated
[2025-11-05T23:20:46.414339] [INFO] Database query executed
