[2025-11-05T23:20:25.552746] [INFO] User logged in
[2025-11-05T23:20:25.552778] [INFO] Service initialized
[2025-11-05T23:20:25.552812] [WARN] Deprecated API usage
[2025-11-05T23:20:25.552840] [DEBUG] Memory allocation: 2048 bytes
[2025-11-05T23:20:25.552835] [ERROR] Authentication failed
[2025-11-05T23:20:25.552821] [WARN] Disk space low
[2025-11-05T23:20:25.552765] [INFO] User logged in
[2025-11-05T23:20:25.552825] [WARN] Rate limit approaching
[2025-11-05T23:20:25.552751] [INFO] Cache hit
[2025-11-05T23:20:25.552850] [DEBUG] HTTP request headers parsed
[2025-11-05T23:20:25.552846] [DEBUG] Thread pool size: 8
[2025-11-05T23:20:25.552855] [DEBUG] Buffer size: 4096 bytes
[2025-11-05T23:20:25.552761] [INFO] Database query executed
[2025-11-05T23:20:25.552802] [INFO] Database query executed
[2025-11-05T23:20:25.552799] [INFO] Transaction completed
[2025-11-05T23:20:25.552795] [INFO] Configuration loaded
[2025-11-05T23:20:25.552774] [INFO] Service initialized
[2025-11-05T23:20:25.552786] [INFO] Transaction completed
[2025-11-05T23:20:25.552806] [INFO] Transaction completed
[2025-11-05T23:20:25.552770] [INFO] Request processed successfully
[2025-11-05T23:20:25.552817] [WARN] Connection retry attempt
[2025-11-05T23:20:25.552721] [INFO] Configuration loaded
[2025-11-05T23:20:25.552791] [INFO] User logged in
[2025-11-05T23:20:25.552783] [INFO] Configuration loaded
[2025-11-05T23:20:25.552756] [INFO] Session started
[2025-11-05T23:20:25.552829] [WARN] Queue size growing
