[2025-11-05T23:20:16.800671] [INFO] Transaction completed
[2025-11-05T23:20:16.800617] [INFO] User logged in
[2025-11-05T23:20:16.800702] [INFO] User logged in
[2025-11-05T23:20:16.800728] [ERROR] Disk read failed
[2025-11-05T23:20:16.800661] [INFO] Transaction completed
[2025-11-05T23:20:16.800738] [ERROR] Authentication failed
[2025-11-05T23:20:16.800780] [DEBUG] Connection pool status checked
[2025-11-05T23:20:16.800651] [INFO] Service initialized
[2025-11-05T23:20:16.800771] [DEBUG] Connection pool status checked
[2025-11-05T23:20:16.800657] [INFO] User logged in
[2025-11-05T23:20:16.800687] [INFO] Database query executed
[2025-11-05T23:20:16.800698] [INFO] Request processed successfully
[2025-11-05T23:20:16.800734] [ERROR] Request failed
[2025-11-05T23:20:16.800711] [INFO] Health check passed
[2025-11-05T23:20:16.800693] [INFO] Configuration loaded
[2025-11-05T23:20:16.800722] [WARN] Resource threshold approaching
[2025-11-05T23:20:16.800717] [WARN] Slow query performance
[2025-11-05T23:20:16.800757] [DEBUG] Cache key generated
[2025-11-05T23:20:16.800675] [INFO] Database query executed
[2025-11-05T23:20:16.800761] [DEBUG] Loop iteration: 15
[2025-11-05T23:20:16.800666] [INFO] User logged in
[2025-11-05T23:20:16.800766] [DEBUG] Entering function process_data()
[2025-11-05T23:20:16.800707] [INFO] User logged in
[2025-11-05T23:20:16.800744] [DEBUG] HTTP request headers parsed
[2025-11-05T23:20:16.800682] [INFO] Connection established
[2025-11-05T23:20:16.800749] [DEBUG] Memory allocation: 2048 bytes
[2025-11-05T23:20:16.800775] [DEBUG] Cache key generated
[2025-11-05T23:20:16.800644] [INFO] Session started
[2025-11-05T23:20:16.800753] [DEBUG] Thread pool size: 8
