[2025-11-05T23:20:45.499264] [INFO] Cache hit
[2025-11-05T23:20:45.499335] [DEBUG] Cache key generated
[2025-11-05T23:20:45.499365] [DEBUG] Loop iteration: 15
[2025-11-05T23:20:45.499321] [ERROR] Service unavailable
[2025-11-05T23:20:45.499276] [INFO] Connection established
[2025-11-05T23:20:45.499233] [INFO] Configuration loaded
[2025-11-05T23:20:45.499301] [WARN] Connection retry attempt
[2025-11-05T23:20:45.499340] [DEBUG] Cache key generated
[2025-11-05T23:20:45.499311] [WARN] Disk space low
[2025-11-05T23:20:45.499348] [DEBUG] Variable value: x=42
[2025-11-05T23:20:45.499246] [INFO] Cache hit
[2025-11-05T23:20:45.499268] [INFO] Session started
[2025-11-05T23:20:45.499357] [DEBUG] Connection pool status checked
[2025-11-05T23:20:45.499296] [INFO] User logged in
[2025-11-05T23:20:45.499353] [DEBUG] Timer set: 30 seconds
[2025-11-05T23:20:45.499256] [INFO] Transaction completed
[2025-11-05T23:20:45.499361] [DEBUG] Entering function process_data()
[2025-11-05T23:20:45.499281] [INFO] User logged in
[2025-11-05T23:20:45.499291] [INFO] Transaction completed
[2025-11-05T23:20:45.499326] [ERROR] Service unavailable
[2025-11-05T23:20:45.499315] [WARN] Disk space low
[2025-11-05T23:20:45.499343] [DEBUG] Cache key generated
[2025-11-05T23:20:45.499272] [INFO] Transaction completed
[2025-11-05T23:20:45.499330] [ERROR] File not found
[2025-11-05T23:20:45.499306] [WARN] Cache miss
[2025-11-05T23:20:45.499251] [INFO] Configuration loaded
[2025-11-05T23:20:45.499206] [INFO] Connection established
[2025-11-05T23:20:45.499286] [INFO] Request processed successfully
[2025-11-05T23:20:45.499240] [INFO] Connection established
[2025-11-05T23:20:45.499260] [INFO] Database query executed
