[2025-11-05T23:20:53.620971] [WARN] High memory usage detected
[2025-11-05T23:20:53.620899] [INFO] Transaction completed
[2025-11-05T23:20:53.620895] [INFO] User logged in
[2025-11-05T23:20:53.620849] [INFO] User logged in
[2025-11-05T23:20:53.620920] [INFO] Transaction completed
[2025-11-05T23:20:53.620975] [WARN] Disk space low
[2025-11-05T23:20:53.620880] [INFO] Configuration loaded
[2025-11-05T23:20:53.620911] [INFO] Service initialized
[2025-11-05T23:20:53.620944] [INFO] Session started
[2025-11-05T23:20:53.621029] [DEBUG] Connection pool status checked
[2025-11-05T23:20:53.620956] [WARN] Deprecated API usage
[2025-11-05T23:20:53.621020] [DEBUG] Buffer size: 4096 bytes
[2025-11-05T23:20:53.620928] [INFO] Service initialized
[2025-11-05T23:20:53.621037] [DEBUG] Loop iteration: 15
[2025-11-05T23:20:53.620988] [WARN] Queue size growing
[2025-11-05T23:20:53.621025] [DEBUG] Variable value: x=42
[2025-11-05T23:20:53.620886] [INFO] Configuration loaded
[2025-11-05T23:20:53.620908] [INFO] Health check passed
[2025-11-05T23:20:53.620924] [INFO] Transaction completed
[2025-11-05T23:20:53.620903] [INFO] Request processed successfully
[2025-11-05T23:20:53.620949] [INFO] Health check passed
[2025-11-05T23:20:53.621008] [DEBUG] Buffer size: 4096 bytes
[2025-11-05T23:20:53.620916] [INFO] Health check passed
[2025-11-05T23:20:53.621016] [DEBUG] Memory allocation: 2048 bytes
[2025-11-05T23:20:53.620890] [INFO] Configuration loaded
[2025-11-05T23:20:53.620979] [WARN] Timeout warning
[2025-11-05T23:20:53.621003] [DEBUG] Timer set: 30 seconds
[2025-11-05T23:20:53.620940] [INFO] Service initialized
[2025-11-05T23:20:53.621012] [DEBUG] Loop iteration: 15
[2025-11-05T23:20:53.620993] [ERROR] File not found
[2025-11-05T23:20:53.620932] [INFO] Connection established
[2025-11-05T23:20:53.620998] [ERROR] File not found
[2025-11-05T23:20:53.620961] [WARN] Timeout warning
[2025-11-05T23:20:53.620936] [INFO] Request processed successfully
[2025-11-05T23:20:53.620983] [WARN] Slow query performance
[2025-11-05T23:20:53.621033] [DEBUG] Timer set: 30 seconds
[2025-11-05T23:20:53.620966] [WARN] Rate limit approaching
