[2025-11-05T23:20:52.262661] [INFO] User logged in
[2025-11-05T23:20:52.262693] [INFO] Configuration loaded
[2025-11-05T23:20:52.262704] [INFO] User logged in
[2025-11-05T23:20:52.262762] [DEBUG] Loop iteration: 15
[2025-11-05T23:20:52.262771] [DEBUG] HTTP request headers parsed
[2025-11-05T23:20:52.262780] [DEBUG] Thread pool size: 8
[2025-11-05T23:20:52.262753] [DEBUG] Variable value: x=42
[2025-11-05T23:20:52.262562] [INFO] Request processed successfully
[2025-11-05T23:20:52.262576] [INFO] Connection established
[2025-11-05T23:20:52.262726] [WARN] High memory usage detected
[2025-11-05T23:20:52.262776] [DEBUG] Thread pool size: 8
[2025-11-05T23:20:52.262716] [WARN] Resource threshold approaching
[2025-11-05T23:20:52.262711] [WARN] Cache miss
[2025-11-05T23:20:52.262641] [INFO] Cache hit
[2025-11-05T23:20:52.262731] [ERROR] Invalid input data
[2025-11-05T23:20:52.262567] [INFO] User logged in
[2025-11-05T23:20:52.262748] [DEBUG] Buffer size: 4096 bytes
[2025-11-05T23:20:52.262767] [DEBUG] Cache key generated
[2025-11-05T23:20:52.262551] [INFO] Session started
[2025-11-05T23:20:52.262653] [INFO] Session started
[2025-11-05T23:20:52.262557] [INFO] Connection established
[2025-11-05T23:20:52.262738] [ERROR] Network timeout
[2025-11-05T23:20:52.262699] [INFO] Database query executed
[2025-11-05T23:20:52.262789] [DEBUG] Thread pool size: 8
[2025-11-05T23:20:52.262757] [DEBUG] Cache key generated
[2025-11-05T23:20:52.262784] [DEBUG] Thread pool size: 8
[2025-11-05T23:20:52.262744] [DEBUG] Entering function process_data()
[2025-11-05T23:20:52.262657] [INFO] Connection established
[2025-11-05T23:20:52.262572] [INFO] Health check passed
[2025-11-05T23:20:52.262523] [INFO] Database query executed
[2025-11-05T23:20:52.262721] [WARN] Slow query performance
[2025-11-05T23:20:52.262648] [INFO] Connection established
