[2025-11-05T23:20:50.660667] [INFO] Transaction completed
[2025-11-05T23:20:50.660700] [INFO] Transaction completed
[2025-11-05T23:20:50.660613] [INFO] Transaction completed
[2025-11-05T23:20:50.660673] [INFO] Transaction completed
[2025-11-05T23:20:50.660782] [DEBUG] HTTP request headers parsed
[2025-11-05T23:20:50.660690] [INFO] Service initialized
[2025-11-05T23:20:50.660640] [INFO] Request processed successfully
[2025-11-05T23:20:50.660677] [INFO] Service initialized
[2025-11-05T23:20:50.660711] [WARN] Queue size growing
[2025-11-05T23:20:50.660721] [WARN] Rate limit approaching
[2025-11-05T23:20:50.660754] [DEBUG] Cache key generated
[2025-11-05T23:20:50.660646] [INFO] Cache hit
[2025-11-05T23:20:50.660746] [DEBUG] Cache key generated
[2025-11-05T23:20:50.660663] [INFO] Health check passed
[2025-11-05T23:20:50.660657] [INFO] Service initialized
[2025-11-05T23:20:50.660716] [WARN] Deprecated API usage
[2025-11-05T23:20:50.660652] [INFO] Session started
[2025-11-05T23:20:50.660731] [ERROR] File not found
[2025-11-05T23:20:50.660750] [DEBUG] Loop iteration: 15
[2025-11-05T23:20:50.660768] [DEBUG] Loop iteration: 15
[2025-11-05T23:20:50.660758] [DEBUG] Buffer size: 4096 bytes
[2025-11-05T23:20:50.660774] [DEBUG] HTTP request headers parsed
[2025-11-05T23:20:50.660705] [INFO] Database query executed
[2025-11-05T23:20:50.660682] [INFO] Service initialized
[2025-11-05T23:20:50.660694] [INFO] User logged in
[2025-11-05T23:20:50.660686] [INFO] Request processed successfully
[2025-11-05T23:20:50.660736] [ERROR] Authentication failed
[2025-11-05T23:20:50.660763] [DEBUG] Memory allocation: 2048 bytes
[2025-11-05T23:20:50.660727] [ERROR] Invalid input data
[2025-11-05T23:20:50.660741] [DEBUG] Loop iteration: 15
[2025-11-05T23:20:50.660778] [DEBUG] Memory allocation: 2048 bytes
