[2025-11-05T23:20:26.087650] [INFO] User logged in
[2025-11-05T23:20:26.087687] [INFO] Cache hit
[2025-11-05T23:20:26.087711] [INFO] Database query executed
[2025-11-05T23:20:26.087693] [INFO] Connection established
[2025-11-05T23:20:26.087708] [INFO] Configuration loaded
[2025-11-05T23:20:26.087714] [INFO] Transaction completed
[2025-11-05T23:20:26.087754] [DEBUG] Connection pool status checked
[2025-11-05T23:20:26.087680] [INFO] Cache hit
[2025-11-05T23:20:26.087748] [DEBUG] Timer set: 30 seconds
[2025-11-05T23:20:26.087733] [WARN] High memory usage detected
[2025-11-05T23:20:26.087699] [INFO] Transaction completed
[2025-11-05T23:20:26.087740] [ERROR] Authentication failed
[2025-11-05T23:20:26.087737] [ERROR] Disk read failed
[2025-11-05T23:20:26.087690] [INFO] Request processed successfully
[2025-11-05T23:20:26.087729] [WARN] Queue size growing
[2025-11-05T23:20:26.087726] [WARN] High memory usage detected
[2025-11-05T23:20:26.087675] [INFO] Health check passed
[2025-11-05T23:20:26.087744] [DEBUG] Variable value: x=42
[2025-11-05T23:20:26.087719] [WARN] Deprecated API usage
[2025-11-05T23:20:26.087705] [INFO] Cache hit
[2025-11-05T23:20:26.087723] [WARN] Deprecated API usage
[2025-11-05T23:20:26.087696] [INFO] Database query executed
[2025-11-05T23:20:26.087751] [DEBUG] Thread pool size: 8
[2025-11-05T23:20:26.087683] [INFO] Configuration loaded
[2025-11-05T23:20:26.087702] [INFO] Health check passed
