[2025-11-05T23:20:17.795952] [INFO] Health check passed
[2025-11-05T23:20:17.796027] [DEBUG] Cache key generated
[2025-11-05T23:20:17.795986] [WARN] Queue size growing
[2025-11-05T23:20:17.795936] [INFO] Request processed successfully
[2025-11-05T23:20:17.795973] [WARN] Connection retry attempt
[2025-11-05T23:20:17.796038] [DEBUG] Thread pool size: 8
[2025-11-05T23:20:17.796010] [DEBUG] Memory allocation: 2048 bytes
[2025-11-05T23:20:17.796030] [DEBUG] HTTP request headers parsed
[2025-11-05T23:20:17.796022] [DEBUG] Timer set: 30 seconds
[2025-11-05T23:20:17.795917] [INFO] Configuration loaded
[2025-11-05T23:20:17.795963] [WARN] Disk space low
[2025-11-05T23:20:17.795902] [INFO] Connection established
[2025-11-05T23:20:17.795922] [INFO] Health check passed
[2025-11-05T23:20:17.796015] [DEBUG] Cache key generated
[2025-11-05T23:20:17.795907] [INFO] Cache hit
[2025-11-05T23:20:17.795947] [INFO] Configuration loaded
[2025-11-05T23:20:17.795999] [ERROR] File not found
[2025-11-05T23:20:17.795886] [INFO] Request processed successfully
[2025-11-05T23:20:17.795990] [WARN] Slow query performance
[2025-11-05T23:20:17.795968] [WARN] Rate limit approaching
[2025-11-05T23:20:17.796034] [DEBUG] Buffer size: 4096 bytes
[2025-11-05T23:20:17.795942] [INFO] Database query executed
[2025-11-05T23:20:17.795977] [WARN] Connection retry attempt
[2025-11-05T23:20:17.795892] [INFO] Connection established
[2025-11-05T23:20:17.795897] [INFO] User logged in
[2025-11-05T23:20:17.795912] [INFO] Connection established
[2025-11-05T23:20:17.796006] [DEBUG] Cache key generated
[2025-11-05T23:20:17.795981] [WARN] Slow query performance
[2025-11-05T23:20:17.795995] [ERROR] Service unavailable
[2025-11-05T23:20:17.795957] [INFO] Database query executed
[2025-11-05T23:20:17.796018] [DEBUG] HTTP request headers parsed
[2025-11-05T23:20:17.795860] [INFO] Session started
[2025-11-05T23:20:17.795927] [INFO] Database query executed
[2025-11-05T23:20:17.795932] [INFO] Health check passed
