[2025-11-05T23:20:33.333211] [WARN] Rate limit approaching
[2025-11-05T23:20:33.333203] [WARN] Timeout warning
[2025-11-05T23:20:33.333265] [DEBUG] HTTP request headers parsed
[2025-11-05T23:20:33.333150] [INFO] Health check passed
[2025-11-05T23:20:33.333269] [DEBUG] HTTP request headers parsed
[2025-11-05T23:20:33.333273] [DEBUG] Cache key generated
[2025-11-05T23:20:33.333207] [WARN] Slow query performance
[2025-11-05T23:20:33.333249] [DEBUG] Loop iteration: 15
[2025-11-05T23:20:33.333253] [DEBUG] Variable value: x=42
[2025-11-05T23:20:33.333240] [DEBUG] Thread pool size: 8
[2025-11-05T23:20:33.333176] [INFO] Session started
[2025-11-05T23:20:33.333215] [WARN] Slow query performance
[2025-11-05T23:20:33.333168] [INFO] User logged in
[2025-11-05T23:20:33.333193] [INFO] Configuration loaded
[2025-11-05T23:20:33.333131] [INFO] Health check passed
[2025-11-05T23:20:33.333163] [INFO] Session started
[2025-11-05T23:20:33.333223] [WARN] Slow query performance
[2025-11-05T23:20:33.333104] [INFO] Database query executed
[2025-11-05T23:20:33.333145] [INFO] Health check passed
[2025-11-05T23:20:33.333141] [INFO] Health check passed
[2025-11-05T23:20:33.333180] [INFO] Transaction completed
[2025-11-05T23:20:33.333172] [INFO] Configuration loaded
[2025-11-05T23:20:33.333154] [INFO] User logged in
[2025-11-05T23:20:33.333228] [ERROR] Permission denied
[2025-11-05T23:20:33.333245] [DEBUG] HTTP request headers parsed
[2025-11-05T23:20:33.333219] [WARN] Resource threshold approaching
[2025-11-05T23:20:33.333198] [WARN] Queue size growing
[2025-11-05T23:20:33.333158] [INFO] Request processed successfully
[2025-11-05T23:20:33.333234] [ERROR] Database connection lost
[2025-11-05T23:20:33.333184] [INFO] Transaction completed
[2025-11-05T23:20:33.333257] [DEBUG] Cache key generated
[2025-11-05T23:20:33.333261] [DEBUG] Variable value: x=42
[2025-11-05T23:20:33.333188] [INFO] Database query executed
[2025-11-05T23:20:33.333137] [INFO] Connection established
