[2025-11-05T23:20:28.866532] [INFO] Service initialized
[2025-11-05T23:20:28.866601] [WARN] Connection retry attempt
[2025-11-05T23:20:28.866646] [DEBUG] HTTP request headers parsed
[2025-11-05T23:20:28.866621] [DEBUG] Memory allocation: 2048 bytes
[2025-11-05T23:20:28.866588] [WARN] Disk space low
[2025-11-05T23:20:28.866545] [INFO] Session started
[2025-11-05T23:20:28.866606] [ERROR] Disk read failed
[2025-11-05T23:20:28.866549] [INFO] Service initialized
[2025-11-05T23:20:28.866565] [INFO] Health check passed
[2025-11-05T23:20:28.866629] [DEBUG] Buffer size: 4096 bytes
[2025-11-05T23:20:28.866597] [WARN] Connection retry attempt
[2025-11-05T23:20:28.866637] [DEBUG] HTTP request headers parsed
[2025-11-05T23:20:28.866592] [WARN] Queue size growing
[2025-11-05T23:20:28.866560] [INFO] User logged in
[2025-11-05T23:20:28.866612] [DEBUG] Memory allocation: 2048 bytes
[2025-11-05T23:20:28.866654] [DEBUG] Entering function process_data()
[2025-11-05T23:20:28.866624] [DEBUG] Memory allocation: 2048 bytes
[2025-11-05T23:20:28.866633] [DEBUG] Connection pool status checked
[2025-11-05T23:20:28.866512] [INFO] Database query executed
[2025-11-05T23:20:28.866583] [WARN] Timeout warning
[2025-11-05T23:20:28.866642] [DEBUG] Timer set: 30 seconds
[2025-11-05T23:20:28.866540] [INFO] Session started
[2025-11-05T23:20:28.866526] [INFO] Configuration loaded
[2025-11-05T23:20:28.866650] [DEBUG] Thread pool size: 8
[2025-11-05T23:20:28.866616] [DEBUG] Entering function process_data()
[2025-11-05T23:20:28.866557] [INFO] Service initialized
[2025-11-05T23:20:28.866577] [INFO] User logged in
[2025-11-05T23:20:28.866568] [INFO] Cache hit
[2025-11-05T23:20:28.866536] [INFO] Configuration loaded
[2025-11-05T23:20:28.866553] [INFO] Transaction completed
[2025-11-05T23:20:28.866480] [INFO] Cache hit
[2025-11-05T23:20:28.866521] [INFO] Session started
[2025-11-05T23:20:28.866506] [INFO] Session started
[2025-11-05T23:20:28.866573] [INFO] Transaction completed
[2025-11-05T23:20:28.866517] [INFO] Health check passed
