[2025-11-05T23:20:15.184880] [INFO] Transaction completed
[2025-11-05T23:20:15.184864] [INFO] Cache hit
[2025-11-05T23:20:15.184872] [INFO] Configuration loaded
[2025-11-05T23:20:15.184867] [INFO] Transaction completed
[2025-11-05T23:20:15.184841] [INFO] Connection established
[2025-11-05T23:20:15.184946] [DEBUG] Thread pool size: 8
[2025-11-05T23:20:15.184855] [INFO] User logged in
[2025-11-05T23:20:15.184876] [INFO] Connection established
[2025-11-05T23:20:15.184884] [INFO] Service initialized
[2025-11-05T23:20:15.184927] [DEBUG] Cache key generated
[2025-11-05T23:20:15.184954] [DEBUG] Loop iteration: 15
[2025-11-05T23:20:15.184900] [WARN] Cache miss
[2025-11-05T23:20:15.184905] [WARN] Resource threshold approaching
[2025-11-05T23:20:15.184851] [INFO] Session started
[2025-11-05T23:20:15.184936] [DEBUG] Connection pool status checked
[2025-11-05T23:20:15.184923] [DEBUG] Entering function process_data()
[2025-11-05T23:20:15.184831] [INFO] Database query executed
[2025-11-05T23:20:15.184859] [INFO] Configuration loaded
[2025-11-05T23:20:15.184896] [WARN] Resource threshold approaching
[2025-11-05T23:20:15.184846] [INFO] Configuration loaded
[2025-11-05T23:20:15.184941] [DEBUG] Buffer size: 4096 bytes
[2025-11-05T23:20:15.184916] [ERROR] Memory allocation error
[2025-11-05T23:20:15.184958] [DEBUG] Thread pool size: 8
[2025-11-05T23:20:15.184950] [DEBUG] Entering function process_data()
[2025-11-05T23:20:15.184837] [INFO] Cache hit
[2025-11-05T23:20:15.184890] [WARN] Rate limit approaching
[2025-11-05T23:20:15.184932] [DEBUG] Loop iteration: 15
[2025-11-05T23:20:15.184826] [INFO] User logged in
[2025-11-05T23:20:15.184799] [INFO] Service initialized
[2025-11-05T23:20:15.184910] [WARN] Resource threshold approaching
