[2025-11-05T23:20:38.901356] [DEBUG] Loop iteration: 15
[2025-11-05T23:20:38.901312] [INFO] Database query executed
[2025-11-05T23:20:38.901342] [DEBUG] HTTP request headers parsed
[2025-11-05T23:20:38.901353] [DEBUG] Thread pool size: 8
[2025-11-05T23:20:38.901323] [WARN] Rate limit approaching
[2025-11-05T23:20:38.901359] [DEBUG] Thread pool size: 8
[2025-11-05T23:20:38.901248] [INFO] Connection established
[2025-11-05T23:20:38.901346] [DEBUG] Timer set: 30 seconds
[2025-11-05T23:20:38.901319] [INFO] Connection established
[2025-11-05T23:20:38.901333] [ERROR] Database connection lost
[2025-11-05T23:20:38.901283] [INFO] Database query executed
[2025-11-05T23:20:38.901297] [INFO] Health check passed
[2025-11-05T23:20:38.901270] [INFO] Transaction completed
[2025-11-05T23:20:38.901294] [INFO] Database query executed
[2025-11-05T23:20:38.901328] [WARN] Resource threshold approaching
[2025-11-05T23:20:38.901279] [INFO] Configuration loaded
[2025-11-05T23:20:38.901291] [INFO] Database query executed
[2025-11-05T23:20:38.901304] [INFO] User logged in
[2025-11-05T23:20:38.901275] [INFO] Cache hit
[2025-11-05T23:20:38.901349] [DEBUG] Cache key generated
[2025-11-05T23:20:38.901338] [DEBUG] Thread pool size: 8
[2025-11-05T23:20:38.901315] [INFO] Health check passed
[2025-11-05T23:20:38.901308] [INFO] Service initialized
[2025-11-05T23:20:38.901287] [INFO] Database query executed
[2025-11-05T23:20:38.901301] [INFO] Health check passed
