[2025-11-05T23:20:40.507933] [INFO] Transaction completed
[2025-11-05T23:20:40.507970] [INFO] Configuration loaded
[2025-11-05T23:20:40.508020] [WARN] High memory usage detected
[2025-11-05T23:20:40.507958] [INFO] Health check passed
[2025-11-05T23:20:40.508059] [DEBUG] Connection pool status checked
[2025-11-05T23:20:40.507967] [INFO] Connection established
[2025-11-05T23:20:40.507983] [INFO] Connection established
[2025-11-05T23:20:40.508051] [DEBUG] Entering function process_data()
[2025-11-05T23:20:40.508016] [WARN] High memory usage detected
[2025-11-05T23:20:40.508046] [DEBUG] Variable value: x=42
[2025-11-05T23:20:40.508000] [INFO] Request processed successfully
[2025-11-05T23:20:40.508035] [ERROR] Request failed
[2025-11-05T23:20:40.507974] [INFO] Health check passed
[2025-11-05T23:20:40.507977] [INFO] Transaction completed
[2025-11-05T23:20:40.508030] [WARN] Cache miss
[2025-11-05T23:20:40.508039] [ERROR] Permission denied
[2025-11-05T23:20:40.507987] [INFO] Request processed successfully
[2025-11-05T23:20:40.507994] [INFO] Connection established
[2025-11-05T23:20:40.507997] [INFO] Cache hit
[2025-11-05T23:20:40.507980] [INFO] Configuration loaded
[2025-11-05T23:20:40.508062] [DEBUG] Loop iteration: 15
[2025-11-05T23:20:40.508023] [WARN] Slow query performance
[2025-11-05T23:20:40.508008] [WARN] Connection retry attempt
[2025-11-05T23:20:40.507963] [INFO] User logged in
[2025-11-05T23:20:40.508012] [WARN] Disk space low
[2025-11-05T23:20:40.508055] [DEBUG] Variable value: x=42
[2025-11-05T23:20:40.507991] [INFO] Transaction completed
[2025-11-05T23:20:40.508003] [INFO] Configuration loaded
[2025-11-05T23:20:40.508043] [DEBUG] HTTP request headers parsed
