[2025-11-05T23:20:13.565714] [DEBUG] Buffer size: 4096 bytes
[2025-11-05T23:20:13.565730] [DEBUG] Thread pool size: 8
[2025-11-05T23:20:13.565661] [WARN] Connection retry attempt
[2025-11-05T23:20:13.565541] [INFO] Transaction completed
[2025-11-05T23:20:13.565680] [WARN] Resource threshold approaching
[2025-11-05T23:20:13.565641] [WARN] Resource threshold approaching
[2025-11-05T23:20:13.565588] [INFO] User logged in
[2025-11-05T23:20:13.565665] [WARN] High memory usage detected
[2025-11-05T23:20:13.565592] [INFO] Health check passed
[2025-11-05T23:20:13.565636] [WARN] Slow query performance
[2025-11-05T23:20:13.565607] [INFO] Transaction completed
[2025-11-05T23:20:13.565670] [WARN] Deprecated API usage
[2025-11-05T23:20:13.565616] [INFO] Health check passed
[2025-11-05T23:20:13.565724] [DEBUG] Timer set: 30 seconds
[2025-11-05T23:20:13.565596] [INFO] Cache hit
[2025-11-05T23:20:13.565651] [WARN] High memory usage detected
[2025-11-05T23:20:13.565692] [ERROR] Memory allocation error
[2025-11-05T23:20:13.565574] [INFO] Health check passed
[2025-11-05T23:20:13.565630] [INFO] Health check passed
[2025-11-05T23:20:13.565704] [DEBUG] Cache key generated
[2025-11-05T23:20:13.565583] [INFO] Configuration loaded
[2025-11-05T23:20:13.565685] [WARN] Timeout warning
[2025-11-05T23:20:13.565697] [ERROR] Permission denied
[2025-11-05T23:20:13.565626] [INFO] Connection established
[2025-11-05T23:20:13.565740] [DEBUG] Entering function process_data()
[2025-11-05T23:20:13.565719] [DEBUG] Thread pool size: 8
[2025-11-05T23:20:13.565735] [DEBUG] Thread pool size: 8
[2025-11-05T23:20:13.565568] [INFO] User logged in
[2025-11-05T23:20:13.565620] [INFO] Transaction completed
[2025-11-05T23:20:13.565579] [INFO] Session started
[2025-11-05T23:20:13.565646] [WARN] Resource threshold approaching
[2025-11-05T23:20:13.565612] [INFO] Health check passed
[2025-11-05T23:20:13.565601] [INFO] Connection established
[2025-11-05T23:20:13.565709] [DEBUG] Variable value: x=42
[2025-11-05T23:20:13.565675] [WARN] Deprecated API usage
[2025-11-05T23:20:13.565656] [WARN] Timeout warning
