[2025-11-05T23:20:27.630944] [INFO] Cache hit
[2025-11-05T23:20:27.631012] [INFO] Cache hit
[2025-11-05T23:20:27.631004] [INFO] Request processed successfully
[2025-11-05T23:20:27.631074] [DEBUG] Entering function process_data()
[2025-11-05T23:20:27.630986] [INFO] Configuration loaded
[2025-11-05T23:20:27.631008] [INFO] Configuration loaded
[2025-11-05T23:20:27.631055] [ERROR] Authentication failed
[2025-11-05T23:20:27.631092] [DEBUG] Buffer size: 4096 bytes
[2025-11-05T23:20:27.631045] [WARN] Queue size growing
[2025-11-05T23:20:27.631026] [WARN] Rate limit approaching
[2025-11-05T23:20:27.630977] [INFO] User logged in
[2025-11-05T23:20:27.631049] [WARN] Cache miss
[2025-11-05T23:20:27.630999] [INFO] Service initialized
[2025-11-05T23:20:27.630995] [INFO] Connection established
[2025-11-05T23:20:27.631040] [WARN] Disk space low
[2025-11-05T23:20:27.630971] [INFO] Transaction completed
[2025-11-05T23:20:27.630990] [INFO] Session started
[2025-11-05T23:20:27.630981] [INFO] Transaction completed
[2025-11-05T23:20:27.631079] [DEBUG] Connection pool status checked
[2025-11-05T23:20:27.631016] [INFO] Session started
[2025-11-05T23:20:27.631069] [DEBUG] Timer set: 30 seconds
[2025-11-05T23:20:27.631036] [WARN] Slow query performance
[2025-11-05T23:20:27.631060] [DEBUG] HTTP request headers parsed
[2025-11-05T23:20:27.631083] [DEBUG] HTTP request headers parsed
[2025-11-05T23:20:27.631020] [INFO] Health check passed
[2025-11-05T23:20:27.631032] [WARN] Slow query performance
[2025-11-05T23:20:27.631065] [DEBUG] Connection pool status checked
[2025-11-05T23:20:27.631087] [DEBUG] Cache key generated
