[2025-11-05T23:20:26.344957] [DEBUG] Timer set: 30 seconds
[2025-11-05T23:20:26.344949] [ERROR] Memory allocation error
[2025-11-05T23:20:26.344984] [DEBUG] Memory allocation: 2048 bytes
[2025-11-05T23:20:26.344910] [INFO] User logged in
[2025-11-05T23:20:26.344976] [DEBUG] Timer set: 30 seconds
[2025-11-05T23:20:26.344961] [DEBUG] Timer set: 30 seconds
[2025-11-05T23:20:26.344964] [DEBUG] Entering function process_data()
[2025-11-05T23:20:26.344876] [INFO] Request processed successfully
[2025-11-05T23:20:26.344931] [WARN] Timeout warning
[2025-11-05T23:20:26.344898] [INFO] Cache hit
[2025-11-05T23:20:26.344946] [ERROR] Database connection lost
[2025-11-05T23:20:26.344917] [INFO] Transaction completed
[2025-11-05T23:20:26.344967] [DEBUG] HTTP request headers parsed
[2025-11-05T23:20:26.344970] [DEBUG] Memory allocation: 2048 bytes
[2025-11-05T23:20:26.344987] [DEBUG] Loop iteration: 15
[2025-11-05T23:20:26.344914] [INFO] Transaction completed
[2025-11-05T23:20:26.344991] [DEBUG] Loop iteration: 15
[2025-11-05T23:20:26.344903] [INFO] Health check passed
[2025-11-05T23:20:26.344927] [INFO] Request processed successfully
[2025-11-05T23:20:26.344920] [INFO] Connection established
[2025-11-05T23:20:26.344906] [INFO] Configuration loaded
[2025-11-05T23:20:26.344942] [WARN] Resource threshold approaching
[2025-11-05T23:20:26.344973] [DEBUG] Timer set: 30 seconds
[2025-11-05T23:20:26.344953] [DEBUG] Entering function process_data()
[2025-11-05T23:20:26.344924] [INFO] User logged in
[2025-11-05T23:20:26.344939] [WARN] Disk space low
[2025-11-05T23:20:26.344979] [DEBUG] Timer set: 30 seconds
[2025-11-05T23:20:26.344935] [WARN] Disk space low
