[2025-11-05T23:20:40.045274] [INFO] Service initialized
[2025-11-05T23:20:40.045358] [WARN] Timeout warning
[2025-11-05T23:20:40.045243] [INFO] Connection established
[2025-11-05T23:20:40.045393] [ERROR] Request failed
[2025-11-05T23:20:40.045411] [DEBUG] Buffer size: 4096 bytes
[2025-11-05T23:20:40.045290] [INFO] Transaction completed
[2025-11-05T23:20:40.045375] [WARN] Connection retry attempt
[2025-11-05T23:20:40.045287] [INFO] Connection established
[2025-11-05T23:20:40.045388] [WARN] Connection retry attempt
[2025-11-05T23:20:40.045398] [DEBUG] Cache key generated
[2025-11-05T23:20:40.045334] [INFO] Request processed successfully
[2025-11-05T23:20:40.045363] [WARN] Slow query performance
[2025-11-05T23:20:40.045407] [DEBUG] HTTP request headers parsed
[2025-11-05T23:20:40.045341] [INFO] Connection established
[2025-11-05T23:20:40.045423] [DEBUG] Entering function process_data()
[2025-11-05T23:20:40.045384] [WARN] Slow query performance
[2025-11-05T23:20:40.045403] [DEBUG] Thread pool size: 8
[2025-11-05T23:20:40.045353] [INFO] Connection established
[2025-11-05T23:20:40.045371] [WARN] Timeout warning
[2025-11-05T23:20:40.045419] [DEBUG] Thread pool size: 8
[2025-11-05T23:20:40.045279] [INFO] User logged in
[2025-11-05T23:20:40.045379] [WARN] High memory usage detected
[2025-11-05T23:20:40.045345] [INFO] Service initialized
[2025-11-05T23:20:40.045415] [DEBUG] Timer set: 30 seconds
[2025-11-05T23:20:40.045349] [INFO] Connection established
[2025-11-05T23:20:40.045269] [INFO] Transaction completed
[2025-11-05T23:20:40.045283] [INFO] Database query executed
[2025-11-05T23:20:40.045367] [WARN] Queue size growing
