[2025-11-05T23:20:16.606414] [DEBUG] Connection pool status checked
[2025-11-05T23:20:16.606377] [WARN] Slow query performance
[2025-11-05T23:20:16.606361] [INFO] Health check passed
[2025-11-05T23:20:16.606387] [ERROR] Authentication failed
[2025-11-05T23:20:16.606344] [INFO] Database query executed
[2025-11-05T23:20:16.606332] [INFO] Cache hit
[2025-11-05T23:20:16.606408] [DEBUG] Buffer size: 4096 bytes
[2025-11-05T23:20:16.606270] [INFO] Service initialized
[2025-11-05T23:20:16.606328] [INFO] Service initialized
[2025-11-05T23:20:16.606418] [DEBUG] Cache key generated
[2025-11-05T23:20:16.606340] [INFO] Cache hit
[2025-11-05T23:20:16.606356] [INFO] Connection established
[2025-11-05T23:20:16.606423] [DEBUG] Entering function process_data()
[2025-11-05T23:20:16.606404] [DEBUG] Variable value: x=42
[2025-11-05T23:20:16.606336] [INFO] Request processed successfully
[2025-11-05T23:20:16.606352] [INFO] Configuration loaded
[2025-11-05T23:20:16.606394] [DEBUG] Entering function process_data()
[2025-11-05T23:20:16.606297] [INFO] Cache hit
[2025-11-05T23:20:16.606313] [INFO] Session started
[2025-11-05T23:20:16.606431] [DEBUG] Connection pool status checked
[2025-11-05T23:20:16.606381] [WARN] Rate limit approaching
[2025-11-05T23:20:16.606303] [INFO] Service initialized
[2025-11-05T23:20:16.606318] [INFO] Health check passed
[2025-11-05T23:20:16.606308] [INFO] Connection established
[2025-11-05T23:20:16.606427] [DEBUG] Memory allocation: 2048 bytes
[2025-11-05T23:20:16.606399] [DEBUG] Loop iteration: 15
[2025-11-05T23:20:16.606324] [INFO] Request processed successfully
[2025-11-05T23:20:16.606348] [INFO] Cache hit
[2025-11-05T23:20:16.606373] [WARN] Slow query performance
[2025-11-05T23:20:16.606367] [WARN] Cache miss
