[2025-11-05T23:20:17.762302] [WARN] Deprecated API usage
[2025-11-05T23:20:17.762356] [DEBUG] Cache key generated
[2025-11-05T23:20:17.762241] [INFO] Service initialized
[2025-11-05T23:20:17.761913] [INFO] Database query executed
[2025-11-05T23:20:17.762327] [ERROR] Request failed
[2025-11-05T23:20:17.762381] [DEBUG] HTTP request headers parsed
[2025-11-05T23:20:17.762307] [WARN] Slow query performance
[2025-11-05T23:20:17.762387] [DEBUG] Thread pool size: 8
[2025-11-05T23:20:17.762377] [DEBUG] Entering function process_data()
[2025-11-05T23:20:17.761896] [INFO] Service initialized
[2025-11-05T23:20:17.761869] [INFO] Configuration loaded
[2025-11-05T23:20:17.762339] [DEBUG] Variable value: x=42
[2025-11-05T23:20:17.762360] [DEBUG] Buffer size: 4096 bytes
[2025-11-05T23:20:17.762373] [DEBUG] Timer set: 30 seconds
[2025-11-05T23:20:17.762267] [INFO] Database query executed
[2025-11-05T23:20:17.762247] [INFO] Session started
[2025-11-05T23:20:17.762292] [WARN] High memory usage detected
[2025-11-05T23:20:17.762350] [DEBUG] Connection pool status checked
[2025-11-05T23:20:17.762258] [INFO] Session started
[2025-11-05T23:20:17.762317] [WARN] Connection retry attempt
[2025-11-05T23:20:17.762297] [WARN] Disk space low
[2025-11-05T23:20:17.762253] [INFO] Cache hit
[2025-11-05T23:20:17.762369] [DEBUG] Cache key generated
[2025-11-05T23:20:17.762345] [DEBUG] Buffer size: 4096 bytes
[2025-11-05T23:20:17.761903] [INFO] Cache hit
[2025-11-05T23:20:17.762272] [INFO] Session started
[2025-11-05T23:20:17.762322] [WARN] High memory usage detected
[2025-11-05T23:20:17.761909] [INFO] Service initialized
[2025-11-05T23:20:17.762263] [INFO] Request processed successfully
[2025-11-05T23:20:17.762364] [DEBUG] Entering function process_data()
[2025-11-05T23:20:17.762276] [INFO] User logged in
[2025-11-05T23:20:17.762332] [ERROR] Database connection lost
[2025-11-05T23:20:17.762312] [WARN] Timeout warning
[2025-11-05T23:20:17.762286] [WARN] Deprecated API usage
