[2025-11-05T23:20:33.200169] [ERROR] Database connection lost
[2025-11-05T23:20:33.200078] [INFO] Health check passed
[2025-11-05T23:20:33.200074] [INFO] Connection established
[2025-11-05T23:20:33.200095] [INFO] Configuration loaded
[2025-11-05T23:20:33.200059] [INFO] Transaction completed
[2025-11-05T23:20:33.200063] [INFO] Health check passed
[2025-11-05T23:20:33.200163] [WARN] Queue size growing
[2025-11-05T23:20:33.200197] [DEBUG] Memory allocation: 2048 bytes
[2025-11-05T23:20:33.200201] [DEBUG] Cache key generated
[2025-11-05T23:20:33.200173] [ERROR] Memory allocation error
[2025-11-05T23:20:33.200054] [INFO] Request processed successfully
[2025-11-05T23:20:33.200088] [INFO] Transaction completed
[2025-11-05T23:20:33.200091] [INFO] User logged in
[2025-11-05T23:20:33.200103] [WARN] Cache miss
[2025-11-05T23:20:33.200067] [INFO] Database query executed
[2025-11-05T23:20:33.200098] [INFO] Transaction completed
[2025-11-05T23:20:33.200183] [DEBUG] Cache key generated
[2025-11-05T23:20:33.200030] [INFO] Database query executed
[2025-11-05T23:20:33.200146] [WARN] Queue size growing
[2025-11-05T23:20:33.200214] [DEBUG] Thread pool size: 8
[2025-11-05T23:20:33.200188] [DEBUG] Timer set: 30 seconds
[2025-11-05T23:20:33.200150] [WARN] Slow query performance
[2025-11-05T23:20:33.200193] [DEBUG] Variable value: x=42
[2025-11-05T23:20:33.200159] [WARN] Rate limit approaching
[2025-11-05T23:20:33.200178] [ERROR] File not found
[2025-11-05T23:20:33.200070] [INFO] Transaction completed
[2025-11-05T23:20:33.200155] [WARN] Queue size growing
[2025-11-05T23:20:33.200210] [DEBUG] HTTP request headers parsed
[2025-11-05T23:20:33.200205] [DEBUG] Variable value: x=42
[2025-11-05T23:20:33.200081] [INFO] Transaction completed
[2025-11-05T23:20:33.200084] [INFO] Request processed successfully
