[2025-11-05T23:20:38.617116] [DEBUG] Loop iteration: 15
[2025-11-05T23:20:38.617042] [INFO] Service initialized
[2025-11-05T23:20:38.617111] [DEBUG] Entering function process_data()
[2025-11-05T23:20:38.617060] [INFO] Session started
[2025-11-05T23:20:38.617034] [INFO] Service initialized
[2025-11-05T23:20:38.617129] [DEBUG] Memory allocation: 2048 bytes
[2025-11-05T23:20:38.617025] [INFO] Database query executed
[2025-11-05T23:20:38.617134] [DEBUG] Timer set: 30 seconds
[2025-11-05T23:20:38.617147] [DEBUG] HTTP request headers parsed
[2025-11-05T23:20:38.617056] [INFO] User logged in
[2025-11-05T23:20:38.617085] [WARN] Resource threshold approaching
[2025-11-05T23:20:38.617014] [INFO] Session started
[2025-11-05T23:20:38.617138] [DEBUG] Variable value: x=42
[2025-11-05T23:20:38.617038] [INFO] Service initialized
[2025-11-05T23:20:38.617143] [DEBUG] HTTP request headers parsed
[2025-11-05T23:20:38.617051] [INFO] Cache hit
[2025-11-05T23:20:38.617097] [DEBUG] Buffer size: 4096 bytes
[2025-11-05T23:20:38.617080] [WARN] Cache miss
[2025-11-05T23:20:38.617076] [WARN] Deprecated API usage
[2025-11-05T23:20:38.617102] [DEBUG] Buffer size: 4096 bytes
[2025-11-05T23:20:38.617106] [DEBUG] HTTP request headers parsed
[2025-11-05T23:20:38.617020] [INFO] Health check passed
[2025-11-05T23:20:38.616988] [INFO] Configuration loaded
[2025-11-05T23:20:38.617047] [INFO] Service initialized
[2025-11-05T23:20:38.617029] [INFO] Service initialized
[2025-11-05T23:20:38.617070] [WARN] Deprecated API usage
[2025-11-05T23:20:38.617065] [INFO] Transaction completed
[2025-11-05T23:20:38.617091] [ERROR] Disk read failed
[2025-11-05T23:20:38.617122] [DEBUG] Buffer size: 4096 bytes
