[2025-11-05T23:20:11.892837] [INFO] Service initialized
[2025-11-05T23:20:11.892859] [INFO] Cache hit
[2025-11-05T23:20:11.893234] [DEBUG] Thread pool size: 8
[2025-11-05T23:20:11.892864] [INFO] Connection established
[2025-11-05T23:20:11.892872] [INFO] Cache hit
[2025-11-05T23:20:11.892868] [INFO] Cache hit
[2025-11-05T23:20:11.892841] [INFO] Transaction completed
[2025-11-05T23:20:11.892910] [DEBUG] Variable value: x=42
[2025-11-05T23:20:11.892820] [INFO] Connection established
[2025-11-05T23:20:11.892906] [DEBUG] Memory allocation: 2048 bytes
[2025-11-05T23:20:11.893239] [DEBUG] Thread pool size: 8
[2025-11-05T23:20:11.893214] [DEBUG] Loop iteration: 15
[2025-11-05T23:20:11.892902] [DEBUG] Memory allocation: 2048 bytes
[2025-11-05T23:20:11.892832] [INFO] Request processed successfully
[2025-11-05T23:20:11.892850] [INFO] Health check passed
[2025-11-05T23:20:11.893228] [DEBUG] Buffer size: 4096 bytes
[2025-11-05T23:20:11.893243] [DEBUG] Variable value: x=42
[2025-11-05T23:20:11.892886] [WARN] High memory usage detected
[2025-11-05T23:20:11.892892] [ERROR] Network timeout
[2025-11-05T23:20:11.892876] [INFO] Session started
[2025-11-05T23:20:11.892794] [INFO] Health check passed
[2025-11-05T23:20:11.892827] [INFO] User logged in
[2025-11-05T23:20:11.892881] [INFO] Connection established
[2025-11-05T23:20:11.892915] [DEBUG] Variable value: x=42
[2025-11-05T23:20:11.892854] [INFO] Health check passed
[2025-11-05T23:20:11.892897] [ERROR] Invalid input data
[2025-11-05T23:20:11.892845] [INFO] Session started
