[2025-11-05T23:20:35.902172] [INFO] Session started
[2025-11-05T23:20:35.902212] [INFO] Configuration loaded
[2025-11-05T23:20:35.902182] [INFO] Database query executed
[2025-11-05T23:20:35.902217] [INFO] Session started
[2025-11-05T23:20:35.902129] [INFO] Session started
[2025-11-05T23:20:35.902275] [DEBUG] Loop iteration: 15
[2025-11-05T23:20:35.902200] [INFO] User logged in
[2025-11-05T23:20:35.902228] [WARN] Queue size growing
[2025-11-05T23:20:35.902249] [ERROR] Service unavailable
[2025-11-05T23:20:35.902287] [DEBUG] Connection pool status checked
[2025-11-05T23:20:35.902259] [DEBUG] Timer set: 30 seconds
[2025-11-05T23:20:35.902186] [INFO] Health check passed
[2025-11-05T23:20:35.902279] [DEBUG] Thread pool size: 8
[2025-11-05T23:20:35.902234] [WARN] Connection retry attempt
[2025-11-05T23:20:35.902245] [ERROR] Permission denied
[2025-11-05T23:20:35.902255] [DEBUG] Variable value: x=42
[2025-11-05T23:20:35.902208] [INFO] Transaction completed
[2025-11-05T23:20:35.902167] [INFO] Cache hit
[2025-11-05T23:20:35.902239] [WARN] Deprecated API usage
[2025-11-05T23:20:35.902204] [INFO] Configuration loaded
[2025-11-05T23:20:35.902265] [DEBUG] Timer set: 30 seconds
[2025-11-05T23:20:35.902269] [DEBUG] Buffer size: 4096 bytes
[2025-11-05T23:20:35.902176] [INFO] Health check passed
[2025-11-05T23:20:35.902291] [DEBUG] HTTP request headers parsed
[2025-11-05T23:20:35.902195] [INFO] User logged in
[2025-11-05T23:20:35.902190] [INFO] Connection established
[2025-11-05T23:20:35.902162] [INFO] Request processed successfully
[2025-11-05T23:20:35.902156] [INFO] Request processed successfully
[2025-11-05T23:20:35.902283] [DEBUG] Variable value: x=42
[2025-11-05T23:20:35.902223] [WARN] High memory usage detected
