[2025-11-05T23:20:18.638046] [INFO] Session started
[2025-11-05T23:20:18.638033] [INFO] Connection established
[2025-11-05T23:20:18.638083] [WARN] Timeout warning
[2025-11-05T23:20:18.638121] [ERROR] Memory allocation error
[2025-11-05T23:20:18.638107] [WARN] Slow query performance
[2025-11-05T23:20:18.638074] [INFO] Session started
[2025-11-05T23:20:18.638126] [ERROR] Authentication failed
[2025-11-05T23:20:18.638132] [DEBUG] Entering function process_data()
[2025-11-05T23:20:18.638088] [WARN] Disk space low
[2025-11-05T23:20:18.638093] [WARN] Disk space low
[2025-11-05T23:20:18.638097] [WARN] Timeout warning
[2025-11-05T23:20:18.638168] [DEBUG] Memory allocation: 2048 bytes
[2025-11-05T23:20:18.638115] [WARN] Slow query performance
[2025-11-05T23:20:18.638014] [INFO] Service initialized
[2025-11-05T23:20:18.638111] [WARN] Rate limit approaching
[2025-11-05T23:20:18.638055] [INFO] Connection established
[2025-11-05T23:20:18.638141] [DEBUG] Memory allocation: 2048 bytes
[2025-11-05T23:20:18.638146] [DEBUG] Variable value: x=42
[2025-11-05T23:20:18.638137] [DEBUG] Entering function process_data()
[2025-11-05T23:20:18.638051] [INFO] Health check passed
[2025-11-05T23:20:18.638042] [INFO] Cache hit
[2025-11-05T23:20:18.638102] [WARN] Slow query performance
[2025-11-05T23:20:18.638158] [DEBUG] Cache key generated
[2025-11-05T23:20:18.638028] [INFO] Transaction completed
[2025-11-05T23:20:18.638164] [DEBUG] Timer set: 30 seconds
[2025-11-05T23:20:18.638024] [INFO] Connection established
[2025-11-05T23:20:18.638019] [INFO] Cache hit
[2025-11-05T23:20:18.638059] [INFO] Cache hit
[2025-11-05T23:20:18.637988] [INFO] Session started
[2025-11-05T23:20:18.638078] [INFO] Connection established
[2025-11-05T23:20:18.638037] [INFO] Configuration loaded
[2025-11-05T23:20:18.638153] [DEBUG] Cache key generated
[2025-11-05T23:20:18.638069] [INFO] Session started
[2025-11-05T23:20:18.638150] [DEBUG] Timer set: 30 seconds
[2025-11-05T23:20:18.638065] [INFO] Session started
