[2025-11-05T23:20:24.014751] [INFO] User logged in
[2025-11-05T23:20:24.014755] [INFO] User logged in
[2025-11-05T23:20:24.014772] [INFO] Cache hit
[2025-11-05T23:20:24.014768] [INFO] Health check passed
[2025-11-05T23:20:24.014787] [INFO] Session started
[2025-11-05T23:20:24.014814] [WARN] Slow query performance
[2025-11-05T23:20:24.014779] [INFO] Service initialized
[2025-11-05T23:20:24.014727] [INFO] Configuration loaded
[2025-11-05T23:20:24.014818] [WARN] Resource threshold approaching
[2025-11-05T23:20:24.014759] [INFO] Cache hit
[2025-11-05T23:20:24.014840] [DEBUG] Entering function process_data()
[2025-11-05T23:20:24.014783] [INFO] Transaction completed
[2025-11-05T23:20:24.014848] [DEBUG] Entering function process_data()
[2025-11-05T23:20:24.014852] [DEBUG] Memory allocation: 2048 bytes
[2025-11-05T23:20:24.014833] [DEBUG] Memory allocation: 2048 bytes
[2025-11-05T23:20:24.014775] [INFO] Session started
[2025-11-05T23:20:24.014859] [DEBUG] Cache key generated
[2025-11-05T23:20:24.014764] [INFO] Request processed successfully
[2025-11-05T23:20:24.014855] [DEBUG] Thread pool size: 8
[2025-11-05T23:20:24.014800] [INFO] User logged in
[2025-11-05T23:20:24.014828] [DEBUG] Memory allocation: 2048 bytes
[2025-11-05T23:20:24.014791] [INFO] Connection established
[2025-11-05T23:20:24.014809] [WARN] Connection retry attempt
[2025-11-05T23:20:24.014836] [DEBUG] Loop iteration: 15
[2025-11-05T23:20:24.014823] [ERROR] Service unavailable
[2025-11-05T23:20:24.014796] [INFO] User logged in
[2025-11-05T23:20:24.014804] [INFO] Session started
[2025-11-05T23:20:24.014844] [DEBUG] Timer set: 30 seconds
