[2025-11-05T23:20:26.313190] [INFO] Health check passed
[2025-11-05T23:20:26.313226] [INFO] Connection established
[2025-11-05T23:20:26.313217] [INFO] Health check passed
[2025-11-05T23:20:26.313232] [WARN] Cache miss
[2025-11-05T23:20:26.313167] [INFO] Database query executed
[2025-11-05T23:20:26.313263] [DEBUG] Connection pool status checked
[2025-11-05T23:20:26.313245] [WARN] Disk space low
[2025-11-05T23:20:26.313239] [WARN] Cache miss
[2025-11-05T23:20:26.313260] [DEBUG] Buffer size: 4096 bytes
[2025-11-05T23:20:26.313272] [DEBUG] Memory allocation: 2048 bytes
[2025-11-05T23:20:26.313204] [INFO] Cache hit
[2025-11-05T23:20:26.313220] [INFO] Database query executed
[2025-11-05T23:20:26.313257] [DEBUG] Timer set: 30 seconds
[2025-11-05T23:20:26.313222] [INFO] Transaction completed
[2025-11-05T23:20:26.313280] [DEBUG] Memory allocation: 2048 bytes
[2025-11-05T23:20:26.313207] [INFO] Session started
[2025-11-05T23:20:26.313266] [DEBUG] Loop iteration: 15
[2025-11-05T23:20:26.313278] [DEBUG] Timer set: 30 seconds
[2025-11-05T23:20:26.313242] [WARN] Timeout warning
[2025-11-05T23:20:26.313228] [INFO] Service initialized
[2025-11-05T23:20:26.313236] [WARN] Queue size growing
[2025-11-05T23:20:26.313269] [DEBUG] Buffer size: 4096 bytes
[2025-11-05T23:20:26.313198] [INFO] Session started
[2025-11-05T23:20:26.313275] [DEBUG] Entering function process_data()
[2025-11-05T23:20:26.313283] [DEBUG] Variable value: x=42
[2025-11-05T23:20:26.313253] [DEBUG] HTTP request headers parsed
[2025-11-05T23:20:26.313210] [INFO] Service initialized
[2025-11-05T23:20:26.313195] [INFO] User logged in
[2025-11-05T23:20:26.313249] [ERROR] Database connection lost
[2025-11-05T23:20:26.313213] [INFO] Configuration loaded
[2025-11-05T23:20:26.313201] [INFO] User logged in
