[2025-11-05T23:20:18.728248] [ERROR] Network timeout
[2025-11-05T23:20:18.728179] [INFO] Transaction completed
[2025-11-05T23:20:18.728231] [WARN] Connection retry attempt
[2025-11-05T23:20:18.728285] [DEBUG] Entering function process_data()
[2025-11-05T23:20:18.728225] [INFO] User logged in
[2025-11-05T23:20:18.728266] [DEBUG] Loop iteration: 15
[2025-11-05T23:20:18.728276] [DEBUG] Timer set: 30 seconds
[2025-11-05T23:20:18.728220] [INFO] Database query executed
[2025-11-05T23:20:18.728237] [WARN] Cache miss
[2025-11-05T23:20:18.728185] [INFO] Transaction completed
[2025-11-05T23:20:18.728254] [ERROR] File not found
[2025-11-05T23:20:18.728205] [INFO] User logged in
[2025-11-05T23:20:18.728210] [INFO] User logged in
[2025-11-05T23:20:18.728190] [INFO] Request processed successfully
[2025-11-05T23:20:18.728260] [DEBUG] Variable value: x=42
[2025-11-05T23:20:18.728299] [DEBUG] Cache key generated
[2025-11-05T23:20:18.728271] [DEBUG] Entering function process_data()
[2025-11-05T23:20:18.728294] [DEBUG] Connection pool status checked
[2025-11-05T23:20:18.728172] [INFO] Request processed successfully
[2025-11-05T23:20:18.728280] [DEBUG] HTTP request headers parsed
[2025-11-05T23:20:18.728215] [INFO] Service initialized
[2025-11-05T23:20:18.728144] [INFO] Cache hit
[2025-11-05T23:20:18.728242] [WARN] High memory usage detected
[2025-11-05T23:20:18.728200] [INFO] User logged in
[2025-11-05T23:20:18.728289] [DEBUG] Entering function process_data()
[2025-11-05T23:20:18.728195] [INFO] Configuration loaded
