[2025-11-05T23:20:25.115793] [DEBUG] Entering function process_data()
[2025-11-05T23:20:25.115694] [INFO] Connection established
[2025-11-05T23:20:25.115720] [INFO] Health check passed
[2025-11-05T23:20:25.115725] [INFO] Session started
[2025-11-05T23:20:25.115704] [INFO] Health check passed
[2025-11-05T23:20:25.115797] [DEBUG] Connection pool status checked
[2025-11-05T23:20:25.115788] [DEBUG] Buffer size: 4096 bytes
[2025-11-05T23:20:25.115775] [DEBUG] Cache key generated
[2025-11-05T23:20:25.115682] [INFO] Database query executed
[2025-11-05T23:20:25.115784] [DEBUG] Connection pool status checked
[2025-11-05T23:20:25.115650] [INFO] Session started
[2025-11-05T23:20:25.115752] [WARN] Timeout warning
[2025-11-05T23:20:25.115738] [WARN] High memory usage detected
[2025-11-05T23:20:25.115700] [INFO] Connection established
[2025-11-05T23:20:25.115801] [DEBUG] Buffer size: 4096 bytes
[2025-11-05T23:20:25.115710] [INFO] Database query executed
[2025-11-05T23:20:25.115769] [ERROR] Network timeout
[2025-11-05T23:20:25.115743] [WARN] Resource threshold approaching
[2025-11-05T23:20:25.115676] [INFO] Service initialized
[2025-11-05T23:20:25.115757] [WARN] Resource threshold approaching
[2025-11-05T23:20:25.115688] [INFO] User logged in
[2025-11-05T23:20:25.115732] [INFO] Health check passed
[2025-11-05T23:20:25.115806] [DEBUG] HTTP request headers parsed
[2025-11-05T23:20:25.115715] [INFO] Configuration loaded
[2025-11-05T23:20:25.115748] [WARN] Cache miss
[2025-11-05T23:20:25.115763] [ERROR] File not found
[2025-11-05T23:20:25.115780] [DEBUG] Variable value: x=42
