[2025-11-05T23:20:35.950045] [INFO] Database query executed
[2025-11-05T23:20:35.950064] [INFO] Configuration loaded
[2025-11-05T23:20:35.950130] [ERROR] Network timeout
[2025-11-05T23:20:35.950157] [DEBUG] Cache key generated
[2025-11-05T23:20:35.950076] [INFO] Session started
[2025-11-05T23:20:35.950060] [INFO] User logged in
[2025-11-05T23:20:35.950085] [INFO] Session started
[2025-11-05T23:20:35.950140] [DEBUG] Memory allocation: 2048 bytes
[2025-11-05T23:20:35.950056] [INFO] Database query executed
[2025-11-05T23:20:35.950051] [INFO] Cache hit
[2025-11-05T23:20:35.950089] [INFO] Session started
[2025-11-05T23:20:35.950068] [INFO] Cache hit
[2025-11-05T23:20:35.950110] [WARN] High memory usage detected
[2025-11-05T23:20:35.950022] [INFO] Health check passed
[2025-11-05T23:20:35.950101] [INFO] User logged in
[2025-11-05T23:20:35.950081] [INFO] Database query executed
[2025-11-05T23:20:35.950144] [DEBUG] Cache key generated
[2025-11-05T23:20:35.950097] [INFO] Service initialized
[2025-11-05T23:20:35.950148] [DEBUG] Entering function process_data()
[2025-11-05T23:20:35.950072] [INFO] User logged in
[2025-11-05T23:20:35.950135] [DEBUG] HTTP request headers parsed
[2025-11-05T23:20:35.950093] [INFO] Connection established
[2025-11-05T23:20:35.950105] [INFO] Service initialized
[2025-11-05T23:20:35.950116] [WARN] Deprecated API usage
[2025-11-05T23:20:35.950125] [ERROR] Request failed
[2025-11-05T23:20:35.950120] [WARN] Queue size growing
[2025-11-05T23:20:35.950153] [DEBUG] Connection pool status checked
