[2025-11-05T23:20:29.933329] [INFO] Cache hit
[2025-11-05T23:20:29.933341] [INFO] Health check passed
[2025-11-05T23:20:29.933404] [DEBUG] HTTP request headers parsed
[2025-11-05T23:20:29.933363] [WARN] Deprecated API usage
[2025-11-05T23:20:29.933412] [DEBUG] Timer set: 30 seconds
[2025-11-05T23:20:29.933325] [INFO] Health check passed
[2025-11-05T23:20:29.933360] [WARN] Resource threshold approaching
[2025-11-05T23:20:29.933299] [INFO] Health check passed
[2025-11-05T23:20:29.933283] [INFO] Cache hit
[2025-11-05T23:20:29.933337] [INFO] Database query executed
[2025-11-05T23:20:29.933318] [INFO] Database query executed
[2025-11-05T23:20:29.933386] [DEBUG] Buffer size: 4096 bytes
[2025-11-05T23:20:29.933295] [INFO] Session started
[2025-11-05T23:20:29.933321] [INFO] Database query executed
[2025-11-05T23:20:29.933377] [ERROR] Invalid input data
[2025-11-05T23:20:29.933314] [INFO] Transaction completed
[2025-11-05T23:20:29.933345] [INFO] Database query executed
[2025-11-05T23:20:29.933267] [INFO] Health check passed
[2025-11-05T23:20:29.933368] [WARN] Timeout warning
[2025-11-05T23:20:29.933333] [INFO] User logged in
[2025-11-05T23:20:29.933311] [INFO] Database query executed
[2025-11-05T23:20:29.933421] [DEBUG] Thread pool size: 8
[2025-11-05T23:20:29.933399] [DEBUG] Memory allocation: 2048 bytes
[2025-11-05T23:20:29.933373] [ERROR] Network timeout
[2025-11-05T23:20:29.933242] [INFO] Transaction completed
[2025-11-05T23:20:29.933291] [INFO] Health check passed
[2025-11-05T23:20:29.933381] [ERROR] Request failed
[2025-11-05T23:20:29.933395] [DEBUG] Loop iteration: 15
[2025-11-05T23:20:29.933391] [DEBUG] Entering function process_data()
[2025-11-05T23:20:29.933273] [INFO] User logged in
[2025-11-05T23:20:29.933408] [DEBUG] Memory allocation: 2048 bytes
[2025-11-05T23:20:29.933417] [DEBUG] Loop iteration: 15
[2025-11-05T23:20:29.933287] [INFO] Session started
[2025-11-05T23:20:29.933351] [WARN] Timeout warning
[2025-11-05T23:20:29.933307] [INFO] Session started
[2025-11-05T23:20:29.933303] [INFO] Transaction completed
[2025-11-05T23:20:29.933278] [INFO] Configuration loaded
[2025-11-05T23:20:29.933355] [WARN] Queue size growing
