[2025-11-05T23:20:47.677625] [INFO] Connection established
[2025-11-05T23:20:47.677618] [INFO] User logged in
[2025-11-05T23:20:47.677658] [WARN] Slow query performance
[2025-11-05T23:20:47.677621] [INFO] Request processed successfully
[2025-11-05T23:20:47.677687] [DEBUG] Timer set: 30 seconds
[2025-11-05T23:20:47.677705] [DEBUG] Buffer size: 4096 bytes
[2025-11-05T23:20:47.677613] [INFO] User logged in
[2025-11-05T23:20:47.677690] [DEBUG] Buffer size: 4096 bytes
[2025-11-05T23:20:47.677629] [INFO] Service initialized
[2025-11-05T23:20:47.677639] [INFO] Service initialized
[2025-11-05T23:20:47.677708] [DEBUG] Variable value: x=42
[2025-11-05T23:20:47.677711] [DEBUG] Memory allocation: 2048 bytes
[2025-11-05T23:20:47.677632] [INFO] User logged in
[2025-11-05T23:20:47.677679] [ERROR] Service unavailable
[2025-11-05T23:20:47.677653] [INFO] Request processed successfully
[2025-11-05T23:20:47.677675] [ERROR] Database connection lost
[2025-11-05T23:20:47.677693] [DEBUG] Memory allocation: 2048 bytes
[2025-11-05T23:20:47.677649] [INFO] Cache hit
[2025-11-05T23:20:47.677643] [INFO] Health check passed
[2025-11-05T23:20:47.677671] [WARN] Rate limit approaching
[2025-11-05T23:20:47.677667] [WARN] Slow query performance
[2025-11-05T23:20:47.677646] [INFO] User logged in
[2025-11-05T23:20:47.677683] [DEBUG] Cache key generated
[2025-11-05T23:20:47.677636] [INFO] Configuration loaded
[2025-11-05T23:20:47.677588] [INFO] Database query executed
[2025-11-05T23:20:47.677701] [DEBUG] Variable value: x=42
[2025-11-05T23:20:47.677663] [WARN] Disk space low
[2025-11-05T23:20:47.677697] [DEBUG] HTTP request headers parsed
