[2025-11-05T23:20:22.292865] [WARN] Queue size growing
[2025-11-05T23:20:22.292816] [INFO] User logged in
[2025-11-05T23:20:22.292787] [INFO] Cache hit
[2025-11-05T23:20:22.292881] [DEBUG] Connection pool status checked
[2025-11-05T23:20:22.292850] [WARN] Rate limit approaching
[2025-11-05T23:20:22.292829] [INFO] Cache hit
[2025-11-05T23:20:22.292781] [INFO] Cache hit
[2025-11-05T23:20:22.292820] [INFO] Request processed successfully
[2025-11-05T23:20:22.292824] [INFO] Configuration loaded
[2025-11-05T23:20:22.292841] [INFO] Session started
[2025-11-05T23:20:22.292845] [INFO] Connection established
[2025-11-05T23:20:22.292802] [INFO] Cache hit
[2025-11-05T23:20:22.292811] [INFO] Connection established
[2025-11-05T23:20:22.292833] [INFO] Database query executed
[2025-11-05T23:20:22.292856] [WARN] Cache miss
[2025-11-05T23:20:22.292876] [ERROR] Memory allocation error
[2025-11-05T23:20:22.292792] [INFO] Cache hit
[2025-11-05T23:20:22.292886] [DEBUG] Entering function process_data()
[2025-11-05T23:20:22.292860] [WARN] Disk space low
[2025-11-05T23:20:22.292753] [INFO] Health check passed
[2025-11-05T23:20:22.292899] [DEBUG] HTTP request headers parsed
[2025-11-05T23:20:22.292837] [INFO] Database query executed
[2025-11-05T23:20:22.292913] [DEBUG] Connection pool status checked
[2025-11-05T23:20:22.292871] [ERROR] Authentication failed
[2025-11-05T23:20:22.292806] [INFO] Database query executed
[2025-11-05T23:20:22.292890] [DEBUG] Thread pool size: 8
[2025-11-05T23:20:22.292904] [DEBUG] Memory allocation: 2048 bytes
[2025-11-05T23:20:22.292909] [DEBUG] Memory allocation: 2048 bytes
[2025-11-05T23:20:22.292918] [DEBUG] Timer set: 30 seconds
[2025-11-05T23:20:22.292797] [INFO] User logged in
[2025-11-05T23:20:22.292895] [DEBUG] Entering function process_data()
