[2025-11-05T23:20:45.012445] [DEBUG] Connection pool status checked
[2025-11-05T23:20:45.012339] [INFO] Configuration loaded
[2025-11-05T23:20:45.012378] [INFO] Configuration loaded
[2025-11-05T23:20:45.012393] [WARN] Slow query performance
[2025-11-05T23:20:45.012434] [DEBUG] Thread pool size: 8
[2025-11-05T23:20:45.012462] [DEBUG] Thread pool size: 8
[2025-11-05T23:20:45.012470] [DEBUG] Timer set: 30 seconds
[2025-11-05T23:20:45.012344] [INFO] Session started
[2025-11-05T23:20:45.012334] [INFO] Database query executed
[2025-11-05T23:20:45.012322] [INFO] Cache hit
[2025-11-05T23:20:45.012359] [INFO] Configuration loaded
[2025-11-05T23:20:45.012454] [DEBUG] Cache key generated
[2025-11-05T23:20:45.012349] [INFO] Database query executed
[2025-11-05T23:20:45.012449] [DEBUG] Connection pool status checked
[2025-11-05T23:20:45.012403] [WARN] Disk space low
[2025-11-05T23:20:45.012423] [WARN] Connection retry attempt
[2025-11-05T23:20:45.012419] [WARN] Rate limit approaching
[2025-11-05T23:20:45.012373] [INFO] Transaction completed
[2025-11-05T23:20:45.012398] [WARN] Cache miss
[2025-11-05T23:20:45.012328] [INFO] Session started
[2025-11-05T23:20:45.012296] [INFO] Transaction completed
[2025-11-05T23:20:45.012479] [DEBUG] Timer set: 30 seconds
[2025-11-05T23:20:45.012409] [WARN] Rate limit approaching
[2025-11-05T23:20:45.012428] [ERROR] Authentication failed
[2025-11-05T23:20:45.012458] [DEBUG] Entering function process_data()
[2025-11-05T23:20:45.012354] [INFO] Transaction completed
[2025-11-05T23:20:45.012368] [INFO] Service initialized
[2025-11-05T23:20:45.012483] [DEBUG] Buffer size: 4096 bytes
[2025-11-05T23:20:45.012364] [INFO] Database query executed
[2025-11-05T23:20:45.012387] [INFO] Cache hit
[2025-11-05T23:20:45.012475] [DEBUG] Entering function process_data()
[2025-11-05T23:20:45.012466] [DEBUG] Memory allocation: 2048 bytes
[2025-11-05T23:20:45.012382] [INFO] Session started
[2025-11-05T23:20:45.012439] [DEBUG] Loop iteration: 15
[2025-11-05T23:20:45.012414] [WARN] Cache miss
