[2025-11-05T23:20:20.041123] [INFO] Configuration loaded
[2025-11-05T23:20:20.041232] [DEBUG] Buffer size: 4096 bytes
[2025-11-05T23:20:20.041084] [INFO] Connection established
[2025-11-05T23:20:20.041160] [WARN] Timeout warning
[2025-11-05T23:20:20.041136] [INFO] Service initialized
[2025-11-05T23:20:20.041132] [INFO] User logged in
[2025-11-05T23:20:20.041144] [INFO] Health check passed
[2025-11-05T23:20:20.041195] [DEBUG] Buffer size: 4096 bytes
[2025-11-05T23:20:20.041237] [DEBUG] Buffer size: 4096 bytes
[2025-11-05T23:20:20.041100] [INFO] Connection established
[2025-11-05T23:20:20.041058] [INFO] Transaction completed
[2025-11-05T23:20:20.041224] [DEBUG] Memory allocation: 2048 bytes
[2025-11-05T23:20:20.041214] [DEBUG] Timer set: 30 seconds
[2025-11-05T23:20:20.041104] [INFO] Health check passed
[2025-11-05T23:20:20.041228] [DEBUG] Variable value: x=42
[2025-11-05T23:20:20.041118] [INFO] Configuration loaded
[2025-11-05T23:20:20.041219] [DEBUG] Cache key generated
[2025-11-05T23:20:20.041200] [DEBUG] Loop iteration: 15
[2025-11-05T23:20:20.041190] [DEBUG] Buffer size: 4096 bytes
[2025-11-05T23:20:20.041114] [INFO] Health check passed
[2025-11-05T23:20:20.041128] [INFO] Connection established
[2025-11-05T23:20:20.041180] [ERROR] Invalid input data
[2025-11-05T23:20:20.041169] [WARN] Cache miss
[2025-11-05T23:20:20.041210] [DEBUG] Memory allocation: 2048 bytes
[2025-11-05T23:20:20.041175] [ERROR] Request failed
[2025-11-05T23:20:20.041185] [DEBUG] Cache key generated
[2025-11-05T23:20:20.041205] [DEBUG] Entering function process_data()
[2025-11-05T23:20:20.041165] [WARN] Timeout warning
[2025-11-05T23:20:20.041148] [INFO] Transaction completed
[2025-11-05T23:20:20.041110] [INFO] Configuration loaded
[2025-11-05T23:20:20.041140] [INFO] Configuration loaded
[2025-11-05T23:20:20.041154] [WARN] Deprecated API usage
[2025-11-05T23:20:20.041095] [INFO] Cache hit
[2025-11-05T23:20:20.041090] [INFO] Session started
