[2025-11-05T23:20:47.830030] [INFO] Health check passed
[2025-11-05T23:20:47.830059] [ERROR] Request failed
[2025-11-05T23:20:47.829989] [INFO] Cache hit
[2025-11-05T23:20:47.830054] [WARN] Cache miss
[2025-11-05T23:20:47.830007] [INFO] Health check passed
[2025-11-05T23:20:47.830021] [INFO] Cache hit
[2025-11-05T23:20:47.830043] [WARN] Slow query performance
[2025-11-05T23:20:47.830011] [INFO] Transaction completed
[2025-11-05T23:20:47.829997] [INFO] Connection established
[2025-11-05T23:20:47.830093] [DEBUG] Entering function process_data()
[2025-11-05T23:20:47.830080] [DEBUG] Memory allocation: 2048 bytes
[2025-11-05T23:20:47.830027] [INFO] Service initialized
[2025-11-05T23:20:47.829993] [INFO] Request processed successfully
[2025-11-05T23:20:47.830090] [DEBUG] Entering function process_data()
[2025-11-05T23:20:47.830096] [DEBUG] HTTP request headers parsed
[2025-11-05T23:20:47.830033] [INFO] Connection established
[2025-11-05T23:20:47.830068] [DEBUG] Thread pool size: 8
[2025-11-05T23:20:47.830017] [INFO] Health check passed
[2025-11-05T23:20:47.830036] [INFO] Database query executed
[2025-11-05T23:20:47.830039] [INFO] Connection established
[2025-11-05T23:20:47.830047] [WARN] Queue size growing
[2025-11-05T23:20:47.830077] [DEBUG] Entering function process_data()
[2025-11-05T23:20:47.830063] [ERROR] Service unavailable
[2025-11-05T23:20:47.830087] [DEBUG] Timer set: 30 seconds
[2025-11-05T23:20:47.830071] [DEBUG] Variable value: x=42
[2025-11-05T23:20:47.830004] [INFO] Service initialized
[2025-11-05T23:20:47.830000] [INFO] Connection established
[2025-11-05T23:20:47.830014] [INFO] Connection established
[2025-11-05T23:20:47.830024] [INFO] Health check passed
[2025-11-05T23:20:47.830084] [DEBUG] HTTP request headers parsed
[2025-11-05T23:20:47.830050] [WARN] Rate limit approaching
[2025-11-05T23:20:47.829968] [INFO] Database query executed
