[2025-11-05T23:20:21.275002] [INFO] Transaction completed
[2025-11-05T23:20:21.275012] [INFO] Session started
[2025-11-05T23:20:21.275035] [INFO] Cache hit
[2025-11-05T23:20:21.275097] [DEBUG] Timer set: 30 seconds
[2025-11-05T23:20:21.275021] [INFO] Database query executed
[2025-11-05T23:20:21.275102] [DEBUG] Connection pool status checked
[2025-11-05T23:20:21.275039] [INFO] Session started
[2025-11-05T23:20:21.275055] [WARN] Cache miss
[2025-11-05T23:20:21.275120] [DEBUG] Timer set: 30 seconds
[2025-11-05T23:20:21.275065] [WARN] Cache miss
[2025-11-05T23:20:21.275030] [INFO] Configuration loaded
[2025-11-05T23:20:21.275093] [DEBUG] HTTP request headers parsed
[2025-11-05T23:20:21.275077] [ERROR] Memory allocation error
[2025-11-05T23:20:21.275007] [INFO] Request processed successfully
[2025-11-05T23:20:21.275106] [DEBUG] Connection pool status checked
[2025-11-05T23:20:21.275049] [WARN] Rate limit approaching
[2025-11-05T23:20:21.275111] [DEBUG] Thread pool size: 8
[2025-11-05T23:20:21.275060] [WARN] Connection retry attempt
[2025-11-05T23:20:21.274970] [INFO] Configuration loaded
[2025-11-05T23:20:21.275044] [INFO] Cache hit
[2025-11-05T23:20:21.275017] [INFO] Request processed successfully
[2025-11-05T23:20:21.275088] [DEBUG] Timer set: 30 seconds
[2025-11-05T23:20:21.275025] [INFO] Health check passed
[2025-11-05T23:20:21.275083] [DEBUG] Thread pool size: 8
[2025-11-05T23:20:21.274996] [INFO] User logged in
[2025-11-05T23:20:21.275071] [ERROR] Database connection lost
[2025-11-05T23:20:21.275115] [DEBUG] Buffer size: 4096 bytes
