[2025-11-05T23:20:48.147087] [DEBUG] Connection pool status checked
[2025-11-05T23:20:48.147060] [WARN] Connection retry attempt
[2025-11-05T23:20:48.146960] [INFO] Connection established
[2025-11-05T23:20:48.147012] [INFO] Cache hit
[2025-11-05T23:20:48.147064] [WARN] High memory usage detected
[2025-11-05T23:20:48.147083] [DEBUG] Memory allocation: 2048 bytes
[2025-11-05T23:20:48.147133] [DEBUG] Memory allocation: 2048 bytes
[2025-11-05T23:20:48.147008] [INFO] Transaction completed
[2025-11-05T23:20:48.147073] [ERROR] Request failed
[2025-11-05T23:20:48.147108] [DEBUG] Cache key generated
[2025-11-05T23:20:48.146999] [INFO] User logged in
[2025-11-05T23:20:48.147092] [DEBUG] Cache key generated
[2025-11-05T23:20:48.147041] [INFO] Connection established
[2025-11-05T23:20:48.147104] [DEBUG] Thread pool size: 8
[2025-11-05T23:20:48.146994] [INFO] Session started
[2025-11-05T23:20:48.147016] [INFO] Cache hit
[2025-11-05T23:20:48.147046] [WARN] Queue size growing
[2025-11-05T23:20:48.147037] [INFO] Transaction completed
[2025-11-05T23:20:48.147021] [INFO] Transaction completed
[2025-11-05T23:20:48.146989] [INFO] Configuration loaded
[2025-11-05T23:20:48.147029] [INFO] Connection established
[2025-11-05T23:20:48.147051] [WARN] Disk space low
[2025-11-05T23:20:48.147033] [INFO] Connection established
[2025-11-05T23:20:48.146984] [INFO] User logged in
[2025-11-05T23:20:48.147124] [DEBUG] Connection pool status checked
[2025-11-05T23:20:48.147025] [INFO] Connection established
[2025-11-05T23:20:48.147120] [DEBUG] Cache key generated
[2025-11-05T23:20:48.147055] [WARN] Timeout warning
[2025-11-05T23:20:48.147078] [ERROR] File not found
[2025-11-05T23:20:48.147068] [WARN] Resource threshold approaching
[2025-11-05T23:20:48.147004] [INFO] Request processed successfully
[2025-11-05T23:20:48.147128] [DEBUG] Timer set: 30 seconds
[2025-11-05T23:20:48.147096] [DEBUG] Cache key generated
[2025-11-05T23:20:48.147100] [DEBUG] Cache key generated
[2025-11-05T23:20:48.147112] [DEBUG] HTTP request headers parsed
[2025-11-05T23:20:48.147116] [DEBUG] Variable value: x=42
