[2025-11-05T23:20:26.591166] [INFO] Session started
[2025-11-05T23:20:26.591286] [WARN] Deprecated API usage
[2025-11-05T23:20:26.591152] [INFO] Service initialized
[2025-11-05T23:20:26.591178] [INFO] Transaction completed
[2025-11-05T23:20:26.591319] [DEBUG] Timer set: 30 seconds
[2025-11-05T23:20:26.591122] [INFO] Service initialized
[2025-11-05T23:20:26.591294] [ERROR] Service unavailable
[2025-11-05T23:20:26.591282] [WARN] Queue size growing
[2025-11-05T23:20:26.591311] [DEBUG] Cache key generated
[2025-11-05T23:20:26.591326] [DEBUG] Connection pool status checked
[2025-11-05T23:20:26.591159] [INFO] Connection established
[2025-11-05T23:20:26.591170] [INFO] User logged in
[2025-11-05T23:20:26.591298] [ERROR] Memory allocation error
[2025-11-05T23:20:26.591270] [INFO] Session started
[2025-11-05T23:20:26.591340] [DEBUG] Cache key generated
[2025-11-05T23:20:26.591330] [DEBUG] Variable value: x=42
[2025-11-05T23:20:26.591184] [INFO] Database query executed
[2025-11-05T23:20:26.591194] [INFO] Configuration loaded
[2025-11-05T23:20:26.591190] [INFO] Transaction completed
[2025-11-05T23:20:26.591146] [INFO] Cache hit
[2025-11-05T23:20:26.591315] [DEBUG] HTTP request headers parsed
[2025-11-05T23:20:26.591156] [INFO] Transaction completed
[2025-11-05T23:20:26.591333] [DEBUG] Memory allocation: 2048 bytes
[2025-11-05T23:20:26.591343] [DEBUG] HTTP request headers parsed
[2025-11-05T23:20:26.591337] [DEBUG] Buffer size: 4096 bytes
[2025-11-05T23:20:26.591322] [DEBUG] Buffer size: 4096 bytes
[2025-11-05T23:20:26.591174] [INFO] Connection established
[2025-11-05T23:20:26.591197] [INFO] Session started
[2025-11-05T23:20:26.591279] [WARN] Queue size growing
[2025-11-05T23:20:26.591290] [WARN] Deprecated API usage
[2025-11-05T23:20:26.591187] [INFO] Database query executed
[2025-11-05T23:20:26.591303] [DEBUG] HTTP request headers parsed
[2025-11-05T23:20:26.591308] [DEBUG] Timer set: 30 seconds
[2025-11-05T23:20:26.591163] [INFO] Cache hit
[2025-11-05T23:20:26.591275] [WARN] Timeout warning
[2025-11-05T23:20:26.591181] [INFO] Database query executed
[2025-11-05T23:20:26.591263] [INFO] Service initialized
