[2025-11-05T23:20:49.990485] [INFO] Connection established
[2025-11-05T23:20:49.990517] [INFO] Session started
[2025-11-05T23:20:49.990542] [ERROR] Database connection lost
[2025-11-05T23:20:49.990526] [INFO] Connection established
[2025-11-05T23:20:49.990593] [DEBUG] Memory allocation: 2048 bytes
[2025-11-05T23:20:49.990566] [DEBUG] Buffer size: 4096 bytes
[2025-11-05T23:20:49.990536] [WARN] Resource threshold approaching
[2025-11-05T23:20:49.990522] [INFO] Transaction completed
[2025-11-05T23:20:49.990504] [INFO] Transaction completed
[2025-11-05T23:20:49.990490] [INFO] Configuration loaded
[2025-11-05T23:20:49.990531] [WARN] Rate limit approaching
[2025-11-05T23:20:49.990579] [DEBUG] Buffer size: 4096 bytes
[2025-11-05T23:20:49.990575] [DEBUG] Buffer size: 4096 bytes
[2025-11-05T23:20:49.990452] [INFO] Transaction completed
[2025-11-05T23:20:49.990588] [DEBUG] Loop iteration: 15
[2025-11-05T23:20:49.990499] [INFO] Connection established
[2025-11-05T23:20:49.990546] [ERROR] Permission denied
[2025-11-05T23:20:49.990551] [DEBUG] Memory allocation: 2048 bytes
[2025-11-05T23:20:49.990584] [DEBUG] Connection pool status checked
[2025-11-05T23:20:49.990571] [DEBUG] Memory allocation: 2048 bytes
[2025-11-05T23:20:49.990557] [DEBUG] Cache key generated
[2025-11-05T23:20:49.990513] [INFO] User logged in
[2025-11-05T23:20:49.990495] [INFO] Database query executed
[2025-11-05T23:20:49.990478] [INFO] Service initialized
[2025-11-05T23:20:49.990508] [INFO] Transaction completed
[2025-11-05T23:20:49.990562] [DEBUG] Memory allocation: 2048 bytes
