[2025-11-05T23:20:42.301025] [INFO] Cache hit
[2025-11-05T23:20:42.301063] [WARN] Deprecated API usage
[2025-11-05T23:20:42.301139] [DEBUG] Connection pool status checked
[2025-11-05T23:20:42.300984] [INFO] Configuration loaded
[2025-11-05T23:20:42.301049] [WARN] Disk space low
[2025-11-05T23:20:42.301105] [DEBUG] Loop iteration: 15
[2025-11-05T23:20:42.301118] [DEBUG] Cache key generated
[2025-11-05T23:20:42.301003] [INFO] Database query executed
[2025-11-05T23:20:42.301013] [INFO] Cache hit
[2025-11-05T23:20:42.301045] [WARN] Deprecated API usage
[2025-11-05T23:20:42.301068] [WARN] High memory usage detected
[2025-11-05T23:20:42.301114] [DEBUG] Buffer size: 4096 bytes
[2025-11-05T23:20:42.300989] [INFO] Connection established
[2025-11-05T23:20:42.301135] [DEBUG] Variable value: x=42
[2025-11-05T23:20:42.300979] [INFO] Request processed successfully
[2025-11-05T23:20:42.301129] [DEBUG] Buffer size: 4096 bytes
[2025-11-05T23:20:42.301008] [INFO] Service initialized
[2025-11-05T23:20:42.300999] [INFO] Connection established
[2025-11-05T23:20:42.301084] [DEBUG] Thread pool size: 8
[2025-11-05T23:20:42.301094] [DEBUG] Timer set: 30 seconds
[2025-11-05T23:20:42.301035] [WARN] Resource threshold approaching
[2025-11-05T23:20:42.301054] [WARN] Resource threshold approaching
[2025-11-05T23:20:42.300974] [INFO] Service initialized
[2025-11-05T23:20:42.301078] [ERROR] Invalid input data
[2025-11-05T23:20:42.301021] [INFO] Database query executed
[2025-11-05T23:20:42.301029] [INFO] Service initialized
[2025-11-05T23:20:42.300994] [INFO] Request processed successfully
[2025-11-05T23:20:42.300968] [INFO] Configuration loaded
[2025-11-05T23:20:42.301125] [DEBUG] Entering function process_data()
[2025-11-05T23:20:42.300942] [INFO] Configuration loaded
[2025-11-05T23:20:42.301109] [DEBUG] Variable value: x=42
[2025-11-05T23:20:42.301073] [ERROR] Network timeout
[2025-11-05T23:20:42.301017] [INFO] Configuration loaded
[2025-11-05T23:20:42.301059] [WARN] High memory usage detected
[2025-11-05T23:20:42.301040] [WARN] Cache miss
[2025-11-05T23:20:42.301089] [DEBUG] Thread pool size: 8
[2025-11-05T23:20:42.301100] [DEBUG] Connection pool status checked
