[2025-11-05T23:20:11.844034] [INFO] Cache hit
[2025-11-05T23:20:11.844072] [INFO] Database query executed
[2025-11-05T23:20:11.844025] [INFO] Service initialized
[2025-11-05T23:20:11.844016] [INFO] Service initialized
[2025-11-05T23:20:11.844084] [WARN] Slow query performance
[2025-11-05T23:20:11.844155] [DEBUG] Buffer size: 4096 bytes
[2025-11-05T23:20:11.844097] [WARN] Deprecated API usage
[2025-11-05T23:20:11.844142] [DEBUG] Connection pool status checked
[2025-11-05T23:20:11.844067] [INFO] User logged in
[2025-11-05T23:20:11.844049] [INFO] Cache hit
[2025-11-05T23:20:11.843982] [INFO] Connection established
[2025-11-05T23:20:11.844110] [WARN] Timeout warning
[2025-11-05T23:20:11.844078] [WARN] Queue size growing
[2025-11-05T23:20:11.844058] [INFO] Request processed successfully
[2025-11-05T23:20:11.844040] [INFO] Service initialized
[2025-11-05T23:20:11.844165] [DEBUG] Thread pool size: 8
[2025-11-05T23:20:11.844044] [INFO] Request processed successfully
[2025-11-05T23:20:11.844030] [INFO] Connection established
[2025-11-05T23:20:11.844147] [DEBUG] Timer set: 30 seconds
[2025-11-05T23:20:11.844020] [INFO] Health check passed
[2025-11-05T23:20:11.844159] [DEBUG] Entering function process_data()
[2025-11-05T23:20:11.844133] [DEBUG] Loop iteration: 15
[2025-11-05T23:20:11.844128] [DEBUG] HTTP request headers parsed
[2025-11-05T23:20:11.844122] [DEBUG] Memory allocation: 2048 bytes
[2025-11-05T23:20:11.844053] [INFO] Request processed successfully
[2025-11-05T23:20:11.844101] [WARN] Timeout warning
[2025-11-05T23:20:11.844093] [WARN] High memory usage detected
[2025-11-05T23:20:11.844062] [INFO] Transaction completed
[2025-11-05T23:20:11.844009] [INFO] Session started
[2025-11-05T23:20:11.844115] [ERROR] Authentication failed
[2025-11-05T23:20:11.844151] [DEBUG] Buffer size: 4096 bytes
[2025-11-05T23:20:11.844137] [DEBUG] Buffer size: 4096 bytes
[2025-11-05T23:20:11.844106] [WARN] Timeout warning
[2025-11-05T23:20:11.844089] [WARN] High memory usage detected
