[2025-11-05T23:20:46.966285] [DEBUG] Cache key generated
[2025-11-05T23:20:46.966204] [INFO] Session started
[2025-11-05T23:20:46.966219] [INFO] Cache hit
[2025-11-05T23:20:46.966236] [INFO] Configuration loaded
[2025-11-05T23:20:46.966258] [INFO] Health check passed
[2025-11-05T23:20:46.966232] [INFO] Database query executed
[2025-11-05T23:20:46.966250] [INFO] Service initialized
[2025-11-05T23:20:46.966294] [DEBUG] Cache key generated
[2025-11-05T23:20:46.966307] [DEBUG] Entering function process_data()
[2025-11-05T23:20:46.966177] [INFO] Connection established
[2025-11-05T23:20:46.966215] [INFO] Transaction completed
[2025-11-05T23:20:46.966289] [DEBUG] Loop iteration: 15
[2025-11-05T23:20:46.966254] [INFO] Service initialized
[2025-11-05T23:20:46.966262] [INFO] Cache hit
[2025-11-05T23:20:46.966246] [INFO] Transaction completed
[2025-11-05T23:20:46.966241] [INFO] Cache hit
[2025-11-05T23:20:46.966268] [WARN] High memory usage detected
[2025-11-05T23:20:46.966224] [INFO] Cache hit
[2025-11-05T23:20:46.966274] [ERROR] Database connection lost
[2025-11-05T23:20:46.966298] [DEBUG] Variable value: x=42
[2025-11-05T23:20:46.966279] [ERROR] Invalid input data
[2025-11-05T23:20:46.966302] [DEBUG] Connection pool status checked
[2025-11-05T23:20:46.966210] [INFO] Request processed successfully
[2025-11-05T23:20:46.966316] [DEBUG] Timer set: 30 seconds
[2025-11-05T23:20:46.966311] [DEBUG] Loop iteration: 15
[2025-11-05T23:20:46.966228] [INFO] Session started
[2025-11-05T23:20:46.966320] [DEBUG] HTTP request headers parsed
