[2025-11-05T23:20:26.392225] [INFO] User logged in
[2025-11-05T23:20:26.392212] [INFO] Service initialized
[2025-11-05T23:20:26.392286] [DEBUG] Variable value: x=42
[2025-11-05T23:20:26.392248] [WARN] Connection retry attempt
[2025-11-05T23:20:26.392222] [INFO] Health check passed
[2025-11-05T23:20:26.392273] [DEBUG] Buffer size: 4096 bytes
[2025-11-05T23:20:26.392194] [INFO] Configuration loaded
[2025-11-05T23:20:26.392153] [INFO] Health check passed
[2025-11-05T23:20:26.392262] [DEBUG] Memory allocation: 2048 bytes
[2025-11-05T23:20:26.392257] [ERROR] Invalid input data
[2025-11-05T23:20:26.392276] [DEBUG] Variable value: x=42
[2025-11-05T23:20:26.392283] [DEBUG] HTTP request headers parsed
[2025-11-05T23:20:26.392279] [DEBUG] Timer set: 30 seconds
[2025-11-05T23:20:26.392241] [WARN] Queue size growing
[2025-11-05T23:20:26.392178] [INFO] Connection established
[2025-11-05T23:20:26.392209] [INFO] Session started
[2025-11-05T23:20:26.392237] [WARN] High memory usage detected
[2025-11-05T23:20:26.392219] [INFO] Configuration loaded
[2025-11-05T23:20:26.392183] [INFO] Connection established
[2025-11-05T23:20:26.392233] [WARN] Slow query performance
[2025-11-05T23:20:26.392252] [WARN] Connection retry attempt
[2025-11-05T23:20:26.392190] [INFO] Session started
[2025-11-05T23:20:26.392201] [INFO] Request processed successfully
[2025-11-05T23:20:26.392215] [INFO] Connection established
[2025-11-05T23:20:26.392203] [INFO] Database query executed
[2025-11-05T23:20:26.392266] [DEBUG] Thread pool size: 8
[2025-11-05T23:20:26.392245] [WARN] Slow query performance
[2025-11-05T23:20:26.392228] [INFO] Service initialized
[2025-11-05T23:20:26.392270] [DEBUG] Variable value: x=42
[2025-11-05T23:20:26.392197] [INFO] Cache hit
[2025-11-05T23:20:26.392289] [DEBUG] Cache key generated
[2025-11-05T23:20:26.392187] [INFO] Connection established
