[2025-11-05T23:20:22.040988] [INFO] Request processed successfully
[2025-11-05T23:20:22.040984] [INFO] Health check passed
[2025-11-05T23:20:22.040970] [INFO] Health check passed
[2025-11-05T23:20:22.041056] [DEBUG] Memory allocation: 2048 bytes
[2025-11-05T23:20:22.041051] [DEBUG] Variable value: x=42
[2025-11-05T23:20:22.041061] [DEBUG] Buffer size: 4096 bytes
[2025-11-05T23:20:22.041005] [INFO] Connection established
[2025-11-05T23:20:22.041009] [INFO] Request processed successfully
[2025-11-05T23:20:22.040979] [INFO] Health check passed
[2025-11-05T23:20:22.041014] [INFO] Configuration loaded
[2025-11-05T23:20:22.041066] [DEBUG] Thread pool size: 8
[2025-11-05T23:20:22.040992] [INFO] Connection established
[2025-11-05T23:20:22.040965] [INFO] Database query executed
[2025-11-05T23:20:22.041070] [DEBUG] Variable value: x=42
[2025-11-05T23:20:22.040927] [INFO] User logged in
[2025-11-05T23:20:22.041024] [WARN] Rate limit approaching
[2025-11-05T23:20:22.041037] [DEBUG] Entering function process_data()
[2025-11-05T23:20:22.040996] [INFO] Service initialized
[2025-11-05T23:20:22.041075] [DEBUG] Buffer size: 4096 bytes
[2025-11-05T23:20:22.041046] [DEBUG] Entering function process_data()
[2025-11-05T23:20:22.040974] [INFO] Transaction completed
[2025-11-05T23:20:22.041000] [INFO] Health check passed
[2025-11-05T23:20:22.041030] [ERROR] File not found
[2025-11-05T23:20:22.041019] [WARN] Deprecated API usage
[2025-11-05T23:20:22.040958] [INFO] Session started
[2025-11-05T23:20:22.041041] [DEBUG] HTTP request headers parsed
