[2025-11-05T23:20:49.502800] [WARN] Deprecated API usage
[2025-11-05T23:20:49.502704] [INFO] Cache hit
[2025-11-05T23:20:49.502836] [DEBUG] Timer set: 30 seconds
[2025-11-05T23:20:49.502817] [ERROR] Disk read failed
[2025-11-05T23:20:49.502844] [DEBUG] Thread pool size: 8
[2025-11-05T23:20:49.502790] [INFO] Transaction completed
[2025-11-05T23:20:49.502812] [WARN] Rate limit approaching
[2025-11-05T23:20:49.502750] [INFO] Connection established
[2025-11-05T23:20:49.502853] [DEBUG] HTTP request headers parsed
[2025-11-05T23:20:49.502770] [INFO] Connection established
[2025-11-05T23:20:49.502786] [INFO] Transaction completed
[2025-11-05T23:20:49.502782] [INFO] Session started
[2025-11-05T23:20:49.502778] [INFO] Service initialized
[2025-11-05T23:20:49.502856] [DEBUG] HTTP request headers parsed
[2025-11-05T23:20:49.502754] [INFO] Transaction completed
[2025-11-05T23:20:49.502831] [DEBUG] Memory allocation: 2048 bytes
[2025-11-05T23:20:49.502860] [DEBUG] Cache key generated
[2025-11-05T23:20:49.502827] [DEBUG] Loop iteration: 15
[2025-11-05T23:20:49.502840] [DEBUG] Memory allocation: 2048 bytes
[2025-11-05T23:20:49.502737] [INFO] Service initialized
[2025-11-05T23:20:49.502767] [INFO] Health check passed
[2025-11-05T23:20:49.502822] [ERROR] Invalid input data
[2025-11-05T23:20:49.502848] [DEBUG] HTTP request headers parsed
[2025-11-05T23:20:49.502741] [INFO] Session started
[2025-11-05T23:20:49.502762] [INFO] Session started
[2025-11-05T23:20:49.502746] [INFO] Health check passed
[2025-11-05T23:20:49.502758] [INFO] Configuration loaded
[2025-11-05T23:20:49.502731] [INFO] Database query executed
[2025-11-05T23:20:49.502808] [WARN] Disk space low
[2025-11-05T23:20:49.502774] [INFO] User logged in
[2025-11-05T23:20:49.502795] [WARN] Resource threshold approaching
[2025-11-05T23:20:49.502804] [WARN] Timeout warning
