[2025-11-05T23:20:44.232556] [DEBUG] Cache key generated
[2025-11-05T23:20:44.232453] [INFO] Cache hit
[2025-11-05T23:20:44.232457] [INFO] Session started
[2025-11-05T23:20:44.232552] [DEBUG] Cache key generated
[2025-11-05T23:20:44.232516] [ERROR] Network timeout
[2025-11-05T23:20:44.232526] [DEBUG] Timer set: 30 seconds
[2025-11-05T23:20:44.232380] [INFO] User logged in
[2025-11-05T23:20:44.232502] [WARN] Disk space low
[2025-11-05T23:20:44.232426] [INFO] Health check passed
[2025-11-05T23:20:44.232547] [DEBUG] HTTP request headers parsed
[2025-11-05T23:20:44.232510] [WARN] Rate limit approaching
[2025-11-05T23:20:44.232449] [INFO] Request processed successfully
[2025-11-05T23:20:44.232440] [INFO] Database query executed
[2025-11-05T23:20:44.232436] [INFO] Database query executed
[2025-11-05T23:20:44.232521] [ERROR] Authentication failed
[2025-11-05T23:20:44.232543] [DEBUG] Memory allocation: 2048 bytes
[2025-11-05T23:20:44.232473] [INFO] User logged in
[2025-11-05T23:20:44.232461] [INFO] Session started
[2025-11-05T23:20:44.232560] [DEBUG] Buffer size: 4096 bytes
[2025-11-05T23:20:44.232408] [INFO] Configuration loaded
[2025-11-05T23:20:44.232444] [INFO] Configuration loaded
[2025-11-05T23:20:44.232492] [WARN] Deprecated API usage
[2025-11-05T23:20:44.232487] [INFO] Configuration loaded
[2025-11-05T23:20:44.232478] [INFO] Request processed successfully
[2025-11-05T23:20:44.232415] [INFO] Service initialized
[2025-11-05T23:20:44.232469] [INFO] Database query executed
[2025-11-05T23:20:44.232482] [INFO] Configuration loaded
[2025-11-05T23:20:44.232535] [DEBUG] HTTP request headers parsed
[2025-11-05T23:20:44.232539] [DEBUG] Cache key generated
[2025-11-05T23:20:44.232465] [INFO] User logged in
[2025-11-05T23:20:44.232497] [WARN] Connection retry attempt
[2025-11-05T23:20:44.232531] [DEBUG] Variable value: x=42
[2025-11-05T23:20:44.232431] [INFO] Cache hit
[2025-11-05T23:20:44.232421] [INFO] Database query executed
[2025-11-05T23:20:44.232506] [WARN] Disk space low
