[2025-11-05T23:20:34.365848] [INFO] Request processed successfully
[2025-11-05T23:20:34.365816] [INFO] Connection established
[2025-11-05T23:20:34.365913] [WARN] Slow query performance
[2025-11-05T23:20:34.365940] [DEBUG] Variable value: x=42
[2025-11-05T23:20:34.365953] [DEBUG] Cache key generated
[2025-11-05T23:20:34.365844] [INFO] Request processed successfully
[2025-11-05T23:20:34.365934] [ERROR] Network timeout
[2025-11-05T23:20:34.365827] [INFO] Transaction completed
[2025-11-05T23:20:34.365836] [INFO] Database query executed
[2025-11-05T23:20:34.365928] [WARN] Disk space low
[2025-11-05T23:20:34.365908] [WARN] Resource threshold approaching
[2025-11-05T23:20:34.365840] [INFO] Connection established
[2025-11-05T23:20:34.365822] [INFO] User logged in
[2025-11-05T23:20:34.365944] [DEBUG] Memory allocation: 2048 bytes
[2025-11-05T23:20:34.365832] [INFO] Health check passed
[2025-11-05T23:20:34.365967] [DEBUG] Variable value: x=42
[2025-11-05T23:20:34.365972] [DEBUG] Entering function process_data()
[2025-11-05T23:20:34.365790] [INFO] Cache hit
[2025-11-05T23:20:34.365976] [DEBUG] HTTP request headers parsed
[2025-11-05T23:20:34.365852] [INFO] Request processed successfully
[2025-11-05T23:20:34.365957] [DEBUG] Variable value: x=42
[2025-11-05T23:20:34.365900] [INFO] Health check passed
[2025-11-05T23:20:34.365949] [DEBUG] Cache key generated
[2025-11-05T23:20:34.365918] [WARN] Disk space low
[2025-11-05T23:20:34.365922] [WARN] Timeout warning
[2025-11-05T23:20:34.365856] [INFO] Service initialized
[2025-11-05T23:20:34.365962] [DEBUG] Variable value: x=42
