[2025-11-05T23:20:40.782482] [DEBUG] HTTP request headers parsed
[2025-11-05T23:20:40.782452] [ERROR] Network timeout
[2025-11-05T23:20:40.782392] [INFO] Cache hit
[2025-11-05T23:20:40.782442] [WARN] Timeout warning
[2025-11-05T23:20:40.782431] [WARN] Resource threshold approaching
[2025-11-05T23:20:40.782487] [DEBUG] Timer set: 30 seconds
[2025-11-05T23:20:40.782473] [DEBUG] Cache key generated
[2025-11-05T23:20:40.782384] [INFO] Health check passed
[2025-11-05T23:20:40.782375] [INFO] Configuration loaded
[2025-11-05T23:20:40.782478] [DEBUG] Connection pool status checked
[2025-11-05T23:20:40.782497] [DEBUG] Cache key generated
[2025-11-05T23:20:40.782406] [INFO] Database query executed
[2025-11-05T23:20:40.782437] [WARN] Queue size growing
[2025-11-05T23:20:40.782420] [INFO] Transaction completed
[2025-11-05T23:20:40.782379] [INFO] Connection established
[2025-11-05T23:20:40.782426] [WARN] Rate limit approaching
[2025-11-05T23:20:40.782333] [INFO] Configuration loaded
[2025-11-05T23:20:40.782411] [INFO] Session started
[2025-11-05T23:20:40.782415] [INFO] Configuration loaded
[2025-11-05T23:20:40.782370] [INFO] Transaction completed
[2025-11-05T23:20:40.782359] [INFO] Transaction completed
[2025-11-05T23:20:40.782446] [WARN] Cache miss
[2025-11-05T23:20:40.782388] [INFO] Health check passed
[2025-11-05T23:20:40.782365] [INFO] Request processed successfully
[2025-11-05T23:20:40.782492] [DEBUG] Cache key generated
[2025-11-05T23:20:40.782458] [DEBUG] Timer set: 30 seconds
[2025-11-05T23:20:40.782401] [INFO] User logged in
[2025-11-05T23:20:40.782397] [INFO] Session started
[2025-11-05T23:20:40.782464] [DEBUG] Entering function process_data()
[2025-11-05T23:20:40.782468] [DEBUG] HTTP request headers parsed
