[2025-11-05T23:20:42.607211] [DEBUG] Entering function process_data()
[2025-11-05T23:20:42.607207] [DEBUG] Cache key generated
[2025-11-05T23:20:42.607162] [ERROR] Network timeout
[2025-11-05T23:20:42.607194] [DEBUG] Entering function process_data()
[2025-11-05T23:20:42.607136] [WARN] Deprecated API usage
[2025-11-05T23:20:42.607124] [INFO] Cache hit
[2025-11-05T23:20:42.607184] [DEBUG] Loop iteration: 15
[2025-11-05T23:20:42.607156] [ERROR] File not found
[2025-11-05T23:20:42.607115] [INFO] Connection established
[2025-11-05T23:20:42.607198] [DEBUG] Thread pool size: 8
[2025-11-05T23:20:42.607173] [DEBUG] Cache key generated
[2025-11-05T23:20:42.607092] [INFO] Transaction completed
[2025-11-05T23:20:42.607057] [INFO] Health check passed
[2025-11-05T23:20:42.607101] [INFO] Cache hit
[2025-11-05T23:20:42.607073] [INFO] Configuration loaded
[2025-11-05T23:20:42.607110] [INFO] Connection established
[2025-11-05T23:20:42.607097] [INFO] Transaction completed
[2025-11-05T23:20:42.607069] [INFO] Session started
[2025-11-05T23:20:42.607029] [INFO] Session started
[2025-11-05T23:20:42.607119] [INFO] Database query executed
[2025-11-05T23:20:42.607178] [DEBUG] Loop iteration: 15
[2025-11-05T23:20:42.607150] [WARN] Timeout warning
[2025-11-05T23:20:42.607064] [INFO] Service initialized
[2025-11-05T23:20:42.607167] [DEBUG] Memory allocation: 2048 bytes
[2025-11-05T23:20:42.607129] [WARN] Resource threshold approaching
[2025-11-05T23:20:42.607088] [INFO] Session started
[2025-11-05T23:20:42.607140] [WARN] Slow query performance
[2025-11-05T23:20:42.607203] [DEBUG] Variable value: x=42
[2025-11-05T23:20:42.607189] [DEBUG] Connection pool status checked
[2025-11-05T23:20:42.607106] [INFO] Connection established
[2025-11-05T23:20:42.607083] [INFO] Request processed successfully
[2025-11-05T23:20:42.607145] [WARN] High memory usage detected
[2025-11-05T23:20:42.607078] [INFO] Cache hit
