[2025-11-05T23:20:19.291245] [DEBUG] Variable value: x=42
[2025-11-05T23:20:19.291154] [INFO] Configuration loaded
[2025-11-05T23:20:19.291172] [INFO] Database query executed
[2025-11-05T23:20:19.291158] [INFO] Configuration loaded
[2025-11-05T23:20:19.291185] [INFO] User logged in
[2025-11-05T23:20:19.291209] [WARN] Timeout warning
[2025-11-05T23:20:19.291253] [DEBUG] Timer set: 30 seconds
[2025-11-05T23:20:19.291195] [WARN] Deprecated API usage
[2025-11-05T23:20:19.291176] [INFO] Health check passed
[2025-11-05T23:20:19.291140] [INFO] Transaction completed
[2025-11-05T23:20:19.291191] [WARN] Rate limit approaching
[2025-11-05T23:20:19.291163] [INFO] Database query executed
[2025-11-05T23:20:19.291249] [DEBUG] Connection pool status checked
[2025-11-05T23:20:19.291234] [DEBUG] Memory allocation: 2048 bytes
[2025-11-05T23:20:19.291230] [DEBUG] Thread pool size: 8
[2025-11-05T23:20:19.291145] [INFO] Service initialized
[2025-11-05T23:20:19.291225] [DEBUG] Entering function process_data()
[2025-11-05T23:20:19.291200] [WARN] Connection retry attempt
[2025-11-05T23:20:19.291150] [INFO] User logged in
[2025-11-05T23:20:19.291220] [DEBUG] Variable value: x=42
[2025-11-05T23:20:19.291135] [INFO] Configuration loaded
[2025-11-05T23:20:19.291104] [INFO] Database query executed
[2025-11-05T23:20:19.291205] [WARN] Connection retry attempt
[2025-11-05T23:20:19.291240] [DEBUG] Cache key generated
[2025-11-05T23:20:19.291180] [INFO] Transaction completed
[2025-11-05T23:20:19.291215] [ERROR] Invalid input data
[2025-11-05T23:20:19.291129] [INFO] Session started
[2025-11-05T23:20:19.291168] [INFO] Health check passed
