[2025-11-05T23:20:32.502254] [DEBUG] Memory allocation: 2048 bytes
[2025-11-05T23:20:32.502077] [INFO] User logged in
[2025-11-05T23:20:32.502211] [WARN] Resource threshold approaching
[2025-11-05T23:20:32.502087] [INFO] Database query executed
[2025-11-05T23:20:32.502004] [INFO] Connection established
[2025-11-05T23:20:32.502095] [INFO] User logged in
[2025-11-05T23:20:32.501976] [INFO] User logged in
[2025-11-05T23:20:32.502082] [INFO] Transaction completed
[2025-11-05T23:20:32.502250] [DEBUG] Timer set: 30 seconds
[2025-11-05T23:20:32.502040] [INFO] Cache hit
[2025-11-05T23:20:32.502034] [INFO] User logged in
[2025-11-05T23:20:32.502010] [INFO] Health check passed
[2025-11-05T23:20:32.502050] [INFO] Request processed successfully
[2025-11-05T23:20:32.502205] [WARN] Connection retry attempt
[2025-11-05T23:20:32.502030] [INFO] Session started
[2025-11-05T23:20:32.502054] [INFO] Session started
[2025-11-05T23:20:32.502231] [DEBUG] Memory allocation: 2048 bytes
[2025-11-05T23:20:32.502063] [INFO] Request processed successfully
[2025-11-05T23:20:32.502241] [DEBUG] Loop iteration: 15
[2025-11-05T23:20:32.502058] [INFO] Session started
[2025-11-05T23:20:32.502025] [INFO] User logged in
[2025-11-05T23:20:32.502165] [WARN] High memory usage detected
[2025-11-05T23:20:32.502246] [DEBUG] Cache key generated
[2025-11-05T23:20:32.502259] [DEBUG] Timer set: 30 seconds
[2025-11-05T23:20:32.502267] [DEBUG] Memory allocation: 2048 bytes
[2025-11-05T23:20:32.502219] [ERROR] Authentication failed
[2025-11-05T23:20:32.502092] [INFO] Database query executed
[2025-11-05T23:20:32.502198] [WARN] Queue size growing
[2025-11-05T23:20:32.502073] [INFO] Service initialized
[2025-11-05T23:20:32.502158] [WARN] Deprecated API usage
[2025-11-05T23:20:32.502020] [INFO] Session started
[2025-11-05T23:20:32.502237] [DEBUG] Entering function process_data()
[2025-11-05T23:20:32.502046] [INFO] Connection established
[2025-11-05T23:20:32.502263] [DEBUG] Loop iteration: 15
[2025-11-05T23:20:32.502068] [INFO] Configuration loaded
[2025-11-05T23:20:32.502016] [INFO] Configuration loaded
[2025-11-05T23:20:32.502224] [ERROR] Disk read failed
