[2025-11-05T23:20:24.134747] [DEBUG] Thread pool size: 8
[2025-11-05T23:20:24.134644] [INFO] Database query executed
[2025-11-05T23:20:24.134743] [DEBUG] Loop iteration: 15
[2025-11-05T23:20:24.134632] [INFO] Request processed successfully
[2025-11-05T23:20:24.134593] [INFO] Health check passed
[2025-11-05T23:20:24.134722] [DEBUG] Thread pool size: 8
[2025-11-05T23:20:24.134731] [DEBUG] Connection pool status checked
[2025-11-05T23:20:24.134658] [INFO] Transaction completed
[2025-11-05T23:20:24.134617] [INFO] User logged in
[2025-11-05T23:20:24.134624] [INFO] Session started
[2025-11-05T23:20:24.134654] [INFO] Database query executed
[2025-11-05T23:20:24.134609] [INFO] Configuration loaded
[2025-11-05T23:20:24.134738] [DEBUG] Loop iteration: 15
[2025-11-05T23:20:24.134679] [WARN] Connection retry attempt
[2025-11-05T23:20:24.134700] [DEBUG] Cache key generated
[2025-11-05T23:20:24.134613] [INFO] Session started
[2025-11-05T23:20:24.134705] [DEBUG] Loop iteration: 15
[2025-11-05T23:20:24.134683] [WARN] Queue size growing
[2025-11-05T23:20:24.134628] [INFO] Session started
[2025-11-05T23:20:24.134664] [WARN] Rate limit approaching
[2025-11-05T23:20:24.134735] [DEBUG] Timer set: 30 seconds
[2025-11-05T23:20:24.134636] [INFO] Health check passed
[2025-11-05T23:20:24.134567] [INFO] Connection established
[2025-11-05T23:20:24.134710] [DEBUG] HTTP request headers parsed
[2025-11-05T23:20:24.134694] [ERROR] Permission denied
[2025-11-05T23:20:24.134718] [DEBUG] Timer set: 30 seconds
[2025-11-05T23:20:24.134640] [INFO] Configuration loaded
[2025-11-05T23:20:24.134599] [INFO] Session started
[2025-11-05T23:20:24.134689] [ERROR] File not found
[2025-11-05T23:20:24.134750] [DEBUG] Loop iteration: 15
[2025-11-05T23:20:24.134714] [DEBUG] Loop iteration: 15
[2025-11-05T23:20:24.134649] [INFO] Transaction completed
[2025-11-05T23:20:24.134670] [WARN] Cache miss
[2025-11-05T23:20:24.134605] [INFO] Service initialized
[2025-11-05T23:20:24.134674] [WARN] Disk space low
[2025-11-05T23:20:24.134727] [DEBUG] HTTP request headers parsed
