[2025-11-05T23:20:43.990241] [INFO] Request processed successfully
[2025-11-05T23:20:43.990307] [WARN] Resource threshold approaching
[2025-11-05T23:20:43.990369] [DEBUG] Cache key generated
[2025-11-05T23:20:43.990215] [INFO] Request processed successfully
[2025-11-05T23:20:43.990291] [WARN] High memory usage detected
[2025-11-05T23:20:43.990231] [INFO] Connection established
[2025-11-05T23:20:43.990298] [WARN] Queue size growing
[2025-11-05T23:20:43.990285] [INFO] User logged in
[2025-11-05T23:20:43.990318] [ERROR] Memory allocation error
[2025-11-05T23:20:43.990356] [DEBUG] HTTP request headers parsed
[2025-11-05T23:20:43.990220] [INFO] Connection established
[2025-11-05T23:20:43.990269] [INFO] Configuration loaded
[2025-11-05T23:20:43.990336] [DEBUG] HTTP request headers parsed
[2025-11-05T23:20:43.990171] [INFO] Cache hit
[2025-11-05T23:20:43.990250] [INFO] Service initialized
[2025-11-05T23:20:43.990313] [ERROR] Invalid input data
[2025-11-05T23:20:43.990275] [INFO] Database query executed
[2025-11-05T23:20:43.990197] [INFO] Configuration loaded
[2025-11-05T23:20:43.990264] [INFO] User logged in
[2025-11-05T23:20:43.990351] [DEBUG] Cache key generated
[2025-11-05T23:20:43.990259] [INFO] Cache hit
[2025-11-05T23:20:43.990204] [INFO] Connection established
[2025-11-05T23:20:43.990331] [DEBUG] Memory allocation: 2048 bytes
[2025-11-05T23:20:43.990325] [DEBUG] Connection pool status checked
[2025-11-05T23:20:43.990360] [DEBUG] Loop iteration: 15
[2025-11-05T23:20:43.990365] [DEBUG] Thread pool size: 8
[2025-11-05T23:20:43.990280] [INFO] Database query executed
[2025-11-05T23:20:43.990341] [DEBUG] Memory allocation: 2048 bytes
[2025-11-05T23:20:43.990225] [INFO] Service initialized
[2025-11-05T23:20:43.990245] [INFO] Database query executed
[2025-11-05T23:20:43.990210] [INFO] Health check passed
[2025-11-05T23:20:43.990303] [WARN] Queue size growing
[2025-11-05T23:20:43.990255] [INFO] Session started
[2025-11-05T23:20:43.990346] [DEBUG] HTTP request headers parsed
[2025-11-05T23:20:43.990236] [INFO] Session started
