[2025-11-05T23:20:32.822794] [DEBUG] Thread pool size: 8
[2025-11-05T23:20:32.822735] [INFO] Cache hit
[2025-11-05T23:20:32.822715] [INFO] User logged in
[2025-11-05T23:20:32.822703] [INFO] Connection established
[2025-11-05T23:20:32.822727] [INFO] Health check passed
[2025-11-05T23:20:32.822781] [DEBUG] Cache key generated
[2025-11-05T23:20:32.822742] [INFO] Health check passed
[2025-11-05T23:20:32.822785] [DEBUG] Timer set: 30 seconds
[2025-11-05T23:20:32.822723] [INFO] Request processed successfully
[2025-11-05T23:20:32.822663] [INFO] Health check passed
[2025-11-05T23:20:32.822747] [WARN] Cache miss
[2025-11-05T23:20:32.822777] [DEBUG] Loop iteration: 15
[2025-11-05T23:20:32.822738] [INFO] Database query executed
[2025-11-05T23:20:32.822711] [INFO] Session started
[2025-11-05T23:20:32.822699] [INFO] Cache hit
[2025-11-05T23:20:32.822719] [INFO] Request processed successfully
[2025-11-05T23:20:32.822731] [INFO] Configuration loaded
[2025-11-05T23:20:32.822695] [INFO] Session started
[2025-11-05T23:20:32.822689] [INFO] Connection established
[2025-11-05T23:20:32.822767] [ERROR] Memory allocation error
[2025-11-05T23:20:32.822789] [DEBUG] Cache key generated
[2025-11-05T23:20:32.822761] [WARN] Rate limit approaching
[2025-11-05T23:20:32.822707] [INFO] Session started
[2025-11-05T23:20:32.822753] [WARN] Resource threshold approaching
[2025-11-05T23:20:32.822772] [DEBUG] Cache key generated
[2025-11-05T23:20:32.822757] [WARN] Cache miss
