[2025-11-05T23:20:43.069665] [INFO] Request processed successfully
[2025-11-05T23:20:43.069677] [INFO] Request processed successfully
[2025-11-05T23:20:43.069644] [INFO] Request processed successfully
[2025-11-05T23:20:43.069622] [INFO] Session started
[2025-11-05T23:20:43.069655] [INFO] Connection established
[2025-11-05T23:20:43.069662] [INFO] Session started
[2025-11-05T23:20:43.069686] [INFO] Database query executed
[2025-11-05T23:20:43.069733] [DEBUG] Cache key generated
[2025-11-05T23:20:43.069695] [WARN] Timeout warning
[2025-11-05T23:20:43.069707] [DEBUG] Entering function process_data()
[2025-11-05T23:20:43.069683] [INFO] Transaction completed
[2025-11-05T23:20:43.069671] [INFO] Session started
[2025-11-05T23:20:43.069648] [INFO] Service initialized
[2025-11-05T23:20:43.069680] [INFO] Database query executed
[2025-11-05T23:20:43.069717] [DEBUG] Variable value: x=42
[2025-11-05T23:20:43.069674] [INFO] Database query executed
[2025-11-05T23:20:43.069691] [WARN] High memory usage detected
[2025-11-05T23:20:43.069727] [DEBUG] HTTP request headers parsed
[2025-11-05T23:20:43.069668] [INFO] Configuration loaded
[2025-11-05T23:20:43.069714] [DEBUG] Memory allocation: 2048 bytes
[2025-11-05T23:20:43.069703] [ERROR] Invalid input data
[2025-11-05T23:20:43.069710] [DEBUG] Variable value: x=42
[2025-11-05T23:20:43.069723] [DEBUG] Cache key generated
[2025-11-05T23:20:43.069699] [ERROR] Service unavailable
[2025-11-05T23:20:43.069730] [DEBUG] Memory allocation: 2048 bytes
[2025-11-05T23:20:43.069720] [DEBUG] Cache key generated
[2025-11-05T23:20:43.069652] [INFO] Configuration loaded
[2025-11-05T23:20:43.069658] [INFO] Health check passed
