[2025-11-05T23:20:35.663465] [INFO] Database query executed
[2025-11-05T23:20:35.663560] [DEBUG] Loop iteration: 15
[2025-11-05T23:20:35.663552] [DEBUG] Buffer size: 4096 bytes
[2025-11-05T23:20:35.663496] [INFO] Cache hit
[2025-11-05T23:20:35.663538] [DEBUG] Connection pool status checked
[2025-11-05T23:20:35.663519] [WARN] Queue size growing
[2025-11-05T23:20:35.663474] [INFO] Connection established
[2025-11-05T23:20:35.663500] [INFO] Configuration loaded
[2025-11-05T23:20:35.663515] [WARN] Deprecated API usage
[2025-11-05T23:20:35.663456] [INFO] Health check passed
[2025-11-05T23:20:35.663523] [WARN] Queue size growing
[2025-11-05T23:20:35.663528] [ERROR] Service unavailable
[2025-11-05T23:20:35.663547] [DEBUG] Memory allocation: 2048 bytes
[2025-11-05T23:20:35.663440] [INFO] Health check passed
[2025-11-05T23:20:35.663461] [INFO] Service initialized
[2025-11-05T23:20:35.663567] [DEBUG] Cache key generated
[2025-11-05T23:20:35.663571] [DEBUG] HTTP request headers parsed
[2025-11-05T23:20:35.663417] [INFO] Health check passed
[2025-11-05T23:20:35.663492] [INFO] Configuration loaded
[2025-11-05T23:20:35.663470] [INFO] Service initialized
[2025-11-05T23:20:35.663488] [INFO] Connection established
[2025-11-05T23:20:35.663533] [ERROR] Network timeout
[2025-11-05T23:20:35.663446] [INFO] Configuration loaded
[2025-11-05T23:20:35.663483] [INFO] Health check passed
[2025-11-05T23:20:35.663543] [DEBUG] Memory allocation: 2048 bytes
[2025-11-05T23:20:35.663510] [WARN] Rate limit approaching
[2025-11-05T23:20:35.663563] [DEBUG] Variable value: x=42
[2025-11-05T23:20:35.663504] [INFO] User logged in
[2025-11-05T23:20:35.663452] [INFO] User logged in
[2025-11-05T23:20:35.663556] [DEBUG] Entering function process_data()
[2025-11-05T23:20:35.663478] [INFO] Session started
