[2025-11-05T23:20:45.140797] [INFO] Database query executed
[2025-11-05T23:20:45.140912] [DEBUG] HTTP request headers parsed
[2025-11-05T23:20:45.140793] [INFO] Configuration loaded
[2025-11-05T23:20:45.140804] [INFO] Transaction completed
[2025-11-05T23:20:45.140907] [DEBUG] Entering function process_data()
[2025-11-05T23:20:45.140801] [INFO] Configuration loaded
[2025-11-05T23:20:45.140896] [ERROR] Service unavailable
[2025-11-05T23:20:45.140886] [WARN] Rate limit approaching
[2025-11-05T23:20:45.140779] [INFO] User logged in
[2025-11-05T23:20:45.140901] [ERROR] File not found
[2025-11-05T23:20:45.140773] [INFO] Health check passed
[2025-11-05T23:20:45.140746] [INFO] Transaction completed
[2025-11-05T23:20:45.140822] [INFO] Session started
[2025-11-05T23:20:45.140812] [INFO] Configuration loaded
[2025-11-05T23:20:45.140826] [INFO] Health check passed
[2025-11-05T23:20:45.140871] [WARN] Queue size growing
[2025-11-05T23:20:45.140789] [INFO] Transaction completed
[2025-11-05T23:20:45.140917] [DEBUG] Cache key generated
[2025-11-05T23:20:45.140784] [INFO] Database query executed
[2025-11-05T23:20:45.140809] [INFO] Configuration loaded
[2025-11-05T23:20:45.140881] [WARN] Timeout warning
[2025-11-05T23:20:45.140815] [INFO] User logged in
[2025-11-05T23:20:45.140819] [INFO] Database query executed
[2025-11-05T23:20:45.140890] [WARN] High memory usage detected
[2025-11-05T23:20:45.140920] [DEBUG] Loop iteration: 15
