[2025-11-05T23:20:16.459450] [INFO] Connection established
[2025-11-05T23:20:16.459535] [INFO] Connection established
[2025-11-05T23:20:16.459540] [INFO] Database query executed
[2025-11-05T23:20:16.459531] [INFO] Database query executed
[2025-11-05T23:20:16.459593] [DEBUG] Loop iteration: 15
[2025-11-05T23:20:16.459527] [INFO] Session started
[2025-11-05T23:20:16.459575] [DEBUG] Connection pool status checked
[2025-11-05T23:20:16.459597] [DEBUG] HTTP request headers parsed
[2025-11-05T23:20:16.459565] [ERROR] Request failed
[2025-11-05T23:20:16.459588] [DEBUG] Entering function process_data()
[2025-11-05T23:20:16.459555] [WARN] Slow query performance
[2025-11-05T23:20:16.459512] [INFO] User logged in
[2025-11-05T23:20:16.459545] [WARN] Rate limit approaching
[2025-11-05T23:20:16.459602] [DEBUG] Timer set: 30 seconds
[2025-11-05T23:20:16.459571] [DEBUG] Loop iteration: 15
[2025-11-05T23:20:16.459522] [INFO] Configuration loaded
[2025-11-05T23:20:16.459550] [WARN] Timeout warning
[2025-11-05T23:20:16.459487] [INFO] Cache hit
[2025-11-05T23:20:16.459560] [WARN] Queue size growing
[2025-11-05T23:20:16.459498] [INFO] Service initialized
[2025-11-05T23:20:16.459493] [INFO] Request processed successfully
[2025-11-05T23:20:16.459584] [DEBUG] Connection pool status checked
[2025-11-05T23:20:16.459606] [DEBUG] Entering function process_data()
[2025-11-05T23:20:16.459482] [INFO] User logged in
[2025-11-05T23:20:16.459508] [INFO] Cache hit
[2025-11-05T23:20:16.459517] [INFO] Configuration loaded
[2025-11-05T23:20:16.459476] [INFO] Health check passed
[2025-11-05T23:20:16.459503] [INFO] Connection established
[2025-11-05T23:20:16.459580] [DEBUG] HTTP request headers parsed
