[2025-11-05T23:20:28.323858] [INFO] Health check passed
[2025-11-05T23:20:28.323828] [INFO] Request processed successfully
[2025-11-05T23:20:28.323849] [INFO] Connection established
[2025-11-05T23:20:28.323897] [WARN] Slow query performance
[2025-11-05T23:20:28.323945] [DEBUG] Memory allocation: 2048 bytes
[2025-11-05T23:20:28.323936] [DEBUG] Buffer size: 4096 bytes
[2025-11-05T23:20:28.323962] [DEBUG] Loop iteration: 15
[2025-11-05T23:20:28.323932] [DEBUG] Variable value: x=42
[2025-11-05T23:20:28.323949] [DEBUG] HTTP request headers parsed
[2025-11-05T23:20:28.323844] [INFO] Database query executed
[2025-11-05T23:20:28.323839] [INFO] Service initialized
[2025-11-05T23:20:28.323958] [DEBUG] Connection pool status checked
[2025-11-05T23:20:28.323881] [INFO] Transaction completed
[2025-11-05T23:20:28.323928] [DEBUG] Cache key generated
[2025-11-05T23:20:28.323923] [DEBUG] Buffer size: 4096 bytes
[2025-11-05T23:20:28.323863] [INFO] Transaction completed
[2025-11-05T23:20:28.323903] [ERROR] Network timeout
[2025-11-05T23:20:28.323885] [INFO] Transaction completed
[2025-11-05T23:20:28.323872] [INFO] Cache hit
[2025-11-05T23:20:28.323854] [INFO] Service initialized
[2025-11-05T23:20:28.323877] [INFO] Request processed successfully
[2025-11-05T23:20:28.323954] [DEBUG] Loop iteration: 15
[2025-11-05T23:20:28.323941] [DEBUG] Entering function process_data()
[2025-11-05T23:20:28.323800] [INFO] Service initialized
[2025-11-05T23:20:28.323891] [INFO] Connection established
[2025-11-05T23:20:28.323834] [INFO] Configuration loaded
[2025-11-05T23:20:28.323919] [DEBUG] HTTP request headers parsed
[2025-11-05T23:20:28.323914] [DEBUG] Thread pool size: 8
[2025-11-05T23:20:28.323868] [INFO] Request processed successfully
[2025-11-05T23:20:28.323909] [ERROR] Memory allocation error
