[2025-11-05T23:20:30.966557] [ERROR] Memory allocation error
[2025-11-05T23:20:30.967230] [DEBUG] Loop iteration: 15
[2025-11-05T23:20:30.966437] [INFO] Connection established
[2025-11-05T23:20:30.966487] [INFO] Health check passed
[2025-11-05T23:20:30.966533] [WARN] Deprecated API usage
[2025-11-05T23:20:30.966519] [INFO] Cache hit
[2025-11-05T23:20:30.966462] [INFO] User logged in
[2025-11-05T23:20:30.966501] [INFO] Transaction completed
[2025-11-05T23:20:30.966528] [INFO] Configuration loaded
[2025-11-05T23:20:30.966547] [WARN] Cache miss
[2025-11-05T23:20:30.967248] [DEBUG] Thread pool size: 8
[2025-11-05T23:20:30.967211] [DEBUG] Memory allocation: 2048 bytes
[2025-11-05T23:20:30.966562] [DEBUG] Memory allocation: 2048 bytes
[2025-11-05T23:20:30.966478] [INFO] Session started
[2025-11-05T23:20:30.966467] [INFO] Configuration loaded
[2025-11-05T23:20:30.967252] [DEBUG] Thread pool size: 8
[2025-11-05T23:20:30.967236] [DEBUG] Buffer size: 4096 bytes
[2025-11-05T23:20:30.966552] [ERROR] Service unavailable
[2025-11-05T23:20:30.966571] [DEBUG] Timer set: 30 seconds
[2025-11-05T23:20:30.966515] [INFO] Health check passed
[2025-11-05T23:20:30.967244] [DEBUG] Thread pool size: 8
[2025-11-05T23:20:30.966472] [INFO] Database query executed
[2025-11-05T23:20:30.966505] [INFO] Health check passed
[2025-11-05T23:20:30.966542] [WARN] Rate limit approaching
[2025-11-05T23:20:30.966524] [INFO] Session started
[2025-11-05T23:20:30.966510] [INFO] Service initialized
[2025-11-05T23:20:30.966483] [INFO] Transaction completed
[2025-11-05T23:20:30.966567] [DEBUG] Thread pool size: 8
[2025-11-05T23:20:30.967240] [DEBUG] Cache key generated
[2025-11-05T23:20:30.966496] [INFO] Health check passed
[2025-11-05T23:20:30.966538] [WARN] Resource threshold approaching
[2025-11-05T23:20:30.966492] [INFO] Session started
