[2025-11-05T23:20:24.061418] [INFO] Cache hit
[2025-11-05T23:20:24.061459] [WARN] Rate limit approaching
[2025-11-05T23:20:24.061509] [DEBUG] HTTP request headers parsed
[2025-11-05T23:20:24.061410] [INFO] Health check passed
[2025-11-05T23:20:24.061499] [DEBUG] Timer set: 30 seconds
[2025-11-05T23:20:24.061366] [INFO] Connection established
[2025-11-05T23:20:24.061466] [WARN] Cache miss
[2025-11-05T23:20:24.061405] [INFO] Health check passed
[2025-11-05T23:20:24.061391] [INFO] Transaction completed
[2025-11-05T23:20:24.061523] [DEBUG] Connection pool status checked
[2025-11-05T23:20:24.061518] [DEBUG] Entering function process_data()
[2025-11-05T23:20:24.061514] [DEBUG] Buffer size: 4096 bytes
[2025-11-05T23:20:24.061485] [DEBUG] Connection pool status checked
[2025-11-05T23:20:24.061431] [INFO] Transaction completed
[2025-11-05T23:20:24.061490] [DEBUG] Cache key generated
[2025-11-05T23:20:24.061414] [INFO] Database query executed
[2025-11-05T23:20:24.061443] [INFO] Database query executed
[2025-11-05T23:20:24.061504] [DEBUG] Connection pool status checked
[2025-11-05T23:20:24.061439] [INFO] Transaction completed
[2025-11-05T23:20:24.061494] [DEBUG] Variable value: x=42
[2025-11-05T23:20:24.061447] [INFO] Request processed successfully
[2025-11-05T23:20:24.061452] [WARN] Cache miss
[2025-11-05T23:20:24.061435] [INFO] Session started
[2025-11-05T23:20:24.061470] [WARN] Disk space low
[2025-11-05T23:20:24.061479] [ERROR] Disk read failed
[2025-11-05T23:20:24.061422] [INFO] Configuration loaded
[2025-11-05T23:20:24.061401] [INFO] User logged in
[2025-11-05T23:20:24.061474] [WARN] High memory usage detected
[2025-11-05T23:20:24.061427] [INFO] Request processed successfully
[2025-11-05T23:20:24.061396] [INFO] Connection established
