[2025-11-05T23:20:14.044679] [INFO] Configuration loaded
[2025-11-05T23:20:14.044749] [DEBUG] Timer set: 30 seconds
[2025-11-05T23:20:14.044673] [INFO] Health check passed
[2025-11-05T23:20:14.044713] [WARN] Queue size growing
[2025-11-05T23:20:14.044758] [DEBUG] Timer set: 30 seconds
[2025-11-05T23:20:14.044764] [DEBUG] Thread pool size: 8
[2025-11-05T23:20:14.044742] [DEBUG] Variable value: x=42
[2025-11-05T23:20:14.044752] [DEBUG] Buffer size: 4096 bytes
[2025-11-05T23:20:14.044666] [INFO] Transaction completed
[2025-11-05T23:20:14.044723] [WARN] Connection retry attempt
[2025-11-05T23:20:14.044682] [INFO] User logged in
[2025-11-05T23:20:14.044738] [DEBUG] Variable value: x=42
[2025-11-05T23:20:14.044659] [INFO] Request processed successfully
[2025-11-05T23:20:14.044686] [INFO] Service initialized
[2025-11-05T23:20:14.044731] [ERROR] Invalid input data
[2025-11-05T23:20:14.044701] [INFO] Cache hit
[2025-11-05T23:20:14.044637] [INFO] Connection established
[2025-11-05T23:20:14.044669] [INFO] Transaction completed
[2025-11-05T23:20:14.044719] [WARN] Deprecated API usage
[2025-11-05T23:20:14.044705] [WARN] Queue size growing
[2025-11-05T23:20:14.044761] [DEBUG] Memory allocation: 2048 bytes
[2025-11-05T23:20:14.044676] [INFO] Configuration loaded
[2025-11-05T23:20:14.044698] [INFO] Service initialized
[2025-11-05T23:20:14.044755] [DEBUG] Variable value: x=42
[2025-11-05T23:20:14.044689] [INFO] Transaction completed
[2025-11-05T23:20:14.044709] [WARN] High memory usage detected
[2025-11-05T23:20:14.044746] [DEBUG] Loop iteration: 15
[2025-11-05T23:20:14.044694] [INFO] Connection established
[2025-11-05T23:20:14.044727] [ERROR] Service unavailable
[2025-11-05T23:20:14.044768] [DEBUG] Thread pool size: 8
[2025-11-05T23:20:14.044734] [ERROR] File not found
[2025-11-05T23:20:14.044691] [INFO] Transaction completed
[2025-11-05T23:20:14.044716] [WARN] Connection retry attempt
[2025-11-05T23:20:14.044663] [INFO] Connection established
