[2025-11-05T23:20:22.383533] [INFO] Configuration loaded
[2025-11-05T23:20:22.383601] [DEBUG] Buffer size: 4096 bytes
[2025-11-05T23:20:22.383618] [DEBUG] Variable value: x=42
[2025-11-05T23:20:22.383586] [DEBUG] Connection pool status checked
[2025-11-05T23:20:22.383615] [DEBUG] Buffer size: 4096 bytes
[2025-11-05T23:20:22.383594] [DEBUG] HTTP request headers parsed
[2025-11-05T23:20:22.383578] [ERROR] Memory allocation error
[2025-11-05T23:20:22.383517] [INFO] Cache hit
[2025-11-05T23:20:22.383591] [DEBUG] Buffer size: 4096 bytes
[2025-11-05T23:20:22.383621] [DEBUG] Timer set: 30 seconds
[2025-11-05T23:20:22.383557] [INFO] User logged in
[2025-11-05T23:20:22.383604] [DEBUG] Entering function process_data()
[2025-11-05T23:20:22.383582] [ERROR] File not found
[2025-11-05T23:20:22.383551] [INFO] Session started
[2025-11-05T23:20:22.383537] [INFO] User logged in
[2025-11-05T23:20:22.383540] [INFO] User logged in
[2025-11-05T23:20:22.383548] [INFO] Cache hit
[2025-11-05T23:20:22.383564] [INFO] Request processed successfully
[2025-11-05T23:20:22.383560] [INFO] User logged in
[2025-11-05T23:20:22.383544] [INFO] Health check passed
[2025-11-05T23:20:22.383573] [WARN] Resource threshold approaching
[2025-11-05T23:20:22.383493] [INFO] Request processed successfully
[2025-11-05T23:20:22.383608] [DEBUG] Cache key generated
[2025-11-05T23:20:22.383568] [WARN] Connection retry attempt
[2025-11-05T23:20:22.383529] [INFO] Transaction completed
[2025-11-05T23:20:22.383525] [INFO] Database query executed
[2025-11-05T23:20:22.383598] [DEBUG] Loop iteration: 15
[2025-11-05T23:20:22.383554] [INFO] Configuration loaded
[2025-11-05T23:20:22.383521] [INFO] Session started
[2025-11-05T23:20:22.383611] [DEBUG] Timer set: 30 seconds
