[2025-11-05T23:20:14.165620] [INFO] Transaction completed
[2025-11-05T23:20:14.165563] [INFO] Cache hit
[2025-11-05T23:20:14.165594] [INFO] Connection established
[2025-11-05T23:20:14.165656] [DEBUG] HTTP request headers parsed
[2025-11-05T23:20:14.165638] [INFO] Service initialized
[2025-11-05T23:20:14.165606] [INFO] Service initialized
[2025-11-05T23:20:14.165624] [INFO] Session started
[2025-11-05T23:20:14.165602] [INFO] Session started
[2025-11-05T23:20:14.165643] [WARN] Disk space low
[2025-11-05T23:20:14.165609] [INFO] User logged in
[2025-11-05T23:20:14.165673] [DEBUG] Cache key generated
[2025-11-05T23:20:14.165616] [INFO] Cache hit
[2025-11-05T23:20:14.165627] [INFO] Connection established
[2025-11-05T23:20:14.165634] [INFO] Transaction completed
[2025-11-05T23:20:14.165589] [INFO] Session started
[2025-11-05T23:20:14.165613] [INFO] Cache hit
[2025-11-05T23:20:14.165652] [ERROR] Permission denied
[2025-11-05T23:20:14.165630] [INFO] Cache hit
[2025-11-05T23:20:14.165670] [DEBUG] Connection pool status checked
[2025-11-05T23:20:14.165663] [DEBUG] Cache key generated
[2025-11-05T23:20:14.165666] [DEBUG] Variable value: x=42
[2025-11-05T23:20:14.165648] [ERROR] Service unavailable
[2025-11-05T23:20:14.165660] [DEBUG] Variable value: x=42
[2025-11-05T23:20:14.165598] [INFO] Cache hit
