[2025-11-05T23:20:39.949627] [INFO] Connection established
[2025-11-05T23:20:39.949600] [INFO] Connection established
[2025-11-05T23:20:39.949633] [INFO] User logged in
[2025-11-05T23:20:39.949673] [DEBUG] HTTP request headers parsed
[2025-11-05T23:20:39.949604] [INFO] Request processed successfully
[2025-11-05T23:20:39.949646] [WARN] High memory usage detected
[2025-11-05T23:20:39.949664] [DEBUG] HTTP request headers parsed
[2025-11-05T23:20:39.949650] [WARN] Timeout warning
[2025-11-05T23:20:39.949676] [DEBUG] Cache key generated
[2025-11-05T23:20:39.949685] [DEBUG] Variable value: x=42
[2025-11-05T23:20:39.949608] [INFO] Request processed successfully
[2025-11-05T23:20:39.949639] [INFO] Service initialized
[2025-11-05T23:20:39.949679] [DEBUG] Buffer size: 4096 bytes
[2025-11-05T23:20:39.949670] [DEBUG] Loop iteration: 15
[2025-11-05T23:20:39.949630] [INFO] Configuration loaded
[2025-11-05T23:20:39.949657] [ERROR] Database connection lost
[2025-11-05T23:20:39.949621] [INFO] Database query executed
[2025-11-05T23:20:39.949611] [INFO] Database query executed
[2025-11-05T23:20:39.949618] [INFO] Service initialized
[2025-11-05T23:20:39.949575] [INFO] Session started
[2025-11-05T23:20:39.949682] [DEBUG] Thread pool size: 8
[2025-11-05T23:20:39.949624] [INFO] Service initialized
[2025-11-05T23:20:39.949653] [WARN] Disk space low
[2025-11-05T23:20:39.949661] [DEBUG] HTTP request headers parsed
[2025-11-05T23:20:39.949643] [WARN] Disk space low
[2025-11-05T23:20:39.949636] [INFO] Service initialized
[2025-11-05T23:20:39.949667] [DEBUG] Cache key generated
[2025-11-05T23:20:39.949615] [INFO] Transaction completed
