[2025-11-05T23:20:24.213549] [WARN] Timeout warning
[2025-11-05T23:20:24.213638] [DEBUG] Timer set: 30 seconds
[2025-11-05T23:20:24.213474] [INFO] User logged in
[2025-11-05T23:20:24.213510] [INFO] Configuration loaded
[2025-11-05T23:20:24.213541] [WARN] Slow query performance
[2025-11-05T23:20:24.213634] [DEBUG] Variable value: x=42
[2025-11-05T23:20:24.213506] [INFO] Service initialized
[2025-11-05T23:20:24.213571] [WARN] Disk space low
[2025-11-05T23:20:24.213489] [INFO] Health check passed
[2025-11-05T23:20:24.213480] [INFO] Database query executed
[2025-11-05T23:20:24.213546] [WARN] Connection retry attempt
[2025-11-05T23:20:24.213603] [DEBUG] Entering function process_data()
[2025-11-05T23:20:24.213514] [INFO] Cache hit
[2025-11-05T23:20:24.213617] [DEBUG] Connection pool status checked
[2025-11-05T23:20:24.213585] [ERROR] Service unavailable
[2025-11-05T23:20:24.213566] [WARN] Cache miss
[2025-11-05T23:20:24.213554] [WARN] Deprecated API usage
[2025-11-05T23:20:24.213575] [WARN] Resource threshold approaching
[2025-11-05T23:20:24.213562] [WARN] Resource threshold approaching
[2025-11-05T23:20:24.213621] [DEBUG] Memory allocation: 2048 bytes
[2025-11-05T23:20:24.213484] [INFO] Health check passed
[2025-11-05T23:20:24.213531] [INFO] Configuration loaded
[2025-11-05T23:20:24.213595] [DEBUG] Timer set: 30 seconds
[2025-11-05T23:20:24.213498] [INFO] Health check passed
[2025-11-05T23:20:24.213558] [WARN] Resource threshold approaching
[2025-11-05T23:20:24.213523] [INFO] Configuration loaded
[2025-11-05T23:20:24.213589] [ERROR] File not found
[2025-11-05T23:20:24.213527] [INFO] Request processed successfully
[2025-11-05T23:20:24.213536] [WARN] Connection retry attempt
[2025-11-05T23:20:24.213607] [DEBUG] Cache key generated
[2025-11-05T23:20:24.213502] [INFO] Session started
[2025-11-05T23:20:24.213599] [DEBUG] Timer set: 30 seconds
[2025-11-05T23:20:24.213581] [ERROR] Network timeout
[2025-11-05T23:20:24.213625] [DEBUG] Entering function process_data()
[2025-11-05T23:20:24.213612] [DEBUG] Thread pool size: 8
[2025-11-05T23:20:24.213518] [INFO] Session started
[2025-11-05T23:20:24.213493] [INFO] Configuration loaded
[2025-11-05T23:20:24.213448] [INFO] User logged in
[2025-11-05T23:20:24.213630] [DEBUG] Buffer size: 4096 bytes
