[2025-11-05T23:20:49.025819] [DEBUG] Thread pool size: 8
[2025-11-05T23:20:49.025784] [WARN] Deprecated API usage
[2025-11-05T23:20:49.025779] [WARN] High memory usage detected
[2025-11-05T23:20:49.025734] [INFO] Request processed successfully
[2025-11-05T23:20:49.025755] [INFO] Cache hit
[2025-11-05T23:20:49.025724] [INFO] Health check passed
[2025-11-05T23:20:49.025764] [INFO] Database query executed
[2025-11-05T23:20:49.025814] [DEBUG] Cache key generated
[2025-11-05T23:20:49.025773] [INFO] Session started
[2025-11-05T23:20:49.025738] [INFO] Cache hit
[2025-11-05T23:20:49.025841] [DEBUG] Buffer size: 4096 bytes
[2025-11-05T23:20:49.025828] [DEBUG] Timer set: 30 seconds
[2025-11-05T23:20:49.025799] [ERROR] Network timeout
[2025-11-05T23:20:49.025711] [INFO] Configuration loaded
[2025-11-05T23:20:49.025823] [DEBUG] Memory allocation: 2048 bytes
[2025-11-05T23:20:49.025804] [DEBUG] Loop iteration: 15
[2025-11-05T23:20:49.025751] [INFO] Request processed successfully
[2025-11-05T23:20:49.025837] [DEBUG] Entering function process_data()
[2025-11-05T23:20:49.025789] [WARN] Rate limit approaching
[2025-11-05T23:20:49.025747] [INFO] Connection established
[2025-11-05T23:20:49.025809] [DEBUG] Timer set: 30 seconds
[2025-11-05T23:20:49.025728] [INFO] User logged in
[2025-11-05T23:20:49.025742] [INFO] Request processed successfully
[2025-11-05T23:20:49.025793] [WARN] High memory usage detected
[2025-11-05T23:20:49.025769] [INFO] Health check passed
[2025-11-05T23:20:49.025833] [DEBUG] Thread pool size: 8
[2025-11-05T23:20:49.025760] [INFO] Transaction completed
[2025-11-05T23:20:49.025684] [INFO] Session started
[2025-11-05T23:20:49.025718] [INFO] Request processed successfully
