[2025-11-05T23:20:44.813794] [DEBUG] Variable value: x=42
[2025-11-05T23:20:44.813807] [DEBUG] Memory allocation: 2048 bytes
[2025-11-05T23:20:44.813816] [DEBUG] Buffer size: 4096 bytes
[2025-11-05T23:20:44.813739] [INFO] Service initialized
[2025-11-05T23:20:44.813712] [INFO] Transaction completed
[2025-11-05T23:20:44.813767] [WARN] Queue size growing
[2025-11-05T23:20:44.813698] [INFO] Configuration loaded
[2025-11-05T23:20:44.813789] [DEBUG] Loop iteration: 15
[2025-11-05T23:20:44.813692] [INFO] Service initialized
[2025-11-05T23:20:44.813742] [INFO] Health check passed
[2025-11-05T23:20:44.813734] [INFO] User logged in
[2025-11-05T23:20:44.813722] [INFO] Health check passed
[2025-11-05T23:20:44.813730] [INFO] Cache hit
[2025-11-05T23:20:44.813821] [DEBUG] Buffer size: 4096 bytes
[2025-11-05T23:20:44.813707] [INFO] Health check passed
[2025-11-05T23:20:44.813778] [ERROR] File not found
[2025-11-05T23:20:44.813726] [INFO] Database query executed
[2025-11-05T23:20:44.813772] [WARN] High memory usage detected
[2025-11-05T23:20:44.813666] [INFO] Configuration loaded
[2025-11-05T23:20:44.813717] [INFO] Configuration loaded
[2025-11-05T23:20:44.813751] [INFO] Transaction completed
[2025-11-05T23:20:44.813757] [WARN] Slow query performance
[2025-11-05T23:20:44.813762] [WARN] Cache miss
[2025-11-05T23:20:44.813703] [INFO] Connection established
[2025-11-05T23:20:44.813747] [INFO] Configuration loaded
[2025-11-05T23:20:44.813812] [DEBUG] Buffer size: 4096 bytes
[2025-11-05T23:20:44.813802] [DEBUG] Loop iteration: 15
[2025-11-05T23:20:44.813784] [DEBUG] Buffer size: 4096 bytes
[2025-11-05T23:20:44.813798] [DEBUG] Timer set: 30 seconds
