[2025-11-05T23:20:53.379052] [WARN] Timeout warning
[2025-11-05T23:20:53.379009] [INFO] Cache hit
[2025-11-05T23:20:53.379067] [WARN] Queue size growing
[2025-11-05T23:20:53.379101] [DEBUG] Variable value: x=42
[2025-11-05T23:20:53.379111] [DEBUG] Memory allocation: 2048 bytes
[2025-11-05T23:20:53.379097] [DEBUG] Buffer size: 4096 bytes
[2025-11-05T23:20:53.379045] [WARN] High memory usage detected
[2025-11-05T23:20:53.378966] [INFO] Health check passed
[2025-11-05T23:20:53.378974] [INFO] Cache hit
[2025-11-05T23:20:53.379084] [DEBUG] Variable value: x=42
[2025-11-05T23:20:53.378940] [INFO] Service initialized
[2025-11-05T23:20:53.379026] [INFO] Transaction completed
[2025-11-05T23:20:53.379115] [DEBUG] Entering function process_data()
[2025-11-05T23:20:53.379079] [ERROR] Disk read failed
[2025-11-05T23:20:53.379092] [DEBUG] Entering function process_data()
[2025-11-05T23:20:53.378986] [INFO] Cache hit
[2025-11-05T23:20:53.379015] [INFO] Database query executed
[2025-11-05T23:20:53.379119] [DEBUG] Loop iteration: 15
[2025-11-05T23:20:53.378998] [INFO] Transaction completed
[2025-11-05T23:20:53.378993] [INFO] Service initialized
[2025-11-05T23:20:53.379073] [ERROR] Invalid input data
[2025-11-05T23:20:53.379040] [INFO] Cache hit
[2025-11-05T23:20:53.379036] [INFO] Session started
[2025-11-05T23:20:53.378979] [INFO] Service initialized
[2025-11-05T23:20:53.379003] [INFO] Configuration loaded
[2025-11-05T23:20:53.379021] [INFO] Service initialized
[2025-11-05T23:20:53.379107] [DEBUG] Variable value: x=42
[2025-11-05T23:20:53.379031] [INFO] Configuration loaded
[2025-11-05T23:20:53.379063] [WARN] Disk space low
[2025-11-05T23:20:53.379058] [WARN] Timeout warning
[2025-11-05T23:20:53.379088] [DEBUG] Timer set: 30 seconds
