[2025-11-05T23:20:43.067155] [WARN] High memory usage detected
[2025-11-05T23:20:43.067198] [DEBUG] Buffer size: 4096 bytes
[2025-11-05T23:20:43.067170] [ERROR] Service unavailable
[2025-11-05T23:20:43.067143] [INFO] Transaction completed
[2025-11-05T23:20:43.067082] [INFO] Connection established
[2025-11-05T23:20:43.067150] [INFO] Request processed successfully
[2025-11-05T23:20:43.067195] [DEBUG] Memory allocation: 2048 bytes
[2025-11-05T23:20:43.067166] [WARN] Resource threshold approaching
[2025-11-05T23:20:43.067105] [INFO] Cache hit
[2025-11-05T23:20:43.067139] [INFO] User logged in
[2025-11-05T23:20:43.067146] [INFO] Database query executed
[2025-11-05T23:20:43.067158] [WARN] High memory usage detected
[2025-11-05T23:20:43.067211] [DEBUG] Timer set: 30 seconds
[2025-11-05T23:20:43.067205] [DEBUG] Cache key generated
[2025-11-05T23:20:43.067178] [DEBUG] Cache key generated
[2025-11-05T23:20:43.067119] [INFO] Transaction completed
[2025-11-05T23:20:43.067116] [INFO] Database query executed
[2025-11-05T23:20:43.067189] [DEBUG] Memory allocation: 2048 bytes
[2025-11-05T23:20:43.067174] [ERROR] Memory allocation error
[2025-11-05T23:20:43.067208] [DEBUG] HTTP request headers parsed
[2025-11-05T23:20:43.067182] [DEBUG] Entering function process_data()
[2025-11-05T23:20:43.067185] [DEBUG] HTTP request headers parsed
[2025-11-05T23:20:43.067109] [INFO] Configuration loaded
[2025-11-05T23:20:43.067163] [WARN] Queue size growing
[2025-11-05T23:20:43.067192] [DEBUG] Memory allocation: 2048 bytes
[2025-11-05T23:20:43.067201] [DEBUG] Loop iteration: 15
[2025-11-05T23:20:43.067133] [INFO] User logged in
[2025-11-05T23:20:43.067113] [INFO] Connection established
[2025-11-05T23:20:43.067136] [INFO] Service initialized
[2025-11-05T23:20:43.067122] [INFO] Session started
[2025-11-05T23:20:43.067125] [INFO] Session started
[2025-11-05T23:20:43.067129] [INFO] Configuration loaded
