[2025-11-05T23:20:36.717499] [INFO] Health check passed
[2025-11-05T23:20:36.717521] [WARN] Disk space low
[2025-11-05T23:20:36.717481] [INFO] Request processed successfully
[2025-11-05T23:20:36.717485] [INFO] Database query executed
[2025-11-05T23:20:36.717546] [DEBUG] Entering function process_data()
[2025-11-05T23:20:36.717510] [INFO] Database query executed
[2025-11-05T23:20:36.717473] [INFO] Cache hit
[2025-11-05T23:20:36.717431] [INFO] Connection established
[2025-11-05T23:20:36.717553] [DEBUG] Loop iteration: 15
[2025-11-05T23:20:36.717528] [WARN] Queue size growing
[2025-11-05T23:20:36.717496] [INFO] Cache hit
[2025-11-05T23:20:36.717469] [INFO] Transaction completed
[2025-11-05T23:20:36.717466] [INFO] Health check passed
[2025-11-05T23:20:36.717461] [INFO] Transaction completed
[2025-11-05T23:20:36.717533] [ERROR] Authentication failed
[2025-11-05T23:20:36.717493] [INFO] Cache hit
[2025-11-05T23:20:36.717506] [INFO] Session started
[2025-11-05T23:20:36.717549] [DEBUG] Thread pool size: 8
[2025-11-05T23:20:36.717516] [WARN] High memory usage detected
[2025-11-05T23:20:36.717489] [INFO] User logged in
[2025-11-05T23:20:36.717542] [DEBUG] Cache key generated
[2025-11-05T23:20:36.717538] [DEBUG] Memory allocation: 2048 bytes
[2025-11-05T23:20:36.717525] [WARN] Deprecated API usage
[2025-11-05T23:20:36.717477] [INFO] Connection established
[2025-11-05T23:20:36.717456] [INFO] Health check passed
