[2025-11-05T23:20:19.374788] [DEBUG] Thread pool size: 8
[2025-11-05T23:20:19.374723] [WARN] Deprecated API usage
[2025-11-05T23:20:19.374702] [INFO] Cache hit
[2025-11-05T23:20:19.374719] [WARN] Connection retry attempt
[2025-11-05T23:20:19.374684] [INFO] User logged in
[2025-11-05T23:20:19.374665] [INFO] User logged in
[2025-11-05T23:20:19.374714] [WARN] Queue size growing
[2025-11-05T23:20:19.374697] [INFO] Connection established
[2025-11-05T23:20:19.374784] [DEBUG] Cache key generated
[2025-11-05T23:20:19.374742] [ERROR] Permission denied
[2025-11-05T23:20:19.374656] [INFO] Cache hit
[2025-11-05T23:20:19.374688] [INFO] Cache hit
[2025-11-05T23:20:19.374639] [INFO] Session started
[2025-11-05T23:20:19.374770] [DEBUG] Variable value: x=42
[2025-11-05T23:20:19.374708] [INFO] Cache hit
[2025-11-05T23:20:19.374766] [DEBUG] Variable value: x=42
[2025-11-05T23:20:19.374737] [ERROR] Permission denied
[2025-11-05T23:20:19.374613] [INFO] Cache hit
[2025-11-05T23:20:19.374692] [INFO] Cache hit
[2025-11-05T23:20:19.374757] [DEBUG] Buffer size: 4096 bytes
[2025-11-05T23:20:19.374671] [INFO] Database query executed
[2025-11-05T23:20:19.374660] [INFO] Health check passed
[2025-11-05T23:20:19.374680] [INFO] User logged in
[2025-11-05T23:20:19.374651] [INFO] Configuration loaded
[2025-11-05T23:20:19.374732] [WARN] Disk space low
[2025-11-05T23:20:19.374779] [DEBUG] Connection pool status checked
[2025-11-05T23:20:19.374675] [INFO] Cache hit
[2025-11-05T23:20:19.374774] [DEBUG] Connection pool status checked
[2025-11-05T23:20:19.374762] [DEBUG] Thread pool size: 8
[2025-11-05T23:20:19.374645] [INFO] User logged in
[2025-11-05T23:20:19.374752] [DEBUG] Timer set: 30 seconds
[2025-11-05T23:20:19.374746] [ERROR] Invalid input data
[2025-11-05T23:20:19.374728] [WARN] High memory usage detected
