[2025-11-05T23:20:34.998147] [WARN] Disk space low
[2025-11-05T23:20:34.998153] [WARN] Connection retry attempt
[2025-11-05T23:20:34.998191] [DEBUG] Loop iteration: 15
[2025-11-05T23:20:34.998137] [WARN] Rate limit approaching
[2025-11-05T23:20:34.998181] [DEBUG] Cache key generated
[2025-11-05T23:20:34.998065] [INFO] Session started
[2025-11-05T23:20:34.998132] [INFO] Configuration loaded
[2025-11-05T23:20:34.998203] [DEBUG] HTTP request headers parsed
[2025-11-05T23:20:34.998164] [ERROR] Service unavailable
[2025-11-05T23:20:34.998116] [INFO] Database query executed
[2025-11-05T23:20:34.998207] [DEBUG] Cache key generated
[2025-11-05T23:20:34.998111] [INFO] User logged in
[2025-11-05T23:20:34.998216] [DEBUG] Timer set: 30 seconds
[2025-11-05T23:20:34.998220] [DEBUG] Timer set: 30 seconds
[2025-11-05T23:20:34.998128] [INFO] Session started
[2025-11-05T23:20:34.998233] [DEBUG] Connection pool status checked
[2025-11-05T23:20:34.998195] [DEBUG] Timer set: 30 seconds
[2025-11-05T23:20:34.998229] [DEBUG] Connection pool status checked
[2025-11-05T23:20:34.998169] [ERROR] Request failed
[2025-11-05T23:20:34.998143] [WARN] Connection retry attempt
[2025-11-05T23:20:34.998158] [WARN] Queue size growing
[2025-11-05T23:20:34.998175] [DEBUG] Entering function process_data()
[2025-11-05T23:20:34.998199] [DEBUG] Timer set: 30 seconds
[2025-11-05T23:20:34.998077] [INFO] Session started
[2025-11-05T23:20:34.998058] [INFO] User logged in
[2025-11-05T23:20:34.998120] [INFO] Cache hit
[2025-11-05T23:20:34.998095] [INFO] Transaction completed
[2025-11-05T23:20:34.998083] [INFO] User logged in
[2025-11-05T23:20:34.998124] [INFO] Cache hit
[2025-11-05T23:20:34.998224] [DEBUG] Buffer size: 4096 bytes
[2025-11-05T23:20:34.998106] [INFO] Request processed successfully
[2025-11-05T23:20:34.998100] [INFO] Configuration loaded
[2025-11-05T23:20:34.998072] [INFO] Database query executed
[2025-11-05T23:20:34.998211] [DEBUG] Loop iteration: 15
[2025-11-05T23:20:34.998031] [INFO] Cache hit
[2025-11-05T23:20:34.998088] [INFO] Session started
[2025-11-05T23:20:34.998185] [DEBUG] Timer set: 30 seconds
