[2025-11-05T23:20:47.546627] [DEBUG] Thread pool size: 8
[2025-11-05T23:20:47.546584] [WARN] Queue size growing
[2025-11-05T23:20:47.546564] [INFO] Health check passed
[2025-11-05T23:20:47.546578] [WARN] Disk space low
[2025-11-05T23:20:47.546606] [ERROR] Authentication failed
[2025-11-05T23:20:47.546548] [INFO] Transaction completed
[2025-11-05T23:20:47.546552] [INFO] Database query executed
[2025-11-05T23:20:47.546614] [DEBUG] Buffer size: 4096 bytes
[2025-11-05T23:20:47.546575] [WARN] Timeout warning
[2025-11-05T23:20:47.546567] [INFO] Transaction completed
[2025-11-05T23:20:47.546630] [DEBUG] Entering function process_data()
[2025-11-05T23:20:47.546555] [INFO] Service initialized
[2025-11-05T23:20:47.546534] [INFO] Request processed successfully
[2025-11-05T23:20:47.546620] [DEBUG] Loop iteration: 15
[2025-11-05T23:20:47.546588] [WARN] High memory usage detected
[2025-11-05T23:20:47.546640] [DEBUG] Memory allocation: 2048 bytes
[2025-11-05T23:20:47.546623] [DEBUG] Loop iteration: 15
[2025-11-05T23:20:47.546643] [DEBUG] Loop iteration: 15
[2025-11-05T23:20:47.546545] [INFO] Health check passed
[2025-11-05T23:20:47.546591] [WARN] High memory usage detected
[2025-11-05T23:20:47.546561] [INFO] Session started
[2025-11-05T23:20:47.546571] [WARN] Resource threshold approaching
[2025-11-05T23:20:47.546511] [INFO] Health check passed
[2025-11-05T23:20:47.546602] [WARN] Queue size growing
[2025-11-05T23:20:47.546634] [DEBUG] Buffer size: 4096 bytes
[2025-11-05T23:20:47.546539] [INFO] User logged in
[2025-11-05T23:20:47.546596] [WARN] Deprecated API usage
[2025-11-05T23:20:47.546599] [WARN] High memory usage detected
[2025-11-05T23:20:47.546558] [INFO] User logged in
[2025-11-05T23:20:47.546610] [ERROR] Disk read failed
[2025-11-05T23:20:47.546581] [WARN] Slow query performance
[2025-11-05T23:20:47.546637] [DEBUG] Entering function process_data()
[2025-11-05T23:20:47.546594] [WARN] Timeout warning
[2025-11-05T23:20:47.546542] [INFO] Service initialized
[2025-11-05T23:20:47.546617] [DEBUG] Entering function process_data()
