[2025-11-05T23:20:41.839311] [ERROR] File not found
[2025-11-05T23:20:41.839339] [DEBUG] Memory allocation: 2048 bytes
[2025-11-05T23:20:41.836537] [INFO] Cache hit
[2025-11-05T23:20:41.836517] [INFO] Configuration loaded
[2025-11-05T23:20:41.839348] [DEBUG] Entering function process_data()
[2025-11-05T23:20:41.839316] [ERROR] Invalid input data
[2025-11-05T23:20:41.836500] [INFO] User logged in
[2025-11-05T23:20:41.839362] [DEBUG] HTTP request headers parsed
[2025-11-05T23:20:41.839253] [INFO] Configuration loaded
[2025-11-05T23:20:41.839322] [DEBUG] Cache key generated
[2025-11-05T23:20:41.836506] [INFO] Session started
[2025-11-05T23:20:41.836522] [INFO] Health check passed
[2025-11-05T23:20:41.836512] [INFO] User logged in
[2025-11-05T23:20:41.839294] [WARN] Rate limit approaching
[2025-11-05T23:20:41.839299] [WARN] Resource threshold approaching
[2025-11-05T23:20:41.839287] [WARN] Rate limit approaching
[2025-11-05T23:20:41.839277] [INFO] Health check passed
[2025-11-05T23:20:41.836527] [INFO] Connection established
[2025-11-05T23:20:41.839260] [INFO] Request processed successfully
[2025-11-05T23:20:41.839344] [DEBUG] Memory allocation: 2048 bytes
[2025-11-05T23:20:41.836474] [INFO] Transaction completed
[2025-11-05T23:20:41.839265] [INFO] Session started
[2025-11-05T23:20:41.836543] [INFO] Service initialized
[2025-11-05T23:20:41.839328] [DEBUG] HTTP request headers parsed
[2025-11-05T23:20:41.836548] [INFO] Connection established
[2025-11-05T23:20:41.839271] [INFO] Cache hit
[2025-11-05T23:20:41.836532] [INFO] Configuration loaded
[2025-11-05T23:20:41.839353] [DEBUG] Connection pool status checked
[2025-11-05T23:20:41.839332] [DEBUG] Connection pool status checked
[2025-11-05T23:20:41.839305] [ERROR] Permission denied
[2025-11-05T23:20:41.839358] [DEBUG] Cache key generated
