[2025-11-05T23:20:22.540013] [DEBUG] HTTP request headers parsed
[2025-11-05T23:20:22.539938] [INFO] Database query executed
[2025-11-05T23:20:22.539974] [ERROR] Database connection lost
[2025-11-05T23:20:22.540001] [DEBUG] Loop iteration: 15
[2025-11-05T23:20:22.539958] [INFO] User logged in
[2025-11-05T23:20:22.539896] [INFO] Database query executed
[2025-11-05T23:20:22.539989] [DEBUG] Connection pool status checked
[2025-11-05T23:20:22.539993] [DEBUG] Buffer size: 4096 bytes
[2025-11-05T23:20:22.539946] [INFO] Request processed successfully
[2025-11-05T23:20:22.539980] [DEBUG] Buffer size: 4096 bytes
[2025-11-05T23:20:22.539969] [WARN] Disk space low
[2025-11-05T23:20:22.539997] [DEBUG] Variable value: x=42
[2025-11-05T23:20:22.539942] [INFO] Connection established
[2025-11-05T23:20:22.539919] [INFO] Session started
[2025-11-05T23:20:22.539908] [INFO] Health check passed
[2025-11-05T23:20:22.539904] [INFO] Health check passed
[2025-11-05T23:20:22.539934] [INFO] Session started
[2025-11-05T23:20:22.539912] [INFO] Health check passed
[2025-11-05T23:20:22.540005] [DEBUG] Entering function process_data()
[2025-11-05T23:20:22.539949] [INFO] User logged in
[2025-11-05T23:20:22.539954] [INFO] Connection established
[2025-11-05T23:20:22.539916] [INFO] Health check passed
[2025-11-05T23:20:22.539985] [DEBUG] Connection pool status checked
[2025-11-05T23:20:22.539927] [INFO] Configuration loaded
[2025-11-05T23:20:22.539890] [INFO] Transaction completed
[2025-11-05T23:20:22.539924] [INFO] Connection established
[2025-11-05T23:20:22.539931] [INFO] Connection established
[2025-11-05T23:20:22.539864] [INFO] Transaction completed
[2025-11-05T23:20:22.540016] [DEBUG] Variable value: x=42
[2025-11-05T23:20:22.539963] [WARN] Slow query performance
[2025-11-05T23:20:22.539900] [INFO] Service initialized
[2025-11-05T23:20:22.540009] [DEBUG] Cache key generated
