[2025-11-05T23:20:37.974660] [INFO] Session started
[2025-11-05T23:20:37.974754] [DEBUG] Timer set: 30 seconds
[2025-11-05T23:20:37.974672] [INFO] Database query executed
[2025-11-05T23:20:37.974764] [DEBUG] Loop iteration: 15
[2025-11-05T23:20:37.974696] [INFO] User logged in
[2025-11-05T23:20:37.974676] [INFO] Service initialized
[2025-11-05T23:20:37.974701] [INFO] Configuration loaded
[2025-11-05T23:20:37.974692] [INFO] Transaction completed
[2025-11-05T23:20:37.974773] [DEBUG] Loop iteration: 15
[2025-11-05T23:20:37.974682] [INFO] Configuration loaded
[2025-11-05T23:20:37.974709] [INFO] Service initialized
[2025-11-05T23:20:37.974760] [DEBUG] Cache key generated
[2025-11-05T23:20:37.974727] [WARN] Cache miss
[2025-11-05T23:20:37.974768] [DEBUG] Connection pool status checked
[2025-11-05T23:20:37.974731] [WARN] Connection retry attempt
[2025-11-05T23:20:37.974688] [INFO] Connection established
[2025-11-05T23:20:37.974666] [INFO] Database query executed
[2025-11-05T23:20:37.974705] [INFO] Connection established
[2025-11-05T23:20:37.974746] [ERROR] Service unavailable
[2025-11-05T23:20:37.974723] [WARN] Timeout warning
[2025-11-05T23:20:37.974736] [WARN] Resource threshold approaching
[2025-11-05T23:20:37.974741] [ERROR] Authentication failed
[2025-11-05T23:20:37.974713] [INFO] User logged in
[2025-11-05T23:20:37.974750] [ERROR] Service unavailable
[2025-11-05T23:20:37.974718] [WARN] Slow query performance
[2025-11-05T23:20:37.974633] [INFO] Transaction completed
