[2025-11-05T23:20:49.519104] [INFO] Service initialized
[2025-11-05T23:20:49.519222] [DEBUG] Cache key generated
[2025-11-05T23:20:49.519066] [INFO] Transaction completed
[2025-11-05T23:20:49.519099] [INFO] User logged in
[2025-11-05T23:20:49.519148] [INFO] Transaction completed
[2025-11-05T23:20:49.519183] [WARN] Slow query performance
[2025-11-05T23:20:49.519129] [INFO] Session started
[2025-11-05T23:20:49.519206] [DEBUG] Entering function process_data()
[2025-11-05T23:20:49.519188] [ERROR] Authentication failed
[2025-11-05T23:20:49.519226] [DEBUG] Timer set: 30 seconds
[2025-11-05T23:20:49.519218] [DEBUG] Connection pool status checked
[2025-11-05T23:20:49.519108] [INFO] Request processed successfully
[2025-11-05T23:20:49.519137] [INFO] Transaction completed
[2025-11-05T23:20:49.519175] [WARN] Timeout warning
[2025-11-05T23:20:49.519125] [INFO] Session started
[2025-11-05T23:20:49.519230] [DEBUG] Thread pool size: 8
[2025-11-05T23:20:49.519133] [INFO] Service initialized
[2025-11-05T23:20:49.519193] [ERROR] Request failed
[2025-11-05T23:20:49.519214] [DEBUG] Memory allocation: 2048 bytes
[2025-11-05T23:20:49.519152] [INFO] Transaction completed
[2025-11-05T23:20:49.519170] [WARN] Deprecated API usage
[2025-11-05T23:20:49.519157] [INFO] Health check passed
[2025-11-05T23:20:49.519198] [DEBUG] Cache key generated
[2025-11-05T23:20:49.519202] [DEBUG] Loop iteration: 15
[2025-11-05T23:20:49.519210] [DEBUG] Loop iteration: 15
[2025-11-05T23:20:49.519161] [INFO] Database query executed
[2025-11-05T23:20:49.519112] [INFO] Health check passed
[2025-11-05T23:20:49.519140] [INFO] Health check passed
[2025-11-05T23:20:49.519179] [WARN] Rate limit approaching
[2025-11-05T23:20:49.519120] [INFO] Configuration loaded
[2025-11-05T23:20:49.519116] [INFO] Service initialized
[2025-11-05T23:20:49.519095] [INFO] Request processed successfully
[2025-11-05T23:20:49.519165] [INFO] Database query executed
[2025-11-05T23:20:49.519144] [INFO] Service initialized
[2025-11-05T23:20:49.519090] [INFO] Session started
