[2025-11-05T23:20:15.564473] [INFO] Cache hit
[2025-11-05T23:20:15.564468] [INFO] Configuration loaded
[2025-11-05T23:20:15.564569] [DEBUG] Connection pool status checked
[2025-11-05T23:20:15.564515] [INFO] Session started
[2025-11-05T23:20:15.564543] [WARN] High memory usage detected
[2025-11-05T23:20:15.564482] [INFO] Service initialized
[2025-11-05T23:20:15.564590] [DEBUG] Thread pool size: 8
[2025-11-05T23:20:15.564599] [DEBUG] Thread pool size: 8
[2025-11-05T23:20:15.564525] [WARN] Timeout warning
[2025-11-05T23:20:15.564548] [ERROR] Authentication failed
[2025-11-05T23:20:15.564507] [INFO] Service initialized
[2025-11-05T23:20:15.564535] [WARN] Deprecated API usage
[2025-11-05T23:20:15.564578] [DEBUG] Cache key generated
[2025-11-05T23:20:15.564586] [DEBUG] Loop iteration: 15
[2025-11-05T23:20:15.564594] [DEBUG] Memory allocation: 2048 bytes
[2025-11-05T23:20:15.564499] [INFO] Transaction completed
[2025-11-05T23:20:15.564490] [INFO] Session started
[2025-11-05T23:20:15.564565] [DEBUG] Timer set: 30 seconds
[2025-11-05T23:20:15.564520] [INFO] Request processed successfully
[2025-11-05T23:20:15.564539] [WARN] Resource threshold approaching
[2025-11-05T23:20:15.564438] [INFO] Request processed successfully
[2025-11-05T23:20:15.564574] [DEBUG] Cache key generated
[2025-11-05T23:20:15.564503] [INFO] Database query executed
[2025-11-05T23:20:15.564552] [ERROR] Service unavailable
[2025-11-05T23:20:15.564582] [DEBUG] Memory allocation: 2048 bytes
[2025-11-05T23:20:15.564494] [INFO] User logged in
[2025-11-05T23:20:15.564530] [WARN] High memory usage detected
[2025-11-05T23:20:15.564486] [INFO] Request processed successfully
[2025-11-05T23:20:15.564463] [INFO] Request processed successfully
[2025-11-05T23:20:15.564559] [DEBUG] Memory allocation: 2048 bytes
[2025-11-05T23:20:15.564477] [INFO] Database query executed
[2025-11-05T23:20:15.564511] [INFO] Configuration loaded
