[2025-11-05T23:20:47.778298] [INFO] Transaction completed
[2025-11-05T23:20:47.778343] [INFO] Request processed successfully
[2025-11-05T23:20:47.778383] [DEBUG] Loop iteration: 15
[2025-11-05T23:20:47.778386] [DEBUG] Variable value: x=42
[2025-11-05T23:20:47.778302] [INFO] Configuration loaded
[2025-11-05T23:20:47.778295] [INFO] Database query executed
[2025-11-05T23:20:47.778355] [WARN] Deprecated API usage
[2025-11-05T23:20:47.778375] [ERROR] File not found
[2025-11-05T23:20:47.778319] [INFO] Configuration loaded
[2025-11-05T23:20:47.778306] [INFO] Service initialized
[2025-11-05T23:20:47.778394] [DEBUG] Timer set: 30 seconds
[2025-11-05T23:20:47.778371] [WARN] Resource threshold approaching
[2025-11-05T23:20:47.778397] [DEBUG] Loop iteration: 15
[2025-11-05T23:20:47.778266] [INFO] Database query executed
[2025-11-05T23:20:47.778401] [DEBUG] Timer set: 30 seconds
[2025-11-05T23:20:47.778333] [INFO] Configuration loaded
[2025-11-05T23:20:47.778330] [INFO] Transaction completed
[2025-11-05T23:20:47.778340] [INFO] Configuration loaded
[2025-11-05T23:20:47.778316] [INFO] Connection established
[2025-11-05T23:20:47.778336] [INFO] Configuration loaded
[2025-11-05T23:20:47.778322] [INFO] Cache hit
[2025-11-05T23:20:47.778312] [INFO] Session started
[2025-11-05T23:20:47.778379] [DEBUG] Timer set: 30 seconds
[2025-11-05T23:20:47.778359] [WARN] Rate limit approaching
[2025-11-05T23:20:47.778347] [INFO] Session started
[2025-11-05T23:20:47.778309] [INFO] Database query executed
[2025-11-05T23:20:47.778367] [WARN] Connection retry attempt
[2025-11-05T23:20:47.778390] [DEBUG] Thread pool size: 8
[2025-11-05T23:20:47.778290] [INFO] Health check passed
[2025-11-05T23:20:47.778364] [WARN] High memory usage detected
[2025-11-05T23:20:47.778326] [INFO] Cache hit
[2025-11-05T23:20:47.778350] [INFO] Request processed successfully
