[2025-11-05T23:20:16.757333] [INFO] Health check passed
[2025-11-05T23:20:16.757399] [DEBUG] Cache key generated
[2025-11-05T23:20:16.757382] [WARN] Cache miss
[2025-11-05T23:20:16.757359] [INFO] Service initialized
[2025-11-05T23:20:16.757368] [WARN] Cache miss
[2025-11-05T23:20:16.757342] [INFO] Transaction completed
[2025-11-05T23:20:16.757338] [INFO] Service initialized
[2025-11-05T23:20:16.757328] [INFO] Session started
[2025-11-05T23:20:16.757374] [WARN] High memory usage detected
[2025-11-05T23:20:16.757393] [ERROR] Service unavailable
[2025-11-05T23:20:16.757294] [INFO] Session started
[2025-11-05T23:20:16.757408] [DEBUG] Loop iteration: 15
[2025-11-05T23:20:16.757317] [INFO] Request processed successfully
[2025-11-05T23:20:16.757306] [INFO] Cache hit
[2025-11-05T23:20:16.757347] [INFO] Request processed successfully
[2025-11-05T23:20:16.757378] [WARN] Connection retry attempt
[2025-11-05T23:20:16.757267] [INFO] Health check passed
[2025-11-05T23:20:16.757412] [DEBUG] Entering function process_data()
[2025-11-05T23:20:16.757301] [INFO] User logged in
[2025-11-05T23:20:16.757417] [DEBUG] Cache key generated
[2025-11-05T23:20:16.757403] [DEBUG] Thread pool size: 8
[2025-11-05T23:20:16.757323] [INFO] Request processed successfully
[2025-11-05T23:20:16.757355] [INFO] Database query executed
[2025-11-05T23:20:16.757310] [INFO] Session started
[2025-11-05T23:20:16.757388] [ERROR] File not found
[2025-11-05T23:20:16.757421] [DEBUG] Timer set: 30 seconds
[2025-11-05T23:20:16.757351] [INFO] Configuration loaded
[2025-11-05T23:20:16.757363] [INFO] Session started
