[2025-11-05T23:20:12.619188] [INFO] Health check passed
[2025-11-05T23:20:12.619173] [INFO] Database query executed
[2025-11-05T23:20:12.619184] [INFO] Connection established
[2025-11-05T23:20:12.619254] [DEBUG] Connection pool status checked
[2025-11-05T23:20:12.619241] [DEBUG] Buffer size: 4096 bytes
[2025-11-05T23:20:12.619226] [ERROR] Disk read failed
[2025-11-05T23:20:12.619215] [WARN] High memory usage detected
[2025-11-05T23:20:12.619193] [INFO] Request processed successfully
[2025-11-05T23:20:12.619206] [INFO] Transaction completed
[2025-11-05T23:20:12.619136] [INFO] Configuration loaded
[2025-11-05T23:20:12.619267] [DEBUG] Timer set: 30 seconds
[2025-11-05T23:20:12.619163] [INFO] User logged in
[2025-11-05T23:20:12.619231] [ERROR] Request failed
[2025-11-05T23:20:12.619220] [WARN] Slow query performance
[2025-11-05T23:20:12.619197] [INFO] Service initialized
[2025-11-05T23:20:12.619262] [DEBUG] Cache key generated
[2025-11-05T23:20:12.619179] [INFO] Configuration loaded
[2025-11-05T23:20:12.619245] [DEBUG] Variable value: x=42
[2025-11-05T23:20:12.619249] [DEBUG] Cache key generated
[2025-11-05T23:20:12.619258] [DEBUG] Timer set: 30 seconds
[2025-11-05T23:20:12.619201] [INFO] Session started
[2025-11-05T23:20:12.619237] [DEBUG] Variable value: x=42
[2025-11-05T23:20:12.619270] [DEBUG] Variable value: x=42
[2025-11-05T23:20:12.619168] [INFO] Database query executed
[2025-11-05T23:20:12.619210] [INFO] Service initialized
