[2025-11-05T23:20:49.514143] [DEBUG] Memory allocation: 2048 bytes
[2025-11-05T23:20:49.514104] [INFO] Health check passed
[2025-11-05T23:20:49.514173] [DEBUG] Memory allocation: 2048 bytes
[2025-11-05T23:20:49.514165] [DEBUG] Memory allocation: 2048 bytes
[2025-11-05T23:20:49.514133] [ERROR] Request failed
[2025-11-05T23:20:49.514161] [DEBUG] Cache key generated
[2025-11-05T23:20:49.514155] [DEBUG] Thread pool size: 8
[2025-11-05T23:20:49.514119] [WARN] Slow query performance
[2025-11-05T23:20:49.514071] [INFO] Service initialized
[2025-11-05T23:20:49.514067] [INFO] User logged in
[2025-11-05T23:20:49.514063] [INFO] User logged in
[2025-11-05T23:20:49.514059] [INFO] User logged in
[2025-11-05T23:20:49.514138] [DEBUG] Timer set: 30 seconds
[2025-11-05T23:20:49.514123] [WARN] High memory usage detected
[2025-11-05T23:20:49.514049] [INFO] Health check passed
[2025-11-05T23:20:49.514043] [INFO] Configuration loaded
[2025-11-05T23:20:49.514127] [WARN] Queue size growing
[2025-11-05T23:20:49.514054] [INFO] Service initialized
[2025-11-05T23:20:49.514100] [INFO] Session started
[2025-11-05T23:20:49.513982] [INFO] Database query executed
[2025-11-05T23:20:49.514147] [DEBUG] Entering function process_data()
[2025-11-05T23:20:49.514079] [INFO] Configuration loaded
[2025-11-05T23:20:49.514109] [WARN] Rate limit approaching
[2025-11-05T23:20:49.514092] [INFO] Health check passed
[2025-11-05T23:20:49.514096] [INFO] User logged in
[2025-11-05T23:20:49.514169] [DEBUG] Connection pool status checked
[2025-11-05T23:20:49.514151] [DEBUG] HTTP request headers parsed
[2025-11-05T23:20:49.514083] [INFO] Transaction completed
[2025-11-05T23:20:49.514087] [INFO] Session started
[2025-11-05T23:20:49.514075] [INFO] Transaction completed
[2025-11-05T23:20:49.514115] [WARN] Rate limit approaching
