[2025-11-05T23:20:19.476601] [INFO] Service initialized
[2025-11-05T23:20:19.476621] [WARN] Queue size growing
[2025-11-05T23:20:19.476669] [DEBUG] Timer set: 30 seconds
[2025-11-05T23:20:19.476615] [WARN] Deprecated API usage
[2025-11-05T23:20:19.476597] [INFO] User logged in
[2025-11-05T23:20:19.476691] [DEBUG] Thread pool size: 8
[2025-11-05T23:20:19.476678] [DEBUG] Timer set: 30 seconds
[2025-11-05T23:20:19.476520] [INFO] Cache hit
[2025-11-05T23:20:19.476645] [ERROR] Memory allocation error
[2025-11-05T23:20:19.476631] [WARN] Rate limit approaching
[2025-11-05T23:20:19.476553] [INFO] Request processed successfully
[2025-11-05T23:20:19.476649] [ERROR] Memory allocation error
[2025-11-05T23:20:19.476682] [DEBUG] Timer set: 30 seconds
[2025-11-05T23:20:19.476558] [INFO] Connection established
[2025-11-05T23:20:19.476609] [INFO] Connection established
[2025-11-05T23:20:19.476562] [INFO] Cache hit
[2025-11-05T23:20:19.476673] [DEBUG] Loop iteration: 15
[2025-11-05T23:20:19.476605] [INFO] Database query executed
[2025-11-05T23:20:19.476588] [INFO] Session started
[2025-11-05T23:20:19.476655] [DEBUG] Loop iteration: 15
[2025-11-05T23:20:19.476573] [INFO] Transaction completed
[2025-11-05T23:20:19.476546] [INFO] Transaction completed
[2025-11-05T23:20:19.476636] [ERROR] Invalid input data
[2025-11-05T23:20:19.476578] [INFO] Connection established
[2025-11-05T23:20:19.476660] [DEBUG] Loop iteration: 15
[2025-11-05T23:20:19.476687] [DEBUG] Variable value: x=42
[2025-11-05T23:20:19.476641] [ERROR] Database connection lost
[2025-11-05T23:20:19.476664] [DEBUG] Buffer size: 4096 bytes
[2025-11-05T23:20:19.476567] [INFO] Health check passed
[2025-11-05T23:20:19.476583] [INFO] Connection established
[2025-11-05T23:20:19.476626] [WARN] Connection retry attempt
[2025-11-05T23:20:19.476592] [INFO] User logged in
