[2025-11-05T23:20:32.545484] [DEBUG] Connection pool status checked
[2025-11-05T23:20:32.545479] [DEBUG] Cache key generated
[2025-11-05T23:20:32.545464] [DEBUG] HTTP request headers parsed
[2025-11-05T23:20:32.545414] [WARN] Queue size growing
[2025-11-05T23:20:32.545319] [INFO] Service initialized
[2025-11-05T23:20:32.545444] [ERROR] Invalid input data
[2025-11-05T23:20:32.545351] [INFO] Health check passed
[2025-11-05T23:20:32.545346] [INFO] Connection established
[2025-11-05T23:20:32.545438] [ERROR] Database connection lost
[2025-11-05T23:20:32.545399] [INFO] Database query executed
[2025-11-05T23:20:32.545386] [INFO] Cache hit
[2025-11-05T23:20:32.545434] [ERROR] Request failed
[2025-11-05T23:20:32.545459] [DEBUG] Entering function process_data()
[2025-11-05T23:20:32.545356] [INFO] Request processed successfully
[2025-11-05T23:20:32.545390] [INFO] User logged in
[2025-11-05T23:20:32.545409] [WARN] Connection retry attempt
[2025-11-05T23:20:32.545425] [ERROR] Permission denied
[2025-11-05T23:20:32.545404] [WARN] Rate limit approaching
[2025-11-05T23:20:32.545394] [INFO] Configuration loaded
[2025-11-05T23:20:32.545449] [DEBUG] HTTP request headers parsed
[2025-11-05T23:20:32.545360] [INFO] Request processed successfully
[2025-11-05T23:20:32.545369] [INFO] Session started
[2025-11-05T23:20:32.545488] [DEBUG] Buffer size: 4096 bytes
[2025-11-05T23:20:32.545474] [DEBUG] Thread pool size: 8
[2025-11-05T23:20:32.545430] [ERROR] Disk read failed
[2025-11-05T23:20:32.545454] [DEBUG] Memory allocation: 2048 bytes
[2025-11-05T23:20:32.545419] [WARN] Disk space low
[2025-11-05T23:20:32.545373] [INFO] Transaction completed
[2025-11-05T23:20:32.545469] [DEBUG] HTTP request headers parsed
[2025-11-05T23:20:32.545377] [INFO] Service initialized
[2025-11-05T23:20:32.545381] [INFO] Session started
[2025-11-05T23:20:32.545365] [INFO] Transaction completed
