[2025-11-05T23:20:52.641569] [ERROR] File not found
[2025-11-05T23:20:52.641525] [INFO] Database query executed
[2025-11-05T23:20:52.641489] [INFO] User logged in
[2025-11-05T23:20:52.641563] [WARN] Cache miss
[2025-11-05T23:20:52.641601] [DEBUG] Timer set: 30 seconds
[2025-11-05T23:20:52.641609] [DEBUG] Loop iteration: 15
[2025-11-05T23:20:52.641550] [WARN] Connection retry attempt
[2025-11-05T23:20:52.641596] [DEBUG] Timer set: 30 seconds
[2025-11-05T23:20:52.641484] [INFO] Session started
[2025-11-05T23:20:52.641529] [INFO] Health check passed
[2025-11-05T23:20:52.641478] [INFO] Transaction completed
[2025-11-05T23:20:52.641612] [DEBUG] Loop iteration: 15
[2025-11-05T23:20:52.641519] [INFO] Health check passed
[2025-11-05T23:20:52.641605] [DEBUG] Timer set: 30 seconds
[2025-11-05T23:20:52.641507] [INFO] Database query executed
[2025-11-05T23:20:52.641559] [WARN] Timeout warning
[2025-11-05T23:20:52.641555] [WARN] Queue size growing
[2025-11-05T23:20:52.641587] [DEBUG] Loop iteration: 15
[2025-11-05T23:20:52.641574] [ERROR] Permission denied
[2025-11-05T23:20:52.641515] [INFO] User logged in
[2025-11-05T23:20:52.641543] [WARN] Timeout warning
[2025-11-05T23:20:52.641533] [INFO] Session started
[2025-11-05T23:20:52.641583] [DEBUG] Memory allocation: 2048 bytes
[2025-11-05T23:20:52.641494] [INFO] Connection established
[2025-11-05T23:20:52.641503] [INFO] Transaction completed
[2025-11-05T23:20:52.641538] [INFO] Connection established
[2025-11-05T23:20:52.641592] [DEBUG] Timer set: 30 seconds
[2025-11-05T23:20:52.641453] [INFO] Database query executed
[2025-11-05T23:20:52.641511] [INFO] Configuration loaded
[2025-11-05T23:20:52.641579] [DEBUG] Timer set: 30 seconds
[2025-11-05T23:20:52.641499] [INFO] Service initialized
