[2025-11-05T23:20:24.629412] [DEBUG] Cache key generated
[2025-11-05T23:20:24.629426] [DEBUG] Memory allocation: 2048 bytes
[2025-11-05T23:20:24.629383] [ERROR] File not found
[2025-11-05T23:20:24.629417] [DEBUG] Loop iteration: 15
[2025-11-05T23:20:24.629408] [DEBUG] Connection pool status checked
[2025-11-05T23:20:24.629312] [INFO] Service initialized
[2025-11-05T23:20:24.629403] [DEBUG] Buffer size: 4096 bytes
[2025-11-05T23:20:24.629368] [WARN] Cache miss
[2025-11-05T23:20:24.629290] [INFO] Transaction completed
[2025-11-05T23:20:24.629321] [INFO] Connection established
[2025-11-05T23:20:24.629352] [INFO] Cache hit
[2025-11-05T23:20:24.629344] [INFO] Transaction completed
[2025-11-05T23:20:24.629348] [INFO] Configuration loaded
[2025-11-05T23:20:24.629421] [DEBUG] Variable value: x=42
[2025-11-05T23:20:24.629389] [DEBUG] Buffer size: 4096 bytes
[2025-11-05T23:20:24.629378] [ERROR] File not found
[2025-11-05T23:20:24.629340] [INFO] User logged in
[2025-11-05T23:20:24.629263] [INFO] Connection established
[2025-11-05T23:20:24.629325] [INFO] Connection established
[2025-11-05T23:20:24.629331] [INFO] Transaction completed
[2025-11-05T23:20:24.629296] [INFO] Database query executed
[2025-11-05T23:20:24.629358] [WARN] Resource threshold approaching
[2025-11-05T23:20:24.629363] [WARN] Rate limit approaching
[2025-11-05T23:20:24.629335] [INFO] Configuration loaded
[2025-11-05T23:20:24.629301] [INFO] Request processed successfully
[2025-11-05T23:20:24.629394] [DEBUG] Timer set: 30 seconds
[2025-11-05T23:20:24.629316] [INFO] Cache hit
[2025-11-05T23:20:24.629372] [WARN] Cache miss
[2025-11-05T23:20:24.629398] [DEBUG] HTTP request headers parsed
[2025-11-05T23:20:24.629306] [INFO] User logged in
