[2025-11-05T23:20:27.861687] [DEBUG] Cache key generated
[2025-11-05T23:20:27.861675] [DEBUG] Cache key generated
[2025-11-05T23:20:27.861573] [INFO] Transaction completed
[2025-11-05T23:20:27.861625] [WARN] Disk space low
[2025-11-05T23:20:27.861558] [INFO] Health check passed
[2025-11-05T23:20:27.861611] [INFO] User logged in
[2025-11-05T23:20:27.861643] [ERROR] Network timeout
[2025-11-05T23:20:27.861639] [WARN] Queue size growing
[2025-11-05T23:20:27.861658] [DEBUG] Variable value: x=42
[2025-11-05T23:20:27.861614] [INFO] Request processed successfully
[2025-11-05T23:20:27.861666] [DEBUG] HTTP request headers parsed
[2025-11-05T23:20:27.861602] [INFO] User logged in
[2025-11-05T23:20:27.861590] [INFO] Configuration loaded
[2025-11-05T23:20:27.861606] [INFO] User logged in
[2025-11-05T23:20:27.861620] [WARN] Cache miss
[2025-11-05T23:20:27.861599] [INFO] Connection established
[2025-11-05T23:20:27.861577] [INFO] Request processed successfully
[2025-11-05T23:20:27.861563] [INFO] Database query executed
[2025-11-05T23:20:27.861586] [INFO] Health check passed
[2025-11-05T23:20:27.861648] [ERROR] Invalid input data
[2025-11-05T23:20:27.861630] [WARN] Timeout warning
[2025-11-05T23:20:27.861634] [WARN] Connection retry attempt
[2025-11-05T23:20:27.861568] [INFO] Transaction completed
[2025-11-05T23:20:27.861671] [DEBUG] Thread pool size: 8
[2025-11-05T23:20:27.861682] [DEBUG] Connection pool status checked
[2025-11-05T23:20:27.861594] [INFO] User logged in
[2025-11-05T23:20:27.861535] [INFO] Session started
[2025-11-05T23:20:27.861653] [DEBUG] Thread pool size: 8
[2025-11-05T23:20:27.861662] [DEBUG] Cache key generated
[2025-11-05T23:20:27.861582] [INFO] Service initialized
[2025-11-05T23:20:27.861679] [DEBUG] Variable value: x=42
