[2025-11-05T23:20:20.863804] [WARN] Deprecated API usage
[2025-11-05T23:20:20.863781] [INFO] Transaction completed
[2025-11-05T23:20:20.863858] [DEBUG] Cache key generated
[2025-11-05T23:20:20.863798] [INFO] Configuration loaded
[2025-11-05T23:20:20.863809] [WARN] Slow query performance
[2025-11-05T23:20:20.863835] [DEBUG] Variable value: x=42
[2025-11-05T23:20:20.863866] [DEBUG] Entering function process_data()
[2025-11-05T23:20:20.863726] [INFO] Configuration loaded
[2025-11-05T23:20:20.863844] [DEBUG] Thread pool size: 8
[2025-11-05T23:20:20.863757] [INFO] Database query executed
[2025-11-05T23:20:20.863862] [DEBUG] Cache key generated
[2025-11-05T23:20:20.863786] [INFO] Configuration loaded
[2025-11-05T23:20:20.863777] [INFO] Request processed successfully
[2025-11-05T23:20:20.863751] [INFO] Database query executed
[2025-11-05T23:20:20.863819] [WARN] Queue size growing
[2025-11-05T23:20:20.863767] [INFO] Configuration loaded
[2025-11-05T23:20:20.863853] [DEBUG] Timer set: 30 seconds
[2025-11-05T23:20:20.863790] [INFO] Database query executed
[2025-11-05T23:20:20.863830] [ERROR] Disk read failed
[2025-11-05T23:20:20.863773] [INFO] Cache hit
[2025-11-05T23:20:20.863763] [INFO] Transaction completed
[2025-11-05T23:20:20.863848] [DEBUG] Buffer size: 4096 bytes
[2025-11-05T23:20:20.863840] [DEBUG] HTTP request headers parsed
[2025-11-05T23:20:20.863824] [ERROR] File not found
[2025-11-05T23:20:20.863794] [INFO] User logged in
[2025-11-05T23:20:20.863814] [WARN] Rate limit approaching
