[2025-11-05T23:20:49.651568] [INFO] Transaction completed
[2025-11-05T23:20:49.651573] [INFO] User logged in
[2025-11-05T23:20:49.651578] [WARN] Disk space low
[2025-11-05T23:20:49.651557] [INFO] Service initialized
[2025-11-05T23:20:49.651561] [INFO] Service initialized
[2025-11-05T23:20:49.651541] [INFO] Session started
[2025-11-05T23:20:49.651598] [ERROR] Network timeout
[2025-11-05T23:20:49.651532] [INFO] Session started
[2025-11-05T23:20:49.651616] [DEBUG] Buffer size: 4096 bytes
[2025-11-05T23:20:49.651628] [DEBUG] HTTP request headers parsed
[2025-11-05T23:20:49.651517] [INFO] Service initialized
[2025-11-05T23:20:49.651639] [DEBUG] Connection pool status checked
[2025-11-05T23:20:49.651492] [INFO] Session started
[2025-11-05T23:20:49.651553] [INFO] Transaction completed
[2025-11-05T23:20:49.651549] [INFO] Connection established
[2025-11-05T23:20:49.651624] [DEBUG] Buffer size: 4096 bytes
[2025-11-05T23:20:49.651565] [INFO] Session started
[2025-11-05T23:20:49.651607] [DEBUG] Timer set: 30 seconds
[2025-11-05T23:20:49.651527] [INFO] Database query executed
[2025-11-05T23:20:49.651632] [DEBUG] Buffer size: 4096 bytes
[2025-11-05T23:20:49.651583] [WARN] Timeout warning
[2025-11-05T23:20:49.651643] [DEBUG] Variable value: x=42
[2025-11-05T23:20:49.651545] [INFO] Request processed successfully
[2025-11-05T23:20:49.651588] [WARN] Timeout warning
[2025-11-05T23:20:49.651647] [DEBUG] Thread pool size: 8
[2025-11-05T23:20:49.651592] [WARN] High memory usage detected
[2025-11-05T23:20:49.651602] [ERROR] Memory allocation error
[2025-11-05T23:20:49.651523] [INFO] Configuration loaded
[2025-11-05T23:20:49.651537] [INFO] Health check passed
[2025-11-05T23:20:49.651635] [DEBUG] Loop iteration: 15
[2025-11-05T23:20:49.651620] [DEBUG] Variable value: x=42
[2025-11-05T23:20:49.651612] [DEBUG] Memory allocation: 2048 bytes
