[2025-11-05T23:20:39.877010] [INFO] Session started
[2025-11-05T23:20:39.877054] [WARN] Connection retry attempt
[2025-11-05T23:20:39.877051] [WARN] Rate limit approaching
[2025-11-05T23:20:39.877034] [WARN] Connection retry attempt
[2025-11-05T23:20:39.877029] [INFO] Service initialized
[2025-11-05T23:20:39.877006] [INFO] Health check passed
[2025-11-05T23:20:39.876991] [INFO] Request processed successfully
[2025-11-05T23:20:39.876987] [INFO] Cache hit
[2025-11-05T23:20:39.877067] [ERROR] Memory allocation error
[2025-11-05T23:20:39.877025] [INFO] Session started
[2025-11-05T23:20:39.877099] [DEBUG] Cache key generated
[2025-11-05T23:20:39.876949] [INFO] Cache hit
[2025-11-05T23:20:39.877022] [INFO] Database query executed
[2025-11-05T23:20:39.877018] [INFO] User logged in
[2025-11-05T23:20:39.877088] [DEBUG] Loop iteration: 15
[2025-11-05T23:20:39.877080] [DEBUG] Timer set: 30 seconds
[2025-11-05T23:20:39.877039] [WARN] Timeout warning
[2025-11-05T23:20:39.877043] [WARN] Slow query performance
[2025-11-05T23:20:39.876999] [INFO] Configuration loaded
[2025-11-05T23:20:39.877084] [DEBUG] Entering function process_data()
[2025-11-05T23:20:39.877103] [DEBUG] Timer set: 30 seconds
[2025-11-05T23:20:39.876973] [INFO] User logged in
[2025-11-05T23:20:39.877092] [DEBUG] Variable value: x=42
[2025-11-05T23:20:39.877058] [WARN] Timeout warning
[2025-11-05T23:20:39.876995] [INFO] Configuration loaded
[2025-11-05T23:20:39.877072] [DEBUG] Buffer size: 4096 bytes
[2025-11-05T23:20:39.877062] [ERROR] Memory allocation error
[2025-11-05T23:20:39.877002] [INFO] Transaction completed
[2025-11-05T23:20:39.877047] [WARN] Connection retry attempt
[2025-11-05T23:20:39.876979] [INFO] Request processed successfully
[2025-11-05T23:20:39.877076] [DEBUG] Memory allocation: 2048 bytes
[2025-11-05T23:20:39.877095] [DEBUG] Buffer size: 4096 bytes
[2025-11-05T23:20:39.876983] [INFO] Connection established
[2025-11-05T23:20:39.877014] [INFO] Database query executed
