[2025-11-05T23:20:19.250825] [INFO] Request processed successfully
[2025-11-05T23:20:19.250864] [INFO] Transaction completed
[2025-11-05T23:20:19.250989] [DEBUG] Thread pool size: 8
[2025-11-05T23:20:19.250854] [INFO] Configuration loaded
[2025-11-05T23:20:19.250820] [INFO] Session started
[2025-11-05T23:20:19.250938] [WARN] Timeout warning
[2025-11-05T23:20:19.250963] [DEBUG] Variable value: x=42
[2025-11-05T23:20:19.250920] [WARN] High memory usage detected
[2025-11-05T23:20:19.250850] [INFO] Database query executed
[2025-11-05T23:20:19.250875] [WARN] Queue size growing
[2025-11-05T23:20:19.250993] [DEBUG] Cache key generated
[2025-11-05T23:20:19.250927] [WARN] Resource threshold approaching
[2025-11-05T23:20:19.250845] [INFO] Session started
[2025-11-05T23:20:19.250973] [DEBUG] Buffer size: 4096 bytes
[2025-11-05T23:20:19.250836] [INFO] Cache hit
[2025-11-05T23:20:19.250812] [INFO] Health check passed
[2025-11-05T23:20:19.250945] [ERROR] Disk read failed
[2025-11-05T23:20:19.250968] [DEBUG] Variable value: x=42
[2025-11-05T23:20:19.250978] [DEBUG] Entering function process_data()
[2025-11-05T23:20:19.250869] [INFO] Cache hit
[2025-11-05T23:20:19.250957] [DEBUG] Thread pool size: 8
[2025-11-05T23:20:19.250785] [INFO] Cache hit
[2025-11-05T23:20:19.250952] [DEBUG] Timer set: 30 seconds
[2025-11-05T23:20:19.250840] [INFO] Health check passed
[2025-11-05T23:20:19.250859] [INFO] Request processed successfully
[2025-11-05T23:20:19.250933] [WARN] Timeout warning
[2025-11-05T23:20:19.250830] [INFO] Configuration loaded
[2025-11-05T23:20:19.250983] [DEBUG] Entering function process_data()
