[2025-11-05T23:20:24.264041] [WARN] Connection retry attempt
[2025-11-05T23:20:24.264074] [DEBUG] Connection pool status checked
[2025-11-05T23:20:24.263979] [INFO] Configuration loaded
[2025-11-05T23:20:24.264066] [DEBUG] Memory allocation: 2048 bytes
[2025-11-05T23:20:24.263955] [INFO] Transaction completed
[2025-11-05T23:20:24.263987] [INFO] Session started
[2025-11-05T23:20:24.263991] [INFO] Session started
[2025-11-05T23:20:24.264070] [DEBUG] HTTP request headers parsed
[2025-11-05T23:20:24.264045] [WARN] Resource threshold approaching
[2025-11-05T23:20:24.264055] [ERROR] Invalid input data
[2025-11-05T23:20:24.263970] [INFO] Connection established
[2025-11-05T23:20:24.264014] [INFO] Cache hit
[2025-11-05T23:20:24.264086] [DEBUG] Variable value: x=42
[2025-11-05T23:20:24.263960] [INFO] Configuration loaded
[2025-11-05T23:20:24.263995] [INFO] Transaction completed
[2025-11-05T23:20:24.264005] [INFO] User logged in
[2025-11-05T23:20:24.264095] [DEBUG] Buffer size: 4096 bytes
[2025-11-05T23:20:24.264078] [DEBUG] Buffer size: 4096 bytes
[2025-11-05T23:20:24.263950] [INFO] Cache hit
[2025-11-05T23:20:24.264022] [INFO] Session started
[2025-11-05T23:20:24.264028] [WARN] High memory usage detected
[2025-11-05T23:20:24.264033] [WARN] Deprecated API usage
[2025-11-05T23:20:24.264051] [ERROR] Authentication failed
[2025-11-05T23:20:24.264082] [DEBUG] Memory allocation: 2048 bytes
[2025-11-05T23:20:24.263999] [INFO] Service initialized
[2025-11-05T23:20:24.264018] [INFO] Request processed successfully
[2025-11-05T23:20:24.263964] [INFO] User logged in
[2025-11-05T23:20:24.264010] [INFO] Transaction completed
[2025-11-05T23:20:24.263983] [INFO] Health check passed
[2025-11-05T23:20:24.264037] [WARN] Connection retry attempt
[2025-11-05T23:20:24.263925] [INFO] Session started
[2025-11-05T23:20:24.263974] [INFO] Session started
[2025-11-05T23:20:24.264060] [ERROR] Invalid input data
[2025-11-05T23:20:24.264099] [DEBUG] Cache key generated
[2025-11-05T23:20:24.264090] [DEBUG] Entering function process_data()
