[2025-11-05T23:20:50.016363] [INFO] Cache hit
[2025-11-05T23:20:50.016320] [INFO] User logged in
[2025-11-05T23:20:50.016465] [DEBUG] HTTP request headers parsed
[2025-11-05T23:20:50.016353] [INFO] Cache hit
[2025-11-05T23:20:50.016358] [INFO] Configuration loaded
[2025-11-05T23:20:50.016408] [WARN] Disk space low
[2025-11-05T23:20:50.016402] [WARN] Timeout warning
[2025-11-05T23:20:50.016470] [DEBUG] HTTP request headers parsed
[2025-11-05T23:20:50.016444] [DEBUG] Cache key generated
[2025-11-05T23:20:50.016378] [INFO] Health check passed
[2025-11-05T23:20:50.016347] [INFO] User logged in
[2025-11-05T23:20:50.016392] [INFO] Cache hit
[2025-11-05T23:20:50.016439] [DEBUG] Entering function process_data()
[2025-11-05T23:20:50.016373] [INFO] Database query executed
[2025-11-05T23:20:50.016396] [INFO] Service initialized
[2025-11-05T23:20:50.016448] [DEBUG] Variable value: x=42
[2025-11-05T23:20:50.016368] [INFO] Transaction completed
[2025-11-05T23:20:50.016382] [INFO] Service initialized
[2025-11-05T23:20:50.016387] [INFO] Health check passed
[2025-11-05T23:20:50.016452] [DEBUG] Entering function process_data()
[2025-11-05T23:20:50.016428] [ERROR] Database connection lost
[2025-11-05T23:20:50.016417] [WARN] Timeout warning
[2025-11-05T23:20:50.016422] [ERROR] Invalid input data
[2025-11-05T23:20:50.016412] [WARN] Resource threshold approaching
[2025-11-05T23:20:50.016474] [DEBUG] Loop iteration: 15
[2025-11-05T23:20:50.016457] [DEBUG] Thread pool size: 8
[2025-11-05T23:20:50.016434] [DEBUG] Timer set: 30 seconds
[2025-11-05T23:20:50.016461] [DEBUG] Entering function process_data()
