[2025-11-05T23:20:22.047600] [DEBUG] Loop iteration: 15
[2025-11-05T23:20:22.047585] [DEBUG] HTTP request headers parsed
[2025-11-05T23:20:22.047548] [WARN] Resource threshold approaching
[2025-11-05T23:20:22.047527] [INFO] Service initialized
[2025-11-05T23:20:22.047539] [INFO] Configuration loaded
[2025-11-05T23:20:22.047522] [INFO] Service initialized
[2025-11-05T23:20:22.047576] [DEBUG] Timer set: 30 seconds
[2025-11-05T23:20:22.047619] [DEBUG] Buffer size: 4096 bytes
[2025-11-05T23:20:22.047590] [DEBUG] Entering function process_data()
[2025-11-05T23:20:22.047565] [ERROR] Database connection lost
[2025-11-05T23:20:22.047560] [ERROR] Network timeout
[2025-11-05T23:20:22.047595] [DEBUG] Timer set: 30 seconds
[2025-11-05T23:20:22.047610] [DEBUG] Connection pool status checked
[2025-11-05T23:20:22.047531] [INFO] Health check passed
[2025-11-05T23:20:22.047517] [INFO] Transaction completed
[2025-11-05T23:20:22.047571] [DEBUG] Timer set: 30 seconds
[2025-11-05T23:20:22.047554] [WARN] Disk space low
[2025-11-05T23:20:22.047491] [INFO] Session started
[2025-11-05T23:20:22.047507] [INFO] Service initialized
[2025-11-05T23:20:22.047457] [INFO] Configuration loaded
[2025-11-05T23:20:22.047605] [DEBUG] Memory allocation: 2048 bytes
[2025-11-05T23:20:22.047614] [DEBUG] Loop iteration: 15
[2025-11-05T23:20:22.047535] [INFO] Health check passed
[2025-11-05T23:20:22.047543] [INFO] Configuration loaded
[2025-11-05T23:20:22.047511] [INFO] User logged in
[2025-11-05T23:20:22.047497] [INFO] Cache hit
[2025-11-05T23:20:22.047580] [DEBUG] Connection pool status checked
[2025-11-05T23:20:22.047502] [INFO] Health check passed
[2025-11-05T23:20:22.047485] [INFO] Connection established
