[2025-11-05T23:20:30.882809] [INFO] Cache hit
[2025-11-05T23:20:30.882840] [INFO] Session started
[2025-11-05T23:20:30.882878] [WARN] Slow query performance
[2025-11-05T23:20:30.882939] [DEBUG] Memory allocation: 2048 bytes
[2025-11-05T23:20:30.882831] [INFO] Cache hit
[2025-11-05T23:20:30.882800] [INFO] User logged in
[2025-11-05T23:20:30.882823] [INFO] Service initialized
[2025-11-05T23:20:30.882852] [INFO] Configuration loaded
[2025-11-05T23:20:30.882769] [INFO] Database query executed
[2025-11-05T23:20:30.882910] [DEBUG] Memory allocation: 2048 bytes
[2025-11-05T23:20:30.882868] [WARN] Deprecated API usage
[2025-11-05T23:20:30.882900] [ERROR] File not found
[2025-11-05T23:20:30.882925] [DEBUG] Variable value: x=42
[2025-11-05T23:20:30.882863] [WARN] Queue size growing
[2025-11-05T23:20:30.882844] [INFO] Health check passed
[2025-11-05T23:20:30.882935] [DEBUG] HTTP request headers parsed
[2025-11-05T23:20:30.882921] [DEBUG] Loop iteration: 15
[2025-11-05T23:20:30.882931] [DEBUG] HTTP request headers parsed
[2025-11-05T23:20:30.882858] [WARN] Resource threshold approaching
[2025-11-05T23:20:30.882916] [DEBUG] Entering function process_data()
[2025-11-05T23:20:30.882889] [WARN] Queue size growing
[2025-11-05T23:20:30.882905] [DEBUG] Loop iteration: 15
[2025-11-05T23:20:30.882874] [WARN] Deprecated API usage
[2025-11-05T23:20:30.882835] [INFO] Connection established
[2025-11-05T23:20:30.882848] [INFO] Configuration loaded
[2025-11-05T23:20:30.882818] [INFO] Transaction completed
[2025-11-05T23:20:30.882795] [INFO] Request processed successfully
[2025-11-05T23:20:30.882894] [ERROR] File not found
[2025-11-05T23:20:30.882805] [INFO] Database query executed
[2025-11-05T23:20:30.882814] [INFO] Database query executed
[2025-11-05T23:20:30.882943] [DEBUG] Buffer size: 4096 bytes
[2025-11-05T23:20:30.882827] [INFO] User logged in
[2025-11-05T23:20:30.882884] [WARN] High memory usage detected
