[2025-11-05T23:20:40.146102] [INFO] Database query executed
[2025-11-05T23:20:40.146064] [INFO] Transaction completed
[2025-11-05T23:20:40.146091] [INFO] Session started
[2025-11-05T23:20:40.146133] [INFO] Connection established
[2025-11-05T23:20:40.146211] [DEBUG] Buffer size: 4096 bytes
[2025-11-05T23:20:40.146109] [INFO] Database query executed
[2025-11-05T23:20:40.146124] [INFO] Configuration loaded
[2025-11-05T23:20:40.146128] [INFO] Health check passed
[2025-11-05T23:20:40.146216] [DEBUG] Thread pool size: 8
[2025-11-05T23:20:40.146152] [INFO] Request processed successfully
[2025-11-05T23:20:40.146183] [WARN] Disk space low
[2025-11-05T23:20:40.146197] [ERROR] Disk read failed
[2025-11-05T23:20:40.146233] [DEBUG] Entering function process_data()
[2025-11-05T23:20:40.146175] [WARN] Resource threshold approaching
[2025-11-05T23:20:40.146225] [DEBUG] Connection pool status checked
[2025-11-05T23:20:40.146144] [INFO] User logged in
[2025-11-05T23:20:40.146171] [WARN] Disk space low
[2025-11-05T23:20:40.146204] [DEBUG] HTTP request headers parsed
[2025-11-05T23:20:40.146192] [ERROR] Invalid input data
[2025-11-05T23:20:40.146156] [INFO] Database query executed
[2025-11-05T23:20:40.146229] [DEBUG] Connection pool status checked
[2025-11-05T23:20:40.146138] [INFO] Transaction completed
[2025-11-05T23:20:40.146187] [WARN] Resource threshold approaching
[2025-11-05T23:20:40.146166] [WARN] Cache miss
[2025-11-05T23:20:40.146179] [WARN] Queue size growing
[2025-11-05T23:20:40.146120] [INFO] Service initialized
[2025-11-05T23:20:40.146115] [INFO] Session started
[2025-11-05T23:20:40.146148] [INFO] Health check passed
[2025-11-05T23:20:40.146220] [DEBUG] Loop iteration: 15
[2025-11-05T23:20:40.146238] [DEBUG] Memory allocation: 2048 bytes
[2025-11-05T23:20:40.146162] [WARN] High memory usage detected
[2025-11-05T23:20:40.146096] [INFO] Health check passed
