[2025-11-05T23:20:26.185428] [WARN] Connection retry attempt
[2025-11-05T23:20:26.185383] [INFO] User logged in
[2025-11-05T23:20:26.185421] [WARN] Deprecated API usage
[2025-11-05T23:20:26.185462] [DEBUG] Loop iteration: 15
[2025-11-05T23:20:26.185459] [DEBUG] Timer set: 30 seconds
[2025-11-05T23:20:26.185471] [DEBUG] Connection pool status checked
[2025-11-05T23:20:26.185387] [INFO] Cache hit
[2025-11-05T23:20:26.185390] [INFO] Health check passed
[2025-11-05T23:20:26.185468] [DEBUG] HTTP request headers parsed
[2025-11-05T23:20:26.185396] [INFO] Transaction completed
[2025-11-05T23:20:26.185435] [ERROR] Database connection lost
[2025-11-05T23:20:26.185450] [DEBUG] Entering function process_data()
[2025-11-05T23:20:26.185417] [INFO] Transaction completed
[2025-11-05T23:20:26.185425] [WARN] Rate limit approaching
[2025-11-05T23:20:26.185405] [INFO] Connection established
[2025-11-05T23:20:26.185408] [INFO] Service initialized
[2025-11-05T23:20:26.185399] [INFO] Request processed successfully
[2025-11-05T23:20:26.185465] [DEBUG] Thread pool size: 8
[2025-11-05T23:20:26.185443] [DEBUG] Entering function process_data()
[2025-11-05T23:20:26.185414] [INFO] Health check passed
[2025-11-05T23:20:26.185431] [WARN] Disk space low
[2025-11-05T23:20:26.185439] [ERROR] Network timeout
[2025-11-05T23:20:26.185402] [INFO] Session started
[2025-11-05T23:20:26.185380] [INFO] Health check passed
[2025-11-05T23:20:26.185349] [INFO] Configuration loaded
[2025-11-05T23:20:26.185371] [INFO] User logged in
[2025-11-05T23:20:26.185453] [DEBUG] Connection pool status checked
[2025-11-05T23:20:26.185393] [INFO] Session started
[2025-11-05T23:20:26.185376] [INFO] User logged in
[2025-11-05T23:20:26.185411] [INFO] Request processed successfully
[2025-11-05T23:20:26.185456] [DEBUG] Connection pool status checked
[2025-11-05T23:20:26.185447] [DEBUG] Buffer size: 4096 bytes
