[2025-11-05T23:20:47.161024] [INFO] Health check passed
[2025-11-05T23:20:47.161095] [DEBUG] Timer set: 30 seconds
[2025-11-05T23:20:47.161004] [INFO] User logged in
[2025-11-05T23:20:47.160999] [INFO] Health check passed
[2025-11-05T23:20:47.161014] [INFO] Service initialized
[2025-11-05T23:20:47.161029] [INFO] Database query executed
[2025-11-05T23:20:47.161039] [INFO] User logged in
[2025-11-05T23:20:47.161090] [DEBUG] HTTP request headers parsed
[2025-11-05T23:20:47.161051] [WARN] Slow query performance
[2025-11-05T23:20:47.161034] [INFO] Request processed successfully
[2025-11-05T23:20:47.161073] [ERROR] Service unavailable
[2025-11-05T23:20:47.161124] [DEBUG] Entering function process_data()
[2025-11-05T23:20:47.161119] [DEBUG] Thread pool size: 8
[2025-11-05T23:20:47.160993] [INFO] Database query executed
[2025-11-05T23:20:47.161078] [ERROR] Disk read failed
[2025-11-05T23:20:47.160988] [INFO] Connection established
[2025-11-05T23:20:47.161129] [DEBUG] Loop iteration: 15
[2025-11-05T23:20:47.161044] [INFO] User logged in
[2025-11-05T23:20:47.161099] [DEBUG] Loop iteration: 15
[2025-11-05T23:20:47.161009] [INFO] User logged in
[2025-11-05T23:20:47.161115] [DEBUG] Loop iteration: 15
[2025-11-05T23:20:47.161056] [WARN] High memory usage detected
[2025-11-05T23:20:47.161084] [DEBUG] Entering function process_data()
[2025-11-05T23:20:47.160975] [INFO] Database query executed
[2025-11-05T23:20:47.161105] [DEBUG] Memory allocation: 2048 bytes
[2025-11-05T23:20:47.161019] [INFO] User logged in
[2025-11-05T23:20:47.161062] [WARN] Slow query performance
[2025-11-05T23:20:47.161110] [DEBUG] Entering function process_data()
[2025-11-05T23:20:47.160950] [INFO] Session started
[2025-11-05T23:20:47.161067] [WARN] Rate limit approaching
[2025-11-05T23:20:47.160982] [INFO] Session started
