[2025-11-05T23:20:12.677657] [INFO] User logged in
[2025-11-05T23:20:12.677673] [WARN] Deprecated API usage
[2025-11-05T23:20:12.677652] [INFO] Transaction completed
[2025-11-05T23:20:12.677705] [DEBUG] Loop iteration: 15
[2025-11-05T23:20:12.677710] [DEBUG] Connection pool status checked
[2025-11-05T23:20:12.677629] [INFO] Request processed successfully
[2025-11-05T23:20:12.677729] [DEBUG] Buffer size: 4096 bytes
[2025-11-05T23:20:12.677681] [WARN] High memory usage detected
[2025-11-05T23:20:12.677648] [INFO] Configuration loaded
[2025-11-05T23:20:12.677624] [INFO] Service initialized
[2025-11-05T23:20:12.677618] [INFO] Service initialized
[2025-11-05T23:20:12.677720] [DEBUG] Entering function process_data()
[2025-11-05T23:20:12.677634] [INFO] Connection established
[2025-11-05T23:20:12.677725] [DEBUG] Connection pool status checked
[2025-11-05T23:20:12.677664] [WARN] Queue size growing
[2025-11-05T23:20:12.677694] [WARN] Deprecated API usage
[2025-11-05T23:20:12.677643] [INFO] Configuration loaded
[2025-11-05T23:20:12.677591] [INFO] Configuration loaded
[2025-11-05T23:20:12.677700] [ERROR] Request failed
[2025-11-05T23:20:12.677677] [WARN] Disk space low
[2025-11-05T23:20:12.677690] [WARN] Disk space low
[2025-11-05T23:20:12.677686] [WARN] Cache miss
[2025-11-05T23:20:12.677638] [INFO] Health check passed
[2025-11-05T23:20:12.677715] [DEBUG] Buffer size: 4096 bytes
[2025-11-05T23:20:12.677669] [WARN] Rate limit approaching
[2025-11-05T23:20:12.677734] [DEBUG] Timer set: 30 seconds
