[2025-11-05T23:20:39.141361] [INFO] Transaction completed
[2025-11-05T23:20:39.141299] [INFO] Configuration loaded
[2025-11-05T23:20:39.141334] [INFO] Session started
[2025-11-05T23:20:39.141393] [WARN] Queue size growing
[2025-11-05T23:20:39.141453] [DEBUG] Entering function process_data()
[2025-11-05T23:20:39.141413] [DEBUG] Timer set: 30 seconds
[2025-11-05T23:20:39.141320] [INFO] Health check passed
[2025-11-05T23:20:39.141304] [INFO] Health check passed
[2025-11-05T23:20:39.141314] [INFO] Service initialized
[2025-11-05T23:20:39.141400] [ERROR] Authentication failed
[2025-11-05T23:20:39.141382] [INFO] Cache hit
[2025-11-05T23:20:39.141351] [INFO] Health check passed
[2025-11-05T23:20:39.141355] [INFO] Session started
[2025-11-05T23:20:39.141438] [DEBUG] Entering function process_data()
[2025-11-05T23:20:39.141420] [DEBUG] Entering function process_data()
[2025-11-05T23:20:39.141367] [INFO] Service initialized
[2025-11-05T23:20:39.141406] [ERROR] Service unavailable
[2025-11-05T23:20:39.141388] [WARN] Queue size growing
[2025-11-05T23:20:39.141310] [INFO] Request processed successfully
[2025-11-05T23:20:39.141429] [DEBUG] Cache key generated
[2025-11-05T23:20:39.141264] [INFO] Request processed successfully
[2025-11-05T23:20:39.141433] [DEBUG] Loop iteration: 15
[2025-11-05T23:20:39.141325] [INFO] Database query executed
[2025-11-05T23:20:39.141338] [INFO] Service initialized
[2025-11-05T23:20:39.141448] [DEBUG] Entering function process_data()
[2025-11-05T23:20:39.141329] [INFO] Configuration loaded
[2025-11-05T23:20:39.141371] [INFO] Cache hit
[2025-11-05T23:20:39.141377] [INFO] Request processed successfully
[2025-11-05T23:20:39.141342] [INFO] Request processed successfully
[2025-11-05T23:20:39.141347] [INFO] Connection established
[2025-11-05T23:20:39.141292] [INFO] Service initialized
[2025-11-05T23:20:39.141425] [DEBUG] Timer set: 30 seconds
[2025-11-05T23:20:39.141443] [DEBUG] Timer set: 30 seconds
