[2025-11-05T23:20:31.733070] [INFO] Request processed successfully
[2025-11-05T23:20:31.733065] [INFO] Cache hit
[2025-11-05T23:20:31.733130] [DEBUG] HTTP request headers parsed
[2025-11-05T23:20:31.733032] [INFO] Service initialized
[2025-11-05T23:20:31.733037] [INFO] Health check passed
[2025-11-05T23:20:31.733087] [INFO] Transaction completed
[2025-11-05T23:20:31.733008] [INFO] Service initialized
[2025-11-05T23:20:31.733074] [INFO] Database query executed
[2025-11-05T23:20:31.733042] [INFO] Connection established
[2025-11-05T23:20:31.733119] [WARN] Queue size growing
[2025-11-05T23:20:31.733078] [INFO] Cache hit
[2025-11-05T23:20:31.733139] [DEBUG] Entering function process_data()
[2025-11-05T23:20:31.733091] [INFO] Database query executed
[2025-11-05T23:20:31.733110] [WARN] Connection retry attempt
[2025-11-05T23:20:31.733047] [INFO] Transaction completed
[2025-11-05T23:20:31.733083] [INFO] Health check passed
[2025-11-05T23:20:31.733152] [DEBUG] Timer set: 30 seconds
[2025-11-05T23:20:31.733135] [DEBUG] Timer set: 30 seconds
[2025-11-05T23:20:31.733115] [WARN] High memory usage detected
[2025-11-05T23:20:31.733061] [INFO] Cache hit
[2025-11-05T23:20:31.733144] [DEBUG] Timer set: 30 seconds
[2025-11-05T23:20:31.733056] [INFO] Session started
[2025-11-05T23:20:31.733052] [INFO] Transaction completed
[2025-11-05T23:20:31.733096] [WARN] Deprecated API usage
[2025-11-05T23:20:31.733156] [DEBUG] Memory allocation: 2048 bytes
[2025-11-05T23:20:31.733106] [WARN] Rate limit approaching
[2025-11-05T23:20:31.733148] [DEBUG] Buffer size: 4096 bytes
[2025-11-05T23:20:31.733124] [ERROR] Disk read failed
[2025-11-05T23:20:31.733101] [WARN] Cache miss
