[2025-11-05T23:20:46.930865] [INFO] Session started
[2025-11-05T23:20:46.930930] [WARN] Rate limit approaching
[2025-11-05T23:20:46.930909] [INFO] User logged in
[2025-11-05T23:20:46.930870] [INFO] Cache hit
[2025-11-05T23:20:46.930978] [DEBUG] Timer set: 30 seconds
[2025-11-05T23:20:46.930901] [INFO] Service initialized
[2025-11-05T23:20:46.930962] [DEBUG] Entering function process_data()
[2025-11-05T23:20:46.930939] [WARN] Timeout warning
[2025-11-05T23:20:46.930934] [WARN] Disk space low
[2025-11-05T23:20:46.930896] [INFO] Session started
[2025-11-05T23:20:46.930953] [ERROR] Permission denied
[2025-11-05T23:20:46.930919] [INFO] Transaction completed
[2025-11-05T23:20:46.930966] [DEBUG] Connection pool status checked
[2025-11-05T23:20:46.930861] [INFO] Configuration loaded
[2025-11-05T23:20:46.930970] [DEBUG] Cache key generated
[2025-11-05T23:20:46.930943] [WARN] Slow query performance
[2025-11-05T23:20:46.930874] [INFO] User logged in
[2025-11-05T23:20:46.930958] [DEBUG] Cache key generated
[2025-11-05T23:20:46.930883] [INFO] Transaction completed
[2025-11-05T23:20:46.930887] [INFO] Database query executed
[2025-11-05T23:20:46.930905] [INFO] Configuration loaded
[2025-11-05T23:20:46.930983] [DEBUG] HTTP request headers parsed
[2025-11-05T23:20:46.930987] [DEBUG] Timer set: 30 seconds
[2025-11-05T23:20:46.930891] [INFO] Health check passed
[2025-11-05T23:20:46.930974] [DEBUG] Loop iteration: 15
[2025-11-05T23:20:46.930879] [INFO] Health check passed
[2025-11-05T23:20:46.930924] [WARN] Rate limit approaching
[2025-11-05T23:20:46.930948] [ERROR] File not found
[2025-11-05T23:20:46.930829] [INFO] Cache hit
[2025-11-05T23:20:46.930914] [INFO] User logged in
[2025-11-05T23:20:46.930855] [INFO] Configuration loaded
