[2025-11-05T23:20:18.644124] [INFO] Request processed successfully
[2025-11-05T23:20:18.644059] [INFO] User logged in
[2025-11-05T23:20:18.644034] [INFO] Health check passed
[2025-11-05T23:20:18.644136] [WARN] Cache miss
[2025-11-05T23:20:18.644111] [INFO] Request processed successfully
[2025-11-05T23:20:18.644093] [INFO] User logged in
[2025-11-05T23:20:18.644098] [INFO] Service initialized
[2025-11-05T23:20:18.644066] [INFO] Cache hit
[2025-11-05T23:20:18.644199] [DEBUG] Variable value: x=42
[2025-11-05T23:20:18.644115] [INFO] User logged in
[2025-11-05T23:20:18.644089] [INFO] Service initialized
[2025-11-05T23:20:18.644130] [WARN] Disk space low
[2025-11-05T23:20:18.644140] [WARN] Connection retry attempt
[2025-11-05T23:20:18.644175] [DEBUG] Loop iteration: 15
[2025-11-05T23:20:18.644166] [DEBUG] Loop iteration: 15
[2025-11-05T23:20:18.644195] [DEBUG] Thread pool size: 8
[2025-11-05T23:20:18.644071] [INFO] User logged in
[2025-11-05T23:20:18.644102] [INFO] Session started
[2025-11-05T23:20:18.644145] [WARN] Slow query performance
[2025-11-05T23:20:18.644106] [INFO] Service initialized
[2025-11-05T23:20:18.644185] [DEBUG] Loop iteration: 15
[2025-11-05T23:20:18.644161] [DEBUG] Variable value: x=42
[2025-11-05T23:20:18.644120] [INFO] Configuration loaded
[2025-11-05T23:20:18.644156] [ERROR] Authentication failed
[2025-11-05T23:20:18.644075] [INFO] Cache hit
[2025-11-05T23:20:18.644084] [INFO] Transaction completed
[2025-11-05T23:20:18.644170] [DEBUG] Buffer size: 4096 bytes
[2025-11-05T23:20:18.644180] [DEBUG] Cache key generated
[2025-11-05T23:20:18.644151] [ERROR] Service unavailable
[2025-11-05T23:20:18.644189] [DEBUG] HTTP request headers parsed
[2025-11-05T23:20:18.644080] [INFO] Service initialized
