[2025-11-05T23:20:34.927151] [WARN] Queue size growing
[2025-11-05T23:20:34.927102] [INFO] Configuration loaded
[2025-11-05T23:20:34.927175] [DEBUG] Buffer size: 4096 bytes
[2025-11-05T23:20:34.927097] [INFO] Session started
[2025-11-05T23:20:34.927106] [INFO] Session started
[2025-11-05T23:20:34.927194] [DEBUG] Memory allocation: 2048 bytes
[2025-11-05T23:20:34.927184] [DEBUG] Buffer size: 4096 bytes
[2025-11-05T23:20:34.927088] [INFO] Session started
[2025-11-05T23:20:34.927166] [DEBUG] Buffer size: 4096 bytes
[2025-11-05T23:20:34.927110] [INFO] Database query executed
[2025-11-05T23:20:34.927141] [WARN] High memory usage detected
[2025-11-05T23:20:34.927136] [WARN] Timeout warning
[2025-11-05T23:20:34.927051] [INFO] User logged in
[2025-11-05T23:20:34.927146] [WARN] High memory usage detected
[2025-11-05T23:20:34.927130] [INFO] Database query executed
[2025-11-05T23:20:34.927161] [ERROR] Authentication failed
[2025-11-05T23:20:34.927179] [DEBUG] Variable value: x=42
[2025-11-05T23:20:34.927189] [DEBUG] Buffer size: 4096 bytes
[2025-11-05T23:20:34.927119] [INFO] Configuration loaded
[2025-11-05T23:20:34.927092] [INFO] Configuration loaded
[2025-11-05T23:20:34.927083] [INFO] Request processed successfully
[2025-11-05T23:20:34.927171] [DEBUG] Connection pool status checked
[2025-11-05T23:20:34.927199] [DEBUG] Variable value: x=42
[2025-11-05T23:20:34.927126] [INFO] Transaction completed
[2025-11-05T23:20:34.927156] [ERROR] Invalid input data
[2025-11-05T23:20:34.927077] [INFO] Cache hit
[2025-11-05T23:20:34.927203] [DEBUG] HTTP request headers parsed
[2025-11-05T23:20:34.927122] [INFO] Session started
[2025-11-05T23:20:34.927115] [INFO] Database query executed
