[2025-11-05T23:20:24.154588] [DEBUG] Connection pool status checked
[2025-11-05T23:20:24.154563] [WARN] Slow query performance
[2025-11-05T23:20:24.154469] [INFO] Connection established
[2025-11-05T23:20:24.154536] [INFO] Database query executed
[2025-11-05T23:20:24.154505] [INFO] Transaction completed
[2025-11-05T23:20:24.154579] [ERROR] Invalid input data
[2025-11-05T23:20:24.154553] [INFO] Health check passed
[2025-11-05T23:20:24.154608] [DEBUG] Timer set: 30 seconds
[2025-11-05T23:20:24.154623] [DEBUG] Buffer size: 4096 bytes
[2025-11-05T23:20:24.154593] [DEBUG] Buffer size: 4096 bytes
[2025-11-05T23:20:24.154549] [INFO] Connection established
[2025-11-05T23:20:24.154619] [DEBUG] Cache key generated
[2025-11-05T23:20:24.154626] [DEBUG] Variable value: x=42
[2025-11-05T23:20:24.154519] [INFO] Cache hit
[2025-11-05T23:20:24.154532] [INFO] Request processed successfully
[2025-11-05T23:20:24.154500] [INFO] Cache hit
[2025-11-05T23:20:24.154603] [DEBUG] Variable value: x=42
[2025-11-05T23:20:24.154630] [DEBUG] Timer set: 30 seconds
[2025-11-05T23:20:24.154523] [INFO] Service initialized
[2025-11-05T23:20:24.154495] [INFO] Transaction completed
[2025-11-05T23:20:24.154527] [INFO] Session started
[2025-11-05T23:20:24.154583] [ERROR] Invalid input data
[2025-11-05T23:20:24.154540] [INFO] Request processed successfully
[2025-11-05T23:20:24.154568] [WARN] Timeout warning
[2025-11-05T23:20:24.154574] [ERROR] Network timeout
[2025-11-05T23:20:24.154514] [INFO] Session started
[2025-11-05T23:20:24.154558] [WARN] Resource threshold approaching
[2025-11-05T23:20:24.154544] [INFO] Cache hit
[2025-11-05T23:20:24.154598] [DEBUG] Cache key generated
[2025-11-05T23:20:24.154614] [DEBUG] Entering function process_data()
[2025-11-05T23:20:24.154510] [INFO] Database query executed
