[2025-11-05T23:20:49.917576] [INFO] Health check passed
[2025-11-05T23:20:49.917580] [INFO] Request processed successfully
[2025-11-05T23:20:49.917478] [INFO] Session started
[2025-11-05T23:20:49.917452] [INFO] Session started
[2025-11-05T23:20:49.917527] [INFO] User logged in
[2025-11-05T23:20:49.917626] [DEBUG] Timer set: 30 seconds
[2025-11-05T23:20:49.917593] [WARN] Slow query performance
[2025-11-05T23:20:49.917562] [INFO] Database query executed
[2025-11-05T23:20:49.917649] [DEBUG] Buffer size: 4096 bytes
[2025-11-05T23:20:49.917566] [INFO] Request processed successfully
[2025-11-05T23:20:49.917614] [ERROR] Network timeout
[2025-11-05T23:20:49.917603] [WARN] Timeout warning
[2025-11-05T23:20:49.917598] [WARN] Slow query performance
[2025-11-05T23:20:49.917547] [INFO] Health check passed
[2025-11-05T23:20:49.917537] [INFO] Health check passed
[2025-11-05T23:20:49.917543] [INFO] Session started
[2025-11-05T23:20:49.917640] [DEBUG] HTTP request headers parsed
[2025-11-05T23:20:49.917483] [INFO] Database query executed
[2025-11-05T23:20:49.917636] [DEBUG] Buffer size: 4096 bytes
[2025-11-05T23:20:49.917663] [DEBUG] Entering function process_data()
[2025-11-05T23:20:49.917552] [INFO] Connection established
[2025-11-05T23:20:49.917653] [DEBUG] Connection pool status checked
[2025-11-05T23:20:49.917557] [INFO] Request processed successfully
[2025-11-05T23:20:49.917658] [DEBUG] Timer set: 30 seconds
[2025-11-05T23:20:49.917532] [INFO] User logged in
[2025-11-05T23:20:49.917608] [WARN] Resource threshold approaching
[2025-11-05T23:20:49.917587] [WARN] Deprecated API usage
[2025-11-05T23:20:49.917571] [INFO] Transaction completed
[2025-11-05T23:20:49.917620] [ERROR] Permission denied
[2025-11-05T23:20:49.917645] [DEBUG] Loop iteration: 15
[2025-11-05T23:20:49.917631] [DEBUG] Cache key generated
