[2025-11-05T23:20:47.081327] [DEBUG] HTTP request headers parsed
[2025-11-05T23:20:47.081178] [INFO] User logged in
[2025-11-05T23:20:47.081294] [ERROR] Network timeout
[2025-11-05T23:20:47.081245] [INFO] Transaction completed
[2025-11-05T23:20:47.081284] [WARN] High memory usage detected
[2025-11-05T23:20:47.081288] [WARN] Timeout warning
[2025-11-05T23:20:47.081316] [DEBUG] Buffer size: 4096 bytes
[2025-11-05T23:20:47.081169] [INFO] Session started
[2025-11-05T23:20:47.081279] [WARN] Cache miss
[2025-11-05T23:20:47.081249] [INFO] Configuration loaded
[2025-11-05T23:20:47.081165] [INFO] Health check passed
[2025-11-05T23:20:47.081299] [ERROR] Memory allocation error
[2025-11-05T23:20:47.081241] [INFO] Transaction completed
[2025-11-05T23:20:47.081155] [INFO] Service initialized
[2025-11-05T23:20:47.081160] [INFO] Database query executed
[2025-11-05T23:20:47.081331] [DEBUG] Thread pool size: 8
[2025-11-05T23:20:47.081254] [INFO] Configuration loaded
[2025-11-05T23:20:47.081312] [DEBUG] HTTP request headers parsed
[2025-11-05T23:20:47.081174] [INFO] Request processed successfully
[2025-11-05T23:20:47.081143] [INFO] Configuration loaded
[2025-11-05T23:20:47.081305] [DEBUG] Thread pool size: 8
[2025-11-05T23:20:47.081149] [INFO] Cache hit
[2025-11-05T23:20:47.081274] [WARN] Disk space low
[2025-11-05T23:20:47.081116] [INFO] Configuration loaded
[2025-11-05T23:20:47.081183] [INFO] Session started
[2025-11-05T23:20:47.081322] [DEBUG] Buffer size: 4096 bytes
[2025-11-05T23:20:47.081267] [INFO] Database query executed
[2025-11-05T23:20:47.081231] [INFO] Transaction completed
[2025-11-05T23:20:47.081258] [INFO] Database query executed
[2025-11-05T23:20:47.081262] [INFO] Service initialized
