[2025-11-05T23:20:39.885963] [INFO] Request processed successfully
[2025-11-05T23:20:39.885915] [INFO] Cache hit
[2025-11-05T23:20:39.885983] [INFO] User logged in
[2025-11-05T23:20:39.886021] [DEBUG] Connection pool status checked
[2025-11-05T23:20:39.886015] [DEBUG] Memory allocation: 2048 bytes
[2025-11-05T23:20:39.886025] [DEBUG] Variable value: x=42
[2025-11-05T23:20:39.885960] [INFO] User logged in
[2025-11-05T23:20:39.885991] [WARN] Cache miss
[2025-11-05T23:20:39.885980] [INFO] Session started
[2025-11-05T23:20:39.885973] [INFO] Connection established
[2025-11-05T23:20:39.886038] [DEBUG] Thread pool size: 8
[2025-11-05T23:20:39.885976] [INFO] Configuration loaded
[2025-11-05T23:20:39.886011] [DEBUG] Cache key generated
[2025-11-05T23:20:39.885999] [WARN] Resource threshold approaching
[2025-11-05T23:20:39.886035] [DEBUG] Timer set: 30 seconds
[2025-11-05T23:20:39.885970] [INFO] Service initialized
[2025-11-05T23:20:39.885938] [INFO] Request processed successfully
[2025-11-05T23:20:39.885956] [INFO] Session started
[2025-11-05T23:20:39.885946] [INFO] Cache hit
[2025-11-05T23:20:39.886032] [DEBUG] Memory allocation: 2048 bytes
[2025-11-05T23:20:39.886028] [DEBUG] Memory allocation: 2048 bytes
[2025-11-05T23:20:39.885996] [WARN] Timeout warning
[2025-11-05T23:20:39.885986] [INFO] Transaction completed
[2025-11-05T23:20:39.886003] [ERROR] Service unavailable
[2025-11-05T23:20:39.885953] [INFO] Transaction completed
[2025-11-05T23:20:39.885942] [INFO] Health check passed
[2025-11-05T23:20:39.885967] [INFO] Connection established
[2025-11-05T23:20:39.886018] [DEBUG] Connection pool status checked
[2025-11-05T23:20:39.885949] [INFO] Service initialized
[2025-11-05T23:20:39.886007] [ERROR] Request failed
