[2025-11-05T23:20:52.161175] [INFO] Request processed successfully
[2025-11-05T23:20:52.161213] [DEBUG] HTTP request headers parsed
[2025-11-05T23:20:52.161127] [INFO] Session started
[2025-11-05T23:20:52.161146] [INFO] Connection established
[2025-11-05T23:20:52.161255] [DEBUG] Connection pool status checked
[2025-11-05T23:20:52.161158] [INFO] User logged in
[2025-11-05T23:20:52.161194] [WARN] Queue size growing
[2025-11-05T23:20:52.161251] [DEBUG] Cache key generated
[2025-11-05T23:20:52.161218] [DEBUG] Buffer size: 4096 bytes
[2025-11-05T23:20:52.161260] [DEBUG] Timer set: 30 seconds
[2025-11-05T23:20:52.161167] [INFO] Cache hit
[2025-11-05T23:20:52.161154] [INFO] Configuration loaded
[2025-11-05T23:20:52.161198] [WARN] High memory usage detected
[2025-11-05T23:20:52.161163] [INFO] Service initialized
[2025-11-05T23:20:52.161150] [INFO] Session started
[2025-11-05T23:20:52.161243] [DEBUG] Memory allocation: 2048 bytes
[2025-11-05T23:20:52.161235] [DEBUG] Timer set: 30 seconds
[2025-11-05T23:20:52.161239] [DEBUG] Entering function process_data()
[2025-11-05T23:20:52.161171] [INFO] Connection established
[2025-11-05T23:20:52.161179] [INFO] Health check passed
[2025-11-05T23:20:52.161188] [WARN] Rate limit approaching
[2025-11-05T23:20:52.161222] [DEBUG] HTTP request headers parsed
[2025-11-05T23:20:52.161137] [INFO] User logged in
[2025-11-05T23:20:52.161247] [DEBUG] Timer set: 30 seconds
[2025-11-05T23:20:52.161208] [ERROR] Permission denied
[2025-11-05T23:20:52.161225] [DEBUG] Thread pool size: 8
[2025-11-05T23:20:52.161141] [INFO] User logged in
[2025-11-05T23:20:52.161101] [INFO] Request processed successfully
[2025-11-05T23:20:52.161204] [ERROR] Service unavailable
[2025-11-05T23:20:52.161230] [DEBUG] Entering function process_data()
[2025-11-05T23:20:52.161183] [INFO] User logged in
[2025-11-05T23:20:52.161132] [INFO] User logged in
