[2025-11-05T23:20:17.401515] [WARN] Cache miss
[2025-11-05T23:20:17.401560] [DEBUG] Variable value: x=42
[2025-11-05T23:20:17.401405] [INFO] Configuration loaded
[2025-11-05T23:20:17.401523] [WARN] Timeout warning
[2025-11-05T23:20:17.401554] [ERROR] Memory allocation error
[2025-11-05T23:20:17.401528] [WARN] Deprecated API usage
[2025-11-05T23:20:17.401410] [INFO] Cache hit
[2025-11-05T23:20:17.401506] [WARN] Deprecated API usage
[2025-11-05T23:20:17.401584] [DEBUG] Thread pool size: 8
[2025-11-05T23:20:17.401501] [WARN] High memory usage detected
[2025-11-05T23:20:17.401401] [INFO] Health check passed
[2025-11-05T23:20:17.401382] [INFO] Database query executed
[2025-11-05T23:20:17.401442] [WARN] Cache miss
[2025-11-05T23:20:17.401436] [INFO] Request processed successfully
[2025-11-05T23:20:17.401575] [DEBUG] Cache key generated
[2025-11-05T23:20:17.401370] [INFO] Request processed successfully
[2025-11-05T23:20:17.401549] [ERROR] Invalid input data
[2025-11-05T23:20:17.401392] [INFO] Request processed successfully
[2025-11-05T23:20:17.401588] [DEBUG] Timer set: 30 seconds
[2025-11-05T23:20:17.401415] [INFO] Request processed successfully
[2025-11-05T23:20:17.401579] [DEBUG] Connection pool status checked
[2025-11-05T23:20:17.401569] [DEBUG] Memory allocation: 2048 bytes
[2025-11-05T23:20:17.401376] [INFO] Service initialized
[2025-11-05T23:20:17.401519] [WARN] High memory usage detected
[2025-11-05T23:20:17.401565] [DEBUG] Thread pool size: 8
[2025-11-05T23:20:17.401495] [WARN] Timeout warning
[2025-11-05T23:20:17.401533] [WARN] Disk space low
[2025-11-05T23:20:17.401537] [WARN] Queue size growing
[2025-11-05T23:20:17.401427] [INFO] Connection established
[2025-11-05T23:20:17.401432] [INFO] Request processed successfully
[2025-11-05T23:20:17.401510] [WARN] Cache miss
[2025-11-05T23:20:17.401342] [INFO] Request processed successfully
[2025-11-05T23:20:17.401387] [INFO] Database query executed
[2025-11-05T23:20:17.401542] [WARN] Deprecated API usage
[2025-11-05T23:20:17.401397] [INFO] Service initialized
[2025-11-05T23:20:17.401423] [INFO] Cache hit
[2025-11-05T23:20:17.401419] [INFO] Request processed successfully
