[2025-11-05T23:20:39.873906] [DEBUG] Memory allocation: 2048 bytes
[2025-11-05T23:20:39.873859] [INFO] Session started
[2025-11-05T23:20:39.873856] [INFO] Session started
[2025-11-05T23:20:39.873831] [INFO] Connection established
[2025-11-05T23:20:39.873882] [WARN] Queue size growing
[2025-11-05T23:20:39.873902] [DEBUG] Entering function process_data()
[2025-11-05T23:20:39.873827] [INFO] Service initialized
[2025-11-05T23:20:39.873892] [ERROR] Permission denied
[2025-11-05T23:20:39.873808] [INFO] Configuration loaded
[2025-11-05T23:20:39.873931] [DEBUG] Cache key generated
[2025-11-05T23:20:39.873847] [INFO] Database query executed
[2025-11-05T23:20:39.873835] [INFO] Transaction completed
[2025-11-05T23:20:39.873927] [DEBUG] Entering function process_data()
[2025-11-05T23:20:39.873839] [INFO] Configuration loaded
[2025-11-05T23:20:39.873818] [INFO] User logged in
[2025-11-05T23:20:39.873813] [INFO] Service initialized
[2025-11-05T23:20:39.873914] [DEBUG] HTTP request headers parsed
[2025-11-05T23:20:39.873897] [DEBUG] Timer set: 30 seconds
[2025-11-05T23:20:39.873844] [INFO] Configuration loaded
[2025-11-05T23:20:39.873878] [WARN] Connection retry attempt
[2025-11-05T23:20:39.873918] [DEBUG] Timer set: 30 seconds
[2025-11-05T23:20:39.873863] [INFO] Session started
[2025-11-05T23:20:39.873873] [WARN] Queue size growing
[2025-11-05T23:20:39.873868] [WARN] Deprecated API usage
[2025-11-05T23:20:39.873851] [INFO] Cache hit
[2025-11-05T23:20:39.873822] [INFO] Health check passed
[2025-11-05T23:20:39.873923] [DEBUG] Thread pool size: 8
[2025-11-05T23:20:39.873910] [DEBUG] Thread pool size: 8
[2025-11-05T23:20:39.873886] [WARN] Cache miss
[2025-11-05T23:20:39.873783] [INFO] Session started
