[2025-11-05T23:20:44.439584] [INFO] Cache hit
[2025-11-05T23:20:44.439614] [INFO] Health check passed
[2025-11-05T23:20:44.439683] [DEBUG] Buffer size: 4096 bytes
[2025-11-05T23:20:44.439635] [INFO] Cache hit
[2025-11-05T23:20:44.439626] [INFO] Health check passed
[2025-11-05T23:20:44.439699] [DEBUG] Thread pool size: 8
[2025-11-05T23:20:44.439703] [DEBUG] Cache key generated
[2025-11-05T23:20:44.439590] [INFO] Service initialized
[2025-11-05T23:20:44.439644] [WARN] Connection retry attempt
[2025-11-05T23:20:44.439687] [DEBUG] Entering function process_data()
[2025-11-05T23:20:44.439639] [INFO] User logged in
[2025-11-05T23:20:44.439610] [INFO] User logged in
[2025-11-05T23:20:44.439670] [ERROR] Permission denied
[2025-11-05T23:20:44.439657] [WARN] Resource threshold approaching
[2025-11-05T23:20:44.439618] [INFO] Health check passed
[2025-11-05T23:20:44.439665] [WARN] High memory usage detected
[2025-11-05T23:20:44.439691] [DEBUG] HTTP request headers parsed
[2025-11-05T23:20:44.439695] [DEBUG] Loop iteration: 15
[2025-11-05T23:20:44.439653] [WARN] High memory usage detected
[2025-11-05T23:20:44.439661] [WARN] Rate limit approaching
[2025-11-05T23:20:44.439675] [DEBUG] Buffer size: 4096 bytes
[2025-11-05T23:20:44.439648] [WARN] Queue size growing
[2025-11-05T23:20:44.439578] [INFO] Health check passed
[2025-11-05T23:20:44.439551] [INFO] Database query executed
[2025-11-05T23:20:44.439595] [INFO] Connection established
[2025-11-05T23:20:44.439707] [DEBUG] Variable value: x=42
[2025-11-05T23:20:44.439630] [INFO] Transaction completed
[2025-11-05T23:20:44.439622] [INFO] Configuration loaded
[2025-11-05T23:20:44.439605] [INFO] Service initialized
[2025-11-05T23:20:44.439601] [INFO] Connection established
[2025-11-05T23:20:44.439679] [DEBUG] Buffer size: 4096 bytes
