[2025-11-05T23:20:22.760867] [DEBUG] Memory allocation: 2048 bytes
[2025-11-05T23:20:22.760786] [INFO] Configuration loaded
[2025-11-05T23:20:22.760840] [ERROR] Memory allocation error
[2025-11-05T23:20:22.760821] [WARN] Disk space low
[2025-11-05T23:20:22.760713] [INFO] Transaction completed
[2025-11-05T23:20:22.760778] [INFO] Session started
[2025-11-05T23:20:22.760877] [DEBUG] HTTP request headers parsed
[2025-11-05T23:20:22.760882] [DEBUG] Thread pool size: 8
[2025-11-05T23:20:22.760834] [WARN] Slow query performance
[2025-11-05T23:20:22.760782] [INFO] Cache hit
[2025-11-05T23:20:22.760774] [INFO] Configuration loaded
[2025-11-05T23:20:22.760863] [DEBUG] Buffer size: 4096 bytes
[2025-11-05T23:20:22.760737] [INFO] User logged in
[2025-11-05T23:20:22.760855] [DEBUG] Cache key generated
[2025-11-05T23:20:22.760794] [INFO] Configuration loaded
[2025-11-05T23:20:22.760817] [WARN] Timeout warning
[2025-11-05T23:20:22.760752] [INFO] Connection established
[2025-11-05T23:20:22.760825] [WARN] Rate limit approaching
[2025-11-05T23:20:22.760769] [INFO] Configuration loaded
[2025-11-05T23:20:22.760859] [DEBUG] Cache key generated
[2025-11-05T23:20:22.760871] [DEBUG] HTTP request headers parsed
[2025-11-05T23:20:22.760887] [DEBUG] HTTP request headers parsed
[2025-11-05T23:20:22.760790] [INFO] Configuration loaded
[2025-11-05T23:20:22.760812] [WARN] Deprecated API usage
[2025-11-05T23:20:22.760850] [DEBUG] Loop iteration: 15
[2025-11-05T23:20:22.760798] [INFO] Service initialized
[2025-11-05T23:20:22.760748] [INFO] Database query executed
[2025-11-05T23:20:22.760807] [INFO] Cache hit
[2025-11-05T23:20:22.760829] [WARN] Rate limit approaching
[2025-11-05T23:20:22.760757] [INFO] Database query executed
[2025-11-05T23:20:22.760761] [INFO] Transaction completed
[2025-11-05T23:20:22.760802] [INFO] Health check passed
[2025-11-05T23:20:22.760743] [INFO] Connection established
[2025-11-05T23:20:22.760845] [ERROR] Authentication failed
[2025-11-05T23:20:22.760765] [INFO] Cache hit
