[2025-11-05T23:20:32.049083] [DEBUG] Thread pool size: 8
[2025-11-05T23:20:32.049038] [WARN] Slow query performance
[2025-11-05T23:20:32.049029] [WARN] Rate limit approaching
[2025-11-05T23:20:32.049008] [INFO] Transaction completed
[2025-11-05T23:20:32.049092] [DEBUG] Loop iteration: 15
[2025-11-05T23:20:32.049023] [WARN] Rate limit approaching
[2025-11-05T23:20:32.048981] [INFO] Health check passed
[2025-11-05T23:20:32.049054] [ERROR] Permission denied
[2025-11-05T23:20:32.049048] [WARN] Deprecated API usage
[2025-11-05T23:20:32.048965] [INFO] User logged in
[2025-11-05T23:20:32.048990] [INFO] Connection established
[2025-11-05T23:20:32.049078] [DEBUG] Entering function process_data()
[2025-11-05T23:20:32.049017] [INFO] Health check passed
[2025-11-05T23:20:32.049097] [DEBUG] Cache key generated
[2025-11-05T23:20:32.048999] [INFO] Connection established
[2025-11-05T23:20:32.049004] [INFO] User logged in
[2025-11-05T23:20:32.048986] [INFO] Health check passed
[2025-11-05T23:20:32.048994] [INFO] Transaction completed
[2025-11-05T23:20:32.049034] [WARN] Connection retry attempt
[2025-11-05T23:20:32.049043] [WARN] Rate limit approaching
[2025-11-05T23:20:32.049070] [DEBUG] Connection pool status checked
[2025-11-05T23:20:32.049064] [DEBUG] HTTP request headers parsed
[2025-11-05T23:20:32.049059] [ERROR] Invalid input data
[2025-11-05T23:20:32.048976] [INFO] Connection established
[2025-11-05T23:20:32.049013] [INFO] User logged in
[2025-11-05T23:20:32.048939] [INFO] Configuration loaded
[2025-11-05T23:20:32.049101] [DEBUG] HTTP request headers parsed
[2025-11-05T23:20:32.049088] [DEBUG] Variable value: x=42
[2025-11-05T23:20:32.049074] [DEBUG] HTTP request headers parsed
[2025-11-05T23:20:32.048971] [INFO] User logged in
