[2025-11-05T23:20:48.920766] [INFO] Session started
[2025-11-05T23:20:48.920851] [DEBUG] Cache key generated
[2025-11-05T23:20:48.920828] [ERROR] Permission denied
[2025-11-05T23:20:48.920777] [INFO] User logged in
[2025-11-05T23:20:48.920758] [INFO] Database query executed
[2025-11-05T23:20:48.920811] [WARN] Cache miss
[2025-11-05T23:20:48.920863] [DEBUG] Loop iteration: 15
[2025-11-05T23:20:48.919707] [INFO] Configuration loaded
[2025-11-05T23:20:48.920803] [WARN] Rate limit approaching
[2025-11-05T23:20:48.920781] [INFO] Health check passed
[2025-11-05T23:20:48.920761] [INFO] Transaction completed
[2025-11-05T23:20:48.920855] [DEBUG] Memory allocation: 2048 bytes
[2025-11-05T23:20:48.920794] [WARN] Timeout warning
[2025-11-05T23:20:48.920847] [DEBUG] Thread pool size: 8
[2025-11-05T23:20:48.920753] [INFO] Cache hit
[2025-11-05T23:20:48.920799] [WARN] Deprecated API usage
[2025-11-05T23:20:48.920740] [INFO] Service initialized
[2025-11-05T23:20:48.920859] [DEBUG] HTTP request headers parsed
[2025-11-05T23:20:48.920749] [INFO] Connection established
[2025-11-05T23:20:48.920715] [INFO] User logged in
[2025-11-05T23:20:48.920770] [INFO] Database query executed
[2025-11-05T23:20:48.920807] [WARN] Queue size growing
[2025-11-05T23:20:48.920837] [DEBUG] Cache key generated
[2025-11-05T23:20:48.920842] [DEBUG] Connection pool status checked
[2025-11-05T23:20:48.920815] [WARN] High memory usage detected
[2025-11-05T23:20:48.920735] [INFO] Service initialized
[2025-11-05T23:20:48.920773] [INFO] Transaction completed
[2025-11-05T23:20:48.920818] [WARN] Timeout warning
[2025-11-05T23:20:48.920866] [DEBUG] Loop iteration: 15
[2025-11-05T23:20:48.920833] [DEBUG] Loop iteration: 15
[2025-11-05T23:20:48.920790] [WARN] Deprecated API usage
[2025-11-05T23:20:48.920744] [INFO] Health check passed
[2025-11-05T23:20:48.920823] [ERROR] Authentication failed
