[2025-11-05T23:20:47.617990] [DEBUG] Buffer size: 4096 bytes
[2025-11-05T23:20:47.618005] [DEBUG] Cache key generated
[2025-11-05T23:20:47.617996] [DEBUG] Timer set: 30 seconds
[2025-11-05T23:20:47.617957] [WARN] Resource threshold approaching
[2025-11-05T23:20:47.617935] [INFO] User logged in
[2025-11-05T23:20:47.617953] [INFO] User logged in
[2025-11-05T23:20:47.617947] [INFO] Request processed successfully
[2025-11-05T23:20:47.617938] [INFO] Service initialized
[2025-11-05T23:20:47.617929] [INFO] Configuration loaded
[2025-11-05T23:20:47.617982] [ERROR] Permission denied
[2025-11-05T23:20:47.617921] [INFO] Configuration loaded
[2025-11-05T23:20:47.617993] [DEBUG] Loop iteration: 15
[2025-11-05T23:20:47.617932] [INFO] Request processed successfully
[2025-11-05T23:20:47.617964] [WARN] Connection retry attempt
[2025-11-05T23:20:47.617986] [DEBUG] Loop iteration: 15
[2025-11-05T23:20:47.617975] [ERROR] Disk read failed
[2025-11-05T23:20:47.617979] [ERROR] Network timeout
[2025-11-05T23:20:47.618011] [DEBUG] Memory allocation: 2048 bytes
[2025-11-05T23:20:47.617967] [WARN] Timeout warning
[2025-11-05T23:20:47.618003] [DEBUG] Entering function process_data()
[2025-11-05T23:20:47.617941] [INFO] Health check passed
[2025-11-05T23:20:47.617925] [INFO] Database query executed
[2025-11-05T23:20:47.617971] [WARN] Queue size growing
[2025-11-05T23:20:47.617898] [INFO] Cache hit
[2025-11-05T23:20:47.617961] [WARN] Slow query performance
[2025-11-05T23:20:47.617944] [INFO] Transaction completed
[2025-11-05T23:20:47.617999] [DEBUG] Loop iteration: 15
[2025-11-05T23:20:47.618008] [DEBUG] Variable value: x=42
[2025-11-05T23:20:47.617950] [INFO] Configuration loaded
