[2025-11-05T23:20:32.899105] [INFO] User logged in
[2025-11-05T23:20:32.899183] [DEBUG] Timer set: 30 seconds
[2025-11-05T23:20:32.899194] [DEBUG] Buffer size: 4096 bytes
[2025-11-05T23:20:32.899147] [INFO] Cache hit
[2025-11-05T23:20:32.899122] [INFO] Configuration loaded
[2025-11-05T23:20:32.899118] [INFO] Configuration loaded
[2025-11-05T23:20:32.899155] [INFO] Health check passed
[2025-11-05T23:20:32.899160] [WARN] Cache miss
[2025-11-05T23:20:32.899140] [INFO] Cache hit
[2025-11-05T23:20:32.899129] [INFO] Database query executed
[2025-11-05T23:20:32.899180] [DEBUG] Buffer size: 4096 bytes
[2025-11-05T23:20:32.899125] [INFO] Cache hit
[2025-11-05T23:20:32.899083] [INFO] Session started
[2025-11-05T23:20:32.899166] [ERROR] File not found
[2025-11-05T23:20:32.899175] [DEBUG] Entering function process_data()
[2025-11-05T23:20:32.899170] [ERROR] Invalid input data
[2025-11-05T23:20:32.899114] [INFO] Cache hit
[2025-11-05T23:20:32.899144] [INFO] Configuration loaded
[2025-11-05T23:20:32.899109] [INFO] Connection established
[2025-11-05T23:20:32.899191] [DEBUG] Thread pool size: 8
[2025-11-05T23:20:32.899133] [INFO] Transaction completed
[2025-11-05T23:20:32.899187] [DEBUG] Entering function process_data()
[2025-11-05T23:20:32.899151] [INFO] Cache hit
[2025-11-05T23:20:32.899137] [INFO] Cache hit
