[2025-11-05T23:20:46.013268] [DEBUG] Cache key generated
[2025-11-05T23:20:46.013272] [DEBUG] Loop iteration: 15
[2025-11-05T23:20:46.013171] [INFO] Request processed successfully
[2025-11-05T23:20:46.013184] [INFO] Session started
[2025-11-05T23:20:46.013202] [INFO] Database query executed
[2025-11-05T23:20:46.013249] [ERROR] File not found
[2025-11-05T23:20:46.013175] [INFO] Connection established
[2025-11-05T23:20:46.013198] [INFO] Transaction completed
[2025-11-05T23:20:46.013223] [WARN] Connection retry attempt
[2025-11-05T23:20:46.013217] [WARN] Connection retry attempt
[2025-11-05T23:20:46.013243] [ERROR] File not found
[2025-11-05T23:20:46.013150] [INFO] Connection established
[2025-11-05T23:20:46.013123] [INFO] Database query executed
[2025-11-05T23:20:46.013161] [INFO] Service initialized
[2025-11-05T23:20:46.013286] [DEBUG] Timer set: 30 seconds
[2025-11-05T23:20:46.013277] [DEBUG] Buffer size: 4096 bytes
[2025-11-05T23:20:46.013263] [DEBUG] Loop iteration: 15
[2025-11-05T23:20:46.013189] [INFO] Transaction completed
[2025-11-05T23:20:46.013211] [INFO] Health check passed
[2025-11-05T23:20:46.013254] [DEBUG] Memory allocation: 2048 bytes
[2025-11-05T23:20:46.013156] [INFO] User logged in
[2025-11-05T23:20:46.013228] [WARN] Resource threshold approaching
[2025-11-05T23:20:46.013282] [DEBUG] Memory allocation: 2048 bytes
[2025-11-05T23:20:46.013166] [INFO] Configuration loaded
[2025-11-05T23:20:46.013238] [WARN] Queue size growing
[2025-11-05T23:20:46.013179] [INFO] Session started
[2025-11-05T23:20:46.013207] [INFO] Cache hit
[2025-11-05T23:20:46.013233] [WARN] Cache miss
[2025-11-05T23:20:46.013290] [DEBUG] HTTP request headers parsed
[2025-11-05T23:20:46.013258] [DEBUG] Entering function process_data()
[2025-11-05T23:20:46.013193] [INFO] Session started
