[2025-11-05T23:20:21.341521] [DEBUG] Entering function process_data()
[2025-11-05T23:20:21.341433] [INFO] Service initialized
[2025-11-05T23:20:21.341534] [DEBUG] Memory allocation: 2048 bytes
[2025-11-05T23:20:21.341450] [INFO] Connection established
[2025-11-05T23:20:21.341393] [INFO] Connection established
[2025-11-05T23:20:21.341410] [INFO] Service initialized
[2025-11-05T23:20:21.341497] [DEBUG] Buffer size: 4096 bytes
[2025-11-05T23:20:21.341405] [INFO] Session started
[2025-11-05T23:20:21.341507] [DEBUG] Loop iteration: 15
[2025-11-05T23:20:21.341424] [INFO] User logged in
[2025-11-05T23:20:21.341441] [INFO] Database query executed
[2025-11-05T23:20:21.341445] [INFO] Health check passed
[2025-11-05T23:20:21.341491] [ERROR] Invalid input data
[2025-11-05T23:20:21.341455] [INFO] Configuration loaded
[2025-11-05T23:20:21.341481] [WARN] Cache miss
[2025-11-05T23:20:21.341516] [DEBUG] Loop iteration: 15
[2025-11-05T23:20:21.341466] [WARN] Slow query performance
[2025-11-05T23:20:21.341415] [INFO] Configuration loaded
[2025-11-05T23:20:21.341486] [ERROR] File not found
[2025-11-05T23:20:21.341399] [INFO] Transaction completed
[2025-11-05T23:20:21.341420] [INFO] User logged in
[2025-11-05T23:20:21.341502] [DEBUG] Memory allocation: 2048 bytes
[2025-11-05T23:20:21.341428] [INFO] Cache hit
[2025-11-05T23:20:21.341365] [INFO] User logged in
[2025-11-05T23:20:21.341525] [DEBUG] Buffer size: 4096 bytes
[2025-11-05T23:20:21.341437] [INFO] User logged in
[2025-11-05T23:20:21.341530] [DEBUG] Entering function process_data()
[2025-11-05T23:20:21.341512] [DEBUG] Memory allocation: 2048 bytes
[2025-11-05T23:20:21.341476] [WARN] Disk space low
[2025-11-05T23:20:21.341471] [WARN] Cache miss
[2025-11-05T23:20:21.341461] [WARN] High memory usage detected
