[2025-11-05T23:20:29.440968] [INFO] Request processed successfully
[2025-11-05T23:20:29.440982] [ERROR] File not found
[2025-11-05T23:20:29.440965] [INFO] Health check passed
[2025-11-05T23:20:29.440972] [INFO] Request processed successfully
[2025-11-05T23:20:29.440923] [INFO] Database query executed
[2025-11-05T23:20:29.440937] [INFO] Transaction completed
[2025-11-05T23:20:29.440933] [INFO] Cache hit
[2025-11-05T23:20:29.440915] [INFO] Cache hit
[2025-11-05T23:20:29.440957] [INFO] Request processed successfully
[2025-11-05T23:20:29.440878] [INFO] Connection established
[2025-11-05T23:20:29.440928] [INFO] Service initialized
[2025-11-05T23:20:29.441020] [DEBUG] HTTP request headers parsed
[2025-11-05T23:20:29.440919] [INFO] Service initialized
[2025-11-05T23:20:29.441008] [DEBUG] Cache key generated
[2025-11-05T23:20:29.440961] [INFO] Cache hit
[2025-11-05T23:20:29.441016] [DEBUG] Entering function process_data()
[2025-11-05T23:20:29.441012] [DEBUG] Connection pool status checked
[2025-11-05T23:20:29.441023] [DEBUG] Connection pool status checked
[2025-11-05T23:20:29.440942] [INFO] Service initialized
[2025-11-05T23:20:29.440946] [INFO] Health check passed
[2025-11-05T23:20:29.441004] [DEBUG] Timer set: 30 seconds
[2025-11-05T23:20:29.441000] [DEBUG] Buffer size: 4096 bytes
[2025-11-05T23:20:29.440992] [DEBUG] Buffer size: 4096 bytes
[2025-11-05T23:20:29.440910] [INFO] Cache hit
[2025-11-05T23:20:29.440977] [WARN] Queue size growing
[2025-11-05T23:20:29.440996] [DEBUG] Variable value: x=42
[2025-11-05T23:20:29.441027] [DEBUG] Connection pool status checked
[2025-11-05T23:20:29.440953] [INFO] Service initialized
[2025-11-05T23:20:29.440988] [DEBUG] Timer set: 30 seconds
[2025-11-05T23:20:29.440950] [INFO] Configuration loaded
[2025-11-05T23:20:29.440904] [INFO] Configuration loaded
