[2025-11-05T23:20:18.665713] [INFO] Request processed successfully
[2025-11-05T23:20:18.665749] [DEBUG] Buffer size: 4096 bytes
[2025-11-05T23:20:18.665739] [ERROR] Invalid input data
[2025-11-05T23:20:18.665682] [INFO] Transaction completed
[2025-11-05T23:20:18.665704] [INFO] Cache hit
[2025-11-05T23:20:18.665672] [INFO] Health check passed
[2025-11-05T23:20:18.665779] [DEBUG] Cache key generated
[2025-11-05T23:20:18.665744] [DEBUG] Connection pool status checked
[2025-11-05T23:20:18.665757] [DEBUG] Thread pool size: 8
[2025-11-05T23:20:18.665694] [INFO] Health check passed
[2025-11-05T23:20:18.665717] [INFO] Request processed successfully
[2025-11-05T23:20:18.665734] [ERROR] Disk read failed
[2025-11-05T23:20:18.665728] [WARN] High memory usage detected
[2025-11-05T23:20:18.665677] [INFO] Configuration loaded
[2025-11-05T23:20:18.665690] [INFO] Transaction completed
[2025-11-05T23:20:18.665723] [WARN] Disk space low
[2025-11-05T23:20:18.665770] [DEBUG] Variable value: x=42
[2025-11-05T23:20:18.665686] [INFO] Database query executed
[2025-11-05T23:20:18.665655] [INFO] Cache hit
[2025-11-05T23:20:18.665628] [INFO] Service initialized
[2025-11-05T23:20:18.665668] [INFO] Session started
[2025-11-05T23:20:18.665753] [DEBUG] Buffer size: 4096 bytes
[2025-11-05T23:20:18.665709] [INFO] Request processed successfully
[2025-11-05T23:20:18.665761] [DEBUG] Cache key generated
[2025-11-05T23:20:18.665766] [DEBUG] Entering function process_data()
[2025-11-05T23:20:18.665661] [INFO] User logged in
[2025-11-05T23:20:18.665774] [DEBUG] Thread pool size: 8
[2025-11-05T23:20:18.665698] [INFO] Session started
