[2025-11-05T23:20:45.949314] [DEBUG] HTTP request headers parsed
[2025-11-05T23:20:45.949287] [WARN] High memory usage detected
[2025-11-05T23:20:45.949221] [INFO] Service initialized
[2025-11-05T23:20:45.949178] [INFO] Configuration loaded
[2025-11-05T23:20:45.949228] [WARN] High memory usage detected
[2025-11-05T23:20:45.949294] [ERROR] Disk read failed
[2025-11-05T23:20:45.949339] [DEBUG] Connection pool status checked
[2025-11-05T23:20:45.949323] [DEBUG] Connection pool status checked
[2025-11-05T23:20:45.949197] [INFO] Configuration loaded
[2025-11-05T23:20:45.949211] [INFO] Connection established
[2025-11-05T23:20:45.949318] [DEBUG] HTTP request headers parsed
[2025-11-05T23:20:45.949327] [DEBUG] HTTP request headers parsed
[2025-11-05T23:20:45.949276] [WARN] Deprecated API usage
[2025-11-05T23:20:45.949173] [INFO] Transaction completed
[2025-11-05T23:20:45.949303] [ERROR] Invalid input data
[2025-11-05T23:20:45.949187] [INFO] Cache hit
[2025-11-05T23:20:45.949216] [INFO] Health check passed
[2025-11-05T23:20:45.949207] [INFO] Cache hit
[2025-11-05T23:20:45.949168] [INFO] Health check passed
[2025-11-05T23:20:45.949157] [INFO] Session started
[2025-11-05T23:20:45.949162] [INFO] Connection established
[2025-11-05T23:20:45.949335] [DEBUG] Timer set: 30 seconds
[2025-11-05T23:20:45.949202] [INFO] Session started
[2025-11-05T23:20:45.949298] [ERROR] Memory allocation error
[2025-11-05T23:20:45.949309] [DEBUG] Connection pool status checked
[2025-11-05T23:20:45.949183] [INFO] Health check passed
[2025-11-05T23:20:45.949131] [INFO] Transaction completed
[2025-11-05T23:20:45.949331] [DEBUG] Memory allocation: 2048 bytes
[2025-11-05T23:20:45.949235] [WARN] Resource threshold approaching
[2025-11-05T23:20:45.949282] [WARN] Timeout warning
[2025-11-05T23:20:45.949192] [INFO] Connection established
