[2025-11-05T23:20:33.290138] [INFO] Session started
[2025-11-05T23:20:33.290110] [INFO] Configuration loaded
[2025-11-05T23:20:33.290143] [INFO] Configuration loaded
[2025-11-05T23:20:33.290094] [INFO] Cache hit
[2025-11-05T23:20:33.290186] [DEBUG] Memory allocation: 2048 bytes
[2025-11-05T23:20:33.290134] [INFO] Transaction completed
[2025-11-05T23:20:33.290116] [INFO] Request processed successfully
[2025-11-05T23:20:33.290200] [DEBUG] Variable value: x=42
[2025-11-05T23:20:33.290147] [INFO] Configuration loaded
[2025-11-05T23:20:33.290176] [ERROR] Invalid input data
[2025-11-05T23:20:33.290120] [INFO] Session started
[2025-11-05T23:20:33.290129] [INFO] User logged in
[2025-11-05T23:20:33.290181] [DEBUG] Connection pool status checked
[2025-11-05T23:20:33.290170] [ERROR] Memory allocation error
[2025-11-05T23:20:33.290205] [DEBUG] Connection pool status checked
[2025-11-05T23:20:33.290164] [WARN] Slow query performance
[2025-11-05T23:20:33.290100] [INFO] Configuration loaded
[2025-11-05T23:20:33.290219] [DEBUG] Timer set: 30 seconds
[2025-11-05T23:20:33.290152] [INFO] Session started
[2025-11-05T23:20:33.290106] [INFO] Configuration loaded
[2025-11-05T23:20:33.290209] [DEBUG] Memory allocation: 2048 bytes
[2025-11-05T23:20:33.290067] [INFO] Session started
[2025-11-05T23:20:33.290195] [DEBUG] Cache key generated
[2025-11-05T23:20:33.290190] [DEBUG] Variable value: x=42
[2025-11-05T23:20:33.290214] [DEBUG] Thread pool size: 8
[2025-11-05T23:20:33.290158] [WARN] Resource threshold approaching
[2025-11-05T23:20:33.290125] [INFO] Transaction completed
