[2025-11-05T23:20:49.643674] [DEBUG] Memory allocation: 2048 bytes
[2025-11-05T23:20:49.643610] [INFO] Configuration loaded
[2025-11-05T23:20:49.643666] [DEBUG] Thread pool size: 8
[2025-11-05T23:20:49.643646] [DEBUG] Memory allocation: 2048 bytes
[2025-11-05T23:20:49.643593] [INFO] Session started
[2025-11-05T23:20:49.643536] [INFO] Database query executed
[2025-11-05T23:20:49.643562] [INFO] Cache hit
[2025-11-05T23:20:49.643630] [WARN] Rate limit approaching
[2025-11-05T23:20:49.643589] [INFO] Session started
[2025-11-05T23:20:49.643670] [DEBUG] Variable value: x=42
[2025-11-05T23:20:49.643658] [DEBUG] Timer set: 30 seconds
[2025-11-05T23:20:49.643601] [INFO] Request processed successfully
[2025-11-05T23:20:49.643641] [DEBUG] Connection pool status checked
[2025-11-05T23:20:49.643622] [WARN] Disk space low
[2025-11-05T23:20:49.643581] [INFO] User logged in
[2025-11-05T23:20:49.643615] [INFO] Session started
[2025-11-05T23:20:49.643654] [DEBUG] Buffer size: 4096 bytes
[2025-11-05T23:20:49.643662] [DEBUG] Connection pool status checked
[2025-11-05T23:20:49.643650] [DEBUG] Variable value: x=42
[2025-11-05T23:20:49.643577] [INFO] Database query executed
[2025-11-05T23:20:49.643585] [INFO] Cache hit
[2025-11-05T23:20:49.643605] [INFO] User logged in
[2025-11-05T23:20:49.643627] [WARN] Rate limit approaching
[2025-11-05T23:20:49.643572] [INFO] Configuration loaded
[2025-11-05T23:20:49.643636] [ERROR] Disk read failed
[2025-11-05T23:20:49.643567] [INFO] Configuration loaded
[2025-11-05T23:20:49.643598] [INFO] Database query executed
