[2025-11-05T23:20:31.045035] [INFO] Configuration loaded
[2025-11-05T23:20:31.045114] [DEBUG] Memory allocation: 2048 bytes
[2025-11-05T23:20:31.045056] [INFO] Cache hit
[2025-11-05T23:20:31.045042] [INFO] Transaction completed
[2025-11-05T23:20:31.045020] [INFO] Transaction completed
[2025-11-05T23:20:31.045060] [INFO] Health check passed
[2025-11-05T23:20:31.045068] [INFO] Health check passed
[2025-11-05T23:20:31.045133] [DEBUG] Timer set: 30 seconds
[2025-11-05T23:20:31.045074] [WARN] Disk space low
[2025-11-05T23:20:31.045030] [INFO] Database query executed
[2025-11-05T23:20:31.045064] [INFO] Session started
[2025-11-05T23:20:31.045025] [INFO] Service initialized
[2025-11-05T23:20:31.045119] [DEBUG] HTTP request headers parsed
[2025-11-05T23:20:31.045137] [DEBUG] Memory allocation: 2048 bytes
[2025-11-05T23:20:31.045052] [INFO] Configuration loaded
[2025-11-05T23:20:31.045104] [ERROR] Invalid input data
[2025-11-05T23:20:31.045141] [DEBUG] Variable value: x=42
[2025-11-05T23:20:31.045007] [INFO] Request processed successfully
[2025-11-05T23:20:31.045089] [WARN] High memory usage detected
[2025-11-05T23:20:31.045109] [DEBUG] Timer set: 30 seconds
[2025-11-05T23:20:31.045047] [INFO] Service initialized
[2025-11-05T23:20:31.044979] [INFO] User logged in
[2025-11-05T23:20:31.045099] [ERROR] Permission denied
[2025-11-05T23:20:31.045146] [DEBUG] Memory allocation: 2048 bytes
[2025-11-05T23:20:31.045084] [WARN] Rate limit approaching
[2025-11-05T23:20:31.045093] [WARN] Slow query performance
[2025-11-05T23:20:31.045124] [DEBUG] Entering function process_data()
[2025-11-05T23:20:31.045079] [WARN] High memory usage detected
[2025-11-05T23:20:31.045014] [INFO] Database query executed
[2025-11-05T23:20:31.045129] [DEBUG] HTTP request headers parsed
