[2025-11-05T23:20:29.439337] [WARN] High memory usage detected
[2025-11-05T23:20:29.439364] [DEBUG] Cache key generated
[2025-11-05T23:20:29.439268] [INFO] Session started
[2025-11-05T23:20:29.439343] [ERROR] Request failed
[2025-11-05T23:20:29.439236] [INFO] Database query executed
[2025-11-05T23:20:29.439382] [DEBUG] Cache key generated
[2025-11-05T23:20:29.439289] [INFO] User logged in
[2025-11-05T23:20:29.439368] [DEBUG] HTTP request headers parsed
[2025-11-05T23:20:29.439296] [INFO] Request processed successfully
[2025-11-05T23:20:29.439308] [INFO] Connection established
[2025-11-05T23:20:29.439277] [INFO] Service initialized
[2025-11-05T23:20:29.439351] [ERROR] Request failed
[2025-11-05T23:20:29.439300] [INFO] Request processed successfully
[2025-11-05T23:20:29.439356] [DEBUG] Entering function process_data()
[2025-11-05T23:20:29.439327] [INFO] Session started
[2025-11-05T23:20:29.439303] [INFO] Connection established
[2025-11-05T23:20:29.439378] [DEBUG] Thread pool size: 8
[2025-11-05T23:20:29.439281] [INFO] Request processed successfully
[2025-11-05T23:20:29.439374] [DEBUG] Loop iteration: 15
[2025-11-05T23:20:29.439360] [DEBUG] Buffer size: 4096 bytes
[2025-11-05T23:20:29.439319] [INFO] Service initialized
[2025-11-05T23:20:29.439292] [INFO] Session started
[2025-11-05T23:20:29.439348] [ERROR] Memory allocation error
[2025-11-05T23:20:29.439263] [INFO] User logged in
[2025-11-05T23:20:29.439324] [INFO] Cache hit
[2025-11-05T23:20:29.439332] [INFO] User logged in
[2025-11-05T23:20:29.439371] [DEBUG] Timer set: 30 seconds
[2025-11-05T23:20:29.439273] [INFO] Session started
[2025-11-05T23:20:29.439285] [INFO] Service initialized
[2025-11-05T23:20:29.439386] [DEBUG] Connection pool status checked
[2025-11-05T23:20:29.439315] [INFO] Cache hit
