[2025-11-05T23:20:53.350275] [DEBUG] Timer set: 30 seconds
[2025-11-05T23:20:53.350271] [DEBUG] Entering function process_data()
[2025-11-05T23:20:53.350220] [INFO] Configuration loaded
[2025-11-05T23:20:53.350180] [INFO] Health check passed
[2025-11-05T23:20:53.350211] [INFO] Transaction completed
[2025-11-05T23:20:53.350185] [INFO] Transaction completed
[2025-11-05T23:20:53.350156] [INFO] Transaction completed
[2025-11-05T23:20:53.350198] [INFO] Cache hit
[2025-11-05T23:20:53.350189] [INFO] Transaction completed
[2025-11-05T23:20:53.350240] [ERROR] Request failed
[2025-11-05T23:20:53.350228] [INFO] Connection established
[2025-11-05T23:20:53.350233] [WARN] Resource threshold approaching
[2025-11-05T23:20:53.350251] [DEBUG] Timer set: 30 seconds
[2025-11-05T23:20:53.350194] [INFO] Connection established
[2025-11-05T23:20:53.350262] [DEBUG] HTTP request headers parsed
[2025-11-05T23:20:53.350266] [DEBUG] Entering function process_data()
[2025-11-05T23:20:53.350224] [INFO] Transaction completed
[2025-11-05T23:20:53.350279] [DEBUG] Buffer size: 4096 bytes
[2025-11-05T23:20:53.350203] [INFO] User logged in
[2025-11-05T23:20:53.350246] [ERROR] Disk read failed
[2025-11-05T23:20:53.350207] [INFO] Service initialized
[2025-11-05T23:20:53.350258] [DEBUG] Thread pool size: 8
[2025-11-05T23:20:53.350215] [INFO] Cache hit
[2025-11-05T23:20:53.350283] [DEBUG] Entering function process_data()
