[2025-11-05T23:20:46.217923] [INFO] Health check passed
[2025-11-05T23:20:46.217937] [INFO] Request processed successfully
[2025-11-05T23:20:46.217915] [INFO] Service initialized
[2025-11-05T23:20:46.217998] [DEBUG] Loop iteration: 15
[2025-11-05T23:20:46.217901] [INFO] Transaction completed
[2025-11-05T23:20:46.218007] [DEBUG] Cache key generated
[2025-11-05T23:20:46.217945] [INFO] Session started
[2025-11-05T23:20:46.217871] [INFO] Connection established
[2025-11-05T23:20:46.217927] [INFO] Request processed successfully
[2025-11-05T23:20:46.217989] [DEBUG] HTTP request headers parsed
[2025-11-05T23:20:46.217941] [INFO] Connection established
[2025-11-05T23:20:46.217958] [INFO] Connection established
[2025-11-05T23:20:46.217910] [INFO] Database query executed
[2025-11-05T23:20:46.217963] [WARN] Rate limit approaching
[2025-11-05T23:20:46.217968] [WARN] Cache miss
[2025-11-05T23:20:46.217933] [INFO] Connection established
[2025-11-05T23:20:46.217994] [DEBUG] HTTP request headers parsed
[2025-11-05T23:20:46.217984] [DEBUG] HTTP request headers parsed
[2025-11-05T23:20:46.217973] [WARN] Deprecated API usage
[2025-11-05T23:20:46.217954] [INFO] Connection established
[2025-11-05T23:20:46.217978] [ERROR] Authentication failed
[2025-11-05T23:20:46.217919] [INFO] Request processed successfully
[2025-11-05T23:20:46.218017] [DEBUG] Loop iteration: 15
[2025-11-05T23:20:46.217895] [INFO] Configuration loaded
[2025-11-05T23:20:46.217950] [INFO] Cache hit
[2025-11-05T23:20:46.217906] [INFO] User logged in
[2025-11-05T23:20:46.218003] [DEBUG] Buffer size: 4096 bytes
[2025-11-05T23:20:46.218012] [DEBUG] Thread pool size: 8
