[2025-11-05T23:20:24.017729] [INFO] Database query executed
[2025-11-05T23:20:24.017812] [DEBUG] Loop iteration: 15
[2025-11-05T23:20:24.017705] [INFO] Transaction completed
[2025-11-05T23:20:24.017760] [WARN] Queue size growing
[2025-11-05T23:20:24.017756] [WARN] Slow query performance
[2025-11-05T23:20:24.017699] [INFO] Cache hit
[2025-11-05T23:20:24.017709] [INFO] Session started
[2025-11-05T23:20:24.017751] [INFO] User logged in
[2025-11-05T23:20:24.017740] [INFO] Configuration loaded
[2025-11-05T23:20:24.017808] [DEBUG] Cache key generated
[2025-11-05T23:20:24.017796] [DEBUG] Entering function process_data()
[2025-11-05T23:20:24.017823] [DEBUG] Thread pool size: 8
[2025-11-05T23:20:24.017721] [INFO] Configuration loaded
[2025-11-05T23:20:24.017769] [WARN] Timeout warning
[2025-11-05T23:20:24.017787] [DEBUG] Memory allocation: 2048 bytes
[2025-11-05T23:20:24.017801] [DEBUG] Variable value: x=42
[2025-11-05T23:20:24.017717] [INFO] Database query executed
[2025-11-05T23:20:24.017725] [INFO] Health check passed
[2025-11-05T23:20:24.017805] [DEBUG] Connection pool status checked
[2025-11-05T23:20:24.017773] [WARN] Rate limit approaching
[2025-11-05T23:20:24.017744] [INFO] Transaction completed
[2025-11-05T23:20:24.017792] [DEBUG] Memory allocation: 2048 bytes
[2025-11-05T23:20:24.017819] [DEBUG] Entering function process_data()
[2025-11-05T23:20:24.017747] [INFO] Database query executed
[2025-11-05T23:20:24.017737] [INFO] User logged in
[2025-11-05T23:20:24.017827] [DEBUG] Variable value: x=42
[2025-11-05T23:20:24.017765] [WARN] Timeout warning
[2025-11-05T23:20:24.017778] [ERROR] Invalid input data
[2025-11-05T23:20:24.017713] [INFO] Transaction completed
[2025-11-05T23:20:24.017783] [ERROR] Memory allocation error
[2025-11-05T23:20:24.017673] [INFO] Cache hit
[2025-11-05T23:20:24.017733] [INFO] Transaction completed
[2025-11-05T23:20:24.017816] [DEBUG] Cache key generated
