[2025-11-05T23:20:39.216005] [INFO] Session started
[2025-11-05T23:20:39.216019] [WARN] Slow query performance
[2025-11-05T23:20:39.215997] [INFO] Health check passed
[2025-11-05T23:20:39.216056] [DEBUG] Connection pool status checked
[2025-11-05T23:20:39.216046] [ERROR] Disk read failed
[2025-11-05T23:20:39.215915] [INFO] Database query executed
[2025-11-05T23:20:39.216000] [INFO] Configuration loaded
[2025-11-05T23:20:39.216024] [WARN] Cache miss
[2025-11-05T23:20:39.216085] [DEBUG] HTTP request headers parsed
[2025-11-05T23:20:39.215988] [INFO] Health check passed
[2025-11-05T23:20:39.215979] [INFO] Transaction completed
[2025-11-05T23:20:39.215962] [INFO] Health check passed
[2025-11-05T23:20:39.215984] [INFO] Request processed successfully
[2025-11-05T23:20:39.215958] [INFO] Configuration loaded
[2025-11-05T23:20:39.216030] [WARN] High memory usage detected
[2025-11-05T23:20:39.216081] [DEBUG] Loop iteration: 15
[2025-11-05T23:20:39.216013] [INFO] Request processed successfully
[2025-11-05T23:20:39.216071] [DEBUG] HTTP request headers parsed
[2025-11-05T23:20:39.216089] [DEBUG] Entering function process_data()
[2025-11-05T23:20:39.216077] [DEBUG] Cache key generated
[2025-11-05T23:20:39.215971] [INFO] Connection established
[2025-11-05T23:20:39.216061] [DEBUG] Connection pool status checked
[2025-11-05T23:20:39.216034] [WARN] Timeout warning
[2025-11-05T23:20:39.215975] [INFO] Configuration loaded
[2025-11-05T23:20:39.215953] [INFO] Request processed successfully
[2025-11-05T23:20:39.216040] [ERROR] Invalid input data
[2025-11-05T23:20:39.215966] [INFO] Database query executed
[2025-11-05T23:20:39.216009] [INFO] Configuration loaded
[2025-11-05T23:20:39.216067] [DEBUG] Connection pool status checked
[2025-11-05T23:20:39.215948] [INFO] Session started
[2025-11-05T23:20:39.215992] [INFO] Request processed successfully
[2025-11-05T23:20:39.215942] [INFO] Transaction completed
[2025-11-05T23:20:39.216051] [DEBUG] Cache key generated
