[2025-11-05T23:20:12.511193] [INFO] Session started
[2025-11-05T23:20:12.511290] [WARN] Queue size growing
[2025-11-05T23:20:12.511274] [INFO] Connection established
[2025-11-05T23:20:12.511232] [INFO] Transaction completed
[2025-11-05T23:20:12.511218] [INFO] Health check passed
[2025-11-05T23:20:12.511333] [DEBUG] HTTP request headers parsed
[2025-11-05T23:20:12.511315] [DEBUG] Timer set: 30 seconds
[2025-11-05T23:20:12.511270] [INFO] Health check passed
[2025-11-05T23:20:12.511236] [INFO] Request processed successfully
[2025-11-05T23:20:12.511223] [INFO] Database query executed
[2025-11-05T23:20:12.511348] [DEBUG] Buffer size: 4096 bytes
[2025-11-05T23:20:12.511228] [INFO] Connection established
[2025-11-05T23:20:12.511261] [INFO] Service initialized
[2025-11-05T23:20:12.511244] [INFO] Connection established
[2025-11-05T23:20:12.511248] [INFO] Cache hit
[2025-11-05T23:20:12.511344] [DEBUG] Thread pool size: 8
[2025-11-05T23:20:12.511295] [WARN] Deprecated API usage
[2025-11-05T23:20:12.511328] [DEBUG] Timer set: 30 seconds
[2025-11-05T23:20:12.511311] [DEBUG] Connection pool status checked
[2025-11-05T23:20:12.511324] [DEBUG] Connection pool status checked
[2025-11-05T23:20:12.511285] [WARN] Cache miss
[2025-11-05T23:20:12.511306] [ERROR] Invalid input data
[2025-11-05T23:20:12.511253] [INFO] Configuration loaded
[2025-11-05T23:20:12.511280] [WARN] Disk space low
[2025-11-05T23:20:12.511257] [INFO] Configuration loaded
[2025-11-05T23:20:12.511265] [INFO] Session started
[2025-11-05T23:20:12.511240] [INFO] Connection established
[2025-11-05T23:20:12.511319] [DEBUG] Timer set: 30 seconds
[2025-11-05T23:20:12.511301] [ERROR] Network timeout
[2025-11-05T23:20:12.511339] [DEBUG] Entering function process_data()
