[2025-11-05T23:20:38.999284] [INFO] Cache hit
[2025-11-05T23:20:38.999248] [INFO] Configuration loaded
[2025-11-05T23:20:38.999243] [INFO] Database query executed
[2025-11-05T23:20:38.999343] [DEBUG] Memory allocation: 2048 bytes
[2025-11-05T23:20:38.999347] [DEBUG] Loop iteration: 15
[2025-11-05T23:20:38.999329] [DEBUG] Entering function process_data()
[2025-11-05T23:20:38.999351] [DEBUG] Cache key generated
[2025-11-05T23:20:38.999231] [INFO] Connection established
[2025-11-05T23:20:38.999299] [WARN] Disk space low
[2025-11-05T23:20:38.999332] [DEBUG] Variable value: x=42
[2025-11-05T23:20:38.999260] [INFO] Request processed successfully
[2025-11-05T23:20:38.999276] [INFO] Cache hit
[2025-11-05T23:20:38.999340] [DEBUG] Variable value: x=42
[2025-11-05T23:20:38.999320] [DEBUG] Timer set: 30 seconds
[2025-11-05T23:20:38.999272] [INFO] Database query executed
[2025-11-05T23:20:38.999239] [INFO] Configuration loaded
[2025-11-05T23:20:38.999235] [INFO] Configuration loaded
[2025-11-05T23:20:38.999290] [WARN] Connection retry attempt
[2025-11-05T23:20:38.999252] [INFO] Configuration loaded
[2025-11-05T23:20:38.999312] [ERROR] Authentication failed
[2025-11-05T23:20:38.999303] [WARN] Disk space low
[2025-11-05T23:20:38.999279] [INFO] Configuration loaded
[2025-11-05T23:20:38.999264] [INFO] User logged in
[2025-11-05T23:20:38.999268] [INFO] Transaction completed
[2025-11-05T23:20:38.999336] [DEBUG] Entering function process_data()
[2025-11-05T23:20:38.999307] [ERROR] Database connection lost
[2025-11-05T23:20:38.999316] [ERROR] Disk read failed
[2025-11-05T23:20:38.999325] [DEBUG] Timer set: 30 seconds
[2025-11-05T23:20:38.999198] [INFO] Session started
[2025-11-05T23:20:38.999257] [INFO] Connection established
[2025-11-05T23:20:38.999295] [WARN] Rate limit approaching
[2025-11-05T23:20:38.999226] [INFO] Cache hit
[2025-11-05T23:20:38.999221] [INFO] Service initialized
