[2025-11-05T23:20:53.634817] [INFO] Database query executed
[2025-11-05T23:20:53.634848] [INFO] Cache hit
[2025-11-05T23:20:53.634930] [DEBUG] Cache key generated
[2025-11-05T23:20:53.634882] [WARN] High memory usage detected
[2025-11-05T23:20:53.634856] [INFO] Session started
[2025-11-05T23:20:53.634877] [WARN] Connection retry attempt
[2025-11-05T23:20:53.634844] [INFO] Connection established
[2025-11-05T23:20:53.634806] [INFO] Service initialized
[2025-11-05T23:20:53.634895] [ERROR] Memory allocation error
[2025-11-05T23:20:53.634826] [INFO] Connection established
[2025-11-05T23:20:53.634860] [INFO] Configuration loaded
[2025-11-05T23:20:53.634918] [DEBUG] Thread pool size: 8
[2025-11-05T23:20:53.634926] [DEBUG] Timer set: 30 seconds
[2025-11-05T23:20:53.634822] [INFO] Service initialized
[2025-11-05T23:20:53.634835] [INFO] Session started
[2025-11-05T23:20:53.634910] [DEBUG] Timer set: 30 seconds
[2025-11-05T23:20:53.634852] [INFO] Service initialized
[2025-11-05T23:20:53.634891] [WARN] Resource threshold approaching
[2025-11-05T23:20:53.634914] [DEBUG] Entering function process_data()
[2025-11-05T23:20:53.634867] [INFO] User logged in
[2025-11-05T23:20:53.634939] [DEBUG] Timer set: 30 seconds
[2025-11-05T23:20:53.634781] [INFO] Configuration loaded
[2025-11-05T23:20:53.634831] [INFO] Cache hit
[2025-11-05T23:20:53.634839] [INFO] Health check passed
[2025-11-05T23:20:53.634863] [INFO] Configuration loaded
[2025-11-05T23:20:53.634905] [DEBUG] HTTP request headers parsed
[2025-11-05T23:20:53.634887] [WARN] Disk space low
[2025-11-05T23:20:53.634935] [DEBUG] Connection pool status checked
[2025-11-05T23:20:53.634871] [INFO] Health check passed
[2025-11-05T23:20:53.634900] [ERROR] Request failed
[2025-11-05T23:20:53.634813] [INFO] Transaction completed
[2025-11-05T23:20:53.634922] [DEBUG] Buffer size: 4096 bytes
