[2025-11-05T23:20:15.915971] [DEBUG] Loop iteration: 15
[2025-11-05T23:20:15.915975] [DEBUG] Loop iteration: 15
[2025-11-05T23:20:15.915913] [INFO] User logged in
[2025-11-05T23:20:15.915957] [DEBUG] Thread pool size: 8
[2025-11-05T23:20:15.915966] [DEBUG] Memory allocation: 2048 bytes
[2025-11-05T23:20:15.915882] [INFO] Service initialized
[2025-11-05T23:20:15.915891] [INFO] User logged in
[2025-11-05T23:20:15.915900] [INFO] Cache hit
[2025-11-05T23:20:15.915999] [DEBUG] Loop iteration: 15
[2025-11-05T23:20:15.915946] [ERROR] Invalid input data
[2025-11-05T23:20:15.915877] [INFO] Connection established
[2025-11-05T23:20:15.915952] [DEBUG] Connection pool status checked
[2025-11-05T23:20:15.915987] [DEBUG] HTTP request headers parsed
[2025-11-05T23:20:15.915929] [WARN] Queue size growing
[2025-11-05T23:20:15.915918] [INFO] Session started
[2025-11-05T23:20:15.915866] [INFO] Configuration loaded
[2025-11-05T23:20:15.915887] [INFO] Database query executed
[2025-11-05T23:20:15.915896] [INFO] Request processed successfully
[2025-11-05T23:20:15.915872] [INFO] Service initialized
[2025-11-05T23:20:15.915961] [DEBUG] Thread pool size: 8
[2025-11-05T23:20:15.915905] [INFO] Cache hit
[2025-11-05T23:20:15.915924] [WARN] Deprecated API usage
[2025-11-05T23:20:15.915838] [INFO] Cache hit
[2025-11-05T23:20:15.915934] [WARN] Timeout warning
[2025-11-05T23:20:15.915991] [DEBUG] Connection pool status checked
[2025-11-05T23:20:15.915939] [WARN] High memory usage detected
[2025-11-05T23:20:15.915909] [INFO] User logged in
[2025-11-05T23:20:15.916008] [DEBUG] Connection pool status checked
[2025-11-05T23:20:15.915983] [DEBUG] Loop iteration: 15
[2025-11-05T23:20:15.916004] [DEBUG] Connection pool status checked
[2025-11-05T23:20:15.915979] [DEBUG] Timer set: 30 seconds
[2025-11-05T23:20:15.915995] [DEBUG] Thread pool size: 8
