[2025-11-05T23:20:36.565765] [INFO] Request processed successfully
[2025-11-05T23:20:36.565780] [WARN] Deprecated API usage
[2025-11-05T23:20:36.565818] [DEBUG] Loop iteration: 15
[2025-11-05T23:20:36.565847] [DEBUG] Entering function process_data()
[2025-11-05T23:20:36.565789] [WARN] Deprecated API usage
[2025-11-05T23:20:36.565748] [INFO] Connection established
[2025-11-05T23:20:36.565804] [DEBUG] Loop iteration: 15
[2025-11-05T23:20:36.565724] [INFO] Health check passed
[2025-11-05T23:20:36.565752] [INFO] Configuration loaded
[2025-11-05T23:20:36.565809] [DEBUG] HTTP request headers parsed
[2025-11-05T23:20:36.565794] [ERROR] Disk read failed
[2025-11-05T23:20:36.565822] [DEBUG] Entering function process_data()
[2025-11-05T23:20:36.565784] [WARN] Resource threshold approaching
[2025-11-05T23:20:36.565756] [INFO] Session started
[2025-11-05T23:20:36.565813] [DEBUG] Timer set: 30 seconds
[2025-11-05T23:20:36.565743] [INFO] Health check passed
[2025-11-05T23:20:36.565734] [INFO] Database query executed
[2025-11-05T23:20:36.565760] [INFO] Request processed successfully
[2025-11-05T23:20:36.565729] [INFO] Connection established
[2025-11-05T23:20:36.565799] [ERROR] File not found
[2025-11-05T23:20:36.565775] [WARN] Resource threshold approaching
[2025-11-05T23:20:36.565843] [DEBUG] Entering function process_data()
[2025-11-05T23:20:36.565699] [INFO] Database query executed
[2025-11-05T23:20:36.565835] [DEBUG] Loop iteration: 15
[2025-11-05T23:20:36.565839] [DEBUG] Loop iteration: 15
[2025-11-05T23:20:36.565826] [DEBUG] Thread pool size: 8
[2025-11-05T23:20:36.565769] [INFO] Service initialized
[2025-11-05T23:20:36.565830] [DEBUG] Cache key generated
[2025-11-05T23:20:36.565739] [INFO] User logged in
