[2025-11-05T23:20:24.217368] [INFO] Request processed successfully
[2025-11-05T23:20:24.217437] [DEBUG] HTTP request headers parsed
[2025-11-05T23:20:24.217422] [DEBUG] Loop iteration: 15
[2025-11-05T23:20:24.217348] [INFO] Configuration loaded
[2025-11-05T23:20:24.217445] [DEBUG] Memory allocation: 2048 bytes
[2025-11-05T23:20:24.217339] [INFO] Database query executed
[2025-11-05T23:20:24.217380] [INFO] Request processed successfully
[2025-11-05T23:20:24.217376] [INFO] Service initialized
[2025-11-05T23:20:24.217299] [INFO] Session started
[2025-11-05T23:20:24.217335] [INFO] Cache hit
[2025-11-05T23:20:24.217403] [WARN] Disk space low
[2025-11-05T23:20:24.217352] [INFO] User logged in
[2025-11-05T23:20:24.217441] [DEBUG] Loop iteration: 15
[2025-11-05T23:20:24.217356] [INFO] Database query executed
[2025-11-05T23:20:24.217407] [WARN] Cache miss
[2025-11-05T23:20:24.217364] [INFO] Service initialized
[2025-11-05T23:20:24.217324] [INFO] Configuration loaded
[2025-11-05T23:20:24.217432] [DEBUG] HTTP request headers parsed
[2025-11-05T23:20:24.217398] [WARN] Queue size growing
[2025-11-05T23:20:24.217343] [INFO] Cache hit
[2025-11-05T23:20:24.217330] [INFO] Cache hit
[2025-11-05T23:20:24.217384] [INFO] Service initialized
[2025-11-05T23:20:24.217394] [WARN] Connection retry attempt
[2025-11-05T23:20:24.217372] [INFO] Request processed successfully
[2025-11-05T23:20:24.217417] [ERROR] Service unavailable
[2025-11-05T23:20:24.217413] [ERROR] Permission denied
[2025-11-05T23:20:24.217427] [DEBUG] Cache key generated
[2025-11-05T23:20:24.217360] [INFO] Request processed successfully
[2025-11-05T23:20:24.217388] [INFO] User logged in
