[2025-11-05T23:20:47.330386] [DEBUG] HTTP request headers parsed
[2025-11-05T23:20:47.330287] [INFO] Service initialized
[2025-11-05T23:20:47.330382] [DEBUG] Cache key generated
[2025-11-05T23:20:47.330333] [WARN] Slow query performance
[2025-11-05T23:20:47.330308] [INFO] Transaction completed
[2025-11-05T23:20:47.330265] [INFO] Configuration loaded
[2025-11-05T23:20:47.330342] [WARN] High memory usage detected
[2025-11-05T23:20:47.330346] [WARN] Queue size growing
[2025-11-05T23:20:47.330282] [INFO] Service initialized
[2025-11-05T23:20:47.330368] [DEBUG] Cache key generated
[2025-11-05T23:20:47.330278] [INFO] Health check passed
[2025-11-05T23:20:47.330394] [DEBUG] Connection pool status checked
[2025-11-05T23:20:47.330352] [ERROR] Service unavailable
[2025-11-05T23:20:47.330317] [INFO] Transaction completed
[2025-11-05T23:20:47.330312] [INFO] Session started
[2025-11-05T23:20:47.330229] [INFO] User logged in
[2025-11-05T23:20:47.330296] [INFO] Connection established
[2025-11-05T23:20:47.330363] [DEBUG] Buffer size: 4096 bytes
[2025-11-05T23:20:47.330338] [WARN] Rate limit approaching
[2025-11-05T23:20:47.330357] [ERROR] Request failed
[2025-11-05T23:20:47.330328] [WARN] Timeout warning
[2025-11-05T23:20:47.330300] [INFO] Session started
[2025-11-05T23:20:47.330260] [INFO] User logged in
[2025-11-05T23:20:47.330323] [WARN] Rate limit approaching
[2025-11-05T23:20:47.330390] [DEBUG] Loop iteration: 15
[2025-11-05T23:20:47.330274] [INFO] Health check passed
[2025-11-05T23:20:47.330291] [INFO] User logged in
[2025-11-05T23:20:47.330269] [INFO] Transaction completed
[2025-11-05T23:20:47.330304] [INFO] User logged in
[2025-11-05T23:20:47.330376] [DEBUG] Memory allocation: 2048 bytes
[2025-11-05T23:20:47.330372] [DEBUG] Variable value: x=42
[2025-11-05T23:20:47.330400] [DEBUG] Timer set: 30 seconds
[2025-11-05T23:20:47.330255] [INFO] Connection established
