[2025-11-05T23:20:48.462140] [DEBUG] Thread pool size: 8
[2025-11-05T23:20:48.462117] [DEBUG] Cache key generated
[2025-11-05T23:20:48.462087] [WARN] Queue size growing
[2025-11-05T23:20:48.462068] [WARN] Queue size growing
[2025-11-05T23:20:48.462020] [INFO] Connection established
[2025-11-05T23:20:48.462046] [INFO] Transaction completed
[2025-11-05T23:20:48.462011] [INFO] Cache hit
[2025-11-05T23:20:48.462073] [WARN] Slow query performance
[2025-11-05T23:20:48.462108] [DEBUG] Thread pool size: 8
[2025-11-05T23:20:48.462059] [INFO] Session started
[2025-11-05T23:20:48.462103] [DEBUG] Connection pool status checked
[2025-11-05T23:20:48.462148] [DEBUG] HTTP request headers parsed
[2025-11-05T23:20:48.462078] [WARN] Queue size growing
[2025-11-05T23:20:48.462097] [ERROR] Memory allocation error
[2025-11-05T23:20:48.462123] [DEBUG] Thread pool size: 8
[2025-11-05T23:20:48.462033] [INFO] Cache hit
[2025-11-05T23:20:48.462063] [INFO] User logged in
[2025-11-05T23:20:48.462127] [DEBUG] Buffer size: 4096 bytes
[2025-11-05T23:20:48.462136] [DEBUG] HTTP request headers parsed
[2025-11-05T23:20:48.462037] [INFO] Service initialized
[2025-11-05T23:20:48.462025] [INFO] Session started
[2025-11-05T23:20:48.462092] [ERROR] Service unavailable
[2025-11-05T23:20:48.462083] [WARN] Cache miss
[2025-11-05T23:20:48.462131] [DEBUG] Buffer size: 4096 bytes
[2025-11-05T23:20:48.462055] [INFO] Connection established
[2025-11-05T23:20:48.462144] [DEBUG] HTTP request headers parsed
[2025-11-05T23:20:48.462042] [INFO] Configuration loaded
[2025-11-05T23:20:48.462029] [INFO] User logged in
[2025-11-05T23:20:48.462004] [INFO] Connection established
[2025-11-05T23:20:48.461978] [INFO] Service initialized
[2025-11-05T23:20:48.462016] [INFO] User logged in
[2025-11-05T23:20:48.462051] [INFO] Session started
[2025-11-05T23:20:48.462113] [DEBUG] Connection pool status checked
