[2025-11-05T23:20:35.809254] [INFO] Cache hit
[2025-11-05T23:20:35.809335] [WARN] Deprecated API usage
[2025-11-05T23:20:35.809345] [ERROR] Disk read failed
[2025-11-05T23:20:35.809288] [INFO] Service initialized
[2025-11-05T23:20:35.809331] [WARN] High memory usage detected
[2025-11-05T23:20:35.809271] [INFO] Health check passed
[2025-11-05T23:20:35.809360] [DEBUG] Loop iteration: 15
[2025-11-05T23:20:35.809275] [INFO] Service initialized
[2025-11-05T23:20:35.809377] [DEBUG] Variable value: x=42
[2025-11-05T23:20:35.809316] [INFO] Configuration loaded
[2025-11-05T23:20:35.809350] [ERROR] Network timeout
[2025-11-05T23:20:35.809284] [INFO] Session started
[2025-11-05T23:20:35.809339] [WARN] Rate limit approaching
[2025-11-05T23:20:35.809364] [DEBUG] Memory allocation: 2048 bytes
[2025-11-05T23:20:35.809296] [INFO] Database query executed
[2025-11-05T23:20:35.809308] [INFO] Cache hit
[2025-11-05T23:20:35.809372] [DEBUG] HTTP request headers parsed
[2025-11-05T23:20:35.809245] [INFO] Service initialized
[2025-11-05T23:20:35.809213] [INFO] Transaction completed
[2025-11-05T23:20:35.809321] [WARN] Connection retry attempt
[2025-11-05T23:20:35.809263] [INFO] Cache hit
[2025-11-05T23:20:35.809354] [ERROR] Request failed
[2025-11-05T23:20:35.809292] [INFO] User logged in
[2025-11-05T23:20:35.809239] [INFO] Configuration loaded
[2025-11-05T23:20:35.809312] [INFO] Request processed successfully
[2025-11-05T23:20:35.809249] [INFO] Configuration loaded
[2025-11-05T23:20:35.809258] [INFO] Request processed successfully
[2025-11-05T23:20:35.809368] [DEBUG] Entering function process_data()
[2025-11-05T23:20:35.809386] [DEBUG] Variable value: x=42
[2025-11-05T23:20:35.809326] [WARN] Timeout warning
[2025-11-05T23:20:35.809381] [DEBUG] Loop iteration: 15
[2025-11-05T23:20:35.809280] [INFO] User logged in
[2025-11-05T23:20:35.809300] [INFO] Service initialized
[2025-11-05T23:20:35.809389] [DEBUG] Timer set: 30 seconds
[2025-11-05T23:20:35.809304] [INFO] Health check passed
[2025-11-05T23:20:35.809267] [INFO] Configuration loaded
