[2025-11-05T23:20:32.949121] [INFO] Connection established
[2025-11-05T23:20:32.949227] [ERROR] Disk read failed
[2025-11-05T23:20:32.949268] [DEBUG] HTTP request headers parsed
[2025-11-05T23:20:32.949199] [INFO] User logged in
[2025-11-05T23:20:32.949214] [WARN] Connection retry attempt
[2025-11-05T23:20:32.949223] [ERROR] Permission denied
[2025-11-05T23:20:32.949160] [INFO] Session started
[2025-11-05T23:20:32.949232] [ERROR] Network timeout
[2025-11-05T23:20:32.949151] [INFO] User logged in
[2025-11-05T23:20:32.949176] [INFO] Transaction completed
[2025-11-05T23:20:32.949278] [DEBUG] Variable value: x=42
[2025-11-05T23:20:32.949164] [INFO] Database query executed
[2025-11-05T23:20:32.949271] [DEBUG] Timer set: 30 seconds
[2025-11-05T23:20:32.949237] [DEBUG] Variable value: x=42
[2025-11-05T23:20:32.949172] [INFO] Transaction completed
[2025-11-05T23:20:32.949210] [WARN] Disk space low
[2025-11-05T23:20:32.949218] [WARN] Rate limit approaching
[2025-11-05T23:20:32.949195] [INFO] Configuration loaded
[2025-11-05T23:20:32.949282] [DEBUG] Memory allocation: 2048 bytes
[2025-11-05T23:20:32.949146] [INFO] Health check passed
[2025-11-05T23:20:32.949251] [DEBUG] Loop iteration: 15
[2025-11-05T23:20:32.949204] [WARN] High memory usage detected
[2025-11-05T23:20:32.949184] [INFO] Transaction completed
[2025-11-05T23:20:32.949188] [INFO] Health check passed
[2025-11-05T23:20:32.949167] [INFO] Cache hit
[2025-11-05T23:20:32.949180] [INFO] Connection established
[2025-11-05T23:20:32.949245] [DEBUG] Connection pool status checked
[2025-11-05T23:20:32.949192] [INFO] Connection established
[2025-11-05T23:20:32.949275] [DEBUG] Timer set: 30 seconds
[2025-11-05T23:20:32.949255] [DEBUG] Thread pool size: 8
[2025-11-05T23:20:32.949260] [DEBUG] Loop iteration: 15
[2025-11-05T23:20:32.949242] [DEBUG] Thread pool size: 8
[2025-11-05T23:20:32.949156] [INFO] Transaction completed
[2025-11-05T23:20:32.949264] [DEBUG] Connection pool status checked
