[2025-11-05T23:20:27.245438] [DEBUG] Thread pool size: 8
[2025-11-05T23:20:27.245381] [WARN] Rate limit approaching
[2025-11-05T23:20:27.245246] [INFO] Transaction completed
[2025-11-05T23:20:27.245377] [WARN] Queue size growing
[2025-11-05T23:20:27.245235] [INFO] Request processed successfully
[2025-11-05T23:20:27.245416] [DEBUG] Loop iteration: 15
[2025-11-05T23:20:27.245373] [WARN] High memory usage detected
[2025-11-05T23:20:27.245389] [WARN] High memory usage detected
[2025-11-05T23:20:27.245322] [INFO] Database query executed
[2025-11-05T23:20:27.245425] [DEBUG] Loop iteration: 15
[2025-11-05T23:20:27.245430] [DEBUG] Thread pool size: 8
[2025-11-05T23:20:27.245256] [INFO] Database query executed
[2025-11-05T23:20:27.245443] [DEBUG] Memory allocation: 2048 bytes
[2025-11-05T23:20:27.245241] [INFO] Session started
[2025-11-05T23:20:27.245394] [ERROR] Invalid input data
[2025-11-05T23:20:27.245364] [WARN] Connection retry attempt
[2025-11-05T23:20:27.245339] [INFO] Cache hit
[2025-11-05T23:20:27.245313] [INFO] Service initialized
[2025-11-05T23:20:27.245327] [INFO] Session started
[2025-11-05T23:20:27.245350] [WARN] Deprecated API usage
[2025-11-05T23:20:27.245420] [DEBUG] HTTP request headers parsed
[2025-11-05T23:20:27.245360] [WARN] Rate limit approaching
[2025-11-05T23:20:27.245208] [INFO] User logged in
[2025-11-05T23:20:27.245251] [INFO] Database query executed
[2025-11-05T23:20:27.245411] [DEBUG] Memory allocation: 2048 bytes
[2025-11-05T23:20:27.245355] [WARN] Cache miss
[2025-11-05T23:20:27.245335] [INFO] Session started
[2025-11-05T23:20:27.245406] [DEBUG] Thread pool size: 8
[2025-11-05T23:20:27.245343] [INFO] User logged in
[2025-11-05T23:20:27.245331] [INFO] User logged in
[2025-11-05T23:20:27.245317] [INFO] Health check passed
[2025-11-05T23:20:27.245309] [INFO] Cache hit
[2025-11-05T23:20:27.245304] [INFO] Database query executed
[2025-11-05T23:20:27.245400] [ERROR] File not found
[2025-11-05T23:20:27.245368] [WARN] Slow query performance
[2025-11-05T23:20:27.245298] [INFO] Connection established
[2025-11-05T23:20:27.245434] [DEBUG] Variable value: x=42
[2025-11-05T23:20:27.245385] [WARN] Queue size growing
