[2025-11-05T23:20:50.024910] [DEBUG] Connection pool status checked
[2025-11-05T23:20:50.024845] [INFO] Database query executed
[2025-11-05T23:20:50.024895] [ERROR] Permission denied
[2025-11-05T23:20:50.024849] [INFO] Cache hit
[2025-11-05T23:20:50.024888] [WARN] Timeout warning
[2025-11-05T23:20:50.024915] [DEBUG] Cache key generated
[2025-11-05T23:20:50.024814] [INFO] Service initialized
[2025-11-05T23:20:50.024821] [INFO] Health check passed
[2025-11-05T23:20:50.024831] [INFO] User logged in
[2025-11-05T23:20:50.024141] [INFO] Database query executed
[2025-11-05T23:20:50.024919] [DEBUG] Connection pool status checked
[2025-11-05T23:20:50.024879] [WARN] High memory usage detected
[2025-11-05T23:20:50.024835] [INFO] Configuration loaded
[2025-11-05T23:20:50.024900] [ERROR] Network timeout
[2025-11-05T23:20:50.024825] [INFO] Session started
[2025-11-05T23:20:50.024938] [DEBUG] Loop iteration: 15
[2025-11-05T23:20:50.024884] [WARN] Slow query performance
[2025-11-05T23:20:50.024943] [DEBUG] Loop iteration: 15
[2025-11-05T23:20:50.024905] [DEBUG] Timer set: 30 seconds
[2025-11-05T23:20:50.024854] [INFO] Database query executed
[2025-11-05T23:20:50.024934] [DEBUG] Connection pool status checked
[2025-11-05T23:20:50.024787] [INFO] Transaction completed
[2025-11-05T23:20:50.024873] [WARN] Deprecated API usage
[2025-11-05T23:20:50.024868] [WARN] Queue size growing
[2025-11-05T23:20:50.024928] [DEBUG] Connection pool status checked
[2025-11-05T23:20:50.024839] [INFO] Request processed successfully
[2025-11-05T23:20:50.024858] [INFO] Database query executed
[2025-11-05T23:20:50.024923] [DEBUG] Cache key generated
