[2025-11-05T23:20:50.744901] [INFO] Connection established
[2025-11-05T23:20:50.744944] [INFO] Session started
[2025-11-05T23:20:50.744910] [INFO] Service initialized
[2025-11-05T23:20:50.745009] [DEBUG] Timer set: 30 seconds
[2025-11-05T23:20:50.745005] [DEBUG] Loop iteration: 15
[2025-11-05T23:20:50.744959] [WARN] Queue size growing
[2025-11-05T23:20:50.744897] [INFO] Database query executed
[2025-11-05T23:20:50.745013] [DEBUG] HTTP request headers parsed
[2025-11-05T23:20:50.744886] [INFO] Request processed successfully
[2025-11-05T23:20:50.744968] [ERROR] Network timeout
[2025-11-05T23:20:50.744954] [WARN] Resource threshold approaching
[2025-11-05T23:20:50.744978] [DEBUG] Variable value: x=42
[2025-11-05T23:20:50.744992] [DEBUG] Thread pool size: 8
[2025-11-05T23:20:50.744997] [DEBUG] HTTP request headers parsed
[2025-11-05T23:20:50.744963] [WARN] Disk space low
[2025-11-05T23:20:50.744892] [INFO] Service initialized
[2025-11-05T23:20:50.744987] [DEBUG] Cache key generated
[2025-11-05T23:20:50.744932] [INFO] Configuration loaded
[2025-11-05T23:20:50.744859] [INFO] Cache hit
[2025-11-05T23:20:50.744918] [INFO] Cache hit
[2025-11-05T23:20:50.744949] [WARN] Connection retry attempt
[2025-11-05T23:20:50.744928] [INFO] Session started
[2025-11-05T23:20:50.744906] [INFO] Transaction completed
[2025-11-05T23:20:50.744923] [INFO] Session started
[2025-11-05T23:20:50.745001] [DEBUG] Memory allocation: 2048 bytes
[2025-11-05T23:20:50.744940] [INFO] Cache hit
[2025-11-05T23:20:50.744983] [DEBUG] Entering function process_data()
[2025-11-05T23:20:50.744936] [INFO] Transaction completed
[2025-11-05T23:20:50.744973] [ERROR] File not found
[2025-11-05T23:20:50.744914] [INFO] Service initialized
