[2025-11-05T23:20:33.000403] [ERROR] Invalid input data
[2025-11-05T23:20:33.000268] [INFO] Cache hit
[2025-11-05T23:20:33.000429] [DEBUG] Variable value: x=42
[2025-11-05T23:20:33.000316] [INFO] Session started
[2025-11-05T23:20:33.000294] [INFO] Connection established
[2025-11-05T23:20:33.000335] [INFO] User logged in
[2025-11-05T23:20:33.000300] [INFO] Service initialized
[2025-11-05T23:20:33.000345] [INFO] Database query executed
[2025-11-05T23:20:33.000321] [INFO] Request processed successfully
[2025-11-05T23:20:33.000392] [WARN] Resource threshold approaching
[2025-11-05T23:20:33.000388] [WARN] Deprecated API usage
[2025-11-05T23:20:33.000409] [DEBUG] HTTP request headers parsed
[2025-11-05T23:20:33.000356] [INFO] Request processed successfully
[2025-11-05T23:20:33.000311] [INFO] Configuration loaded
[2025-11-05T23:20:33.000433] [DEBUG] Memory allocation: 2048 bytes
[2025-11-05T23:20:33.000380] [WARN] Deprecated API usage
[2025-11-05T23:20:33.000374] [WARN] Disk space low
[2025-11-05T23:20:33.000326] [INFO] Cache hit
[2025-11-05T23:20:33.000424] [DEBUG] Variable value: x=42
[2025-11-05T23:20:33.000330] [INFO] User logged in
[2025-11-05T23:20:33.000369] [WARN] Disk space low
[2025-11-05T23:20:33.000398] [ERROR] Invalid input data
[2025-11-05T23:20:33.000384] [WARN] Connection retry attempt
[2025-11-05T23:20:33.000340] [INFO] Database query executed
[2025-11-05T23:20:33.000351] [INFO] Session started
[2025-11-05T23:20:33.000419] [DEBUG] HTTP request headers parsed
[2025-11-05T23:20:33.000414] [DEBUG] Cache key generated
[2025-11-05T23:20:33.000305] [INFO] Database query executed
[2025-11-05T23:20:33.000363] [WARN] Resource threshold approaching
