[2025-11-05T23:20:28.268128] [INFO] Cache hit
[2025-11-05T23:20:28.268201] [DEBUG] Variable value: x=42
[2025-11-05T23:20:28.268205] [DEBUG] Connection pool status checked
[2025-11-05T23:20:28.268162] [WARN] High memory usage detected
[2025-11-05T23:20:28.268153] [INFO] Connection established
[2025-11-05T23:20:28.268094] [INFO] Health check passed
[2025-11-05T23:20:28.268116] [INFO] Cache hit
[2025-11-05T23:20:28.268123] [INFO] Health check passed
[2025-11-05T23:20:28.268167] [WARN] Slow query performance
[2025-11-05T23:20:28.268099] [INFO] Connection established
[2025-11-05T23:20:28.268070] [INFO] Session started
[2025-11-05T23:20:28.268174] [WARN] High memory usage detected
[2025-11-05T23:20:28.268103] [INFO] Health check passed
[2025-11-05T23:20:28.268142] [INFO] Configuration loaded
[2025-11-05T23:20:28.268112] [INFO] Request processed successfully
[2025-11-05T23:20:28.268184] [ERROR] Disk read failed
[2025-11-05T23:20:28.268213] [DEBUG] Loop iteration: 15
[2025-11-05T23:20:28.268139] [INFO] Database query executed
[2025-11-05T23:20:28.268193] [DEBUG] Cache key generated
[2025-11-05T23:20:28.268131] [INFO] Service initialized
[2025-11-05T23:20:28.268180] [ERROR] Network timeout
[2025-11-05T23:20:28.268146] [INFO] Health check passed
[2025-11-05T23:20:28.268170] [WARN] Rate limit approaching
[2025-11-05T23:20:28.268197] [DEBUG] Entering function process_data()
[2025-11-05T23:20:28.268108] [INFO] Service initialized
[2025-11-05T23:20:28.268189] [DEBUG] Loop iteration: 15
[2025-11-05T23:20:28.268209] [DEBUG] Loop iteration: 15
[2025-11-05T23:20:28.268157] [INFO] Health check passed
[2025-11-05T23:20:28.268135] [INFO] User logged in
[2025-11-05T23:20:28.268120] [INFO] Health check passed
[2025-11-05T23:20:28.268150] [INFO] User logged in
