[2025-11-05T23:20:19.108637] [INFO] Transaction completed
[2025-11-05T23:20:19.108668] [WARN] Queue size growing
[2025-11-05T23:20:19.108597] [INFO] Cache hit
[2025-11-05T23:20:19.108633] [INFO] Session started
[2025-11-05T23:20:19.108650] [WARN] Connection retry attempt
[2025-11-05T23:20:19.108728] [DEBUG] Thread pool size: 8
[2025-11-05T23:20:19.108586] [INFO] Database query executed
[2025-11-05T23:20:19.108612] [INFO] Health check passed
[2025-11-05T23:20:19.108679] [ERROR] Memory allocation error
[2025-11-05T23:20:19.108705] [DEBUG] Memory allocation: 2048 bytes
[2025-11-05T23:20:19.108660] [WARN] Disk space low
[2025-11-05T23:20:19.108689] [DEBUG] Buffer size: 4096 bytes
[2025-11-05T23:20:19.108664] [WARN] Disk space low
[2025-11-05T23:20:19.108656] [WARN] Timeout warning
[2025-11-05T23:20:19.108700] [DEBUG] Loop iteration: 15
[2025-11-05T23:20:19.108602] [INFO] Transaction completed
[2025-11-05T23:20:19.108714] [DEBUG] Buffer size: 4096 bytes
[2025-11-05T23:20:19.108684] [ERROR] Permission denied
[2025-11-05T23:20:19.108674] [ERROR] Memory allocation error
[2025-11-05T23:20:19.108580] [INFO] Transaction completed
[2025-11-05T23:20:19.108709] [DEBUG] Entering function process_data()
[2025-11-05T23:20:19.108616] [INFO] Database query executed
[2025-11-05T23:20:19.108641] [INFO] Database query executed
[2025-11-05T23:20:19.108644] [INFO] Session started
[2025-11-05T23:20:19.108593] [INFO] Request processed successfully
[2025-11-05T23:20:19.108694] [DEBUG] Memory allocation: 2048 bytes
[2025-11-05T23:20:19.108621] [INFO] User logged in
[2025-11-05T23:20:19.108624] [INFO] Health check passed
[2025-11-05T23:20:19.108719] [DEBUG] Memory allocation: 2048 bytes
[2025-11-05T23:20:19.108724] [DEBUG] Memory allocation: 2048 bytes
[2025-11-05T23:20:19.108553] [INFO] Health check passed
[2025-11-05T23:20:19.108607] [INFO] Session started
[2025-11-05T23:20:19.108629] [INFO] User logged in
