[2025-11-05T23:20:46.039337] [INFO] Connection established
[2025-11-05T23:20:46.039390] [WARN] Rate limit approaching
[2025-11-05T23:20:46.039374] [INFO] Service initialized
[2025-11-05T23:20:46.039379] [INFO] Cache hit
[2025-11-05T23:20:46.039345] [INFO] Session started
[2025-11-05T23:20:46.039363] [INFO] Service initialized
[2025-11-05T23:20:46.039420] [ERROR] Authentication failed
[2025-11-05T23:20:46.016939] [INFO] Configuration loaded
[2025-11-05T23:20:46.039450] [DEBUG] Entering function process_data()
[2025-11-05T23:20:46.039461] [DEBUG] HTTP request headers parsed
[2025-11-05T23:20:46.016897] [INFO] Session started
[2025-11-05T23:20:46.039413] [WARN] Rate limit approaching
[2025-11-05T23:20:46.039433] [DEBUG] Variable value: x=42
[2025-11-05T23:20:46.039369] [INFO] Transaction completed
[2025-11-05T23:20:46.039306] [INFO] Configuration loaded
[2025-11-05T23:20:46.039352] [INFO] Cache hit
[2025-11-05T23:20:46.039444] [DEBUG] Cache key generated
[2025-11-05T23:20:46.039358] [INFO] User logged in
[2025-11-05T23:20:46.039466] [DEBUG] Timer set: 30 seconds
[2025-11-05T23:20:46.016945] [INFO] Transaction completed
[2025-11-05T23:20:46.039456] [DEBUG] Cache key generated
[2025-11-05T23:20:46.016934] [INFO] Transaction completed
[2025-11-05T23:20:46.039407] [WARN] High memory usage detected
[2025-11-05T23:20:46.039396] [WARN] Connection retry attempt
[2025-11-05T23:20:46.039439] [DEBUG] Connection pool status checked
[2025-11-05T23:20:46.039426] [ERROR] Permission denied
[2025-11-05T23:20:46.016923] [INFO] Database query executed
[2025-11-05T23:20:46.016929] [INFO] Database query executed
[2025-11-05T23:20:46.039403] [WARN] Rate limit approaching
