[2025-11-05T23:20:31.496447] [WARN] Cache miss
[2025-11-05T23:20:31.496366] [INFO] Health check passed
[2025-11-05T23:20:31.496424] [INFO] User logged in
[2025-11-05T23:20:31.496386] [INFO] Cache hit
[2025-11-05T23:20:31.496494] [DEBUG] Buffer size: 4096 bytes
[2025-11-05T23:20:31.496408] [INFO] Service initialized
[2025-11-05T23:20:31.496503] [DEBUG] Memory allocation: 2048 bytes
[2025-11-05T23:20:31.496456] [WARN] Slow query performance
[2025-11-05T23:20:31.496490] [DEBUG] Variable value: x=42
[2025-11-05T23:20:31.496403] [INFO] Cache hit
[2025-11-05T23:20:31.496371] [INFO] Database query executed
[2025-11-05T23:20:31.496512] [DEBUG] Timer set: 30 seconds
[2025-11-05T23:20:31.496394] [INFO] Database query executed
[2025-11-05T23:20:31.496432] [INFO] Session started
[2025-11-05T23:20:31.496452] [WARN] Queue size growing
[2025-11-05T23:20:31.496428] [INFO] User logged in
[2025-11-05T23:20:31.496521] [DEBUG] Variable value: x=42
[2025-11-05T23:20:31.496480] [ERROR] Database connection lost
[2025-11-05T23:20:31.496377] [INFO] Cache hit
[2025-11-05T23:20:31.496465] [WARN] Slow query performance
[2025-11-05T23:20:31.496399] [INFO] Connection established
[2025-11-05T23:20:31.496475] [ERROR] Database connection lost
[2025-11-05T23:20:31.496390] [INFO] Database query executed
[2025-11-05T23:20:31.496412] [INFO] Session started
[2025-11-05T23:20:31.496420] [INFO] Configuration loaded
[2025-11-05T23:20:31.496470] [ERROR] Memory allocation error
[2025-11-05T23:20:31.496460] [WARN] Connection retry attempt
[2025-11-05T23:20:31.496516] [DEBUG] Variable value: x=42
[2025-11-05T23:20:31.496499] [DEBUG] Connection pool status checked
[2025-11-05T23:20:31.496437] [INFO] Transaction completed
[2025-11-05T23:20:31.496507] [DEBUG] HTTP request headers parsed
[2025-11-05T23:20:31.496485] [DEBUG] Timer set: 30 seconds
[2025-11-05T23:20:31.496381] [INFO] Database query executed
[2025-11-05T23:20:31.496339] [INFO] Database query executed
[2025-11-05T23:20:31.496443] [WARN] High memory usage detected
[2025-11-05T23:20:31.496416] [INFO] Transaction completed
