[2025-11-05T23:20:47.593714] [INFO] Health check passed
[2025-11-05T23:20:47.593802] [DEBUG] Loop iteration: 15
[2025-11-05T23:20:47.593718] [INFO] Connection established
[2025-11-05T23:20:47.593784] [DEBUG] Memory allocation: 2048 bytes
[2025-11-05T23:20:47.593763] [WARN] Deprecated API usage
[2025-11-05T23:20:47.593845] [DEBUG] Buffer size: 4096 bytes
[2025-11-05T23:20:47.593725] [INFO] Connection established
[2025-11-05T23:20:47.593772] [ERROR] Network timeout
[2025-11-05T23:20:47.593742] [INFO] Transaction completed
[2025-11-05T23:20:47.593788] [DEBUG] Loop iteration: 15
[2025-11-05T23:20:47.593795] [DEBUG] Entering function process_data()
[2025-11-05T23:20:47.593755] [WARN] Deprecated API usage
[2025-11-05T23:20:47.593729] [INFO] Database query executed
[2025-11-05T23:20:47.593781] [DEBUG] Memory allocation: 2048 bytes
[2025-11-05T23:20:47.593732] [INFO] Connection established
[2025-11-05T23:20:47.593735] [INFO] Database query executed
[2025-11-05T23:20:47.593759] [WARN] Queue size growing
[2025-11-05T23:20:47.593750] [WARN] Slow query performance
[2025-11-05T23:20:47.593798] [DEBUG] Memory allocation: 2048 bytes
[2025-11-05T23:20:47.593776] [DEBUG] Cache key generated
[2025-11-05T23:20:47.593709] [INFO] Service initialized
[2025-11-05T23:20:47.593745] [INFO] Cache hit
[2025-11-05T23:20:47.593767] [ERROR] Service unavailable
[2025-11-05T23:20:47.593721] [INFO] Request processed successfully
[2025-11-05T23:20:47.593739] [INFO] Transaction completed
[2025-11-05T23:20:47.593684] [INFO] Connection established
[2025-11-05T23:20:47.593792] [DEBUG] Variable value: x=42
