[2025-11-05T23:20:16.664516] [INFO] Transaction completed
[2025-11-05T23:20:16.664449] [INFO] Request processed successfully
[2025-11-05T23:20:16.664559] [ERROR] Database connection lost
[2025-11-05T23:20:16.664546] [WARN] Deprecated API usage
[2025-11-05T23:20:16.664592] [DEBUG] Timer set: 30 seconds
[2025-11-05T23:20:16.664493] [INFO] Configuration loaded
[2025-11-05T23:20:16.664564] [ERROR] File not found
[2025-11-05T23:20:16.664551] [WARN] Cache miss
[2025-11-05T23:20:16.664610] [DEBUG] Timer set: 30 seconds
[2025-11-05T23:20:16.664578] [ERROR] Request failed
[2025-11-05T23:20:16.664583] [DEBUG] Buffer size: 4096 bytes
[2025-11-05T23:20:16.664597] [DEBUG] Loop iteration: 15
[2025-11-05T23:20:16.664521] [INFO] Transaction completed
[2025-11-05T23:20:16.664601] [DEBUG] Entering function process_data()
[2025-11-05T23:20:16.664489] [INFO] Request processed successfully
[2025-11-05T23:20:16.664588] [DEBUG] Buffer size: 4096 bytes
[2025-11-05T23:20:16.664477] [INFO] Health check passed
[2025-11-05T23:20:16.664606] [DEBUG] Thread pool size: 8
[2025-11-05T23:20:16.664573] [ERROR] Permission denied
[2025-11-05T23:20:16.664530] [INFO] Configuration loaded
[2025-11-05T23:20:16.664525] [INFO] Transaction completed
[2025-11-05T23:20:16.664619] [DEBUG] Loop iteration: 15
[2025-11-05T23:20:16.664484] [INFO] Database query executed
[2025-11-05T23:20:16.664511] [INFO] Transaction completed
[2025-11-05T23:20:16.664535] [INFO] Health check passed
[2025-11-05T23:20:16.664569] [ERROR] Memory allocation error
[2025-11-05T23:20:16.664498] [INFO] Connection established
[2025-11-05T23:20:16.664503] [INFO] Health check passed
[2025-11-05T23:20:16.664615] [DEBUG] Cache key generated
[2025-11-05T23:20:16.664540] [INFO] Connection established
[2025-11-05T23:20:16.664507] [INFO] Service initialized
