[2025-11-05T23:20:29.119320] [INFO] Health check passed
[2025-11-05T23:20:29.119335] [INFO] Request processed successfully
[2025-11-05T23:20:29.119375] [WARN] Deprecated API usage
[2025-11-05T23:20:29.119369] [INFO] Service initialized
[2025-11-05T23:20:29.119446] [DEBUG] Memory allocation: 2048 bytes
[2025-11-05T23:20:29.119348] [INFO] Service initialized
[2025-11-05T23:20:29.119325] [INFO] Health check passed
[2025-11-05T23:20:29.119344] [INFO] Cache hit
[2025-11-05T23:20:29.119316] [INFO] Transaction completed
[2025-11-05T23:20:29.119386] [WARN] Queue size growing
[2025-11-05T23:20:29.119401] [ERROR] Permission denied
[2025-11-05T23:20:29.119381] [WARN] Cache miss
[2025-11-05T23:20:29.119437] [DEBUG] Loop iteration: 15
[2025-11-05T23:20:29.119422] [DEBUG] Variable value: x=42
[2025-11-05T23:20:29.119450] [DEBUG] Cache key generated
[2025-11-05T23:20:29.119277] [INFO] User logged in
[2025-11-05T23:20:29.119412] [DEBUG] Cache key generated
[2025-11-05T23:20:29.119395] [WARN] Queue size growing
[2025-11-05T23:20:29.119352] [INFO] Database query executed
[2025-11-05T23:20:29.119361] [INFO] Health check passed
[2025-11-05T23:20:29.119417] [DEBUG] Variable value: x=42
[2025-11-05T23:20:29.119441] [DEBUG] Timer set: 30 seconds
[2025-11-05T23:20:29.119330] [INFO] Connection established
[2025-11-05T23:20:29.119305] [INFO] Database query executed
[2025-11-05T23:20:29.119356] [INFO] Health check passed
[2025-11-05T23:20:29.119311] [INFO] User logged in
[2025-11-05T23:20:29.119339] [INFO] Session started
[2025-11-05T23:20:29.119405] [ERROR] Request failed
[2025-11-05T23:20:29.119391] [WARN] Connection retry attempt
[2025-11-05T23:20:29.119365] [INFO] Session started
[2025-11-05T23:20:29.119426] [DEBUG] Buffer size: 4096 bytes
[2025-11-05T23:20:29.119432] [DEBUG] Entering function process_data()
