[2025-11-05T23:20:44.364370] [ERROR] Memory allocation error
[2025-11-05T23:20:44.364375] [ERROR] Request failed
[2025-11-05T23:20:44.364358] [INFO] Cache hit
[2025-11-05T23:20:44.364404] [DEBUG] Memory allocation: 2048 bytes
[2025-11-05T23:20:44.364400] [DEBUG] Thread pool size: 8
[2025-11-05T23:20:44.364334] [INFO] Database query executed
[2025-11-05T23:20:44.364330] [INFO] Request processed successfully
[2025-11-05T23:20:44.364304] [INFO] Transaction completed
[2025-11-05T23:20:44.364309] [INFO] User logged in
[2025-11-05T23:20:44.364384] [DEBUG] Loop iteration: 15
[2025-11-05T23:20:44.364314] [INFO] User logged in
[2025-11-05T23:20:44.364346] [INFO] Cache hit
[2025-11-05T23:20:44.364408] [DEBUG] Thread pool size: 8
[2025-11-05T23:20:44.364338] [INFO] User logged in
[2025-11-05T23:20:44.364280] [INFO] Connection established
[2025-11-05T23:20:44.364364] [WARN] Cache miss
[2025-11-05T23:20:44.364326] [INFO] User logged in
[2025-11-05T23:20:44.364342] [INFO] Service initialized
[2025-11-05T23:20:44.364392] [DEBUG] Thread pool size: 8
[2025-11-05T23:20:44.364396] [DEBUG] Entering function process_data()
[2025-11-05T23:20:44.364354] [INFO] Request processed successfully
[2025-11-05T23:20:44.364388] [DEBUG] Cache key generated
[2025-11-05T23:20:44.364318] [INFO] Session started
[2025-11-05T23:20:44.364380] [DEBUG] Entering function process_data()
[2025-11-05T23:20:44.364322] [INFO] Configuration loaded
[2025-11-05T23:20:44.364350] [INFO] Database query executed
