[2025-11-05T23:20:20.924384] [INFO] Cache hit
[2025-11-05T23:20:20.924431] [INFO] Transaction completed
[2025-11-05T23:20:20.924423] [INFO] Health check passed
[2025-11-05T23:20:20.924461] [DEBUG] Thread pool size: 8
[2025-11-05T23:20:20.924477] [DEBUG] Connection pool status checked
[2025-11-05T23:20:20.924482] [DEBUG] Loop iteration: 15
[2025-11-05T23:20:20.924451] [ERROR] Network timeout
[2025-11-05T23:20:20.924440] [WARN] Connection retry attempt
[2025-11-05T23:20:20.924456] [DEBUG] Buffer size: 4096 bytes
[2025-11-05T23:20:20.924397] [INFO] Configuration loaded
[2025-11-05T23:20:20.924446] [ERROR] Memory allocation error
[2025-11-05T23:20:20.924415] [INFO] Database query executed
[2025-11-05T23:20:20.924469] [DEBUG] Timer set: 30 seconds
[2025-11-05T23:20:20.924380] [INFO] Request processed successfully
[2025-11-05T23:20:20.924486] [DEBUG] Entering function process_data()
[2025-11-05T23:20:20.924434] [INFO] Database query executed
[2025-11-05T23:20:20.924402] [INFO] Health check passed
[2025-11-05T23:20:20.924418] [INFO] Transaction completed
[2025-11-05T23:20:20.924427] [INFO] Health check passed
[2025-11-05T23:20:20.924388] [INFO] User logged in
[2025-11-05T23:20:20.924473] [DEBUG] Connection pool status checked
[2025-11-05T23:20:20.924374] [INFO] User logged in
[2025-11-05T23:20:20.924490] [DEBUG] Memory allocation: 2048 bytes
[2025-11-05T23:20:20.924406] [INFO] User logged in
[2025-11-05T23:20:20.924465] [DEBUG] Thread pool size: 8
[2025-11-05T23:20:20.924393] [INFO] Cache hit
[2025-11-05T23:20:20.924348] [INFO] Session started
[2025-11-05T23:20:20.924410] [INFO] User logged in
