[2025-11-05T23:20:31.047450] [INFO] Health check passed
[2025-11-05T23:20:31.047410] [INFO] Request processed successfully
[2025-11-05T23:20:31.047502] [WARN] Deprecated API usage
[2025-11-05T23:20:31.047463] [INFO] Request processed successfully
[2025-11-05T23:20:31.047421] [INFO] Configuration loaded
[2025-11-05T23:20:31.047543] [DEBUG] Timer set: 30 seconds
[2025-11-05T23:20:31.047482] [WARN] Slow query performance
[2025-11-05T23:20:31.047552] [DEBUG] Loop iteration: 15
[2025-11-05T23:20:31.047445] [INFO] Health check passed
[2025-11-05T23:20:31.047493] [WARN] Queue size growing
[2025-11-05T23:20:31.047476] [INFO] Transaction completed
[2025-11-05T23:20:31.047556] [DEBUG] HTTP request headers parsed
[2025-11-05T23:20:31.047517] [ERROR] Authentication failed
[2025-11-05T23:20:31.047527] [ERROR] Database connection lost
[2025-11-05T23:20:31.047506] [WARN] Rate limit approaching
[2025-11-05T23:20:31.047467] [INFO] Request processed successfully
[2025-11-05T23:20:31.047455] [INFO] Connection established
[2025-11-05T23:20:31.047459] [INFO] Configuration loaded
[2025-11-05T23:20:31.047511] [WARN] Cache miss
[2025-11-05T23:20:31.047497] [WARN] Slow query performance
[2025-11-05T23:20:31.047560] [DEBUG] Entering function process_data()
[2025-11-05T23:20:31.047547] [DEBUG] Cache key generated
[2025-11-05T23:20:31.047436] [INFO] Cache hit
[2025-11-05T23:20:31.047426] [INFO] Service initialized
[2025-11-05T23:20:31.047416] [INFO] Request processed successfully
[2025-11-05T23:20:31.047533] [DEBUG] Buffer size: 4096 bytes
[2025-11-05T23:20:31.047488] [WARN] Queue size growing
[2025-11-05T23:20:31.047522] [ERROR] Network timeout
[2025-11-05T23:20:31.047472] [INFO] Health check passed
[2025-11-05T23:20:31.047431] [INFO] User logged in
[2025-11-05T23:20:31.047440] [INFO] Configuration loaded
[2025-11-05T23:20:31.047382] [INFO] Cache hit
[2025-11-05T23:20:31.047538] [DEBUG] Buffer size: 4096 bytes
