[2025-11-05T23:20:25.028866] [INFO] Database query executed
[2025-11-05T23:20:25.028934] [WARN] High memory usage detected
[2025-11-05T23:20:25.028908] [INFO] User logged in
[2025-11-05T23:20:25.028968] [DEBUG] HTTP request headers parsed
[2025-11-05T23:20:25.028938] [WARN] Connection retry attempt
[2025-11-05T23:20:25.028832] [INFO] Transaction completed
[2025-11-05T23:20:25.028983] [DEBUG] Buffer size: 4096 bytes
[2025-11-05T23:20:25.028859] [INFO] Session started
[2025-11-05T23:20:25.028916] [INFO] Service initialized
[2025-11-05T23:20:25.028880] [INFO] Service initialized
[2025-11-05T23:20:25.028904] [INFO] Service initialized
[2025-11-05T23:20:25.028972] [DEBUG] Cache key generated
[2025-11-05T23:20:25.028987] [DEBUG] Connection pool status checked
[2025-11-05T23:20:25.028875] [INFO] Configuration loaded
[2025-11-05T23:20:25.028960] [DEBUG] Variable value: x=42
[2025-11-05T23:20:25.028893] [INFO] Request processed successfully
[2025-11-05T23:20:25.028976] [DEBUG] Buffer size: 4096 bytes
[2025-11-05T23:20:25.028889] [INFO] User logged in
[2025-11-05T23:20:25.028956] [DEBUG] Cache key generated
[2025-11-05T23:20:25.028885] [INFO] Connection established
[2025-11-05T23:20:25.028964] [DEBUG] Timer set: 30 seconds
[2025-11-05T23:20:25.028980] [DEBUG] Variable value: x=42
[2025-11-05T23:20:25.028921] [WARN] Cache miss
[2025-11-05T23:20:25.028912] [INFO] Configuration loaded
[2025-11-05T23:20:25.028952] [DEBUG] Cache key generated
[2025-11-05T23:20:25.028897] [INFO] Request processed successfully
[2025-11-05T23:20:25.028870] [INFO] Health check passed
[2025-11-05T23:20:25.028943] [ERROR] Database connection lost
[2025-11-05T23:20:25.028925] [WARN] High memory usage detected
[2025-11-05T23:20:25.028991] [DEBUG] Memory allocation: 2048 bytes
[2025-11-05T23:20:25.028901] [INFO] Configuration loaded
[2025-11-05T23:20:25.028947] [ERROR] Memory allocation error
[2025-11-05T23:20:25.028930] [WARN] Deprecated API usage
