[2025-11-05T23:20:24.469086] [INFO] Session started
[2025-11-05T23:20:24.469111] [WARN] Connection retry attempt
[2025-11-05T23:20:24.469060] [INFO] Connection established
[2025-11-05T23:20:24.469082] [INFO] Configuration loaded
[2025-11-05T23:20:24.469118] [WARN] Deprecated API usage
[2025-11-05T23:20:24.469114] [WARN] Rate limit approaching
[2025-11-05T23:20:24.469098] [WARN] Timeout warning
[2025-11-05T23:20:24.469075] [INFO] Connection established
[2025-11-05T23:20:24.469146] [DEBUG] Buffer size: 4096 bytes
[2025-11-05T23:20:24.469018] [INFO] Request processed successfully
[2025-11-05T23:20:24.469166] [DEBUG] HTTP request headers parsed
[2025-11-05T23:20:24.469122] [WARN] Slow query performance
[2025-11-05T23:20:24.469136] [DEBUG] Entering function process_data()
[2025-11-05T23:20:24.469157] [DEBUG] Thread pool size: 8
[2025-11-05T23:20:24.469131] [ERROR] Authentication failed
[2025-11-05T23:20:24.469150] [DEBUG] Loop iteration: 15
[2025-11-05T23:20:24.469161] [DEBUG] Cache key generated
[2025-11-05T23:20:24.469127] [ERROR] Database connection lost
[2025-11-05T23:20:24.469170] [DEBUG] Variable value: x=42
[2025-11-05T23:20:24.469093] [INFO] Health check passed
[2025-11-05T23:20:24.469042] [INFO] Session started
[2025-11-05T23:20:24.469064] [INFO] Service initialized
[2025-11-05T23:20:24.469153] [DEBUG] Cache key generated
[2025-11-05T23:20:24.469103] [WARN] Connection retry attempt
[2025-11-05T23:20:24.469068] [INFO] Session started
[2025-11-05T23:20:24.469089] [INFO] Database query executed
[2025-11-05T23:20:24.469071] [INFO] Database query executed
[2025-11-05T23:20:24.469051] [INFO] User logged in
[2025-11-05T23:20:24.469056] [INFO] Transaction completed
[2025-11-05T23:20:24.469079] [INFO] Service initialized
[2025-11-05T23:20:24.469047] [INFO] Transaction completed
[2025-11-05T23:20:24.469107] [WARN] Rate limit approaching
[2025-11-05T23:20:24.469142] [DEBUG] Cache key generated
