[2025-11-05T23:20:29.180829] [INFO] Request processed successfully
[2025-11-05T23:20:29.180791] [INFO] Session started
[2025-11-05T23:20:29.180863] [INFO] Service initialized
[2025-11-05T23:20:29.180850] [INFO] Service initialized
[2025-11-05T23:20:29.180899] [ERROR] Memory allocation error
[2025-11-05T23:20:29.180855] [INFO] Request processed successfully
[2025-11-05T23:20:29.180846] [INFO] Cache hit
[2025-11-05T23:20:29.180904] [DEBUG] HTTP request headers parsed
[2025-11-05T23:20:29.180933] [DEBUG] Thread pool size: 8
[2025-11-05T23:20:29.180824] [INFO] Configuration loaded
[2025-11-05T23:20:29.180814] [INFO] Session started
[2025-11-05T23:20:29.180922] [DEBUG] Connection pool status checked
[2025-11-05T23:20:29.180871] [INFO] Transaction completed
[2025-11-05T23:20:29.180929] [DEBUG] Memory allocation: 2048 bytes
[2025-11-05T23:20:29.180859] [INFO] Session started
[2025-11-05T23:20:29.180937] [DEBUG] Timer set: 30 seconds
[2025-11-05T23:20:29.180926] [DEBUG] Buffer size: 4096 bytes
[2025-11-05T23:20:29.180908] [DEBUG] Connection pool status checked
[2025-11-05T23:20:29.180880] [WARN] Timeout warning
[2025-11-05T23:20:29.180885] [WARN] Deprecated API usage
[2025-11-05T23:20:29.180820] [INFO] Service initialized
[2025-11-05T23:20:29.180917] [DEBUG] Thread pool size: 8
[2025-11-05T23:20:29.180834] [INFO] Connection established
[2025-11-05T23:20:29.180895] [ERROR] Invalid input data
[2025-11-05T23:20:29.180867] [INFO] User logged in
[2025-11-05T23:20:29.180889] [WARN] Resource threshold approaching
[2025-11-05T23:20:29.180838] [INFO] Transaction completed
[2025-11-05T23:20:29.180842] [INFO] Configuration loaded
[2025-11-05T23:20:29.180875] [INFO] Request processed successfully
[2025-11-05T23:20:29.180913] [DEBUG] Loop iteration: 15
