[2025-11-05T23:20:50.507769] [INFO] Session started
[2025-11-05T23:20:50.507903] [WARN] Resource threshold approaching
[2025-11-05T23:20:50.507918] [DEBUG] Entering function process_data()
[2025-11-05T23:20:50.507803] [INFO] Configuration loaded
[2025-11-05T23:20:50.507949] [DEBUG] Entering function process_data()
[2025-11-05T23:20:50.507853] [INFO] Cache hit
[2025-11-05T23:20:50.507840] [INFO] Transaction completed
[2025-11-05T23:20:50.507836] [INFO] Configuration loaded
[2025-11-05T23:20:50.507884] [INFO] Health check passed
[2025-11-05T23:20:50.507945] [DEBUG] Memory allocation: 2048 bytes
[2025-11-05T23:20:50.507880] [INFO] Database query executed
[2025-11-05T23:20:50.507869] [INFO] Configuration loaded
[2025-11-05T23:20:50.507849] [INFO] Database query executed
[2025-11-05T23:20:50.507861] [INFO] Session started
[2025-11-05T23:20:50.507877] [INFO] User logged in
[2025-11-05T23:20:50.507922] [DEBUG] HTTP request headers parsed
[2025-11-05T23:20:50.507832] [INFO] Transaction completed
[2025-11-05T23:20:50.507895] [WARN] Connection retry attempt
[2025-11-05T23:20:50.507930] [DEBUG] Thread pool size: 8
[2025-11-05T23:20:50.507926] [DEBUG] Loop iteration: 15
[2025-11-05T23:20:50.507796] [INFO] Session started
[2025-11-05T23:20:50.507912] [ERROR] Permission denied
[2025-11-05T23:20:50.507899] [WARN] Queue size growing
[2025-11-05T23:20:50.507941] [DEBUG] Memory allocation: 2048 bytes
[2025-11-05T23:20:50.507934] [DEBUG] Entering function process_data()
[2025-11-05T23:20:50.507823] [INFO] Cache hit
[2025-11-05T23:20:50.507814] [INFO] Health check passed
[2025-11-05T23:20:50.507857] [INFO] User logged in
[2025-11-05T23:20:50.507809] [INFO] Session started
[2025-11-05T23:20:50.507873] [INFO] Session started
[2025-11-05T23:20:50.507865] [INFO] Health check passed
[2025-11-05T23:20:50.507844] [INFO] Connection established
[2025-11-05T23:20:50.507938] [DEBUG] HTTP request headers parsed
[2025-11-05T23:20:50.507827] [INFO] Transaction completed
[2025-11-05T23:20:50.507819] [INFO] Cache hit
[2025-11-05T23:20:50.507907] [WARN] Deprecated API usage
[2025-11-05T23:20:50.507890] [WARN] Slow query performance
