[2025-11-05T23:20:14.853988] [DEBUG] HTTP request headers parsed
[2025-11-05T23:20:14.853935] [INFO] Cache hit
[2025-11-05T23:20:14.853952] [INFO] Connection established
[2025-11-05T23:20:14.853983] [ERROR] Disk read failed
[2025-11-05T23:20:14.853913] [INFO] Cache hit
[2025-11-05T23:20:14.853931] [INFO] Connection established
[2025-11-05T23:20:14.854014] [DEBUG] Timer set: 30 seconds
[2025-11-05T23:20:14.853862] [INFO] Transaction completed
[2025-11-05T23:20:14.853904] [INFO] Configuration loaded
[2025-11-05T23:20:14.853940] [INFO] Health check passed
[2025-11-05T23:20:14.854006] [DEBUG] Cache key generated
[2025-11-05T23:20:14.853972] [WARN] Resource threshold approaching
[2025-11-05T23:20:14.853918] [INFO] Database query executed
[2025-11-05T23:20:14.854018] [DEBUG] Connection pool status checked
[2025-11-05T23:20:14.853944] [INFO] Connection established
[2025-11-05T23:20:14.853923] [INFO] Request processed successfully
[2025-11-05T23:20:14.854001] [DEBUG] Connection pool status checked
[2025-11-05T23:20:14.853978] [ERROR] Disk read failed
[2025-11-05T23:20:14.853948] [INFO] Health check passed
[2025-11-05T23:20:14.853967] [WARN] Timeout warning
[2025-11-05T23:20:14.854022] [DEBUG] Thread pool size: 8
[2025-11-05T23:20:14.853963] [WARN] Deprecated API usage
[2025-11-05T23:20:14.854010] [DEBUG] Cache key generated
[2025-11-05T23:20:14.853993] [DEBUG] HTTP request headers parsed
[2025-11-05T23:20:14.853894] [INFO] Database query executed
[2025-11-05T23:20:14.853997] [DEBUG] Loop iteration: 15
[2025-11-05T23:20:14.853909] [INFO] Configuration loaded
[2025-11-05T23:20:14.853958] [WARN] Queue size growing
[2025-11-05T23:20:14.853927] [INFO] Configuration loaded
[2025-11-05T23:20:14.853899] [INFO] User logged in
[2025-11-05T23:20:14.853888] [INFO] Session started
