[2025-11-05T23:20:39.894261] [INFO] Health check passed
[2025-11-05T23:20:39.894320] [DEBUG] Loop iteration: 15
[2025-11-05T23:20:39.894253] [INFO] Transaction completed
[2025-11-05T23:20:39.894305] [DEBUG] Timer set: 30 seconds
[2025-11-05T23:20:39.894298] [DEBUG] Connection pool status checked
[2025-11-05T23:20:39.894311] [DEBUG] Cache key generated
[2025-11-05T23:20:39.894317] [DEBUG] Buffer size: 4096 bytes
[2025-11-05T23:20:39.894290] [ERROR] Invalid input data
[2025-11-05T23:20:39.894308] [DEBUG] Thread pool size: 8
[2025-11-05T23:20:39.894278] [INFO] Cache hit
[2025-11-05T23:20:39.894302] [DEBUG] Timer set: 30 seconds
[2025-11-05T23:20:39.894314] [DEBUG] Memory allocation: 2048 bytes
[2025-11-05T23:20:39.894257] [INFO] Connection established
[2025-11-05T23:20:39.894323] [DEBUG] Entering function process_data()
[2025-11-05T23:20:39.894272] [INFO] Request processed successfully
[2025-11-05T23:20:39.894269] [INFO] User logged in
[2025-11-05T23:20:39.894286] [WARN] Deprecated API usage
[2025-11-05T23:20:39.894294] [ERROR] Request failed
[2025-11-05T23:20:39.894281] [INFO] User logged in
[2025-11-05T23:20:39.894227] [INFO] Connection established
[2025-11-05T23:20:39.894275] [INFO] Configuration loaded
[2025-11-05T23:20:39.894265] [INFO] Request processed successfully
