[2025-11-05T23:20:30.276579] [DEBUG] Timer set: 30 seconds
[2025-11-05T23:20:30.276536] [INFO] User logged in
[2025-11-05T23:20:30.276562] [WARN] Disk space low
[2025-11-05T23:20:30.276589] [DEBUG] Loop iteration: 15
[2025-11-05T23:20:30.276514] [INFO] Connection established
[2025-11-05T23:20:30.276576] [DEBUG] Loop iteration: 15
[2025-11-05T23:20:30.276559] [WARN] Resource threshold approaching
[2025-11-05T23:20:30.276567] [ERROR] Service unavailable
[2025-11-05T23:20:30.276529] [INFO] Health check passed
[2025-11-05T23:20:30.276551] [WARN] Resource threshold approaching
[2025-11-05T23:20:30.276518] [INFO] User logged in
[2025-11-05T23:20:30.276543] [INFO] Request processed successfully
[2025-11-05T23:20:30.276583] [DEBUG] Memory allocation: 2048 bytes
[2025-11-05T23:20:30.276555] [WARN] High memory usage detected
[2025-11-05T23:20:30.276532] [INFO] Configuration loaded
[2025-11-05T23:20:30.276594] [DEBUG] Cache key generated
[2025-11-05T23:20:30.276572] [DEBUG] Buffer size: 4096 bytes
[2025-11-05T23:20:30.276522] [INFO] Session started
[2025-11-05T23:20:30.276526] [INFO] Session started
[2025-11-05T23:20:30.276539] [INFO] Service initialized
[2025-11-05T23:20:30.276601] [DEBUG] Variable value: x=42
[2025-11-05T23:20:30.276501] [INFO] Request processed successfully
[2025-11-05T23:20:30.276586] [DEBUG] Variable value: x=42
[2025-11-05T23:20:30.276449] [INFO] Configuration loaded
[2025-11-05T23:20:30.276509] [INFO] Database query executed
[2025-11-05T23:20:30.276546] [INFO] User logged in
[2025-11-05T23:20:30.276598] [DEBUG] Thread pool size: 8
