[2025-11-05T23:20:47.601498] [ERROR] Request failed
[2025-11-05T23:20:47.601453] [INFO] Session started
[2025-11-05T23:20:47.601510] [DEBUG] Buffer size: 4096 bytes
[2025-11-05T23:20:47.601492] [WARN] Timeout warning
[2025-11-05T23:20:47.601505] [DEBUG] Memory allocation: 2048 bytes
[2025-11-05T23:20:47.601532] [DEBUG] Connection pool status checked
[2025-11-05T23:20:47.601526] [DEBUG] Memory allocation: 2048 bytes
[2025-11-05T23:20:47.601513] [DEBUG] Memory allocation: 2048 bytes
[2025-11-05T23:20:47.601424] [INFO] Session started
[2025-11-05T23:20:47.601536] [DEBUG] Timer set: 30 seconds
[2025-11-05T23:20:47.601456] [INFO] Configuration loaded
[2025-11-05T23:20:47.601529] [DEBUG] Variable value: x=42
[2025-11-05T23:20:47.601517] [DEBUG] Connection pool status checked
[2025-11-05T23:20:47.601473] [INFO] Service initialized
[2025-11-05T23:20:47.601449] [INFO] Health check passed
[2025-11-05T23:20:47.601520] [DEBUG] Thread pool size: 8
[2025-11-05T23:20:47.601467] [INFO] Configuration loaded
[2025-11-05T23:20:47.601487] [INFO] Transaction completed
[2025-11-05T23:20:47.601477] [INFO] Database query executed
[2025-11-05T23:20:47.601480] [INFO] Configuration loaded
[2025-11-05T23:20:47.601502] [ERROR] Invalid input data
[2025-11-05T23:20:47.601470] [INFO] User logged in
[2025-11-05T23:20:47.601463] [INFO] Database query executed
[2025-11-05T23:20:47.601460] [INFO] Service initialized
[2025-11-05T23:20:47.601484] [INFO] Session started
[2025-11-05T23:20:47.601523] [DEBUG] Entering function process_data()
