[2025-11-05T23:20:37.507930] [INFO] Transaction completed
[2025-11-05T23:20:37.507992] [INFO] Health check passed
[2025-11-05T23:20:37.508016] [ERROR] Memory allocation error
[2025-11-05T23:20:37.507941] [INFO] Service initialized
[2025-11-05T23:20:37.508039] [DEBUG] Memory allocation: 2048 bytes
[2025-11-05T23:20:37.507997] [WARN] Timeout warning
[2025-11-05T23:20:37.508052] [DEBUG] Connection pool status checked
[2025-11-05T23:20:37.507950] [INFO] Health check passed
[2025-11-05T23:20:37.507970] [INFO] Cache hit
[2025-11-05T23:20:37.507901] [INFO] Configuration loaded
[2025-11-05T23:20:37.507960] [INFO] Transaction completed
[2025-11-05T23:20:37.508048] [DEBUG] Buffer size: 4096 bytes
[2025-11-05T23:20:37.507983] [INFO] Session started
[2025-11-05T23:20:37.507979] [INFO] Connection established
[2025-11-05T23:20:37.508031] [DEBUG] Entering function process_data()
[2025-11-05T23:20:37.507975] [INFO] Configuration loaded
[2025-11-05T23:20:37.508025] [DEBUG] Timer set: 30 seconds
[2025-11-05T23:20:37.507965] [INFO] Health check passed
[2025-11-05T23:20:37.507936] [INFO] User logged in
[2025-11-05T23:20:37.508010] [WARN] Slow query performance
[2025-11-05T23:20:37.507988] [INFO] Service initialized
[2025-11-05T23:20:37.508035] [DEBUG] Loop iteration: 15
[2025-11-05T23:20:37.507946] [INFO] Transaction completed
[2025-11-05T23:20:37.507955] [INFO] Request processed successfully
[2025-11-05T23:20:37.508001] [WARN] Resource threshold approaching
[2025-11-05T23:20:37.508006] [WARN] Disk space low
[2025-11-05T23:20:37.508057] [DEBUG] Variable value: x=42
[2025-11-05T23:20:37.508021] [DEBUG] Cache key generated
[2025-11-05T23:20:37.508044] [DEBUG] Timer set: 30 seconds
