[2025-11-05T23:20:40.514225] [INFO] Health check passed
[2025-11-05T23:20:40.514298] [WARN] Cache miss
[2025-11-05T23:20:40.514238] [INFO] User logged in
[2025-11-05T23:20:40.514266] [INFO] Transaction completed
[2025-11-05T23:20:40.514283] [INFO] Request processed successfully
[2025-11-05T23:20:40.514320] [DEBUG] Loop iteration: 15
[2025-11-05T23:20:40.514336] [DEBUG] Timer set: 30 seconds
[2025-11-05T23:20:40.514214] [INFO] Health check passed
[2025-11-05T23:20:40.514242] [INFO] Connection established
[2025-11-05T23:20:40.514293] [WARN] Cache miss
[2025-11-05T23:20:40.514251] [INFO] Database query executed
[2025-11-05T23:20:40.514333] [DEBUG] Cache key generated
[2025-11-05T23:20:40.514263] [INFO] Connection established
[2025-11-05T23:20:40.514339] [DEBUG] Memory allocation: 2048 bytes
[2025-11-05T23:20:40.514288] [WARN] Cache miss
[2025-11-05T23:20:40.514219] [INFO] User logged in
[2025-11-05T23:20:40.514246] [INFO] Service initialized
[2025-11-05T23:20:40.514234] [INFO] Configuration loaded
[2025-11-05T23:20:40.514329] [DEBUG] Entering function process_data()
[2025-11-05T23:20:40.514302] [WARN] Slow query performance
[2025-11-05T23:20:40.514275] [INFO] Cache hit
[2025-11-05T23:20:40.514306] [WARN] Queue size growing
[2025-11-05T23:20:40.514271] [INFO] Transaction completed
[2025-11-05T23:20:40.514279] [INFO] Service initialized
[2025-11-05T23:20:40.514325] [DEBUG] Loop iteration: 15
[2025-11-05T23:20:40.514311] [ERROR] Permission denied
[2025-11-05T23:20:40.514255] [INFO] Database query executed
[2025-11-05T23:20:40.514229] [INFO] Cache hit
[2025-11-05T23:20:40.514188] [INFO] Session started
[2025-11-05T23:20:40.514259] [INFO] Request processed successfully
[2025-11-05T23:20:40.514315] [ERROR] Memory allocation error
