[2025-11-05T23:20:27.949377] [INFO] Database query executed
[2025-11-05T23:20:27.949423] [DEBUG] Memory allocation: 2048 bytes
[2025-11-05T23:20:27.949373] [INFO] Cache hit
[2025-11-05T23:20:27.949411] [ERROR] Invalid input data
[2025-11-05T23:20:27.949352] [INFO] Transaction completed
[2025-11-05T23:20:27.949427] [DEBUG] Connection pool status checked
[2025-11-05T23:20:27.949395] [WARN] Rate limit approaching
[2025-11-05T23:20:27.949348] [INFO] Transaction completed
[2025-11-05T23:20:27.949360] [INFO] Health check passed
[2025-11-05T23:20:27.949340] [INFO] Request processed successfully
[2025-11-05T23:20:27.949294] [INFO] Health check passed
[2025-11-05T23:20:27.949448] [DEBUG] HTTP request headers parsed
[2025-11-05T23:20:27.949383] [WARN] Slow query performance
[2025-11-05T23:20:27.949368] [INFO] User logged in
[2025-11-05T23:20:27.949435] [DEBUG] Connection pool status checked
[2025-11-05T23:20:27.949335] [INFO] Connection established
[2025-11-05T23:20:27.949343] [INFO] User logged in
[2025-11-05T23:20:27.949325] [INFO] Configuration loaded
[2025-11-05T23:20:27.949439] [DEBUG] Timer set: 30 seconds
[2025-11-05T23:20:27.949389] [WARN] Resource threshold approaching
[2025-11-05T23:20:27.949418] [DEBUG] Loop iteration: 15
[2025-11-05T23:20:27.949452] [DEBUG] Entering function process_data()
[2025-11-05T23:20:27.949404] [WARN] Slow query performance
[2025-11-05T23:20:27.949443] [DEBUG] Entering function process_data()
[2025-11-05T23:20:27.949431] [DEBUG] Memory allocation: 2048 bytes
[2025-11-05T23:20:27.949356] [INFO] User logged in
[2025-11-05T23:20:27.949330] [INFO] Configuration loaded
[2025-11-05T23:20:27.949364] [INFO] Cache hit
[2025-11-05T23:20:27.949319] [INFO] Database query executed
[2025-11-05T23:20:27.949399] [WARN] High memory usage detected
