[2025-11-05T23:20:33.794817] [WARN] High memory usage detected
[2025-11-05T23:20:33.794714] [INFO] Transaction completed
[2025-11-05T23:20:33.794754] [INFO] Database query executed
[2025-11-05T23:20:33.794791] [INFO] Configuration loaded
[2025-11-05T23:20:33.794787] [INFO] Connection established
[2025-11-05T23:20:33.794809] [WARN] Timeout warning
[2025-11-05T23:20:33.794833] [DEBUG] Entering function process_data()
[2025-11-05T23:20:33.794813] [WARN] Rate limit approaching
[2025-11-05T23:20:33.794823] [ERROR] Database connection lost
[2025-11-05T23:20:33.794775] [INFO] Service initialized
[2025-11-05T23:20:33.794783] [INFO] Health check passed
[2025-11-05T23:20:33.794795] [INFO] Connection established
[2025-11-05T23:20:33.794762] [INFO] User logged in
[2025-11-05T23:20:33.794779] [INFO] Transaction completed
[2025-11-05T23:20:33.794847] [DEBUG] Memory allocation: 2048 bytes
[2025-11-05T23:20:33.794842] [DEBUG] Entering function process_data()
[2025-11-05T23:20:33.794749] [INFO] User logged in
[2025-11-05T23:20:33.794800] [WARN] Deprecated API usage
[2025-11-05T23:20:33.794828] [DEBUG] Entering function process_data()
[2025-11-05T23:20:33.794766] [INFO] User logged in
[2025-11-05T23:20:33.794805] [WARN] Cache miss
[2025-11-05T23:20:33.794745] [INFO] Cache hit
[2025-11-05T23:20:33.794739] [INFO] Session started
[2025-11-05T23:20:33.794851] [DEBUG] Timer set: 30 seconds
[2025-11-05T23:20:33.794758] [INFO] Session started
[2025-11-05T23:20:33.794837] [DEBUG] Memory allocation: 2048 bytes
[2025-11-05T23:20:33.794770] [INFO] Health check passed
