[2025-11-05T23:20:49.110656] [INFO] Cache hit
[2025-11-05T23:20:49.110701] [WARN] Disk space low
[2025-11-05T23:20:49.110637] [INFO] Health check passed
[2025-11-05T23:20:49.110763] [DEBUG] Entering function process_data()
[2025-11-05T23:20:49.110775] [DEBUG] Cache key generated
[2025-11-05T23:20:49.110755] [DEBUG] Buffer size: 4096 bytes
[2025-11-05T23:20:49.110682] [INFO] Database query executed
[2025-11-05T23:20:49.110652] [INFO] Session started
[2025-11-05T23:20:49.110759] [DEBUG] HTTP request headers parsed
[2025-11-05T23:20:49.110779] [DEBUG] Thread pool size: 8
[2025-11-05T23:20:49.110661] [INFO] Cache hit
[2025-11-05T23:20:49.110670] [INFO] Service initialized
[2025-11-05T23:20:49.110710] [WARN] Cache miss
[2025-11-05T23:20:49.110690] [INFO] Connection established
[2025-11-05T23:20:49.110606] [INFO] Session started
[2025-11-05T23:20:49.110643] [INFO] Cache hit
[2025-11-05T23:20:49.110720] [ERROR] Authentication failed
[2025-11-05T23:20:49.110734] [DEBUG] Connection pool status checked
[2025-11-05T23:20:49.110729] [DEBUG] Timer set: 30 seconds
[2025-11-05T23:20:49.110747] [DEBUG] Buffer size: 4096 bytes
[2025-11-05T23:20:49.110715] [ERROR] Memory allocation error
[2025-11-05T23:20:49.110725] [DEBUG] Entering function process_data()
[2025-11-05T23:20:49.110686] [INFO] Service initialized
[2025-11-05T23:20:49.110674] [INFO] Cache hit
[2025-11-05T23:20:49.110742] [DEBUG] Memory allocation: 2048 bytes
[2025-11-05T23:20:49.110738] [DEBUG] Variable value: x=42
[2025-11-05T23:20:49.110771] [DEBUG] Loop iteration: 15
[2025-11-05T23:20:49.110665] [INFO] Database query executed
[2025-11-05T23:20:49.110631] [INFO] Transaction completed
[2025-11-05T23:20:49.110696] [WARN] Disk space low
[2025-11-05T23:20:49.110751] [DEBUG] Cache key generated
[2025-11-05T23:20:49.110706] [WARN] Resource threshold approaching
[2025-11-05T23:20:49.110783] [DEBUG] HTTP request headers parsed
[2025-11-05T23:20:49.110767] [DEBUG] Buffer size: 4096 bytes
[2025-11-05T23:20:49.110678] [INFO] Health check passed
[2025-11-05T23:20:49.110647] [INFO] Configuration loaded
