[2025-11-05T23:20:33.806197] [WARN] Cache miss
[2025-11-05T23:20:33.806210] [WARN] Rate limit approaching
[2025-11-05T23:20:33.806166] [INFO] Health check passed
[2025-11-05T23:20:33.806178] [INFO] Configuration loaded
[2025-11-05T23:20:33.806143] [INFO] Cache hit
[2025-11-05T23:20:33.806226] [DEBUG] Loop iteration: 15
[2025-11-05T23:20:33.806234] [DEBUG] Variable value: x=42
[2025-11-05T23:20:33.806253] [DEBUG] Loop iteration: 15
[2025-11-05T23:20:33.806202] [WARN] Cache miss
[2025-11-05T23:20:33.806147] [INFO] Session started
[2025-11-05T23:20:33.806157] [INFO] Connection established
[2025-11-05T23:20:33.806192] [WARN] Connection retry attempt
[2025-11-05T23:20:33.806257] [DEBUG] Memory allocation: 2048 bytes
[2025-11-05T23:20:33.806174] [INFO] Health check passed
[2025-11-05T23:20:33.806244] [DEBUG] Thread pool size: 8
[2025-11-05T23:20:33.806182] [INFO] Transaction completed
[2025-11-05T23:20:33.806230] [DEBUG] Buffer size: 4096 bytes
[2025-11-05T23:20:33.806186] [INFO] Session started
[2025-11-05T23:20:33.806137] [INFO] Health check passed
[2025-11-05T23:20:33.806216] [ERROR] Request failed
[2025-11-05T23:20:33.806170] [INFO] Connection established
[2025-11-05T23:20:33.806249] [DEBUG] Entering function process_data()
[2025-11-05T23:20:33.806222] [DEBUG] Memory allocation: 2048 bytes
[2025-11-05T23:20:33.806152] [INFO] Session started
[2025-11-05T23:20:33.806205] [WARN] Connection retry attempt
[2025-11-05T23:20:33.806161] [INFO] Configuration loaded
[2025-11-05T23:20:33.806111] [INFO] Request processed successfully
[2025-11-05T23:20:33.806238] [DEBUG] Timer set: 30 seconds
