[2025-11-05T23:20:36.562649] [DEBUG] HTTP request headers parsed
[2025-11-05T23:20:36.562478] [INFO] Session started
[2025-11-05T23:20:36.562521] [INFO] Configuration loaded
[2025-11-05T23:20:36.562612] [ERROR] Service unavailable
[2025-11-05T23:20:36.562564] [INFO] Service initialized
[2025-11-05T23:20:36.562508] [INFO] Health check passed
[2025-11-05T23:20:36.562551] [INFO] Transaction completed
[2025-11-05T23:20:36.562626] [DEBUG] Loop iteration: 15
[2025-11-05T23:20:36.562587] [WARN] Resource threshold approaching
[2025-11-05T23:20:36.562637] [DEBUG] Cache key generated
[2025-11-05T23:20:36.562530] [INFO] Session started
[2025-11-05T23:20:36.562641] [DEBUG] Memory allocation: 2048 bytes
[2025-11-05T23:20:36.562645] [DEBUG] Memory allocation: 2048 bytes
[2025-11-05T23:20:36.562654] [DEBUG] Variable value: x=42
[2025-11-05T23:20:36.562512] [INFO] Health check passed
[2025-11-05T23:20:36.562591] [WARN] Resource threshold approaching
[2025-11-05T23:20:36.562631] [DEBUG] Entering function process_data()
[2025-11-05T23:20:36.562568] [INFO] Health check passed
[2025-11-05T23:20:36.562538] [INFO] Configuration loaded
[2025-11-05T23:20:36.562559] [INFO] Configuration loaded
[2025-11-05T23:20:36.562534] [INFO] Request processed successfully
[2025-11-05T23:20:36.562526] [INFO] Service initialized
[2025-11-05T23:20:36.562595] [WARN] Rate limit approaching
[2025-11-05T23:20:36.562622] [DEBUG] Loop iteration: 15
[2025-11-05T23:20:36.562581] [INFO] Service initialized
[2025-11-05T23:20:36.562555] [INFO] Connection established
[2025-11-05T23:20:36.562600] [WARN] Queue size growing
[2025-11-05T23:20:36.562572] [INFO] Service initialized
[2025-11-05T23:20:36.562606] [ERROR] Service unavailable
[2025-11-05T23:20:36.562547] [INFO] Connection established
[2025-11-05T23:20:36.562577] [INFO] Service initialized
[2025-11-05T23:20:36.562617] [DEBUG] Cache key generated
[2025-11-05T23:20:36.562503] [INFO] Connection established
[2025-11-05T23:20:36.562517] [INFO] Request processed successfully
[2025-11-05T23:20:36.562543] [INFO] Session started
