[2025-11-05T23:20:19.309579] [INFO] Configuration loaded
[2025-11-05T23:20:19.309640] [WARN] Slow query performance
[2025-11-05T23:20:19.309648] [WARN] Deprecated API usage
[2025-11-05T23:20:19.309592] [INFO] Health check passed
[2025-11-05T23:20:19.309601] [INFO] Transaction completed
[2025-11-05T23:20:19.309609] [INFO] Service initialized
[2025-11-05T23:20:19.309677] [DEBUG] Memory allocation: 2048 bytes
[2025-11-05T23:20:19.309668] [DEBUG] HTTP request headers parsed
[2025-11-05T23:20:19.309673] [DEBUG] Buffer size: 4096 bytes
[2025-11-05T23:20:19.309618] [INFO] Transaction completed
[2025-11-05T23:20:19.309596] [INFO] User logged in
[2025-11-05T23:20:19.309690] [DEBUG] Loop iteration: 15
[2025-11-05T23:20:19.309685] [DEBUG] Loop iteration: 15
[2025-11-05T23:20:19.309645] [WARN] Rate limit approaching
[2025-11-05T23:20:19.309658] [ERROR] Invalid input data
[2025-11-05T23:20:19.309654] [ERROR] Memory allocation error
[2025-11-05T23:20:19.309681] [DEBUG] Timer set: 30 seconds
[2025-11-05T23:20:19.309565] [INFO] User logged in
[2025-11-05T23:20:19.309663] [ERROR] Authentication failed
[2025-11-05T23:20:19.309621] [INFO] Connection established
[2025-11-05T23:20:19.309605] [INFO] Session started
[2025-11-05T23:20:19.309631] [WARN] Queue size growing
[2025-11-05T23:20:19.309614] [INFO] Service initialized
[2025-11-05T23:20:19.309575] [INFO] Request processed successfully
[2025-11-05T23:20:19.309625] [INFO] Configuration loaded
[2025-11-05T23:20:19.309539] [INFO] Cache hit
[2025-11-05T23:20:19.309588] [INFO] Health check passed
[2025-11-05T23:20:19.309636] [WARN] Disk space low
[2025-11-05T23:20:19.309570] [INFO] Connection established
[2025-11-05T23:20:19.309584] [INFO] Database query executed
