[2025-11-05T23:20:49.259579] [DEBUG] Loop iteration: 15
[2025-11-05T23:20:49.259593] [DEBUG] HTTP request headers parsed
[2025-11-05T23:20:49.259604] [DEBUG] HTTP request headers parsed
[2025-11-05T23:20:49.259607] [DEBUG] HTTP request headers parsed
[2025-11-05T23:20:49.259564] [WARN] High memory usage detected
[2025-11-05T23:20:49.259597] [DEBUG] Timer set: 30 seconds
[2025-11-05T23:20:49.259532] [INFO] Connection established
[2025-11-05T23:20:49.259553] [WARN] Deprecated API usage
[2025-11-05T23:20:49.259569] [ERROR] Authentication failed
[2025-11-05T23:20:49.259574] [ERROR] Authentication failed
[2025-11-05T23:20:49.259556] [WARN] Queue size growing
[2025-11-05T23:20:49.259502] [INFO] Cache hit
[2025-11-05T23:20:49.259561] [WARN] Timeout warning
[2025-11-05T23:20:49.259611] [DEBUG] Memory allocation: 2048 bytes
[2025-11-05T23:20:49.259528] [INFO] Database query executed
[2025-11-05T23:20:49.259536] [INFO] Health check passed
[2025-11-05T23:20:49.259544] [INFO] Service initialized
[2025-11-05T23:20:49.259589] [DEBUG] Thread pool size: 8
[2025-11-05T23:20:49.259540] [INFO] Connection established
[2025-11-05T23:20:49.259600] [DEBUG] Thread pool size: 8
[2025-11-05T23:20:49.259548] [WARN] Disk space low
[2025-11-05T23:20:49.259586] [DEBUG] Timer set: 30 seconds
[2025-11-05T23:20:49.259583] [DEBUG] Timer set: 30 seconds
