[2025-11-05T23:20:13.593920] [WARN] Disk space low
[2025-11-05T23:20:13.593955] [DEBUG] HTTP request headers parsed
[2025-11-05T23:20:13.593865] [INFO] Connection established
[2025-11-05T23:20:13.593898] [INFO] User logged in
[2025-11-05T23:20:13.593850] [INFO] Request processed successfully
[2025-11-05T23:20:13.593964] [DEBUG] Cache key generated
[2025-11-05T23:20:13.593915] [WARN] Timeout warning
[2025-11-05T23:20:13.593989] [DEBUG] Entering function process_data()
[2025-11-05T23:20:13.593949] [DEBUG] Memory allocation: 2048 bytes
[2025-11-05T23:20:13.593942] [ERROR] File not found
[2025-11-05T23:20:13.593889] [INFO] Request processed successfully
[2025-11-05T23:20:13.593879] [INFO] User logged in
[2025-11-05T23:20:13.593984] [DEBUG] Variable value: x=42
[2025-11-05T23:20:13.593845] [INFO] Session started
[2025-11-05T23:20:13.593969] [DEBUG] HTTP request headers parsed
[2025-11-05T23:20:13.593835] [INFO] Configuration loaded
[2025-11-05T23:20:13.593884] [INFO] Transaction completed
[2025-11-05T23:20:13.593824] [INFO] Service initialized
[2025-11-05T23:20:13.593812] [INFO] Request processed successfully
[2025-11-05T23:20:13.593909] [INFO] Configuration loaded
[2025-11-05T23:20:13.593819] [INFO] Request processed successfully
[2025-11-05T23:20:13.593829] [INFO] Transaction completed
[2025-11-05T23:20:13.593930] [WARN] High memory usage detected
[2025-11-05T23:20:13.593894] [INFO] Database query executed
[2025-11-05T23:20:13.593979] [DEBUG] Connection pool status checked
[2025-11-05T23:20:13.593840] [INFO] Health check passed
[2025-11-05T23:20:13.593869] [INFO] Health check passed
[2025-11-05T23:20:13.593960] [DEBUG] Entering function process_data()
[2025-11-05T23:20:13.593936] [WARN] Slow query performance
[2025-11-05T23:20:13.593855] [INFO] User logged in
[2025-11-05T23:20:13.593925] [WARN] High memory usage detected
[2025-11-05T23:20:13.593785] [INFO] Connection established
[2025-11-05T23:20:13.593860] [INFO] Session started
[2025-11-05T23:20:13.593974] [DEBUG] Connection pool status checked
[2025-11-05T23:20:13.593874] [INFO] Session started
[2025-11-05T23:20:13.593904] [INFO] Health check passed
