[2025-11-05T23:20:28.416676] [DEBUG] Buffer size: 4096 bytes
[2025-11-05T23:20:28.416628] [ERROR] Authentication failed
[2025-11-05T23:20:28.416609] [WARN] Rate limit approaching
[2025-11-05T23:20:28.416614] [WARN] Slow query performance
[2025-11-05T23:20:28.416642] [DEBUG] Entering function process_data()
[2025-11-05T23:20:28.416563] [INFO] Transaction completed
[2025-11-05T23:20:28.416576] [INFO] User logged in
[2025-11-05T23:20:28.416549] [INFO] Request processed successfully
[2025-11-05T23:20:28.416572] [INFO] Cache hit
[2025-11-05T23:20:28.416580] [INFO] Cache hit
[2025-11-05T23:20:28.416529] [INFO] Service initialized
[2025-11-05T23:20:28.416567] [INFO] Session started
[2025-11-05T23:20:28.416044] [INFO] Transaction completed
[2025-11-05T23:20:28.416681] [DEBUG] Connection pool status checked
[2025-11-05T23:20:28.416544] [INFO] Connection established
[2025-11-05T23:20:28.416555] [INFO] Health check passed
[2025-11-05T23:20:28.416664] [DEBUG] Memory allocation: 2048 bytes
[2025-11-05T23:20:28.416601] [INFO] Cache hit
[2025-11-05T23:20:28.416559] [INFO] Session started
[2025-11-05T23:20:28.416638] [DEBUG] Variable value: x=42
[2025-11-05T23:20:28.416633] [ERROR] Invalid input data
[2025-11-05T23:20:28.416539] [INFO] Cache hit
[2025-11-05T23:20:28.416672] [DEBUG] Connection pool status checked
[2025-11-05T23:20:28.416668] [DEBUG] Timer set: 30 seconds
[2025-11-05T23:20:28.416589] [INFO] Transaction completed
[2025-11-05T23:20:28.416584] [INFO] Cache hit
[2025-11-05T23:20:28.416651] [DEBUG] Thread pool size: 8
[2025-11-05T23:20:28.416619] [WARN] Timeout warning
[2025-11-05T23:20:28.416647] [DEBUG] Buffer size: 4096 bytes
[2025-11-05T23:20:28.416593] [INFO] Configuration loaded
[2025-11-05T23:20:28.416655] [DEBUG] Connection pool status checked
[2025-11-05T23:20:28.416660] [DEBUG] Variable value: x=42
[2025-11-05T23:20:28.416597] [INFO] Transaction completed
[2025-11-05T23:20:28.416623] [WARN] Queue size growing
