[2025-11-05T23:20:16.695559] [INFO] Configuration loaded
[2025-11-05T23:20:16.695645] [INFO] Configuration loaded
[2025-11-05T23:20:16.695623] [INFO] Service initialized
[2025-11-05T23:20:16.695609] [INFO] Health check passed
[2025-11-05T23:20:16.695709] [DEBUG] Timer set: 30 seconds
[2025-11-05T23:20:16.695663] [ERROR] Service unavailable
[2025-11-05T23:20:16.695594] [INFO] User logged in
[2025-11-05T23:20:16.695604] [INFO] Configuration loaded
[2025-11-05T23:20:16.695641] [INFO] Database query executed
[2025-11-05T23:20:16.695619] [INFO] User logged in
[2025-11-05T23:20:16.695632] [INFO] Configuration loaded
[2025-11-05T23:20:16.695675] [DEBUG] Variable value: x=42
[2025-11-05T23:20:16.695637] [INFO] Service initialized
[2025-11-05T23:20:16.695704] [DEBUG] Cache key generated
[2025-11-05T23:20:16.695680] [DEBUG] Variable value: x=42
[2025-11-05T23:20:16.695684] [DEBUG] Cache key generated
[2025-11-05T23:20:16.695694] [DEBUG] HTTP request headers parsed
[2025-11-05T23:20:16.695587] [INFO] User logged in
[2025-11-05T23:20:16.695628] [INFO] Session started
[2025-11-05T23:20:16.695599] [INFO] Service initialized
[2025-11-05T23:20:16.695670] [DEBUG] Timer set: 30 seconds
[2025-11-05T23:20:16.695656] [WARN] Timeout warning
[2025-11-05T23:20:16.695614] [INFO] Service initialized
[2025-11-05T23:20:16.695650] [INFO] Transaction completed
[2025-11-05T23:20:16.695689] [DEBUG] HTTP request headers parsed
[2025-11-05T23:20:16.695699] [DEBUG] Connection pool status checked
