[2025-11-05T23:20:43.744178] [DEBUG] Cache key generated
[2025-11-05T23:20:43.744063] [INFO] Service initialized
[2025-11-05T23:20:43.744143] [ERROR] Permission denied
[2025-11-05T23:20:43.744107] [INFO] Configuration loaded
[2025-11-05T23:20:43.744170] [DEBUG] Cache key generated
[2025-11-05T23:20:43.744033] [INFO] Cache hit
[2025-11-05T23:20:43.744068] [INFO] Session started
[2025-11-05T23:20:43.744148] [ERROR] Service unavailable
[2025-11-05T23:20:43.744166] [DEBUG] Timer set: 30 seconds
[2025-11-05T23:20:43.744130] [WARN] High memory usage detected
[2025-11-05T23:20:43.744085] [INFO] Service initialized
[2025-11-05T23:20:43.744111] [INFO] Configuration loaded
[2025-11-05T23:20:43.744089] [INFO] Cache hit
[2025-11-05T23:20:43.744125] [WARN] Resource threshold approaching
[2025-11-05T23:20:43.744161] [DEBUG] Timer set: 30 seconds
[2025-11-05T23:20:43.744134] [WARN] Resource threshold approaching
[2025-11-05T23:20:43.744174] [DEBUG] Connection pool status checked
[2025-11-05T23:20:43.744077] [INFO] Request processed successfully
[2025-11-05T23:20:43.744121] [WARN] High memory usage detected
[2025-11-05T23:20:43.744102] [INFO] Transaction completed
[2025-11-05T23:20:43.744138] [WARN] Deprecated API usage
[2025-11-05T23:20:43.744186] [DEBUG] Memory allocation: 2048 bytes
[2025-11-05T23:20:43.744182] [DEBUG] Entering function process_data()
[2025-11-05T23:20:43.744153] [DEBUG] Memory allocation: 2048 bytes
[2025-11-05T23:20:43.744157] [DEBUG] Loop iteration: 15
[2025-11-05T23:20:43.744072] [INFO] Service initialized
[2025-11-05T23:20:43.744058] [INFO] Session started
[2025-11-05T23:20:43.744115] [INFO] Session started
[2025-11-05T23:20:43.744098] [INFO] Transaction completed
[2025-11-05T23:20:43.744094] [INFO] Session started
[2025-11-05T23:20:43.744081] [INFO] Cache hit
