[2025-11-05T23:20:15.501687] [INFO] Cache hit
[2025-11-05T23:20:15.501734] [WARN] Cache miss
[2025-11-05T23:20:15.501760] [DEBUG] Cache key generated
[2025-11-05T23:20:15.501727] [WARN] Resource threshold approaching
[2025-11-05T23:20:15.501713] [INFO] Session started
[2025-11-05T23:20:15.501731] [WARN] Resource threshold approaching
[2025-11-05T23:20:15.501684] [INFO] Database query executed
[2025-11-05T23:20:15.501706] [INFO] Service initialized
[2025-11-05T23:20:15.501690] [INFO] Service initialized
[2025-11-05T23:20:15.501753] [DEBUG] HTTP request headers parsed
[2025-11-05T23:20:15.501680] [INFO] Request processed successfully
[2025-11-05T23:20:15.501746] [DEBUG] Cache key generated
[2025-11-05T23:20:15.501766] [DEBUG] Timer set: 30 seconds
[2025-11-05T23:20:15.501719] [INFO] Health check passed
[2025-11-05T23:20:15.501749] [DEBUG] Buffer size: 4096 bytes
[2025-11-05T23:20:15.501693] [INFO] Configuration loaded
[2025-11-05T23:20:15.501697] [INFO] Service initialized
[2025-11-05T23:20:15.501742] [ERROR] File not found
[2025-11-05T23:20:15.501763] [DEBUG] Memory allocation: 2048 bytes
[2025-11-05T23:20:15.501769] [DEBUG] Variable value: x=42
[2025-11-05T23:20:15.501653] [INFO] Transaction completed
[2025-11-05T23:20:15.501738] [ERROR] Authentication failed
[2025-11-05T23:20:15.501709] [INFO] Connection established
[2025-11-05T23:20:15.501676] [INFO] Transaction completed
[2025-11-05T23:20:15.501700] [INFO] Service initialized
[2025-11-05T23:20:15.501716] [INFO] Service initialized
[2025-11-05T23:20:15.501772] [DEBUG] Memory allocation: 2048 bytes
[2025-11-05T23:20:15.501723] [WARN] Timeout warning
[2025-11-05T23:20:15.501703] [INFO] Database query executed
[2025-11-05T23:20:15.501756] [DEBUG] Connection pool status checked
