[2025-11-05T23:20:38.269339] [INFO] User logged in
[2025-11-05T23:20:38.269416] [ERROR] Memory allocation error
[2025-11-05T23:20:38.269432] [DEBUG] Timer set: 30 seconds
[2025-11-05T23:20:38.269466] [DEBUG] Loop iteration: 15
[2025-11-05T23:20:38.269302] [INFO] Session started
[2025-11-05T23:20:38.269320] [INFO] Configuration loaded
[2025-11-05T23:20:38.269325] [INFO] Request processed successfully
[2025-11-05T23:20:38.269282] [INFO] Health check passed
[2025-11-05T23:20:38.269421] [ERROR] Request failed
[2025-11-05T23:20:38.269330] [INFO] Service initialized
[2025-11-05T23:20:38.269316] [INFO] Health check passed
[2025-11-05T23:20:38.269427] [DEBUG] Thread pool size: 8
[2025-11-05T23:20:38.269344] [INFO] Connection established
[2025-11-05T23:20:38.269251] [INFO] Request processed successfully
[2025-11-05T23:20:38.269437] [DEBUG] Buffer size: 4096 bytes
[2025-11-05T23:20:38.269356] [WARN] Deprecated API usage
[2025-11-05T23:20:38.269446] [DEBUG] Loop iteration: 15
[2025-11-05T23:20:38.269306] [INFO] Session started
[2025-11-05T23:20:38.269276] [INFO] Cache hit
[2025-11-05T23:20:38.269461] [DEBUG] Connection pool status checked
[2025-11-05T23:20:38.269350] [WARN] Timeout warning
[2025-11-05T23:20:38.269335] [INFO] Cache hit
[2025-11-05T23:20:38.269451] [DEBUG] Entering function process_data()
[2025-11-05T23:20:38.269407] [WARN] Timeout warning
[2025-11-05T23:20:38.269441] [DEBUG] Variable value: x=42
[2025-11-05T23:20:38.269292] [INFO] Session started
[2025-11-05T23:20:38.269297] [INFO] Connection established
[2025-11-05T23:20:38.269311] [INFO] Session started
[2025-11-05T23:20:38.269361] [WARN] High memory usage detected
[2025-11-05T23:20:38.269456] [DEBUG] Thread pool size: 8
[2025-11-05T23:20:38.269287] [INFO] Configuration loaded
[2025-11-05T23:20:38.269470] [DEBUG] Timer set: 30 seconds
