[2025-11-05T23:20:44.230129] [DEBUG] Cache key generated
[2025-11-05T23:20:44.230095] [WARN] High memory usage detected
[2025-11-05T23:20:44.230049] [INFO] Request processed successfully
[2025-11-05T23:20:44.230080] [INFO] Service initialized
[2025-11-05T23:20:44.230034] [INFO] User logged in
[2025-11-05T23:20:44.230137] [DEBUG] Loop iteration: 15
[2025-11-05T23:20:44.230142] [DEBUG] Loop iteration: 15
[2025-11-05T23:20:44.230058] [INFO] Transaction completed
[2025-11-05T23:20:44.230085] [INFO] Configuration loaded
[2025-11-05T23:20:44.230038] [INFO] Service initialized
[2025-11-05T23:20:44.230066] [INFO] Request processed successfully
[2025-11-05T23:20:44.230112] [DEBUG] Connection pool status checked
[2025-11-05T23:20:44.230028] [INFO] Configuration loaded
[2025-11-05T23:20:44.230133] [DEBUG] Variable value: x=42
[2025-11-05T23:20:44.230053] [INFO] Session started
[2025-11-05T23:20:44.230062] [INFO] Transaction completed
[2025-11-05T23:20:44.230125] [DEBUG] Connection pool status checked
[2025-11-05T23:20:44.230107] [DEBUG] Thread pool size: 8
[2025-11-05T23:20:44.230075] [INFO] Cache hit
[2025-11-05T23:20:44.230043] [INFO] Configuration loaded
[2025-11-05T23:20:44.230002] [INFO] Request processed successfully
[2025-11-05T23:20:44.230070] [INFO] Connection established
[2025-11-05T23:20:44.230101] [ERROR] Disk read failed
[2025-11-05T23:20:44.230117] [DEBUG] HTTP request headers parsed
[2025-11-05T23:20:44.230121] [DEBUG] Cache key generated
[2025-11-05T23:20:44.230089] [INFO] Session started
