[2025-11-05T23:20:11.662313] [DEBUG] Connection pool status checked
[2025-11-05T23:20:11.662263] [INFO] Connection established
[2025-11-05T23:20:11.662288] [INFO] Session started
[2025-11-05T23:20:11.662215] [INFO] Database query executed
[2025-11-05T23:20:11.662279] [INFO] Database query executed
[2025-11-05T23:20:11.662260] [INFO] User logged in
[2025-11-05T23:20:11.662320] [DEBUG] Buffer size: 4096 bytes
[2025-11-05T23:20:11.662245] [INFO] Session started
[2025-11-05T23:20:11.662327] [DEBUG] Cache key generated
[2025-11-05T23:20:11.662282] [INFO] Request processed successfully
[2025-11-05T23:20:11.662270] [INFO] Service initialized
[2025-11-05T23:20:11.662256] [INFO] Request processed successfully
[2025-11-05T23:20:11.662266] [INFO] Service initialized
[2025-11-05T23:20:11.662273] [INFO] Request processed successfully
[2025-11-05T23:20:11.662293] [WARN] Connection retry attempt
[2025-11-05T23:20:11.662276] [INFO] User logged in
[2025-11-05T23:20:11.662334] [DEBUG] Connection pool status checked
[2025-11-05T23:20:11.662285] [INFO] Connection established
[2025-11-05T23:20:11.662308] [ERROR] Network timeout
[2025-11-05T23:20:11.662297] [WARN] Deprecated API usage
[2025-11-05T23:20:11.662240] [INFO] Cache hit
[2025-11-05T23:20:11.662249] [INFO] Configuration loaded
[2025-11-05T23:20:11.662304] [WARN] Slow query performance
[2025-11-05T23:20:11.662324] [DEBUG] HTTP request headers parsed
[2025-11-05T23:20:11.662252] [INFO] User logged in
[2025-11-05T23:20:11.662330] [DEBUG] Timer set: 30 seconds
[2025-11-05T23:20:11.662301] [WARN] Resource threshold approaching
[2025-11-05T23:20:11.662317] [DEBUG] Entering function process_data()
