[2025-11-05T23:20:36.351682] [INFO] Configuration loaded
[2025-11-05T23:20:36.351710] [WARN] Resource threshold approaching
[2025-11-05T23:20:36.351703] [INFO] Transaction completed
[2025-11-05T23:20:36.351695] [INFO] Transaction completed
[2025-11-05T23:20:36.351716] [WARN] Resource threshold approaching
[2025-11-05T23:20:36.351744] [DEBUG] Cache key generated
[2025-11-05T23:20:36.351686] [INFO] User logged in
[2025-11-05T23:20:36.351769] [DEBUG] Cache key generated
[2025-11-05T23:20:36.351661] [INFO] Cache hit
[2025-11-05T23:20:36.351734] [ERROR] Database connection lost
[2025-11-05T23:20:36.351635] [INFO] Connection established
[2025-11-05T23:20:36.351668] [INFO] Service initialized
[2025-11-05T23:20:36.351764] [DEBUG] Memory allocation: 2048 bytes
[2025-11-05T23:20:36.351626] [INFO] Connection established
[2025-11-05T23:20:36.351673] [INFO] Connection established
[2025-11-05T23:20:36.351691] [INFO] Transaction completed
[2025-11-05T23:20:36.351754] [DEBUG] Connection pool status checked
[2025-11-05T23:20:36.351641] [INFO] Service initialized
[2025-11-05T23:20:36.351699] [INFO] User logged in
[2025-11-05T23:20:36.351739] [DEBUG] Loop iteration: 15
[2025-11-05T23:20:36.351652] [INFO] Session started
[2025-11-05T23:20:36.351720] [WARN] Timeout warning
[2025-11-05T23:20:36.351728] [WARN] Timeout warning
[2025-11-05T23:20:36.351657] [INFO] Configuration loaded
[2025-11-05T23:20:36.351647] [INFO] Health check passed
[2025-11-05T23:20:36.351773] [DEBUG] Thread pool size: 8
[2025-11-05T23:20:36.351759] [DEBUG] Memory allocation: 2048 bytes
[2025-11-05T23:20:36.351749] [DEBUG] Connection pool status checked
[2025-11-05T23:20:36.351678] [INFO] Cache hit
[2025-11-05T23:20:36.351724] [WARN] High memory usage detected
[2025-11-05T23:20:36.351562] [INFO] Service initialized
