[2025-11-05T23:20:34.475413] [INFO] Request processed successfully
[2025-11-05T23:20:34.475475] [DEBUG] Loop iteration: 15
[2025-11-05T23:20:34.475467] [DEBUG] Cache key generated
[2025-11-05T23:20:34.475336] [INFO] Database query executed
[2025-11-05T23:20:34.475351] [INFO] Health check passed
[2025-11-05T23:20:34.475391] [INFO] Transaction completed
[2025-11-05T23:20:34.475395] [INFO] Session started
[2025-11-05T23:20:34.475447] [ERROR] Service unavailable
[2025-11-05T23:20:34.475373] [INFO] Request processed successfully
[2025-11-05T23:20:34.475368] [INFO] Cache hit
[2025-11-05T23:20:34.475377] [INFO] Transaction completed
[2025-11-05T23:20:34.475355] [INFO] Database query executed
[2025-11-05T23:20:34.475364] [INFO] Cache hit
[2025-11-05T23:20:34.475425] [WARN] Slow query performance
[2025-11-05T23:20:34.475400] [INFO] User logged in
[2025-11-05T23:20:34.475341] [INFO] Cache hit
[2025-11-05T23:20:34.475301] [INFO] User logged in
[2025-11-05T23:20:34.475405] [INFO] Transaction completed
[2025-11-05T23:20:34.475409] [INFO] Request processed successfully
[2025-11-05T23:20:34.475381] [INFO] Configuration loaded
[2025-11-05T23:20:34.475458] [DEBUG] Buffer size: 4096 bytes
[2025-11-05T23:20:34.475346] [INFO] Database query executed
[2025-11-05T23:20:34.475436] [WARN] Disk space low
[2025-11-05T23:20:34.475471] [DEBUG] Loop iteration: 15
[2025-11-05T23:20:34.475420] [WARN] Cache miss
[2025-11-05T23:20:34.475463] [DEBUG] Variable value: x=42
[2025-11-05T23:20:34.475431] [WARN] High memory usage detected
[2025-11-05T23:20:34.475329] [INFO] Cache hit
[2025-11-05T23:20:34.475442] [ERROR] Service unavailable
[2025-11-05T23:20:34.475386] [INFO] Request processed successfully
[2025-11-05T23:20:34.475359] [INFO] User logged in
[2025-11-05T23:20:34.475453] [DEBUG] Loop iteration: 15
