[2025-11-05T23:20:43.714618] [DEBUG] Thread pool size: 8
[2025-11-05T23:20:43.714552] [INFO] Request processed successfully
[2025-11-05T23:20:43.714548] [INFO] Connection established
[2025-11-05T23:20:43.714516] [INFO] Transaction completed
[2025-11-05T23:20:43.714578] [WARN] Cache miss
[2025-11-05T23:20:43.714595] [DEBUG] Timer set: 30 seconds
[2025-11-05T23:20:43.714609] [DEBUG] Timer set: 30 seconds
[2025-11-05T23:20:43.714530] [INFO] Service initialized
[2025-11-05T23:20:43.714614] [DEBUG] Loop iteration: 15
[2025-11-05T23:20:43.714539] [INFO] Transaction completed
[2025-11-05T23:20:43.714631] [DEBUG] Timer set: 30 seconds
[2025-11-05T23:20:43.714560] [INFO] Database query executed
[2025-11-05T23:20:43.714600] [DEBUG] Entering function process_data()
[2025-11-05T23:20:43.714485] [INFO] Health check passed
[2025-11-05T23:20:43.714590] [ERROR] Invalid input data
[2025-11-05T23:20:43.714511] [INFO] Service initialized
[2025-11-05T23:20:43.714569] [INFO] Request processed successfully
[2025-11-05T23:20:43.714627] [DEBUG] Loop iteration: 15
[2025-11-05T23:20:43.714543] [INFO] Connection established
[2025-11-05T23:20:43.714573] [INFO] Database query executed
[2025-11-05T23:20:43.714623] [DEBUG] Thread pool size: 8
[2025-11-05T23:20:43.714585] [ERROR] Authentication failed
[2025-11-05T23:20:43.714605] [DEBUG] Buffer size: 4096 bytes
[2025-11-05T23:20:43.714556] [INFO] Cache hit
[2025-11-05T23:20:43.714565] [INFO] Database query executed
[2025-11-05T23:20:43.714525] [INFO] Cache hit
[2025-11-05T23:20:43.714521] [INFO] Connection established
[2025-11-05T23:20:43.714534] [INFO] Connection established
