[2025-11-05T23:20:20.947746] [DEBUG] Thread pool size: 8
[2025-11-05T23:20:20.947653] [INFO] User logged in
[2025-11-05T23:20:20.947762] [DEBUG] Timer set: 30 seconds
[2025-11-05T23:20:20.947770] [DEBUG] Cache key generated
[2025-11-05T23:20:20.947678] [INFO] Configuration loaded
[2025-11-05T23:20:20.947728] [DEBUG] Memory allocation: 2048 bytes
[2025-11-05T23:20:20.947634] [INFO] Configuration loaded
[2025-11-05T23:20:20.947733] [DEBUG] Cache key generated
[2025-11-05T23:20:20.947674] [INFO] Health check passed
[2025-11-05T23:20:20.947701] [WARN] Timeout warning
[2025-11-05T23:20:20.947658] [INFO] Configuration loaded
[2025-11-05T23:20:20.947670] [INFO] Configuration loaded
[2025-11-05T23:20:20.947648] [INFO] Health check passed
[2025-11-05T23:20:20.947644] [INFO] Transaction completed
[2025-11-05T23:20:20.947758] [DEBUG] Thread pool size: 8
[2025-11-05T23:20:20.947754] [DEBUG] Buffer size: 4096 bytes
[2025-11-05T23:20:20.947639] [INFO] Service initialized
[2025-11-05T23:20:20.947608] [INFO] Database query executed
[2025-11-05T23:20:20.947682] [INFO] Health check passed
[2025-11-05T23:20:20.947724] [DEBUG] Thread pool size: 8
[2025-11-05T23:20:20.947766] [DEBUG] Timer set: 30 seconds
[2025-11-05T23:20:20.947741] [DEBUG] Thread pool size: 8
[2025-11-05T23:20:20.947662] [INFO] Configuration loaded
[2025-11-05T23:20:20.947690] [INFO] Connection established
[2025-11-05T23:20:20.947750] [DEBUG] HTTP request headers parsed
[2025-11-05T23:20:20.947666] [INFO] User logged in
[2025-11-05T23:20:20.947737] [DEBUG] Memory allocation: 2048 bytes
[2025-11-05T23:20:20.947714] [ERROR] Database connection lost
[2025-11-05T23:20:20.947708] [WARN] Resource threshold approaching
[2025-11-05T23:20:20.947719] [ERROR] Permission denied
[2025-11-05T23:20:20.947686] [INFO] Cache hit
[2025-11-05T23:20:20.947696] [WARN] Queue size growing
