[2025-11-05T23:20:53.591321] [INFO] Cache hit
[2025-11-05T23:20:53.591437] [DEBUG] Buffer size: 4096 bytes
[2025-11-05T23:20:53.591274] [INFO] Configuration loaded
[2025-11-05T23:20:53.591365] [INFO] Cache hit
[2025-11-05T23:20:53.591433] [DEBUG] Cache key generated
[2025-11-05T23:20:53.591335] [INFO] Health check passed
[2025-11-05T23:20:53.591331] [INFO] Connection established
[2025-11-05T23:20:53.591348] [INFO] Transaction completed
[2025-11-05T23:20:53.591375] [INFO] Session started
[2025-11-05T23:20:53.591306] [INFO] Cache hit
[2025-11-05T23:20:53.591357] [INFO] User logged in
[2025-11-05T23:20:53.591425] [DEBUG] Buffer size: 4096 bytes
[2025-11-05T23:20:53.591429] [DEBUG] Timer set: 30 seconds
[2025-11-05T23:20:53.591340] [INFO] Transaction completed
[2025-11-05T23:20:53.591395] [WARN] Disk space low
[2025-11-05T23:20:53.591404] [ERROR] Request failed
[2025-11-05T23:20:53.591409] [ERROR] Permission denied
[2025-11-05T23:20:53.591442] [DEBUG] Timer set: 30 seconds
[2025-11-05T23:20:53.591344] [INFO] Request processed successfully
[2025-11-05T23:20:53.591380] [WARN] Disk space low
[2025-11-05T23:20:53.591312] [INFO] Service initialized
[2025-11-05T23:20:53.591420] [DEBUG] Variable value: x=42
[2025-11-05T23:20:53.591301] [INFO] Connection established
[2025-11-05T23:20:53.591317] [INFO] Database query executed
[2025-11-05T23:20:53.591326] [INFO] Configuration loaded
[2025-11-05T23:20:53.591415] [DEBUG] Connection pool status checked
[2025-11-05T23:20:53.591391] [WARN] Rate limit approaching
[2025-11-05T23:20:53.591361] [INFO] Health check passed
[2025-11-05T23:20:53.591352] [INFO] Request processed successfully
[2025-11-05T23:20:53.591386] [WARN] Slow query performance
[2025-11-05T23:20:53.591369] [INFO] Session started
[2025-11-05T23:20:53.591399] [WARN] Connection retry attempt
