[2025-11-05T23:20:14.980212] [DEBUG] Thread pool size: 8
[2025-11-05T23:20:14.980166] [INFO] Configuration loaded
[2025-11-05T23:20:14.980132] [INFO] User logged in
[2025-11-05T23:20:14.980190] [WARN] Deprecated API usage
[2025-11-05T23:20:14.980238] [DEBUG] Connection pool status checked
[2025-11-05T23:20:14.980208] [DEBUG] Connection pool status checked
[2025-11-05T23:20:14.980149] [INFO] Configuration loaded
[2025-11-05T23:20:14.980230] [DEBUG] Loop iteration: 15
[2025-11-05T23:20:14.980154] [INFO] Transaction completed
[2025-11-05T23:20:14.980225] [DEBUG] Connection pool status checked
[2025-11-05T23:20:14.980177] [INFO] Transaction completed
[2025-11-05T23:20:14.980186] [WARN] Rate limit approaching
[2025-11-05T23:20:14.980204] [DEBUG] Memory allocation: 2048 bytes
[2025-11-05T23:20:14.980170] [INFO] Session started
[2025-11-05T23:20:14.980162] [INFO] Session started
[2025-11-05T23:20:14.980137] [INFO] User logged in
[2025-11-05T23:20:14.980234] [DEBUG] Memory allocation: 2048 bytes
[2025-11-05T23:20:14.980173] [INFO] Database query executed
[2025-11-05T23:20:14.980181] [INFO] Request processed successfully
[2025-11-05T23:20:14.980101] [INFO] Health check passed
[2025-11-05T23:20:14.980141] [INFO] Database query executed
[2025-11-05T23:20:14.980145] [INFO] Connection established
[2025-11-05T23:20:14.980221] [DEBUG] Cache key generated
[2025-11-05T23:20:14.980158] [INFO] Database query executed
[2025-11-05T23:20:14.980127] [INFO] Transaction completed
[2025-11-05T23:20:14.980200] [ERROR] File not found
[2025-11-05T23:20:14.980217] [DEBUG] Entering function process_data()
[2025-11-05T23:20:14.980196] [ERROR] Authentication failed
