[2025-11-05T23:20:37.946921] [INFO] Health check passed
[2025-11-05T23:20:37.947007] [DEBUG] Connection pool status checked
[2025-11-05T23:20:37.946977] [WARN] Connection retry attempt
[2025-11-05T23:20:37.946983] [WARN] Connection retry attempt
[2025-11-05T23:20:37.947029] [DEBUG] Cache key generated
[2025-11-05T23:20:37.947032] [DEBUG] Thread pool size: 8
[2025-11-05T23:20:37.946930] [INFO] Cache hit
[2025-11-05T23:20:37.946987] [WARN] High memory usage detected
[2025-11-05T23:20:37.946972] [INFO] Session started
[2025-11-05T23:20:37.947016] [DEBUG] Thread pool size: 8
[2025-11-05T23:20:37.946916] [INFO] Session started
[2025-11-05T23:20:37.946926] [INFO] Service initialized
[2025-11-05T23:20:37.946992] [WARN] Slow query performance
[2025-11-05T23:20:37.946889] [INFO] Cache hit
[2025-11-05T23:20:37.946955] [INFO] Cache hit
[2025-11-05T23:20:37.946967] [INFO] Health check passed
[2025-11-05T23:20:37.946951] [INFO] Health check passed
[2025-11-05T23:20:37.946959] [INFO] Configuration loaded
[2025-11-05T23:20:37.946963] [INFO] Connection established
[2025-11-05T23:20:37.946946] [INFO] Configuration loaded
[2025-11-05T23:20:37.946998] [ERROR] Memory allocation error
[2025-11-05T23:20:37.947025] [DEBUG] Thread pool size: 8
[2025-11-05T23:20:37.946938] [INFO] Transaction completed
[2025-11-05T23:20:37.946934] [INFO] Configuration loaded
[2025-11-05T23:20:37.947020] [DEBUG] Memory allocation: 2048 bytes
[2025-11-05T23:20:37.946942] [INFO] Cache hit
[2025-11-05T23:20:37.947012] [DEBUG] Cache key generated
[2025-11-05T23:20:37.947041] [DEBUG] HTTP request headers parsed
[2025-11-05T23:20:37.947037] [DEBUG] Timer set: 30 seconds
[2025-11-05T23:20:37.947002] [ERROR] Database connection lost
