[2025-11-05T23:20:28.600883] [INFO] Connection established
[2025-11-05T23:20:28.600870] [INFO] Cache hit
[2025-11-05T23:20:28.600955] [DEBUG] Buffer size: 4096 bytes
[2025-11-05T23:20:28.600838] [INFO] Connection established
[2025-11-05T23:20:28.600932] [DEBUG] Thread pool size: 8
[2025-11-05T23:20:28.600827] [INFO] Connection established
[2025-11-05T23:20:28.600922] [ERROR] Authentication failed
[2025-11-05T23:20:28.600912] [WARN] High memory usage detected
[2025-11-05T23:20:28.600892] [INFO] Connection established
[2025-11-05T23:20:28.600888] [INFO] Health check passed
[2025-11-05T23:20:28.600937] [DEBUG] Entering function process_data()
[2025-11-05T23:20:28.600857] [INFO] Session started
[2025-11-05T23:20:28.600879] [INFO] Cache hit
[2025-11-05T23:20:28.600800] [INFO] Health check passed
[2025-11-05T23:20:28.600943] [DEBUG] Loop iteration: 15
[2025-11-05T23:20:28.600965] [DEBUG] Connection pool status checked
[2025-11-05T23:20:28.600861] [INFO] Connection established
[2025-11-05T23:20:28.600853] [INFO] Request processed successfully
[2025-11-05T23:20:28.600848] [INFO] User logged in
[2025-11-05T23:20:28.600842] [INFO] Session started
[2025-11-05T23:20:28.600947] [DEBUG] Thread pool size: 8
[2025-11-05T23:20:28.600907] [WARN] Deprecated API usage
[2025-11-05T23:20:28.600833] [INFO] Request processed successfully
[2025-11-05T23:20:28.600927] [ERROR] Network timeout
[2025-11-05T23:20:28.600960] [DEBUG] Connection pool status checked
[2025-11-05T23:20:28.600951] [DEBUG] Variable value: x=42
[2025-11-05T23:20:28.600969] [DEBUG] Connection pool status checked
[2025-11-05T23:20:28.600896] [INFO] Service initialized
[2025-11-05T23:20:28.600901] [INFO] Service initialized
[2025-11-05T23:20:28.600875] [INFO] Database query executed
[2025-11-05T23:20:28.600866] [INFO] Service initialized
[2025-11-05T23:20:28.600917] [WARN] Timeout warning
