[2025-11-05T23:20:26.361119] [DEBUG] Thread pool size: 8
[2025-11-05T23:20:26.361040] [INFO] Session started
[2025-11-05T23:20:26.361116] [DEBUG] HTTP request headers parsed
[2025-11-05T23:20:26.361108] [DEBUG] Entering function process_data()
[2025-11-05T23:20:26.361060] [INFO] Connection established
[2025-11-05T23:20:26.361024] [INFO] Session started
[2025-11-05T23:20:26.361029] [INFO] Health check passed
[2025-11-05T23:20:26.361072] [INFO] Health check passed
[2025-11-05T23:20:26.361043] [INFO] Transaction completed
[2025-11-05T23:20:26.361089] [ERROR] Request failed
[2025-11-05T23:20:26.361069] [INFO] Session started
[2025-11-05T23:20:26.361054] [INFO] Service initialized
[2025-11-05T23:20:26.361063] [INFO] Connection established
[2025-11-05T23:20:26.361050] [INFO] Request processed successfully
[2025-11-05T23:20:26.361102] [DEBUG] Timer set: 30 seconds
[2025-11-05T23:20:26.361105] [DEBUG] Thread pool size: 8
[2025-11-05T23:20:26.361084] [WARN] Slow query performance
[2025-11-05T23:20:26.361079] [INFO] User logged in
[2025-11-05T23:20:26.361076] [INFO] Service initialized
[2025-11-05T23:20:26.361057] [INFO] Connection established
[2025-11-05T23:20:26.361066] [INFO] Transaction completed
[2025-11-05T23:20:26.360999] [INFO] Cache hit
[2025-11-05T23:20:26.361037] [INFO] Connection established
[2025-11-05T23:20:26.361123] [DEBUG] Connection pool status checked
[2025-11-05T23:20:26.361112] [DEBUG] Thread pool size: 8
[2025-11-05T23:20:26.361094] [DEBUG] Timer set: 30 seconds
[2025-11-05T23:20:26.361098] [DEBUG] Loop iteration: 15
[2025-11-05T23:20:26.361033] [INFO] User logged in
[2025-11-05T23:20:26.361047] [INFO] Request processed successfully
