[2025-11-05T23:20:23.549415] [INFO] Request processed successfully
[2025-11-05T23:20:23.549433] [INFO] User logged in
[2025-11-05T23:20:23.549429] [INFO] Transaction completed
[2025-11-05T23:20:23.549449] [INFO] Cache hit
[2025-11-05T23:20:23.549377] [INFO] Service initialized
[2025-11-05T23:20:23.549491] [DEBUG] Timer set: 30 seconds
[2025-11-05T23:20:23.549445] [INFO] Connection established
[2025-11-05T23:20:23.549515] [DEBUG] Memory allocation: 2048 bytes
[2025-11-05T23:20:23.549520] [DEBUG] Connection pool status checked
[2025-11-05T23:20:23.549496] [DEBUG] Cache key generated
[2025-11-05T23:20:23.549441] [INFO] Service initialized
[2025-11-05T23:20:23.549420] [INFO] Health check passed
[2025-11-05T23:20:23.549401] [INFO] User logged in
[2025-11-05T23:20:23.549424] [INFO] Transaction completed
[2025-11-05T23:20:23.549524] [DEBUG] Cache key generated
[2025-11-05T23:20:23.549538] [DEBUG] Loop iteration: 15
[2025-11-05T23:20:23.549459] [WARN] Cache miss
[2025-11-05T23:20:23.549347] [INFO] Database query executed
[2025-11-05T23:20:23.549384] [INFO] User logged in
[2025-11-05T23:20:23.549390] [INFO] Service initialized
[2025-11-05T23:20:23.549529] [DEBUG] Thread pool size: 8
[2025-11-05T23:20:23.549395] [INFO] Transaction completed
[2025-11-05T23:20:23.549453] [INFO] Configuration loaded
[2025-11-05T23:20:23.549507] [DEBUG] Thread pool size: 8
[2025-11-05T23:20:23.549437] [INFO] Configuration loaded
[2025-11-05T23:20:23.549485] [ERROR] Network timeout
[2025-11-05T23:20:23.549534] [DEBUG] Memory allocation: 2048 bytes
[2025-11-05T23:20:23.549465] [WARN] Disk space low
[2025-11-05T23:20:23.549474] [WARN] Connection retry attempt
[2025-11-05T23:20:23.549406] [INFO] Cache hit
[2025-11-05T23:20:23.549480] [ERROR] File not found
[2025-11-05T23:20:23.549470] [WARN] Disk space low
[2025-11-05T23:20:23.549501] [DEBUG] Thread pool size: 8
[2025-11-05T23:20:23.549511] [DEBUG] Cache key generated
[2025-11-05T23:20:23.549411] [INFO] Transaction completed
