[2025-11-05T23:20:16.192289] [INFO] Configuration loaded
[2025-11-05T23:20:16.192294] [INFO] Request processed successfully
[2025-11-05T23:20:16.192347] [ERROR] Request failed
[2025-11-05T23:20:16.192338] [WARN] High memory usage detected
[2025-11-05T23:20:16.192315] [INFO] Database query executed
[2025-11-05T23:20:16.192374] [DEBUG] Entering function process_data()
[2025-11-05T23:20:16.192285] [INFO] Cache hit
[2025-11-05T23:20:16.192267] [INFO] Health check passed
[2025-11-05T23:20:16.192352] [ERROR] File not found
[2025-11-05T23:20:16.192343] [ERROR] Disk read failed
[2025-11-05T23:20:16.192370] [DEBUG] Timer set: 30 seconds
[2025-11-05T23:20:16.192233] [INFO] Session started
[2025-11-05T23:20:16.192378] [DEBUG] Timer set: 30 seconds
[2025-11-05T23:20:16.192325] [WARN] High memory usage detected
[2025-11-05T23:20:16.192262] [INFO] Connection established
[2025-11-05T23:20:16.192389] [DEBUG] Connection pool status checked
[2025-11-05T23:20:16.192306] [INFO] Transaction completed
[2025-11-05T23:20:16.192385] [DEBUG] Memory allocation: 2048 bytes
[2025-11-05T23:20:16.192272] [INFO] Health check passed
[2025-11-05T23:20:16.192382] [DEBUG] Cache key generated
[2025-11-05T23:20:16.192276] [INFO] User logged in
[2025-11-05T23:20:16.192302] [INFO] Session started
[2025-11-05T23:20:16.192334] [WARN] Connection retry attempt
[2025-11-05T23:20:16.192329] [WARN] Cache miss
[2025-11-05T23:20:16.192357] [DEBUG] Entering function process_data()
[2025-11-05T23:20:16.192320] [WARN] Disk space low
[2025-11-05T23:20:16.192281] [INFO] Request processed successfully
[2025-11-05T23:20:16.192310] [INFO] Connection established
[2025-11-05T23:20:16.192257] [INFO] Service initialized
[2025-11-05T23:20:16.192298] [INFO] Connection established
[2025-11-05T23:20:16.192366] [DEBUG] Buffer size: 4096 bytes
[2025-11-05T23:20:16.192361] [DEBUG] Thread pool size: 8
