[2025-11-05T23:20:53.417963] [INFO] Cache hit
[2025-11-05T23:20:53.418018] [DEBUG] Memory allocation: 2048 bytes
[2025-11-05T23:20:53.417959] [INFO] Request processed successfully
[2025-11-05T23:20:53.417992] [WARN] Disk space low
[2025-11-05T23:20:53.418031] [DEBUG] Connection pool status checked
[2025-11-05T23:20:53.418039] [DEBUG] Buffer size: 4096 bytes
[2025-11-05T23:20:53.417972] [INFO] Configuration loaded
[2025-11-05T23:20:53.417996] [WARN] Disk space low
[2025-11-05T23:20:53.418007] [ERROR] Database connection lost
[2025-11-05T23:20:53.417946] [INFO] Request processed successfully
[2025-11-05T23:20:53.417987] [WARN] Connection retry attempt
[2025-11-05T23:20:53.418027] [DEBUG] Thread pool size: 8
[2025-11-05T23:20:53.418048] [DEBUG] Entering function process_data()
[2025-11-05T23:20:53.417982] [WARN] Queue size growing
[2025-11-05T23:20:53.418035] [DEBUG] Loop iteration: 15
[2025-11-05T23:20:53.418013] [DEBUG] Thread pool size: 8
[2025-11-05T23:20:53.417950] [INFO] Service initialized
[2025-11-05T23:20:53.417968] [INFO] Database query executed
[2025-11-05T23:20:53.418001] [ERROR] Request failed
[2025-11-05T23:20:53.417904] [INFO] Connection established
[2025-11-05T23:20:53.417931] [INFO] Request processed successfully
[2025-11-05T23:20:53.417941] [INFO] Service initialized
[2025-11-05T23:20:53.417976] [INFO] Connection established
[2025-11-05T23:20:53.418044] [DEBUG] Connection pool status checked
[2025-11-05T23:20:53.417955] [INFO] Health check passed
[2025-11-05T23:20:53.418023] [DEBUG] Connection pool status checked
[2025-11-05T23:20:53.417936] [INFO] Service initialized
