[2025-11-05T23:20:15.724052] [INFO] Configuration loaded
[2025-11-05T23:20:15.724061] [INFO] Session started
[2025-11-05T23:20:15.724149] [DEBUG] Variable value: x=42
[2025-11-05T23:20:15.724091] [INFO] User logged in
[2025-11-05T23:20:15.724135] [ERROR] Authentication failed
[2025-11-05T23:20:15.724082] [INFO] Cache hit
[2025-11-05T23:20:15.724115] [WARN] Disk space low
[2025-11-05T23:20:15.724166] [DEBUG] Variable value: x=42
[2025-11-05T23:20:15.724124] [WARN] Deprecated API usage
[2025-11-05T23:20:15.724158] [DEBUG] Cache key generated
[2025-11-05T23:20:15.724070] [INFO] Configuration loaded
[2025-11-05T23:20:15.724095] [INFO] Transaction completed
[2025-11-05T23:20:15.724087] [INFO] Connection established
[2025-11-05T23:20:15.724104] [WARN] Timeout warning
[2025-11-05T23:20:15.724162] [DEBUG] Timer set: 30 seconds
[2025-11-05T23:20:15.724154] [DEBUG] Memory allocation: 2048 bytes
[2025-11-05T23:20:15.724057] [INFO] Database query executed
[2025-11-05T23:20:15.724130] [ERROR] Memory allocation error
[2025-11-05T23:20:15.724065] [INFO] Health check passed
[2025-11-05T23:20:15.724170] [DEBUG] Buffer size: 4096 bytes
[2025-11-05T23:20:15.724015] [INFO] Service initialized
[2025-11-05T23:20:15.724042] [INFO] Configuration loaded
[2025-11-05T23:20:15.724174] [DEBUG] Thread pool size: 8
[2025-11-05T23:20:15.724078] [INFO] Configuration loaded
[2025-11-05T23:20:15.724048] [INFO] Transaction completed
[2025-11-05T23:20:15.724074] [INFO] Configuration loaded
[2025-11-05T23:20:15.724119] [WARN] High memory usage detected
[2025-11-05T23:20:15.724099] [INFO] Configuration loaded
[2025-11-05T23:20:15.724145] [DEBUG] HTTP request headers parsed
[2025-11-05T23:20:15.724141] [DEBUG] Thread pool size: 8
[2025-11-05T23:20:15.724110] [WARN] Slow query performance
