[2025-11-05T23:20:29.821277] [INFO] Session started
[2025-11-05T23:20:29.821350] [DEBUG] Entering function process_data()
[2025-11-05T23:20:29.821332] [DEBUG] Variable value: x=42
[2025-11-05T23:20:29.821322] [ERROR] Network timeout
[2025-11-05T23:20:29.821290] [INFO] Transaction completed
[2025-11-05T23:20:29.821298] [INFO] Service initialized
[2025-11-05T23:20:29.821327] [ERROR] Disk read failed
[2025-11-05T23:20:29.821273] [INFO] Request processed successfully
[2025-11-05T23:20:29.821256] [INFO] Health check passed
[2025-11-05T23:20:29.821252] [INFO] Database query executed
[2025-11-05T23:20:29.821247] [INFO] Connection established
[2025-11-05T23:20:29.821260] [INFO] Health check passed
[2025-11-05T23:20:29.821337] [DEBUG] Connection pool status checked
[2025-11-05T23:20:29.821317] [WARN] Rate limit approaching
[2025-11-05T23:20:29.821308] [WARN] Queue size growing
[2025-11-05T23:20:29.821341] [DEBUG] Thread pool size: 8
[2025-11-05T23:20:29.821303] [WARN] Timeout warning
[2025-11-05T23:20:29.821346] [DEBUG] Entering function process_data()
[2025-11-05T23:20:29.821355] [DEBUG] Memory allocation: 2048 bytes
[2025-11-05T23:20:29.821282] [INFO] Connection established
[2025-11-05T23:20:29.821313] [WARN] Timeout warning
[2025-11-05T23:20:29.821286] [INFO] User logged in
[2025-11-05T23:20:29.821269] [INFO] Session started
[2025-11-05T23:20:29.821214] [INFO] Health check passed
[2025-11-05T23:20:29.821265] [INFO] Request processed successfully
[2025-11-05T23:20:29.821294] [INFO] Transaction completed
[2025-11-05T23:20:29.821241] [INFO] User logged in
