[2025-11-05T23:20:16.422674] [INFO] Service initialized
[2025-11-05T23:20:16.422719] [ERROR] Network timeout
[2025-11-05T23:20:16.422735] [DEBUG] Variable value: x=42
[2025-11-05T23:20:16.422730] [DEBUG] Buffer size: 4096 bytes
[2025-11-05T23:20:16.422625] [INFO] Connection established
[2025-11-05T23:20:16.422598] [INFO] Request processed successfully
[2025-11-05T23:20:16.422749] [DEBUG] Thread pool size: 8
[2025-11-05T23:20:16.422683] [INFO] Health check passed
[2025-11-05T23:20:16.422687] [INFO] Health check passed
[2025-11-05T23:20:16.422661] [INFO] Transaction completed
[2025-11-05T23:20:16.422632] [INFO] Request processed successfully
[2025-11-05T23:20:16.422745] [DEBUG] Loop iteration: 15
[2025-11-05T23:20:16.422679] [INFO] User logged in
[2025-11-05T23:20:16.422713] [WARN] Timeout warning
[2025-11-05T23:20:16.422693] [WARN] Cache miss
[2025-11-05T23:20:16.422740] [DEBUG] Thread pool size: 8
[2025-11-05T23:20:16.422724] [ERROR] Memory allocation error
[2025-11-05T23:20:16.422666] [INFO] Request processed successfully
[2025-11-05T23:20:16.422708] [WARN] Deprecated API usage
[2025-11-05T23:20:16.422703] [WARN] Rate limit approaching
[2025-11-05T23:20:16.422753] [DEBUG] Connection pool status checked
[2025-11-05T23:20:16.422656] [INFO] Service initialized
[2025-11-05T23:20:16.422637] [INFO] Transaction completed
[2025-11-05T23:20:16.422670] [INFO] Session started
[2025-11-05T23:20:16.422698] [WARN] Resource threshold approaching
[2025-11-05T23:20:16.422651] [INFO] Cache hit
[2025-11-05T23:20:16.422646] [INFO] Service initialized
[2025-11-05T23:20:16.422642] [INFO] Transaction completed
