[2025-11-05T23:20:32.813020] [INFO] Request processed successfully
[2025-11-05T23:20:32.813067] [DEBUG] Thread pool size: 8
[2025-11-05T23:20:32.813039] [WARN] Connection retry attempt
[2025-11-05T23:20:32.812999] [INFO] Configuration loaded
[2025-11-05T23:20:32.813035] [WARN] Disk space low
[2025-11-05T23:20:32.812921] [INFO] Transaction completed
[2025-11-05T23:20:32.813085] [DEBUG] Cache key generated
[2025-11-05T23:20:32.812981] [INFO] User logged in
[2025-11-05T23:20:32.812986] [INFO] Transaction completed
[2025-11-05T23:20:32.812977] [INFO] Request processed successfully
[2025-11-05T23:20:32.813025] [WARN] Disk space low
[2025-11-05T23:20:32.813007] [INFO] User logged in
[2025-11-05T23:20:32.812990] [INFO] Configuration loaded
[2025-11-05T23:20:32.812958] [INFO] User logged in
[2025-11-05T23:20:32.813057] [ERROR] Disk read failed
[2025-11-05T23:20:32.813002] [INFO] Health check passed
[2025-11-05T23:20:32.813072] [DEBUG] Buffer size: 4096 bytes
[2025-11-05T23:20:32.813103] [DEBUG] Loop iteration: 15
[2025-11-05T23:20:32.813052] [WARN] Resource threshold approaching
[2025-11-05T23:20:32.813094] [DEBUG] Loop iteration: 15
[2025-11-05T23:20:32.813011] [INFO] Request processed successfully
[2025-11-05T23:20:32.812972] [INFO] Database query executed
[2025-11-05T23:20:32.812967] [INFO] Session started
[2025-11-05T23:20:32.812953] [INFO] User logged in
[2025-11-05T23:20:32.813015] [INFO] Session started
[2025-11-05T23:20:32.812947] [INFO] Session started
[2025-11-05T23:20:32.813081] [DEBUG] Timer set: 30 seconds
[2025-11-05T23:20:32.813089] [DEBUG] Thread pool size: 8
[2025-11-05T23:20:32.813062] [ERROR] Database connection lost
[2025-11-05T23:20:32.813048] [WARN] Disk space low
[2025-11-05T23:20:32.812994] [INFO] Service initialized
[2025-11-05T23:20:32.813098] [DEBUG] Connection pool status checked
[2025-11-05T23:20:32.813031] [WARN] High memory usage detected
[2025-11-05T23:20:32.813043] [WARN] Timeout warning
[2025-11-05T23:20:32.813077] [DEBUG] Cache key generated
[2025-11-05T23:20:32.813107] [DEBUG] Timer set: 30 seconds
[2025-11-05T23:20:32.812963] [INFO] Database query executed
