[2025-11-05T23:20:18.180694] [DEBUG] Thread pool size: 8
[2025-11-05T23:20:18.180667] [DEBUG] HTTP request headers parsed
[2025-11-05T23:20:18.180686] [DEBUG] Connection pool status checked
[2025-11-05T23:20:18.180643] [WARN] Deprecated API usage
[2025-11-05T23:20:18.180678] [DEBUG] Variable value: x=42
[2025-11-05T23:20:18.180573] [INFO] User logged in
[2025-11-05T23:20:18.180629] [INFO] Health check passed
[2025-11-05T23:20:18.180585] [INFO] Session started
[2025-11-05T23:20:18.180605] [INFO] Service initialized
[2025-11-05T23:20:18.180589] [INFO] Session started
[2025-11-05T23:20:18.180620] [INFO] Transaction completed
[2025-11-05T23:20:18.180593] [INFO] Health check passed
[2025-11-05T23:20:18.180674] [DEBUG] Thread pool size: 8
[2025-11-05T23:20:18.180647] [WARN] Deprecated API usage
[2025-11-05T23:20:18.180633] [INFO] Request processed successfully
[2025-11-05T23:20:18.180601] [INFO] Service initialized
[2025-11-05T23:20:18.180597] [INFO] Configuration loaded
[2025-11-05T23:20:18.180657] [ERROR] Permission denied
[2025-11-05T23:20:18.180564] [INFO] Service initialized
[2025-11-05T23:20:18.180670] [DEBUG] Loop iteration: 15
[2025-11-05T23:20:18.180638] [WARN] High memory usage detected
[2025-11-05T23:20:18.180690] [DEBUG] Loop iteration: 15
[2025-11-05T23:20:18.180569] [INFO] Database query executed
[2025-11-05T23:20:18.180616] [INFO] User logged in
[2025-11-05T23:20:18.180538] [INFO] Health check passed
[2025-11-05T23:20:18.180612] [INFO] Database query executed
[2025-11-05T23:20:18.180577] [INFO] Cache hit
[2025-11-05T23:20:18.180652] [ERROR] Request failed
[2025-11-05T23:20:18.180624] [INFO] Transaction completed
[2025-11-05T23:20:18.180608] [INFO] Session started
[2025-11-05T23:20:18.180581] [INFO] Request processed successfully
[2025-11-05T23:20:18.180682] [DEBUG] Timer set: 30 seconds
[2025-11-05T23:20:18.180662] [DEBUG] HTTP request headers parsed
