[2025-11-05T23:20:43.024138] [WARN] High memory usage detected
[2025-11-05T23:20:43.024073] [INFO] Session started
[2025-11-05T23:20:43.024131] [INFO] User logged in
[2025-11-05T23:20:43.024079] [INFO] Session started
[2025-11-05T23:20:43.024033] [INFO] Cache hit
[2025-11-05T23:20:43.024121] [INFO] Session started
[2025-11-05T23:20:43.024159] [WARN] Slow query performance
[2025-11-05T23:20:43.024199] [DEBUG] Entering function process_data()
[2025-11-05T23:20:43.024149] [WARN] Queue size growing
[2025-11-05T23:20:43.024059] [INFO] Health check passed
[2025-11-05T23:20:43.024100] [INFO] Service initialized
[2025-11-05T23:20:43.024166] [ERROR] Authentication failed
[2025-11-05T23:20:43.024126] [INFO] User logged in
[2025-11-05T23:20:43.024143] [WARN] Deprecated API usage
[2025-11-05T23:20:43.024084] [INFO] Transaction completed
[2025-11-05T23:20:43.024195] [DEBUG] Timer set: 30 seconds
[2025-11-05T23:20:43.024204] [DEBUG] Entering function process_data()
[2025-11-05T23:20:43.024105] [INFO] Health check passed
[2025-11-05T23:20:43.024189] [DEBUG] Loop iteration: 15
[2025-11-05T23:20:43.024171] [ERROR] Permission denied
[2025-11-05T23:20:43.024183] [DEBUG] Variable value: x=42
[2025-11-05T23:20:43.024067] [INFO] Session started
[2025-11-05T23:20:43.024090] [INFO] Transaction completed
[2025-11-05T23:20:43.024210] [DEBUG] Connection pool status checked
[2025-11-05T23:20:43.024110] [INFO] User logged in
[2025-11-05T23:20:43.024095] [INFO] Request processed successfully
[2025-11-05T23:20:43.024154] [WARN] Slow query performance
[2025-11-05T23:20:43.024116] [INFO] Session started
[2025-11-05T23:20:43.024177] [DEBUG] Timer set: 30 seconds
