[2025-11-05T23:20:33.733074] [WARN] Cache miss
[2025-11-05T23:20:33.733123] [DEBUG] Connection pool status checked
[2025-11-05T23:20:33.733119] [DEBUG] Memory allocation: 2048 bytes
[2025-11-05T23:20:33.733103] [ERROR] Service unavailable
[2025-11-05T23:20:33.733041] [INFO] Health check passed
[2025-11-05T23:20:33.733033] [INFO] Session started
[2025-11-05T23:20:33.732981] [INFO] Session started
[2025-11-05T23:20:33.733022] [INFO] User logged in
[2025-11-05T23:20:33.733007] [INFO] Session started
[2025-11-05T23:20:33.733028] [INFO] Transaction completed
[2025-11-05T23:20:33.733037] [INFO] Connection established
[2025-11-05T23:20:33.733046] [INFO] User logged in
[2025-11-05T23:20:33.733109] [DEBUG] Entering function process_data()
[2025-11-05T23:20:33.733129] [DEBUG] Connection pool status checked
[2025-11-05T23:20:33.733050] [INFO] User logged in
[2025-11-05T23:20:33.733084] [WARN] Slow query performance
[2025-11-05T23:20:33.733079] [WARN] Cache miss
[2025-11-05T23:20:33.733018] [INFO] Configuration loaded
[2025-11-05T23:20:33.733054] [INFO] Request processed successfully
[2025-11-05T23:20:33.733096] [ERROR] Memory allocation error
[2025-11-05T23:20:33.733013] [INFO] Request processed successfully
[2025-11-05T23:20:33.733114] [DEBUG] Cache key generated
[2025-11-05T23:20:33.733063] [INFO] Health check passed
[2025-11-05T23:20:33.733090] [WARN] Disk space low
[2025-11-05T23:20:33.733067] [INFO] Session started
[2025-11-05T23:20:33.733059] [INFO] Configuration loaded
