[2025-11-05T23:20:32.575959] [ERROR] Network timeout
[2025-11-05T23:20:32.575821] [INFO] Connection established
[2025-11-05T23:20:32.575949] [WARN] Cache miss
[2025-11-05T23:20:32.575913] [INFO] Database query executed
[2025-11-05T23:20:32.575901] [INFO] Cache hit
[2025-11-05T23:20:32.575893] [INFO] User logged in
[2025-11-05T23:20:32.575860] [INFO] Service initialized
[2025-11-05T23:20:32.575974] [DEBUG] Thread pool size: 8
[2025-11-05T23:20:32.575876] [INFO] Cache hit
[2025-11-05T23:20:32.575921] [INFO] Service initialized
[2025-11-05T23:20:32.575945] [WARN] Resource threshold approaching
[2025-11-05T23:20:32.575897] [INFO] Service initialized
[2025-11-05T23:20:32.575964] [DEBUG] Connection pool status checked
[2025-11-05T23:20:32.575982] [DEBUG] Variable value: x=42
[2025-11-05T23:20:32.576027] [DEBUG] HTTP request headers parsed
[2025-11-05T23:20:32.575931] [WARN] Timeout warning
[2025-11-05T23:20:32.575884] [INFO] Health check passed
[2025-11-05T23:20:32.575849] [INFO] Request processed successfully
[2025-11-05T23:20:32.575969] [DEBUG] Connection pool status checked
[2025-11-05T23:20:32.575917] [INFO] Service initialized
[2025-11-05T23:20:32.575937] [WARN] Disk space low
[2025-11-05T23:20:32.575978] [DEBUG] Cache key generated
[2025-11-05T23:20:32.576022] [DEBUG] Connection pool status checked
[2025-11-05T23:20:32.575889] [INFO] Session started
[2025-11-05T23:20:32.575871] [INFO] Configuration loaded
[2025-11-05T23:20:32.575866] [INFO] Session started
[2025-11-05T23:20:32.575855] [INFO] Transaction completed
[2025-11-05T23:20:32.575909] [INFO] Configuration loaded
[2025-11-05T23:20:32.575941] [WARN] Rate limit approaching
[2025-11-05T23:20:32.575954] [ERROR] Request failed
[2025-11-05T23:20:32.575880] [INFO] Connection established
[2025-11-05T23:20:32.575925] [INFO] Session started
[2025-11-05T23:20:32.576015] [DEBUG] Connection pool status checked
[2025-11-05T23:20:32.575905] [INFO] Health check passed
