[2025-11-05T23:20:14.239128] [DEBUG] Loop iteration: 15
[2025-11-05T23:20:14.239053] [INFO] Transaction completed
[2025-11-05T23:20:14.239104] [DEBUG] HTTP request headers parsed
[2025-11-05T23:20:14.239027] [INFO] Health check passed
[2025-11-05T23:20:14.239031] [INFO] Database query executed
[2025-11-05T23:20:14.239046] [INFO] User logged in
[2025-11-05T23:20:14.239111] [DEBUG] Connection pool status checked
[2025-11-05T23:20:14.239072] [WARN] Resource threshold approaching
[2025-11-05T23:20:14.239077] [WARN] Resource threshold approaching
[2025-11-05T23:20:14.239080] [WARN] Queue size growing
[2025-11-05T23:20:14.239064] [INFO] Health check passed
[2025-11-05T23:20:14.239035] [INFO] Cache hit
[2025-11-05T23:20:14.239083] [WARN] Rate limit approaching
[2025-11-05T23:20:14.239122] [DEBUG] Entering function process_data()
[2025-11-05T23:20:14.239125] [DEBUG] Loop iteration: 15
[2025-11-05T23:20:14.239118] [DEBUG] Thread pool size: 8
[2025-11-05T23:20:14.238997] [INFO] Configuration loaded
[2025-11-05T23:20:14.239023] [INFO] Session started
[2025-11-05T23:20:14.239100] [DEBUG] Thread pool size: 8
[2025-11-05T23:20:14.239050] [INFO] User logged in
[2025-11-05T23:20:14.239067] [INFO] Transaction completed
[2025-11-05T23:20:14.239115] [DEBUG] Buffer size: 4096 bytes
[2025-11-05T23:20:14.239058] [INFO] Cache hit
[2025-11-05T23:20:14.239043] [INFO] Request processed successfully
[2025-11-05T23:20:14.239092] [ERROR] Service unavailable
[2025-11-05T23:20:14.239095] [ERROR] Authentication failed
[2025-11-05T23:20:14.239061] [INFO] Database query executed
[2025-11-05T23:20:14.239087] [WARN] Slow query performance
[2025-11-05T23:20:14.239108] [DEBUG] HTTP request headers parsed
[2025-11-05T23:20:14.239039] [INFO] Health check passed
