[2025-11-05T23:20:23.027153] [INFO] Request processed successfully
[2025-11-05T23:20:23.027229] [DEBUG] Cache key generated
[2025-11-05T23:20:23.027180] [WARN] Connection retry attempt
[2025-11-05T23:20:23.027195] [DEBUG] Memory allocation: 2048 bytes
[2025-11-05T23:20:23.027221] [DEBUG] Variable value: x=42
[2025-11-05T23:20:23.027199] [DEBUG] Thread pool size: 8
[2025-11-05T23:20:23.027170] [INFO] Connection established
[2025-11-05T23:20:23.027136] [INFO] Transaction completed
[2025-11-05T23:20:23.027204] [DEBUG] Entering function process_data()
[2025-11-05T23:20:23.027123] [INFO] Session started
[2025-11-05T23:20:23.027174] [WARN] Disk space low
[2025-11-05T23:20:23.027209] [DEBUG] Memory allocation: 2048 bytes
[2025-11-05T23:20:23.027225] [DEBUG] Variable value: x=42
[2025-11-05T23:20:23.027115] [INFO] Cache hit
[2025-11-05T23:20:23.027105] [INFO] Configuration loaded
[2025-11-05T23:20:23.027157] [INFO] Configuration loaded
[2025-11-05T23:20:23.027071] [INFO] Connection established
[2025-11-05T23:20:23.027242] [DEBUG] Connection pool status checked
[2025-11-05T23:20:23.027161] [INFO] Connection established
[2025-11-05T23:20:23.027238] [DEBUG] Buffer size: 4096 bytes
[2025-11-05T23:20:23.027189] [ERROR] Request failed
[2025-11-05T23:20:23.027132] [INFO] Cache hit
[2025-11-05T23:20:23.027213] [DEBUG] Cache key generated
[2025-11-05T23:20:23.027110] [INFO] Configuration loaded
[2025-11-05T23:20:23.027140] [INFO] Request processed successfully
[2025-11-05T23:20:23.027098] [INFO] User logged in
[2025-11-05T23:20:23.027218] [DEBUG] HTTP request headers parsed
[2025-11-05T23:20:23.027119] [INFO] Health check passed
[2025-11-05T23:20:23.027145] [INFO] User logged in
[2025-11-05T23:20:23.027165] [INFO] Transaction completed
[2025-11-05T23:20:23.027184] [WARN] Rate limit approaching
[2025-11-05T23:20:23.027149] [INFO] Configuration loaded
[2025-11-05T23:20:23.027234] [DEBUG] HTTP request headers parsed
[2025-11-05T23:20:23.027128] [INFO] Database query executed
