[2025-11-05T23:20:21.994801] [INFO] Connection established
[2025-11-05T23:20:21.994795] [INFO] Transaction completed
[2025-11-05T23:20:21.994897] [DEBUG] Cache key generated
[2025-11-05T23:20:21.994918] [DEBUG] Thread pool size: 8
[2025-11-05T23:20:21.994824] [INFO] Cache hit
[2025-11-05T23:20:21.994790] [INFO] Cache hit
[2025-11-05T23:20:21.994834] [INFO] Health check passed
[2025-11-05T23:20:21.994785] [INFO] Session started
[2025-11-05T23:20:21.994909] [DEBUG] Buffer size: 4096 bytes
[2025-11-05T23:20:21.994810] [INFO] Session started
[2025-11-05T23:20:21.994901] [DEBUG] Loop iteration: 15
[2025-11-05T23:20:21.994858] [WARN] Disk space low
[2025-11-05T23:20:21.994892] [DEBUG] Entering function process_data()
[2025-11-05T23:20:21.994829] [INFO] Database query executed
[2025-11-05T23:20:21.994884] [DEBUG] Timer set: 30 seconds
[2025-11-05T23:20:21.994842] [INFO] Request processed successfully
[2025-11-05T23:20:21.994818] [INFO] Cache hit
[2025-11-05T23:20:21.994753] [INFO] Configuration loaded
[2025-11-05T23:20:21.994848] [WARN] Slow query performance
[2025-11-05T23:20:21.994838] [INFO] Database query executed
[2025-11-05T23:20:21.994914] [DEBUG] Thread pool size: 8
[2025-11-05T23:20:21.994879] [DEBUG] Memory allocation: 2048 bytes
[2025-11-05T23:20:21.994874] [ERROR] Service unavailable
[2025-11-05T23:20:21.994853] [WARN] Connection retry attempt
[2025-11-05T23:20:21.994905] [DEBUG] Connection pool status checked
[2025-11-05T23:20:21.994868] [ERROR] Authentication failed
[2025-11-05T23:20:21.994779] [INFO] Service initialized
[2025-11-05T23:20:21.994922] [DEBUG] Memory allocation: 2048 bytes
[2025-11-05T23:20:21.994862] [WARN] Resource threshold approaching
[2025-11-05T23:20:21.994888] [DEBUG] Connection pool status checked
[2025-11-05T23:20:21.994814] [INFO] Service initialized
[2025-11-05T23:20:21.994926] [DEBUG] Entering function process_data()
[2025-11-05T23:20:21.994805] [INFO] Session started
