[2025-11-05T23:20:46.391326] [INFO] Cache hit
[2025-11-05T23:20:46.391458] [DEBUG] Buffer size: 4096 bytes
[2025-11-05T23:20:46.391418] [WARN] Resource threshold approaching
[2025-11-05T23:20:46.391386] [INFO] Cache hit
[2025-11-05T23:20:46.391320] [INFO] Configuration loaded
[2025-11-05T23:20:46.391392] [WARN] Disk space low
[2025-11-05T23:20:46.391331] [INFO] Configuration loaded
[2025-11-05T23:20:46.391478] [DEBUG] Variable value: x=42
[2025-11-05T23:20:46.391486] [DEBUG] Connection pool status checked
[2025-11-05T23:20:46.391441] [ERROR] Service unavailable
[2025-11-05T23:20:46.391399] [WARN] Cache miss
[2025-11-05T23:20:46.391414] [WARN] Connection retry attempt
[2025-11-05T23:20:46.391346] [INFO] Database query executed
[2025-11-05T23:20:46.391382] [INFO] Request processed successfully
[2025-11-05T23:20:46.391482] [DEBUG] Buffer size: 4096 bytes
[2025-11-05T23:20:46.391363] [INFO] Health check passed
[2025-11-05T23:20:46.391409] [WARN] Queue size growing
[2025-11-05T23:20:46.391432] [WARN] Resource threshold approaching
[2025-11-05T23:20:46.391354] [INFO] User logged in
[2025-11-05T23:20:46.391436] [WARN] Disk space low
[2025-11-05T23:20:46.391520] [DEBUG] Variable value: x=42
[2025-11-05T23:20:46.391378] [INFO] Configuration loaded
[2025-11-05T23:20:46.391422] [WARN] Cache miss
[2025-11-05T23:20:46.391527] [DEBUG] Cache key generated
[2025-11-05T23:20:46.391451] [DEBUG] Variable value: x=42
[2025-11-05T23:20:46.391427] [WARN] Deprecated API usage
[2025-11-05T23:20:46.391341] [INFO] User logged in
[2025-11-05T23:20:46.391472] [DEBUG] Thread pool size: 8
[2025-11-05T23:20:46.391466] [DEBUG] Cache key generated
[2025-11-05T23:20:46.391446] [ERROR] Memory allocation error
[2025-11-05T23:20:46.391367] [INFO] Transaction completed
[2025-11-05T23:20:46.391462] [DEBUG] Timer set: 30 seconds
[2025-11-05T23:20:46.391359] [INFO] Session started
[2025-11-05T23:20:46.391292] [INFO] Health check passed
[2025-11-05T23:20:46.391404] [WARN] Disk space low
[2025-11-05T23:20:46.391371] [INFO] Database query executed
[2025-11-05T23:20:46.391350] [INFO] Health check passed
[2025-11-05T23:20:46.391336] [INFO] User logged in
