[2025-11-05T23:20:32.390961] [DEBUG] Cache key generated
[2025-11-05T23:20:32.390913] [WARN] Slow query performance
[2025-11-05T23:20:32.390928] [ERROR] File not found
[2025-11-05T23:20:32.390970] [DEBUG] Timer set: 30 seconds
[2025-11-05T23:20:32.390850] [INFO] Session started
[2025-11-05T23:20:32.390880] [INFO] Configuration loaded
[2025-11-05T23:20:32.390904] [WARN] Cache miss
[2025-11-05T23:20:32.390794] [INFO] Health check passed
[2025-11-05T23:20:32.390863] [INFO] Cache hit
[2025-11-05T23:20:32.390836] [INFO] Health check passed
[2025-11-05T23:20:32.390951] [DEBUG] Timer set: 30 seconds
[2025-11-05T23:20:32.390868] [INFO] Cache hit
[2025-11-05T23:20:32.390832] [INFO] Connection established
[2025-11-05T23:20:32.390909] [WARN] Rate limit approaching
[2025-11-05T23:20:32.390884] [INFO] Cache hit
[2025-11-05T23:20:32.390846] [INFO] Transaction completed
[2025-11-05T23:20:32.390943] [DEBUG] Thread pool size: 8
[2025-11-05T23:20:32.390956] [DEBUG] Memory allocation: 2048 bytes
[2025-11-05T23:20:32.390859] [INFO] Configuration loaded
[2025-11-05T23:20:32.390872] [INFO] Service initialized
[2025-11-05T23:20:32.390841] [INFO] Service initialized
[2025-11-05T23:20:32.390939] [DEBUG] Variable value: x=42
[2025-11-05T23:20:32.390854] [INFO] Health check passed
[2025-11-05T23:20:32.390965] [DEBUG] Cache key generated
[2025-11-05T23:20:32.390892] [INFO] Transaction completed
[2025-11-05T23:20:32.390923] [ERROR] Disk read failed
[2025-11-05T23:20:32.390934] [DEBUG] Variable value: x=42
[2025-11-05T23:20:32.390876] [INFO] Health check passed
[2025-11-05T23:20:32.390947] [DEBUG] Variable value: x=42
[2025-11-05T23:20:32.390827] [INFO] User logged in
[2025-11-05T23:20:32.390918] [WARN] Disk space low
[2025-11-05T23:20:32.390888] [INFO] Request processed successfully
[2025-11-05T23:20:32.390899] [WARN] High memory usage detected
[2025-11-05T23:20:32.390821] [INFO] Transaction completed
