[2025-11-05T23:20:26.616820] [WARN] Slow query performance
[2025-11-05T23:20:26.616800] [INFO] Cache hit
[2025-11-05T23:20:26.616806] [INFO] Health check passed
[2025-11-05T23:20:26.616809] [INFO] Session started
[2025-11-05T23:20:26.616778] [INFO] Transaction completed
[2025-11-05T23:20:26.616836] [ERROR] Network timeout
[2025-11-05T23:20:26.616862] [DEBUG] Timer set: 30 seconds
[2025-11-05T23:20:26.616744] [INFO] Session started
[2025-11-05T23:20:26.616844] [DEBUG] Entering function process_data()
[2025-11-05T23:20:26.616812] [INFO] Connection established
[2025-11-05T23:20:26.616841] [DEBUG] Thread pool size: 8
[2025-11-05T23:20:26.616866] [DEBUG] Buffer size: 4096 bytes
[2025-11-05T23:20:26.616782] [INFO] Transaction completed
[2025-11-05T23:20:26.616828] [WARN] Rate limit approaching
[2025-11-05T23:20:26.616824] [WARN] High memory usage detected
[2025-11-05T23:20:26.616774] [INFO] Service initialized
[2025-11-05T23:20:26.616870] [DEBUG] Timer set: 30 seconds
[2025-11-05T23:20:26.616770] [INFO] Transaction completed
[2025-11-05T23:20:26.616786] [INFO] Health check passed
[2025-11-05T23:20:26.616790] [INFO] Request processed successfully
[2025-11-05T23:20:26.616796] [INFO] Service initialized
[2025-11-05T23:20:26.616793] [INFO] User logged in
[2025-11-05T23:20:26.616859] [DEBUG] Buffer size: 4096 bytes
[2025-11-05T23:20:26.616832] [ERROR] Memory allocation error
[2025-11-05T23:20:26.616855] [DEBUG] Memory allocation: 2048 bytes
[2025-11-05T23:20:26.616815] [INFO] Service initialized
[2025-11-05T23:20:26.616848] [DEBUG] Thread pool size: 8
[2025-11-05T23:20:26.616803] [INFO] Health check passed
[2025-11-05T23:20:26.616852] [DEBUG] Memory allocation: 2048 bytes
