[2025-11-05T23:20:25.280669] [INFO] User logged in
[2025-11-05T23:20:25.280637] [INFO] Session started
[2025-11-05T23:20:25.280725] [WARN] Connection retry attempt
[2025-11-05T23:20:25.280749] [DEBUG] HTTP request headers parsed
[2025-11-05T23:20:25.280665] [INFO] Service initialized
[2025-11-05T23:20:25.280761] [DEBUG] Buffer size: 4096 bytes
[2025-11-05T23:20:25.280744] [DEBUG] Connection pool status checked
[2025-11-05T23:20:25.280713] [WARN] Rate limit approaching
[2025-11-05T23:20:25.280647] [INFO] Configuration loaded
[2025-11-05T23:20:25.280701] [WARN] Rate limit approaching
[2025-11-05T23:20:25.280695] [INFO] Session started
[2025-11-05T23:20:25.280721] [WARN] Queue size growing
[2025-11-05T23:20:25.280729] [WARN] Cache miss
[2025-11-05T23:20:25.280660] [INFO] Database query executed
[2025-11-05T23:20:25.280612] [INFO] Cache hit
[2025-11-05T23:20:25.280708] [WARN] High memory usage detected
[2025-11-05T23:20:25.280674] [INFO] Transaction completed
[2025-11-05T23:20:25.280734] [ERROR] File not found
[2025-11-05T23:20:25.280753] [DEBUG] HTTP request headers parsed
[2025-11-05T23:20:25.280757] [DEBUG] Loop iteration: 15
[2025-11-05T23:20:25.280656] [INFO] Connection established
[2025-11-05T23:20:25.280687] [INFO] Health check passed
[2025-11-05T23:20:25.280642] [INFO] Connection established
[2025-11-05T23:20:25.280691] [INFO] Configuration loaded
[2025-11-05T23:20:25.280765] [DEBUG] HTTP request headers parsed
[2025-11-05T23:20:25.280651] [INFO] Transaction completed
[2025-11-05T23:20:25.280679] [INFO] Request processed successfully
[2025-11-05T23:20:25.280683] [INFO] Session started
[2025-11-05T23:20:25.280717] [WARN] High memory usage detected
[2025-11-05T23:20:25.280739] [ERROR] Permission denied
