[2025-11-05T23:20:18.876078] [ERROR] Invalid input data
[2025-11-05T23:20:18.876047] [INFO] Connection established
[2025-11-05T23:20:18.875975] [INFO] Session started
[2025-11-05T23:20:18.876040] [INFO] Database query executed
[2025-11-05T23:20:18.876106] [DEBUG] Loop iteration: 15
[2025-11-05T23:20:18.876103] [DEBUG] Buffer size: 4096 bytes
[2025-11-05T23:20:18.876055] [INFO] Connection established
[2025-11-05T23:20:18.876073] [WARN] Disk space low
[2025-11-05T23:20:18.876014] [INFO] Cache hit
[2025-11-05T23:20:18.876091] [DEBUG] HTTP request headers parsed
[2025-11-05T23:20:18.876001] [INFO] Health check passed
[2025-11-05T23:20:18.876018] [INFO] Cache hit
[2025-11-05T23:20:18.876060] [WARN] High memory usage detected
[2025-11-05T23:20:18.876069] [WARN] Queue size growing
[2025-11-05T23:20:18.876114] [DEBUG] Variable value: x=42
[2025-11-05T23:20:18.876095] [DEBUG] Buffer size: 4096 bytes
[2025-11-05T23:20:18.876065] [WARN] Deprecated API usage
[2025-11-05T23:20:18.876022] [INFO] Service initialized
[2025-11-05T23:20:18.876036] [INFO] Cache hit
[2025-11-05T23:20:18.876010] [INFO] User logged in
[2025-11-05T23:20:18.876006] [INFO] Health check passed
[2025-11-05T23:20:18.876044] [INFO] Database query executed
[2025-11-05T23:20:18.876032] [INFO] Health check passed
[2025-11-05T23:20:18.876051] [INFO] Database query executed
[2025-11-05T23:20:18.876087] [DEBUG] Entering function process_data()
[2025-11-05T23:20:18.876082] [ERROR] Database connection lost
[2025-11-05T23:20:18.876098] [DEBUG] Cache key generated
[2025-11-05T23:20:18.876117] [DEBUG] Connection pool status checked
[2025-11-05T23:20:18.876028] [INFO] Cache hit
[2025-11-05T23:20:18.876110] [DEBUG] Buffer size: 4096 bytes
