[2025-11-05T23:20:29.734528] [WARN] Queue size growing
[2025-11-05T23:20:29.734462] [INFO] Cache hit
[2025-11-05T23:20:29.734486] [INFO] Health check passed
[2025-11-05T23:20:29.734503] [INFO] Service initialized
[2025-11-05T23:20:29.734533] [WARN] Deprecated API usage
[2025-11-05T23:20:29.734491] [INFO] Configuration loaded
[2025-11-05T23:20:29.734539] [ERROR] Disk read failed
[2025-11-05T23:20:29.734499] [INFO] Health check passed
[2025-11-05T23:20:29.734582] [DEBUG] Loop iteration: 15
[2025-11-05T23:20:29.734477] [INFO] Connection established
[2025-11-05T23:20:29.734544] [ERROR] File not found
[2025-11-05T23:20:29.734559] [DEBUG] Variable value: x=42
[2025-11-05T23:20:29.734456] [INFO] Health check passed
[2025-11-05T23:20:29.734450] [INFO] Session started
[2025-11-05T23:20:29.734472] [INFO] Request processed successfully
[2025-11-05T23:20:29.734549] [DEBUG] Timer set: 30 seconds
[2025-11-05T23:20:29.734422] [INFO] Health check passed
[2025-11-05T23:20:29.734507] [INFO] Connection established
[2025-11-05T23:20:29.734517] [WARN] Queue size growing
[2025-11-05T23:20:29.734467] [INFO] Cache hit
[2025-11-05T23:20:29.734481] [INFO] Session started
[2025-11-05T23:20:29.734573] [DEBUG] Connection pool status checked
[2025-11-05T23:20:29.734563] [DEBUG] Loop iteration: 15
[2025-11-05T23:20:29.734495] [INFO] Cache hit
[2025-11-05T23:20:29.734523] [WARN] Cache miss
[2025-11-05T23:20:29.734577] [DEBUG] Thread pool size: 8
[2025-11-05T23:20:29.734568] [DEBUG] Connection pool status checked
[2025-11-05T23:20:29.734554] [DEBUG] Connection pool status checked
[2025-11-05T23:20:29.734511] [INFO] Service initialized
