[2025-11-05T23:20:43.416175] [INFO] Request processed successfully
[2025-11-05T23:20:43.416276] [ERROR] Request failed
[2025-11-05T23:20:43.416213] [INFO] Database query executed
[2025-11-05T23:20:43.416200] [INFO] Request processed successfully
[2025-11-05T23:20:43.416292] [DEBUG] Cache key generated
[2025-11-05T23:20:43.416225] [INFO] Request processed successfully
[2025-11-05T23:20:43.416266] [WARN] Timeout warning
[2025-11-05T23:20:43.416262] [WARN] Connection retry attempt
[2025-11-05T23:20:43.416249] [WARN] Cache miss
[2025-11-05T23:20:43.416144] [INFO] Health check passed
[2025-11-05T23:20:43.416221] [INFO] Health check passed
[2025-11-05T23:20:43.416179] [INFO] Connection established
[2025-11-05T23:20:43.416304] [DEBUG] Variable value: x=42
[2025-11-05T23:20:43.416188] [INFO] Transaction completed
[2025-11-05T23:20:43.416169] [INFO] Configuration loaded
[2025-11-05T23:20:43.416287] [DEBUG] Cache key generated
[2025-11-05T23:20:43.416217] [INFO] Transaction completed
[2025-11-05T23:20:43.416270] [WARN] Rate limit approaching
[2025-11-05T23:20:43.416245] [WARN] Rate limit approaching
[2025-11-05T23:20:43.416281] [ERROR] Database connection lost
[2025-11-05T23:20:43.416296] [DEBUG] Variable value: x=42
[2025-11-05T23:20:43.416240] [WARN] Rate limit approaching
[2025-11-05T23:20:43.416231] [WARN] Deprecated API usage
[2025-11-05T23:20:43.416192] [INFO] Configuration loaded
[2025-11-05T23:20:43.416235] [WARN] Queue size growing
[2025-11-05T23:20:43.416209] [INFO] Connection established
[2025-11-05T23:20:43.416196] [INFO] Configuration loaded
[2025-11-05T23:20:43.416253] [WARN] Disk space low
[2025-11-05T23:20:43.416184] [INFO] Database query executed
[2025-11-05T23:20:43.416300] [DEBUG] Variable value: x=42
[2025-11-05T23:20:43.416205] [INFO] Connection established
[2025-11-05T23:20:43.416257] [WARN] Queue size growing
