[2025-11-05T23:20:12.314655] [INFO] User logged in
[2025-11-05T23:20:12.314784] [DEBUG] Buffer size: 4096 bytes
[2025-11-05T23:20:12.314777] [DEBUG] Buffer size: 4096 bytes
[2025-11-05T23:20:12.314807] [DEBUG] Thread pool size: 8
[2025-11-05T23:20:12.314798] [DEBUG] Loop iteration: 15
[2025-11-05T23:20:12.314715] [INFO] Database query executed
[2025-11-05T23:20:12.314687] [INFO] Session started
[2025-11-05T23:20:12.314710] [INFO] User logged in
[2025-11-05T23:20:12.314696] [INFO] Transaction completed
[2025-11-05T23:20:12.314821] [DEBUG] Loop iteration: 15
[2025-11-05T23:20:12.314692] [INFO] Service initialized
[2025-11-05T23:20:12.314733] [INFO] Cache hit
[2025-11-05T23:20:12.314760] [WARN] High memory usage detected
[2025-11-05T23:20:12.314747] [INFO] Health check passed
[2025-11-05T23:20:12.314834] [DEBUG] HTTP request headers parsed
[2025-11-05T23:20:12.314680] [INFO] Request processed successfully
[2025-11-05T23:20:12.314738] [INFO] User logged in
[2025-11-05T23:20:12.314817] [DEBUG] Cache key generated
[2025-11-05T23:20:12.314803] [DEBUG] HTTP request headers parsed
[2025-11-05T23:20:12.314727] [INFO] Database query executed
[2025-11-05T23:20:12.314701] [INFO] Configuration loaded
[2025-11-05T23:20:12.314705] [INFO] Request processed successfully
[2025-11-05T23:20:12.314812] [DEBUG] HTTP request headers parsed
[2025-11-05T23:20:12.314789] [DEBUG] Memory allocation: 2048 bytes
[2025-11-05T23:20:12.314770] [ERROR] Invalid input data
[2025-11-05T23:20:12.314830] [DEBUG] Entering function process_data()
[2025-11-05T23:20:12.314754] [WARN] Cache miss
[2025-11-05T23:20:12.314826] [DEBUG] Loop iteration: 15
[2025-11-05T23:20:12.314743] [INFO] Database query executed
[2025-11-05T23:20:12.314765] [WARN] Rate limit approaching
[2025-11-05T23:20:12.314794] [DEBUG] Loop iteration: 15
[2025-11-05T23:20:12.314721] [INFO] Health check passed
