[2025-11-05T23:20:35.441558] [INFO] Session started
[2025-11-05T23:20:35.441628] [DEBUG] Timer set: 30 seconds
[2025-11-05T23:20:35.441540] [INFO] Transaction completed
[2025-11-05T23:20:35.441592] [WARN] Timeout warning
[2025-11-05T23:20:35.441586] [WARN] Resource threshold approaching
[2025-11-05T23:20:35.441520] [INFO] Cache hit
[2025-11-05T23:20:35.441535] [INFO] Health check passed
[2025-11-05T23:20:35.441613] [DEBUG] Timer set: 30 seconds
[2025-11-05T23:20:35.441623] [DEBUG] Connection pool status checked
[2025-11-05T23:20:35.441493] [INFO] Transaction completed
[2025-11-05T23:20:35.441562] [INFO] Session started
[2025-11-05T23:20:35.441575] [INFO] Configuration loaded
[2025-11-05T23:20:35.441609] [DEBUG] HTTP request headers parsed
[2025-11-05T23:20:35.441526] [INFO] Configuration loaded
[2025-11-05T23:20:35.441544] [INFO] Cache hit
[2025-11-05T23:20:35.441638] [DEBUG] Variable value: x=42
[2025-11-05T23:20:35.441548] [INFO] Configuration loaded
[2025-11-05T23:20:35.441633] [DEBUG] Entering function process_data()
[2025-11-05T23:20:35.441618] [DEBUG] Timer set: 30 seconds
[2025-11-05T23:20:35.441642] [DEBUG] Timer set: 30 seconds
[2025-11-05T23:20:35.441604] [DEBUG] Timer set: 30 seconds
[2025-11-05T23:20:35.441552] [INFO] Service initialized
[2025-11-05T23:20:35.441571] [INFO] Service initialized
[2025-11-05T23:20:35.441580] [INFO] Transaction completed
[2025-11-05T23:20:35.441597] [ERROR] Authentication failed
[2025-11-05T23:20:35.441566] [INFO] Health check passed
[2025-11-05T23:20:35.441531] [INFO] Health check passed
