[2025-11-05T23:20:23.928943] [DEBUG] Variable value: x=42
[2025-11-05T23:20:23.928841] [INFO] Configuration loaded
[2025-11-05T23:20:23.928930] [ERROR] Service unavailable
[2025-11-05T23:20:23.928955] [DEBUG] Thread pool size: 8
[2025-11-05T23:20:23.928888] [INFO] Request processed successfully
[2025-11-05T23:20:23.928974] [DEBUG] Thread pool size: 8
[2025-11-05T23:20:23.928897] [INFO] Database query executed
[2025-11-05T23:20:23.928934] [ERROR] File not found
[2025-11-05T23:20:23.928907] [WARN] Rate limit approaching
[2025-11-05T23:20:23.928982] [DEBUG] Thread pool size: 8
[2025-11-05T23:20:23.928809] [INFO] Configuration loaded
[2025-11-05T23:20:23.928884] [INFO] Connection established
[2025-11-05T23:20:23.928916] [WARN] Rate limit approaching
[2025-11-05T23:20:23.928939] [DEBUG] Timer set: 30 seconds
[2025-11-05T23:20:23.928978] [DEBUG] Buffer size: 4096 bytes
[2025-11-05T23:20:23.928903] [WARN] Deprecated API usage
[2025-11-05T23:20:23.928892] [INFO] Cache hit
[2025-11-05T23:20:23.928850] [INFO] User logged in
[2025-11-05T23:20:23.928876] [INFO] Database query executed
[2025-11-05T23:20:23.928867] [INFO] Cache hit
[2025-11-05T23:20:23.928947] [DEBUG] Memory allocation: 2048 bytes
[2025-11-05T23:20:23.928856] [INFO] Database query executed
[2025-11-05T23:20:23.928962] [DEBUG] Entering function process_data()
[2025-11-05T23:20:23.928951] [DEBUG] HTTP request headers parsed
[2025-11-05T23:20:23.928835] [INFO] Request processed successfully
[2025-11-05T23:20:23.928926] [ERROR] Memory allocation error
[2025-11-05T23:20:23.928872] [INFO] User logged in
[2025-11-05T23:20:23.928912] [WARN] Disk space low
[2025-11-05T23:20:23.928861] [INFO] Connection established
[2025-11-05T23:20:23.928959] [DEBUG] Thread pool size: 8
[2025-11-05T23:20:23.928846] [INFO] Session started
[2025-11-05T23:20:23.928970] [DEBUG] Buffer size: 4096 bytes
[2025-11-05T23:20:23.928880] [INFO] Cache hit
[2025-11-05T23:20:23.928922] [ERROR] Authentication failed
[2025-11-05T23:20:23.928966] [DEBUG] Buffer size: 4096 bytes
