[2025-11-05T23:20:16.331453] [INFO] Transaction completed
[2025-11-05T23:20:16.331466] [WARN] Cache miss
[2025-11-05T23:20:16.331424] [INFO] Transaction completed
[2025-11-05T23:20:16.331437] [INFO] Database query executed
[2025-11-05T23:20:16.331486] [ERROR] Disk read failed
[2025-11-05T23:20:16.331428] [INFO] Request processed successfully
[2025-11-05T23:20:16.331505] [DEBUG] Memory allocation: 2048 bytes
[2025-11-05T23:20:16.331415] [INFO] User logged in
[2025-11-05T23:20:16.331403] [INFO] User logged in
[2025-11-05T23:20:16.331445] [INFO] User logged in
[2025-11-05T23:20:16.331514] [DEBUG] Buffer size: 4096 bytes
[2025-11-05T23:20:16.331441] [INFO] Service initialized
[2025-11-05T23:20:16.331491] [ERROR] Permission denied
[2025-11-05T23:20:16.331509] [DEBUG] Loop iteration: 15
[2025-11-05T23:20:16.331449] [INFO] Health check passed
[2025-11-05T23:20:16.331419] [INFO] Session started
[2025-11-05T23:20:16.331531] [DEBUG] Timer set: 30 seconds
[2025-11-05T23:20:16.331476] [WARN] Deprecated API usage
[2025-11-05T23:20:16.331461] [INFO] Session started
[2025-11-05T23:20:16.331527] [DEBUG] Memory allocation: 2048 bytes
[2025-11-05T23:20:16.331501] [DEBUG] Memory allocation: 2048 bytes
[2025-11-05T23:20:16.331481] [WARN] Timeout warning
[2025-11-05T23:20:16.331496] [DEBUG] Timer set: 30 seconds
[2025-11-05T23:20:16.331375] [INFO] Connection established
[2025-11-05T23:20:16.331518] [DEBUG] Timer set: 30 seconds
[2025-11-05T23:20:16.331409] [INFO] Request processed successfully
[2025-11-05T23:20:16.331433] [INFO] Connection established
[2025-11-05T23:20:16.331522] [DEBUG] Variable value: x=42
[2025-11-05T23:20:16.331471] [WARN] Connection retry attempt
[2025-11-05T23:20:16.331457] [INFO] Service initialized
