[2025-11-05T23:20:52.723316] [INFO] Configuration loaded
[2025-11-05T23:20:52.723277] [INFO] Request processed successfully
[2025-11-05T23:20:52.723329] [INFO] Configuration loaded
[2025-11-05T23:20:52.723390] [DEBUG] Loop iteration: 15
[2025-11-05T23:20:52.723303] [INFO] Transaction completed
[2025-11-05T23:20:52.723348] [WARN] Cache miss
[2025-11-05T23:20:52.723251] [INFO] Database query executed
[2025-11-05T23:20:52.723284] [INFO] User logged in
[2025-11-05T23:20:52.723386] [DEBUG] Connection pool status checked
[2025-11-05T23:20:52.723363] [ERROR] Service unavailable
[2025-11-05T23:20:52.723294] [INFO] Session started
[2025-11-05T23:20:52.723320] [INFO] Cache hit
[2025-11-05T23:20:52.723312] [INFO] Configuration loaded
[2025-11-05T23:20:52.723325] [INFO] Session started
[2025-11-05T23:20:52.723308] [INFO] Configuration loaded
[2025-11-05T23:20:52.723343] [WARN] Rate limit approaching
[2025-11-05T23:20:52.723398] [DEBUG] Memory allocation: 2048 bytes
[2025-11-05T23:20:52.723381] [DEBUG] Variable value: x=42
[2025-11-05T23:20:52.723367] [ERROR] Database connection lost
[2025-11-05T23:20:52.723353] [WARN] Deprecated API usage
[2025-11-05T23:20:52.723338] [WARN] Slow query performance
[2025-11-05T23:20:52.723403] [DEBUG] Timer set: 30 seconds
[2025-11-05T23:20:52.723407] [DEBUG] Buffer size: 4096 bytes
[2025-11-05T23:20:52.723357] [WARN] Cache miss
[2025-11-05T23:20:52.723289] [INFO] Request processed successfully
[2025-11-05T23:20:52.723372] [DEBUG] Connection pool status checked
[2025-11-05T23:20:52.723299] [INFO] Service initialized
[2025-11-05T23:20:52.723394] [DEBUG] Timer set: 30 seconds
[2025-11-05T23:20:52.723333] [INFO] Session started
[2025-11-05T23:20:52.723377] [DEBUG] Cache key generated
