[2025-11-05T23:20:32.897683] [INFO] Transaction completed
[2025-11-05T23:20:32.897645] [INFO] Configuration loaded
[2025-11-05T23:20:32.897768] [DEBUG] Loop iteration: 15
[2025-11-05T23:20:32.897759] [DEBUG] Cache key generated
[2025-11-05T23:20:32.897738] [ERROR] Database connection lost
[2025-11-05T23:20:32.897611] [INFO] Cache hit
[2025-11-05T23:20:32.897649] [INFO] Request processed successfully
[2025-11-05T23:20:32.897696] [INFO] Connection established
[2025-11-05T23:20:32.897687] [INFO] Transaction completed
[2025-11-05T23:20:32.897657] [INFO] Connection established
[2025-11-05T23:20:32.897754] [DEBUG] Timer set: 30 seconds
[2025-11-05T23:20:32.897763] [DEBUG] Thread pool size: 8
[2025-11-05T23:20:32.897634] [INFO] Request processed successfully
[2025-11-05T23:20:32.897773] [DEBUG] Entering function process_data()
[2025-11-05T23:20:32.897679] [INFO] Session started
[2025-11-05T23:20:32.897670] [INFO] Health check passed
[2025-11-05T23:20:32.897709] [INFO] Request processed successfully
[2025-11-05T23:20:32.897744] [DEBUG] Cache key generated
[2025-11-05T23:20:32.897705] [INFO] Service initialized
[2025-11-05T23:20:32.897723] [WARN] Disk space low
[2025-11-05T23:20:32.897778] [DEBUG] Memory allocation: 2048 bytes
[2025-11-05T23:20:32.897700] [INFO] Service initialized
[2025-11-05T23:20:32.897675] [INFO] User logged in
[2025-11-05T23:20:32.897750] [DEBUG] Connection pool status checked
[2025-11-05T23:20:32.897714] [WARN] High memory usage detected
[2025-11-05T23:20:32.897653] [INFO] Configuration loaded
[2025-11-05T23:20:32.897728] [WARN] Slow query performance
[2025-11-05T23:20:32.897782] [DEBUG] Timer set: 30 seconds
[2025-11-05T23:20:32.897666] [INFO] Cache hit
[2025-11-05T23:20:32.897692] [INFO] Configuration loaded
[2025-11-05T23:20:32.897662] [INFO] Request processed successfully
[2025-11-05T23:20:32.897719] [WARN] Connection retry attempt
[2025-11-05T23:20:32.897734] [ERROR] Disk read failed
[2025-11-05T23:20:32.897640] [INFO] Health check passed
