[2025-11-05T23:20:18.462933] [INFO] Database query executed
[2025-11-05T23:20:18.463025] [DEBUG] Memory allocation: 2048 bytes
[2025-11-05T23:20:18.462946] [INFO] Connection established
[2025-11-05T23:20:18.463007] [DEBUG] Cache key generated
[2025-11-05T23:20:18.462960] [INFO] Configuration loaded
[2025-11-05T23:20:18.462975] [INFO] Connection established
[2025-11-05T23:20:18.462994] [DEBUG] Connection pool status checked
[2025-11-05T23:20:18.462890] [INFO] Transaction completed
[2025-11-05T23:20:18.462972] [INFO] Connection established
[2025-11-05T23:20:18.462956] [INFO] Health check passed
[2025-11-05T23:20:18.462987] [ERROR] Request failed
[2025-11-05T23:20:18.462937] [INFO] Service initialized
[2025-11-05T23:20:18.462999] [DEBUG] Timer set: 30 seconds
[2025-11-05T23:20:18.462951] [INFO] Request processed successfully
[2025-11-05T23:20:18.463020] [DEBUG] Cache key generated
[2025-11-05T23:20:18.462981] [WARN] Cache miss
[2025-11-05T23:20:18.462928] [INFO] Cache hit
[2025-11-05T23:20:18.462942] [INFO] Configuration loaded
[2025-11-05T23:20:18.462964] [INFO] Configuration loaded
[2025-11-05T23:20:18.463003] [DEBUG] HTTP request headers parsed
[2025-11-05T23:20:18.463016] [DEBUG] Timer set: 30 seconds
[2025-11-05T23:20:18.462923] [INFO] Health check passed
[2025-11-05T23:20:18.462917] [INFO] Transaction completed
[2025-11-05T23:20:18.463011] [DEBUG] Buffer size: 4096 bytes
[2025-11-05T23:20:18.462968] [INFO] Database query executed
