[2025-11-05T23:20:48.135106] [DEBUG] Variable value: x=42
[2025-11-05T23:20:48.118391] [INFO] User logged in
[2025-11-05T23:20:48.135119] [DEBUG] Buffer size: 4096 bytes
[2025-11-05T23:20:48.135069] [ERROR] Database connection lost
[2025-11-05T23:20:48.118424] [INFO] Cache hit
[2025-11-05T23:20:48.135055] [WARN] Resource threshold approaching
[2025-11-05T23:20:48.118443] [WARN] Slow query performance
[2025-11-05T23:20:48.118410] [INFO] User logged in
[2025-11-05T23:20:48.135111] [DEBUG] Thread pool size: 8
[2025-11-05T23:20:48.135090] [DEBUG] Thread pool size: 8
[2025-11-05T23:20:48.118406] [INFO] Request processed successfully
[2025-11-05T23:20:48.118395] [INFO] Configuration loaded
[2025-11-05T23:20:48.135098] [DEBUG] Thread pool size: 8
[2025-11-05T23:20:48.118429] [INFO] Health check passed
[2025-11-05T23:20:48.118433] [INFO] Cache hit
[2025-11-05T23:20:48.118437] [INFO] User logged in
[2025-11-05T23:20:48.135128] [DEBUG] Entering function process_data()
[2025-11-05T23:20:48.135075] [ERROR] Disk read failed
[2025-11-05T23:20:48.135102] [DEBUG] HTTP request headers parsed
[2025-11-05T23:20:48.135086] [DEBUG] Entering function process_data()
[2025-11-05T23:20:48.118415] [INFO] Session started
[2025-11-05T23:20:48.118374] [INFO] Configuration loaded
[2025-11-05T23:20:48.135081] [DEBUG] Entering function process_data()
[2025-11-05T23:20:48.118419] [INFO] Request processed successfully
[2025-11-05T23:20:48.118380] [INFO] User logged in
[2025-11-05T23:20:48.118401] [INFO] Database query executed
[2025-11-05T23:20:48.135123] [DEBUG] Timer set: 30 seconds
[2025-11-05T23:20:48.135094] [DEBUG] Entering function process_data()
[2025-11-05T23:20:48.118347] [INFO] Configuration loaded
[2025-11-05T23:20:48.135115] [DEBUG] Buffer size: 4096 bytes
[2025-11-05T23:20:48.118385] [INFO] User logged in
