[2025-11-05T23:20:51.556765] [WARN] Cache miss
[2025-11-05T23:20:51.556741] [INFO] Connection established
[2025-11-05T23:20:51.556709] [INFO] User logged in
[2025-11-05T23:20:51.556814] [DEBUG] Buffer size: 4096 bytes
[2025-11-05T23:20:51.556796] [DEBUG] Memory allocation: 2048 bytes
[2025-11-05T23:20:51.556753] [INFO] Database query executed
[2025-11-05T23:20:51.556775] [WARN] Resource threshold approaching
[2025-11-05T23:20:51.556717] [INFO] Request processed successfully
[2025-11-05T23:20:51.556728] [INFO] Cache hit
[2025-11-05T23:20:51.556744] [INFO] Session started
[2025-11-05T23:20:51.556803] [DEBUG] Timer set: 30 seconds
[2025-11-05T23:20:51.556757] [WARN] Cache miss
[2025-11-05T23:20:51.556747] [INFO] Database query executed
[2025-11-05T23:20:51.556772] [WARN] Timeout warning
[2025-11-05T23:20:51.556779] [ERROR] Memory allocation error
[2025-11-05T23:20:51.556807] [DEBUG] HTTP request headers parsed
[2025-11-05T23:20:51.556761] [WARN] Deprecated API usage
[2025-11-05T23:20:51.556738] [INFO] User logged in
[2025-11-05T23:20:51.556788] [DEBUG] Buffer size: 4096 bytes
[2025-11-05T23:20:51.556735] [INFO] Configuration loaded
[2025-11-05T23:20:51.556721] [INFO] Connection established
[2025-11-05T23:20:51.556713] [INFO] Transaction completed
[2025-11-05T23:20:51.556810] [DEBUG] Cache key generated
[2025-11-05T23:20:51.556731] [INFO] User logged in
[2025-11-05T23:20:51.556784] [DEBUG] Variable value: x=42
[2025-11-05T23:20:51.556792] [DEBUG] Variable value: x=42
[2025-11-05T23:20:51.556725] [INFO] Configuration loaded
[2025-11-05T23:20:51.556768] [WARN] Slow query performance
[2025-11-05T23:20:51.556684] [INFO] Configuration loaded
[2025-11-05T23:20:51.556799] [DEBUG] Memory allocation: 2048 bytes
[2025-11-05T23:20:51.556750] [INFO] Transaction completed
