[2025-11-05T23:20:30.445189] [INFO] Request processed successfully
[2025-11-05T23:20:30.445198] [INFO] Database query executed
[2025-11-05T23:20:30.445250] [WARN] Deprecated API usage
[2025-11-05T23:20:30.445291] [DEBUG] Connection pool status checked
[2025-11-05T23:20:30.445213] [INFO] Configuration loaded
[2025-11-05T23:20:30.445237] [INFO] Cache hit
[2025-11-05T23:20:30.445286] [DEBUG] Variable value: x=42
[2025-11-05T23:20:30.445301] [DEBUG] Timer set: 30 seconds
[2025-11-05T23:20:30.445314] [DEBUG] Cache key generated
[2025-11-05T23:20:30.445306] [DEBUG] Memory allocation: 2048 bytes
[2025-11-05T23:20:30.445162] [INFO] Request processed successfully
[2025-11-05T23:20:30.445276] [DEBUG] Variable value: x=42
[2025-11-05T23:20:30.445223] [INFO] User logged in
[2025-11-05T23:20:30.445194] [INFO] Cache hit
[2025-11-05T23:20:30.445272] [DEBUG] Entering function process_data()
[2025-11-05T23:20:30.445259] [WARN] Timeout warning
[2025-11-05T23:20:30.445266] [ERROR] Memory allocation error
[2025-11-05T23:20:30.445228] [INFO] Session started
[2025-11-05T23:20:30.445255] [WARN] Queue size growing
[2025-11-05T23:20:30.445233] [INFO] Cache hit
[2025-11-05T23:20:30.445240] [INFO] Transaction completed
[2025-11-05T23:20:30.445310] [DEBUG] Variable value: x=42
[2025-11-05T23:20:30.445297] [DEBUG] Loop iteration: 15
[2025-11-05T23:20:30.445219] [INFO] User logged in
[2025-11-05T23:20:30.445203] [INFO] User logged in
[2025-11-05T23:20:30.445208] [INFO] Connection established
[2025-11-05T23:20:30.445244] [INFO] Configuration loaded
[2025-11-05T23:20:30.445281] [DEBUG] Connection pool status checked
