[2025-11-05T23:20:35.867291] [WARN] Resource threshold approaching
[2025-11-05T23:20:35.867263] [INFO] Connection established
[2025-11-05T23:20:35.867247] [INFO] Cache hit
[2025-11-05T23:20:35.867286] [WARN] High memory usage detected
[2025-11-05T23:20:35.867209] [INFO] Session started
[2025-11-05T23:20:35.867332] [DEBUG] Buffer size: 4096 bytes
[2025-11-05T23:20:35.867340] [DEBUG] Timer set: 30 seconds
[2025-11-05T23:20:35.867336] [DEBUG] HTTP request headers parsed
[2025-11-05T23:20:35.867224] [INFO] Cache hit
[2025-11-05T23:20:35.867272] [INFO] Cache hit
[2025-11-05T23:20:35.867184] [INFO] Cache hit
[2025-11-05T23:20:35.867243] [INFO] Configuration loaded
[2025-11-05T23:20:35.867310] [ERROR] Database connection lost
[2025-11-05T23:20:35.867220] [INFO] Request processed successfully
[2025-11-05T23:20:35.867229] [INFO] Service initialized
[2025-11-05T23:20:35.867234] [INFO] Session started
[2025-11-05T23:20:35.867276] [INFO] Connection established
[2025-11-05T23:20:35.867345] [DEBUG] Variable value: x=42
[2025-11-05T23:20:35.867328] [DEBUG] Thread pool size: 8
[2025-11-05T23:20:35.867305] [ERROR] Memory allocation error
[2025-11-05T23:20:35.867300] [WARN] Disk space low
[2025-11-05T23:20:35.867238] [INFO] User logged in
[2025-11-05T23:20:35.867319] [DEBUG] Buffer size: 4096 bytes
[2025-11-05T23:20:35.867251] [INFO] Connection established
[2025-11-05T23:20:35.867315] [DEBUG] Variable value: x=42
[2025-11-05T23:20:35.867349] [DEBUG] Connection pool status checked
[2025-11-05T23:20:35.867255] [INFO] Cache hit
[2025-11-05T23:20:35.867259] [INFO] Health check passed
[2025-11-05T23:20:35.867215] [INFO] Transaction completed
[2025-11-05T23:20:35.867267] [INFO] Database query executed
[2025-11-05T23:20:35.867280] [INFO] Configuration loaded
[2025-11-05T23:20:35.867295] [WARN] Cache miss
[2025-11-05T23:20:35.867324] [DEBUG] Memory allocation: 2048 bytes
