[2025-11-05T23:20:45.350199] [INFO] Health check passed
[2025-11-05T23:20:45.350244] [WARN] Queue size growing
[2025-11-05T23:20:45.350174] [INFO] Configuration loaded
[2025-11-05T23:20:45.350203] [INFO] Health check passed
[2025-11-05T23:20:45.350142] [INFO] User logged in
[2025-11-05T23:20:45.350305] [DEBUG] Timer set: 30 seconds
[2025-11-05T23:20:45.350235] [WARN] Resource threshold approaching
[2025-11-05T23:20:45.350179] [INFO] Cache hit
[2025-11-05T23:20:45.350168] [INFO] Connection established
[2025-11-05T23:20:45.350266] [DEBUG] Connection pool status checked
[2025-11-05T23:20:45.350189] [INFO] Request processed successfully
[2025-11-05T23:20:45.350276] [DEBUG] Entering function process_data()
[2025-11-05T23:20:45.350280] [DEBUG] Variable value: x=42
[2025-11-05T23:20:45.350224] [INFO] Configuration loaded
[2025-11-05T23:20:45.350208] [INFO] User logged in
[2025-11-05T23:20:45.350212] [INFO] Session started
[2025-11-05T23:20:45.350261] [DEBUG] HTTP request headers parsed
[2025-11-05T23:20:45.350293] [DEBUG] Variable value: x=42
[2025-11-05T23:20:45.350255] [ERROR] Database connection lost
[2025-11-05T23:20:45.350249] [WARN] Disk space low
[2025-11-05T23:20:45.350216] [INFO] Configuration loaded
[2025-11-05T23:20:45.350271] [DEBUG] Variable value: x=42
[2025-11-05T23:20:45.350284] [DEBUG] Thread pool size: 8
[2025-11-05T23:20:45.350194] [INFO] Session started
[2025-11-05T23:20:45.350240] [WARN] Cache miss
[2025-11-05T23:20:45.350220] [INFO] Transaction completed
[2025-11-05T23:20:45.350301] [DEBUG] Memory allocation: 2048 bytes
[2025-11-05T23:20:45.350184] [INFO] Configuration loaded
[2025-11-05T23:20:45.350297] [DEBUG] Entering function process_data()
[2025-11-05T23:20:45.350288] [DEBUG] Memory allocation: 2048 bytes
[2025-11-05T23:20:45.350229] [INFO] Cache hit
