[2025-11-05T23:20:17.977298] [INFO] Session started
[2025-11-05T23:20:17.977411] [DEBUG] Thread pool size: 8
[2025-11-05T23:20:17.977432] [DEBUG] Memory allocation: 2048 bytes
[2025-11-05T23:20:17.977402] [DEBUG] Loop iteration: 15
[2025-11-05T23:20:17.977325] [INFO] Request processed successfully
[2025-11-05T23:20:17.977313] [INFO] Session started
[2025-11-05T23:20:17.977397] [DEBUG] Cache key generated
[2025-11-05T23:20:17.977334] [INFO] Health check passed
[2025-11-05T23:20:17.977441] [DEBUG] Cache key generated
[2025-11-05T23:20:17.977342] [INFO] Cache hit
[2025-11-05T23:20:17.977330] [INFO] Database query executed
[2025-11-05T23:20:17.977361] [WARN] Slow query performance
[2025-11-05T23:20:17.977372] [WARN] Disk space low
[2025-11-05T23:20:17.977446] [DEBUG] Timer set: 30 seconds
[2025-11-05T23:20:17.977355] [INFO] Service initialized
[2025-11-05T23:20:17.977346] [INFO] Database query executed
[2025-11-05T23:20:17.977387] [ERROR] File not found
[2025-11-05T23:20:17.977308] [INFO] Database query executed
[2025-11-05T23:20:17.977367] [WARN] Rate limit approaching
[2025-11-05T23:20:17.977317] [INFO] Service initialized
[2025-11-05T23:20:17.977392] [DEBUG] Variable value: x=42
[2025-11-05T23:20:17.977407] [DEBUG] HTTP request headers parsed
[2025-11-05T23:20:17.977321] [INFO] Database query executed
[2025-11-05T23:20:17.977382] [ERROR] Service unavailable
[2025-11-05T23:20:17.977270] [INFO] Database query executed
[2025-11-05T23:20:17.977376] [WARN] High memory usage detected
[2025-11-05T23:20:17.977338] [INFO] Configuration loaded
[2025-11-05T23:20:17.977427] [DEBUG] Connection pool status checked
[2025-11-05T23:20:17.977437] [DEBUG] Loop iteration: 15
[2025-11-05T23:20:17.977415] [DEBUG] Buffer size: 4096 bytes
[2025-11-05T23:20:17.977423] [DEBUG] Thread pool size: 8
[2025-11-05T23:20:17.977350] [INFO] Transaction completed
[2025-11-05T23:20:17.977419] [DEBUG] Memory allocation: 2048 bytes
[2025-11-05T23:20:17.977304] [INFO] Health check passed
