[2025-11-05T23:20:52.247088] [INFO] Health check passed
[2025-11-05T23:20:52.247096] [INFO] Service initialized
[2025-11-05T23:20:52.247148] [DEBUG] Thread pool size: 8
[2025-11-05T23:20:52.247029] [INFO] Connection established
[2025-11-05T23:20:52.247062] [INFO] Database query executed
[2025-11-05T23:20:52.247067] [INFO] Request processed successfully
[2025-11-05T23:20:52.247076] [INFO] Cache hit
[2025-11-05T23:20:52.247080] [INFO] Cache hit
[2025-11-05T23:20:52.247163] [DEBUG] HTTP request headers parsed
[2025-11-05T23:20:52.247171] [DEBUG] Connection pool status checked
[2025-11-05T23:20:52.247117] [WARN] High memory usage detected
[2025-11-05T23:20:52.247153] [DEBUG] Buffer size: 4096 bytes
[2025-11-05T23:20:52.247126] [WARN] Cache miss
[2025-11-05T23:20:52.247057] [INFO] User logged in
[2025-11-05T23:20:52.247071] [INFO] Health check passed
[2025-11-05T23:20:52.247122] [WARN] Queue size growing
[2025-11-05T23:20:52.247168] [DEBUG] Variable value: x=42
[2025-11-05T23:20:52.247107] [INFO] Transaction completed
[2025-11-05T23:20:52.247100] [INFO] Connection established
[2025-11-05T23:20:52.247052] [INFO] Connection established
[2025-11-05T23:20:52.247092] [INFO] Health check passed
[2025-11-05T23:20:52.247159] [DEBUG] Buffer size: 4096 bytes
[2025-11-05T23:20:52.247084] [INFO] Health check passed
[2025-11-05T23:20:52.247132] [WARN] Slow query performance
[2025-11-05T23:20:52.247143] [ERROR] Memory allocation error
[2025-11-05T23:20:52.247112] [INFO] Session started
[2025-11-05T23:20:52.247138] [ERROR] Network timeout
[2025-11-05T23:20:52.247104] [INFO] Request processed successfully
