[2025-11-05T23:20:31.940989] [INFO] Service initialized
[2025-11-05T23:20:31.941031] [WARN] Resource threshold approaching
[2025-11-05T23:20:31.941049] [DEBUG] Timer set: 30 seconds
[2025-11-05T23:20:31.941054] [DEBUG] HTTP request headers parsed
[2025-11-05T23:20:31.941003] [INFO] Transaction completed
[2025-11-05T23:20:31.940993] [INFO] Cache hit
[2025-11-05T23:20:31.941007] [INFO] Session started
[2025-11-05T23:20:31.941039] [WARN] Slow query performance
[2025-11-05T23:20:31.941066] [DEBUG] Timer set: 30 seconds
[2025-11-05T23:20:31.941071] [DEBUG] Connection pool status checked
[2025-11-05T23:20:31.941058] [DEBUG] Thread pool size: 8
[2025-11-05T23:20:31.940998] [INFO] Request processed successfully
[2025-11-05T23:20:31.941011] [INFO] Health check passed
[2025-11-05T23:20:31.941035] [WARN] Deprecated API usage
[2025-11-05T23:20:31.940957] [INFO] Health check passed
[2025-11-05T23:20:31.940983] [INFO] Health check passed
[2025-11-05T23:20:31.941062] [DEBUG] Loop iteration: 15
[2025-11-05T23:20:31.941015] [INFO] Connection established
[2025-11-05T23:20:31.941026] [WARN] Slow query performance
[2025-11-05T23:20:31.941020] [INFO] Session started
[2025-11-05T23:20:31.941044] [ERROR] Database connection lost
