[2025-11-05T23:20:35.475598] [INFO] Health check passed
[2025-11-05T23:20:35.475680] [INFO] Service initialized
[2025-11-05T23:20:35.475754] [DEBUG] Cache key generated
[2025-11-05T23:20:35.475588] [INFO] Transaction completed
[2025-11-05T23:20:35.475624] [INFO] Database query executed
[2025-11-05T23:20:35.475699] [INFO] Session started
[2025-11-05T23:20:35.475716] [WARN] Timeout warning
[2025-11-05T23:20:35.475604] [INFO] Service initialized
[2025-11-05T23:20:35.475737] [DEBUG] Thread pool size: 8
[2025-11-05T23:20:35.475711] [WARN] Rate limit approaching
[2025-11-05T23:20:35.475691] [INFO] Transaction completed
[2025-11-05T23:20:35.475613] [INFO] Session started
[2025-11-05T23:20:35.475731] [DEBUG] Connection pool status checked
[2025-11-05T23:20:35.475695] [INFO] Service initialized
[2025-11-05T23:20:35.475686] [INFO] User logged in
[2025-11-05T23:20:35.475553] [INFO] Database query executed
[2025-11-05T23:20:35.475750] [DEBUG] HTTP request headers parsed
[2025-11-05T23:20:35.475581] [INFO] Cache hit
[2025-11-05T23:20:35.475741] [DEBUG] HTTP request headers parsed
[2025-11-05T23:20:35.475720] [WARN] Queue size growing
[2025-11-05T23:20:35.475706] [WARN] Cache miss
[2025-11-05T23:20:35.475746] [DEBUG] Loop iteration: 15
[2025-11-05T23:20:35.475726] [ERROR] Disk read failed
[2025-11-05T23:20:35.475619] [INFO] Connection established
[2025-11-05T23:20:35.475593] [INFO] Health check passed
[2025-11-05T23:20:35.475609] [INFO] User logged in
