[2025-11-05T23:20:15.199981] [INFO] Connection established
[2025-11-05T23:20:15.200083] [DEBUG] Entering function process_data()
[2025-11-05T23:20:15.199965] [INFO] Service initialized
[2025-11-05T23:20:15.200045] [WARN] High memory usage detected
[2025-11-05T23:20:15.199977] [INFO] Connection established
[2025-11-05T23:20:15.200096] [DEBUG] Thread pool size: 8
[2025-11-05T23:20:15.200092] [DEBUG] Memory allocation: 2048 bytes
[2025-11-05T23:20:15.200078] [DEBUG] Loop iteration: 15
[2025-11-05T23:20:15.200022] [WARN] High memory usage detected
[2025-11-05T23:20:15.199990] [INFO] Transaction completed
[2025-11-05T23:20:15.199986] [INFO] Configuration loaded
[2025-11-05T23:20:15.199937] [INFO] Request processed successfully
[2025-11-05T23:20:15.199995] [INFO] Configuration loaded
[2025-11-05T23:20:15.200051] [ERROR] Disk read failed
[2025-11-05T23:20:15.200032] [WARN] Connection retry attempt
[2025-11-05T23:20:15.200003] [INFO] Configuration loaded
[2025-11-05T23:20:15.200074] [DEBUG] Loop iteration: 15
[2025-11-05T23:20:15.200068] [DEBUG] Loop iteration: 15
[2025-11-05T23:20:15.200012] [INFO] Session started
[2025-11-05T23:20:15.199972] [INFO] Connection established
[2025-11-05T23:20:15.200040] [WARN] Slow query performance
[2025-11-05T23:20:15.200007] [INFO] Health check passed
[2025-11-05T23:20:15.200088] [DEBUG] Memory allocation: 2048 bytes
[2025-11-05T23:20:15.200056] [ERROR] Permission denied
[2025-11-05T23:20:15.199999] [INFO] Database query executed
[2025-11-05T23:20:15.200062] [DEBUG] Connection pool status checked
[2025-11-05T23:20:15.200017] [INFO] Session started
[2025-11-05T23:20:15.200101] [DEBUG] Cache key generated
[2025-11-05T23:20:15.200027] [WARN] Disk space low
[2025-11-05T23:20:15.200036] [WARN] Connection retry attempt
