[2025-11-05T23:20:53.102280] [INFO] Configuration loaded
[2025-11-05T23:20:53.102301] [ERROR] Database connection lost
[2025-11-05T23:20:53.102270] [INFO] Request processed successfully
[2025-11-05T23:20:53.102229] [INFO] Connection established
[2025-11-05T23:20:53.102206] [INFO] Configuration loaded
[2025-11-05T23:20:53.102297] [ERROR] Memory allocation error
[2025-11-05T23:20:53.102293] [WARN] Cache miss
[2025-11-05T23:20:53.102234] [INFO] Cache hit
[2025-11-05T23:20:53.102276] [INFO] Request processed successfully
[2025-11-05T23:20:53.102256] [INFO] Configuration loaded
[2025-11-05T23:20:53.102249] [INFO] Database query executed
[2025-11-05T23:20:53.102310] [DEBUG] Variable value: x=42
[2025-11-05T23:20:53.102266] [INFO] User logged in
[2025-11-05T23:20:53.102305] [DEBUG] HTTP request headers parsed
[2025-11-05T23:20:53.102263] [INFO] Database query executed
[2025-11-05T23:20:53.102273] [INFO] Health check passed
[2025-11-05T23:20:53.102289] [WARN] Slow query performance
[2025-11-05T23:20:53.102328] [DEBUG] Connection pool status checked
[2025-11-05T23:20:53.102238] [INFO] User logged in
[2025-11-05T23:20:53.102285] [WARN] Rate limit approaching
[2025-11-05T23:20:53.102324] [DEBUG] Loop iteration: 15
[2025-11-05T23:20:53.102245] [INFO] Session started
[2025-11-05T23:20:53.102260] [INFO] Service initialized
[2025-11-05T23:20:53.102241] [INFO] Connection established
[2025-11-05T23:20:53.102313] [DEBUG] Loop iteration: 15
[2025-11-05T23:20:53.102317] [DEBUG] HTTP request headers parsed
[2025-11-05T23:20:53.102321] [DEBUG] Connection pool status checked
[2025-11-05T23:20:53.102253] [INFO] Database query executed
