[2025-11-05T23:20:37.651254] [DEBUG] Loop iteration: 15
[2025-11-05T23:20:37.651172] [INFO] Cache hit
[2025-11-05T23:20:37.651168] [INFO] Request processed successfully
[2025-11-05T23:20:37.651164] [INFO] Health check passed
[2025-11-05T23:20:37.651197] [INFO] User logged in
[2025-11-05T23:20:37.651221] [WARN] Cache miss
[2025-11-05T23:20:37.651189] [INFO] Cache hit
[2025-11-05T23:20:37.651267] [DEBUG] Buffer size: 4096 bytes
[2025-11-05T23:20:37.651207] [WARN] Connection retry attempt
[2025-11-05T23:20:37.651143] [INFO] Health check passed
[2025-11-05T23:20:37.651233] [ERROR] Service unavailable
[2025-11-05T23:20:37.651263] [DEBUG] HTTP request headers parsed
[2025-11-05T23:20:37.651119] [INFO] Cache hit
[2025-11-05T23:20:37.651159] [INFO] Cache hit
[2025-11-05T23:20:37.651238] [DEBUG] Variable value: x=42
[2025-11-05T23:20:37.651185] [INFO] Session started
[2025-11-05T23:20:37.651181] [INFO] Database query executed
[2025-11-05T23:20:37.651154] [INFO] Service initialized
[2025-11-05T23:20:37.651227] [ERROR] Authentication failed
[2025-11-05T23:20:37.651193] [INFO] Request processed successfully
[2025-11-05T23:20:37.651149] [INFO] User logged in
[2025-11-05T23:20:37.651249] [DEBUG] Variable value: x=42
[2025-11-05T23:20:37.651243] [DEBUG] Memory allocation: 2048 bytes
[2025-11-05T23:20:37.651259] [DEBUG] Connection pool status checked
[2025-11-05T23:20:37.651217] [WARN] Resource threshold approaching
[2025-11-05T23:20:37.651201] [INFO] Cache hit
[2025-11-05T23:20:37.651176] [INFO] Cache hit
[2025-11-05T23:20:37.651213] [WARN] Resource threshold approaching
