[2025-11-05T23:20:45.396507] [WARN] Queue size growing
[2025-11-05T23:20:45.396452] [INFO] Database query executed
[2025-11-05T23:20:45.396471] [INFO] Transaction completed
[2025-11-05T23:20:45.396445] [INFO] Transaction completed
[2025-11-05T23:20:45.396541] [DEBUG] Cache key generated
[2025-11-05T23:20:45.396497] [INFO] Cache hit
[2025-11-05T23:20:45.396550] [DEBUG] Thread pool size: 8
[2025-11-05T23:20:45.396462] [INFO] Connection established
[2025-11-05T23:20:45.396560] [DEBUG] HTTP request headers parsed
[2025-11-05T23:20:45.396532] [DEBUG] HTTP request headers parsed
[2025-11-05T23:20:45.396526] [ERROR] Permission denied
[2025-11-05T23:20:45.396489] [INFO] Transaction completed
[2025-11-05T23:20:45.396501] [INFO] Configuration loaded
[2025-11-05T23:20:45.396555] [DEBUG] Loop iteration: 15
[2025-11-05T23:20:45.396458] [INFO] Connection established
[2025-11-05T23:20:45.396476] [INFO] Request processed successfully
[2025-11-05T23:20:45.396516] [WARN] Queue size growing
[2025-11-05T23:20:45.396480] [INFO] Transaction completed
[2025-11-05T23:20:45.396564] [DEBUG] Variable value: x=42
[2025-11-05T23:20:45.396512] [WARN] Connection retry attempt
[2025-11-05T23:20:45.396546] [DEBUG] Connection pool status checked
[2025-11-05T23:20:45.396493] [INFO] User logged in
[2025-11-05T23:20:45.396420] [INFO] Cache hit
[2025-11-05T23:20:45.396537] [DEBUG] Memory allocation: 2048 bytes
[2025-11-05T23:20:45.396485] [INFO] Transaction completed
[2025-11-05T23:20:45.396521] [WARN] Connection retry attempt
[2025-11-05T23:20:45.396467] [INFO] Health check passed
