[2025-11-05T23:20:28.055250] [WARN] Connection retry attempt
[2025-11-05T23:20:28.055210] [INFO] Transaction completed
[2025-11-05T23:20:28.055444] [DEBUG] Entering function process_data()
[2025-11-05T23:20:28.055224] [INFO] Session started
[2025-11-05T23:20:28.055234] [INFO] User logged in
[2025-11-05T23:20:28.055457] [DEBUG] Timer set: 30 seconds
[2025-11-05T23:20:28.055465] [DEBUG] Cache key generated
[2025-11-05T23:20:28.055150] [INFO] Connection established
[2025-11-05T23:20:28.055461] [DEBUG] Loop iteration: 15
[2025-11-05T23:20:28.055141] [INFO] Cache hit
[2025-11-05T23:20:28.055229] [INFO] Database query executed
[2025-11-05T23:20:28.055215] [INFO] Request processed successfully
[2025-11-05T23:20:28.055282] [DEBUG] Variable value: x=42
[2025-11-05T23:20:28.055130] [INFO] Database query executed
[2025-11-05T23:20:28.055200] [INFO] User logged in
[2025-11-05T23:20:28.055245] [WARN] Rate limit approaching
[2025-11-05T23:20:28.055448] [DEBUG] HTTP request headers parsed
[2025-11-05T23:20:28.055206] [INFO] Health check passed
[2025-11-05T23:20:28.055154] [INFO] Connection established
[2025-11-05T23:20:28.055219] [INFO] User logged in
[2025-11-05T23:20:28.055254] [WARN] High memory usage detected
[2025-11-05T23:20:28.055453] [DEBUG] Variable value: x=42
[2025-11-05T23:20:28.055435] [DEBUG] Thread pool size: 8
[2025-11-05T23:20:28.055240] [WARN] Queue size growing
[2025-11-05T23:20:28.055260] [ERROR] Service unavailable
[2025-11-05T23:20:28.055268] [DEBUG] Thread pool size: 8
[2025-11-05T23:20:28.055104] [INFO] Session started
[2025-11-05T23:20:28.055136] [INFO] Health check passed
[2025-11-05T23:20:28.055274] [DEBUG] Timer set: 30 seconds
[2025-11-05T23:20:28.055278] [DEBUG] Thread pool size: 8
[2025-11-05T23:20:28.055145] [INFO] Transaction completed
