[2025-11-05T23:20:51.421353] [INFO] Database query executed
[2025-11-05T23:20:51.421415] [DEBUG] Cache key generated
[2025-11-05T23:20:51.421425] [DEBUG] Connection pool status checked
[2025-11-05T23:20:51.421389] [WARN] Deprecated API usage
[2025-11-05T23:20:51.421338] [INFO] User logged in
[2025-11-05T23:20:51.421408] [DEBUG] Thread pool size: 8
[2025-11-05T23:20:51.421428] [DEBUG] Buffer size: 4096 bytes
[2025-11-05T23:20:51.421366] [INFO] User logged in
[2025-11-05T23:20:51.421346] [INFO] User logged in
[2025-11-05T23:20:51.421419] [DEBUG] Loop iteration: 15
[2025-11-05T23:20:51.421314] [INFO] Cache hit
[2025-11-05T23:20:51.421386] [WARN] Rate limit approaching
[2025-11-05T23:20:51.421402] [DEBUG] HTTP request headers parsed
[2025-11-05T23:20:51.421405] [DEBUG] Variable value: x=42
[2025-11-05T23:20:51.421359] [INFO] Cache hit
[2025-11-05T23:20:51.421343] [INFO] Session started
[2025-11-05T23:20:51.421378] [INFO] Connection established
[2025-11-05T23:20:51.421412] [DEBUG] Thread pool size: 8
[2025-11-05T23:20:51.421369] [INFO] Request processed successfully
[2025-11-05T23:20:51.421372] [INFO] Service initialized
[2025-11-05T23:20:51.421422] [DEBUG] Thread pool size: 8
[2025-11-05T23:20:51.421394] [ERROR] Database connection lost
[2025-11-05T23:20:51.421375] [INFO] Transaction completed
[2025-11-05T23:20:51.421398] [ERROR] Network timeout
[2025-11-05T23:20:51.421349] [INFO] Request processed successfully
[2025-11-05T23:20:51.421381] [INFO] Service initialized
[2025-11-05T23:20:51.421356] [INFO] Service initialized
[2025-11-05T23:20:51.421362] [INFO] Database query executed
