[2025-11-05T23:20:18.285682] [INFO] Database query executed
[2025-11-05T23:20:18.285647] [INFO] Database query executed
[2025-11-05T23:20:18.285779] [DEBUG] Connection pool status checked
[2025-11-05T23:20:18.285657] [INFO] Database query executed
[2025-11-05T23:20:18.285733] [DEBUG] Connection pool status checked
[2025-11-05T23:20:18.285637] [INFO] Cache hit
[2025-11-05T23:20:18.285712] [WARN] Queue size growing
[2025-11-05T23:20:18.285687] [INFO] User logged in
[2025-11-05T23:20:18.285783] [DEBUG] Loop iteration: 15
[2025-11-05T23:20:18.285722] [ERROR] Disk read failed
[2025-11-05T23:20:18.285765] [DEBUG] Buffer size: 4096 bytes
[2025-11-05T23:20:18.285717] [WARN] High memory usage detected
[2025-11-05T23:20:18.285738] [DEBUG] Timer set: 30 seconds
[2025-11-05T23:20:18.285652] [INFO] Configuration loaded
[2025-11-05T23:20:18.285605] [INFO] Cache hit
[2025-11-05T23:20:18.285670] [INFO] Health check passed
[2025-11-05T23:20:18.285674] [INFO] Connection established
[2025-11-05T23:20:18.285760] [DEBUG] Loop iteration: 15
[2025-11-05T23:20:18.285702] [WARN] Deprecated API usage
[2025-11-05T23:20:18.285707] [WARN] Rate limit approaching
[2025-11-05T23:20:18.285747] [DEBUG] Connection pool status checked
[2025-11-05T23:20:18.285678] [INFO] Configuration loaded
[2025-11-05T23:20:18.285727] [ERROR] Memory allocation error
[2025-11-05T23:20:18.285665] [INFO] Configuration loaded
[2025-11-05T23:20:18.285630] [INFO] Request processed successfully
[2025-11-05T23:20:18.285691] [INFO] Connection established
[2025-11-05T23:20:18.285756] [DEBUG] Cache key generated
[2025-11-05T23:20:18.285742] [DEBUG] Loop iteration: 15
[2025-11-05T23:20:18.285661] [INFO] Transaction completed
[2025-11-05T23:20:18.285774] [DEBUG] Cache key generated
[2025-11-05T23:20:18.285642] [INFO] Request processed successfully
[2025-11-05T23:20:18.285697] [WARN] High memory usage detected
[2025-11-05T23:20:18.285752] [DEBUG] Thread pool size: 8
[2025-11-05T23:20:18.285769] [DEBUG] Buffer size: 4096 bytes
