[2025-11-05T23:20:22.242627] [INFO] Request processed successfully
[2025-11-05T23:20:22.242734] [DEBUG] Variable value: x=42
[2025-11-05T23:20:22.242724] [DEBUG] Cache key generated
[2025-11-05T23:20:22.242707] [DEBUG] Memory allocation: 2048 bytes
[2025-11-05T23:20:22.242617] [INFO] User logged in
[2025-11-05T23:20:22.242611] [INFO] Health check passed
[2025-11-05T23:20:22.242715] [DEBUG] Connection pool status checked
[2025-11-05T23:20:22.242676] [WARN] Connection retry attempt
[2025-11-05T23:20:22.242691] [ERROR] Service unavailable
[2025-11-05T23:20:22.242739] [DEBUG] Buffer size: 4096 bytes
[2025-11-05T23:20:22.242743] [DEBUG] Loop iteration: 15
[2025-11-05T23:20:22.242657] [INFO] Request processed successfully
[2025-11-05T23:20:22.242638] [INFO] User logged in
[2025-11-05T23:20:22.242632] [INFO] Session started
[2025-11-05T23:20:22.242652] [INFO] User logged in
[2025-11-05T23:20:22.242720] [DEBUG] Entering function process_data()
[2025-11-05T23:20:22.242686] [WARN] Connection retry attempt
[2025-11-05T23:20:22.242643] [INFO] User logged in
[2025-11-05T23:20:22.242661] [INFO] Connection established
[2025-11-05T23:20:22.242681] [WARN] Deprecated API usage
[2025-11-05T23:20:22.242665] [INFO] User logged in
[2025-11-05T23:20:22.242647] [INFO] User logged in
[2025-11-05T23:20:22.242671] [WARN] Resource threshold approaching
[2025-11-05T23:20:22.242585] [INFO] Transaction completed
[2025-11-05T23:20:22.242696] [ERROR] Network timeout
[2025-11-05T23:20:22.242622] [INFO] Request processed successfully
[2025-11-05T23:20:22.242711] [DEBUG] Variable value: x=42
[2025-11-05T23:20:22.242730] [DEBUG] Loop iteration: 15
[2025-11-05T23:20:22.242702] [DEBUG] Thread pool size: 8
