[2025-11-05T23:20:22.018344] [DEBUG] Memory allocation: 2048 bytes
[2025-11-05T23:20:22.018313] [WARN] Rate limit approaching
[2025-11-05T23:20:22.018256] [INFO] Service initialized
[2025-11-05T23:20:22.018295] [INFO] Configuration loaded
[2025-11-05T23:20:22.018303] [INFO] Session started
[2025-11-05T23:20:22.018291] [INFO] Database query executed
[2025-11-05T23:20:22.018275] [INFO] Configuration loaded
[2025-11-05T23:20:22.018334] [ERROR] Invalid input data
[2025-11-05T23:20:22.018364] [DEBUG] Memory allocation: 2048 bytes
[2025-11-05T23:20:22.018368] [DEBUG] Cache key generated
[2025-11-05T23:20:22.018299] [INFO] Database query executed
[2025-11-05T23:20:22.018226] [INFO] Session started
[2025-11-05T23:20:22.018349] [DEBUG] Loop iteration: 15
[2025-11-05T23:20:22.018270] [INFO] Database query executed
[2025-11-05T23:20:22.018383] [DEBUG] Entering function process_data()
[2025-11-05T23:20:22.018287] [INFO] Health check passed
[2025-11-05T23:20:22.018266] [INFO] Transaction completed
[2025-11-05T23:20:22.018322] [WARN] Connection retry attempt
[2025-11-05T23:20:22.018398] [DEBUG] Cache key generated
[2025-11-05T23:20:22.018261] [INFO] Service initialized
[2025-11-05T23:20:22.018353] [DEBUG] Thread pool size: 8
[2025-11-05T23:20:22.018394] [DEBUG] Cache key generated
[2025-11-05T23:20:22.018283] [INFO] User logged in
[2025-11-05T23:20:22.018307] [INFO] Transaction completed
[2025-11-05T23:20:22.018279] [INFO] Transaction completed
[2025-11-05T23:20:22.018372] [DEBUG] Buffer size: 4096 bytes
[2025-11-05T23:20:22.018358] [DEBUG] Variable value: x=42
[2025-11-05T23:20:22.018318] [WARN] Disk space low
[2025-11-05T23:20:22.018338] [ERROR] Service unavailable
[2025-11-05T23:20:22.018389] [DEBUG] HTTP request headers parsed
[2025-11-05T23:20:22.018251] [INFO] Service initialized
[2025-11-05T23:20:22.018327] [WARN] Cache miss
[2025-11-05T23:20:22.018379] [DEBUG] HTTP request headers parsed
