[2025-11-05T23:20:17.378345] [INFO] Health check passed
[2025-11-05T23:20:17.378431] [WARN] Resource threshold approaching
[2025-11-05T23:20:17.378426] [WARN] Resource threshold approaching
[2025-11-05T23:20:17.378383] [INFO] User logged in
[2025-11-05T23:20:17.378468] [DEBUG] Memory allocation: 2048 bytes
[2025-11-05T23:20:17.378415] [INFO] Health check passed
[2025-11-05T23:20:17.378317] [INFO] Configuration loaded
[2025-11-05T23:20:17.378436] [WARN] High memory usage detected
[2025-11-05T23:20:17.378365] [INFO] Connection established
[2025-11-05T23:20:17.378378] [INFO] Database query executed
[2025-11-05T23:20:17.378440] [WARN] Deprecated API usage
[2025-11-05T23:20:17.378472] [DEBUG] Thread pool size: 8
[2025-11-05T23:20:17.378370] [INFO] Connection established
[2025-11-05T23:20:17.378410] [INFO] Service initialized
[2025-11-05T23:20:17.378374] [INFO] User logged in
[2025-11-05T23:20:17.378406] [INFO] Connection established
[2025-11-05T23:20:17.378419] [INFO] Configuration loaded
[2025-11-05T23:20:17.378391] [INFO] Request processed successfully
[2025-11-05T23:20:17.378356] [INFO] Connection established
[2025-11-05T23:20:17.378446] [ERROR] Database connection lost
[2025-11-05T23:20:17.378361] [INFO] User logged in
[2025-11-05T23:20:17.378396] [INFO] Database query executed
[2025-11-05T23:20:17.378476] [DEBUG] Thread pool size: 8
[2025-11-05T23:20:17.378387] [INFO] Health check passed
[2025-11-05T23:20:17.378462] [DEBUG] HTTP request headers parsed
[2025-11-05T23:20:17.378401] [INFO] Connection established
[2025-11-05T23:20:17.378457] [DEBUG] Thread pool size: 8
[2025-11-05T23:20:17.378352] [INFO] Connection established
[2025-11-05T23:20:17.378451] [ERROR] Database connection lost
