[2025-11-05T23:20:52.504554] [INFO] User logged in
[2025-11-05T23:20:52.504546] [INFO] Configuration loaded
[2025-11-05T23:20:52.504600] [DEBUG] Loop iteration: 15
[2025-11-05T23:20:52.504514] [INFO] Service initialized
[2025-11-05T23:20:52.504541] [INFO] Service initialized
[2025-11-05T23:20:52.504509] [INFO] Health check passed
[2025-11-05T23:20:52.504498] [INFO] Connection established
[2025-11-05T23:20:52.504559] [INFO] Session started
[2025-11-05T23:20:52.504614] [DEBUG] Entering function process_data()
[2025-11-05T23:20:52.504532] [INFO] Transaction completed
[2025-11-05T23:20:52.504550] [INFO] Transaction completed
[2025-11-05T23:20:52.504610] [DEBUG] Loop iteration: 15
[2025-11-05T23:20:52.504504] [INFO] Database query executed
[2025-11-05T23:20:52.504579] [WARN] Deprecated API usage
[2025-11-05T23:20:52.504523] [INFO] Cache hit
[2025-11-05T23:20:52.504595] [DEBUG] Entering function process_data()
[2025-11-05T23:20:52.504575] [WARN] Rate limit approaching
[2025-11-05T23:20:52.504585] [ERROR] Memory allocation error
[2025-11-05T23:20:52.504537] [INFO] Database query executed
[2025-11-05T23:20:52.504591] [DEBUG] Thread pool size: 8
[2025-11-05T23:20:52.504528] [INFO] Transaction completed
[2025-11-05T23:20:52.504470] [INFO] Cache hit
[2025-11-05T23:20:52.504519] [INFO] Service initialized
[2025-11-05T23:20:52.504605] [DEBUG] Connection pool status checked
[2025-11-05T23:20:52.504570] [WARN] Disk space low
[2025-11-05T23:20:52.504565] [WARN] Cache miss
