[2025-11-05T23:20:22.993531] [INFO] Database query executed
[2025-11-05T23:20:22.993694] [DEBUG] Cache key generated
[2025-11-05T23:20:22.993699] [DEBUG] Timer set: 30 seconds
[2025-11-05T23:20:22.993642] [WARN] Connection retry attempt
[2025-11-05T23:20:22.993690] [DEBUG] Buffer size: 4096 bytes
[2025-11-05T23:20:22.993676] [DEBUG] Timer set: 30 seconds
[2025-11-05T23:20:22.993584] [INFO] Health check passed
[2025-11-05T23:20:22.993589] [INFO] Connection established
[2025-11-05T23:20:22.993603] [INFO] Cache hit
[2025-11-05T23:20:22.993646] [WARN] Resource threshold approaching
[2025-11-05T23:20:22.993631] [WARN] Timeout warning
[2025-11-05T23:20:22.993637] [WARN] Timeout warning
[2025-11-05T23:20:22.993621] [INFO] Connection established
[2025-11-05T23:20:22.993569] [INFO] Database query executed
[2025-11-05T23:20:22.993599] [INFO] Transaction completed
[2025-11-05T23:20:22.993703] [DEBUG] Cache key generated
[2025-11-05T23:20:22.993652] [ERROR] Database connection lost
[2025-11-05T23:20:22.993558] [INFO] Health check passed
[2025-11-05T23:20:22.993608] [INFO] Connection established
[2025-11-05T23:20:22.993658] [DEBUG] Memory allocation: 2048 bytes
[2025-11-05T23:20:22.993612] [INFO] Configuration loaded
[2025-11-05T23:20:22.993686] [DEBUG] Memory allocation: 2048 bytes
[2025-11-05T23:20:22.993672] [DEBUG] Memory allocation: 2048 bytes
[2025-11-05T23:20:22.993625] [INFO] Service initialized
[2025-11-05T23:20:22.993667] [DEBUG] Entering function process_data()
[2025-11-05T23:20:22.993580] [INFO] Health check passed
[2025-11-05T23:20:22.993662] [DEBUG] Connection pool status checked
[2025-11-05T23:20:22.993574] [INFO] Cache hit
[2025-11-05T23:20:22.993594] [INFO] Request processed successfully
[2025-11-05T23:20:22.993681] [DEBUG] Loop iteration: 15
[2025-11-05T23:20:22.993617] [INFO] Database query executed
[2025-11-05T23:20:22.993564] [INFO] Cache hit
