[2025-11-05T23:20:33.787027] [INFO] Request processed successfully
[2025-11-05T23:20:33.787249] [DEBUG] Variable value: x=42
[2025-11-05T23:20:33.786995] [INFO] User logged in
[2025-11-05T23:20:33.787156] [INFO] Connection established
[2025-11-05T23:20:33.787048] [INFO] Cache hit
[2025-11-05T23:20:33.787188] [WARN] High memory usage detected
[2025-11-05T23:20:33.787000] [INFO] Connection established
[2025-11-05T23:20:33.787213] [ERROR] Disk read failed
[2025-11-05T23:20:33.787227] [DEBUG] Memory allocation: 2048 bytes
[2025-11-05T23:20:33.787223] [DEBUG] Cache key generated
[2025-11-05T23:20:33.787039] [INFO] Transaction completed
[2025-11-05T23:20:33.787202] [WARN] Connection retry attempt
[2025-11-05T23:20:33.787173] [WARN] Cache miss
[2025-11-05T23:20:33.787010] [INFO] Database query executed
[2025-11-05T23:20:33.787035] [INFO] Service initialized
[2025-11-05T23:20:33.787193] [WARN] High memory usage detected
[2025-11-05T23:20:33.787031] [INFO] User logged in
[2025-11-05T23:20:33.786984] [INFO] Request processed successfully
[2025-11-05T23:20:33.787179] [WARN] Timeout warning
[2025-11-05T23:20:33.787245] [DEBUG] Buffer size: 4096 bytes
[2025-11-05T23:20:33.786990] [INFO] Cache hit
[2025-11-05T23:20:33.787207] [WARN] Slow query performance
[2025-11-05T23:20:33.787005] [INFO] Connection established
[2025-11-05T23:20:33.787023] [INFO] Health check passed
[2025-11-05T23:20:33.787218] [ERROR] Disk read failed
[2025-11-05T23:20:33.786954] [INFO] Service initialized
[2025-11-05T23:20:33.787184] [WARN] Slow query performance
[2025-11-05T23:20:33.787236] [DEBUG] Memory allocation: 2048 bytes
[2025-11-05T23:20:33.787240] [DEBUG] Cache key generated
[2025-11-05T23:20:33.787232] [DEBUG] Connection pool status checked
[2025-11-05T23:20:33.787198] [WARN] High memory usage detected
[2025-11-05T23:20:33.787019] [INFO] Request processed successfully
[2025-11-05T23:20:33.786387] [INFO] Transaction completed
[2025-11-05T23:20:33.787044] [INFO] Database query executed
[2025-11-05T23:20:33.787014] [INFO] Request processed successfully
