[2025-11-05T23:20:40.000062] [DEBUG] HTTP request headers parsed
[2025-11-05T23:20:39.999956] [INFO] Database query executed
[2025-11-05T23:20:40.000039] [WARN] Cache miss
[2025-11-05T23:20:39.999993] [INFO] User logged in
[2025-11-05T23:20:40.000009] [INFO] Database query executed
[2025-11-05T23:20:40.000067] [DEBUG] Variable value: x=42
[2025-11-05T23:20:40.000013] [INFO] User logged in
[2025-11-05T23:20:40.000092] [DEBUG] Variable value: x=42
[2025-11-05T23:20:40.000044] [ERROR] Invalid input data
[2025-11-05T23:20:40.000004] [INFO] Health check passed
[2025-11-05T23:20:39.999975] [INFO] Request processed successfully
[2025-11-05T23:20:40.000028] [WARN] Deprecated API usage
[2025-11-05T23:20:40.000035] [WARN] Resource threshold approaching
[2025-11-05T23:20:39.999997] [INFO] Transaction completed
[2025-11-05T23:20:39.999984] [INFO] Health check passed
[2025-11-05T23:20:39.999962] [INFO] Service initialized
[2025-11-05T23:20:40.000079] [DEBUG] Loop iteration: 15
[2025-11-05T23:20:40.000052] [ERROR] Memory allocation error
[2025-11-05T23:20:39.999930] [INFO] Configuration loaded
[2025-11-05T23:20:39.999988] [INFO] Cache hit
[2025-11-05T23:20:40.000105] [DEBUG] Memory allocation: 2048 bytes
[2025-11-05T23:20:40.000097] [DEBUG] Entering function process_data()
[2025-11-05T23:20:40.000031] [WARN] Disk space low
[2025-11-05T23:20:40.000076] [DEBUG] HTTP request headers parsed
[2025-11-05T23:20:40.000071] [DEBUG] Thread pool size: 8
[2025-11-05T23:20:39.999966] [INFO] Transaction completed
[2025-11-05T23:20:40.000023] [WARN] Cache miss
[2025-11-05T23:20:39.999971] [INFO] Configuration loaded
[2025-11-05T23:20:40.000048] [ERROR] Database connection lost
[2025-11-05T23:20:40.000088] [DEBUG] HTTP request headers parsed
[2025-11-05T23:20:39.999980] [INFO] Session started
[2025-11-05T23:20:40.000056] [ERROR] Request failed
[2025-11-05T23:20:40.000019] [WARN] Resource threshold approaching
[2025-11-05T23:20:40] [INFO] Cache hit
[2025-11-05T23:20:40.000083] [DEBUG] Entering function process_data()
[2025-11-05T23:20:40.000101] [DEBUG] Cache key generated
