[2025-11-05T23:20:25.976776] [DEBUG] Variable value: x=42
[2025-11-05T23:20:25.976700] [INFO] Configuration loaded
[2025-11-05T23:20:25.976766] [DEBUG] Entering function process_data()
[2025-11-05T23:20:25.976721] [INFO] Configuration loaded
[2025-11-05T23:20:25.976773] [DEBUG] Variable value: x=42
[2025-11-05T23:20:25.976680] [INFO] Session started
[2025-11-05T23:20:25.976714] [INFO] Configuration loaded
[2025-11-05T23:20:25.976786] [DEBUG] Variable value: x=42
[2025-11-05T23:20:25.976724] [INFO] Service initialized
[2025-11-05T23:20:25.976762] [DEBUG] Connection pool status checked
[2025-11-05T23:20:25.976690] [INFO] Service initialized
[2025-11-05T23:20:25.976747] [WARN] Deprecated API usage
[2025-11-05T23:20:25.976697] [INFO] Configuration loaded
[2025-11-05T23:20:25.976718] [INFO] Health check passed
[2025-11-05T23:20:25.976731] [INFO] Session started
[2025-11-05T23:20:25.976656] [INFO] Session started
[2025-11-05T23:20:25.976783] [DEBUG] HTTP request headers parsed
[2025-11-05T23:20:25.976686] [INFO] Session started
[2025-11-05T23:20:25.976756] [ERROR] File not found
[2025-11-05T23:20:25.976752] [ERROR] Request failed
[2025-11-05T23:20:25.976727] [INFO] Health check passed
[2025-11-05T23:20:25.976735] [WARN] High memory usage detected
[2025-11-05T23:20:25.976744] [WARN] Rate limit approaching
[2025-11-05T23:20:25.976770] [DEBUG] Connection pool status checked
[2025-11-05T23:20:25.976740] [WARN] Connection retry attempt
[2025-11-05T23:20:25.976704] [INFO] Connection established
[2025-11-05T23:20:25.976710] [INFO] Health check passed
[2025-11-05T23:20:25.976707] [INFO] Service initialized
[2025-11-05T23:20:25.976789] [DEBUG] Buffer size: 4096 bytes
[2025-11-05T23:20:25.976693] [INFO] Service initialized
[2025-11-05T23:20:25.976780] [DEBUG] Variable value: x=42
