[2025-11-05T23:20:35.317595] [ERROR] Network timeout
[2025-11-05T23:20:35.317621] [DEBUG] HTTP request headers parsed
[2025-11-05T23:20:35.317527] [INFO] Service initialized
[2025-11-05T23:20:35.317577] [WARN] Connection retry attempt
[2025-11-05T23:20:35.317625] [DEBUG] Connection pool status checked
[2025-11-05T23:20:35.317633] [DEBUG] Memory allocation: 2048 bytes
[2025-11-05T23:20:35.317543] [INFO] Database query executed
[2025-11-05T23:20:35.317531] [INFO] Cache hit
[2025-11-05T23:20:35.317573] [WARN] Rate limit approaching
[2025-11-05T23:20:35.317546] [INFO] Connection established
[2025-11-05T23:20:35.317510] [INFO] Cache hit
[2025-11-05T23:20:35.317554] [INFO] User logged in
[2025-11-05T23:20:35.317585] [WARN] Timeout warning
[2025-11-05T23:20:35.317641] [DEBUG] Connection pool status checked
[2025-11-05T23:20:35.317629] [DEBUG] Cache key generated
[2025-11-05T23:20:35.317514] [INFO] Session started
[2025-11-05T23:20:35.317563] [WARN] Queue size growing
[2025-11-05T23:20:35.317551] [INFO] Health check passed
[2025-11-05T23:20:35.317637] [DEBUG] Variable value: x=42
[2025-11-05T23:20:35.317617] [DEBUG] HTTP request headers parsed
[2025-11-05T23:20:35.317558] [INFO] Database query executed
[2025-11-05T23:20:35.317518] [INFO] Service initialized
[2025-11-05T23:20:35.317480] [INFO] Service initialized
[2025-11-05T23:20:35.317569] [WARN] Connection retry attempt
[2025-11-05T23:20:35.317604] [DEBUG] Connection pool status checked
[2025-11-05T23:20:35.317600] [DEBUG] HTTP request headers parsed
[2025-11-05T23:20:35.317609] [DEBUG] Entering function process_data()
[2025-11-05T23:20:35.317614] [DEBUG] Loop iteration: 15
[2025-11-05T23:20:35.317523] [INFO] Cache hit
[2025-11-05T23:20:35.317645] [DEBUG] Loop iteration: 15
[2025-11-05T23:20:35.317539] [INFO] Request processed successfully
[2025-11-05T23:20:35.317591] [ERROR] Service unavailable
[2025-11-05T23:20:35.317505] [INFO] Database query executed
[2025-11-05T23:20:35.317535] [INFO] Transaction completed
[2025-11-05T23:20:35.317581] [WARN] Rate limit approaching
