[2025-11-05T23:20:20.599981] [WARN] Deprecated API usage
[2025-11-05T23:20:20.599933] [INFO] Cache hit
[2025-11-05T23:20:20.600001] [DEBUG] Thread pool size: 8
[2025-11-05T23:20:20.600005] [DEBUG] Cache key generated
[2025-11-05T23:20:20.599991] [ERROR] Memory allocation error
[2025-11-05T23:20:20.599953] [INFO] Cache hit
[2025-11-05T23:20:20.599959] [WARN] High memory usage detected
[2025-11-05T23:20:20.599949] [INFO] Session started
[2025-11-05T23:20:20.599906] [INFO] Session started
[2025-11-05T23:20:20.600030] [DEBUG] HTTP request headers parsed
[2025-11-05T23:20:20.600026] [DEBUG] Memory allocation: 2048 bytes
[2025-11-05T23:20:20.599879] [INFO] Health check passed
[2025-11-05T23:20:20.599925] [INFO] User logged in
[2025-11-05T23:20:20.599972] [WARN] Rate limit approaching
[2025-11-05T23:20:20.599937] [INFO] Health check passed
[2025-11-05T23:20:20.599977] [WARN] Deprecated API usage
[2025-11-05T23:20:20.600014] [DEBUG] Loop iteration: 15
[2025-11-05T23:20:20.599986] [ERROR] File not found
[2025-11-05T23:20:20.599968] [WARN] Rate limit approaching
[2025-11-05T23:20:20.599912] [INFO] Session started
[2025-11-05T23:20:20.600009] [DEBUG] Timer set: 30 seconds
[2025-11-05T23:20:20.600022] [DEBUG] Cache key generated
[2025-11-05T23:20:20.599945] [INFO] Configuration loaded
[2025-11-05T23:20:20.599941] [INFO] Request processed successfully
[2025-11-05T23:20:20.599964] [WARN] High memory usage detected
[2025-11-05T23:20:20.599996] [DEBUG] Memory allocation: 2048 bytes
[2025-11-05T23:20:20.599929] [INFO] Connection established
[2025-11-05T23:20:20.599921] [INFO] Session started
[2025-11-05T23:20:20.599917] [INFO] Configuration loaded
[2025-11-05T23:20:20.600018] [DEBUG] Variable value: x=42
