[2025-11-05T23:20:30.818845] [INFO] Request processed successfully
[2025-11-05T23:20:30.818884] [INFO] Configuration loaded
[2025-11-05T23:20:30.818925] [DEBUG] Loop iteration: 15
[2025-11-05T23:20:30.818939] [DEBUG] Connection pool status checked
[2025-11-05T23:20:30.818908] [WARN] Slow query performance
[2025-11-05T23:20:30.818867] [INFO] Cache hit
[2025-11-05T23:20:30.818896] [WARN] Queue size growing
[2025-11-05T23:20:30.818891] [INFO] Cache hit
[2025-11-05T23:20:30.818871] [INFO] Transaction completed
[2025-11-05T23:20:30.818912] [WARN] Connection retry attempt
[2025-11-05T23:20:30.818857] [INFO] Request processed successfully
[2025-11-05T23:20:30.818820] [INFO] Session started
[2025-11-05T23:20:30.818921] [DEBUG] Entering function process_data()
[2025-11-05T23:20:30.818861] [INFO] Configuration loaded
[2025-11-05T23:20:30.818901] [WARN] Queue size growing
[2025-11-05T23:20:30.818854] [INFO] Database query executed
[2025-11-05T23:20:30.818864] [INFO] Connection established
[2025-11-05T23:20:30.818936] [DEBUG] Loop iteration: 15
[2025-11-05T23:20:30.818881] [INFO] Session started
[2025-11-05T23:20:30.818888] [INFO] Session started
[2025-11-05T23:20:30.818943] [DEBUG] Loop iteration: 15
[2025-11-05T23:20:30.818950] [DEBUG] Timer set: 30 seconds
[2025-11-05T23:20:30.818904] [WARN] Disk space low
[2025-11-05T23:20:30.818878] [INFO] Session started
[2025-11-05T23:20:30.818850] [INFO] User logged in
[2025-11-05T23:20:30.818875] [INFO] Request processed successfully
[2025-11-05T23:20:30.818929] [DEBUG] Memory allocation: 2048 bytes
[2025-11-05T23:20:30.818932] [DEBUG] Timer set: 30 seconds
[2025-11-05T23:20:30.818916] [ERROR] Permission denied
[2025-11-05T23:20:30.818946] [DEBUG] Timer set: 30 seconds
