[2025-11-05T23:20:42.516870] [ERROR] Invalid input data
[2025-11-05T23:20:42.516886] [DEBUG] Cache key generated
[2025-11-05T23:20:42.516801] [INFO] Database query executed
[2025-11-05T23:20:42.516824] [INFO] Database query executed
[2025-11-05T23:20:42.516902] [DEBUG] Cache key generated
[2025-11-05T23:20:42.516795] [INFO] Configuration loaded
[2025-11-05T23:20:42.516858] [INFO] Configuration loaded
[2025-11-05T23:20:42.516898] [DEBUG] Thread pool size: 8
[2025-11-05T23:20:42.516864] [WARN] Deprecated API usage
[2025-11-05T23:20:42.516769] [INFO] Session started
[2025-11-05T23:20:42.516828] [INFO] Service initialized
[2025-11-05T23:20:42.516877] [DEBUG] Cache key generated
[2025-11-05T23:20:42.516837] [INFO] Connection established
[2025-11-05T23:20:42.516854] [INFO] Database query executed
[2025-11-05T23:20:42.516832] [INFO] Session started
[2025-11-05T23:20:42.516881] [DEBUG] Buffer size: 4096 bytes
[2025-11-05T23:20:42.516912] [DEBUG] Thread pool size: 8
[2025-11-05T23:20:42.516813] [INFO] Configuration loaded
[2025-11-05T23:20:42.516894] [DEBUG] Connection pool status checked
[2025-11-05T23:20:42.516850] [INFO] Connection established
[2025-11-05T23:20:42.516889] [DEBUG] Entering function process_data()
[2025-11-05T23:20:42.516807] [INFO] Transaction completed
[2025-11-05T23:20:42.516841] [INFO] Health check passed
[2025-11-05T23:20:42.516818] [INFO] Database query executed
[2025-11-05T23:20:42.516907] [DEBUG] Loop iteration: 15
[2025-11-05T23:20:42.516846] [INFO] Cache hit
