[2025-11-05T23:20:47.487166] [INFO] Cache hit
[2025-11-05T23:20:47.487180] [WARN] Resource threshold approaching
[2025-11-05T23:20:47.487206] [ERROR] Memory allocation error
[2025-11-05T23:20:47.487223] [DEBUG] Timer set: 30 seconds
[2025-11-05T23:20:47.487214] [DEBUG] Timer set: 30 seconds
[2025-11-05T23:20:47.487233] [DEBUG] Entering function process_data()
[2025-11-05T23:20:47.487226] [DEBUG] Connection pool status checked
[2025-11-05T23:20:47.486824] [INFO] Transaction completed
[2025-11-05T23:20:47.487151] [INFO] Request processed successfully
[2025-11-05T23:20:47.487158] [INFO] Transaction completed
[2025-11-05T23:20:47.486828] [INFO] Database query executed
[2025-11-05T23:20:47.487162] [INFO] User logged in
[2025-11-05T23:20:47.487189] [WARN] High memory usage detected
[2025-11-05T23:20:47.487154] [INFO] Session started
[2025-11-05T23:20:47.487125] [INFO] Session started
[2025-11-05T23:20:47.487230] [DEBUG] Variable value: x=42
[2025-11-05T23:20:47.487172] [INFO] Configuration loaded
[2025-11-05T23:20:47.487218] [DEBUG] Variable value: x=42
[2025-11-05T23:20:47.487142] [INFO] Transaction completed
[2025-11-05T23:20:47.487193] [WARN] Deprecated API usage
[2025-11-05T23:20:47.486790] [INFO] Session started
[2025-11-05T23:20:47.487147] [INFO] Request processed successfully
[2025-11-05T23:20:47.487209] [ERROR] Permission denied
[2025-11-05T23:20:47.486815] [INFO] Health check passed
[2025-11-05T23:20:47.487236] [DEBUG] Variable value: x=42
[2025-11-05T23:20:47.487240] [DEBUG] Entering function process_data()
[2025-11-05T23:20:47.487201] [ERROR] Network timeout
[2025-11-05T23:20:47.486820] [INFO] Transaction completed
[2025-11-05T23:20:47.487169] [INFO] User logged in
[2025-11-05T23:20:47.487184] [WARN] High memory usage detected
[2025-11-05T23:20:47.487197] [WARN] Rate limit approaching
[2025-11-05T23:20:47.487244] [DEBUG] Entering function process_data()
