[2025-11-05T23:20:50.546509] [INFO] Connection established
[2025-11-05T23:20:50.546505] [INFO] Health check passed
[2025-11-05T23:20:50.546522] [INFO] Cache hit
[2025-11-05T23:20:50.546554] [WARN] Disk space low
[2025-11-05T23:20:50.546539] [INFO] Request processed successfully
[2025-11-05T23:20:50.546574] [DEBUG] Connection pool status checked
[2025-11-05T23:20:50.546604] [DEBUG] Memory allocation: 2048 bytes
[2025-11-05T23:20:50.546490] [INFO] Service initialized
[2025-11-05T23:20:50.546600] [DEBUG] Entering function process_data()
[2025-11-05T23:20:50.546596] [DEBUG] Loop iteration: 15
[2025-11-05T23:20:50.546526] [INFO] Connection established
[2025-11-05T23:20:50.546496] [INFO] Request processed successfully
[2025-11-05T23:20:50.546550] [WARN] Connection retry attempt
[2025-11-05T23:20:50.546514] [INFO] Session started
[2025-11-05T23:20:50.546545] [WARN] Connection retry attempt
[2025-11-05T23:20:50.546501] [INFO] Service initialized
[2025-11-05T23:20:50.546584] [DEBUG] Variable value: x=42
[2025-11-05T23:20:50.546518] [INFO] Service initialized
[2025-11-05T23:20:50.546531] [INFO] Connection established
[2025-11-05T23:20:50.546464] [INFO] Health check passed
[2025-11-05T23:20:50.546570] [DEBUG] Cache key generated
[2025-11-05T23:20:50.546535] [INFO] Service initialized
[2025-11-05T23:20:50.546559] [ERROR] Database connection lost
[2025-11-05T23:20:50.546579] [DEBUG] Memory allocation: 2048 bytes
[2025-11-05T23:20:50.546592] [DEBUG] Timer set: 30 seconds
[2025-11-05T23:20:50.546564] [ERROR] Permission denied
[2025-11-05T23:20:50.546588] [DEBUG] Buffer size: 4096 bytes
