[2025-11-05T23:20:53.767758] [DEBUG] Timer set: 30 seconds
[2025-11-05T23:20:53.767731] [WARN] Queue size growing
[2025-11-05T23:20:53.767738] [ERROR] Permission denied
[2025-11-05T23:20:53.767704] [WARN] Queue size growing
[2025-11-05T23:20:53.767726] [WARN] Disk space low
[2025-11-05T23:20:53.767674] [INFO] Database query executed
[2025-11-05T23:20:53.767745] [ERROR] Network timeout
[2025-11-05T23:20:53.767669] [INFO] Health check passed
[2025-11-05T23:20:53.767637] [INFO] Service initialized
[2025-11-05T23:20:53.767709] [WARN] Connection retry attempt
[2025-11-05T23:20:53.767786] [DEBUG] HTTP request headers parsed
[2025-11-05T23:20:53.767654] [INFO] User logged in
[2025-11-05T23:20:53.767774] [DEBUG] Connection pool status checked
[2025-11-05T23:20:53.767792] [DEBUG] Buffer size: 4096 bytes
[2025-11-05T23:20:53.767607] [INFO] Health check passed
[2025-11-05T23:20:53.767665] [INFO] Service initialized
[2025-11-05T23:20:53.767752] [DEBUG] Variable value: x=42
[2025-11-05T23:20:53.767720] [WARN] Deprecated API usage
[2025-11-05T23:20:53.767697] [WARN] High memory usage detected
[2025-11-05T23:20:53.767631] [INFO] User logged in
[2025-11-05T23:20:53.767573] [INFO] Service initialized
[2025-11-05T23:20:53.767600] [INFO] User logged in
[2025-11-05T23:20:53.767715] [WARN] Disk space low
[2025-11-05T23:20:53.767642] [INFO] Database query executed
[2025-11-05T23:20:53.767659] [INFO] Service initialized
[2025-11-05T23:20:53.767625] [INFO] Transaction completed
[2025-11-05T23:20:53.767648] [INFO] Health check passed
[2025-11-05T23:20:53.767684] [INFO] Health check passed
[2025-11-05T23:20:53.767770] [DEBUG] Variable value: x=42
[2025-11-05T23:20:53.767690] [INFO] Cache hit
[2025-11-05T23:20:53.767613] [INFO] Health check passed
[2025-11-05T23:20:53.767764] [DEBUG] Timer set: 30 seconds
[2025-11-05T23:20:53.767618] [INFO] Service initialized
[2025-11-05T23:20:53.767780] [DEBUG] Memory allocation: 2048 bytes
[2025-11-05T23:20:53.767678] [INFO] Session started
