[2025-11-05T23:20:23.697402] [WARN] Resource threshold approaching
[2025-11-05T23:20:23.697351] [INFO] Connection established
[2025-11-05T23:20:23.697441] [DEBUG] HTTP request headers parsed
[2025-11-05T23:20:23.697424] [WARN] Resource threshold approaching
[2025-11-05T23:20:23.697381] [INFO] Health check passed
[2025-11-05T23:20:23.697407] [WARN] Connection retry attempt
[2025-11-05T23:20:23.697435] [ERROR] Invalid input data
[2025-11-05T23:20:23.697465] [DEBUG] Buffer size: 4096 bytes
[2025-11-05T23:20:23.697417] [WARN] Deprecated API usage
[2025-11-05T23:20:23.697356] [INFO] Request processed successfully
[2025-11-05T23:20:23.697429] [WARN] Queue size growing
[2025-11-05T23:20:23.697386] [INFO] User logged in
[2025-11-05T23:20:23.697447] [DEBUG] Buffer size: 4096 bytes
[2025-11-05T23:20:23.697452] [DEBUG] Cache key generated
[2025-11-05T23:20:23.697366] [INFO] User logged in
[2025-11-05T23:20:23.697340] [INFO] Session started
[2025-11-05T23:20:23.697469] [DEBUG] Connection pool status checked
[2025-11-05T23:20:23.697347] [INFO] Cache hit
[2025-11-05T23:20:23.697477] [DEBUG] Loop iteration: 15
[2025-11-05T23:20:23.697313] [INFO] Cache hit
[2025-11-05T23:20:23.697362] [INFO] Service initialized
[2025-11-05T23:20:23.697391] [INFO] Health check passed
[2025-11-05T23:20:23.697375] [INFO] Configuration loaded
[2025-11-05T23:20:23.697456] [DEBUG] Memory allocation: 2048 bytes
[2025-11-05T23:20:23.697411] [WARN] Queue size growing
[2025-11-05T23:20:23.697473] [DEBUG] Timer set: 30 seconds
[2025-11-05T23:20:23.697397] [WARN] High memory usage detected
[2025-11-05T23:20:23.697371] [INFO] Service initialized
[2025-11-05T23:20:23.697460] [DEBUG] Timer set: 30 seconds
