[2025-11-05T23:20:13.870660] [ERROR] Service unavailable
[2025-11-05T23:20:13.870598] [INFO] User logged in
[2025-11-05T23:20:13.870579] [INFO] User logged in
[2025-11-05T23:20:13.870594] [INFO] Cache hit
[2025-11-05T23:20:13.870646] [WARN] Cache miss
[2025-11-05T23:20:13.870643] [WARN] Queue size growing
[2025-11-05T23:20:13.870615] [INFO] Database query executed
[2025-11-05T23:20:13.870696] [DEBUG] Connection pool status checked
[2025-11-05T23:20:13.870601] [INFO] User logged in
[2025-11-05T23:20:13.870627] [INFO] Service initialized
[2025-11-05T23:20:13.870624] [INFO] Connection established
[2025-11-05T23:20:13.870591] [INFO] Configuration loaded
[2025-11-05T23:20:13.870671] [DEBUG] HTTP request headers parsed
[2025-11-05T23:20:13.870630] [INFO] Connection established
[2025-11-05T23:20:13.870611] [INFO] Connection established
[2025-11-05T23:20:13.870675] [DEBUG] Buffer size: 4096 bytes
[2025-11-05T23:20:13.870621] [INFO] User logged in
[2025-11-05T23:20:13.870604] [INFO] Configuration loaded
[2025-11-05T23:20:13.870618] [INFO] Cache hit
[2025-11-05T23:20:13.870650] [WARN] Timeout warning
[2025-11-05T23:20:13.870693] [DEBUG] Timer set: 30 seconds
[2025-11-05T23:20:13.870587] [INFO] Connection established
[2025-11-05T23:20:13.870681] [DEBUG] Cache key generated
[2025-11-05T23:20:13.870665] [DEBUG] Buffer size: 4096 bytes
[2025-11-05T23:20:13.870684] [DEBUG] Thread pool size: 8
[2025-11-05T23:20:13.870687] [DEBUG] Timer set: 30 seconds
[2025-11-05T23:20:13.870583] [INFO] Health check passed
[2025-11-05T23:20:13.870653] [WARN] High memory usage detected
[2025-11-05T23:20:13.870634] [INFO] Database query executed
[2025-11-05T23:20:13.870668] [DEBUG] Variable value: x=42
[2025-11-05T23:20:13.870656] [WARN] Slow query performance
[2025-11-05T23:20:13.870639] [WARN] Timeout warning
[2025-11-05T23:20:13.870608] [INFO] Health check passed
[2025-11-05T23:20:13.870690] [DEBUG] Variable value: x=42
[2025-11-05T23:20:13.870678] [DEBUG] Entering function process_data()
[2025-11-05T23:20:13.870554] [INFO] User logged in
