[2025-11-05T23:20:27.491287] [INFO] Service initialized
[2025-11-05T23:20:27.491315] [ERROR] Disk read failed
[2025-11-05T23:20:27.491306] [WARN] Resource threshold approaching
[2025-11-05T23:20:27.491297] [INFO] Connection established
[2025-11-05T23:20:27.491266] [INFO] Configuration loaded
[2025-11-05T23:20:27.491270] [INFO] Database query executed
[2025-11-05T23:20:27.491334] [DEBUG] Entering function process_data()
[2025-11-05T23:20:27.491254] [INFO] Connection established
[2025-11-05T23:20:27.491311] [ERROR] File not found
[2025-11-05T23:20:27.491259] [INFO] Request processed successfully
[2025-11-05T23:20:27.491280] [INFO] Connection established
[2025-11-05T23:20:27.491294] [INFO] Session started
[2025-11-05T23:20:27.491302] [WARN] Rate limit approaching
[2025-11-05T23:20:27.491277] [INFO] Database query executed
[2025-11-05T23:20:27.491341] [DEBUG] Timer set: 30 seconds
[2025-11-05T23:20:27.491284] [INFO] Connection established
[2025-11-05T23:20:27.491338] [DEBUG] Cache key generated
[2025-11-05T23:20:27.491291] [INFO] Database query executed
[2025-11-05T23:20:27.491226] [INFO] Service initialized
[2025-11-05T23:20:27.491320] [DEBUG] Variable value: x=42
[2025-11-05T23:20:27.491331] [DEBUG] Memory allocation: 2048 bytes
[2025-11-05T23:20:27.491250] [INFO] Transaction completed
[2025-11-05T23:20:27.491324] [DEBUG] Cache key generated
[2025-11-05T23:20:27.491345] [DEBUG] Memory allocation: 2048 bytes
[2025-11-05T23:20:27.491273] [INFO] Session started
[2025-11-05T23:20:27.491262] [INFO] Cache hit
[2025-11-05T23:20:27.491327] [DEBUG] Loop iteration: 15
