[2025-11-05T23:20:40.076773] [DEBUG] Variable value: x=42
[2025-11-05T23:20:40.076740] [ERROR] Memory allocation error
[2025-11-05T23:20:40.076664] [INFO] Transaction completed
[2025-11-05T23:20:40.076724] [WARN] High memory usage detected
[2025-11-05T23:20:40.076650] [INFO] Transaction completed
[2025-11-05T23:20:40.076735] [ERROR] Network timeout
[2025-11-05T23:20:40.076660] [INFO] Health check passed
[2025-11-05T23:20:40.076769] [DEBUG] Loop iteration: 15
[2025-11-05T23:20:40.076715] [WARN] Deprecated API usage
[2025-11-05T23:20:40.076783] [DEBUG] Variable value: x=42
[2025-11-05T23:20:40.076709] [WARN] Timeout warning
[2025-11-05T23:20:40.076728] [WARN] Slow query performance
[2025-11-05T23:20:40.076695] [INFO] Database query executed
[2025-11-05T23:20:40.076612] [INFO] User logged in
[2025-11-05T23:20:40.076646] [INFO] Database query executed
[2025-11-05T23:20:40.076703] [INFO] Database query executed
[2025-11-05T23:20:40.076682] [INFO] Configuration loaded
[2025-11-05T23:20:40.076669] [INFO] Configuration loaded
[2025-11-05T23:20:40.076750] [DEBUG] Memory allocation: 2048 bytes
[2025-11-05T23:20:40.076677] [INFO] User logged in
[2025-11-05T23:20:40.076673] [INFO] User logged in
[2025-11-05T23:20:40.076686] [INFO] Configuration loaded
[2025-11-05T23:20:40.076720] [WARN] Timeout warning
[2025-11-05T23:20:40.076745] [DEBUG] Timer set: 30 seconds
[2025-11-05T23:20:40.076639] [INFO] Request processed successfully
[2025-11-05T23:20:40.076760] [DEBUG] HTTP request headers parsed
[2025-11-05T23:20:40.076778] [DEBUG] Loop iteration: 15
[2025-11-05T23:20:40.076690] [INFO] Request processed successfully
[2025-11-05T23:20:40.076699] [INFO] User logged in
[2025-11-05T23:20:40.076755] [DEBUG] Connection pool status checked
[2025-11-05T23:20:40.076655] [INFO] Session started
[2025-11-05T23:20:40.076765] [DEBUG] Connection pool status checked
