[2025-11-05T23:20:26.875527] [WARN] Timeout warning
[2025-11-05T23:20:26.875427] [INFO] Service initialized
[2025-11-05T23:20:26.875513] [WARN] Resource threshold approaching
[2025-11-05T23:20:26.875538] [ERROR] Network timeout
[2025-11-05T23:20:26.875550] [DEBUG] Thread pool size: 8
[2025-11-05T23:20:26.875533] [ERROR] Permission denied
[2025-11-05T23:20:26.875489] [INFO] Health check passed
[2025-11-05T23:20:26.875481] [INFO] Database query executed
[2025-11-05T23:20:26.875471] [INFO] Session started
[2025-11-05T23:20:26.875518] [WARN] High memory usage detected
[2025-11-05T23:20:26.875579] [DEBUG] Buffer size: 4096 bytes
[2025-11-05T23:20:26.875555] [DEBUG] HTTP request headers parsed
[2025-11-05T23:20:26.875502] [INFO] Configuration loaded
[2025-11-05T23:20:26.875563] [DEBUG] Entering function process_data()
[2025-11-05T23:20:26.875523] [WARN] Cache miss
[2025-11-05T23:20:26.875460] [INFO] Request processed successfully
[2025-11-05T23:20:26.875497] [INFO] Health check passed
[2025-11-05T23:20:26.875476] [INFO] Transaction completed
[2025-11-05T23:20:26.875568] [DEBUG] Buffer size: 4096 bytes
[2025-11-05T23:20:26.875454] [INFO] User logged in
[2025-11-05T23:20:26.875583] [DEBUG] Cache key generated
[2025-11-05T23:20:26.875485] [INFO] Session started
[2025-11-05T23:20:26.875559] [DEBUG] Loop iteration: 15
[2025-11-05T23:20:26.875493] [INFO] Request processed successfully
[2025-11-05T23:20:26.875507] [WARN] Connection retry attempt
[2025-11-05T23:20:26.875545] [DEBUG] Connection pool status checked
[2025-11-05T23:20:26.875466] [INFO] Transaction completed
[2025-11-05T23:20:26.875573] [DEBUG] Connection pool status checked
