[2025-11-05T23:20:12.262508] [WARN] Queue size growing
[2025-11-05T23:20:12.262416] [INFO] Session started
[2025-11-05T23:20:12.262557] [DEBUG] Connection pool status checked
[2025-11-05T23:20:12.262532] [DEBUG] Timer set: 30 seconds
[2025-11-05T23:20:12.262494] [INFO] Connection established
[2025-11-05T23:20:12.262539] [DEBUG] Timer set: 30 seconds
[2025-11-05T23:20:12.262499] [WARN] Cache miss
[2025-11-05T23:20:12.262474] [INFO] Health check passed
[2025-11-05T23:20:12.262456] [INFO] Health check passed
[2025-11-05T23:20:12.262460] [INFO] Connection established
[2025-11-05T23:20:12.262519] [ERROR] Memory allocation error
[2025-11-05T23:20:12.262469] [INFO] User logged in
[2025-11-05T23:20:12.262536] [DEBUG] Variable value: x=42
[2025-11-05T23:20:12.262445] [INFO] Service initialized
[2025-11-05T23:20:12.262523] [DEBUG] Loop iteration: 15
[2025-11-05T23:20:12.262490] [INFO] Health check passed
[2025-11-05T23:20:12.262451] [INFO] User logged in
[2025-11-05T23:20:12.262544] [DEBUG] HTTP request headers parsed
[2025-11-05T23:20:12.262552] [DEBUG] Loop iteration: 15
[2025-11-05T23:20:12.262465] [INFO] Connection established
[2025-11-05T23:20:12.262486] [INFO] Connection established
[2025-11-05T23:20:12.262548] [DEBUG] Cache key generated
[2025-11-05T23:20:12.262482] [INFO] Transaction completed
[2025-11-05T23:20:12.262513] [ERROR] Service unavailable
[2025-11-05T23:20:12.262504] [WARN] Timeout warning
[2025-11-05T23:20:12.262528] [DEBUG] Cache key generated
[2025-11-05T23:20:12.262478] [INFO] Configuration loaded
