[2025-11-05T23:20:46.815229] [INFO] Database query executed
[2025-11-05T23:20:46.815234] [INFO] User logged in
[2025-11-05T23:20:46.815281] [WARN] Deprecated API usage
[2025-11-05T23:20:46.815294] [WARN] Rate limit approaching
[2025-11-05T23:20:46.815331] [DEBUG] Connection pool status checked
[2025-11-05T23:20:46.815186] [INFO] Session started
[2025-11-05T23:20:46.815325] [DEBUG] Memory allocation: 2048 bytes
[2025-11-05T23:20:46.815224] [INFO] Session started
[2025-11-05T23:20:46.815335] [DEBUG] Variable value: x=42
[2025-11-05T23:20:46.815285] [WARN] Timeout warning
[2025-11-05T23:20:46.815266] [WARN] High memory usage detected
[2025-11-05T23:20:46.815252] [INFO] Connection established
[2025-11-05T23:20:46.815212] [INFO] Configuration loaded
[2025-11-05T23:20:46.815320] [DEBUG] Thread pool size: 8
[2025-11-05T23:20:46.815305] [ERROR] File not found
[2025-11-05T23:20:46.815218] [INFO] Cache hit
[2025-11-05T23:20:46.815310] [ERROR] Request failed
[2025-11-05T23:20:46.815290] [WARN] Deprecated API usage
[2025-11-05T23:20:46.815247] [INFO] Transaction completed
[2025-11-05T23:20:46.815316] [DEBUG] Variable value: x=42
[2025-11-05T23:20:46.815261] [INFO] Health check passed
[2025-11-05T23:20:46.815256] [INFO] Cache hit
[2025-11-05T23:20:46.815340] [DEBUG] Loop iteration: 15
[2025-11-05T23:20:46.815239] [INFO] Request processed successfully
[2025-11-05T23:20:46.815243] [INFO] Session started
[2025-11-05T23:20:46.815271] [WARN] Queue size growing
[2025-11-05T23:20:46.815276] [WARN] Deprecated API usage
[2025-11-05T23:20:46.815299] [WARN] Cache miss
