[2025-11-05T23:20:35.865144] [WARN] Resource threshold approaching
[2025-11-05T23:20:35.865069] [INFO] Connection established
[2025-11-05T23:20:35.865152] [WARN] Disk space low
[2025-11-05T23:20:35.865140] [WARN] Connection retry attempt
[2025-11-05T23:20:35.865158] [ERROR] Memory allocation error
[2025-11-05T23:20:35.865117] [INFO] Session started
[2025-11-05T23:20:35.865129] [INFO] Connection established
[2025-11-05T23:20:35.865097] [INFO] Connection established
[2025-11-05T23:20:35.865176] [DEBUG] HTTP request headers parsed
[2025-11-05T23:20:35.865188] [DEBUG] Variable value: x=42
[2025-11-05T23:20:35.865088] [INFO] Session started
[2025-11-05T23:20:35.865172] [DEBUG] Timer set: 30 seconds
[2025-11-05T23:20:35.865148] [WARN] Disk space low
[2025-11-05T23:20:35.865105] [INFO] Configuration loaded
[2025-11-05T23:20:35.865125] [INFO] Database query executed
[2025-11-05T23:20:35.865093] [INFO] Connection established
[2025-11-05T23:20:35.865078] [INFO] User logged in
[2025-11-05T23:20:35.865193] [DEBUG] Entering function process_data()
[2025-11-05T23:20:35.865083] [INFO] Configuration loaded
[2025-11-05T23:20:35.865074] [INFO] Connection established
[2025-11-05T23:20:35.865043] [INFO] Service initialized
[2025-11-05T23:20:35.865184] [DEBUG] Memory allocation: 2048 bytes
[2025-11-05T23:20:35.865121] [INFO] Cache hit
[2025-11-05T23:20:35.865167] [DEBUG] Cache key generated
[2025-11-05T23:20:35.865162] [ERROR] Disk read failed
[2025-11-05T23:20:35.865101] [INFO] User logged in
[2025-11-05T23:20:35.865113] [INFO] User logged in
[2025-11-05T23:20:35.865180] [DEBUG] Timer set: 30 seconds
[2025-11-05T23:20:35.865109] [INFO] Connection established
[2025-11-05T23:20:35.865134] [WARN] Connection retry attempt
