[2025-11-05T23:20:28.904364] [INFO] Connection established
[2025-11-05T23:20:28.904447] [DEBUG] Loop iteration: 15
[2025-11-05T23:20:28.904378] [INFO] Health check passed
[2025-11-05T23:20:28.904389] [INFO] Connection established
[2025-11-05T23:20:28.904352] [INFO] Configuration loaded
[2025-11-05T23:20:28.904455] [DEBUG] Memory allocation: 2048 bytes
[2025-11-05T23:20:28.904418] [ERROR] Database connection lost
[2025-11-05T23:20:28.904367] [INFO] Session started
[2025-11-05T23:20:28.904410] [WARN] Connection retry attempt
[2025-11-05T23:20:28.904392] [INFO] Database query executed
[2025-11-05T23:20:28.904385] [INFO] Cache hit
[2025-11-05T23:20:28.904427] [DEBUG] Buffer size: 4096 bytes
[2025-11-05T23:20:28.904360] [INFO] Cache hit
[2025-11-05T23:20:28.904370] [INFO] Database query executed
[2025-11-05T23:20:28.904451] [DEBUG] Connection pool status checked
[2025-11-05T23:20:28.904382] [INFO] Transaction completed
[2025-11-05T23:20:28.904443] [DEBUG] Variable value: x=42
[2025-11-05T23:20:28.904317] [INFO] Request processed successfully
[2025-11-05T23:20:28.904432] [DEBUG] Memory allocation: 2048 bytes
[2025-11-05T23:20:28.904423] [DEBUG] Loop iteration: 15
[2025-11-05T23:20:28.904356] [INFO] Session started
[2025-11-05T23:20:28.904343] [INFO] Connection established
[2025-11-05T23:20:28.904402] [WARN] Deprecated API usage
[2025-11-05T23:20:28.904374] [INFO] Session started
[2025-11-05T23:20:28.904439] [DEBUG] Entering function process_data()
[2025-11-05T23:20:28.904397] [WARN] Disk space low
[2025-11-05T23:20:28.904348] [INFO] Service initialized
[2025-11-05T23:20:28.904435] [DEBUG] Entering function process_data()
[2025-11-05T23:20:28.904406] [WARN] Resource threshold approaching
[2025-11-05T23:20:28.904414] [ERROR] Service unavailable
