[2025-11-05T23:20:23.775930] [INFO] Cache hit
[2025-11-05T23:20:23.775951] [INFO] Request processed successfully
[2025-11-05T23:20:23.776023] [DEBUG] Buffer size: 4096 bytes
[2025-11-05T23:20:23.776058] [DEBUG] Thread pool size: 8
[2025-11-05T23:20:23.775911] [INFO] Service initialized
[2025-11-05T23:20:23.775963] [INFO] Service initialized
[2025-11-05T23:20:23.775917] [INFO] Request processed successfully
[2025-11-05T23:20:23.776007] [WARN] Timeout warning
[2025-11-05T23:20:23.775968] [INFO] Request processed successfully
[2025-11-05T23:20:23.776002] [WARN] High memory usage detected
[2025-11-05T23:20:23.776053] [DEBUG] Buffer size: 4096 bytes
[2025-11-05T23:20:23.776041] [DEBUG] Entering function process_data()
[2025-11-05T23:20:23.775947] [INFO] User logged in
[2025-11-05T23:20:23.775992] [WARN] Timeout warning
[2025-11-05T23:20:23.775921] [INFO] Configuration loaded
[2025-11-05T23:20:23.775976] [INFO] Transaction completed
[2025-11-05T23:20:23.776012] [ERROR] Network timeout
[2025-11-05T23:20:23.775983] [WARN] Slow query performance
[2025-11-05T23:20:23.775959] [INFO] Service initialized
[2025-11-05T23:20:23.775926] [INFO] Request processed successfully
[2025-11-05T23:20:23.775942] [INFO] Database query executed
[2025-11-05T23:20:23.776028] [DEBUG] Cache key generated
[2025-11-05T23:20:23.775934] [INFO] Session started
[2025-11-05T23:20:23.776049] [DEBUG] Entering function process_data()
[2025-11-05T23:20:23.776045] [DEBUG] Entering function process_data()
[2025-11-05T23:20:23.776018] [ERROR] Authentication failed
[2025-11-05T23:20:23.776037] [DEBUG] Buffer size: 4096 bytes
[2025-11-05T23:20:23.775886] [INFO] Cache hit
[2025-11-05T23:20:23.775955] [INFO] User logged in
[2025-11-05T23:20:23.775998] [WARN] Timeout warning
[2025-11-05T23:20:23.775938] [INFO] Transaction completed
[2025-11-05T23:20:23.775988] [WARN] Queue size growing
[2025-11-05T23:20:23.775972] [INFO] Connection established
[2025-11-05T23:20:23.776033] [DEBUG] Cache key generated
