[2025-11-05T23:20:30.606162] [DEBUG] Cache key generated
[2025-11-05T23:20:30.606135] [WARN] High memory usage detected
[2025-11-05T23:20:30.606114] [INFO] Transaction completed
[2025-11-05T23:20:30.606100] [INFO] Health check passed
[2025-11-05T23:20:30.606170] [DEBUG] Thread pool size: 8
[2025-11-05T23:20:30.606166] [DEBUG] Entering function process_data()
[2025-11-05T23:20:30.606093] [INFO] Request processed successfully
[2025-11-05T23:20:30.606179] [DEBUG] Entering function process_data()
[2025-11-05T23:20:30.606124] [WARN] Connection retry attempt
[2025-11-05T23:20:30.606066] [INFO] Database query executed
[2025-11-05T23:20:30.606109] [INFO] Cache hit
[2025-11-05T23:20:30.606174] [DEBUG] Buffer size: 4096 bytes
[2025-11-05T23:20:30.606084] [INFO] Connection established
[2025-11-05T23:20:30.606088] [INFO] Connection established
[2025-11-05T23:20:30.606034] [INFO] Service initialized
[2025-11-05T23:20:30.606071] [INFO] Session started
[2025-11-05T23:20:30.606141] [WARN] Connection retry attempt
[2025-11-05T23:20:30.606061] [INFO] Configuration loaded
[2025-11-05T23:20:30.606130] [WARN] Slow query performance
[2025-11-05T23:20:30.606188] [DEBUG] Memory allocation: 2048 bytes
[2025-11-05T23:20:30.606193] [DEBUG] Entering function process_data()
[2025-11-05T23:20:30.606184] [DEBUG] Thread pool size: 8
[2025-11-05T23:20:30.606080] [INFO] User logged in
[2025-11-05T23:20:30.606149] [ERROR] Request failed
[2025-11-05T23:20:30.606105] [INFO] Configuration loaded
[2025-11-05T23:20:30.606157] [DEBUG] Thread pool size: 8
[2025-11-05T23:20:30.606118] [INFO] Transaction completed
[2025-11-05T23:20:30.606076] [INFO] Cache hit
