[2025-11-05T23:20:42.686565] [DEBUG] Variable value: x=42
[2025-11-05T23:20:42.686435] [INFO] Service initialized
[2025-11-05T23:20:42.686460] [INFO] Health check passed
[2025-11-05T23:20:42.686497] [INFO] Configuration loaded
[2025-11-05T23:20:42.686586] [DEBUG] Loop iteration: 15
[2025-11-05T23:20:42.686471] [INFO] Transaction completed
[2025-11-05T23:20:42.686527] [WARN] Resource threshold approaching
[2025-11-05T23:20:42.686552] [DEBUG] Cache key generated
[2025-11-05T23:20:42.686577] [DEBUG] Loop iteration: 15
[2025-11-05T23:20:42.686441] [INFO] Connection established
[2025-11-05T23:20:42.686517] [WARN] Resource threshold approaching
[2025-11-05T23:20:42.686493] [INFO] Connection established
[2025-11-05T23:20:42.686581] [DEBUG] Cache key generated
[2025-11-05T23:20:42.686451] [INFO] Configuration loaded
[2025-11-05T23:20:42.686446] [INFO] Request processed successfully
[2025-11-05T23:20:42.686541] [ERROR] Database connection lost
[2025-11-05T23:20:42.686569] [DEBUG] HTTP request headers parsed
[2025-11-05T23:20:42.686480] [INFO] Request processed successfully
[2025-11-05T23:20:42.686465] [INFO] Connection established
[2025-11-05T23:20:42.686512] [WARN] High memory usage detected
[2025-11-05T23:20:42.686506] [INFO] Session started
[2025-11-05T23:20:42.686484] [INFO] Configuration loaded
[2025-11-05T23:20:42.686573] [DEBUG] Variable value: x=42
[2025-11-05T23:20:42.686531] [WARN] Cache miss
[2025-11-05T23:20:42.686456] [INFO] Transaction completed
[2025-11-05T23:20:42.686501] [INFO] Cache hit
[2025-11-05T23:20:42.686561] [DEBUG] Memory allocation: 2048 bytes
[2025-11-05T23:20:42.686557] [DEBUG] Timer set: 30 seconds
[2025-11-05T23:20:42.686589] [DEBUG] Entering function process_data()
[2025-11-05T23:20:42.686409] [INFO] Request processed successfully
[2025-11-05T23:20:42.686535] [WARN] Connection retry attempt
[2025-11-05T23:20:42.686488] [INFO] Configuration loaded
[2025-11-05T23:20:42.686475] [INFO] Service initialized
[2025-11-05T23:20:42.686546] [ERROR] Authentication failed
[2025-11-05T23:20:42.686522] [WARN] Disk space low
