[2025-11-05T23:20:30.949747] [DEBUG] HTTP request headers parsed
[2025-11-05T23:20:30.949658] [INFO] Connection established
[2025-11-05T23:20:30.949761] [DEBUG] Timer set: 30 seconds
[2025-11-05T23:20:30.949694] [WARN] Queue size growing
[2025-11-05T23:20:30.949626] [INFO] Request processed successfully
[2025-11-05T23:20:30.949723] [ERROR] Service unavailable
[2025-11-05T23:20:30.949752] [DEBUG] Thread pool size: 8
[2025-11-05T23:20:30.949587] [INFO] Connection established
[2025-11-05T23:20:30.949718] [WARN] Deprecated API usage
[2025-11-05T23:20:30.949733] [ERROR] Database connection lost
[2025-11-05T23:20:30.949714] [WARN] Slow query performance
[2025-11-05T23:20:30.949729] [ERROR] Disk read failed
[2025-11-05T23:20:30.949675] [INFO] Session started
[2025-11-05T23:20:30.949640] [INFO] Session started
[2025-11-05T23:20:30.949650] [INFO] Database query executed
[2025-11-05T23:20:30.949631] [INFO] Database query executed
[2025-11-05T23:20:30.949704] [WARN] Timeout warning
[2025-11-05T23:20:30.949621] [INFO] Session started
[2025-11-05T23:20:30.949743] [DEBUG] Memory allocation: 2048 bytes
[2025-11-05T23:20:30.949667] [INFO] Cache hit
[2025-11-05T23:20:30.949700] [WARN] High memory usage detected
[2025-11-05T23:20:30.949662] [INFO] Database query executed
[2025-11-05T23:20:30.949671] [INFO] Health check passed
[2025-11-05T23:20:30.949688] [INFO] Database query executed
[2025-11-05T23:20:30.949679] [INFO] Database query executed
[2025-11-05T23:20:30.949645] [INFO] Cache hit
[2025-11-05T23:20:30.949683] [INFO] Connection established
[2025-11-05T23:20:30.949709] [WARN] Connection retry attempt
[2025-11-05T23:20:30.949739] [DEBUG] Thread pool size: 8
[2025-11-05T23:20:30.949615] [INFO] Connection established
[2025-11-05T23:20:30.949654] [INFO] Cache hit
[2025-11-05T23:20:30.949757] [DEBUG] Connection pool status checked
[2025-11-05T23:20:30.949636] [INFO] Configuration loaded
