[2025-11-05T23:20:50.009237] [DEBUG] Entering function process_data()
[2025-11-05T23:20:50.009129] [INFO] Cache hit
[2025-11-05T23:20:50.009169] [INFO] Session started
[2025-11-05T23:20:50.009218] [ERROR] Authentication failed
[2025-11-05T23:20:50.009204] [WARN] Deprecated API usage
[2025-11-05T23:20:50.009160] [INFO] Cache hit
[2025-11-05T23:20:50.009096] [INFO] Connection established
[2025-11-05T23:20:50.009233] [DEBUG] HTTP request headers parsed
[2025-11-05T23:20:50.009223] [DEBUG] Cache key generated
[2025-11-05T23:20:50.009147] [INFO] User logged in
[2025-11-05T23:20:50.009249] [DEBUG] Thread pool size: 8
[2025-11-05T23:20:50.009185] [INFO] Health check passed
[2025-11-05T23:20:50.009253] [DEBUG] Thread pool size: 8
[2025-11-05T23:20:50.009196] [WARN] High memory usage detected
[2025-11-05T23:20:50.009257] [DEBUG] Variable value: x=42
[2025-11-05T23:20:50.009200] [WARN] Slow query performance
[2025-11-05T23:20:50.009214] [ERROR] Invalid input data
[2025-11-05T23:20:50.009181] [INFO] Health check passed
[2025-11-05T23:20:50.009208] [WARN] Resource threshold approaching
[2025-11-05T23:20:50.009156] [INFO] Health check passed
[2025-11-05T23:20:50.009190] [WARN] Timeout warning
[2025-11-05T23:20:50.009134] [INFO] Database query executed
[2025-11-05T23:20:50.009165] [INFO] Connection established
[2025-11-05T23:20:50.009228] [DEBUG] Timer set: 30 seconds
[2025-11-05T23:20:50.009143] [INFO] Health check passed
[2025-11-05T23:20:50.009138] [INFO] Configuration loaded
[2025-11-05T23:20:50.009123] [INFO] Health check passed
[2025-11-05T23:20:50.009241] [DEBUG] Timer set: 30 seconds
[2025-11-05T23:20:50.009152] [INFO] Session started
[2025-11-05T23:20:50.009173] [INFO] Service initialized
[2025-11-05T23:20:50.009177] [INFO] User logged in
[2025-11-05T23:20:50.009245] [DEBUG] Memory allocation: 2048 bytes
