[2025-11-05T23:20:40.716591] [ERROR] Service unavailable
[2025-11-05T23:20:40.716517] [INFO] Health check passed
[2025-11-05T23:20:40.716511] [INFO] User logged in
[2025-11-05T23:20:40.716630] [DEBUG] Memory allocation: 2048 bytes
[2025-11-05T23:20:40.716586] [ERROR] Authentication failed
[2025-11-05T23:20:40.716606] [DEBUG] Loop iteration: 15
[2025-11-05T23:20:40.716626] [DEBUG] Variable value: x=42
[2025-11-05T23:20:40.716553] [INFO] Request processed successfully
[2025-11-05T23:20:40.716581] [WARN] Slow query performance
[2025-11-05T23:20:40.716572] [WARN] Cache miss
[2025-11-05T23:20:40.716557] [INFO] Configuration loaded
[2025-11-05T23:20:40.716567] [WARN] Rate limit approaching
[2025-11-05T23:20:40.716621] [DEBUG] Cache key generated
[2025-11-05T23:20:40.716522] [INFO] Connection established
[2025-11-05T23:20:40.716485] [INFO] Transaction completed
[2025-11-05T23:20:40.716527] [INFO] Request processed successfully
[2025-11-05T23:20:40.716542] [INFO] Configuration loaded
[2025-11-05T23:20:40.716536] [INFO] Service initialized
[2025-11-05T23:20:40.716596] [DEBUG] Variable value: x=42
[2025-11-05T23:20:40.716576] [WARN] Resource threshold approaching
[2025-11-05T23:20:40.716561] [INFO] Configuration loaded
[2025-11-05T23:20:40.716601] [DEBUG] Thread pool size: 8
[2025-11-05T23:20:40.716532] [INFO] User logged in
[2025-11-05T23:20:40.716548] [INFO] Request processed successfully
[2025-11-05T23:20:40.716616] [DEBUG] Thread pool size: 8
[2025-11-05T23:20:40.716634] [DEBUG] Thread pool size: 8
[2025-11-05T23:20:40.716611] [DEBUG] Variable value: x=42
