[2025-11-05T23:20:11.890717] [ERROR] Authentication failed
[2025-11-05T23:20:11.890692] [INFO] Session started
[2025-11-05T23:20:11.890760] [DEBUG] Loop iteration: 15
[2025-11-05T23:20:11.890703] [WARN] Timeout warning
[2025-11-05T23:20:11.890585] [INFO] Database query executed
[2025-11-05T23:20:11.890688] [INFO] Cache hit
[2025-11-05T23:20:11.890742] [DEBUG] HTTP request headers parsed
[2025-11-05T23:20:11.890620] [INFO] Request processed successfully
[2025-11-05T23:20:11.890722] [ERROR] Invalid input data
[2025-11-05T23:20:11.890640] [INFO] User logged in
[2025-11-05T23:20:11.890657] [INFO] Connection established
[2025-11-05T23:20:11.890728] [DEBUG] Variable value: x=42
[2025-11-05T23:20:11.890682] [INFO] Cache hit
[2025-11-05T23:20:11.890644] [INFO] Cache hit
[2025-11-05T23:20:11.890747] [DEBUG] Variable value: x=42
[2025-11-05T23:20:11.890662] [INFO] Request processed successfully
[2025-11-05T23:20:11.890653] [INFO] User logged in
[2025-11-05T23:20:11.890738] [DEBUG] Thread pool size: 8
[2025-11-05T23:20:11.890631] [INFO] Service initialized
[2025-11-05T23:20:11.890712] [WARN] High memory usage detected
[2025-11-05T23:20:11.890649] [INFO] Health check passed
[2025-11-05T23:20:11.890708] [WARN] Rate limit approaching
[2025-11-05T23:20:11.890698] [WARN] Rate limit approaching
[2025-11-05T23:20:11.890751] [DEBUG] Timer set: 30 seconds
[2025-11-05T23:20:11.890755] [DEBUG] Memory allocation: 2048 bytes
[2025-11-05T23:20:11.890769] [DEBUG] Connection pool status checked
[2025-11-05T23:20:11.890670] [INFO] Session started
[2025-11-05T23:20:11.890678] [INFO] Connection established
[2025-11-05T23:20:11.890674] [INFO] User logged in
[2025-11-05T23:20:11.890626] [INFO] User logged in
[2025-11-05T23:20:11.890612] [INFO] Health check passed
[2025-11-05T23:20:11.890666] [INFO] Request processed successfully
[2025-11-05T23:20:11.890764] [DEBUG] Connection pool status checked
[2025-11-05T23:20:11.890733] [DEBUG] Thread pool size: 8
[2025-11-05T23:20:11.890636] [INFO] Request processed successfully
