[2025-11-05T23:20:22.066275] [INFO] Cache hit
[2025-11-05T23:20:22.066316] [DEBUG] Memory allocation: 2048 bytes
[2025-11-05T23:20:22.066256] [INFO] Health check passed
[2025-11-05T23:20:22.066310] [ERROR] File not found
[2025-11-05T23:20:22.066279] [INFO] Cache hit
[2025-11-05T23:20:22.066247] [INFO] Cache hit
[2025-11-05T23:20:22.066261] [INFO] Session started
[2025-11-05T23:20:22.066270] [INFO] Service initialized
[2025-11-05T23:20:22.066252] [INFO] User logged in
[2025-11-05T23:20:22.066231] [INFO] Database query executed
[2025-11-05T23:20:22.066284] [INFO] Health check passed
[2025-11-05T23:20:22.066330] [DEBUG] Cache key generated
[2025-11-05T23:20:22.066242] [INFO] Session started
[2025-11-05T23:20:22.066342] [DEBUG] Variable value: x=42
[2025-11-05T23:20:22.066297] [INFO] Configuration loaded
[2025-11-05T23:20:22.066265] [INFO] Cache hit
[2025-11-05T23:20:22.066288] [INFO] Health check passed
[2025-11-05T23:20:22.066347] [DEBUG] HTTP request headers parsed
[2025-11-05T23:20:22.066325] [DEBUG] Variable value: x=42
[2025-11-05T23:20:22.066292] [INFO] Cache hit
[2025-11-05T23:20:22.066237] [INFO] Connection established
[2025-11-05T23:20:22.066334] [DEBUG] Loop iteration: 15
[2025-11-05T23:20:22.066202] [INFO] User logged in
[2025-11-05T23:20:22.066321] [DEBUG] Variable value: x=42
[2025-11-05T23:20:22.066303] [WARN] Cache miss
[2025-11-05T23:20:22.066338] [DEBUG] Memory allocation: 2048 bytes
