[2025-11-05T23:20:15.215554] [INFO] Transaction completed
[2025-11-05T23:20:15.215645] [DEBUG] Thread pool size: 8
[2025-11-05T23:20:15.215606] [INFO] Request processed successfully
[2025-11-05T23:20:15.215601] [INFO] Configuration loaded
[2025-11-05T23:20:15.215521] [INFO] Service initialized
[2025-11-05T23:20:15.215593] [INFO] Service initialized
[2025-11-05T23:20:15.215589] [INFO] Request processed successfully
[2025-11-05T23:20:15.215650] [DEBUG] Connection pool status checked
[2025-11-05T23:20:15.215575] [INFO] Service initialized
[2025-11-05T23:20:15.215597] [INFO] Transaction completed
[2025-11-05T23:20:15.215655] [DEBUG] Entering function process_data()
[2025-11-05T23:20:15.215640] [DEBUG] Entering function process_data()
[2025-11-05T23:20:15.215635] [DEBUG] Connection pool status checked
[2025-11-05T23:20:15.215584] [INFO] Request processed successfully
[2025-11-05T23:20:15.215570] [INFO] Configuration loaded
[2025-11-05T23:20:15.215616] [WARN] Queue size growing
[2025-11-05T23:20:15.215579] [INFO] Configuration loaded
[2025-11-05T23:20:15.215623] [ERROR] Permission denied
[2025-11-05T23:20:15.215659] [DEBUG] Buffer size: 4096 bytes
[2025-11-05T23:20:15.215610] [INFO] Configuration loaded
[2025-11-05T23:20:15.215664] [DEBUG] Connection pool status checked
[2025-11-05T23:20:15.215548] [INFO] Service initialized
[2025-11-05T23:20:15.215565] [INFO] Cache hit
[2025-11-05T23:20:15.215629] [ERROR] Permission denied
[2025-11-05T23:20:15.215559] [INFO] Cache hit
