[2025-11-05T23:20:52.245701] [DEBUG] Cache key generated
[2025-11-05T23:20:52.245732] [DEBUG] Timer set: 30 seconds
[2025-11-05T23:20:52.245657] [INFO] Request processed successfully
[2025-11-05T23:20:52.245662] [WARN] Resource threshold approaching
[2025-11-05T23:20:52.245637] [INFO] Service initialized
[2025-11-05T23:20:52.245712] [DEBUG] HTTP request headers parsed
[2025-11-05T23:20:52.245690] [ERROR] Request failed
[2025-11-05T23:20:52.245686] [ERROR] Database connection lost
[2025-11-05T23:20:52.245573] [INFO] User logged in
[2025-11-05T23:20:52.245649] [INFO] Connection established
[2025-11-05T23:20:52.245695] [ERROR] Permission denied
[2025-11-05T23:20:52.245615] [INFO] User logged in
[2025-11-05T23:20:52.245676] [WARN] Rate limit approaching
[2025-11-05T23:20:52.245645] [INFO] Configuration loaded
[2025-11-05T23:20:52.245628] [INFO] Session started
[2025-11-05T23:20:52.245680] [WARN] Connection retry attempt
[2025-11-05T23:20:52.245722] [DEBUG] Buffer size: 4096 bytes
[2025-11-05T23:20:52.245632] [INFO] Service initialized
[2025-11-05T23:20:52.245606] [INFO] Connection established
[2025-11-05T23:20:52.245598] [INFO] Database query executed
[2025-11-05T23:20:52.245727] [DEBUG] Connection pool status checked
[2025-11-05T23:20:52.245717] [DEBUG] Variable value: x=42
[2025-11-05T23:20:52.245641] [INFO] Health check passed
[2025-11-05T23:20:52.245624] [INFO] Database query executed
[2025-11-05T23:20:52.245653] [INFO] Service initialized
[2025-11-05T23:20:52.245672] [WARN] Disk space low
[2025-11-05T23:20:52.245611] [INFO] Health check passed
[2025-11-05T23:20:52.245620] [INFO] Request processed successfully
[2025-11-05T23:20:52.245667] [WARN] Timeout warning
[2025-11-05T23:20:52.245707] [DEBUG] Connection pool status checked
