[2025-11-05T23:20:44.249766] [DEBUG] Connection pool status checked
[2025-11-05T23:20:44.249747] [DEBUG] Connection pool status checked
[2025-11-05T23:20:44.249637] [INFO] Transaction completed
[2025-11-05T23:20:44.249688] [INFO] Database query executed
[2025-11-05T23:20:44.249728] [ERROR] Invalid input data
[2025-11-05T23:20:44.249648] [INFO] Transaction completed
[2025-11-05T23:20:44.249733] [ERROR] Request failed
[2025-11-05T23:20:44.249752] [DEBUG] Buffer size: 4096 bytes
[2025-11-05T23:20:44.249738] [DEBUG] Entering function process_data()
[2025-11-05T23:20:44.249713] [WARN] High memory usage detected
[2025-11-05T23:20:44.249671] [INFO] Transaction completed
[2025-11-05T23:20:44.249612] [INFO] Configuration loaded
[2025-11-05T23:20:44.249697] [INFO] Health check passed
[2025-11-05T23:20:44.249684] [INFO] Session started
[2025-11-05T23:20:44.249653] [INFO] Health check passed
[2025-11-05T23:20:44.249667] [INFO] Transaction completed
[2025-11-05T23:20:44.249756] [DEBUG] Timer set: 30 seconds
[2025-11-05T23:20:44.249743] [DEBUG] Entering function process_data()
[2025-11-05T23:20:44.249676] [INFO] Session started
[2025-11-05T23:20:44.249774] [DEBUG] Cache key generated
[2025-11-05T23:20:44.249658] [INFO] Service initialized
[2025-11-05T23:20:44.249680] [INFO] Health check passed
[2025-11-05T23:20:44.249707] [WARN] Slow query performance
[2025-11-05T23:20:44.249761] [DEBUG] Entering function process_data()
[2025-11-05T23:20:44.249693] [INFO] Connection established
[2025-11-05T23:20:44.249770] [DEBUG] Loop iteration: 15
[2025-11-05T23:20:44.249643] [INFO] Cache hit
[2025-11-05T23:20:44.249717] [WARN] Cache miss
[2025-11-05T23:20:44.249701] [INFO] Connection established
[2025-11-05T23:20:44.249663] [INFO] Configuration loaded
[2025-11-05T23:20:44.249722] [WARN] Cache miss
