[2025-11-05T23:20:13.008584] [DEBUG] Connection pool status checked
[2025-11-05T23:20:13.008542] [ERROR] Authentication failed
[2025-11-05T23:20:13.008465] [INFO] User logged in
[2025-11-05T23:20:13.008512] [INFO] Transaction completed
[2025-11-05T23:20:13.008553] [DEBUG] Thread pool size: 8
[2025-11-05T23:20:13.008532] [WARN] Resource threshold approaching
[2025-11-05T23:20:13.008590] [DEBUG] Entering function process_data()
[2025-11-05T23:20:13.008438] [INFO] User logged in
[2025-11-05T23:20:13.008477] [INFO] Service initialized
[2025-11-05T23:20:13.008503] [INFO] Request processed successfully
[2025-11-05T23:20:13.008517] [WARN] Queue size growing
[2025-11-05T23:20:13.008494] [INFO] Cache hit
[2025-11-05T23:20:13.008559] [DEBUG] HTTP request headers parsed
[2025-11-05T23:20:13.008507] [INFO] Request processed successfully
[2025-11-05T23:20:13.008527] [WARN] Queue size growing
[2025-11-05T23:20:13.008486] [INFO] Health check passed
[2025-11-05T23:20:13.008536] [WARN] Deprecated API usage
[2025-11-05T23:20:13.008564] [DEBUG] Connection pool status checked
[2025-11-05T23:20:13.008569] [DEBUG] Variable value: x=42
[2025-11-05T23:20:13.008594] [DEBUG] HTTP request headers parsed
[2025-11-05T23:20:13.008574] [DEBUG] Connection pool status checked
[2025-11-05T23:20:13.008481] [INFO] Transaction completed
[2025-11-05T23:20:13.008578] [DEBUG] Cache key generated
[2025-11-05T23:20:13.008523] [WARN] Resource threshold approaching
[2025-11-05T23:20:13.008547] [ERROR] Database connection lost
[2025-11-05T23:20:13.008490] [INFO] Service initialized
[2025-11-05T23:20:13.008498] [INFO] Cache hit
[2025-11-05T23:20:13.008472] [INFO] Service initialized
