[2025-11-05T23:20:16.513071] [WARN] Slow query performance
[2025-11-05T23:20:16.513051] [INFO] Cache hit
[2025-11-05T23:20:16.513063] [INFO] Request processed successfully
[2025-11-05T23:20:16.513095] [ERROR] Authentication failed
[2025-11-05T23:20:16.513129] [DEBUG] Connection pool status checked
[2025-11-05T23:20:16.513123] [DEBUG] Buffer size: 4096 bytes
[2025-11-05T23:20:16.512999] [INFO] Service initialized
[2025-11-05T23:20:16.513003] [INFO] Session started
[2025-11-05T23:20:16.513091] [ERROR] Request failed
[2025-11-05T23:20:16.513015] [INFO] Transaction completed
[2025-11-05T23:20:16.513099] [DEBUG] Memory allocation: 2048 bytes
[2025-11-05T23:20:16.513066] [INFO] Cache hit
[2025-11-05T23:20:16.513086] [WARN] Cache miss
[2025-11-05T23:20:16.513018] [INFO] Transaction completed
[2025-11-05T23:20:16.513007] [INFO] Database query executed
[2025-11-05T23:20:16.513113] [DEBUG] Variable value: x=42
[2025-11-05T23:20:16.513119] [DEBUG] Entering function process_data()
[2025-11-05T23:20:16.513110] [DEBUG] Connection pool status checked
[2025-11-05T23:20:16.513059] [INFO] User logged in
[2025-11-05T23:20:16.513044] [INFO] Service initialized
[2025-11-05T23:20:16.512996] [INFO] Session started
[2025-11-05T23:20:16.513126] [DEBUG] Entering function process_data()
[2025-11-05T23:20:16.512965] [INFO] User logged in
[2025-11-05T23:20:16.513103] [DEBUG] Connection pool status checked
[2025-11-05T23:20:16.512990] [INFO] Configuration loaded
[2025-11-05T23:20:16.513011] [INFO] Request processed successfully
[2025-11-05T23:20:16.513055] [INFO] Health check passed
[2025-11-05T23:20:16.513083] [WARN] Resource threshold approaching
[2025-11-05T23:20:16.513079] [WARN] Queue size growing
[2025-11-05T23:20:16.513075] [WARN] Rate limit approaching
[2025-11-05T23:20:16.513107] [DEBUG] Buffer size: 4096 bytes
