[2025-11-05T23:20:15.756309] [DEBUG] Entering function process_data()
[2025-11-05T23:20:15.756284] [WARN] Timeout warning
[2025-11-05T23:20:15.756224] [INFO] Connection established
[2025-11-05T23:20:15.756358] [DEBUG] HTTP request headers parsed
[2025-11-05T23:20:15.756322] [DEBUG] Memory allocation: 2048 bytes
[2025-11-05T23:20:15.756254] [INFO] Service initialized
[2025-11-05T23:20:15.756299] [ERROR] File not found
[2025-11-05T23:20:15.756274] [WARN] Queue size growing
[2025-11-05T23:20:15.756237] [INFO] Transaction completed
[2025-11-05T23:20:15.756330] [DEBUG] Cache key generated
[2025-11-05T23:20:15.756258] [INFO] Database query executed
[2025-11-05T23:20:15.756303] [ERROR] Authentication failed
[2025-11-05T23:20:15.756229] [INFO] Request processed successfully
[2025-11-05T23:20:15.756318] [DEBUG] Loop iteration: 15
[2025-11-05T23:20:15.756262] [INFO] User logged in
[2025-11-05T23:20:15.756279] [WARN] Connection retry attempt
[2025-11-05T23:20:15.756170] [INFO] Session started
[2025-11-05T23:20:15.756340] [DEBUG] Entering function process_data()
[2025-11-05T23:20:15.756335] [DEBUG] Buffer size: 4096 bytes
[2025-11-05T23:20:15.756214] [INFO] Cache hit
[2025-11-05T23:20:15.756219] [INFO] Cache hit
[2025-11-05T23:20:15.756233] [INFO] Transaction completed
[2025-11-05T23:20:15.756288] [WARN] Disk space low
[2025-11-05T23:20:15.756198] [INFO] Cache hit
[2025-11-05T23:20:15.756313] [DEBUG] Memory allocation: 2048 bytes
[2025-11-05T23:20:15.756344] [DEBUG] Thread pool size: 8
[2025-11-05T23:20:15.756268] [WARN] Timeout warning
[2025-11-05T23:20:15.756204] [INFO] Cache hit
[2025-11-05T23:20:15.756294] [ERROR] Service unavailable
[2025-11-05T23:20:15.756326] [DEBUG] Entering function process_data()
[2025-11-05T23:20:15.756243] [INFO] Configuration loaded
[2025-11-05T23:20:15.756349] [DEBUG] Loop iteration: 15
[2025-11-05T23:20:15.756248] [INFO] Session started
[2025-11-05T23:20:15.756209] [INFO] Configuration loaded
[2025-11-05T23:20:15.756353] [DEBUG] Entering function process_data()
