[2025-11-05T23:20:54.286151] [DEBUG] Memory allocation: 2048 bytes
[2025-11-05T23:20:54.286085] [INFO] User logged in
[2025-11-05T23:20:54.286051] [INFO] Database query executed
[2025-11-05T23:20:54.286155] [DEBUG] Memory allocation: 2048 bytes
[2025-11-05T23:20:54.286056] [INFO] Request processed successfully
[2025-11-05T23:20:54.286001] [INFO] Health check passed
[2025-11-05T23:20:54.286076] [INFO] Transaction completed
[2025-11-05T23:20:54.286113] [WARN] Rate limit approaching
[2025-11-05T23:20:54.286134] [DEBUG] Loop iteration: 15
[2025-11-05T23:20:54.286073] [INFO] Connection established
[2025-11-05T23:20:54.286125] [ERROR] Permission denied
[2025-11-05T23:20:54.286109] [WARN] Queue size growing
[2025-11-05T23:20:54.286031] [INFO] Health check passed
[2025-11-05T23:20:54.286060] [INFO] Connection established
[2025-11-05T23:20:54.286081] [INFO] Transaction completed
[2025-11-05T23:20:54.286095] [WARN] High memory usage detected
[2025-11-05T23:20:54.286143] [DEBUG] Buffer size: 4096 bytes
[2025-11-05T23:20:54.286138] [DEBUG] Buffer size: 4096 bytes
[2025-11-05T23:20:54.286089] [INFO] Service initialized
[2025-11-05T23:20:54.286069] [INFO] Configuration loaded
[2025-11-05T23:20:54.286100] [WARN] Deprecated API usage
[2025-11-05T23:20:54.286064] [INFO] Database query executed
[2025-11-05T23:20:54.286046] [INFO] Configuration loaded
[2025-11-05T23:20:54.286158] [DEBUG] Connection pool status checked
[2025-11-05T23:20:54.286120] [ERROR] Memory allocation error
[2025-11-05T23:20:54.286104] [WARN] Connection retry attempt
[2025-11-05T23:20:54.286042] [INFO] Health check passed
[2025-11-05T23:20:54.286162] [DEBUG] Loop iteration: 15
[2025-11-05T23:20:54.286147] [DEBUG] Thread pool size: 8
[2025-11-05T23:20:54.286037] [INFO] Session started
[2025-11-05T23:20:54.286130] [DEBUG] Connection pool status checked
