[2025-11-05T23:20:24.691198] [DEBUG] Thread pool size: 8
[2025-11-05T23:20:24.691111] [INFO] Request processed successfully
[2025-11-05T23:20:24.691095] [INFO] Health check passed
[2025-11-05T23:20:24.691177] [WARN] Queue size growing
[2025-11-05T23:20:24.691202] [DEBUG] Timer set: 30 seconds
[2025-11-05T23:20:24.691158] [INFO] Configuration loaded
[2025-11-05T23:20:24.691193] [DEBUG] Cache key generated
[2025-11-05T23:20:24.691107] [INFO] Session started
[2025-11-05T23:20:24.691120] [INFO] Connection established
[2025-11-05T23:20:24.691168] [WARN] Connection retry attempt
[2025-11-05T23:20:24.691146] [INFO] Transaction completed
[2025-11-05T23:20:24.691183] [ERROR] Service unavailable
[2025-11-05T23:20:24.691101] [INFO] Database query executed
[2025-11-05T23:20:24.691133] [INFO] Cache hit
[2025-11-05T23:20:24.691070] [INFO] Database query executed
[2025-11-05T23:20:24.691150] [INFO] Cache hit
[2025-11-05T23:20:24.691206] [DEBUG] Memory allocation: 2048 bytes
[2025-11-05T23:20:24.691188] [ERROR] Invalid input data
[2025-11-05T23:20:24.691115] [INFO] Service initialized
[2025-11-05T23:20:24.691154] [INFO] Service initialized
[2025-11-05T23:20:24.691125] [INFO] Health check passed
[2025-11-05T23:20:24.691163] [WARN] Rate limit approaching
[2025-11-05T23:20:24.691173] [WARN] Disk space low
[2025-11-05T23:20:24.691128] [INFO] Cache hit
[2025-11-05T23:20:24.691137] [INFO] Configuration loaded
[2025-11-05T23:20:24.691141] [INFO] User logged in
