[2025-11-05T23:20:39.784008] [INFO] Transaction completed
[2025-11-05T23:20:39.784084] [DEBUG] Cache key generated
[2025-11-05T23:20:39.784111] [DEBUG] Buffer size: 4096 bytes
[2025-11-05T23:20:39.784073] [ERROR] Service unavailable
[2025-11-05T23:20:39.784029] [INFO] Database query executed
[2025-11-05T23:20:39.784041] [INFO] Service initialized
[2025-11-05T23:20:39.784102] [DEBUG] Loop iteration: 15
[2025-11-05T23:20:39.784098] [DEBUG] Entering function process_data()
[2025-11-05T23:20:39.784016] [INFO] Connection established
[2025-11-05T23:20:39.784012] [INFO] Health check passed
[2025-11-05T23:20:39.784079] [DEBUG] HTTP request headers parsed
[2025-11-05T23:20:39.784037] [INFO] User logged in
[2025-11-05T23:20:39.784025] [INFO] Configuration loaded
[2025-11-05T23:20:39.784088] [DEBUG] Entering function process_data()
[2025-11-05T23:20:39.783982] [INFO] Connection established
[2025-11-05T23:20:39.784107] [DEBUG] Buffer size: 4096 bytes
[2025-11-05T23:20:39.784116] [DEBUG] Buffer size: 4096 bytes
[2025-11-05T23:20:39.784068] [ERROR] Database connection lost
[2025-11-05T23:20:39.784021] [INFO] Health check passed
[2025-11-05T23:20:39.784003] [INFO] Transaction completed
[2025-11-05T23:20:39.784057] [WARN] Queue size growing
[2025-11-05T23:20:39.784053] [WARN] Disk space low
[2025-11-05T23:20:39.783988] [INFO] Transaction completed
[2025-11-05T23:20:39.783998] [INFO] User logged in
[2025-11-05T23:20:39.784093] [DEBUG] Memory allocation: 2048 bytes
[2025-11-05T23:20:39.783956] [INFO] Connection established
[2025-11-05T23:20:39.784062] [WARN] Timeout warning
[2025-11-05T23:20:39.784033] [INFO] Session started
[2025-11-05T23:20:39.783994] [INFO] Request processed successfully
[2025-11-05T23:20:39.784047] [WARN] Timeout warning
