[2025-11-05T23:20:31.312282] [WARN] Rate limit approaching
[2025-11-05T23:20:31.312304] [WARN] Resource threshold approaching
[2025-11-05T23:20:31.312234] [INFO] Database query executed
[2025-11-05T23:20:31.312273] [WARN] Timeout warning
[2025-11-05T23:20:31.312239] [INFO] Configuration loaded
[2025-11-05T23:20:31.312220] [INFO] Service initialized
[2025-11-05T23:20:31.312359] [DEBUG] Entering function process_data()
[2025-11-05T23:20:31.312291] [WARN] Disk space low
[2025-11-05T23:20:31.312278] [WARN] Queue size growing
[2025-11-05T23:20:31.312261] [INFO] User logged in
[2025-11-05T23:20:31.312316] [ERROR] Database connection lost
[2025-11-05T23:20:31.312201] [INFO] Session started
[2025-11-05T23:20:31.312350] [DEBUG] Memory allocation: 2048 bytes
[2025-11-05T23:20:31.312267] [WARN] Timeout warning
[2025-11-05T23:20:31.312252] [INFO] Transaction completed
[2025-11-05T23:20:31.312309] [WARN] Resource threshold approaching
[2025-11-05T23:20:31.312332] [DEBUG] HTTP request headers parsed
[2025-11-05T23:20:31.312195] [INFO] Request processed successfully
[2025-11-05T23:20:31.312243] [INFO] Configuration loaded
[2025-11-05T23:20:31.312321] [ERROR] Memory allocation error
[2025-11-05T23:20:31.312326] [DEBUG] Thread pool size: 8
[2025-11-05T23:20:31.312206] [INFO] Database query executed
[2025-11-05T23:20:31.312355] [DEBUG] HTTP request headers parsed
[2025-11-05T23:20:31.312169] [INFO] User logged in
[2025-11-05T23:20:31.312287] [WARN] Slow query performance
[2025-11-05T23:20:31.312295] [WARN] Slow query performance
[2025-11-05T23:20:31.312215] [INFO] Health check passed
[2025-11-05T23:20:31.312337] [DEBUG] Buffer size: 4096 bytes
[2025-11-05T23:20:31.312229] [INFO] Cache hit
[2025-11-05T23:20:31.312247] [INFO] Cache hit
[2025-11-05T23:20:31.312210] [INFO] Configuration loaded
[2025-11-05T23:20:31.312225] [INFO] Configuration loaded
[2025-11-05T23:20:31.312341] [DEBUG] Variable value: x=42
[2025-11-05T23:20:31.312364] [DEBUG] Buffer size: 4096 bytes
[2025-11-05T23:20:31.312256] [INFO] Database query executed
[2025-11-05T23:20:31.312345] [DEBUG] Memory allocation: 2048 bytes
[2025-11-05T23:20:31.312300] [WARN] Rate limit approaching
