[2025-11-05T23:20:36.032794] [DEBUG] Timer set: 30 seconds
[2025-11-05T23:20:36.032686] [INFO] Health check passed
[2025-11-05T23:20:36.032669] [INFO] Cache hit
[2025-11-05T23:20:36.032773] [DEBUG] HTTP request headers parsed
[2025-11-05T23:20:36.032690] [INFO] Transaction completed
[2025-11-05T23:20:36.032763] [ERROR] Database connection lost
[2025-11-05T23:20:36.032790] [DEBUG] Entering function process_data()
[2025-11-05T23:20:36.032703] [INFO] Service initialized
[2025-11-05T23:20:36.032752] [WARN] Connection retry attempt
[2025-11-05T23:20:36.032758] [ERROR] Request failed
[2025-11-05T23:20:36.032739] [WARN] Rate limit approaching
[2025-11-05T23:20:36.032735] [WARN] Slow query performance
[2025-11-05T23:20:36.032798] [DEBUG] Buffer size: 4096 bytes
[2025-11-05T23:20:36.032786] [DEBUG] Thread pool size: 8
[2025-11-05T23:20:36.032681] [INFO] User logged in
[2025-11-05T23:20:36.032708] [INFO] Transaction completed
[2025-11-05T23:20:36.032777] [DEBUG] Connection pool status checked
[2025-11-05T23:20:36.032782] [DEBUG] Loop iteration: 15
[2025-11-05T23:20:36.032729] [INFO] Configuration loaded
[2025-11-05T23:20:36.032699] [INFO] Session started
[2025-11-05T23:20:36.032744] [WARN] Rate limit approaching
[2025-11-05T23:20:36.032721] [INFO] Transaction completed
[2025-11-05T23:20:36.032768] [DEBUG] Buffer size: 4096 bytes
[2025-11-05T23:20:36.032725] [INFO] Connection established
[2025-11-05T23:20:36.032695] [INFO] Cache hit
[2025-11-05T23:20:36.032712] [INFO] User logged in
[2025-11-05T23:20:36.032716] [INFO] Request processed successfully
[2025-11-05T23:20:36.032803] [DEBUG] Buffer size: 4096 bytes
[2025-11-05T23:20:36.032748] [WARN] High memory usage detected
[2025-11-05T23:20:36.032644] [INFO] Session started
[2025-11-05T23:20:36.032676] [INFO] Service initialized
