[2025-11-05T23:20:53.956608] [INFO] Service initialized
[2025-11-05T23:20:53.956701] [DEBUG] HTTP request headers parsed
[2025-11-05T23:20:53.956603] [INFO] Configuration loaded
[2025-11-05T23:20:53.956698] [DEBUG] Memory allocation: 2048 bytes
[2025-11-05T23:20:53.956651] [WARN] Rate limit approaching
[2025-11-05T23:20:53.956641] [INFO] Transaction completed
[2025-11-05T23:20:53.956667] [DEBUG] Variable value: x=42
[2025-11-05T23:20:53.956612] [INFO] Configuration loaded
[2025-11-05T23:20:53.956620] [INFO] Service initialized
[2025-11-05T23:20:53.956680] [DEBUG] Memory allocation: 2048 bytes
[2025-11-05T23:20:53.956685] [DEBUG] Variable value: x=42
[2025-11-05T23:20:53.956645] [INFO] Request processed successfully
[2025-11-05T23:20:53.956689] [DEBUG] Entering function process_data()
[2025-11-05T23:20:53.956587] [INFO] User logged in
[2025-11-05T23:20:53.956662] [ERROR] Authentication failed
[2025-11-05T23:20:53.956598] [INFO] Transaction completed
[2025-11-05T23:20:53.956676] [DEBUG] Buffer size: 4096 bytes
[2025-11-05T23:20:53.956616] [INFO] Service initialized
[2025-11-05T23:20:53.956672] [DEBUG] Timer set: 30 seconds
[2025-11-05T23:20:53.956629] [INFO] Transaction completed
[2025-11-05T23:20:53.956562] [INFO] Configuration loaded
[2025-11-05T23:20:53.956656] [ERROR] Service unavailable
[2025-11-05T23:20:53.956693] [DEBUG] HTTP request headers parsed
[2025-11-05T23:20:53.956633] [INFO] Request processed successfully
[2025-11-05T23:20:53.956593] [INFO] Database query executed
[2025-11-05T23:20:53.956637] [INFO] Transaction completed
[2025-11-05T23:20:53.956625] [INFO] Connection established
