[2025-11-05T23:20:33.941621] [INFO] Health check passed
[2025-11-05T23:20:33.941639] [ERROR] Authentication failed
[2025-11-05T23:20:33.941627] [WARN] Timeout warning
[2025-11-05T23:20:33.941572] [INFO] Configuration loaded
[2025-11-05T23:20:33.941671] [DEBUG] Timer set: 30 seconds
[2025-11-05T23:20:33.941599] [INFO] Session started
[2025-11-05T23:20:33.941583] [INFO] Connection established
[2025-11-05T23:20:33.941607] [INFO] Session started
[2025-11-05T23:20:33.941649] [DEBUG] Buffer size: 4096 bytes
[2025-11-05T23:20:33.941567] [INFO] Request processed successfully
[2025-11-05T23:20:33.941658] [DEBUG] Buffer size: 4096 bytes
[2025-11-05T23:20:33.941527] [INFO] Database query executed
[2025-11-05T23:20:33.941662] [DEBUG] Buffer size: 4096 bytes
[2025-11-05T23:20:33.941555] [INFO] Database query executed
[2025-11-05T23:20:33.941654] [DEBUG] Memory allocation: 2048 bytes
[2025-11-05T23:20:33.941643] [ERROR] Memory allocation error
[2025-11-05T23:20:33.941634] [ERROR] Database connection lost
[2025-11-05T23:20:33.941680] [DEBUG] Cache key generated
[2025-11-05T23:20:33.941675] [DEBUG] HTTP request headers parsed
[2025-11-05T23:20:33.941612] [INFO] Session started
[2025-11-05T23:20:33.941666] [DEBUG] Variable value: x=42
[2025-11-05T23:20:33.941561] [INFO] Request processed successfully
[2025-11-05T23:20:33.941617] [INFO] Cache hit
[2025-11-05T23:20:33.941594] [INFO] Request processed successfully
[2025-11-05T23:20:33.941590] [INFO] Connection established
[2025-11-05T23:20:33.941684] [DEBUG] HTTP request headers parsed
[2025-11-05T23:20:33.941578] [INFO] Database query executed
[2025-11-05T23:20:33.941603] [INFO] Health check passed
