[2025-11-05T23:20:39.155914] [INFO] Connection established
[2025-11-05T23:20:39.155960] [INFO] Database query executed
[2025-11-05T23:20:39.155969] [INFO] Connection established
[2025-11-05T23:20:39.156102] [DEBUG] Loop iteration: 15
[2025-11-05T23:20:39.156097] [ERROR] Service unavailable
[2025-11-05T23:20:39.156037] [WARN] Slow query performance
[2025-11-05T23:20:39.155977] [INFO] Configuration loaded
[2025-11-05T23:20:39.156107] [DEBUG] HTTP request headers parsed
[2025-11-05T23:20:39.156018] [INFO] Health check passed
[2025-11-05T23:20:39.156112] [DEBUG] Buffer size: 4096 bytes
[2025-11-05T23:20:39.156005] [INFO] Cache hit
[2025-11-05T23:20:39.155947] [INFO] Connection established
[2025-11-05T23:20:39.155951] [INFO] Session started
[2025-11-05T23:20:39.155965] [INFO] Connection established
[2025-11-05T23:20:39.155997] [INFO] Cache hit
[2025-11-05T23:20:39.155981] [INFO] Connection established
[2025-11-05T23:20:39.155993] [INFO] Transaction completed
[2025-11-05T23:20:39.156010] [INFO] Cache hit
[2025-11-05T23:20:39.155973] [INFO] Service initialized
[2025-11-05T23:20:39.156046] [WARN] Timeout warning
[2025-11-05T23:20:39.156050] [WARN] Deprecated API usage
[2025-11-05T23:20:39.155941] [INFO] Connection established
[2025-11-05T23:20:39.156121] [DEBUG] Buffer size: 4096 bytes
[2025-11-05T23:20:39.156125] [DEBUG] HTTP request headers parsed
[2025-11-05T23:20:39.156092] [ERROR] Memory allocation error
[2025-11-05T23:20:39.156028] [WARN] Slow query performance
[2025-11-05T23:20:39.156033] [WARN] High memory usage detected
[2025-11-05T23:20:39.155989] [INFO] Cache hit
[2025-11-05T23:20:39.156001] [INFO] Cache hit
[2025-11-05T23:20:39.156014] [INFO] Configuration loaded
[2025-11-05T23:20:39.156041] [WARN] Resource threshold approaching
[2025-11-05T23:20:39.156117] [DEBUG] Thread pool size: 8
[2025-11-05T23:20:39.156022] [INFO] Transaction completed
[2025-11-05T23:20:39.155985] [INFO] Service initialized
[2025-11-05T23:20:39.156086] [ERROR] Request failed
[2025-11-05T23:20:39.155956] [INFO] Cache hit
