[2025-11-05T23:20:20.042703] [INFO] Connection established
[2025-11-05T23:20:20.042757] [ERROR] Authentication failed
[2025-11-05T23:20:20.042796] [DEBUG] HTTP request headers parsed
[2025-11-05T23:20:20.042728] [INFO] Request processed successfully
[2025-11-05T23:20:20.042723] [INFO] Health check passed
[2025-11-05T23:20:20.042711] [INFO] Request processed successfully
[2025-11-05T23:20:20.042761] [ERROR] File not found
[2025-11-05T23:20:20.042672] [INFO] Configuration loaded
[2025-11-05T23:20:20.042792] [DEBUG] Memory allocation: 2048 bytes
[2025-11-05T23:20:20.042766] [DEBUG] Cache key generated
[2025-11-05T23:20:20.042747] [WARN] Deprecated API usage
[2025-11-05T23:20:20.042734] [WARN] Deprecated API usage
[2025-11-05T23:20:20.042784] [DEBUG] Thread pool size: 8
[2025-11-05T23:20:20.042707] [INFO] Service initialized
[2025-11-05T23:20:20.042775] [DEBUG] Memory allocation: 2048 bytes
[2025-11-05T23:20:20.042715] [INFO] Database query executed
[2025-11-05T23:20:20.042780] [DEBUG] HTTP request headers parsed
[2025-11-05T23:20:20.042719] [INFO] Service initialized
[2025-11-05T23:20:20.042743] [WARN] High memory usage detected
[2025-11-05T23:20:20.042800] [DEBUG] HTTP request headers parsed
[2025-11-05T23:20:20.042698] [INFO] Configuration loaded
[2025-11-05T23:20:20.042752] [ERROR] Permission denied
[2025-11-05T23:20:20.042739] [WARN] Queue size growing
[2025-11-05T23:20:20.042771] [DEBUG] Cache key generated
[2025-11-05T23:20:20.042788] [DEBUG] Memory allocation: 2048 bytes
