[2025-11-05T23:20:24.527335] [INFO] Session started
[2025-11-05T23:20:24.527389] [WARN] Queue size growing
[2025-11-05T23:20:24.527436] [DEBUG] Cache key generated
[2025-11-05T23:20:24.527416] [DEBUG] Cache key generated
[2025-11-05T23:20:24.527380] [WARN] Cache miss
[2025-11-05T23:20:24.527385] [WARN] Rate limit approaching
[2025-11-05T23:20:24.527402] [ERROR] Network timeout
[2025-11-05T23:20:24.527355] [INFO] Cache hit
[2025-11-05T23:20:24.527440] [DEBUG] Memory allocation: 2048 bytes
[2025-11-05T23:20:24.527427] [DEBUG] Connection pool status checked
[2025-11-05T23:20:24.527448] [DEBUG] Loop iteration: 15
[2025-11-05T23:20:24.527362] [INFO] Session started
[2025-11-05T23:20:24.527375] [INFO] Session started
[2025-11-05T23:20:24.527350] [INFO] User logged in
[2025-11-05T23:20:24.527358] [INFO] Configuration loaded
[2025-11-05T23:20:24.527420] [DEBUG] Entering function process_data()
[2025-11-05T23:20:24.527444] [DEBUG] HTTP request headers parsed
[2025-11-05T23:20:24.527308] [INFO] Configuration loaded
[2025-11-05T23:20:24.527392] [WARN] Disk space low
[2025-11-05T23:20:24.527371] [INFO] Connection established
[2025-11-05T23:20:24.527424] [DEBUG] Entering function process_data()
[2025-11-05T23:20:24.527432] [DEBUG] Timer set: 30 seconds
[2025-11-05T23:20:24.527407] [DEBUG] Loop iteration: 15
[2025-11-05T23:20:24.527411] [DEBUG] Loop iteration: 15
[2025-11-05T23:20:24.527345] [INFO] Database query executed
[2025-11-05T23:20:24.527366] [INFO] Connection established
[2025-11-05T23:20:24.527397] [ERROR] Request failed
[2025-11-05T23:20:24.527340] [INFO] Cache hit
