[2025-11-05T23:20:32.942804] [INFO] Cache hit
[2025-11-05T23:20:32.942874] [WARN] Timeout warning
[2025-11-05T23:20:32.942844] [INFO] Configuration loaded
[2025-11-05T23:20:32.942817] [INFO] Health check passed
[2025-11-05T23:20:32.942905] [DEBUG] Connection pool status checked
[2025-11-05T23:20:32.942925] [DEBUG] Entering function process_data()
[2025-11-05T23:20:32.942929] [DEBUG] Timer set: 30 seconds
[2025-11-05T23:20:32.942825] [INFO] Database query executed
[2025-11-05T23:20:32.942898] [DEBUG] Thread pool size: 8
[2025-11-05T23:20:32.942917] [DEBUG] Timer set: 30 seconds
[2025-11-05T23:20:32.942841] [INFO] Transaction completed
[2025-11-05T23:20:32.942888] [WARN] Resource threshold approaching
[2025-11-05T23:20:32.942902] [DEBUG] Variable value: x=42
[2025-11-05T23:20:32.942877] [WARN] Resource threshold approaching
[2025-11-05T23:20:32.942829] [INFO] Connection established
[2025-11-05T23:20:32.942798] [INFO] Database query executed
[2025-11-05T23:20:32.942837] [INFO] Transaction completed
[2025-11-05T23:20:32.942852] [INFO] Service initialized
[2025-11-05T23:20:32.942881] [WARN] Resource threshold approaching
[2025-11-05T23:20:32.942910] [DEBUG] Thread pool size: 8
[2025-11-05T23:20:32.942893] [ERROR] Permission denied
[2025-11-05T23:20:32.942884] [WARN] Connection retry attempt
[2025-11-05T23:20:32.942860] [WARN] Deprecated API usage
[2025-11-05T23:20:32.942921] [DEBUG] Buffer size: 4096 bytes
[2025-11-05T23:20:32.942833] [INFO] Cache hit
[2025-11-05T23:20:32.942914] [DEBUG] Connection pool status checked
[2025-11-05T23:20:32.942866] [WARN] Timeout warning
[2025-11-05T23:20:32.942808] [INFO] Database query executed
[2025-11-05T23:20:32.942856] [INFO] Database query executed
[2025-11-05T23:20:32.942813] [INFO] Transaction completed
[2025-11-05T23:20:32.942869] [WARN] Resource threshold approaching
[2025-11-05T23:20:32.942821] [INFO] Configuration loaded
[2025-11-05T23:20:32.942848] [INFO] Configuration loaded
[2025-11-05T23:20:32.942772] [INFO] Transaction completed
