[2025-11-05T23:20:39.975516] [INFO] User logged in
[2025-11-05T23:20:39.975551] [INFO] Transaction completed
[2025-11-05T23:20:39.975576] [DEBUG] Loop iteration: 15
[2025-11-05T23:20:39.975599] [DEBUG] Buffer size: 4096 bytes
[2025-11-05T23:20:39.975538] [INFO] Configuration loaded
[2025-11-05T23:20:39.975548] [INFO] Transaction completed
[2025-11-05T23:20:39.975557] [WARN] Disk space low
[2025-11-05T23:20:39.975591] [DEBUG] HTTP request headers parsed
[2025-11-05T23:20:39.975572] [ERROR] Memory allocation error
[2025-11-05T23:20:39.975607] [DEBUG] Cache key generated
[2025-11-05T23:20:39.975595] [DEBUG] Connection pool status checked
[2025-11-05T23:20:39.975506] [INFO] Health check passed
[2025-11-05T23:20:39.975561] [WARN] Resource threshold approaching
[2025-11-05T23:20:39.975534] [INFO] Connection established
[2025-11-05T23:20:39.975567] [ERROR] Authentication failed
[2025-11-05T23:20:39.975524] [INFO] User logged in
[2025-11-05T23:20:39.975588] [DEBUG] Memory allocation: 2048 bytes
[2025-11-05T23:20:39.975584] [DEBUG] Connection pool status checked
[2025-11-05T23:20:39.975544] [INFO] Request processed successfully
[2025-11-05T23:20:39.975481] [INFO] Session started
[2025-11-05T23:20:39.975531] [INFO] User logged in
[2025-11-05T23:20:39.975541] [INFO] Session started
[2025-11-05T23:20:39.975603] [DEBUG] HTTP request headers parsed
[2025-11-05T23:20:39.975512] [INFO] Connection established
[2025-11-05T23:20:39.975528] [INFO] Health check passed
[2025-11-05T23:20:39.975520] [INFO] User logged in
[2025-11-05T23:20:39.975581] [DEBUG] Connection pool status checked
