[2025-11-05T23:20:45.950890] [DEBUG] HTTP request headers parsed
[2025-11-05T23:20:45.950874] [WARN] Disk space low
[2025-11-05T23:20:45.950907] [DEBUG] Cache key generated
[2025-11-05T23:20:45.950894] [DEBUG] Variable value: x=42
[2025-11-05T23:20:45.950851] [INFO] Request processed successfully
[2025-11-05T23:20:45.950899] [DEBUG] Timer set: 30 seconds
[2025-11-05T23:20:45.950903] [DEBUG] Buffer size: 4096 bytes
[2025-11-05T23:20:45.950885] [DEBUG] Variable value: x=42
[2025-11-05T23:20:45.950793] [INFO] Request processed successfully
[2025-11-05T23:20:45.950830] [INFO] User logged in
[2025-11-05T23:20:45.950825] [INFO] Health check passed
[2025-11-05T23:20:45.950840] [INFO] Database query executed
[2025-11-05T23:20:45.950835] [INFO] User logged in
[2025-11-05T23:20:45.950864] [INFO] Cache hit
[2025-11-05T23:20:45.950911] [DEBUG] Variable value: x=42
[2025-11-05T23:20:45.950880] [ERROR] Service unavailable
[2025-11-05T23:20:45.950855] [INFO] Request processed successfully
[2025-11-05T23:20:45.950860] [INFO] Request processed successfully
[2025-11-05T23:20:45.950868] [INFO] Service initialized
[2025-11-05T23:20:45.950819] [INFO] Service initialized
[2025-11-05T23:20:45.950845] [INFO] User logged in
