[2025-11-05T23:20:22.873497] [INFO] Configuration loaded
[2025-11-05T23:20:22.873502] [INFO] Transaction completed
[2025-11-05T23:20:22.873538] [INFO] Health check passed
[2025-11-05T23:20:22.873541] [INFO] Database query executed
[2025-11-05T23:20:22.873556] [WARN] Cache miss
[2025-11-05T23:20:22.873532] [INFO] Health check passed
[2025-11-05T23:20:22.873581] [DEBUG] Thread pool size: 8
[2025-11-05T23:20:22.873513] [INFO] Configuration loaded
[2025-11-05T23:20:22.873559] [WARN] Rate limit approaching
[2025-11-05T23:20:22.873570] [ERROR] Request failed
[2025-11-05T23:20:22.873562] [WARN] Slow query performance
[2025-11-05T23:20:22.873597] [DEBUG] HTTP request headers parsed
[2025-11-05T23:20:22.873575] [DEBUG] Timer set: 30 seconds
[2025-11-05T23:20:22.873526] [INFO] Cache hit
[2025-11-05T23:20:22.873584] [DEBUG] Variable value: x=42
[2025-11-05T23:20:22.873553] [WARN] Disk space low
[2025-11-05T23:20:22.873588] [DEBUG] Timer set: 30 seconds
[2025-11-05T23:20:22.873594] [DEBUG] Thread pool size: 8
[2025-11-05T23:20:22.873544] [INFO] User logged in
[2025-11-05T23:20:22.873591] [DEBUG] Entering function process_data()
[2025-11-05T23:20:22.873516] [INFO] Configuration loaded
[2025-11-05T23:20:22.873474] [INFO] Connection established
[2025-11-05T23:20:22.873509] [INFO] Request processed successfully
[2025-11-05T23:20:22.873578] [DEBUG] Timer set: 30 seconds
[2025-11-05T23:20:22.873522] [INFO] Cache hit
[2025-11-05T23:20:22.873567] [ERROR] Invalid input data
[2025-11-05T23:20:22.873529] [INFO] Database query executed
[2025-11-05T23:20:22.873519] [INFO] Database query executed
[2025-11-05T23:20:22.873535] [INFO] Database query executed
[2025-11-05T23:20:22.873549] [WARN] Resource threshold approaching
[2025-11-05T23:20:22.873506] [INFO] Configuration loaded
