[2025-11-05T23:20:20.913446] [INFO] Service initialized
[2025-11-05T23:20:20.913409] [INFO] Transaction completed
[2025-11-05T23:20:20.913490] [WARN] Deprecated API usage
[2025-11-05T23:20:20.913546] [DEBUG] Entering function process_data()
[2025-11-05T23:20:20.913437] [INFO] Health check passed
[2025-11-05T23:20:20.913528] [DEBUG] Buffer size: 4096 bytes
[2025-11-05T23:20:20.913500] [WARN] Disk space low
[2025-11-05T23:20:20.913482] [WARN] High memory usage detected
[2025-11-05T23:20:20.913519] [ERROR] Request failed
[2025-11-05T23:20:20.913433] [INFO] Cache hit
[2025-11-05T23:20:20.913541] [DEBUG] Connection pool status checked
[2025-11-05T23:20:20.913513] [ERROR] Authentication failed
[2025-11-05T23:20:20.913486] [WARN] Cache miss
[2025-11-05T23:20:20.913467] [INFO] Database query executed
[2025-11-05T23:20:20.913420] [INFO] Configuration loaded
[2025-11-05T23:20:20.913533] [DEBUG] HTTP request headers parsed
[2025-11-05T23:20:20.913382] [INFO] Transaction completed
[2025-11-05T23:20:20.913476] [WARN] Rate limit approaching
[2025-11-05T23:20:20.913458] [INFO] Connection established
[2025-11-05T23:20:20.913537] [DEBUG] Timer set: 30 seconds
[2025-11-05T23:20:20.913471] [INFO] Health check passed
[2025-11-05T23:20:20.913550] [DEBUG] Loop iteration: 15
[2025-11-05T23:20:20.913424] [INFO] Database query executed
[2025-11-05T23:20:20.913524] [DEBUG] Variable value: x=42
[2025-11-05T23:20:20.913463] [INFO] Health check passed
[2025-11-05T23:20:20.913495] [WARN] Resource threshold approaching
[2025-11-05T23:20:20.913414] [INFO] Database query executed
[2025-11-05T23:20:20.913429] [INFO] Health check passed
[2025-11-05T23:20:20.913441] [INFO] Cache hit
[2025-11-05T23:20:20.913455] [INFO] Transaction completed
[2025-11-05T23:20:20.913504] [WARN] Timeout warning
[2025-11-05T23:20:20.913450] [INFO] Request processed successfully
[2025-11-05T23:20:20.913508] [WARN] Rate limit approaching
