[2025-11-05T23:20:36.657606] [INFO] Request processed successfully
[2025-11-05T23:20:36.657659] [INFO] Cache hit
[2025-11-05T23:20:36.657624] [INFO] Database query executed
[2025-11-05T23:20:36.657743] [DEBUG] Timer set: 30 seconds
[2025-11-05T23:20:36.657673] [INFO] Transaction completed
[2025-11-05T23:20:36.657629] [INFO] Session started
[2025-11-05T23:20:36.657640] [INFO] Session started
[2025-11-05T23:20:36.657706] [ERROR] Database connection lost
[2025-11-05T23:20:36.657650] [INFO] Connection established
[2025-11-05T23:20:36.657691] [WARN] Resource threshold approaching
[2025-11-05T23:20:36.657759] [DEBUG] Loop iteration: 15
[2025-11-05T23:20:36.657581] [INFO] Configuration loaded
[2025-11-05T23:20:36.657668] [INFO] Health check passed
[2025-11-05T23:20:36.657695] [WARN] Disk space low
[2025-11-05T23:20:36.657722] [DEBUG] Cache key generated
[2025-11-05T23:20:36.657686] [WARN] Rate limit approaching
[2025-11-05T23:20:36.657733] [DEBUG] Entering function process_data()
[2025-11-05T23:20:36.657619] [INFO] User logged in
[2025-11-05T23:20:36.657664] [INFO] User logged in
[2025-11-05T23:20:36.657728] [DEBUG] Cache key generated
[2025-11-05T23:20:36.657747] [DEBUG] Cache key generated
[2025-11-05T23:20:36.657751] [DEBUG] Loop iteration: 15
[2025-11-05T23:20:36.657755] [DEBUG] Timer set: 30 seconds
[2025-11-05T23:20:36.657717] [DEBUG] HTTP request headers parsed
[2025-11-05T23:20:36.657645] [INFO] User logged in
[2025-11-05T23:20:36.657680] [WARN] Rate limit approaching
[2025-11-05T23:20:36.657711] [ERROR] Memory allocation error
[2025-11-05T23:20:36.657700] [WARN] Queue size growing
[2025-11-05T23:20:36.657612] [INFO] User logged in
[2025-11-05T23:20:36.657654] [INFO] Transaction completed
[2025-11-05T23:20:36.657635] [INFO] User logged in
[2025-11-05T23:20:36.657738] [DEBUG] Loop iteration: 15
