[2025-11-05T23:20:32.487499] [WARN] Rate limit approaching
[2025-11-05T23:20:32.487513] [WARN] Cache miss
[2025-11-05T23:20:32.487470] [INFO] Configuration loaded
[2025-11-05T23:20:32.487527] [ERROR] File not found
[2025-11-05T23:20:32.487453] [INFO] Transaction completed
[2025-11-05T23:20:32.487479] [INFO] Request processed successfully
[2025-11-05T23:20:32.487474] [INFO] Request processed successfully
[2025-11-05T23:20:32.487493] [WARN] Deprecated API usage
[2025-11-05T23:20:32.487575] [DEBUG] Timer set: 30 seconds
[2025-11-05T23:20:32.487547] [DEBUG] Memory allocation: 2048 bytes
[2025-11-05T23:20:32.487440] [INFO] Connection established
[2025-11-05T23:20:32.487537] [DEBUG] Buffer size: 4096 bytes
[2025-11-05T23:20:32.487436] [INFO] Service initialized
[2025-11-05T23:20:32.487543] [DEBUG] Buffer size: 4096 bytes
[2025-11-05T23:20:32.487449] [INFO] Configuration loaded
[2025-11-05T23:20:32.487398] [INFO] Session started
[2025-11-05T23:20:32.487466] [INFO] Connection established
[2025-11-05T23:20:32.487488] [INFO] Transaction completed
[2025-11-05T23:20:32.487462] [INFO] Configuration loaded
[2025-11-05T23:20:32.487431] [INFO] Transaction completed
[2025-11-05T23:20:32.487551] [DEBUG] Buffer size: 4096 bytes
[2025-11-05T23:20:32.487521] [WARN] High memory usage detected
[2025-11-05T23:20:32.487517] [WARN] Deprecated API usage
[2025-11-05T23:20:32.487556] [DEBUG] Entering function process_data()
[2025-11-05T23:20:32.487565] [DEBUG] Cache key generated
[2025-11-05T23:20:32.487457] [INFO] Health check passed
[2025-11-05T23:20:32.487483] [INFO] Database query executed
[2025-11-05T23:20:32.487532] [ERROR] Network timeout
[2025-11-05T23:20:32.487503] [WARN] High memory usage detected
[2025-11-05T23:20:32.487445] [INFO] Database query executed
[2025-11-05T23:20:32.487424] [INFO] User logged in
[2025-11-05T23:20:32.487561] [DEBUG] Connection pool status checked
[2025-11-05T23:20:32.487508] [WARN] Timeout warning
[2025-11-05T23:20:32.487570] [DEBUG] Connection pool status checked
