[2025-11-05T23:20:45.345639] [DEBUG] Variable value: x=42
[2025-11-05T23:20:45.345658] [DEBUG] Cache key generated
[2025-11-05T23:20:45.345663] [DEBUG] Loop iteration: 15
[2025-11-05T23:20:45.345647] [DEBUG] HTTP request headers parsed
[2025-11-05T23:20:45.345613] [ERROR] Request failed
[2025-11-05T23:20:45.345629] [DEBUG] Memory allocation: 2048 bytes
[2025-11-05T23:20:45.345584] [INFO] User logged in
[2025-11-05T23:20:45.345545] [INFO] User logged in
[2025-11-05T23:20:45.345561] [INFO] Session started
[2025-11-05T23:20:45.345592] [INFO] Database query executed
[2025-11-05T23:20:45.345588] [INFO] Session started
[2025-11-05T23:20:45.345602] [WARN] Disk space low
[2025-11-05T23:20:45.345624] [DEBUG] Loop iteration: 15
[2025-11-05T23:20:45.345556] [INFO] Request processed successfully
[2025-11-05T23:20:45.345575] [INFO] Service initialized
[2025-11-05T23:20:45.345634] [DEBUG] HTTP request headers parsed
[2025-11-05T23:20:45.345643] [DEBUG] Memory allocation: 2048 bytes
[2025-11-05T23:20:45.345607] [WARN] Deprecated API usage
[2025-11-05T23:20:45.345571] [INFO] Service initialized
[2025-11-05T23:20:45.345579] [INFO] Transaction completed
[2025-11-05T23:20:45.345596] [INFO] Database query executed
[2025-11-05T23:20:45.345566] [INFO] Database query executed
[2025-11-05T23:20:45.345518] [INFO] Request processed successfully
[2025-11-05T23:20:45.345618] [ERROR] Request failed
[2025-11-05T23:20:45.345652] [DEBUG] Buffer size: 4096 bytes
[2025-11-05T23:20:45.345551] [INFO] Health check passed
