[2025-11-05T23:20:35.002885] [DEBUG] Loop iteration: 15
[2025-11-05T23:20:35.002805] [INFO] Configuration loaded
[2025-11-05T23:20:35.002826] [INFO] Health check passed
[2025-11-05T23:20:35.002817] [INFO] Service initialized
[2025-11-05T23:20:35.002809] [INFO] Cache hit
[2025-11-05T23:20:35.002760] [INFO] Cache hit
[2025-11-05T23:20:35.002800] [INFO] Connection established
[2025-11-05T23:20:35.002854] [ERROR] Request failed
[2025-11-05T23:20:35.002849] [WARN] Timeout warning
[2025-11-05T23:20:35.002873] [DEBUG] Cache key generated
[2025-11-05T23:20:35.002903] [DEBUG] Thread pool size: 8
[2025-11-05T23:20:35.002822] [INFO] Transaction completed
[2025-11-05T23:20:35.002868] [DEBUG] Timer set: 30 seconds
[2025-11-05T23:20:35.002784] [INFO] User logged in
[2025-11-05T23:20:35.002863] [ERROR] Permission denied
[2025-11-05T23:20:35.002859] [ERROR] Database connection lost
[2025-11-05T23:20:35.002834] [INFO] Health check passed
[2025-11-05T23:20:35.002791] [INFO] Request processed successfully
[2025-11-05T23:20:35.002889] [DEBUG] Loop iteration: 15
[2025-11-05T23:20:35.002843] [WARN] Queue size growing
[2025-11-05T23:20:35.002897] [DEBUG] Variable value: x=42
[2025-11-05T23:20:35.002838] [INFO] User logged in
[2025-11-05T23:20:35.002881] [DEBUG] Memory allocation: 2048 bytes
[2025-11-05T23:20:35.002830] [INFO] Cache hit
[2025-11-05T23:20:35.002795] [INFO] Connection established
[2025-11-05T23:20:35.002813] [INFO] User logged in
[2025-11-05T23:20:35.002893] [DEBUG] Thread pool size: 8
[2025-11-05T23:20:35.002877] [DEBUG] Cache key generated
