[2025-11-05T23:20:51.028031] [INFO] Health check passed
[2025-11-05T23:20:51.028092] [DEBUG] Loop iteration: 15
[2025-11-05T23:20:51.028080] [DEBUG] HTTP request headers parsed
[2025-11-05T23:20:51.028020] [INFO] Health check passed
[2025-11-05T23:20:51.028007] [INFO] Service initialized
[2025-11-05T23:20:51.028064] [ERROR] Permission denied
[2025-11-05T23:20:51.028015] [INFO] Request processed successfully
[2025-11-05T23:20:51.027979] [INFO] Database query executed
[2025-11-05T23:20:51.028069] [ERROR] File not found
[2025-11-05T23:20:51.028097] [DEBUG] Memory allocation: 2048 bytes
[2025-11-05T23:20:51.027949] [INFO] Cache hit
[2025-11-05T23:20:51.028105] [DEBUG] Connection pool status checked
[2025-11-05T23:20:51.027974] [INFO] Configuration loaded
[2025-11-05T23:20:51.028040] [WARN] Timeout warning
[2025-11-05T23:20:51.028051] [WARN] High memory usage detected
[2025-11-05T23:20:51.028035] [INFO] Database query executed
[2025-11-05T23:20:51.028055] [WARN] Slow query performance
[2025-11-05T23:20:51.028075] [DEBUG] Entering function process_data()
[2025-11-05T23:20:51.028088] [DEBUG] Cache key generated
[2025-11-05T23:20:51.028046] [WARN] Rate limit approaching
[2025-11-05T23:20:51.028002] [INFO] Transaction completed
[2025-11-05T23:20:51.028059] [WARN] Rate limit approaching
[2025-11-05T23:20:51.027984] [INFO] Request processed successfully
[2025-11-05T23:20:51.028085] [DEBUG] HTTP request headers parsed
[2025-11-05T23:20:51.027998] [INFO] Configuration loaded
[2025-11-05T23:20:51.027994] [INFO] Health check passed
[2025-11-05T23:20:51.028011] [INFO] Transaction completed
[2025-11-05T23:20:51.028109] [DEBUG] HTTP request headers parsed
[2025-11-05T23:20:51.028101] [DEBUG] Connection pool status checked
[2025-11-05T23:20:51.028027] [INFO] Session started
[2025-11-05T23:20:51.028023] [INFO] Database query executed
[2025-11-05T23:20:51.027990] [INFO] Cache hit
