[2025-11-05T23:20:39.464517] [DEBUG] Variable value: x=42
[2025-11-05T23:20:39.464522] [DEBUG] Connection pool status checked
[2025-11-05T23:20:39.464482] [WARN] Deprecated API usage
[2025-11-05T23:20:39.464375] [INFO] Cache hit
[2025-11-05T23:20:39.464466] [INFO] Database query executed
[2025-11-05T23:20:39.464474] [INFO] Health check passed
[2025-11-05T23:20:39.464494] [ERROR] Permission denied
[2025-11-05T23:20:39.464507] [DEBUG] Connection pool status checked
[2025-11-05T23:20:39.464445] [INFO] Configuration loaded
[2025-11-05T23:20:39.464488] [WARN] Timeout warning
[2025-11-05T23:20:39.464415] [INFO] Health check passed
[2025-11-05T23:20:39.464533] [DEBUG] Buffer size: 4096 bytes
[2025-11-05T23:20:39.464461] [INFO] Session started
[2025-11-05T23:20:39.464449] [INFO] Database query executed
[2025-11-05T23:20:39.464537] [DEBUG] Timer set: 30 seconds
[2025-11-05T23:20:39.464512] [DEBUG] Buffer size: 4096 bytes
[2025-11-05T23:20:39.464430] [INFO] Transaction completed
[2025-11-05T23:20:39.464410] [INFO] Request processed successfully
[2025-11-05T23:20:39.464470] [INFO] Service initialized
[2025-11-05T23:20:39.464453] [INFO] User logged in
[2025-11-05T23:20:39.464420] [INFO] Configuration loaded
[2025-11-05T23:20:39.464500] [ERROR] Request failed
[2025-11-05T23:20:39.464528] [DEBUG] Entering function process_data()
[2025-11-05T23:20:39.464440] [INFO] Request processed successfully
[2025-11-05T23:20:39.464425] [INFO] User logged in
[2025-11-05T23:20:39.464457] [INFO] Transaction completed
[2025-11-05T23:20:39.464541] [DEBUG] HTTP request headers parsed
[2025-11-05T23:20:39.464434] [INFO] User logged in
[2025-11-05T23:20:39.464403] [INFO] Database query executed
