[2025-11-05T23:20:18.399634] [DEBUG] Cache key generated
[2025-11-05T23:20:18.399529] [INFO] Database query executed
[2025-11-05T23:20:18.399609] [DEBUG] HTTP request headers parsed
[2025-11-05T23:20:18.399493] [INFO] Session started
[2025-11-05T23:20:18.399503] [INFO] User logged in
[2025-11-05T23:20:18.399629] [DEBUG] Entering function process_data()
[2025-11-05T23:20:18.399620] [DEBUG] Connection pool status checked
[2025-11-05T23:20:18.399540] [INFO] Health check passed
[2025-11-05T23:20:18.399553] [INFO] Configuration loaded
[2025-11-05T23:20:18.399497] [INFO] Service initialized
[2025-11-05T23:20:18.399456] [INFO] Service initialized
[2025-11-05T23:20:18.399604] [DEBUG] Cache key generated
[2025-11-05T23:20:18.399509] [INFO] Transaction completed
[2025-11-05T23:20:18.399571] [WARN] Timeout warning
[2025-11-05T23:20:18.399593] [ERROR] Network timeout
[2025-11-05T23:20:18.399533] [INFO] Configuration loaded
[2025-11-05T23:20:18.399488] [INFO] Cache hit
[2025-11-05T23:20:18.399524] [INFO] Configuration loaded
[2025-11-05T23:20:18.399586] [ERROR] Memory allocation error
[2025-11-05T23:20:18.399613] [DEBUG] Variable value: x=42
[2025-11-05T23:20:18.399520] [INFO] Request processed successfully
[2025-11-05T23:20:18.399616] [DEBUG] Entering function process_data()
[2025-11-05T23:20:18.399548] [INFO] Health check passed
[2025-11-05T23:20:18.399515] [INFO] Connection established
[2025-11-05T23:20:18.399580] [WARN] Slow query performance
[2025-11-05T23:20:18.399559] [WARN] Resource threshold approaching
[2025-11-05T23:20:18.399599] [DEBUG] Timer set: 30 seconds
[2025-11-05T23:20:18.399482] [INFO] Configuration loaded
[2025-11-05T23:20:18.399624] [DEBUG] Loop iteration: 15
[2025-11-05T23:20:18.399544] [INFO] Health check passed
[2025-11-05T23:20:18.399565] [WARN] Rate limit approaching
[2025-11-05T23:20:18.399576] [WARN] Rate limit approaching
