[2025-11-05T23:20:46.946574] [INFO] Configuration loaded
[2025-11-05T23:20:46.946506] [INFO] Database query executed
[2025-11-05T23:20:46.946594] [WARN] Queue size growing
[2025-11-05T23:20:46.946653] [DEBUG] Connection pool status checked
[2025-11-05T23:20:46.946532] [INFO] Session started
[2025-11-05T23:20:46.946478] [INFO] Connection established
[2025-11-05T23:20:46.946570] [INFO] Database query executed
[2025-11-05T23:20:46.946619] [DEBUG] Buffer size: 4096 bytes
[2025-11-05T23:20:46.946541] [INFO] Connection established
[2025-11-05T23:20:46.946546] [INFO] Request processed successfully
[2025-11-05T23:20:46.946565] [INFO] Session started
[2025-11-05T23:20:46.946517] [INFO] Request processed successfully
[2025-11-05T23:20:46.946608] [ERROR] Disk read failed
[2025-11-05T23:20:46.946555] [INFO] Session started
[2025-11-05T23:20:46.946632] [DEBUG] Loop iteration: 15
[2025-11-05T23:20:46.946645] [DEBUG] HTTP request headers parsed
[2025-11-05T23:20:46.946663] [DEBUG] Memory allocation: 2048 bytes
[2025-11-05T23:20:46.946560] [INFO] Configuration loaded
[2025-11-05T23:20:46.946640] [DEBUG] Entering function process_data()
[2025-11-05T23:20:46.946521] [INFO] Database query executed
[2025-11-05T23:20:46.946649] [DEBUG] Cache key generated
[2025-11-05T23:20:46.946527] [INFO] Health check passed
[2025-11-05T23:20:46.946590] [WARN] Cache miss
[2025-11-05T23:20:46.946613] [DEBUG] Variable value: x=42
[2025-11-05T23:20:46.946585] [WARN] Slow query performance
[2025-11-05T23:20:46.946623] [DEBUG] HTTP request headers parsed
[2025-11-05T23:20:46.946598] [WARN] Disk space low
[2025-11-05T23:20:46.946658] [DEBUG] Timer set: 30 seconds
[2025-11-05T23:20:46.946537] [INFO] Request processed successfully
[2025-11-05T23:20:46.946580] [WARN] Connection retry attempt
[2025-11-05T23:20:46.946628] [DEBUG] Variable value: x=42
[2025-11-05T23:20:46.946550] [INFO] User logged in
[2025-11-05T23:20:46.946512] [INFO] Configuration loaded
[2025-11-05T23:20:46.946602] [WARN] Queue size growing
[2025-11-05T23:20:46.946636] [DEBUG] HTTP request headers parsed
