[2025-11-05T23:20:18.817841] [DEBUG] HTTP request headers parsed
[2025-11-05T23:20:18.817800] [ERROR] Disk read failed
[2025-11-05T23:20:18.817778] [WARN] Slow query performance
[2025-11-05T23:20:18.817732] [INFO] Connection established
[2025-11-05T23:20:18.817759] [INFO] Database query executed
[2025-11-05T23:20:18.817816] [DEBUG] Loop iteration: 15
[2025-11-05T23:20:18.817694] [INFO] Cache hit
[2025-11-05T23:20:18.817728] [INFO] Configuration loaded
[2025-11-05T23:20:18.817828] [DEBUG] Loop iteration: 15
[2025-11-05T23:20:18.817700] [INFO] Configuration loaded
[2025-11-05T23:20:18.817715] [INFO] Configuration loaded
[2025-11-05T23:20:18.817783] [WARN] Connection retry attempt
[2025-11-05T23:20:18.817832] [DEBUG] Variable value: x=42
[2025-11-05T23:20:18.817845] [DEBUG] Connection pool status checked
[2025-11-05T23:20:18.817723] [INFO] Database query executed
[2025-11-05T23:20:18.817710] [INFO] Configuration loaded
[2025-11-05T23:20:18.817743] [INFO] Transaction completed
[2025-11-05T23:20:18.817805] [ERROR] Network timeout
[2025-11-05T23:20:18.817794] [WARN] Disk space low
[2025-11-05T23:20:18.817770] [INFO] Connection established
[2025-11-05T23:20:18.817824] [DEBUG] HTTP request headers parsed
[2025-11-05T23:20:18.817788] [WARN] Queue size growing
[2025-11-05T23:20:18.817748] [INFO] User logged in
[2025-11-05T23:20:18.817837] [DEBUG] Timer set: 30 seconds
[2025-11-05T23:20:18.817810] [DEBUG] Timer set: 30 seconds
[2025-11-05T23:20:18.817719] [INFO] Connection established
[2025-11-05T23:20:18.817753] [INFO] Health check passed
[2025-11-05T23:20:18.817705] [INFO] Service initialized
[2025-11-05T23:20:18.817764] [INFO] Session started
[2025-11-05T23:20:18.817738] [INFO] Database query executed
[2025-11-05T23:20:18.817820] [DEBUG] HTTP request headers parsed
[2025-11-05T23:20:18.817667] [INFO] Transaction completed
