[2025-11-05T23:20:39.293042] [INFO] Request processed successfully
[2025-11-05T23:20:39.293130] [DEBUG] Buffer size: 4096 bytes
[2025-11-05T23:20:39.293162] [DEBUG] Timer set: 30 seconds
[2025-11-05T23:20:39.293115] [ERROR] Database connection lost
[2025-11-05T23:20:39.293139] [DEBUG] Buffer size: 4096 bytes
[2025-11-05T23:20:39.293037] [INFO] Configuration loaded
[2025-11-05T23:20:39.293050] [INFO] Session started
[2025-11-05T23:20:39.293144] [DEBUG] Variable value: x=42
[2025-11-05T23:20:39.293080] [INFO] Database query executed
[2025-11-05T23:20:39.293152] [DEBUG] Thread pool size: 8
[2025-11-05T23:20:39.293059] [INFO] Transaction completed
[2025-11-05T23:20:39.293072] [INFO] Connection established
[2025-11-05T23:20:39.293120] [ERROR] Authentication failed
[2025-11-05T23:20:39.293148] [DEBUG] Loop iteration: 15
[2025-11-05T23:20:39.293105] [WARN] Slow query performance
[2025-11-05T23:20:39.293135] [DEBUG] Loop iteration: 15
[2025-11-05T23:20:39.293100] [WARN] Disk space low
[2025-11-05T23:20:39.292995] [INFO] Service initialized
[2025-11-05T23:20:39.293110] [ERROR] Request failed
[2025-11-05T23:20:39.293068] [INFO] Service initialized
[2025-11-05T23:20:39.293046] [INFO] Session started
[2025-11-05T23:20:39.293021] [INFO] Transaction completed
[2025-11-05T23:20:39.293166] [DEBUG] Entering function process_data()
[2025-11-05T23:20:39.293055] [INFO] Connection established
[2025-11-05T23:20:39.293096] [WARN] Rate limit approaching
[2025-11-05T23:20:39.293091] [WARN] Deprecated API usage
[2025-11-05T23:20:39.293086] [WARN] Connection retry attempt
[2025-11-05T23:20:39.293027] [INFO] User logged in
[2025-11-05T23:20:39.293076] [INFO] Session started
[2025-11-05T23:20:39.293157] [DEBUG] Cache key generated
[2025-11-05T23:20:39.293064] [INFO] Configuration loaded
[2025-11-05T23:20:39.293125] [DEBUG] Memory allocation: 2048 bytes
[2025-11-05T23:20:39.293033] [INFO] Database query executed
