[2025-11-05T23:20:24.929329] [DEBUG] Loop iteration: 15
[2025-11-05T23:20:24.929288] [INFO] Database query executed
[2025-11-05T23:20:24.929236] [INFO] Transaction completed
[2025-11-05T23:20:24.929310] [ERROR] Database connection lost
[2025-11-05T23:20:24.929299] [WARN] High memory usage detected
[2025-11-05T23:20:24.929292] [WARN] Timeout warning
[2025-11-05T23:20:24.929275] [INFO] Database query executed
[2025-11-05T23:20:24.929341] [DEBUG] Timer set: 30 seconds
[2025-11-05T23:20:24.929262] [INFO] Configuration loaded
[2025-11-05T23:20:24.929213] [INFO] Service initialized
[2025-11-05T23:20:24.929307] [WARN] High memory usage detected
[2025-11-05T23:20:24.929326] [DEBUG] Memory allocation: 2048 bytes
[2025-11-05T23:20:24.929258] [INFO] Connection established
[2025-11-05T23:20:24.929251] [INFO] Configuration loaded
[2025-11-05T23:20:24.929314] [ERROR] Network timeout
[2025-11-05T23:20:24.929247] [INFO] Connection established
[2025-11-05T23:20:24.929255] [INFO] Session started
[2025-11-05T23:20:24.929345] [DEBUG] Memory allocation: 2048 bytes
[2025-11-05T23:20:24.929265] [INFO] Health check passed
[2025-11-05T23:20:24.929244] [INFO] Transaction completed
[2025-11-05T23:20:24.929318] [DEBUG] Buffer size: 4096 bytes
[2025-11-05T23:20:24.929272] [INFO] Configuration loaded
[2025-11-05T23:20:24.929240] [INFO] User logged in
[2025-11-05T23:20:24.929296] [WARN] Connection retry attempt
[2025-11-05T23:20:24.929332] [DEBUG] Memory allocation: 2048 bytes
[2025-11-05T23:20:24.929281] [INFO] Transaction completed
[2025-11-05T23:20:24.929278] [INFO] Database query executed
[2025-11-05T23:20:24.929338] [DEBUG] Thread pool size: 8
[2025-11-05T23:20:24.929303] [WARN] Connection retry attempt
[2025-11-05T23:20:24.929322] [DEBUG] Connection pool status checked
[2025-11-05T23:20:24.929285] [INFO] Configuration loaded
[2025-11-05T23:20:24.929269] [INFO] Connection established
[2025-11-05T23:20:24.929335] [DEBUG] Loop iteration: 15
