[2025-11-05T23:20:45.036492] [INFO] Health check passed
[2025-11-05T23:20:45.036829] [DEBUG] Entering function process_data()
[2025-11-05T23:20:45.036572] [INFO] Cache hit
[2025-11-05T23:20:45.036552] [INFO] Database query executed
[2025-11-05T23:20:45.036526] [INFO] Health check passed
[2025-11-05T23:20:45.036516] [INFO] Health check passed
[2025-11-05T23:20:45.036812] [DEBUG] Variable value: x=42
[2025-11-05T23:20:45.036824] [DEBUG] Loop iteration: 15
[2025-11-05T23:20:45.036842] [DEBUG] Variable value: x=42
[2025-11-05T23:20:45.036521] [INFO] User logged in
[2025-11-05T23:20:45.036564] [INFO] Session started
[2025-11-05T23:20:45.036544] [INFO] Configuration loaded
[2025-11-05T23:20:45.036535] [INFO] Transaction completed
[2025-11-05T23:20:45.036548] [INFO] Connection established
[2025-11-05T23:20:45.036838] [DEBUG] Entering function process_data()
[2025-11-05T23:20:45.036530] [INFO] Service initialized
[2025-11-05T23:20:45.036568] [INFO] Service initialized
[2025-11-05T23:20:45.036586] [WARN] Slow query performance
[2025-11-05T23:20:45.036595] [ERROR] Invalid input data
[2025-11-05T23:20:45.036540] [INFO] Transaction completed
[2025-11-05T23:20:45.036599] [ERROR] Service unavailable
[2025-11-05T23:20:45.036582] [WARN] High memory usage detected
[2025-11-05T23:20:45.036577] [WARN] Queue size growing
[2025-11-05T23:20:45.036834] [DEBUG] HTTP request headers parsed
[2025-11-05T23:20:45.036590] [WARN] Queue size growing
[2025-11-05T23:20:45.036556] [INFO] Session started
[2025-11-05T23:20:45.036560] [INFO] User logged in
