[2025-11-05T23:20:16.581686] [ERROR] Network timeout
[2025-11-05T23:20:16.581693] [DEBUG] Connection pool status checked
[2025-11-05T23:20:16.581583] [INFO] Service initialized
[2025-11-05T23:20:16.581632] [INFO] Session started
[2025-11-05T23:20:16.581655] [INFO] Connection established
[2025-11-05T23:20:16.581637] [INFO] Configuration loaded
[2025-11-05T23:20:16.581611] [INFO] Connection established
[2025-11-05T23:20:16.581738] [DEBUG] Cache key generated
[2025-11-05T23:20:16.581651] [INFO] Request processed successfully
[2025-11-05T23:20:16.581734] [DEBUG] Cache key generated
[2025-11-05T23:20:16.581707] [DEBUG] Entering function process_data()
[2025-11-05T23:20:16.581663] [INFO] Health check passed
[2025-11-05T23:20:16.581627] [INFO] Service initialized
[2025-11-05T23:20:16.581703] [DEBUG] Timer set: 30 seconds
[2025-11-05T23:20:16.581622] [INFO] Cache hit
[2025-11-05T23:20:16.581679] [WARN] Disk space low
[2025-11-05T23:20:16.581668] [INFO] Session started
[2025-11-05T23:20:16.581659] [INFO] Cache hit
[2025-11-05T23:20:16.581617] [INFO] Database query executed
[2025-11-05T23:20:16.581712] [DEBUG] Memory allocation: 2048 bytes
[2025-11-05T23:20:16.581698] [DEBUG] Buffer size: 4096 bytes
[2025-11-05T23:20:16.581725] [DEBUG] Entering function process_data()
[2025-11-05T23:20:16.581673] [INFO] Request processed successfully
[2025-11-05T23:20:16.581721] [DEBUG] Thread pool size: 8
[2025-11-05T23:20:16.581646] [INFO] Connection established
[2025-11-05T23:20:16.581716] [DEBUG] Thread pool size: 8
[2025-11-05T23:20:16.581642] [INFO] Database query executed
[2025-11-05T23:20:16.581730] [DEBUG] Memory allocation: 2048 bytes
