[2025-11-05T23:20:35.564044] [DEBUG] Buffer size: 4096 bytes
[2025-11-05T23:20:35.564020] [WARN] High memory usage detected
[2025-11-05T23:20:35.564027] [WARN] Slow query performance
[2025-11-05T23:20:35.563958] [INFO] User logged in
[2025-11-05T23:20:35.563973] [INFO] Database query executed
[2025-11-05T23:20:35.563984] [INFO] Connection established
[2025-11-05T23:20:35.564061] [DEBUG] Connection pool status checked
[2025-11-05T23:20:35.564023] [WARN] Resource threshold approaching
[2025-11-05T23:20:35.563994] [INFO] Connection established
[2025-11-05T23:20:35.563988] [INFO] Service initialized
[2025-11-05T23:20:35.564057] [DEBUG] HTTP request headers parsed
[2025-11-05T23:20:35.564040] [DEBUG] Entering function process_data()
[2025-11-05T23:20:35.564011] [INFO] Connection established
[2025-11-05T23:20:35.563977] [INFO] Database query executed
[2025-11-05T23:20:35.564004] [INFO] Configuration loaded
[2025-11-05T23:20:35.563991] [INFO] Service initialized
[2025-11-05T23:20:35.563929] [INFO] User logged in
[2025-11-05T23:20:35.564031] [ERROR] Invalid input data
[2025-11-05T23:20:35.563953] [INFO] Configuration loaded
[2025-11-05T23:20:35.564000] [INFO] Transaction completed
[2025-11-05T23:20:35.563980] [INFO] Health check passed
[2025-11-05T23:20:35.564016] [WARN] Cache miss
[2025-11-05T23:20:35.564035] [ERROR] File not found
[2025-11-05T23:20:35.564047] [DEBUG] Timer set: 30 seconds
[2025-11-05T23:20:35.564054] [DEBUG] Thread pool size: 8
[2025-11-05T23:20:35.563966] [INFO] Transaction completed
[2025-11-05T23:20:35.563970] [INFO] Request processed successfully
[2025-11-05T23:20:35.563997] [INFO] Database query executed
[2025-11-05T23:20:35.564007] [INFO] Cache hit
[2025-11-05T23:20:35.563962] [INFO] Service initialized
[2025-11-05T23:20:35.564050] [DEBUG] Memory allocation: 2048 bytes
