[2025-11-05T23:20:50.765919] [WARN] Resource threshold approaching
[2025-11-05T23:20:50.765883] [INFO] Service initialized
[2025-11-05T23:20:50.765844] [INFO] Service initialized
[2025-11-05T23:20:50.765871] [INFO] Health check passed
[2025-11-05T23:20:50.765858] [INFO] Request processed successfully
[2025-11-05T23:20:50.765959] [DEBUG] Connection pool status checked
[2025-11-05T23:20:50.765849] [INFO] Health check passed
[2025-11-05T23:20:50.765951] [DEBUG] Timer set: 30 seconds
[2025-11-05T23:20:50.765915] [WARN] Disk space low
[2025-11-05T23:20:50.765875] [INFO] Service initialized
[2025-11-05T23:20:50.765947] [DEBUG] Cache key generated
[2025-11-05T23:20:50.765819] [INFO] Health check passed
[2025-11-05T23:20:50.765955] [DEBUG] Thread pool size: 8
[2025-11-05T23:20:50.765863] [INFO] Health check passed
[2025-11-05T23:20:50.765891] [INFO] Connection established
[2025-11-05T23:20:50.765897] [WARN] Connection retry attempt
[2025-11-05T23:20:50.765963] [DEBUG] Entering function process_data()
[2025-11-05T23:20:50.765867] [INFO] Transaction completed
[2025-11-05T23:20:50.765910] [WARN] Connection retry attempt
[2025-11-05T23:20:50.765854] [INFO] Request processed successfully
[2025-11-05T23:20:50.765901] [WARN] Resource threshold approaching
[2025-11-05T23:20:50.765923] [WARN] Slow query performance
[2025-11-05T23:20:50.765943] [DEBUG] Loop iteration: 15
[2025-11-05T23:20:50.765887] [INFO] User logged in
[2025-11-05T23:20:50.765906] [WARN] Rate limit approaching
[2025-11-05T23:20:50.765928] [ERROR] Database connection lost
[2025-11-05T23:20:50.765933] [ERROR] Network timeout
[2025-11-05T23:20:50.765938] [DEBUG] Loop iteration: 15
[2025-11-05T23:20:50.765879] [INFO] Service initialized
