[2025-11-05T23:20:47.273951] [INFO] Transaction completed
[2025-11-05T23:20:47.273962] [INFO] Connection established
[2025-11-05T23:20:47.274005] [ERROR] Authentication failed
[2025-11-05T23:20:47.273970] [INFO] Configuration loaded
[2025-11-05T23:20:47.274010] [ERROR] Disk read failed
[2025-11-05T23:20:47.273959] [INFO] Service initialized
[2025-11-05T23:20:47.273991] [WARN] Cache miss
[2025-11-05T23:20:47.273922] [INFO] Configuration loaded
[2025-11-05T23:20:47.273931] [INFO] User logged in
[2025-11-05T23:20:47.273981] [INFO] Database query executed
[2025-11-05T23:20:47.273935] [INFO] Cache hit
[2025-11-05T23:20:47.274037] [DEBUG] HTTP request headers parsed
[2025-11-05T23:20:47.274020] [DEBUG] Cache key generated
[2025-11-05T23:20:47.273939] [INFO] Configuration loaded
[2025-11-05T23:20:47.273977] [INFO] Database query executed
[2025-11-05T23:20:47.273986] [WARN] Slow query performance
[2025-11-05T23:20:47.274028] [DEBUG] Variable value: x=42
[2025-11-05T23:20:47.274014] [DEBUG] HTTP request headers parsed
[2025-11-05T23:20:47.274045] [DEBUG] Buffer size: 4096 bytes
[2025-11-05T23:20:47.273943] [INFO] Transaction completed
[2025-11-05T23:20:47.274024] [DEBUG] Buffer size: 4096 bytes
[2025-11-05T23:20:47.273955] [INFO] Configuration loaded
[2025-11-05T23:20:47.273917] [INFO] Connection established
[2025-11-05T23:20:47.274041] [DEBUG] Connection pool status checked
[2025-11-05T23:20:47.273999] [WARN] High memory usage detected
[2025-11-05T23:20:47.274049] [DEBUG] Timer set: 30 seconds
[2025-11-05T23:20:47.274032] [DEBUG] Buffer size: 4096 bytes
[2025-11-05T23:20:47.273890] [INFO] Cache hit
[2025-11-05T23:20:47.273966] [INFO] Health check passed
[2025-11-05T23:20:47.273995] [WARN] Rate limit approaching
[2025-11-05T23:20:47.273973] [INFO] Service initialized
[2025-11-05T23:20:47.273947] [INFO] User logged in
[2025-11-05T23:20:47.273927] [INFO] Health check passed
