[2025-11-05T23:20:41.847751] [INFO] User logged in
[2025-11-05T23:20:41.847814] [DEBUG] Buffer size: 4096 bytes
[2025-11-05T23:20:41.847742] [INFO] Cache hit
[2025-11-05T23:20:41.847709] [INFO] Health check passed
[2025-11-05T23:20:41.847734] [INFO] Transaction completed
[2025-11-05T23:20:41.847689] [INFO] Connection established
[2025-11-05T23:20:41.847760] [INFO] User logged in
[2025-11-05T23:20:41.847715] [INFO] User logged in
[2025-11-05T23:20:41.847700] [INFO] Transaction completed
[2025-11-05T23:20:41.847802] [ERROR] Request failed
[2025-11-05T23:20:41.847724] [INFO] User logged in
[2025-11-05T23:20:41.847765] [INFO] Connection established
[2025-11-05T23:20:41.847777] [WARN] Resource threshold approaching
[2025-11-05T23:20:41.847747] [INFO] Database query executed
[2025-11-05T23:20:41.847822] [DEBUG] Thread pool size: 8
[2025-11-05T23:20:41.847809] [DEBUG] Memory allocation: 2048 bytes
[2025-11-05T23:20:41.847771] [WARN] Timeout warning
[2025-11-05T23:20:41.847787] [WARN] Resource threshold approaching
[2025-11-05T23:20:41.847755] [INFO] Request processed successfully
[2025-11-05T23:20:41.847827] [DEBUG] Variable value: x=42
[2025-11-05T23:20:41.847705] [INFO] Service initialized
[2025-11-05T23:20:41.847695] [INFO] Service initialized
[2025-11-05T23:20:41.847662] [INFO] Database query executed
[2025-11-05T23:20:41.847797] [ERROR] Network timeout
[2025-11-05T23:20:41.847782] [WARN] Deprecated API usage
[2025-11-05T23:20:41.847719] [INFO] Session started
[2025-11-05T23:20:41.847818] [DEBUG] Memory allocation: 2048 bytes
[2025-11-05T23:20:41.847831] [DEBUG] Timer set: 30 seconds
[2025-11-05T23:20:41.847738] [INFO] Configuration loaded
[2025-11-05T23:20:41.847791] [WARN] Slow query performance
[2025-11-05T23:20:41.847729] [INFO] Configuration loaded
