[2025-11-05T23:20:43.742130] [DEBUG] Loop iteration: 15
[2025-11-05T23:20:43.742061] [INFO] Cache hit
[2025-11-05T23:20:43.742032] [INFO] Transaction completed
[2025-11-05T23:20:43.742053] [INFO] Transaction completed
[2025-11-05T23:20:43.742066] [WARN] Slow query performance
[2025-11-05T23:20:43.742122] [DEBUG] HTTP request headers parsed
[2025-11-05T23:20:43.742014] [INFO] Request processed successfully
[2025-11-05T23:20:43.742071] [WARN] High memory usage detected
[2025-11-05T23:20:43.742086] [ERROR] File not found
[2025-11-05T23:20:43.742045] [INFO] Database query executed
[2025-11-05T23:20:43.742081] [WARN] Rate limit approaching
[2025-11-05T23:20:43.742126] [DEBUG] Cache key generated
[2025-11-05T23:20:43.742118] [DEBUG] Entering function process_data()
[2025-11-05T23:20:43.742048] [INFO] Configuration loaded
[2025-11-05T23:20:43.742036] [INFO] Service initialized
[2025-11-05T23:20:43.742114] [DEBUG] Cache key generated
[2025-11-05T23:20:43.742075] [WARN] Deprecated API usage
[2025-11-05T23:20:43.742105] [DEBUG] Timer set: 30 seconds
[2025-11-05T23:20:43.742091] [ERROR] Database connection lost
[2025-11-05T23:20:43.742096] [DEBUG] Entering function process_data()
[2025-11-05T23:20:43.742023] [INFO] User logged in
[2025-11-05T23:20:43.742109] [DEBUG] Thread pool size: 8
[2025-11-05T23:20:43.742100] [DEBUG] Buffer size: 4096 bytes
[2025-11-05T23:20:43.742040] [INFO] User logged in
[2025-11-05T23:20:43.742008] [INFO] Database query executed
[2025-11-05T23:20:43.742028] [INFO] User logged in
[2025-11-05T23:20:43.742018] [INFO] Configuration loaded
[2025-11-05T23:20:43.741983] [INFO] Configuration loaded
[2025-11-05T23:20:43.742057] [INFO] Session started
