[2025-11-05T23:20:32.676528] [INFO] Database query executed
[2025-11-05T23:20:32.676589] [DEBUG] Memory allocation: 2048 bytes
[2025-11-05T23:20:32.676470] [INFO] Health check passed
[2025-11-05T23:20:32.676507] [INFO] Connection established
[2025-11-05T23:20:32.676520] [INFO] Cache hit
[2025-11-05T23:20:32.676543] [WARN] Resource threshold approaching
[2025-11-05T23:20:32.676585] [DEBUG] Buffer size: 4096 bytes
[2025-11-05T23:20:32.676547] [WARN] Deprecated API usage
[2025-11-05T23:20:32.676498] [INFO] Configuration loaded
[2025-11-05T23:20:32.676490] [INFO] Request processed successfully
[2025-11-05T23:20:32.676524] [INFO] Transaction completed
[2025-11-05T23:20:32.676593] [DEBUG] Cache key generated
[2025-11-05T23:20:32.676564] [DEBUG] Timer set: 30 seconds
[2025-11-05T23:20:32.676443] [INFO] Transaction completed
[2025-11-05T23:20:32.676494] [INFO] Transaction completed
[2025-11-05T23:20:32.676481] [INFO] Request processed successfully
[2025-11-05T23:20:32.676538] [WARN] Slow query performance
[2025-11-05T23:20:32.676502] [INFO] Configuration loaded
[2025-11-05T23:20:32.676576] [DEBUG] Variable value: x=42
[2025-11-05T23:20:32.676533] [WARN] Deprecated API usage
[2025-11-05T23:20:32.676572] [DEBUG] Entering function process_data()
[2025-11-05T23:20:32.676580] [DEBUG] Timer set: 30 seconds
[2025-11-05T23:20:32.676553] [ERROR] Database connection lost
[2025-11-05T23:20:32.676568] [DEBUG] Buffer size: 4096 bytes
[2025-11-05T23:20:32.676486] [INFO] Cache hit
[2025-11-05T23:20:32.676559] [DEBUG] Variable value: x=42
[2025-11-05T23:20:32.676516] [INFO] Transaction completed
[2025-11-05T23:20:32.676511] [INFO] User logged in
[2025-11-05T23:20:32.676476] [INFO] Database query executed
