[2025-11-05T23:20:45.309444] [DEBUG] Connection pool status checked
[2025-11-05T23:20:45.309393] [INFO] Service initialized
[2025-11-05T23:20:45.309419] [WARN] Rate limit approaching
[2025-11-05T23:20:45.309381] [INFO] User logged in
[2025-11-05T23:20:45.309436] [DEBUG] Entering function process_data()
[2025-11-05T23:20:45.309337] [INFO] Session started
[2025-11-05T23:20:45.309347] [INFO] Database query executed
[2025-11-05T23:20:45.309356] [INFO] Database query executed
[2025-11-05T23:20:45.309376] [INFO] Health check passed
[2025-11-05T23:20:45.309469] [DEBUG] HTTP request headers parsed
[2025-11-05T23:20:45.309477] [DEBUG] Buffer size: 4096 bytes
[2025-11-05T23:20:45.309372] [INFO] Connection established
[2025-11-05T23:20:45.309352] [INFO] Service initialized
[2025-11-05T23:20:45.309457] [DEBUG] Entering function process_data()
[2025-11-05T23:20:45.309453] [DEBUG] Connection pool status checked
[2025-11-05T23:20:45.309465] [DEBUG] Buffer size: 4096 bytes
[2025-11-05T23:20:45.309415] [WARN] Resource threshold approaching
[2025-11-05T23:20:45.309385] [INFO] Health check passed
[2025-11-05T23:20:45.309368] [INFO] User logged in
[2025-11-05T23:20:45.309314] [INFO] Service initialized
[2025-11-05T23:20:45.309449] [DEBUG] Loop iteration: 15
[2025-11-05T23:20:45.309461] [DEBUG] Loop iteration: 15
[2025-11-05T23:20:45.309364] [INFO] Transaction completed
[2025-11-05T23:20:45.309343] [INFO] Request processed successfully
[2025-11-05T23:20:45.309425] [ERROR] Service unavailable
[2025-11-05T23:20:45.309431] [ERROR] Request failed
[2025-11-05T23:20:45.309389] [INFO] User logged in
[2025-11-05T23:20:45.309473] [DEBUG] HTTP request headers parsed
[2025-11-05T23:20:45.309399] [WARN] Connection retry attempt
[2025-11-05T23:20:45.309360] [INFO] Request processed successfully
[2025-11-05T23:20:45.309440] [DEBUG] Timer set: 30 seconds
[2025-11-05T23:20:45.309405] [WARN] Rate limit approaching
[2025-11-05T23:20:45.309410] [WARN] Cache miss
