[2025-11-05T23:20:19.985842] [DEBUG] Cache key generated
[2025-11-05T23:20:19.985718] [INFO] Cache hit
[2025-11-05T23:20:19.985762] [INFO] Health check passed
[2025-11-05T23:20:19.985693] [INFO] Cache hit
[2025-11-05T23:20:19.985812] [ERROR] Memory allocation error
[2025-11-05T23:20:19.985705] [INFO] Database query executed
[2025-11-05T23:20:19.985699] [INFO] Transaction completed
[2025-11-05T23:20:19.985831] [DEBUG] Cache key generated
[2025-11-05T23:20:19.985852] [DEBUG] HTTP request headers parsed
[2025-11-05T23:20:19.985862] [DEBUG] Variable value: x=42
[2025-11-05T23:20:19.985742] [INFO] Health check passed
[2025-11-05T23:20:19.985747] [INFO] Health check passed
[2025-11-05T23:20:19.985730] [INFO] Database query executed
[2025-11-05T23:20:19.985768] [INFO] Service initialized
[2025-11-05T23:20:19.985787] [WARN] Disk space low
[2025-11-05T23:20:19.985836] [DEBUG] Timer set: 30 seconds
[2025-11-05T23:20:19.985799] [WARN] Slow query performance
[2025-11-05T23:20:19.985818] [ERROR] File not found
[2025-11-05T23:20:19.985752] [INFO] Connection established
[2025-11-05T23:20:19.985793] [WARN] Timeout warning
[2025-11-05T23:20:19.985724] [INFO] User logged in
[2025-11-05T23:20:19.985756] [INFO] Cache hit
[2025-11-05T23:20:19.985774] [INFO] User logged in
[2025-11-05T23:20:19.985858] [DEBUG] Timer set: 30 seconds
[2025-11-05T23:20:19.985681] [INFO] Database query executed
[2025-11-05T23:20:19.985805] [WARN] Disk space low
[2025-11-05T23:20:19.985873] [DEBUG] Thread pool size: 8
[2025-11-05T23:20:19.985780] [INFO] Connection established
[2025-11-05T23:20:19.985653] [INFO] Configuration loaded
[2025-11-05T23:20:19.985711] [INFO] Request processed successfully
[2025-11-05T23:20:19.985847] [DEBUG] Timer set: 30 seconds
[2025-11-05T23:20:19.985687] [INFO] Session started
[2025-11-05T23:20:19.985867] [DEBUG] Variable value: x=42
[2025-11-05T23:20:19.985825] [ERROR] Request failed
[2025-11-05T23:20:19.985736] [INFO] Transaction completed
