[2025-11-05T23:20:49.135238] [INFO] Configuration loaded
[2025-11-05T23:20:49.135319] [WARN] Deprecated API usage
[2025-11-05T23:20:49.135361] [DEBUG] Entering function process_data()
[2025-11-05T23:20:49.135249] [INFO] Service initialized
[2025-11-05T23:20:49.135281] [INFO] Health check passed
[2025-11-05T23:20:49.135286] [INFO] Cache hit
[2025-11-05T23:20:49.135277] [INFO] Service initialized
[2025-11-05T23:20:49.135330] [ERROR] Service unavailable
[2025-11-05T23:20:49.135357] [DEBUG] Entering function process_data()
[2025-11-05T23:20:49.135365] [DEBUG] Entering function process_data()
[2025-11-05T23:20:49.135263] [INFO] Health check passed
[2025-11-05T23:20:49.135244] [INFO] Configuration loaded
[2025-11-05T23:20:49.135268] [INFO] Connection established
[2025-11-05T23:20:49.135762] [DEBUG] Buffer size: 4096 bytes
[2025-11-05T23:20:49.135305] [WARN] Resource threshold approaching
[2025-11-05T23:20:49.135310] [WARN] High memory usage detected
[2025-11-05T23:20:49.135346] [DEBUG] Entering function process_data()
[2025-11-05T23:20:49.135340] [DEBUG] Variable value: x=42
[2025-11-05T23:20:49.135324] [WARN] Slow query performance
[2025-11-05T23:20:49.135272] [INFO] Database query executed
[2025-11-05T23:20:49.135294] [INFO] Configuration loaded
[2025-11-05T23:20:49.135769] [DEBUG] Entering function process_data()
[2025-11-05T23:20:49.135299] [INFO] Connection established
[2025-11-05T23:20:49.135254] [INFO] Health check passed
[2025-11-05T23:20:49.135215] [INFO] Session started
[2025-11-05T23:20:49.135315] [WARN] High memory usage detected
[2025-11-05T23:20:49.135353] [DEBUG] Cache key generated
[2025-11-05T23:20:49.135290] [INFO] Health check passed
[2025-11-05T23:20:49.135258] [INFO] User logged in
[2025-11-05T23:20:49.135335] [DEBUG] Cache key generated
