[2025-11-05T23:20:19.029279] [WARN] Cache miss
[2025-11-05T23:20:19.029294] [ERROR] Network timeout
[2025-11-05T23:20:19.029209] [INFO] Service initialized
[2025-11-05T23:20:19.029247] [INFO] Service initialized
[2025-11-05T23:20:19.029144] [INFO] Session started
[2025-11-05T23:20:19.029222] [INFO] User logged in
[2025-11-05T23:20:19.029346] [DEBUG] Connection pool status checked
[2025-11-05T23:20:19.029284] [WARN] Deprecated API usage
[2025-11-05T23:20:19.029310] [DEBUG] Loop iteration: 15
[2025-11-05T23:20:19.029315] [DEBUG] Loop iteration: 15
[2025-11-05T23:20:19.029341] [DEBUG] Buffer size: 4096 bytes
[2025-11-05T23:20:19.029200] [INFO] Health check passed
[2025-11-05T23:20:19.029337] [DEBUG] HTTP request headers parsed
[2025-11-05T23:20:19.029243] [INFO] Transaction completed
[2025-11-05T23:20:19.029290] [ERROR] Authentication failed
[2025-11-05T23:20:19.029264] [INFO] Database query executed
[2025-11-05T23:20:19.029260] [INFO] Connection established
[2025-11-05T23:20:19.029301] [DEBUG] Buffer size: 4096 bytes
[2025-11-05T23:20:19.029178] [INFO] Session started
[2025-11-05T23:20:19.029192] [INFO] Health check passed
[2025-11-05T23:20:19.029320] [DEBUG] Connection pool status checked
[2025-11-05T23:20:19.029239] [INFO] Transaction completed
[2025-11-05T23:20:19.029204] [INFO] Service initialized
[2025-11-05T23:20:19.029269] [WARN] Disk space low
[2025-11-05T23:20:19.029235] [INFO] Session started
[2025-11-05T23:20:19.029227] [INFO] Configuration loaded
[2025-11-05T23:20:19.029306] [DEBUG] Timer set: 30 seconds
[2025-11-05T23:20:19.029183] [INFO] Connection established
[2025-11-05T23:20:19.029214] [INFO] User logged in
[2025-11-05T23:20:19.029329] [DEBUG] Loop iteration: 15
[2025-11-05T23:20:19.029187] [INFO] Database query executed
[2025-11-05T23:20:19.029196] [INFO] Session started
[2025-11-05T23:20:19.029218] [INFO] Health check passed
[2025-11-05T23:20:19.029325] [DEBUG] HTTP request headers parsed
[2025-11-05T23:20:19.029256] [INFO] User logged in
[2025-11-05T23:20:19.029274] [WARN] Rate limit approaching
[2025-11-05T23:20:19.029172] [INFO] Connection established
[2025-11-05T23:20:19.029231] [INFO] Request processed successfully
[2025-11-05T23:20:19.029333] [DEBUG] Entering function process_data()
[2025-11-05T23:20:19.029252] [INFO] Cache hit
