[2025-11-05T23:20:42.697899] [DEBUG] Thread pool size: 8
[2025-11-05T23:20:42.697834] [INFO] Service initialized
[2025-11-05T23:20:42.697844] [INFO] User logged in
[2025-11-05T23:20:42.697895] [DEBUG] Entering function process_data()
[2025-11-05T23:20:42.697912] [DEBUG] Entering function process_data()
[2025-11-05T23:20:42.697838] [INFO] Health check passed
[2025-11-05T23:20:42.697902] [DEBUG] HTTP request headers parsed
[2025-11-05T23:20:42.697831] [INFO] Configuration loaded
[2025-11-05T23:20:42.697891] [DEBUG] HTTP request headers parsed
[2025-11-05T23:20:42.697841] [INFO] Connection established
[2025-11-05T23:20:42.697864] [WARN] Disk space low
[2025-11-05T23:20:42.697905] [DEBUG] Cache key generated
[2025-11-05T23:20:42.697880] [ERROR] Permission denied
[2025-11-05T23:20:42.697851] [INFO] Connection established
[2025-11-05T23:20:42.697824] [INFO] Session started
[2025-11-05T23:20:42.697781] [INFO] Connection established
[2025-11-05T23:20:42.697876] [ERROR] Service unavailable
[2025-11-05T23:20:42.697808] [INFO] Session started
[2025-11-05T23:20:42.697888] [DEBUG] HTTP request headers parsed
[2025-11-05T23:20:42.697884] [DEBUG] Thread pool size: 8
[2025-11-05T23:20:42.697816] [INFO] Request processed successfully
[2025-11-05T23:20:42.697868] [WARN] Rate limit approaching
[2025-11-05T23:20:42.697871] [WARN] Disk space low
[2025-11-05T23:20:42.697860] [WARN] Rate limit approaching
[2025-11-05T23:20:42.697827] [INFO] Session started
[2025-11-05T23:20:42.697821] [INFO] Configuration loaded
[2025-11-05T23:20:42.697847] [INFO] Transaction completed
[2025-11-05T23:20:42.697908] [DEBUG] Connection pool status checked
[2025-11-05T23:20:42.697812] [INFO] User logged in
[2025-11-05T23:20:42.697856] [WARN] Timeout warning
[2025-11-05T23:20:42.697803] [INFO] Session started
