[2025-11-05T23:20:20.626225] [INFO] Health check passed
[2025-11-05T23:20:20.626278] [INFO] Configuration loaded
[2025-11-05T23:20:20.626351] [DEBUG] Buffer size: 4096 bytes
[2025-11-05T23:20:20.626338] [DEBUG] HTTP request headers parsed
[2025-11-05T23:20:20.626259] [INFO] Connection established
[2025-11-05T23:20:20.626214] [INFO] Transaction completed
[2025-11-05T23:20:20.626231] [INFO] Session started
[2025-11-05T23:20:20.626220] [INFO] Request processed successfully
[2025-11-05T23:20:20.626240] [INFO] User logged in
[2025-11-05T23:20:20.626283] [INFO] Database query executed
[2025-11-05T23:20:20.626333] [DEBUG] Connection pool status checked
[2025-11-05T23:20:20.626254] [INFO] Database query executed
[2025-11-05T23:20:20.626287] [INFO] User logged in
[2025-11-05T23:20:20.626236] [INFO] Connection established
[2025-11-05T23:20:20.626343] [DEBUG] HTTP request headers parsed
[2025-11-05T23:20:20.626304] [ERROR] Memory allocation error
[2025-11-05T23:20:20.626274] [INFO] Connection established
[2025-11-05T23:20:20.626245] [INFO] Health check passed
[2025-11-05T23:20:20.626270] [INFO] Service initialized
[2025-11-05T23:20:20.626250] [INFO] Transaction completed
[2025-11-05T23:20:20.626315] [DEBUG] Loop iteration: 15
[2025-11-05T23:20:20.626293] [WARN] Rate limit approaching
[2025-11-05T23:20:20.626309] [ERROR] Database connection lost
[2025-11-05T23:20:20.626324] [DEBUG] Timer set: 30 seconds
[2025-11-05T23:20:20.626329] [DEBUG] Buffer size: 4096 bytes
[2025-11-05T23:20:20.626347] [DEBUG] Entering function process_data()
[2025-11-05T23:20:20.626188] [INFO] Request processed successfully
[2025-11-05T23:20:20.626299] [WARN] Connection retry attempt
[2025-11-05T23:20:20.626320] [DEBUG] Entering function process_data()
[2025-11-05T23:20:20.626265] [INFO] Connection established
