[2025-11-05T23:20:37.826643] [INFO] Database query executed
[2025-11-05T23:20:37.826712] [DEBUG] Connection pool status checked
[2025-11-05T23:20:37.826735] [DEBUG] Buffer size: 4096 bytes
[2025-11-05T23:20:37.826723] [DEBUG] Buffer size: 4096 bytes
[2025-11-05T23:20:37.826705] [DEBUG] Connection pool status checked
[2025-11-05T23:20:37.826672] [INFO] Session started
[2025-11-05T23:20:37.826646] [INFO] Session started
[2025-11-05T23:20:37.826699] [ERROR] Request failed
[2025-11-05T23:20:37.826727] [DEBUG] Cache key generated
[2025-11-05T23:20:37.826665] [INFO] User logged in
[2025-11-05T23:20:37.826682] [INFO] Database query executed
[2025-11-05T23:20:37.826690] [WARN] Queue size growing
[2025-11-05T23:20:37.826675] [INFO] Session started
[2025-11-05T23:20:37.826719] [DEBUG] Timer set: 30 seconds
[2025-11-05T23:20:37.826661] [INFO] Cache hit
[2025-11-05T23:20:37.826738] [DEBUG] Connection pool status checked
[2025-11-05T23:20:37.826668] [INFO] Service initialized
[2025-11-05T23:20:37.826651] [INFO] Health check passed
[2025-11-05T23:20:37.826731] [DEBUG] Connection pool status checked
[2025-11-05T23:20:37.826709] [DEBUG] Buffer size: 4096 bytes
[2025-11-05T23:20:37.826694] [WARN] Disk space low
[2025-11-05T23:20:37.826609] [INFO] Service initialized
[2025-11-05T23:20:37.826658] [INFO] Configuration loaded
[2025-11-05T23:20:37.826678] [INFO] Configuration loaded
[2025-11-05T23:20:37.826654] [INFO] Service initialized
[2025-11-05T23:20:37.826638] [INFO] Database query executed
[2025-11-05T23:20:37.826716] [DEBUG] Connection pool status checked
[2025-11-05T23:20:37.826634] [INFO] Transaction completed
[2025-11-05T23:20:37.826686] [WARN] High memory usage detected
