[2025-11-05T23:20:44.909118] [DEBUG] HTTP request headers parsed
[2025-11-05T23:20:44.909051] [WARN] Disk space low
[2025-11-05T23:20:44.909009] [INFO] Session started
[2025-11-05T23:20:44.909107] [DEBUG] Variable value: x=42
[2025-11-05T23:20:44.909005] [INFO] Connection established
[2025-11-05T23:20:44.908993] [INFO] Health check passed
[2025-11-05T23:20:44.909080] [ERROR] Service unavailable
[2025-11-05T23:20:44.909014] [INFO] Database query executed
[2025-11-05T23:20:44.908983] [INFO] Session started
[2025-11-05T23:20:44.909070] [WARN] Slow query performance
[2025-11-05T23:20:44.909111] [DEBUG] Entering function process_data()
[2025-11-05T23:20:44.908988] [INFO] Cache hit
[2025-11-05T23:20:44.909127] [DEBUG] Memory allocation: 2048 bytes
[2025-11-05T23:20:44.909056] [WARN] Disk space low
[2025-11-05T23:20:44.909042] [WARN] Resource threshold approaching
[2025-11-05T23:20:44.909032] [INFO] Database query executed
[2025-11-05T23:20:44.909065] [WARN] Deprecated API usage
[2025-11-05T23:20:44.909099] [DEBUG] Memory allocation: 2048 bytes
[2025-11-05T23:20:44.909060] [WARN] Disk space low
[2025-11-05T23:20:44.909114] [DEBUG] Timer set: 30 seconds
[2025-11-05T23:20:44.909028] [INFO] Cache hit
[2025-11-05T23:20:44.908997] [INFO] User logged in
[2025-11-05T23:20:44.909018] [INFO] Database query executed
[2025-11-05T23:20:44.909095] [DEBUG] Variable value: x=42
[2025-11-05T23:20:44.909047] [WARN] Rate limit approaching
[2025-11-05T23:20:44.909036] [INFO] Database query executed
[2025-11-05T23:20:44.909091] [DEBUG] HTTP request headers parsed
[2025-11-05T23:20:44.909123] [DEBUG] Connection pool status checked
[2025-11-05T23:20:44.908979] [INFO] Database query executed
[2025-11-05T23:20:44.909103] [DEBUG] Memory allocation: 2048 bytes
[2025-11-05T23:20:44.908953] [INFO] Connection established
[2025-11-05T23:20:44.909086] [DEBUG] HTTP request headers parsed
[2025-11-05T23:20:44.909023] [INFO] Request processed successfully
[2025-11-05T23:20:44.909074] [WARN] Deprecated API usage
[2025-11-05T23:20:44.909001] [INFO] Request processed successfully
