[2025-11-05T23:20:24.718661] [INFO] Service initialized
[2025-11-05T23:20:24.718667] [INFO] Connection established
[2025-11-05T23:20:24.718690] [INFO] User logged in
[2025-11-05T23:20:24.718794] [DEBUG] Entering function process_data()
[2025-11-05T23:20:24.718701] [INFO] Transaction completed
[2025-11-05T23:20:24.718762] [ERROR] Disk read failed
[2025-11-05T23:20:24.718695] [INFO] Connection established
[2025-11-05T23:20:24.718672] [INFO] Health check passed
[2025-11-05T23:20:24.718798] [DEBUG] HTTP request headers parsed
[2025-11-05T23:20:24.718713] [INFO] User logged in
[2025-11-05T23:20:24.718727] [INFO] Transaction completed
[2025-11-05T23:20:24.718705] [INFO] Cache hit
[2025-11-05T23:20:24.718742] [WARN] Disk space low
[2025-11-05T23:20:24.718717] [INFO] Session started
[2025-11-05T23:20:24.718676] [INFO] Database query executed
[2025-11-05T23:20:24.718772] [DEBUG] Connection pool status checked
[2025-11-05T23:20:24.718778] [DEBUG] Connection pool status checked
[2025-11-05T23:20:24.718709] [INFO] Service initialized
[2025-11-05T23:20:24.718757] [WARN] Resource threshold approaching
[2025-11-05T23:20:24.718753] [WARN] Slow query performance
[2025-11-05T23:20:24.718635] [INFO] Service initialized
[2025-11-05T23:20:24.718768] [DEBUG] Thread pool size: 8
[2025-11-05T23:20:24.718682] [INFO] Request processed successfully
[2025-11-05T23:20:24.718736] [INFO] Cache hit
[2025-11-05T23:20:24.718686] [INFO] User logged in
[2025-11-05T23:20:24.718722] [INFO] Session started
[2025-11-05T23:20:24.718782] [DEBUG] HTTP request headers parsed
[2025-11-05T23:20:24.718786] [DEBUG] Thread pool size: 8
[2025-11-05T23:20:24.718790] [DEBUG] Buffer size: 4096 bytes
[2025-11-05T23:20:24.718731] [INFO] Transaction completed
[2025-11-05T23:20:24.718748] [WARN] High memory usage detected
