[2025-11-05T23:20:46.941034] [WARN] Queue size growing
[2025-11-05T23:20:46.940925] [INFO] Configuration loaded
[2025-11-05T23:20:46.941059] [ERROR] Invalid input data
[2025-11-05T23:20:46.940889] [INFO] Database query executed
[2025-11-05T23:20:46.940905] [INFO] Health check passed
[2025-11-05T23:20:46.941101] [DEBUG] Loop iteration: 15
[2025-11-05T23:20:46.941097] [DEBUG] Thread pool size: 8
[2025-11-05T23:20:46.940933] [INFO] Transaction completed
[2025-11-05T23:20:46.941105] [DEBUG] Connection pool status checked
[2025-11-05T23:20:46.941108] [DEBUG] Thread pool size: 8
[2025-11-05T23:20:46.940884] [INFO] Request processed successfully
[2025-11-05T23:20:46.941094] [DEBUG] Timer set: 30 seconds
[2025-11-05T23:20:46.940938] [INFO] Request processed successfully
[2025-11-05T23:20:46.941074] [DEBUG] Variable value: x=42
[2025-11-05T23:20:46.941116] [DEBUG] Entering function process_data()
[2025-11-05T23:20:46.940942] [INFO] Connection established
[2025-11-05T23:20:46.941085] [DEBUG] Connection pool status checked
[2025-11-05T23:20:46.941082] [DEBUG] Memory allocation: 2048 bytes
[2025-11-05T23:20:46.940914] [INFO] User logged in
[2025-11-05T23:20:46.940910] [INFO] Connection established
[2025-11-05T23:20:46.940857] [INFO] Transaction completed
[2025-11-05T23:20:46.940920] [INFO] Connection established
[2025-11-05T23:20:46.940895] [INFO] Configuration loaded
[2025-11-05T23:20:46.941120] [DEBUG] Loop iteration: 15
[2025-11-05T23:20:46.941078] [DEBUG] Entering function process_data()
[2025-11-05T23:20:46.940900] [INFO] Request processed successfully
[2025-11-05T23:20:46.941065] [DEBUG] Thread pool size: 8
[2025-11-05T23:20:46.941047] [WARN] Rate limit approaching
[2025-11-05T23:20:46.941090] [DEBUG] Cache key generated
[2025-11-05T23:20:46.941070] [DEBUG] Loop iteration: 15
[2025-11-05T23:20:46.941112] [DEBUG] Loop iteration: 15
[2025-11-05T23:20:46.941053] [WARN] High memory usage detected
[2025-11-05T23:20:46.940929] [INFO] Transaction completed
[2025-11-05T23:20:46.940946] [INFO] Configuration loaded
