[2025-11-05T23:20:51.827644] [ERROR] Database connection lost
[2025-11-05T23:20:51.827613] [INFO] User logged in
[2025-11-05T23:20:51.827596] [INFO] Service initialized
[2025-11-05T23:20:51.827616] [INFO] Cache hit
[2025-11-05T23:20:51.827627] [WARN] Rate limit approaching
[2025-11-05T23:20:51.827659] [DEBUG] HTTP request headers parsed
[2025-11-05T23:20:51.827586] [INFO] Request processed successfully
[2025-11-05T23:20:51.827600] [INFO] Transaction completed
[2025-11-05T23:20:51.827623] [INFO] Connection established
[2025-11-05T23:20:51.827610] [INFO] Transaction completed
[2025-11-05T23:20:51.827635] [WARN] Connection retry attempt
[2025-11-05T23:20:51.827555] [INFO] Cache hit
[2025-11-05T23:20:51.827673] [DEBUG] Buffer size: 4096 bytes
[2025-11-05T23:20:51.827677] [DEBUG] Cache key generated
[2025-11-05T23:20:51.827593] [INFO] Database query executed
[2025-11-05T23:20:51.827620] [INFO] User logged in
[2025-11-05T23:20:51.827666] [DEBUG] HTTP request headers parsed
[2025-11-05T23:20:51.827670] [DEBUG] Buffer size: 4096 bytes
[2025-11-05T23:20:51.827590] [INFO] Configuration loaded
[2025-11-05T23:20:51.827656] [DEBUG] Memory allocation: 2048 bytes
[2025-11-05T23:20:51.827607] [INFO] Configuration loaded
[2025-11-05T23:20:51.827639] [WARN] Disk space low
[2025-11-05T23:20:51.827603] [INFO] Database query executed
[2025-11-05T23:20:51.827649] [DEBUG] Variable value: x=42
[2025-11-05T23:20:51.827653] [DEBUG] Variable value: x=42
[2025-11-05T23:20:51.827583] [INFO] User logged in
[2025-11-05T23:20:51.827662] [DEBUG] Buffer size: 4096 bytes
[2025-11-05T23:20:51.827578] [INFO] Transaction completed
[2025-11-05T23:20:51.827631] [WARN] Deprecated API usage
