[2025-11-05T23:20:18.415575] [DEBUG] HTTP request headers parsed
[2025-11-05T23:20:18.415570] [DEBUG] Buffer size: 4096 bytes
[2025-11-05T23:20:18.415500] [INFO] Health check passed
[2025-11-05T23:20:18.415564] [ERROR] File not found
[2025-11-05T23:20:18.415595] [DEBUG] Memory allocation: 2048 bytes
[2025-11-05T23:20:18.415583] [DEBUG] Timer set: 30 seconds
[2025-11-05T23:20:18.415519] [INFO] Service initialized
[2025-11-05T23:20:18.415481] [INFO] Transaction completed
[2025-11-05T23:20:18.415604] [DEBUG] Cache key generated
[2025-11-05T23:20:18.415600] [DEBUG] Thread pool size: 8
[2025-11-05T23:20:18.415613] [DEBUG] Timer set: 30 seconds
[2025-11-05T23:20:18.415505] [INFO] Session started
[2025-11-05T23:20:18.415523] [INFO] Database query executed
[2025-11-05T23:20:18.415579] [DEBUG] Connection pool status checked
[2025-11-05T23:20:18.415537] [INFO] Cache hit
[2025-11-05T23:20:18.415609] [DEBUG] Connection pool status checked
[2025-11-05T23:20:18.415542] [WARN] High memory usage detected
[2025-11-05T23:20:18.415554] [WARN] Rate limit approaching
[2025-11-05T23:20:18.415528] [INFO] Service initialized
[2025-11-05T23:20:18.415486] [INFO] Health check passed
[2025-11-05T23:20:18.415446] [INFO] Cache hit
[2025-11-05T23:20:18.415474] [INFO] Transaction completed
[2025-11-05T23:20:18.415547] [WARN] Cache miss
[2025-11-05T23:20:18.415509] [INFO] Request processed successfully
[2025-11-05T23:20:18.415491] [INFO] Connection established
[2025-11-05T23:20:18.415532] [INFO] Configuration loaded
[2025-11-05T23:20:18.415496] [INFO] Health check passed
[2025-11-05T23:20:18.415514] [INFO] User logged in
[2025-11-05T23:20:18.415558] [WARN] Disk space low
[2025-11-05T23:20:18.415588] [DEBUG] Timer set: 30 seconds
