[2025-11-05T23:20:38.497126] [INFO] Transaction completed
[2025-11-05T23:20:38.497206] [DEBUG] Cache key generated
[2025-11-05T23:20:38.497130] [INFO] User logged in
[2025-11-05T23:20:38.497169] [WARN] High memory usage detected
[2025-11-05T23:20:38.497175] [WARN] Rate limit approaching
[2025-11-05T23:20:38.497222] [DEBUG] Loop iteration: 15
[2025-11-05T23:20:38.497154] [INFO] Connection established
[2025-11-05T23:20:38.497140] [INFO] Configuration loaded
[2025-11-05T23:20:38.497102] [INFO] Configuration loaded
[2025-11-05T23:20:38.497195] [ERROR] Invalid input data
[2025-11-05T23:20:38.497096] [INFO] Transaction completed
[2025-11-05T23:20:38.497179] [WARN] Queue size growing
[2025-11-05T23:20:38.497106] [INFO] Session started
[2025-11-05T23:20:38.497217] [DEBUG] Connection pool status checked
[2025-11-05T23:20:38.497212] [DEBUG] Cache key generated
[2025-11-05T23:20:38.497145] [INFO] Database query executed
[2025-11-05T23:20:38.497200] [DEBUG] Memory allocation: 2048 bytes
[2025-11-05T23:20:38.497226] [DEBUG] Cache key generated
[2025-11-05T23:20:38.497121] [INFO] Cache hit
[2025-11-05T23:20:38.497163] [INFO] Service initialized
[2025-11-05T23:20:38.497116] [INFO] Request processed successfully
[2025-11-05T23:20:38.497069] [INFO] Health check passed
[2025-11-05T23:20:38.497111] [INFO] User logged in
[2025-11-05T23:20:38.497159] [INFO] Transaction completed
[2025-11-05T23:20:38.497184] [WARN] Slow query performance
[2025-11-05T23:20:38.497135] [INFO] Cache hit
[2025-11-05T23:20:38.497149] [INFO] Transaction completed
[2025-11-05T23:20:38.497189] [ERROR] Network timeout
