[2025-11-05T23:20:42.484222] [INFO] Cache hit
[2025-11-05T23:20:42.484214] [INFO] Cache hit
[2025-11-05T23:20:42.484291] [DEBUG] Cache key generated
[2025-11-05T23:20:42.484278] [ERROR] Database connection lost
[2025-11-05T23:20:42.484258] [INFO] Configuration loaded
[2025-11-05T23:20:42.484231] [INFO] Session started
[2025-11-05T23:20:42.484243] [INFO] Cache hit
[2025-11-05T23:20:42.484268] [WARN] Cache miss
[2025-11-05T23:20:42.484287] [DEBUG] HTTP request headers parsed
[2025-11-05T23:20:42.484316] [DEBUG] Thread pool size: 8
[2025-11-05T23:20:42.484263] [INFO] Service initialized
[2025-11-05T23:20:42.484254] [INFO] Cache hit
[2025-11-05T23:20:42.484200] [INFO] User logged in
[2025-11-05T23:20:42.484251] [INFO] Service initialized
[2025-11-05T23:20:42.484282] [ERROR] Network timeout
[2025-11-05T23:20:42.484205] [INFO] User logged in
[2025-11-05T23:20:42.484308] [DEBUG] Connection pool status checked
[2025-11-05T23:20:42.484235] [INFO] User logged in
[2025-11-05T23:20:42.484218] [INFO] Connection established
[2025-11-05T23:20:42.484320] [DEBUG] Thread pool size: 8
[2025-11-05T23:20:42.484226] [INFO] Health check passed
[2025-11-05T23:20:42.484247] [INFO] Connection established
[2025-11-05T23:20:42.484209] [INFO] Request processed successfully
[2025-11-05T23:20:42.484273] [WARN] Disk space low
[2025-11-05T23:20:42.484195] [INFO] Configuration loaded
[2025-11-05T23:20:42.484304] [DEBUG] Buffer size: 4096 bytes
[2025-11-05T23:20:42.484312] [DEBUG] Memory allocation: 2048 bytes
[2025-11-05T23:20:42.484239] [INFO] Connection established
[2025-11-05T23:20:42.484301] [DEBUG] Connection pool status checked
[2025-11-05T23:20:42.484171] [INFO] Database query executed
[2025-11-05T23:20:42.484295] [DEBUG] Connection pool status checked
