[2025-11-05T23:20:20.473194] [WARN] Resource threshold approaching
[2025-11-05T23:20:20.473143] [INFO] Transaction completed
[2025-11-05T23:20:20.473126] [INFO] Transaction completed
[2025-11-05T23:20:20.473148] [INFO] Cache hit
[2025-11-05T23:20:20.473117] [INFO] Configuration loaded
[2025-11-05T23:20:20.473231] [DEBUG] Variable value: x=42
[2025-11-05T23:20:20.473185] [WARN] Cache miss
[2025-11-05T23:20:20.473213] [DEBUG] Memory allocation: 2048 bytes
[2025-11-05T23:20:20.473156] [INFO] Session started
[2025-11-05T23:20:20.473176] [INFO] Health check passed
[2025-11-05T23:20:20.473198] [WARN] Disk space low
[2025-11-05T23:20:20.473247] [DEBUG] HTTP request headers parsed
[2025-11-05T23:20:20.473190] [WARN] Cache miss
[2025-11-05T23:20:20.473204] [ERROR] Permission denied
[2025-11-05T23:20:20.473208] [ERROR] File not found
[2025-11-05T23:20:20.473164] [INFO] Service initialized
[2025-11-05T23:20:20.473112] [INFO] Connection established
[2025-11-05T23:20:20.473243] [DEBUG] Variable value: x=42
[2025-11-05T23:20:20.473235] [DEBUG] Timer set: 30 seconds
[2025-11-05T23:20:20.473239] [DEBUG] Cache key generated
[2025-11-05T23:20:20.473180] [INFO] Configuration loaded
[2025-11-05T23:20:20.473172] [INFO] Service initialized
[2025-11-05T23:20:20.473139] [INFO] Health check passed
[2025-11-05T23:20:20.473223] [DEBUG] Buffer size: 4096 bytes
[2025-11-05T23:20:20.473168] [INFO] Health check passed
[2025-11-05T23:20:20.473160] [INFO] Transaction completed
[2025-11-05T23:20:20.473130] [INFO] Request processed successfully
[2025-11-05T23:20:20.473122] [INFO] Transaction completed
[2025-11-05T23:20:20.473152] [INFO] User logged in
[2025-11-05T23:20:20.473086] [INFO] Connection established
[2025-11-05T23:20:20.473227] [DEBUG] Memory allocation: 2048 bytes
[2025-11-05T23:20:20.473135] [INFO] Connection established
[2025-11-05T23:20:20.473218] [DEBUG] Variable value: x=42
