[2025-11-05T23:20:32.685757] [DEBUG] Buffer size: 4096 bytes
[2025-11-05T23:20:32.685671] [INFO] Health check passed
[2025-11-05T23:20:32.685777] [DEBUG] Memory allocation: 2048 bytes
[2025-11-05T23:20:32.685764] [DEBUG] Thread pool size: 8
[2025-11-05T23:20:32.685723] [ERROR] Disk read failed
[2025-11-05T23:20:32.685738] [DEBUG] Entering function process_data()
[2025-11-05T23:20:32.685648] [INFO] Configuration loaded
[2025-11-05T23:20:32.685734] [DEBUG] Timer set: 30 seconds
[2025-11-05T23:20:32.685693] [INFO] Request processed successfully
[2025-11-05T23:20:32.685680] [INFO] Database query executed
[2025-11-05T23:20:32.685708] [WARN] Disk space low
[2025-11-05T23:20:32.685703] [WARN] Disk space low
[2025-11-05T23:20:32.685743] [DEBUG] Entering function process_data()
[2025-11-05T23:20:32.685643] [INFO] Transaction completed
[2025-11-05T23:20:32.685658] [INFO] Session started
[2025-11-05T23:20:32.685748] [DEBUG] Cache key generated
[2025-11-05T23:20:32.685685] [INFO] Database query executed
[2025-11-05T23:20:32.685728] [ERROR] Network timeout
[2025-11-05T23:20:32.685689] [INFO] Request processed successfully
[2025-11-05T23:20:32.685760] [DEBUG] Entering function process_data()
[2025-11-05T23:20:32.685769] [DEBUG] Entering function process_data()
[2025-11-05T23:20:32.685611] [INFO] Service initialized
[2025-11-05T23:20:32.685676] [INFO] Configuration loaded
[2025-11-05T23:20:32.685653] [INFO] Health check passed
[2025-11-05T23:20:32.685637] [INFO] User logged in
[2025-11-05T23:20:32.685773] [DEBUG] Timer set: 30 seconds
[2025-11-05T23:20:32.685718] [WARN] Rate limit approaching
[2025-11-05T23:20:32.685752] [DEBUG] Connection pool status checked
[2025-11-05T23:20:32.685663] [INFO] Request processed successfully
[2025-11-05T23:20:32.685714] [WARN] Queue size growing
[2025-11-05T23:20:32.685667] [INFO] Request processed successfully
[2025-11-05T23:20:32.685697] [INFO] Service initialized
