[2025-11-05T23:20:39.200624] [INFO] Health check passed
[2025-11-05T23:20:39.200629] [INFO] Database query executed
[2025-11-05T23:20:39.200712] [DEBUG] Entering function process_data()
[2025-11-05T23:20:39.200698] [WARN] Slow query performance
[2025-11-05T23:20:39.200716] [DEBUG] Buffer size: 4096 bytes
[2025-11-05T23:20:39.200653] [INFO] Cache hit
[2025-11-05T23:20:39.200742] [DEBUG] Timer set: 30 seconds
[2025-11-05T23:20:39.200720] [DEBUG] Entering function process_data()
[2025-11-05T23:20:39.200703] [ERROR] Invalid input data
[2025-11-05T23:20:39.200633] [INFO] User logged in
[2025-11-05T23:20:39.200731] [DEBUG] Entering function process_data()
[2025-11-05T23:20:39.200735] [DEBUG] Timer set: 30 seconds
[2025-11-05T23:20:39.200637] [INFO] Connection established
[2025-11-05T23:20:39.200657] [INFO] Connection established
[2025-11-05T23:20:39.200668] [INFO] Session started
[2025-11-05T23:20:39.200673] [INFO] Connection established
[2025-11-05T23:20:39.200676] [INFO] Health check passed
[2025-11-05T23:20:39.200690] [WARN] Queue size growing
[2025-11-05T23:20:39.200660] [INFO] Transaction completed
[2025-11-05T23:20:39.200739] [DEBUG] Loop iteration: 15
[2025-11-05T23:20:39.200724] [DEBUG] Cache key generated
[2025-11-05T23:20:39.200649] [INFO] Connection established
[2025-11-05T23:20:39.200694] [WARN] High memory usage detected
[2025-11-05T23:20:39.200641] [INFO] Connection established
[2025-11-05T23:20:39.200728] [DEBUG] Timer set: 30 seconds
[2025-11-05T23:20:39.200686] [WARN] Cache miss
[2025-11-05T23:20:39.200681] [WARN] Resource threshold approaching
[2025-11-05T23:20:39.200665] [INFO] Health check passed
[2025-11-05T23:20:39.200645] [INFO] Service initialized
[2025-11-05T23:20:39.200599] [INFO] Health check passed
[2025-11-05T23:20:39.200707] [ERROR] Network timeout
