[2025-11-05T23:20:30.466180] [INFO] User logged in
[2025-11-05T23:20:30.466229] [WARN] Disk space low
[2025-11-05T23:20:30.466283] [DEBUG] Variable value: x=42
[2025-11-05T23:20:30.466207] [INFO] User logged in
[2025-11-05T23:20:30.466223] [INFO] Session started
[2025-11-05T23:20:30.466194] [INFO] Health check passed
[2025-11-05T23:20:30.466211] [INFO] Session started
[2025-11-05T23:20:30.466269] [DEBUG] Connection pool status checked
[2025-11-05T23:20:30.466234] [WARN] Slow query performance
[2025-11-05T23:20:30.466265] [DEBUG] Buffer size: 4096 bytes
[2025-11-05T23:20:30.466255] [DEBUG] Timer set: 30 seconds
[2025-11-05T23:20:30.466239] [WARN] Timeout warning
[2025-11-05T23:20:30.466189] [INFO] Session started
[2025-11-05T23:20:30.466291] [DEBUG] Timer set: 30 seconds
[2025-11-05T23:20:30.466202] [INFO] Health check passed
[2025-11-05T23:20:30.466174] [INFO] Service initialized
[2025-11-05T23:20:30.466260] [DEBUG] Loop iteration: 15
[2025-11-05T23:20:30.466147] [INFO] Cache hit
[2025-11-05T23:20:30.466185] [INFO] Request processed successfully
[2025-11-05T23:20:30.466219] [INFO] Session started
[2025-11-05T23:20:30.466249] [ERROR] Permission denied
[2025-11-05T23:20:30.466243] [WARN] Resource threshold approaching
[2025-11-05T23:20:30.466278] [DEBUG] Entering function process_data()
[2025-11-05T23:20:30.466273] [DEBUG] HTTP request headers parsed
[2025-11-05T23:20:30.466215] [INFO] Health check passed
[2025-11-05T23:20:30.466198] [INFO] Configuration loaded
[2025-11-05T23:20:30.466287] [DEBUG] Buffer size: 4096 bytes
