[2025-11-05T23:20:19.657641] [INFO] Request processed successfully
[2025-11-05T23:20:19.657698] [DEBUG] Variable value: x=42
[2025-11-05T23:20:19.657662] [WARN] Slow query performance
[2025-11-05T23:20:19.657656] [WARN] Deprecated API usage
[2025-11-05T23:20:19.657682] [DEBUG] Thread pool size: 8
[2025-11-05T23:20:19.657605] [INFO] Database query executed
[2025-11-05T23:20:19.657666] [WARN] Timeout warning
[2025-11-05T23:20:19.657677] [ERROR] Memory allocation error
[2025-11-05T23:20:19.657706] [DEBUG] Timer set: 30 seconds
[2025-11-05T23:20:19.657735] [DEBUG] Buffer size: 4096 bytes
[2025-11-05T23:20:19.657687] [DEBUG] Variable value: x=42
[2025-11-05T23:20:19.657651] [WARN] Deprecated API usage
[2025-11-05T23:20:19.657629] [INFO] Health check passed
[2025-11-05T23:20:19.657620] [INFO] Session started
[2025-11-05T23:20:19.657672] [ERROR] Network timeout
[2025-11-05T23:20:19.657594] [INFO] User logged in
[2025-11-05T23:20:19.657557] [INFO] Service initialized
[2025-11-05T23:20:19.657646] [INFO] Cache hit
[2025-11-05T23:20:19.657702] [DEBUG] Timer set: 30 seconds
[2025-11-05T23:20:19.657637] [INFO] Service initialized
[2025-11-05T23:20:19.657725] [DEBUG] Connection pool status checked
[2025-11-05T23:20:19.657720] [DEBUG] Memory allocation: 2048 bytes
[2025-11-05T23:20:19.657589] [INFO] Connection established
[2025-11-05T23:20:19.657616] [INFO] Configuration loaded
[2025-11-05T23:20:19.657598] [INFO] Health check passed
[2025-11-05T23:20:19.657693] [DEBUG] Cache key generated
[2025-11-05T23:20:19.657610] [INFO] Transaction completed
[2025-11-05T23:20:19.657711] [DEBUG] HTTP request headers parsed
[2025-11-05T23:20:19.657633] [INFO] User logged in
[2025-11-05T23:20:19.657624] [INFO] Database query executed
[2025-11-05T23:20:19.657716] [DEBUG] Variable value: x=42
[2025-11-05T23:20:19.657730] [DEBUG] HTTP request headers parsed
[2025-11-05T23:20:19.657583] [INFO] Configuration loaded
