[2025-11-05T23:20:22.657175] [DEBUG] Cache key generated
[2025-11-05T23:20:22.657126] [WARN] Resource threshold approaching
[2025-11-05T23:20:22.657082] [INFO] Connection established
[2025-11-05T23:20:22.657077] [INFO] Session started
[2025-11-05T23:20:22.657101] [WARN] Disk space low
[2025-11-05T23:20:22.657072] [INFO] Health check passed
[2025-11-05T23:20:22.657068] [INFO] Health check passed
[2025-11-05T23:20:22.657161] [DEBUG] Entering function process_data()
[2025-11-05T23:20:22.657179] [DEBUG] HTTP request headers parsed
[2025-11-05T23:20:22.657052] [INFO] Configuration loaded
[2025-11-05T23:20:22.657148] [DEBUG] Loop iteration: 15
[2025-11-05T23:20:22.657107] [WARN] Timeout warning
[2025-11-05T23:20:22.657091] [INFO] User logged in
[2025-11-05T23:20:22.657046] [INFO] Database query executed
[2025-11-05T23:20:22.657130] [WARN] Cache miss
[2025-11-05T23:20:22.657122] [WARN] Disk space low
[2025-11-05T23:20:22.657086] [INFO] Health check passed
[2025-11-05T23:20:22.657142] [ERROR] File not found
[2025-11-05T23:20:22.657170] [DEBUG] Entering function process_data()
[2025-11-05T23:20:22.657095] [INFO] Request processed successfully
[2025-11-05T23:20:22.657156] [DEBUG] Buffer size: 4096 bytes
[2025-11-05T23:20:22.657166] [DEBUG] Thread pool size: 8
[2025-11-05T23:20:22.657184] [DEBUG] Connection pool status checked
[2025-11-05T23:20:22.657137] [ERROR] Permission denied
[2025-11-05T23:20:22.657112] [WARN] Cache miss
[2025-11-05T23:20:22.657058] [INFO] Health check passed
[2025-11-05T23:20:22.657019] [INFO] Transaction completed
[2025-11-05T23:20:22.657152] [DEBUG] Entering function process_data()
[2025-11-05T23:20:22.657116] [WARN] Connection retry attempt
[2025-11-05T23:20:22.657062] [INFO] Cache hit
