[2025-11-05T23:20:31.677050] [INFO] Health check passed
[2025-11-05T23:20:31.677160] [ERROR] Memory allocation error
[2025-11-05T23:20:31.677140] [WARN] Deprecated API usage
[2025-11-05T23:20:31.677094] [INFO] Session started
[2025-11-05T23:20:31.677155] [ERROR] Network timeout
[2025-11-05T23:20:31.677132] [WARN] Rate limit approaching
[2025-11-05T23:20:31.677169] [DEBUG] Connection pool status checked
[2025-11-05T23:20:31.677165] [DEBUG] Loop iteration: 15
[2025-11-05T23:20:31.677143] [WARN] Timeout warning
[2025-11-05T23:20:31.677101] [INFO] User logged in
[2025-11-05T23:20:31.677150] [WARN] Resource threshold approaching
[2025-11-05T23:20:31.677085] [INFO] Cache hit
[2025-11-05T23:20:31.677120] [INFO] Health check passed
[2025-11-05T23:20:31.677105] [INFO] Request processed successfully
[2025-11-05T23:20:31.677147] [WARN] Disk space low
[2025-11-05T23:20:31.677136] [WARN] Rate limit approaching
[2025-11-05T23:20:31.677363] [DEBUG] Timer set: 30 seconds
[2025-11-05T23:20:31.677116] [INFO] Database query executed
[2025-11-05T23:20:31.677076] [INFO] Health check passed
[2025-11-05T23:20:31.677089] [INFO] Transaction completed
[2025-11-05T23:20:31.677174] [DEBUG] Timer set: 30 seconds
[2025-11-05T23:20:31.677113] [INFO] User logged in
[2025-11-05T23:20:31.677380] [DEBUG] Loop iteration: 15
[2025-11-05T23:20:31.677385] [DEBUG] Loop iteration: 15
[2025-11-05T23:20:31.677109] [INFO] Transaction completed
[2025-11-05T23:20:31.677124] [WARN] Connection retry attempt
[2025-11-05T23:20:31.677389] [DEBUG] Loop iteration: 15
[2025-11-05T23:20:31.677097] [INFO] Transaction completed
[2025-11-05T23:20:31.677396] [DEBUG] Connection pool status checked
[2025-11-05T23:20:31.677081] [INFO] Service initialized
[2025-11-05T23:20:31.677129] [WARN] Connection retry attempt
[2025-11-05T23:20:31.677393] [DEBUG] Cache key generated
