[2025-11-05T23:20:48.295666] [INFO] Health check passed
[2025-11-05T23:20:48.295658] [INFO] Database query executed
[2025-11-05T23:20:48.295675] [WARN] Deprecated API usage
[2025-11-05T23:20:48.295631] [INFO] User logged in
[2025-11-05T23:20:48.295756] [DEBUG] Entering function process_data()
[2025-11-05T23:20:48.295787] [DEBUG] Entering function process_data()
[2025-11-05T23:20:48.295745] [ERROR] Invalid input data
[2025-11-05T23:20:48.295765] [DEBUG] Entering function process_data()
[2025-11-05T23:20:48.295739] [ERROR] Invalid input data
[2025-11-05T23:20:48.295650] [INFO] Health check passed
[2025-11-05T23:20:48.295782] [DEBUG] Thread pool size: 8
[2025-11-05T23:20:48.295760] [DEBUG] Entering function process_data()
[2025-11-05T23:20:48.295777] [DEBUG] Thread pool size: 8
[2025-11-05T23:20:48.295642] [INFO] Cache hit
[2025-11-05T23:20:48.295653] [INFO] Request processed successfully
[2025-11-05T23:20:48.295721] [WARN] High memory usage detected
[2025-11-05T23:20:48.295646] [INFO] User logged in
[2025-11-05T23:20:48.295662] [INFO] Health check passed
[2025-11-05T23:20:48.295671] [INFO] Database query executed
[2025-11-05T23:20:48.295750] [DEBUG] Entering function process_data()
[2025-11-05T23:20:48.295625] [INFO] Session started
[2025-11-05T23:20:48.295727] [WARN] Connection retry attempt
[2025-11-05T23:20:48.295554] [INFO] Cache hit
[2025-11-05T23:20:48.295768] [DEBUG] Connection pool status checked
[2025-11-05T23:20:48.295618] [INFO] Health check passed
[2025-11-05T23:20:48.295636] [INFO] Configuration loaded
[2025-11-05T23:20:48.295772] [DEBUG] Timer set: 30 seconds
[2025-11-05T23:20:48.295733] [WARN] Timeout warning
