[2025-11-05T23:20:13.029397] [DEBUG] HTTP request headers parsed
[2025-11-05T23:20:13.029315] [INFO] Configuration loaded
[2025-11-05T23:20:13.029360] [INFO] Configuration loaded
[2025-11-05T23:20:13.029319] [INFO] Health check passed
[2025-11-05T23:20:13.029335] [INFO] Session started
[2025-11-05T23:20:13.029368] [WARN] Disk space low
[2025-11-05T23:20:13.029239] [INFO] Health check passed
[2025-11-05T23:20:13.029391] [ERROR] Permission denied
[2025-11-05T23:20:13.029375] [WARN] High memory usage detected
[2025-11-05T23:20:13.029499] [DEBUG] HTTP request headers parsed
[2025-11-05T23:20:13.029301] [INFO] Service initialized
[2025-11-05T23:20:13.029382] [ERROR] Memory allocation error
[2025-11-05T23:20:13.029297] [INFO] Health check passed
[2025-11-05T23:20:13.029286] [INFO] Connection established
[2025-11-05T23:20:13.029402] [DEBUG] Cache key generated
[2025-11-05T23:20:13.029232] [INFO] Database query executed
[2025-11-05T23:20:13.029387] [ERROR] Memory allocation error
[2025-11-05T23:20:13.029492] [DEBUG] Memory allocation: 2048 bytes
[2025-11-05T23:20:13.029339] [INFO] Configuration loaded
[2025-11-05T23:20:13.029480] [DEBUG] Entering function process_data()
[2025-11-05T23:20:13.029310] [INFO] Service initialized
[2025-11-05T23:20:13.029355] [INFO] Health check passed
[2025-11-05T23:20:13.029345] [INFO] Session started
[2025-11-05T23:20:13.029504] [DEBUG] Entering function process_data()
[2025-11-05T23:20:13.029306] [INFO] Request processed successfully
[2025-11-05T23:20:13.029350] [INFO] Health check passed
[2025-11-05T23:20:13.029245] [INFO] Request processed successfully
[2025-11-05T23:20:13.029205] [INFO] Transaction completed
[2025-11-05T23:20:13.029330] [INFO] Request processed successfully
[2025-11-05T23:20:13.029407] [DEBUG] Connection pool status checked
[2025-11-05T23:20:13.029467] [DEBUG] Entering function process_data()
[2025-11-05T23:20:13.029325] [INFO] Database query executed
[2025-11-05T23:20:13.029411] [DEBUG] Entering function process_data()
[2025-11-05T23:20:13.029415] [DEBUG] Cache key generated
[2025-11-05T23:20:13.029486] [DEBUG] HTTP request headers parsed
