[2025-11-05T23:20:29.282789] [DEBUG] Entering function process_data()
[2025-11-05T23:20:29.282690] [INFO] Database query executed
[2025-11-05T23:20:29.282777] [DEBUG] Loop iteration: 15
[2025-11-05T23:20:29.282694] [INFO] Session started
[2025-11-05T23:20:29.282781] [DEBUG] Variable value: x=42
[2025-11-05T23:20:29.282662] [INFO] Health check passed
[2025-11-05T23:20:29.282797] [DEBUG] Loop iteration: 15
[2025-11-05T23:20:29.282759] [DEBUG] Entering function process_data()
[2025-11-05T23:20:29.282635] [INFO] Cache hit
[2025-11-05T23:20:29.282669] [INFO] Transaction completed
[2025-11-05T23:20:29.282753] [ERROR] Memory allocation error
[2025-11-05T23:20:29.282685] [INFO] Health check passed
[2025-11-05T23:20:29.282785] [DEBUG] Entering function process_data()
[2025-11-05T23:20:29.282730] [WARN] Connection retry attempt
[2025-11-05T23:20:29.282794] [DEBUG] Loop iteration: 15
[2025-11-05T23:20:29.282768] [DEBUG] Thread pool size: 8
[2025-11-05T23:20:29.282724] [INFO] Database query executed
[2025-11-05T23:20:29.282736] [WARN] Resource threshold approaching
[2025-11-05T23:20:29.282746] [WARN] High memory usage detected
[2025-11-05T23:20:29.282703] [INFO] Database query executed
[2025-11-05T23:20:29.282719] [INFO] User logged in
[2025-11-05T23:20:29.282707] [INFO] Service initialized
[2025-11-05T23:20:29.282715] [INFO] Request processed successfully
[2025-11-05T23:20:29.282711] [INFO] User logged in
[2025-11-05T23:20:29.282773] [DEBUG] Loop iteration: 15
[2025-11-05T23:20:29.282680] [INFO] Request processed successfully
[2025-11-05T23:20:29.282675] [INFO] Service initialized
[2025-11-05T23:20:29.282698] [INFO] Configuration loaded
[2025-11-05T23:20:29.282741] [WARN] Disk space low
[2025-11-05T23:20:29.282763] [DEBUG] Timer set: 30 seconds
