[2025-11-05T23:20:40.302693] [DEBUG] Cache key generated
[2025-11-05T23:20:40.302621] [INFO] User logged in
[2025-11-05T23:20:40.302689] [DEBUG] Timer set: 30 seconds
[2025-11-05T23:20:40.302617] [INFO] Database query executed
[2025-11-05T23:20:40.302706] [DEBUG] HTTP request headers parsed
[2025-11-05T23:20:40.302634] [INFO] Session started
[2025-11-05T23:20:40.302650] [INFO] Request processed successfully
[2025-11-05T23:20:40.302655] [INFO] Database query executed
[2025-11-05T23:20:40.302663] [INFO] User logged in
[2025-11-05T23:20:40.302638] [INFO] User logged in
[2025-11-05T23:20:40.302674] [ERROR] Network timeout
[2025-11-05T23:20:40.302702] [DEBUG] Thread pool size: 8
[2025-11-05T23:20:40.302684] [DEBUG] Cache key generated
[2025-11-05T23:20:40.302630] [INFO] Request processed successfully
[2025-11-05T23:20:40.302592] [INFO] Health check passed
[2025-11-05T23:20:40.302625] [INFO] Health check passed
[2025-11-05T23:20:40.302603] [INFO] Service initialized
[2025-11-05T23:20:40.302710] [DEBUG] Loop iteration: 15
[2025-11-05T23:20:40.302718] [DEBUG] Memory allocation: 2048 bytes
[2025-11-05T23:20:40.302613] [INFO] Cache hit
[2025-11-05T23:20:40.302714] [DEBUG] Buffer size: 4096 bytes
[2025-11-05T23:20:40.302679] [ERROR] Memory allocation error
[2025-11-05T23:20:40.302599] [INFO] Database query executed
[2025-11-05T23:20:40.302658] [INFO] Configuration loaded
[2025-11-05T23:20:40.302697] [DEBUG] Thread pool size: 8
[2025-11-05T23:20:40.302608] [INFO] Cache hit
[2025-11-05T23:20:40.302669] [WARN] High memory usage detected
[2025-11-05T23:20:40.302642] [INFO] User logged in
[2025-11-05T23:20:40.302646] [INFO] Connection established
[2025-11-05T23:20:40.302568] [INFO] Request processed successfully
