[2025-11-05T23:20:50.942562] [INFO] Session started
[2025-11-05T23:20:50.942681] [DEBUG] Timer set: 30 seconds
[2025-11-05T23:20:50.942652] [DEBUG] Entering function process_data()
[2025-11-05T23:20:50.942586] [INFO] Session started
[2025-11-05T23:20:50.942577] [INFO] Transaction completed
[2025-11-05T23:20:50.942641] [ERROR] Request failed
[2025-11-05T23:20:50.942591] [INFO] Cache hit
[2025-11-05T23:20:50.942546] [INFO] Request processed successfully
[2025-11-05T23:20:50.942613] [INFO] Database query executed
[2025-11-05T23:20:50.942629] [WARN] Rate limit approaching
[2025-11-05T23:20:50.942662] [DEBUG] Connection pool status checked
[2025-11-05T23:20:50.942566] [INFO] Cache hit
[2025-11-05T23:20:50.942647] [DEBUG] Thread pool size: 8
[2025-11-05T23:20:50.942667] [DEBUG] Entering function process_data()
[2025-11-05T23:20:50.942501] [INFO] Request processed successfully
[2025-11-05T23:20:50.942535] [INFO] Cache hit
[2025-11-05T23:20:50.942676] [DEBUG] Buffer size: 4096 bytes
[2025-11-05T23:20:50.942618] [INFO] User logged in
[2025-11-05T23:20:50.942557] [INFO] Transaction completed
[2025-11-05T23:20:50.942601] [INFO] Health check passed
[2025-11-05T23:20:50.942672] [DEBUG] Entering function process_data()
[2025-11-05T23:20:50.942527] [INFO] Database query executed
[2025-11-05T23:20:50.942657] [DEBUG] Timer set: 30 seconds
[2025-11-05T23:20:50.942606] [INFO] Health check passed
[2025-11-05T23:20:50.942540] [INFO] Session started
[2025-11-05T23:20:50.942572] [INFO] Health check passed
[2025-11-05T23:20:50.942581] [INFO] Session started
[2025-11-05T23:20:50.942596] [INFO] Transaction completed
[2025-11-05T23:20:50.942635] [WARN] Queue size growing
[2025-11-05T23:20:50.942623] [INFO] Transaction completed
[2025-11-05T23:20:50.942552] [INFO] Connection established
