[2025-11-05T23:20:33.151410] [DEBUG] Variable value: x=42
[2025-11-05T23:20:33.151312] [INFO] User logged in
[2025-11-05T23:20:33.151387] [DEBUG] HTTP request headers parsed
[2025-11-05T23:20:33.151362] [WARN] Timeout warning
[2025-11-05T23:20:33.151331] [INFO] Health check passed
[2025-11-05T23:20:33.151378] [DEBUG] Loop iteration: 15
[2025-11-05T23:20:33.151338] [INFO] Health check passed
[2025-11-05T23:20:33.151353] [WARN] Queue size growing
[2025-11-05T23:20:33.151335] [INFO] User logged in
[2025-11-05T23:20:33.151297] [INFO] Cache hit
[2025-11-05T23:20:33.151251] [INFO] Configuration loaded
[2025-11-05T23:20:33.151401] [DEBUG] Entering function process_data()
[2025-11-05T23:20:33.151283] [INFO] Transaction completed
[2025-11-05T23:20:33.151326] [INFO] Health check passed
[2025-11-05T23:20:33.151301] [INFO] Database query executed
[2025-11-05T23:20:33.151373] [ERROR] Memory allocation error
[2025-11-05T23:20:33.151406] [DEBUG] Thread pool size: 8
[2025-11-05T23:20:33.151358] [WARN] Disk space low
[2025-11-05T23:20:33.151414] [DEBUG] Timer set: 30 seconds
[2025-11-05T23:20:33.151322] [INFO] Request processed successfully
[2025-11-05T23:20:33.151348] [WARN] Resource threshold approaching
[2025-11-05T23:20:33.151277] [INFO] Service initialized
[2025-11-05T23:20:33.151382] [DEBUG] Variable value: x=42
[2025-11-05T23:20:33.151292] [INFO] Configuration loaded
[2025-11-05T23:20:33.151342] [INFO] Database query executed
[2025-11-05T23:20:33.151306] [INFO] Request processed successfully
[2025-11-05T23:20:33.151317] [INFO] Session started
[2025-11-05T23:20:33.151368] [ERROR] Authentication failed
[2025-11-05T23:20:33.151392] [DEBUG] Entering function process_data()
[2025-11-05T23:20:33.151288] [INFO] Cache hit
[2025-11-05T23:20:33.151397] [DEBUG] Connection pool status checked
