[2025-11-05T23:20:45.944757] [ERROR] Network timeout
[2025-11-05T23:20:45.944753] [ERROR] Database connection lost
[2025-11-05T23:20:45.944687] [INFO] Transaction completed
[2025-11-05T23:20:45.944696] [INFO] Configuration loaded
[2025-11-05T23:20:45.944645] [INFO] Cache hit
[2025-11-05T23:20:45.944806] [DEBUG] Connection pool status checked
[2025-11-05T23:20:45.944711] [INFO] Health check passed
[2025-11-05T23:20:45.944672] [INFO] Database query executed
[2025-11-05T23:20:45.944786] [DEBUG] Cache key generated
[2025-11-05T23:20:45.944772] [DEBUG] Timer set: 30 seconds
[2025-11-05T23:20:45.944719] [INFO] Session started
[2025-11-05T23:20:45.944701] [INFO] User logged in
[2025-11-05T23:20:45.944810] [DEBUG] Buffer size: 4096 bytes
[2025-11-05T23:20:45.944749] [ERROR] Service unavailable
[2025-11-05T23:20:45.944677] [INFO] Session started
[2025-11-05T23:20:45.944692] [INFO] Request processed successfully
[2025-11-05T23:20:45.944777] [DEBUG] Entering function process_data()
[2025-11-05T23:20:45.944682] [INFO] Session started
[2025-11-05T23:20:45.944743] [ERROR] Network timeout
[2025-11-05T23:20:45.944729] [WARN] Slow query performance
[2025-11-05T23:20:45.944767] [DEBUG] Variable value: x=42
[2025-11-05T23:20:45.944724] [WARN] Resource threshold approaching
[2025-11-05T23:20:45.944762] [DEBUG] HTTP request headers parsed
[2025-11-05T23:20:45.944795] [DEBUG] Entering function process_data()
[2025-11-05T23:20:45.944706] [INFO] Database query executed
[2025-11-05T23:20:45.944738] [WARN] Deprecated API usage
[2025-11-05T23:20:45.944815] [DEBUG] Cache key generated
[2025-11-05T23:20:45.944803] [DEBUG] Memory allocation: 2048 bytes
[2025-11-05T23:20:45.944799] [DEBUG] Cache key generated
[2025-11-05T23:20:45.944715] [INFO] Connection established
[2025-11-05T23:20:45.944791] [DEBUG] Entering function process_data()
[2025-11-05T23:20:45.944733] [WARN] Disk space low
[2025-11-05T23:20:45.944781] [DEBUG] Buffer size: 4096 bytes
