[2025-11-05T23:20:38.395319] [DEBUG] Connection pool status checked
[2025-11-05T23:20:38.395195] [INFO] Service initialized
[2025-11-05T23:20:38.395211] [INFO] Request processed successfully
[2025-11-05T23:20:38.395156] [INFO] Cache hit
[2025-11-05T23:20:38.395188] [INFO] User logged in
[2025-11-05T23:20:38.395246] [INFO] Session started
[2025-11-05T23:20:38.395292] [ERROR] Request failed
[2025-11-05T23:20:38.395216] [INFO] Service initialized
[2025-11-05T23:20:38.395282] [WARN] Queue size growing
[2025-11-05T23:20:38.395206] [INFO] Transaction completed
[2025-11-05T23:20:38.395311] [DEBUG] Connection pool status checked
[2025-11-05T23:20:38.395236] [INFO] Connection established
[2025-11-05T23:20:38.395323] [DEBUG] Entering function process_data()
[2025-11-05T23:20:38.395287] [ERROR] File not found
[2025-11-05T23:20:38.395297] [DEBUG] Entering function process_data()
[2025-11-05T23:20:38.395231] [INFO] Request processed successfully
[2025-11-05T23:20:38.395226] [INFO] Request processed successfully
[2025-11-05T23:20:38.395268] [WARN] Queue size growing
[2025-11-05T23:20:38.395241] [INFO] Database query executed
[2025-11-05T23:20:38.395302] [DEBUG] Memory allocation: 2048 bytes
[2025-11-05T23:20:38.395250] [INFO] Health check passed
[2025-11-05T23:20:38.395315] [DEBUG] Buffer size: 4096 bytes
[2025-11-05T23:20:38.395256] [WARN] Timeout warning
[2025-11-05T23:20:38.395332] [DEBUG] Entering function process_data()
[2025-11-05T23:20:38.395277] [WARN] Resource threshold approaching
[2025-11-05T23:20:38.395200] [INFO] Service initialized
[2025-11-05T23:20:38.395307] [DEBUG] HTTP request headers parsed
[2025-11-05T23:20:38.395262] [WARN] Connection retry attempt
[2025-11-05T23:20:38.395272] [WARN] Cache miss
[2025-11-05T23:20:38.395220] [INFO] Connection established
[2025-11-05T23:20:38.395182] [INFO] Transaction completed
[2025-11-05T23:20:38.395328] [DEBUG] Variable value: x=42
