[2025-11-05T23:20:35.585302] [DEBUG] Buffer size: 4096 bytes
[2025-11-05T23:20:35.585270] [WARN] Timeout warning
[2025-11-05T23:20:35.585250] [INFO] Session started
[2025-11-05T23:20:35.585280] [DEBUG] Thread pool size: 8
[2025-11-05T23:20:35.585247] [INFO] Transaction completed
[2025-11-05T23:20:35.585240] [INFO] Cache hit
[2025-11-05T23:20:35.585258] [INFO] Configuration loaded
[2025-11-05T23:20:35.585306] [DEBUG] Timer set: 30 seconds
[2025-11-05T23:20:35.585310] [DEBUG] Thread pool size: 8
[2025-11-05T23:20:35.585229] [INFO] Transaction completed
[2025-11-05T23:20:35.585284] [DEBUG] Thread pool size: 8
[2025-11-05T23:20:35.585221] [INFO] Connection established
[2025-11-05T23:20:35.585225] [INFO] Transaction completed
[2025-11-05T23:20:35.585299] [DEBUG] Timer set: 30 seconds
[2025-11-05T23:20:35.585261] [INFO] Connection established
[2025-11-05T23:20:35.585236] [INFO] Health check passed
[2025-11-05T23:20:35.585275] [ERROR] Database connection lost
[2025-11-05T23:20:35.585254] [INFO] Request processed successfully
[2025-11-05T23:20:35.585243] [INFO] User logged in
[2025-11-05T23:20:35.585191] [INFO] Cache hit
[2025-11-05T23:20:35.585295] [DEBUG] Loop iteration: 15
[2025-11-05T23:20:35.585232] [INFO] Configuration loaded
[2025-11-05T23:20:35.585288] [DEBUG] Thread pool size: 8
[2025-11-05T23:20:35.585266] [WARN] Queue size growing
[2025-11-05T23:20:35.585291] [DEBUG] Cache key generated
[2025-11-05T23:20:35.585216] [INFO] Transaction completed
