[2025-11-05T23:20:12.420129] [DEBUG] Buffer size: 4096 bytes
[2025-11-05T23:20:12.420001] [DEBUG] Loop iteration: 15
[2025-11-05T23:20:12.419995] [ERROR] Permission denied
[2025-11-05T23:20:12.419921] [INFO] Session started
[2025-11-05T23:20:12.419906] [INFO] Request processed successfully
[2025-11-05T23:20:12.420139] [DEBUG] HTTP request headers parsed
[2025-11-05T23:20:12.419971] [INFO] Cache hit
[2025-11-05T23:20:12.419897] [INFO] Request processed successfully
[2025-11-05T23:20:12.419916] [INFO] Connection established
[2025-11-05T23:20:12.419926] [INFO] Session started
[2025-11-05T23:20:12.419984] [WARN] Connection retry attempt
[2025-11-05T23:20:12.419963] [INFO] User logged in
[2025-11-05T23:20:12.419967] [INFO] Request processed successfully
[2025-11-05T23:20:12.420151] [DEBUG] Entering function process_data()
[2025-11-05T23:20:12.419940] [INFO] Transaction completed
[2025-11-05T23:20:12.419911] [INFO] Request processed successfully
[2025-11-05T23:20:12.419976] [INFO] Database query executed
[2025-11-05T23:20:12.419954] [INFO] Database query executed
[2025-11-05T23:20:12.420123] [DEBUG] Timer set: 30 seconds
[2025-11-05T23:20:12.419930] [INFO] Transaction completed
[2025-11-05T23:20:12.419539] [INFO] Configuration loaded
[2025-11-05T23:20:12.420143] [DEBUG] Memory allocation: 2048 bytes
[2025-11-05T23:20:12.420135] [DEBUG] Timer set: 30 seconds
[2025-11-05T23:20:12.420147] [DEBUG] Thread pool size: 8
[2025-11-05T23:20:12.419935] [INFO] Service initialized
[2025-11-05T23:20:12.420109] [DEBUG] Buffer size: 4096 bytes
[2025-11-05T23:20:12.419945] [INFO] User logged in
[2025-11-05T23:20:12.419958] [INFO] Cache hit
[2025-11-05T23:20:12.419949] [INFO] Database query executed
[2025-11-05T23:20:12.419990] [ERROR] Memory allocation error
