[2025-11-05T23:20:49.070994] [DEBUG] Entering function process_data()
[2025-11-05T23:20:49.071021] [DEBUG] Cache key generated
[2025-11-05T23:20:49.070934] [INFO] Request processed successfully
[2025-11-05T23:20:49.070925] [INFO] Health check passed
[2025-11-05T23:20:49.070938] [INFO] Health check passed
[2025-11-05T23:20:49.070963] [INFO] Database query executed
[2025-11-05T23:20:49.071004] [DEBUG] Thread pool size: 8
[2025-11-05T23:20:49.070999] [DEBUG] Memory allocation: 2048 bytes
[2025-11-05T23:20:49.071041] [DEBUG] Entering function process_data()
[2025-11-05T23:20:49.070929] [INFO] User logged in
[2025-11-05T23:20:49.070947] [INFO] Database query executed
[2025-11-05T23:20:49.070943] [INFO] Database query executed
[2025-11-05T23:20:49.071032] [DEBUG] Memory allocation: 2048 bytes
[2025-11-05T23:20:49.070921] [INFO] Cache hit
[2025-11-05T23:20:49.071017] [DEBUG] Connection pool status checked
[2025-11-05T23:20:49.070973] [WARN] Rate limit approaching
[2025-11-05T23:20:49.070916] [INFO] Configuration loaded
[2025-11-05T23:20:49.070969] [WARN] Slow query performance
[2025-11-05T23:20:49.071029] [DEBUG] Connection pool status checked
[2025-11-05T23:20:49.070988] [ERROR] Permission denied
[2025-11-05T23:20:49.071012] [DEBUG] Variable value: x=42
[2025-11-05T23:20:49.071036] [DEBUG] Memory allocation: 2048 bytes
[2025-11-05T23:20:49.070983] [WARN] Resource threshold approaching
[2025-11-05T23:20:49.071008] [DEBUG] Variable value: x=42
[2025-11-05T23:20:49.070959] [INFO] Health check passed
[2025-11-05T23:20:49.070905] [INFO] Transaction completed
[2025-11-05T23:20:49.070911] [INFO] Health check passed
[2025-11-05T23:20:49.070880] [INFO] Request processed successfully
[2025-11-05T23:20:49.070951] [INFO] Configuration loaded
[2025-11-05T23:20:49.070978] [WARN] Deprecated API usage
[2025-11-05T23:20:49.070955] [INFO] Request processed successfully
[2025-11-05T23:20:49.071025] [DEBUG] Thread pool size: 8
