[2025-11-05T23:20:42.533672] [DEBUG] Variable value: x=42
[2025-11-05T23:20:42.533646] [WARN] Rate limit approaching
[2025-11-05T23:20:42.533577] [INFO] Configuration loaded
[2025-11-05T23:20:42.533566] [INFO] Cache hit
[2025-11-05T23:20:42.533633] [WARN] High memory usage detected
[2025-11-05T23:20:42.533610] [INFO] Health check passed
[2025-11-05T23:20:42.533606] [INFO] Cache hit
[2025-11-05T23:20:42.533694] [DEBUG] Buffer size: 4096 bytes
[2025-11-05T23:20:42.533652] [ERROR] Database connection lost
[2025-11-05T23:20:42.533690] [DEBUG] Buffer size: 4096 bytes
[2025-11-05T23:20:42.533540] [INFO] Service initialized
[2025-11-05T23:20:42.533637] [WARN] Cache miss
[2025-11-05T23:20:42.533628] [WARN] Cache miss
[2025-11-05T23:20:42.533572] [INFO] Configuration loaded
[2025-11-05T23:20:42.533601] [INFO] Health check passed
[2025-11-05T23:20:42.533662] [DEBUG] Entering function process_data()
[2025-11-05T23:20:42.533685] [DEBUG] Connection pool status checked
[2025-11-05T23:20:42.533668] [DEBUG] HTTP request headers parsed
[2025-11-05T23:20:42.533591] [INFO] Transaction completed
[2025-11-05T23:20:42.533582] [INFO] Service initialized
[2025-11-05T23:20:42.533677] [DEBUG] HTTP request headers parsed
[2025-11-05T23:20:42.533657] [ERROR] File not found
[2025-11-05T23:20:42.533614] [INFO] Connection established
[2025-11-05T23:20:42.533681] [DEBUG] Timer set: 30 seconds
[2025-11-05T23:20:42.533596] [INFO] Health check passed
[2025-11-05T23:20:42.533641] [WARN] Connection retry attempt
[2025-11-05T23:20:42.533622] [WARN] Resource threshold approaching
[2025-11-05T23:20:42.533587] [INFO] Session started
[2025-11-05T23:20:42.533698] [DEBUG] Connection pool status checked
