[2025-11-05T23:20:52.752746] [INFO] Configuration loaded
[2025-11-05T23:20:52.752838] [DEBUG] Loop iteration: 15
[2025-11-05T23:20:52.752767] [INFO] Connection established
[2025-11-05T23:20:52.752870] [DEBUG] Cache key generated
[2025-11-05T23:20:52.752719] [INFO] Configuration loaded
[2025-11-05T23:20:52.752795] [INFO] Health check passed
[2025-11-05T23:20:52.752867] [DEBUG] Thread pool size: 8
[2025-11-05T23:20:52.752833] [DEBUG] Variable value: x=42
[2025-11-05T23:20:52.752771] [INFO] Cache hit
[2025-11-05T23:20:52.752814] [WARN] Queue size growing
[2025-11-05T23:20:52.752751] [INFO] Configuration loaded
[2025-11-05T23:20:52.752759] [INFO] Configuration loaded
[2025-11-05T23:20:52.752850] [DEBUG] HTTP request headers parsed
[2025-11-05T23:20:52.752846] [DEBUG] Thread pool size: 8
[2025-11-05T23:20:52.752756] [INFO] Configuration loaded
[2025-11-05T23:20:52.752764] [INFO] Configuration loaded
[2025-11-05T23:20:52.752818] [WARN] Connection retry attempt
[2025-11-05T23:20:52.752828] [ERROR] Request failed
[2025-11-05T23:20:52.752783] [INFO] Database query executed
[2025-11-05T23:20:52.752775] [INFO] Transaction completed
[2025-11-05T23:20:52.752858] [DEBUG] Connection pool status checked
[2025-11-05T23:20:52.752780] [INFO] Configuration loaded
[2025-11-05T23:20:52.752842] [DEBUG] Entering function process_data()
[2025-11-05T23:20:52.752791] [INFO] Health check passed
[2025-11-05T23:20:52.752803] [INFO] Configuration loaded
[2025-11-05T23:20:52.752863] [DEBUG] Variable value: x=42
[2025-11-05T23:20:52.752799] [INFO] Cache hit
[2025-11-05T23:20:52.752808] [WARN] Resource threshold approaching
[2025-11-05T23:20:52.752854] [DEBUG] Variable value: x=42
[2025-11-05T23:20:52.752822] [WARN] Resource threshold approaching
[2025-11-05T23:20:52.752787] [INFO] Session started
