[2025-11-05T23:20:14.647165] [DEBUG] Loop iteration: 15
[2025-11-05T23:20:14.647071] [INFO] Cache hit
[2025-11-05T23:20:14.647060] [INFO] Session started
[2025-11-05T23:20:14.647117] [INFO] Cache hit
[2025-11-05T23:20:14.647178] [DEBUG] Buffer size: 4096 bytes
[2025-11-05T23:20:14.647141] [WARN] Resource threshold approaching
[2025-11-05T23:20:14.647182] [DEBUG] Loop iteration: 15
[2025-11-05T23:20:14.647113] [INFO] Session started
[2025-11-05T23:20:14.647101] [INFO] Session started
[2025-11-05T23:20:14.647145] [WARN] Timeout warning
[2025-11-05T23:20:14.647137] [WARN] Resource threshold approaching
[2025-11-05T23:20:14.647085] [INFO] Configuration loaded
[2025-11-05T23:20:14.647123] [WARN] Slow query performance
[2025-11-05T23:20:14.647128] [WARN] Rate limit approaching
[2025-11-05T23:20:14.647105] [INFO] Configuration loaded
[2025-11-05T23:20:14.647155] [ERROR] Memory allocation error
[2025-11-05T23:20:14.647149] [WARN] Connection retry attempt
[2025-11-05T23:20:14.647080] [INFO] Session started
[2025-11-05T23:20:14.647159] [ERROR] Request failed
[2025-11-05T23:20:14.647034] [INFO] Cache hit
[2025-11-05T23:20:14.647075] [INFO] Service initialized
[2025-11-05T23:20:14.647097] [INFO] Health check passed
[2025-11-05T23:20:14.647170] [DEBUG] Connection pool status checked
[2025-11-05T23:20:14.647093] [INFO] Health check passed
[2025-11-05T23:20:14.647174] [DEBUG] Connection pool status checked
[2025-11-05T23:20:14.647089] [INFO] Cache hit
[2025-11-05T23:20:14.647066] [INFO] Transaction completed
[2025-11-05T23:20:14.647132] [WARN] Deprecated API usage
[2025-11-05T23:20:14.647109] [INFO] Health check passed
[2025-11-05T23:20:14.647186] [DEBUG] HTTP request headers parsed
