[2025-11-05T23:20:53.217151] [ERROR] Service unavailable
[2025-11-05T23:20:53.217179] [DEBUG] Loop iteration: 15
[2025-11-05T23:20:53.217106] [INFO] Request processed successfully
[2025-11-05T23:20:53.217183] [DEBUG] Thread pool size: 8
[2025-11-05T23:20:53.217174] [DEBUG] Memory allocation: 2048 bytes
[2025-11-05T23:20:53.217127] [WARN] Queue size growing
[2025-11-05T23:20:53.217146] [ERROR] Authentication failed
[2025-11-05T23:20:53.217111] [INFO] User logged in
[2025-11-05T23:20:53.217140] [WARN] Disk space low
[2025-11-05T23:20:53.217170] [DEBUG] Variable value: x=42
[2025-11-05T23:20:53.217083] [INFO] Request processed successfully
[2025-11-05T23:20:53.217197] [DEBUG] Cache key generated
[2025-11-05T23:20:53.217187] [DEBUG] Variable value: x=42
[2025-11-05T23:20:53.217155] [ERROR] Invalid input data
[2025-11-05T23:20:53.217166] [DEBUG] Loop iteration: 15
[2025-11-05T23:20:53.217102] [INFO] Connection established
[2025-11-05T23:20:53.217054] [INFO] Health check passed
[2025-11-05T23:20:53.217136] [WARN] Cache miss
[2025-11-05T23:20:53.217097] [INFO] Connection established
[2025-11-05T23:20:53.217122] [INFO] Request processed successfully
[2025-11-05T23:20:53.217116] [INFO] Transaction completed
[2025-11-05T23:20:53.217132] [WARN] Slow query performance
[2025-11-05T23:20:53.217089] [INFO] Request processed successfully
[2025-11-05T23:20:53.217192] [DEBUG] Buffer size: 4096 bytes
[2025-11-05T23:20:53.217093] [INFO] Service initialized
[2025-11-05T23:20:53.217162] [DEBUG] Thread pool size: 8
