[2025-11-05T23:20:37.727366] [DEBUG] Connection pool status checked
[2025-11-05T23:20:37.727282] [INFO] Service initialized
[2025-11-05T23:20:37.727291] [INFO] Request processed successfully
[2025-11-05T23:20:37.727259] [INFO] Configuration loaded
[2025-11-05T23:20:37.727332] [WARN] Slow query performance
[2025-11-05T23:20:37.727326] [WARN] Connection retry attempt
[2025-11-05T23:20:37.727371] [DEBUG] HTTP request headers parsed
[2025-11-05T23:20:37.727380] [DEBUG] Variable value: x=42
[2025-11-05T23:20:37.727314] [WARN] Disk space low
[2025-11-05T23:20:37.727254] [INFO] Database query executed
[2025-11-05T23:20:37.727277] [INFO] Service initialized
[2025-11-05T23:20:37.727264] [INFO] Connection established
[2025-11-05T23:20:37.727375] [DEBUG] Cache key generated
[2025-11-05T23:20:37.727351] [ERROR] Invalid input data
[2025-11-05T23:20:37.727392] [DEBUG] Cache key generated
[2025-11-05T23:20:37.727249] [INFO] Transaction completed
[2025-11-05T23:20:37.727295] [INFO] Connection established
[2025-11-05T23:20:37.727243] [INFO] Cache hit
[2025-11-05T23:20:37.727299] [INFO] Health check passed
[2025-11-05T23:20:37.727340] [WARN] Cache miss
[2025-11-05T23:20:37.727388] [DEBUG] Buffer size: 4096 bytes
[2025-11-05T23:20:37.727268] [INFO] Connection established
[2025-11-05T23:20:37.727286] [INFO] Session started
[2025-11-05T23:20:37.727384] [DEBUG] Variable value: x=42
[2025-11-05T23:20:37.727356] [DEBUG] Memory allocation: 2048 bytes
[2025-11-05T23:20:37.727309] [WARN] Rate limit approaching
[2025-11-05T23:20:37.727273] [INFO] Health check passed
[2025-11-05T23:20:37.727346] [ERROR] Permission denied
[2025-11-05T23:20:37.727215] [INFO] Transaction completed
[2025-11-05T23:20:37.727336] [WARN] Queue size growing
[2025-11-05T23:20:37.727320] [WARN] Disk space low
[2025-11-05T23:20:37.727304] [INFO] Cache hit
[2025-11-05T23:20:37.727362] [DEBUG] HTTP request headers parsed
