[2025-11-05T23:20:41.767694] [INFO] Session started
[2025-11-05T23:20:41.767712] [INFO] Configuration loaded
[2025-11-05T23:20:41.767729] [INFO] Connection established
[2025-11-05T23:20:41.767745] [WARN] Timeout warning
[2025-11-05T23:20:41.767771] [DEBUG] Buffer size: 4096 bytes
[2025-11-05T23:20:41.767768] [DEBUG] HTTP request headers parsed
[2025-11-05T23:20:41.767740] [WARN] High memory usage detected
[2025-11-05T23:20:41.767753] [WARN] Cache miss
[2025-11-05T23:20:41.767789] [DEBUG] Connection pool status checked
[2025-11-05T23:20:41.767778] [DEBUG] Connection pool status checked
[2025-11-05T23:20:41.767719] [INFO] Configuration loaded
[2025-11-05T23:20:41.767736] [INFO] Session started
[2025-11-05T23:20:41.767760] [ERROR] Invalid input data
[2025-11-05T23:20:41.767698] [INFO] Database query executed
[2025-11-05T23:20:41.767662] [INFO] Session started
[2025-11-05T23:20:41.767709] [INFO] Configuration loaded
[2025-11-05T23:20:41.767757] [ERROR] Permission denied
[2025-11-05T23:20:41.767723] [INFO] Session started
[2025-11-05T23:20:41.767775] [DEBUG] Timer set: 30 seconds
[2025-11-05T23:20:41.767785] [DEBUG] Entering function process_data()
[2025-11-05T23:20:41.767690] [INFO] Request processed successfully
[2025-11-05T23:20:41.767716] [INFO] Database query executed
[2025-11-05T23:20:41.767701] [INFO] Cache hit
[2025-11-05T23:20:41.767749] [WARN] Resource threshold approaching
[2025-11-05T23:20:41.767764] [DEBUG] Entering function process_data()
[2025-11-05T23:20:41.767732] [INFO] Session started
[2025-11-05T23:20:41.767782] [DEBUG] HTTP request headers parsed
[2025-11-05T23:20:41.767726] [INFO] Connection established
[2025-11-05T23:20:41.767685] [INFO] Health check passed
[2025-11-05T23:20:41.767705] [INFO] Service initialized
