[2025-11-05T23:20:15.282415] [INFO] Database query executed
[2025-11-05T23:20:15.282444] [INFO] Connection established
[2025-11-05T23:20:15.282480] [WARN] Deprecated API usage
[2025-11-05T23:20:15.282495] [DEBUG] Variable value: x=42
[2025-11-05T23:20:15.282434] [INFO] Request processed successfully
[2025-11-05T23:20:15.282430] [INFO] Request processed successfully
[2025-11-05T23:20:15.282499] [DEBUG] Cache key generated
[2025-11-05T23:20:15.282515] [DEBUG] Memory allocation: 2048 bytes
[2025-11-05T23:20:15.282425] [INFO] Session started
[2025-11-05T23:20:15.282452] [INFO] Session started
[2025-11-05T23:20:15.282485] [ERROR] Request failed
[2025-11-05T23:20:15.282476] [WARN] Deprecated API usage
[2025-11-05T23:20:15.282420] [INFO] Configuration loaded
[2025-11-05T23:20:15.282507] [DEBUG] Cache key generated
[2025-11-05T23:20:15.282462] [INFO] Session started
[2025-11-05T23:20:15.282466] [INFO] Service initialized
[2025-11-05T23:20:15.282441] [INFO] Database query executed
[2025-11-05T23:20:15.282519] [DEBUG] Connection pool status checked
[2025-11-05T23:20:15.282437] [INFO] Transaction completed
[2025-11-05T23:20:15.282389] [INFO] Transaction completed
[2025-11-05T23:20:15.282503] [DEBUG] Memory allocation: 2048 bytes
[2025-11-05T23:20:15.282459] [INFO] Request processed successfully
[2025-11-05T23:20:15.282448] [INFO] User logged in
[2025-11-05T23:20:15.282455] [INFO] Cache hit
[2025-11-05T23:20:15.282471] [WARN] High memory usage detected
[2025-11-05T23:20:15.282511] [DEBUG] Thread pool size: 8
[2025-11-05T23:20:15.282491] [DEBUG] Variable value: x=42
[2025-11-05T23:20:15.282523] [DEBUG] Buffer size: 4096 bytes
