[2025-11-05T23:20:40.366578] [DEBUG] Cache key generated
[2025-11-05T23:20:40.366471] [INFO] Database query executed
[2025-11-05T23:20:40.366590] [DEBUG] Memory allocation: 2048 bytes
[2025-11-05T23:20:40.366545] [WARN] Slow query performance
[2025-11-05T23:20:40.366506] [INFO] Cache hit
[2025-11-05T23:20:40.366527] [WARN] Resource threshold approaching
[2025-11-05T23:20:40.366555] [ERROR] Memory allocation error
[2025-11-05T23:20:40.366492] [INFO] Health check passed
[2025-11-05T23:20:40.366541] [WARN] Disk space low
[2025-11-05T23:20:40.366586] [DEBUG] Buffer size: 4096 bytes
[2025-11-05T23:20:40.366466] [INFO] User logged in
[2025-11-05T23:20:40.366569] [DEBUG] Thread pool size: 8
[2025-11-05T23:20:40.366479] [INFO] Transaction completed
[2025-11-05T23:20:40.366456] [INFO] Session started
[2025-11-05T23:20:40.366521] [INFO] User logged in
[2025-11-05T23:20:40.366451] [INFO] Health check passed
[2025-11-05T23:20:40.366551] [ERROR] Permission denied
[2025-11-05T23:20:40.366497] [INFO] Cache hit
[2025-11-05T23:20:40.366536] [WARN] Slow query performance
[2025-11-05T23:20:40.366510] [INFO] User logged in
[2025-11-05T23:20:40.366475] [INFO] Connection established
[2025-11-05T23:20:40.366488] [INFO] Cache hit
[2025-11-05T23:20:40.366532] [WARN] Slow query performance
[2025-11-05T23:20:40.366565] [DEBUG] Buffer size: 4096 bytes
[2025-11-05T23:20:40.366561] [DEBUG] Loop iteration: 15
[2025-11-05T23:20:40.366594] [DEBUG] Buffer size: 4096 bytes
[2025-11-05T23:20:40.366446] [INFO] Request processed successfully
[2025-11-05T23:20:40.366461] [INFO] Cache hit
[2025-11-05T23:20:40.366502] [INFO] Configuration loaded
[2025-11-05T23:20:40.366421] [INFO] Session started
[2025-11-05T23:20:40.366484] [INFO] Health check passed
[2025-11-05T23:20:40.366582] [DEBUG] Thread pool size: 8
[2025-11-05T23:20:40.366574] [DEBUG] Timer set: 30 seconds
[2025-11-05T23:20:40.366515] [INFO] Service initialized
