[2025-11-05T23:20:38.106078] [DEBUG] Buffer size: 4096 bytes
[2025-11-05T23:20:38.105525] [INFO] Session started
[2025-11-05T23:20:38.106089] [DEBUG] Thread pool size: 8
[2025-11-05T23:20:38.105574] [INFO] User logged in
[2025-11-05T23:20:38.105582] [INFO] Configuration loaded
[2025-11-05T23:20:38.106109] [DEBUG] HTTP request headers parsed
[2025-11-05T23:20:38.106069] [DEBUG] Loop iteration: 15
[2025-11-05T23:20:38.105578] [INFO] Request processed successfully
[2025-11-05T23:20:38.105562] [INFO] Service initialized
[2025-11-05T23:20:38.106094] [DEBUG] Timer set: 30 seconds
[2025-11-05T23:20:38.105595] [INFO] Database query executed
[2025-11-05T23:20:38.106043] [WARN] Disk space low
[2025-11-05T23:20:38.106060] [ERROR] Memory allocation error
[2025-11-05T23:20:38.105610] [INFO] Database query executed
[2025-11-05T23:20:38.105591] [INFO] Database query executed
[2025-11-05T23:20:38.105604] [INFO] Request processed successfully
[2025-11-05T23:20:38.105587] [INFO] Connection established
[2025-11-05T23:20:38.105997] [WARN] Disk space low
[2025-11-05T23:20:38.105770] [INFO] Request processed successfully
[2025-11-05T23:20:38.106074] [DEBUG] HTTP request headers parsed
[2025-11-05T23:20:38.106052] [WARN] Deprecated API usage
[2025-11-05T23:20:38.106011] [WARN] Cache miss
[2025-11-05T23:20:38.105557] [INFO] Transaction completed
[2025-11-05T23:20:38.106084] [DEBUG] Thread pool size: 8
[2025-11-05T23:20:38.106100] [DEBUG] HTTP request headers parsed
[2025-11-05T23:20:38.105599] [INFO] Health check passed
[2025-11-05T23:20:38.105566] [INFO] Transaction completed
[2025-11-05T23:20:38.105551] [INFO] Database query executed
[2025-11-05T23:20:38.105749] [INFO] Connection established
[2025-11-05T23:20:38.106105] [DEBUG] HTTP request headers parsed
[2025-11-05T23:20:38.105570] [INFO] Connection established
[2025-11-05T23:20:38.106114] [DEBUG] HTTP request headers parsed
