[2025-11-05T23:20:42.330434] [DEBUG] Memory allocation: 2048 bytes
[2025-11-05T23:20:42.330417] [DEBUG] Loop iteration: 15
[2025-11-05T23:20:42.330352] [INFO] Service initialized
[2025-11-05T23:20:42.330317] [INFO] Cache hit
[2025-11-05T23:20:42.330361] [INFO] User logged in
[2025-11-05T23:20:42.330348] [INFO] Request processed successfully
[2025-11-05T23:20:42.330407] [DEBUG] Connection pool status checked
[2025-11-05T23:20:42.330395] [ERROR] Network timeout
[2025-11-05T23:20:42.330389] [WARN] Deprecated API usage
[2025-11-05T23:20:42.330429] [DEBUG] Thread pool size: 8
[2025-11-05T23:20:42.330438] [DEBUG] Entering function process_data()
[2025-11-05T23:20:42.330322] [INFO] Transaction completed
[2025-11-05T23:20:42.330365] [INFO] Cache hit
[2025-11-05T23:20:42.330270] [INFO] Cache hit
[2025-11-05T23:20:42.330400] [ERROR] Service unavailable
[2025-11-05T23:20:42.330303] [INFO] Connection established
[2025-11-05T23:20:42.330313] [INFO] Service initialized
[2025-11-05T23:20:42.330425] [DEBUG] Cache key generated
[2025-11-05T23:20:42.330326] [INFO] Transaction completed
[2025-11-05T23:20:42.330308] [INFO] Health check passed
[2025-11-05T23:20:42.330412] [DEBUG] Thread pool size: 8
[2025-11-05T23:20:42.330421] [DEBUG] Buffer size: 4096 bytes
[2025-11-05T23:20:42.330370] [INFO] Connection established
[2025-11-05T23:20:42.330340] [INFO] Configuration loaded
[2025-11-05T23:20:42.330296] [INFO] Session started
[2025-11-05T23:20:42.330376] [WARN] Slow query performance
[2025-11-05T23:20:42.330356] [INFO] Session started
[2025-11-05T23:20:42.330331] [INFO] Health check passed
[2025-11-05T23:20:42.330335] [INFO] Database query executed
[2025-11-05T23:20:42.330385] [WARN] Connection retry attempt
[2025-11-05T23:20:42.330380] [WARN] High memory usage detected
[2025-11-05T23:20:42.330344] [INFO] Cache hit
