[2025-11-05T23:20:48.732132] [INFO] Configuration loaded
[2025-11-05T23:20:48.732144] [INFO] Transaction completed
[2025-11-05T23:20:48.732215] [ERROR] Database connection lost
[2025-11-05T23:20:48.732168] [INFO] Transaction completed
[2025-11-05T23:20:48.732173] [INFO] Service initialized
[2025-11-05T23:20:48.732149] [INFO] Service initialized
[2025-11-05T23:20:48.732159] [INFO] Cache hit
[2025-11-05T23:20:48.732164] [INFO] Service initialized
[2025-11-05T23:20:48.732230] [DEBUG] Entering function process_data()
[2025-11-05T23:20:48.732247] [DEBUG] Buffer size: 4096 bytes
[2025-11-05T23:20:48.732105] [INFO] Configuration loaded
[2025-11-05T23:20:48.732177] [INFO] Transaction completed
[2025-11-05T23:20:48.732234] [DEBUG] Memory allocation: 2048 bytes
[2025-11-05T23:20:48.732154] [INFO] Transaction completed
[2025-11-05T23:20:48.732192] [INFO] Transaction completed
[2025-11-05T23:20:48.732221] [DEBUG] HTTP request headers parsed
[2025-11-05T23:20:48.732209] [WARN] Slow query performance
[2025-11-05T23:20:48.732238] [DEBUG] Entering function process_data()
[2025-11-05T23:20:48.732197] [INFO] Database query executed
[2025-11-05T23:20:48.732242] [DEBUG] Entering function process_data()
[2025-11-05T23:20:48.732252] [DEBUG] Thread pool size: 8
[2025-11-05T23:20:48.732226] [DEBUG] Entering function process_data()
[2025-11-05T23:20:48.732138] [INFO] Cache hit
[2025-11-05T23:20:48.732186] [INFO] Request processed successfully
[2025-11-05T23:20:48.732257] [DEBUG] Thread pool size: 8
[2025-11-05T23:20:48.732182] [INFO] Database query executed
[2025-11-05T23:20:48.732203] [WARN] Resource threshold approaching
