[2025-11-05T23:20:53.009048] [INFO] Session started
[2025-11-05T23:20:53.008941] [INFO] Health check passed
[2025-11-05T23:20:53.009070] [WARN] Queue size growing
[2025-11-05T23:20:53.009085] [WARN] Rate limit approaching
[2025-11-05T23:20:53.009112] [DEBUG] Connection pool status checked
[2025-11-05T23:20:53.008986] [INFO] Connection established
[2025-11-05T23:20:53.009075] [WARN] Cache miss
[2025-11-05T23:20:53.009104] [DEBUG] Cache key generated
[2025-11-05T23:20:53.009064] [INFO] Service initialized
[2025-11-05T23:20:53.009094] [ERROR] Network timeout
[2025-11-05T23:20:53.009035] [INFO] Connection established
[2025-11-05T23:20:53.009125] [DEBUG] Buffer size: 4096 bytes
[2025-11-05T23:20:53.008992] [INFO] Configuration loaded
[2025-11-05T23:20:53.009100] [DEBUG] Thread pool size: 8
[2025-11-05T23:20:53.009090] [ERROR] Request failed
[2025-11-05T23:20:53.009002] [INFO] Database query executed
[2025-11-05T23:20:53.009052] [INFO] Connection established
[2025-11-05T23:20:53.008998] [INFO] Request processed successfully
[2025-11-05T23:20:53.009080] [WARN] High memory usage detected
[2025-11-05T23:20:53.009121] [DEBUG] Cache key generated
[2025-11-05T23:20:53.009060] [INFO] User logged in
[2025-11-05T23:20:53.008975] [INFO] User logged in
[2025-11-05T23:20:53.009056] [INFO] Database query executed
[2025-11-05T23:20:53.008968] [INFO] Session started
[2025-11-05T23:20:53.009108] [DEBUG] Entering function process_data()
[2025-11-05T23:20:53.009043] [INFO] Health check passed
[2025-11-05T23:20:53.009117] [DEBUG] Cache key generated
[2025-11-05T23:20:53.008980] [INFO] Database query executed
