[2025-11-05T23:20:39.226298] [ERROR] File not found
[2025-11-05T23:20:39.226333] [DEBUG] HTTP request headers parsed
[2025-11-05T23:20:39.226232] [INFO] Configuration loaded
[2025-11-05T23:20:39.226228] [INFO] Session started
[2025-11-05T23:20:39.226223] [INFO] Session started
[2025-11-05T23:20:39.226210] [INFO] Transaction completed
[2025-11-05T23:20:39.226318] [DEBUG] Memory allocation: 2048 bytes
[2025-11-05T23:20:39.226313] [DEBUG] Memory allocation: 2048 bytes
[2025-11-05T23:20:39.226236] [INFO] Health check passed
[2025-11-05T23:20:39.226270] [INFO] Cache hit
[2025-11-05T23:20:39.226289] [WARN] Connection retry attempt
[2025-11-05T23:20:39.226284] [WARN] Slow query performance
[2025-11-05T23:20:39.226214] [INFO] Health check passed
[2025-11-05T23:20:39.226308] [DEBUG] Buffer size: 4096 bytes
[2025-11-05T23:20:39.226321] [DEBUG] Loop iteration: 15
[2025-11-05T23:20:39.226262] [INFO] Service initialized
[2025-11-05T23:20:39.226249] [INFO] Database query executed
[2025-11-05T23:20:39.226293] [WARN] Connection retry attempt
[2025-11-05T23:20:39.226258] [INFO] Connection established
[2025-11-05T23:20:39.226178] [INFO] Transaction completed
[2025-11-05T23:20:39.226329] [DEBUG] Buffer size: 4096 bytes
[2025-11-05T23:20:39.226241] [INFO] User logged in
[2025-11-05T23:20:39.226274] [INFO] Session started
[2025-11-05T23:20:39.226204] [INFO] Transaction completed
[2025-11-05T23:20:39.226303] [ERROR] Memory allocation error
[2025-11-05T23:20:39.226266] [INFO] Health check passed
[2025-11-05T23:20:39.226253] [INFO] Session started
[2025-11-05T23:20:39.226280] [WARN] Resource threshold approaching
[2025-11-05T23:20:39.226245] [INFO] Session started
[2025-11-05T23:20:39.226219] [INFO] Health check passed
[2025-11-05T23:20:39.226325] [DEBUG] Connection pool status checked
