[2025-11-05T23:20:19.487605] [DEBUG] Thread pool size: 8
[2025-11-05T23:20:19.487502] [INFO] Service initialized
[2025-11-05T23:20:19.487585] [DEBUG] Timer set: 30 seconds
[2025-11-05T23:20:19.487574] [WARN] High memory usage detected
[2025-11-05T23:20:19.487497] [INFO] Session started
[2025-11-05T23:20:19.487506] [INFO] Service initialized
[2025-11-05T23:20:19.487600] [DEBUG] Timer set: 30 seconds
[2025-11-05T23:20:19.487519] [INFO] Session started
[2025-11-05T23:20:19.487624] [DEBUG] Memory allocation: 2048 bytes
[2025-11-05T23:20:19.487545] [INFO] Request processed successfully
[2025-11-05T23:20:19.487610] [DEBUG] Loop iteration: 15
[2025-11-05T23:20:19.487511] [INFO] Transaction completed
[2025-11-05T23:20:19.487466] [INFO] Service initialized
[2025-11-05T23:20:19.487554] [INFO] Transaction completed
[2025-11-05T23:20:19.487579] [ERROR] Memory allocation error
[2025-11-05T23:20:19.487492] [INFO] Service initialized
[2025-11-05T23:20:19.487619] [DEBUG] Variable value: x=42
[2025-11-05T23:20:19.487550] [INFO] Transaction completed
[2025-11-05T23:20:19.487595] [DEBUG] HTTP request headers parsed
[2025-11-05T23:20:19.487615] [DEBUG] Buffer size: 4096 bytes
[2025-11-05T23:20:19.487569] [WARN] Cache miss
[2025-11-05T23:20:19.487532] [INFO] Health check passed
[2025-11-05T23:20:19.487523] [INFO] Cache hit
[2025-11-05T23:20:19.487541] [INFO] Cache hit
[2025-11-05T23:20:19.487537] [INFO] Connection established
[2025-11-05T23:20:19.487564] [WARN] Slow query performance
[2025-11-05T23:20:19.487558] [INFO] Database query executed
[2025-11-05T23:20:19.487590] [DEBUG] Thread pool size: 8
[2025-11-05T23:20:19.487515] [INFO] User logged in
[2025-11-05T23:20:19.487528] [INFO] Request processed successfully
