[2025-11-05T23:20:37.541431] [DEBUG] Timer set: 30 seconds
[2025-11-05T23:20:37.541343] [INFO] Connection established
[2025-11-05T23:20:37.541348] [INFO] Cache hit
[2025-11-05T23:20:37.541361] [INFO] Database query executed
[2025-11-05T23:20:37.541413] [ERROR] Invalid input data
[2025-11-05T23:20:37.541435] [DEBUG] Thread pool size: 8
[2025-11-05T23:20:37.541377] [INFO] Request processed successfully
[2025-11-05T23:20:37.541328] [INFO] Cache hit
[2025-11-05T23:20:37.541381] [INFO] Database query executed
[2025-11-05T23:20:37.541357] [INFO] Cache hit
[2025-11-05T23:20:37.541322] [INFO] User logged in
[2025-11-05T23:20:37.541403] [WARN] Resource threshold approaching
[2025-11-05T23:20:37.541423] [DEBUG] Buffer size: 4096 bytes
[2025-11-05T23:20:37.541369] [INFO] Database query executed
[2025-11-05T23:20:37.541394] [WARN] Queue size growing
[2025-11-05T23:20:37.541408] [ERROR] Memory allocation error
[2025-11-05T23:20:37.541399] [WARN] Slow query performance
[2025-11-05T23:20:37.541451] [DEBUG] Timer set: 30 seconds
[2025-11-05T23:20:37.541443] [DEBUG] Variable value: x=42
[2025-11-05T23:20:37.541353] [INFO] Request processed successfully
[2025-11-05T23:20:37.541447] [DEBUG] Memory allocation: 2048 bytes
[2025-11-05T23:20:37.541388] [WARN] Connection retry attempt
[2025-11-05T23:20:37.541333] [INFO] Connection established
[2025-11-05T23:20:37.541439] [DEBUG] Timer set: 30 seconds
[2025-11-05T23:20:37.541338] [INFO] Health check passed
[2025-11-05T23:20:37.541373] [INFO] User logged in
[2025-11-05T23:20:37.541366] [INFO] Database query executed
[2025-11-05T23:20:37.541427] [DEBUG] Loop iteration: 15
[2025-11-05T23:20:37.541296] [INFO] Database query executed
[2025-11-05T23:20:37.541418] [DEBUG] Entering function process_data()
