[2025-11-05T23:20:30.317726] [DEBUG] Entering function process_data()
[2025-11-05T23:20:30.317704] [WARN] Disk space low
[2025-11-05T23:20:30.317694] [WARN] Disk space low
[2025-11-05T23:20:30.317675] [INFO] Service initialized
[2025-11-05T23:20:30.317624] [INFO] User logged in
[2025-11-05T23:20:30.317761] [DEBUG] Cache key generated
[2025-11-05T23:20:30.317716] [DEBUG] Thread pool size: 8
[2025-11-05T23:20:30.317639] [INFO] Cache hit
[2025-11-05T23:20:30.317597] [INFO] Configuration loaded
[2025-11-05T23:20:30.317666] [INFO] User logged in
[2025-11-05T23:20:30.317671] [INFO] Connection established
[2025-11-05T23:20:30.317648] [INFO] Configuration loaded
[2025-11-05T23:20:30.317710] [ERROR] Network timeout
[2025-11-05T23:20:30.317652] [INFO] Connection established
[2025-11-05T23:20:30.317730] [DEBUG] Entering function process_data()
[2025-11-05T23:20:30.317656] [INFO] Configuration loaded
[2025-11-05T23:20:30.317689] [WARN] High memory usage detected
[2025-11-05T23:20:30.317683] [INFO] Transaction completed
[2025-11-05T23:20:30.317679] [INFO] Configuration loaded
[2025-11-05T23:20:30.317756] [DEBUG] Entering function process_data()
[2025-11-05T23:20:30.317634] [INFO] Connection established
[2025-11-05T23:20:30.317699] [WARN] Cache miss
[2025-11-05T23:20:30.317720] [DEBUG] Connection pool status checked
[2025-11-05T23:20:30.317751] [DEBUG] HTTP request headers parsed
[2025-11-05T23:20:30.317746] [DEBUG] Buffer size: 4096 bytes
[2025-11-05T23:20:30.317739] [DEBUG] Cache key generated
[2025-11-05T23:20:30.317644] [INFO] Cache hit
[2025-11-05T23:20:30.317629] [INFO] Health check passed
[2025-11-05T23:20:30.317734] [DEBUG] Timer set: 30 seconds
[2025-11-05T23:20:30.317661] [INFO] Configuration loaded
