[2025-11-05T23:20:37.566727] [DEBUG] Entering function process_data()
[2025-11-05T23:20:37.566675] [WARN] Rate limit approaching
[2025-11-05T23:20:37.566706] [DEBUG] Timer set: 30 seconds
[2025-11-05T23:20:37.566665] [INFO] User logged in
[2025-11-05T23:20:37.566650] [INFO] Configuration loaded
[2025-11-05T23:20:37.566711] [DEBUG] Entering function process_data()
[2025-11-05T23:20:37.566624] [INFO] Session started
[2025-11-05T23:20:37.566619] [INFO] Cache hit
[2025-11-05T23:20:37.566670] [WARN] Slow query performance
[2025-11-05T23:20:37.566633] [INFO] Cache hit
[2025-11-05T23:20:37.566641] [INFO] Service initialized
[2025-11-05T23:20:37.566661] [INFO] Connection established
[2025-11-05T23:20:37.566684] [WARN] Timeout warning
[2025-11-05T23:20:37.566715] [DEBUG] Loop iteration: 15
[2025-11-05T23:20:37.566702] [DEBUG] HTTP request headers parsed
[2025-11-05T23:20:37.566719] [DEBUG] Loop iteration: 15
[2025-11-05T23:20:37.566722] [DEBUG] Loop iteration: 15
[2025-11-05T23:20:37.566657] [INFO] Transaction completed
[2025-11-05T23:20:37.566645] [INFO] Transaction completed
[2025-11-05T23:20:37.566697] [ERROR] Disk read failed
[2025-11-05T23:20:37.566589] [INFO] Session started
[2025-11-05T23:20:37.566693] [ERROR] Disk read failed
[2025-11-05T23:20:37.566613] [INFO] Service initialized
[2025-11-05T23:20:37.566653] [INFO] Transaction completed
[2025-11-05T23:20:37.566679] [WARN] Slow query performance
[2025-11-05T23:20:37.566637] [INFO] Session started
[2025-11-05T23:20:37.566628] [INFO] Service initialized
[2025-11-05T23:20:37.566688] [WARN] Cache miss
