[2025-11-05T23:20:28.581152] [INFO] Session started
[2025-11-05T23:20:28.581230] [DEBUG] Memory allocation: 2048 bytes
[2025-11-05T23:20:28.581194] [WARN] Deprecated API usage
[2025-11-05T23:20:28.581135] [INFO] User logged in
[2025-11-05T23:20:28.581234] [DEBUG] HTTP request headers parsed
[2025-11-05T23:20:28.581180] [WARN] Rate limit approaching
[2025-11-05T23:20:28.581221] [DEBUG] Timer set: 30 seconds
[2025-11-05T23:20:28.581120] [INFO] Database query executed
[2025-11-05T23:20:28.581148] [INFO] Health check passed
[2025-11-05T23:20:28.581239] [DEBUG] Thread pool size: 8
[2025-11-05T23:20:28.581087] [INFO] Database query executed
[2025-11-05T23:20:28.581225] [DEBUG] Entering function process_data()
[2025-11-05T23:20:28.581211] [DEBUG] Connection pool status checked
[2025-11-05T23:20:28.581216] [DEBUG] Timer set: 30 seconds
[2025-11-05T23:20:28.581139] [INFO] Configuration loaded
[2025-11-05T23:20:28.581205] [ERROR] Disk read failed
[2025-11-05T23:20:28.581200] [ERROR] Request failed
[2025-11-05T23:20:28.581156] [INFO] Session started
[2025-11-05T23:20:28.581124] [INFO] Cache hit
[2025-11-05T23:20:28.581169] [INFO] Session started
[2025-11-05T23:20:28.581114] [INFO] Database query executed
[2025-11-05T23:20:28.581244] [DEBUG] Variable value: x=42
[2025-11-05T23:20:28.581190] [WARN] Rate limit approaching
[2025-11-05T23:20:28.581185] [WARN] Timeout warning
[2025-11-05T23:20:28.581174] [INFO] Transaction completed
[2025-11-05T23:20:28.581248] [DEBUG] Buffer size: 4096 bytes
[2025-11-05T23:20:28.581161] [INFO] Session started
[2025-11-05T23:20:28.581165] [INFO] User logged in
[2025-11-05T23:20:28.581129] [INFO] Health check passed
[2025-11-05T23:20:28.581144] [INFO] Configuration loaded
