[2025-11-05T23:20:31.852813] [WARN] High memory usage detected
[2025-11-05T23:20:31.852751] [INFO] Configuration loaded
[2025-11-05T23:20:31.852826] [DEBUG] Entering function process_data()
[2025-11-05T23:20:31.852713] [INFO] Health check passed
[2025-11-05T23:20:31.852761] [INFO] Database query executed
[2025-11-05T23:20:31.852740] [INFO] Service initialized
[2025-11-05T23:20:31.852872] [DEBUG] HTTP request headers parsed
[2025-11-05T23:20:31.852706] [INFO] Service initialized
[2025-11-05T23:20:31.852772] [INFO] User logged in
[2025-11-05T23:20:31.852857] [DEBUG] Cache key generated
[2025-11-05T23:20:31.852798] [WARN] Deprecated API usage
[2025-11-05T23:20:31.852745] [INFO] Cache hit
[2025-11-05T23:20:31.852756] [INFO] Cache hit
[2025-11-05T23:20:31.852847] [DEBUG] Cache key generated
[2025-11-05T23:20:31.852837] [DEBUG] HTTP request headers parsed
[2025-11-05T23:20:31.852792] [WARN] Cache miss
[2025-11-05T23:20:31.852808] [WARN] Disk space low
[2025-11-05T23:20:31.852724] [INFO] Connection established
[2025-11-05T23:20:31.852852] [DEBUG] Loop iteration: 15
[2025-11-05T23:20:31.852734] [INFO] Cache hit
[2025-11-05T23:20:31.852842] [DEBUG] Entering function process_data()
[2025-11-05T23:20:31.852832] [DEBUG] Timer set: 30 seconds
[2025-11-05T23:20:31.852730] [INFO] Session started
[2025-11-05T23:20:31.852862] [DEBUG] Cache key generated
[2025-11-05T23:20:31.852803] [WARN] Connection retry attempt
[2025-11-05T23:20:31.852719] [INFO] Configuration loaded
[2025-11-05T23:20:31.852767] [INFO] Cache hit
[2025-11-05T23:20:31.852778] [WARN] Connection retry attempt
[2025-11-05T23:20:31.852819] [ERROR] Service unavailable
[2025-11-05T23:20:31.852877] [DEBUG] HTTP request headers parsed
[2025-11-05T23:20:31.852679] [INFO] Configuration loaded
[2025-11-05T23:20:31.852784] [WARN] High memory usage detected
[2025-11-05T23:20:31.852867] [DEBUG] Thread pool size: 8
