[2025-11-05T23:20:49.335278] [WARN] Queue size growing
[2025-11-05T23:20:49.335189] [INFO] Request processed successfully
[2025-11-05T23:20:49.335269] [INFO] Transaction completed
[2025-11-05T23:20:49.335226] [INFO] Cache hit
[2025-11-05T23:20:49.335283] [WARN] High memory usage detected
[2025-11-05T23:20:49.335265] [INFO] Connection established
[2025-11-05T23:20:49.335311] [DEBUG] Memory allocation: 2048 bytes
[2025-11-05T23:20:49.335292] [WARN] Slow query performance
[2025-11-05T23:20:49.335235] [INFO] Cache hit
[2025-11-05T23:20:49.335231] [INFO] Transaction completed
[2025-11-05T23:20:49.335332] [DEBUG] Loop iteration: 15
[2025-11-05T23:20:49.335216] [INFO] Database query executed
[2025-11-05T23:20:49.335297] [ERROR] Memory allocation error
[2025-11-05T23:20:49.335342] [DEBUG] Cache key generated
[2025-11-05T23:20:49.335248] [INFO] Connection established
[2025-11-05T23:20:49.335325] [DEBUG] HTTP request headers parsed
[2025-11-05T23:20:49.335336] [DEBUG] Memory allocation: 2048 bytes
[2025-11-05T23:20:49.335302] [ERROR] Disk read failed
[2025-11-05T23:20:49.335320] [DEBUG] Buffer size: 4096 bytes
[2025-11-05T23:20:49.335346] [DEBUG] HTTP request headers parsed
[2025-11-05T23:20:49.335288] [WARN] Disk space low
[2025-11-05T23:20:49.335256] [INFO] Health check passed
[2025-11-05T23:20:49.335244] [INFO] Session started
[2025-11-05T23:20:49.335253] [INFO] Database query executed
[2025-11-05T23:20:49.335272] [INFO] Request processed successfully
[2025-11-05T23:20:49.335261] [INFO] Transaction completed
[2025-11-05T23:20:49.335316] [DEBUG] HTTP request headers parsed
[2025-11-05T23:20:49.335222] [INFO] User logged in
[2025-11-05T23:20:49.335240] [INFO] User logged in
[2025-11-05T23:20:49.335307] [DEBUG] Cache key generated
[2025-11-05T23:20:49.335328] [DEBUG] Variable value: x=42
