[2025-11-05T23:20:26.997968] [WARN] Deprecated API usage
[2025-11-05T23:20:26.997935] [INFO] Health check passed
[2025-11-05T23:20:26.997975] [WARN] Cache miss
[2025-11-05T23:20:26.997984] [WARN] High memory usage detected
[2025-11-05T23:20:26.997895] [INFO] Transaction completed
[2025-11-05T23:20:26.997979] [WARN] Resource threshold approaching
[2025-11-05T23:20:26.997868] [INFO] Request processed successfully
[2025-11-05T23:20:26.997912] [INFO] Request processed successfully
[2025-11-05T23:20:26.997939] [INFO] Cache hit
[2025-11-05T23:20:26.997944] [INFO] Request processed successfully
[2025-11-05T23:20:26.998019] [DEBUG] Cache key generated
[2025-11-05T23:20:26.997952] [INFO] Request processed successfully
[2025-11-05T23:20:26.997962] [WARN] Disk space low
[2025-11-05T23:20:26.997948] [INFO] Cache hit
[2025-11-05T23:20:26.997921] [INFO] Transaction completed
[2025-11-05T23:20:26.998003] [DEBUG] Loop iteration: 15
[2025-11-05T23:20:26.998023] [DEBUG] Loop iteration: 15
[2025-11-05T23:20:26.997907] [INFO] Connection established
[2025-11-05T23:20:26.997925] [INFO] Cache hit
[2025-11-05T23:20:26.998011] [DEBUG] Loop iteration: 15
[2025-11-05T23:20:26.997999] [DEBUG] Entering function process_data()
[2025-11-05T23:20:26.997995] [DEBUG] Cache key generated
[2025-11-05T23:20:26.998007] [DEBUG] Cache key generated
[2025-11-05T23:20:26.997989] [ERROR] File not found
[2025-11-05T23:20:26.998036] [DEBUG] Buffer size: 4096 bytes
[2025-11-05T23:20:26.998015] [DEBUG] Timer set: 30 seconds
[2025-11-05T23:20:26.997916] [INFO] Cache hit
[2025-11-05T23:20:26.998040] [DEBUG] Thread pool size: 8
[2025-11-05T23:20:26.997956] [INFO] Service initialized
[2025-11-05T23:20:26.998027] [DEBUG] Loop iteration: 15
[2025-11-05T23:20:26.997930] [INFO] Configuration loaded
[2025-11-05T23:20:26.998030] [DEBUG] Connection pool status checked
[2025-11-05T23:20:26.997902] [INFO] Health check passed
