[2025-11-05T23:20:46.253874] [INFO] User logged in
[2025-11-05T23:20:46.254062] [WARN] Connection retry attempt
[2025-11-05T23:20:46.253882] [INFO] Service initialized
[2025-11-05T23:20:46.254072] [WARN] Rate limit approaching
[2025-11-05T23:20:46.253887] [INFO] Configuration loaded
[2025-11-05T23:20:46.253892] [INFO] User logged in
[2025-11-05T23:20:46.254122] [DEBUG] Thread pool size: 8
[2025-11-05T23:20:46.253901] [INFO] Health check passed
[2025-11-05T23:20:46.254090] [ERROR] Database connection lost
[2025-11-05T23:20:46.254125] [DEBUG] Memory allocation: 2048 bytes
[2025-11-05T23:20:46.254039] [INFO] Request processed successfully
[2025-11-05T23:20:46.253853] [INFO] Database query executed
[2025-11-05T23:20:46.254117] [DEBUG] Cache key generated
[2025-11-05T23:20:46.254081] [ERROR] Invalid input data
[2025-11-05T23:20:46.254053] [WARN] Deprecated API usage
[2025-11-05T23:20:46.254035] [INFO] Configuration loaded
[2025-11-05T23:20:46.254026] [INFO] Health check passed
[2025-11-05T23:20:46.254031] [INFO] Configuration loaded
[2025-11-05T23:20:46.254086] [ERROR] Permission denied
[2025-11-05T23:20:46.253897] [INFO] Request processed successfully
[2025-11-05T23:20:46.254113] [DEBUG] Thread pool size: 8
[2025-11-05T23:20:46.254100] [DEBUG] Connection pool status checked
[2025-11-05T23:20:46.253869] [INFO] Transaction completed
[2025-11-05T23:20:46.254130] [DEBUG] Timer set: 30 seconds
[2025-11-05T23:20:46.253859] [INFO] Cache hit
[2025-11-05T23:20:46.254047] [WARN] Slow query performance
[2025-11-05T23:20:46.254076] [WARN] Cache miss
[2025-11-05T23:20:46.254095] [DEBUG] Memory allocation: 2048 bytes
[2025-11-05T23:20:46.253819] [INFO] Transaction completed
[2025-11-05T23:20:46.254067] [WARN] Connection retry attempt
[2025-11-05T23:20:46.254020] [INFO] Transaction completed
[2025-11-05T23:20:46.253865] [INFO] Health check passed
[2025-11-05T23:20:46.253878] [INFO] Service initialized
[2025-11-05T23:20:46.254108] [DEBUG] Cache key generated
[2025-11-05T23:20:46.254104] [DEBUG] HTTP request headers parsed
[2025-11-05T23:20:46.254057] [WARN] Timeout warning
