[2025-11-05T23:20:35.648274] [INFO] Service initialized
[2025-11-05T23:20:35.648265] [INFO] Configuration loaded
[2025-11-05T23:20:35.648304] [INFO] Health check passed
[2025-11-05T23:20:35.648370] [DEBUG] HTTP request headers parsed
[2025-11-05T23:20:35.648338] [WARN] Rate limit approaching
[2025-11-05T23:20:35.648300] [INFO] Configuration loaded
[2025-11-05T23:20:35.648386] [DEBUG] Variable value: x=42
[2025-11-05T23:20:35.648270] [INFO] Transaction completed
[2025-11-05T23:20:35.648361] [DEBUG] Loop iteration: 15
[2025-11-05T23:20:35.648283] [INFO] Transaction completed
[2025-11-05T23:20:35.648366] [DEBUG] Variable value: x=42
[2025-11-05T23:20:35.648287] [INFO] Connection established
[2025-11-05T23:20:35.648358] [DEBUG] Entering function process_data()
[2025-11-05T23:20:35.648335] [WARN] Rate limit approaching
[2025-11-05T23:20:35.648315] [INFO] Session started
[2025-11-05T23:20:35.648296] [INFO] Request processed successfully
[2025-11-05T23:20:35.648278] [INFO] Database query executed
[2025-11-05T23:20:35.648382] [DEBUG] Thread pool size: 8
[2025-11-05T23:20:35.648312] [INFO] Transaction completed
[2025-11-05T23:20:35.648330] [WARN] Queue size growing
[2025-11-05T23:20:35.648260] [INFO] Cache hit
[2025-11-05T23:20:35.648321] [WARN] Rate limit approaching
[2025-11-05T23:20:35.648378] [DEBUG] Thread pool size: 8
[2025-11-05T23:20:35.648374] [DEBUG] Thread pool size: 8
[2025-11-05T23:20:35.648235] [INFO] Service initialized
[2025-11-05T23:20:35.648308] [INFO] Cache hit
[2025-11-05T23:20:35.648348] [ERROR] Memory allocation error
[2025-11-05T23:20:35.648353] [DEBUG] Entering function process_data()
[2025-11-05T23:20:35.648291] [INFO] Request processed successfully
[2025-11-05T23:20:35.648343] [ERROR] Request failed
[2025-11-05T23:20:35.648326] [WARN] Connection retry attempt
