[2025-11-05T23:20:23.181238] [DEBUG] Loop iteration: 15
[2025-11-05T23:20:23.181135] [INFO] User logged in
[2025-11-05T23:20:23.181252] [DEBUG] Thread pool size: 8
[2025-11-05T23:20:23.181160] [INFO] Connection established
[2025-11-05T23:20:23.181176] [INFO] Cache hit
[2025-11-05T23:20:23.181092] [INFO] Transaction completed
[2025-11-05T23:20:23.181119] [INFO] Configuration loaded
[2025-11-05T23:20:23.181224] [DEBUG] Variable value: x=42
[2025-11-05T23:20:23.181202] [WARN] Slow query performance
[2025-11-05T23:20:23.181172] [INFO] Cache hit
[2025-11-05T23:20:23.181180] [INFO] Configuration loaded
[2025-11-05T23:20:23.181234] [DEBUG] Memory allocation: 2048 bytes
[2025-11-05T23:20:23.181192] [WARN] Queue size growing
[2025-11-05T23:20:23.181243] [DEBUG] Loop iteration: 15
[2025-11-05T23:20:23.181206] [WARN] Queue size growing
[2025-11-05T23:20:23.181218] [DEBUG] Memory allocation: 2048 bytes
[2025-11-05T23:20:23.181150] [INFO] Cache hit
[2025-11-05T23:20:23.181164] [INFO] Health check passed
[2025-11-05T23:20:23.181126] [INFO] Service initialized
[2025-11-05T23:20:23.181168] [INFO] Connection established
[2025-11-05T23:20:23.181140] [INFO] User logged in
[2025-11-05T23:20:23.181186] [WARN] Resource threshold approaching
[2025-11-05T23:20:23.181229] [DEBUG] Loop iteration: 15
[2025-11-05T23:20:23.181155] [INFO] Request processed successfully
[2025-11-05T23:20:23.181212] [ERROR] Authentication failed
[2025-11-05T23:20:23.181256] [DEBUG] Buffer size: 4096 bytes
[2025-11-05T23:20:23.181145] [INFO] Service initialized
[2025-11-05T23:20:23.181197] [WARN] Slow query performance
[2025-11-05T23:20:23.181131] [INFO] Configuration loaded
[2025-11-05T23:20:23.181247] [DEBUG] Buffer size: 4096 bytes
