[2025-11-05T23:20:29.795163] [DEBUG] Entering function process_data()
[2025-11-05T23:20:29.795073] [INFO] Database query executed
[2025-11-05T23:20:29.795120] [ERROR] File not found
[2025-11-05T23:20:29.795114] [WARN] Disk space low
[2025-11-05T23:20:29.795130] [DEBUG] Variable value: x=42
[2025-11-05T23:20:29.795110] [WARN] Timeout warning
[2025-11-05T23:20:29.795024] [INFO] User logged in
[2025-11-05T23:20:29.795151] [DEBUG] Cache key generated
[2025-11-05T23:20:29.795125] [DEBUG] Thread pool size: 8
[2025-11-05T23:20:29.795052] [INFO] Service initialized
[2025-11-05T23:20:29.795056] [INFO] Session started
[2025-11-05T23:20:29.795048] [INFO] Configuration loaded
[2025-11-05T23:20:29.795105] [WARN] High memory usage detected
[2025-11-05T23:20:29.795159] [DEBUG] Thread pool size: 8
[2025-11-05T23:20:29.795085] [INFO] User logged in
[2025-11-05T23:20:29.795100] [WARN] Timeout warning
[2025-11-05T23:20:29.795143] [DEBUG] Loop iteration: 15
[2025-11-05T23:20:29.795044] [INFO] Database query executed
[2025-11-05T23:20:29.795035] [INFO] User logged in
[2025-11-05T23:20:29.795135] [DEBUG] Connection pool status checked
[2025-11-05T23:20:29.795029] [INFO] Service initialized
[2025-11-05T23:20:29.795095] [INFO] Health check passed
[2025-11-05T23:20:29.795019] [INFO] Request processed successfully
[2025-11-05T23:20:29.795065] [INFO] Configuration loaded
[2025-11-05T23:20:29.795139] [DEBUG] Thread pool size: 8
[2025-11-05T23:20:29.795081] [INFO] Database query executed
[2025-11-05T23:20:29.795147] [DEBUG] Timer set: 30 seconds
[2025-11-05T23:20:29.795068] [INFO] User logged in
[2025-11-05T23:20:29.795155] [DEBUG] Timer set: 30 seconds
[2025-11-05T23:20:29.795040] [INFO] Database query executed
[2025-11-05T23:20:29.795077] [INFO] Request processed successfully
[2025-11-05T23:20:29.795061] [INFO] Session started
[2025-11-05T23:20:29.795090] [INFO] Service initialized
[2025-11-05T23:20:29.794993] [INFO] Cache hit
