[2025-11-05T23:20:41.583439] [INFO] Session started
[2025-11-05T23:20:41.583561] [DEBUG] Variable value: x=42
[2025-11-05T23:20:41.583454] [INFO] Transaction completed
[2025-11-05T23:20:41.583504] [WARN] High memory usage detected
[2025-11-05T23:20:41.583520] [WARN] Connection retry attempt
[2025-11-05T23:20:41.583551] [DEBUG] Buffer size: 4096 bytes
[2025-11-05T23:20:41.583573] [DEBUG] Entering function process_data()
[2025-11-05T23:20:41.583463] [INFO] Configuration loaded
[2025-11-05T23:20:41.583449] [INFO] Database query executed
[2025-11-05T23:20:41.583489] [INFO] Health check passed
[2025-11-05T23:20:41.583459] [INFO] Request processed successfully
[2025-11-05T23:20:41.583498] [INFO] Configuration loaded
[2025-11-05T23:20:41.583541] [DEBUG] Thread pool size: 8
[2025-11-05T23:20:41.583473] [INFO] User logged in
[2025-11-05T23:20:41.583569] [DEBUG] Variable value: x=42
[2025-11-05T23:20:41.583444] [INFO] User logged in
[2025-11-05T23:20:41.583516] [WARN] Deprecated API usage
[2025-11-05T23:20:41.583360] [INFO] Service initialized
[2025-11-05T23:20:41.583477] [INFO] Cache hit
[2025-11-05T23:20:41.583485] [INFO] Cache hit
[2025-11-05T23:20:41.583430] [INFO] User logged in
[2025-11-05T23:20:41.583481] [INFO] Service initialized
[2025-11-05T23:20:41.583531] [ERROR] Network timeout
[2025-11-05T23:20:41.583556] [DEBUG] Buffer size: 4096 bytes
[2025-11-05T23:20:41.583494] [INFO] Database query executed
[2025-11-05T23:20:41.583511] [WARN] Rate limit approaching
[2025-11-05T23:20:41.583546] [DEBUG] Timer set: 30 seconds
[2025-11-05T23:20:41.583565] [DEBUG] Memory allocation: 2048 bytes
[2025-11-05T23:20:41.583468] [INFO] Transaction completed
[2025-11-05T23:20:41.583536] [DEBUG] Connection pool status checked
[2025-11-05T23:20:41.583526] [ERROR] Network timeout
