[2025-11-05T23:20:34.834072] [ERROR] File not found
[2025-11-05T23:20:34.834109] [DEBUG] Entering function process_data()
[2025-11-05T23:20:34.834022] [INFO] User logged in
[2025-11-05T23:20:34.833993] [INFO] Session started
[2025-11-05T23:20:34.834092] [DEBUG] Connection pool status checked
[2025-11-05T23:20:34.834114] [DEBUG] HTTP request headers parsed
[2025-11-05T23:20:34.834056] [WARN] Queue size growing
[2025-11-05T23:20:34.834061] [WARN] Queue size growing
[2025-11-05T23:20:34.834039] [INFO] Database query executed
[2025-11-05T23:20:34.834003] [INFO] Service initialized
[2025-11-05T23:20:34.834030] [INFO] Database query executed
[2025-11-05T23:20:34.834067] [ERROR] File not found
[2025-11-05T23:20:34.833952] [INFO] Service initialized
[2025-11-05T23:20:34.834026] [INFO] Transaction completed
[2025-11-05T23:20:34.833981] [INFO] Connection established
[2025-11-05T23:20:34.834096] [DEBUG] Buffer size: 4096 bytes
[2025-11-05T23:20:34.833998] [INFO] Cache hit
[2025-11-05T23:20:34.834035] [INFO] Cache hit
[2025-11-05T23:20:34.834087] [DEBUG] HTTP request headers parsed
[2025-11-05T23:20:34.834100] [DEBUG] Cache key generated
[2025-11-05T23:20:34.833988] [INFO] Connection established
[2025-11-05T23:20:34.834078] [DEBUG] Timer set: 30 seconds
[2025-11-05T23:20:34.834083] [DEBUG] Buffer size: 4096 bytes
[2025-11-05T23:20:34.834017] [INFO] Request processed successfully
[2025-11-05T23:20:34.834007] [INFO] Connection established
[2025-11-05T23:20:34.834051] [WARN] Connection retry attempt
[2025-11-05T23:20:34.834105] [DEBUG] Loop iteration: 15
[2025-11-05T23:20:34.834045] [WARN] Disk space low
[2025-11-05T23:20:34.834012] [INFO] Session started
