[2025-11-05T23:20:52.630704] [INFO] Transaction completed
[2025-11-05T23:20:52.630767] [DEBUG] Variable value: x=42
[2025-11-05T23:20:52.630737] [INFO] Request processed successfully
[2025-11-05T23:20:52.630657] [INFO] Health check passed
[2025-11-05T23:20:52.630708] [INFO] Service initialized
[2025-11-05T23:20:52.630747] [WARN] Disk space low
[2025-11-05T23:20:52.630728] [INFO] Transaction completed
[2025-11-05T23:20:52.630732] [INFO] Configuration loaded
[2025-11-05T23:20:52.630762] [ERROR] File not found
[2025-11-05T23:20:52.630680] [INFO] Health check passed
[2025-11-05T23:20:52.630685] [INFO] Database query executed
[2025-11-05T23:20:52.630741] [INFO] Service initialized
[2025-11-05T23:20:52.630690] [INFO] Database query executed
[2025-11-05T23:20:52.630721] [INFO] Database query executed
[2025-11-05T23:20:52.630752] [WARN] Resource threshold approaching
[2025-11-05T23:20:52.630699] [INFO] Transaction completed
[2025-11-05T23:20:52.630712] [INFO] Database query executed
[2025-11-05T23:20:52.630771] [DEBUG] Memory allocation: 2048 bytes
[2025-11-05T23:20:52.630756] [WARN] Slow query performance
[2025-11-05T23:20:52.630716] [INFO] Transaction completed
[2025-11-05T23:20:52.630694] [INFO] Request processed successfully
[2025-11-05T23:20:52.630725] [INFO] Database query executed
