[2025-11-05T23:20:15.441421] [INFO] Service initialized
[2025-11-05T23:20:15.441372] [INFO] Configuration loaded
[2025-11-05T23:20:15.441505] [DEBUG] Memory allocation: 2048 bytes
[2025-11-05T23:20:15.441466] [WARN] Rate limit approaching
[2025-11-05T23:20:15.441491] [DEBUG] Timer set: 30 seconds
[2025-11-05T23:20:15.441425] [INFO] Session started
[2025-11-05T23:20:15.441520] [DEBUG] HTTP request headers parsed
[2025-11-05T23:20:15.441384] [INFO] Request processed successfully
[2025-11-05T23:20:15.441439] [WARN] Slow query performance
[2025-11-05T23:20:15.441456] [WARN] Deprecated API usage
[2025-11-05T23:20:15.441480] [ERROR] Permission denied
[2025-11-05T23:20:15.441399] [INFO] User logged in
[2025-11-05T23:20:15.441485] [DEBUG] Memory allocation: 2048 bytes
[2025-11-05T23:20:15.441445] [WARN] Disk space low
[2025-11-05T23:20:15.441535] [DEBUG] Entering function process_data()
[2025-11-05T23:20:15.441513] [DEBUG] Connection pool status checked
[2025-11-05T23:20:15.441345] [INFO] User logged in
[2025-11-05T23:20:15.441525] [DEBUG] Loop iteration: 15
[2025-11-05T23:20:15.441412] [INFO] Transaction completed
[2025-11-05T23:20:15.441530] [DEBUG] Connection pool status checked
[2025-11-05T23:20:15.441408] [INFO] Service initialized
[2025-11-05T23:20:15.441379] [INFO] Database query executed
[2025-11-05T23:20:15.441417] [INFO] Session started
[2025-11-05T23:20:15.441389] [INFO] Health check passed
[2025-11-05T23:20:15.441403] [INFO] Request processed successfully
[2025-11-05T23:20:15.441433] [INFO] Request processed successfully
[2025-11-05T23:20:15.441500] [DEBUG] HTTP request headers parsed
[2025-11-05T23:20:15.441496] [DEBUG] Timer set: 30 seconds
[2025-11-05T23:20:15.441470] [WARN] High memory usage detected
[2025-11-05T23:20:15.441509] [DEBUG] Entering function process_data()
[2025-11-05T23:20:15.441452] [WARN] Timeout warning
[2025-11-05T23:20:15.441394] [INFO] Transaction completed
[2025-11-05T23:20:15.441429] [INFO] Health check passed
[2025-11-05T23:20:15.441475] [ERROR] Invalid input data
[2025-11-05T23:20:15.441461] [WARN] Timeout warning
