[2025-11-05T23:20:42.183089] [ERROR] Network timeout
[2025-11-05T23:20:42.183128] [DEBUG] Timer set: 30 seconds
[2025-11-05T23:20:42.183040] [INFO] Request processed successfully
[2025-11-05T23:20:42.183048] [INFO] Database query executed
[2025-11-05T23:20:42.183023] [INFO] Transaction completed
[2025-11-05T23:20:42.183052] [INFO] Session started
[2025-11-05T23:20:42.183124] [DEBUG] Thread pool size: 8
[2025-11-05T23:20:42.183111] [DEBUG] Loop iteration: 15
[2025-11-05T23:20:42.183056] [INFO] Request processed successfully
[2025-11-05T23:20:42.183116] [DEBUG] Variable value: x=42
[2025-11-05T23:20:42.183015] [INFO] Connection established
[2025-11-05T23:20:42.183019] [INFO] Health check passed
[2025-11-05T23:20:42.183079] [WARN] Deprecated API usage
[2025-11-05T23:20:42.182984] [INFO] Connection established
[2025-11-05T23:20:42.183060] [INFO] Transaction completed
[2025-11-05T23:20:42.183044] [INFO] Database query executed
[2025-11-05T23:20:42.183133] [DEBUG] Connection pool status checked
[2025-11-05T23:20:42.183094] [ERROR] Service unavailable
[2025-11-05T23:20:42.183107] [DEBUG] Memory allocation: 2048 bytes
[2025-11-05T23:20:42.183098] [DEBUG] Entering function process_data()
[2025-11-05T23:20:42.183036] [INFO] Request processed successfully
[2025-11-05T23:20:42.183074] [WARN] Cache miss
[2025-11-05T23:20:42.183083] [WARN] Slow query performance
[2025-11-05T23:20:42.183069] [WARN] Resource threshold approaching
[2025-11-05T23:20:42.183120] [DEBUG] Loop iteration: 15
[2025-11-05T23:20:42.183064] [INFO] Health check passed
[2025-11-05T23:20:42.183103] [DEBUG] Variable value: x=42
[2025-11-05T23:20:42.183010] [INFO] Transaction completed
[2025-11-05T23:20:42.183032] [INFO] Health check passed
[2025-11-05T23:20:42.183028] [INFO] Health check passed
