[2025-11-05T23:20:42.042721] [INFO] Request processed successfully
[2025-11-05T23:20:42.042680] [INFO] Transaction completed
[2025-11-05T23:20:42.042689] [INFO] Transaction completed
[2025-11-05T23:20:42.042734] [INFO] Configuration loaded
[2025-11-05T23:20:42.042789] [DEBUG] Cache key generated
[2025-11-05T23:20:42.042796] [DEBUG] Thread pool size: 8
[2025-11-05T23:20:42.042714] [INFO] Connection established
[2025-11-05T23:20:42.042768] [DEBUG] Cache key generated
[2025-11-05T23:20:42.042742] [INFO] Configuration loaded
[2025-11-05T23:20:42.042782] [DEBUG] Memory allocation: 2048 bytes
[2025-11-05T23:20:42.042757] [ERROR] Disk read failed
[2025-11-05T23:20:42.042685] [INFO] Database query executed
[2025-11-05T23:20:42.042747] [WARN] Slow query performance
[2025-11-05T23:20:42.042655] [INFO] Cache hit
[2025-11-05T23:20:42.042693] [INFO] Configuration loaded
[2025-11-05T23:20:42.042776] [DEBUG] Cache key generated
[2025-11-05T23:20:42.042731] [INFO] Request processed successfully
[2025-11-05T23:20:42.042697] [INFO] User logged in
[2025-11-05T23:20:42.042772] [DEBUG] Memory allocation: 2048 bytes
[2025-11-05T23:20:42.042701] [INFO] Database query executed
[2025-11-05T23:20:42.042779] [DEBUG] Thread pool size: 8
[2025-11-05T23:20:42.042738] [INFO] Request processed successfully
[2025-11-05T23:20:42.042710] [INFO] User logged in
[2025-11-05T23:20:42.042724] [INFO] Database query executed
[2025-11-05T23:20:42.042763] [DEBUG] HTTP request headers parsed
[2025-11-05T23:20:42.042793] [DEBUG] Connection pool status checked
[2025-11-05T23:20:42.042717] [INFO] Service initialized
[2025-11-05T23:20:42.042752] [WARN] Cache miss
[2025-11-05T23:20:42.042706] [INFO] Health check passed
[2025-11-05T23:20:42.042786] [DEBUG] Connection pool status checked
[2025-11-05T23:20:42.042728] [INFO] Transaction completed
