[2025-11-05T23:20:25.117343] [INFO] Transaction completed
[2025-11-05T23:20:25.117378] [DEBUG] Buffer size: 4096 bytes
[2025-11-05T23:20:25.117256] [INFO] Connection established
[2025-11-05T23:20:25.117387] [DEBUG] Memory allocation: 2048 bytes
[2025-11-05T23:20:25.117294] [INFO] Health check passed
[2025-11-05T23:20:25.117354] [WARN] Queue size growing
[2025-11-05T23:20:25.117362] [WARN] Deprecated API usage
[2025-11-05T23:20:25.117339] [INFO] Cache hit
[2025-11-05T23:20:25.117327] [INFO] Transaction completed
[2025-11-05T23:20:25.117289] [INFO] Connection established
[2025-11-05T23:20:25.117395] [DEBUG] Cache key generated
[2025-11-05T23:20:25.117335] [INFO] Health check passed
[2025-11-05T23:20:25.117315] [INFO] User logged in
[2025-11-05T23:20:25.117358] [WARN] Resource threshold approaching
[2025-11-05T23:20:25.117373] [DEBUG] Entering function process_data()
[2025-11-05T23:20:25.117382] [DEBUG] Memory allocation: 2048 bytes
[2025-11-05T23:20:25.117403] [DEBUG] Loop iteration: 15
[2025-11-05T23:20:25.117349] [WARN] Timeout warning
[2025-11-05T23:20:25.117390] [DEBUG] Memory allocation: 2048 bytes
[2025-11-05T23:20:25.117407] [DEBUG] Timer set: 30 seconds
[2025-11-05T23:20:25.117300] [INFO] Cache hit
[2025-11-05T23:20:25.117368] [ERROR] Disk read failed
[2025-11-05T23:20:25.117399] [DEBUG] Variable value: x=42
[2025-11-05T23:20:25.117331] [INFO] Request processed successfully
[2025-11-05T23:20:25.117310] [INFO] Configuration loaded
[2025-11-05T23:20:25.117319] [INFO] Configuration loaded
[2025-11-05T23:20:25.117323] [INFO] Configuration loaded
[2025-11-05T23:20:25.117283] [INFO] Service initialized
[2025-11-05T23:20:25.117306] [INFO] Connection established
