[2025-11-05T23:20:41.207636] [ERROR] Request failed
[2025-11-05T23:20:41.207598] [INFO] Health check passed
[2025-11-05T23:20:41.207567] [INFO] Service initialized
[2025-11-05T23:20:41.207606] [INFO] Cache hit
[2025-11-05T23:20:41.207533] [INFO] User logged in
[2025-11-05T23:20:41.207557] [INFO] Configuration loaded
[2025-11-05T23:20:41.207641] [DEBUG] Buffer size: 4096 bytes
[2025-11-05T23:20:41.207570] [INFO] Health check passed
[2025-11-05T23:20:41.207649] [DEBUG] Memory allocation: 2048 bytes
[2025-11-05T23:20:41.207645] [DEBUG] Variable value: x=42
[2025-11-05T23:20:41.207578] [INFO] Connection established
[2025-11-05T23:20:41.207612] [INFO] Configuration loaded
[2025-11-05T23:20:41.207574] [INFO] User logged in
[2025-11-05T23:20:41.207582] [INFO] Request processed successfully
[2025-11-05T23:20:41.207625] [WARN] Rate limit approaching
[2025-11-05T23:20:41.207589] [INFO] Health check passed
[2025-11-05T23:20:41.207633] [ERROR] File not found
[2025-11-05T23:20:41.207621] [WARN] Deprecated API usage
[2025-11-05T23:20:41.207628] [WARN] Disk space low
[2025-11-05T23:20:41.207609] [INFO] Request processed successfully
[2025-11-05T23:20:41.207562] [INFO] Transaction completed
[2025-11-05T23:20:41.207669] [DEBUG] Memory allocation: 2048 bytes
[2025-11-05T23:20:41.207662] [DEBUG] Buffer size: 4096 bytes
[2025-11-05T23:20:41.207659] [DEBUG] Entering function process_data()
[2025-11-05T23:20:41.207585] [INFO] Request processed successfully
[2025-11-05T23:20:41.207655] [DEBUG] Connection pool status checked
[2025-11-05T23:20:41.207602] [INFO] Transaction completed
[2025-11-05T23:20:41.207652] [DEBUG] HTTP request headers parsed
[2025-11-05T23:20:41.207665] [DEBUG] Cache key generated
[2025-11-05T23:20:41.207617] [WARN] Timeout warning
[2025-11-05T23:20:41.207594] [INFO] Connection established
