[2025-11-05T23:20:40.583515] [DEBUG] Loop iteration: 15
[2025-11-05T23:20:40.583379] [INFO] User logged in
[2025-11-05T23:20:40.583486] [WARN] Connection retry attempt
[2025-11-05T23:20:40.583533] [DEBUG] Loop iteration: 15
[2025-11-05T23:20:40.583393] [INFO] Service initialized
[2025-11-05T23:20:40.583397] [INFO] Service initialized
[2025-11-05T23:20:40.583549] [DEBUG] Timer set: 30 seconds
[2025-11-05T23:20:40.583419] [INFO] Configuration loaded
[2025-11-05T23:20:40.583414] [INFO] Service initialized
[2025-11-05T23:20:40.583544] [DEBUG] Variable value: x=42
[2025-11-05T23:20:40.583425] [INFO] Transaction completed
[2025-11-05T23:20:40.583406] [INFO] Service initialized
[2025-11-05T23:20:40.583430] [INFO] Cache hit
[2025-11-05T23:20:40.583441] [WARN] Connection retry attempt
[2025-11-05T23:20:40.583389] [INFO] Configuration loaded
[2025-11-05T23:20:40.583492] [WARN] Rate limit approaching
[2025-11-05T23:20:40.583498] [ERROR] Authentication failed
[2025-11-05T23:20:40.583436] [WARN] Resource threshold approaching
[2025-11-05T23:20:40.583410] [INFO] Configuration loaded
[2025-11-05T23:20:40.583504] [ERROR] File not found
[2025-11-05T23:20:40.583368] [INFO] Health check passed
[2025-11-05T23:20:40.583385] [INFO] Connection established
[2025-11-05T23:20:40.583343] [INFO] User logged in
[2025-11-05T23:20:40.583529] [DEBUG] Buffer size: 4096 bytes
[2025-11-05T23:20:40.583510] [DEBUG] Thread pool size: 8
[2025-11-05T23:20:40.583520] [DEBUG] Variable value: x=42
[2025-11-05T23:20:40.583374] [INFO] Request processed successfully
[2025-11-05T23:20:40.583402] [INFO] Request processed successfully
[2025-11-05T23:20:40.583558] [DEBUG] Thread pool size: 8
[2025-11-05T23:20:40.583537] [DEBUG] Entering function process_data()
[2025-11-05T23:20:40.583563] [DEBUG] Memory allocation: 2048 bytes
[2025-11-05T23:20:40.583553] [DEBUG] Thread pool size: 8
[2025-11-05T23:20:40.583524] [DEBUG] Thread pool size: 8
