[2025-11-05T23:20:15.593245] [INFO] Transaction completed
[2025-11-05T23:20:15.593371] [DEBUG] Memory allocation: 2048 bytes
[2025-11-05T23:20:15.593358] [DEBUG] Connection pool status checked
[2025-11-05T23:20:15.593321] [WARN] Rate limit approaching
[2025-11-05T23:20:15.593229] [INFO] Configuration loaded
[2025-11-05T23:20:15.593250] [INFO] Health check passed
[2025-11-05T23:20:15.593235] [INFO] Connection established
[2025-11-05T23:20:15.593336] [DEBUG] Buffer size: 4096 bytes
[2025-11-05T23:20:15.593258] [INFO] Service initialized
[2025-11-05T23:20:15.593267] [INFO] Cache hit
[2025-11-05T23:20:15.593345] [DEBUG] Variable value: x=42
[2025-11-05T23:20:15.593341] [DEBUG] Memory allocation: 2048 bytes
[2025-11-05T23:20:15.593312] [WARN] Rate limit approaching
[2025-11-05T23:20:15.593288] [INFO] Health check passed
[2025-11-05T23:20:15.593255] [INFO] Service initialized
[2025-11-05T23:20:15.593276] [INFO] Configuration loaded
[2025-11-05T23:20:15.593240] [INFO] Connection established
[2025-11-05T23:20:15.593271] [INFO] Session started
[2025-11-05T23:20:15.593362] [DEBUG] Timer set: 30 seconds
[2025-11-05T23:20:15.593293] [WARN] Connection retry attempt
[2025-11-05T23:20:15.593326] [ERROR] File not found
[2025-11-05T23:20:15.593298] [WARN] Disk space low
[2025-11-05T23:20:15.593354] [DEBUG] Timer set: 30 seconds
[2025-11-05T23:20:15.593284] [INFO] User logged in
[2025-11-05T23:20:15.593307] [WARN] Disk space low
[2025-11-05T23:20:15.593203] [INFO] User logged in
[2025-11-05T23:20:15.593350] [DEBUG] HTTP request headers parsed
[2025-11-05T23:20:15.593280] [INFO] User logged in
[2025-11-05T23:20:15.593262] [INFO] Service initialized
[2025-11-05T23:20:15.593367] [DEBUG] Variable value: x=42
[2025-11-05T23:20:15.593316] [WARN] Rate limit approaching
[2025-11-05T23:20:15.593331] [ERROR] Service unavailable
[2025-11-05T23:20:15.593303] [WARN] Queue size growing
