[2025-11-05T23:20:49.794067] [INFO] Cache hit
[2025-11-05T23:20:49.794164] [DEBUG] Buffer size: 4096 bytes
[2025-11-05T23:20:49.794119] [INFO] Configuration loaded
[2025-11-05T23:20:49.794195] [DEBUG] Connection pool status checked
[2025-11-05T23:20:49.794115] [INFO] Configuration loaded
[2025-11-05T23:20:49.794200] [DEBUG] Memory allocation: 2048 bytes
[2025-11-05T23:20:49.794142] [WARN] Cache miss
[2025-11-05T23:20:49.794073] [INFO] Database query executed
[2025-11-05T23:20:49.794087] [INFO] Health check passed
[2025-11-05T23:20:49.794169] [DEBUG] Entering function process_data()
[2025-11-05T23:20:49.794191] [DEBUG] Memory allocation: 2048 bytes
[2025-11-05T23:20:49.794042] [INFO] User logged in
[2025-11-05T23:20:49.794138] [WARN] Cache miss
[2025-11-05T23:20:49.794133] [WARN] Cache miss
[2025-11-05T23:20:49.794181] [DEBUG] Connection pool status checked
[2025-11-05T23:20:49.794128] [WARN] Slow query performance
[2025-11-05T23:20:49.794155] [ERROR] Database connection lost
[2025-11-05T23:20:49.794104] [INFO] Service initialized
[2025-11-05T23:20:49.794108] [INFO] Cache hit
[2025-11-05T23:20:49.794100] [INFO] Connection established
[2025-11-05T23:20:49.794081] [INFO] Service initialized
[2025-11-05T23:20:49.794112] [INFO] Health check passed
[2025-11-05T23:20:49.794078] [INFO] Session started
[2025-11-05T23:20:49.794146] [WARN] Cache miss
[2025-11-05T23:20:49.794186] [DEBUG] Entering function process_data()
[2025-11-05T23:20:49.794159] [ERROR] File not found
[2025-11-05T23:20:49.794150] [WARN] Cache miss
[2025-11-05T23:20:49.794203] [DEBUG] Connection pool status checked
[2025-11-05T23:20:49.794123] [INFO] Health check passed
[2025-11-05T23:20:49.794092] [INFO] Database query executed
[2025-11-05T23:20:49.794096] [INFO] Configuration loaded
[2025-11-05T23:20:49.794173] [DEBUG] Loop iteration: 15
[2025-11-05T23:20:49.794177] [DEBUG] Cache key generated
