[2025-11-05T23:20:32.230035] [INFO] Cache hit
[2025-11-05T23:20:32.230100] [WARN] High memory usage detected
[2025-11-05T23:20:32.230096] [WARN] Rate limit approaching
[2025-11-05T23:20:32.230122] [DEBUG] Connection pool status checked
[2025-11-05T23:20:32.230058] [INFO] Connection established
[2025-11-05T23:20:32.230074] [INFO] Cache hit
[2025-11-05T23:20:32.230008] [INFO] Session started
[2025-11-05T23:20:32.230054] [INFO] Service initialized
[2025-11-05T23:20:32.230109] [ERROR] Service unavailable
[2025-11-05T23:20:32.230138] [DEBUG] Timer set: 30 seconds
[2025-11-05T23:20:32.230065] [INFO] Cache hit
[2025-11-05T23:20:32.230069] [INFO] Health check passed
[2025-11-05T23:20:32.230130] [DEBUG] Variable value: x=42
[2025-11-05T23:20:32.230134] [DEBUG] Timer set: 30 seconds
[2025-11-05T23:20:32.230118] [DEBUG] Thread pool size: 8
[2025-11-05T23:20:32.230091] [INFO] Connection established
[2025-11-05T23:20:32.230050] [INFO] Session started
[2025-11-05T23:20:32.230078] [INFO] Cache hit
[2025-11-05T23:20:32.230104] [WARN] Slow query performance
[2025-11-05T23:20:32.230087] [INFO] Connection established
[2025-11-05T23:20:32.230046] [INFO] Connection established
[2025-11-05T23:20:32.230114] [ERROR] File not found
[2025-11-05T23:20:32.230062] [INFO] Connection established
[2025-11-05T23:20:32.230083] [INFO] Transaction completed
[2025-11-05T23:20:32.230041] [INFO] Health check passed
[2025-11-05T23:20:32.230126] [DEBUG] Variable value: x=42
