[2025-11-05T23:20:28.858198] [INFO] Request processed successfully
[2025-11-05T23:20:28.858114] [INFO] Health check passed
[2025-11-05T23:20:28.858232] [WARN] Cache miss
[2025-11-05T23:20:28.858168] [INFO] Cache hit
[2025-11-05T23:20:28.858148] [INFO] Database query executed
[2025-11-05T23:20:28.858188] [INFO] Connection established
[2025-11-05T23:20:28.858195] [INFO] Health check passed
[2025-11-05T23:20:28.858219] [WARN] Cache miss
[2025-11-05T23:20:28.858284] [DEBUG] Timer set: 30 seconds
[2025-11-05T23:20:28.858215] [WARN] High memory usage detected
[2025-11-05T23:20:28.858223] [WARN] Slow query performance
[2025-11-05T23:20:28.858258] [DEBUG] Loop iteration: 15
[2025-11-05T23:20:28.858228] [WARN] Rate limit approaching
[2025-11-05T23:20:28.858176] [INFO] Database query executed
[2025-11-05T23:20:28.858249] [DEBUG] Timer set: 30 seconds
[2025-11-05T23:20:28.858191] [INFO] Connection established
[2025-11-05T23:20:28.858156] [INFO] Cache hit
[2025-11-05T23:20:28.858210] [WARN] Disk space low
[2025-11-05T23:20:28.858272] [DEBUG] Loop iteration: 15
[2025-11-05T23:20:28.858280] [DEBUG] Loop iteration: 15
[2025-11-05T23:20:28.858152] [INFO] Health check passed
[2025-11-05T23:20:28.858172] [INFO] Session started
[2025-11-05T23:20:28.858263] [DEBUG] Connection pool status checked
[2025-11-05T23:20:28.858184] [INFO] Database query executed
[2025-11-05T23:20:28.858206] [INFO] Session started
[2025-11-05T23:20:28.858160] [INFO] Connection established
[2025-11-05T23:20:28.858139] [INFO] Database query executed
[2025-11-05T23:20:28.858202] [INFO] Health check passed
[2025-11-05T23:20:28.858254] [DEBUG] Memory allocation: 2048 bytes
[2025-11-05T23:20:28.858244] [DEBUG] Timer set: 30 seconds
[2025-11-05T23:20:28.858144] [INFO] Service initialized
[2025-11-05T23:20:28.858276] [DEBUG] Connection pool status checked
[2025-11-05T23:20:28.858180] [INFO] Cache hit
[2025-11-05T23:20:28.858238] [ERROR] Network timeout
[2025-11-05T23:20:28.858164] [INFO] Configuration loaded
[2025-11-05T23:20:28.858268] [DEBUG] Cache key generated
