[2025-11-05T23:20:30.044980] [DEBUG] Memory allocation: 2048 bytes
[2025-11-05T23:20:30.044961] [ERROR] File not found
[2025-11-05T23:20:30.044985] [DEBUG] Memory allocation: 2048 bytes
[2025-11-05T23:20:30.044879] [INFO] Transaction completed
[2025-11-05T23:20:30.044995] [DEBUG] Thread pool size: 8
[2025-11-05T23:20:30.044974] [ERROR] Database connection lost
[2025-11-05T23:20:30.044929] [INFO] Session started
[2025-11-05T23:20:30.044884] [INFO] Cache hit
[2025-11-05T23:20:30.044955] [WARN] Resource threshold approaching
[2025-11-05T23:20:30.044899] [INFO] Service initialized
[2025-11-05T23:20:30.044949] [WARN] Disk space low
[2025-11-05T23:20:30.044939] [WARN] Resource threshold approaching
[2025-11-05T23:20:30.044944] [WARN] Slow query performance
[2025-11-05T23:20:30.044915] [INFO] Cache hit
[2025-11-05T23:20:30.044933] [INFO] Cache hit
[2025-11-05T23:20:30.044919] [INFO] Transaction completed
[2025-11-05T23:20:30.044905] [INFO] Session started
[2025-11-05T23:20:30.044966] [ERROR] Request failed
[2025-11-05T23:20:30.045019] [DEBUG] Cache key generated
[2025-11-05T23:20:30.044848] [INFO] Request processed successfully
[2025-11-05T23:20:30.044990] [DEBUG] Thread pool size: 8
[2025-11-05T23:20:30.044889] [INFO] Configuration loaded
[2025-11-05T23:20:30.044873] [INFO] Session started
[2025-11-05T23:20:30.045010] [DEBUG] Thread pool size: 8
[2025-11-05T23:20:30.045000] [DEBUG] Thread pool size: 8
[2025-11-05T23:20:30.045005] [DEBUG] Buffer size: 4096 bytes
[2025-11-05T23:20:30.044894] [INFO] Configuration loaded
[2025-11-05T23:20:30.045014] [DEBUG] Variable value: x=42
[2025-11-05T23:20:30.044924] [INFO] Configuration loaded
[2025-11-05T23:20:30.044909] [INFO] Service initialized
