[2025-11-05T23:20:36.121603] [WARN] Cache miss
[2025-11-05T23:20:36.121569] [INFO] Request processed successfully
[2025-11-05T23:20:36.121597] [INFO] Request processed successfully
[2025-11-05T23:20:36.121689] [DEBUG] HTTP request headers parsed
[2025-11-05T23:20:36.121697] [DEBUG] Connection pool status checked
[2025-11-05T23:20:36.121650] [WARN] Deprecated API usage
[2025-11-05T23:20:36.121542] [INFO] Request processed successfully
[2025-11-05T23:20:36.121672] [DEBUG] Loop iteration: 15
[2025-11-05T23:20:36.121577] [INFO] Cache hit
[2025-11-05T23:20:36.121585] [INFO] User logged in
[2025-11-05T23:20:36.121668] [DEBUG] HTTP request headers parsed
[2025-11-05T23:20:36.121658] [WARN] Disk space low
[2025-11-05T23:20:36.121680] [DEBUG] Connection pool status checked
[2025-11-05T23:20:36.121663] [ERROR] Database connection lost
[2025-11-05T23:20:36.121552] [INFO] Database query executed
[2025-11-05T23:20:36.121516] [INFO] Request processed successfully
[2025-11-05T23:20:36.121685] [DEBUG] Timer set: 30 seconds
[2025-11-05T23:20:36.121561] [INFO] Session started
[2025-11-05T23:20:36.121565] [INFO] User logged in
[2025-11-05T23:20:36.121693] [DEBUG] Cache key generated
[2025-11-05T23:20:36.121547] [INFO] Session started
[2025-11-05T23:20:36.121589] [INFO] Session started
[2025-11-05T23:20:36.121556] [INFO] Transaction completed
[2025-11-05T23:20:36.121581] [INFO] Transaction completed
[2025-11-05T23:20:36.121645] [WARN] Rate limit approaching
[2025-11-05T23:20:36.121592] [INFO] Request processed successfully
[2025-11-05T23:20:36.121654] [WARN] Disk space low
[2025-11-05T23:20:36.121573] [INFO] Health check passed
[2025-11-05T23:20:36.121676] [DEBUG] Connection pool status checked
