[2025-11-05T23:20:20.702014] [INFO] Connection established
[2025-11-05T23:20:20.702043] [WARN] High memory usage detected
[2025-11-05T23:20:20.702073] [DEBUG] Connection pool status checked
[2025-11-05T23:20:20.702057] [ERROR] Service unavailable
[2025-11-05T23:20:20.702038] [WARN] Slow query performance
[2025-11-05T23:20:20.702018] [INFO] Database query executed
[2025-11-05T23:20:20.702078] [DEBUG] Thread pool size: 8
[2025-11-05T23:20:20.702086] [DEBUG] Timer set: 30 seconds
[2025-11-05T23:20:20.702090] [DEBUG] Loop iteration: 15
[2025-11-05T23:20:20.701991] [INFO] Transaction completed
[2025-11-05T23:20:20.701964] [INFO] Connection established
[2025-11-05T23:20:20.702029] [WARN] Slow query performance
[2025-11-05T23:20:20.702023] [INFO] Transaction completed
[2025-11-05T23:20:20.702005] [INFO] Health check passed
[2025-11-05T23:20:20.702062] [DEBUG] Memory allocation: 2048 bytes
[2025-11-05T23:20:20.702010] [INFO] Database query executed
[2025-11-05T23:20:20.702053] [ERROR] Disk read failed
[2025-11-05T23:20:20.702034] [WARN] Resource threshold approaching
[2025-11-05T23:20:20.702001] [INFO] Health check passed
[2025-11-05T23:20:20.702095] [DEBUG] Cache key generated
[2025-11-05T23:20:20.702082] [DEBUG] Thread pool size: 8
[2025-11-05T23:20:20.702047] [WARN] Deprecated API usage
[2025-11-05T23:20:20.702068] [DEBUG] HTTP request headers parsed
[2025-11-05T23:20:20.701996] [INFO] Session started
