[2025-11-05T23:20:39.516353] [INFO] Health check passed
[2025-11-05T23:20:39.516413] [WARN] Deprecated API usage
[2025-11-05T23:20:39.516430] [DEBUG] Cache key generated
[2025-11-05T23:20:39.516452] [DEBUG] Entering function process_data()
[2025-11-05T23:20:39.516382] [INFO] Connection established
[2025-11-05T23:20:39.516468] [DEBUG] HTTP request headers parsed
[2025-11-05T23:20:39.516409] [WARN] Queue size growing
[2025-11-05T23:20:39.516405] [WARN] Resource threshold approaching
[2025-11-05T23:20:39.516439] [DEBUG] Connection pool status checked
[2025-11-05T23:20:39.516343] [INFO] Health check passed
[2025-11-05T23:20:39.516365] [INFO] Health check passed
[2025-11-05T23:20:39.516421] [ERROR] Database connection lost
[2025-11-05T23:20:39.516361] [INFO] Connection established
[2025-11-05T23:20:39.516400] [WARN] Disk space low
[2025-11-05T23:20:39.516456] [DEBUG] HTTP request headers parsed
[2025-11-05T23:20:39.516338] [INFO] User logged in
[2025-11-05T23:20:39.516447] [DEBUG] HTTP request headers parsed
[2025-11-05T23:20:39.516464] [DEBUG] HTTP request headers parsed
[2025-11-05T23:20:39.516395] [WARN] High memory usage detected
[2025-11-05T23:20:39.516390] [INFO] Connection established
[2025-11-05T23:20:39.516348] [INFO] Session started
[2025-11-05T23:20:39.516425] [ERROR] Memory allocation error
[2025-11-05T23:20:39.516386] [INFO] Cache hit
[2025-11-05T23:20:39.516357] [INFO] Transaction completed
[2025-11-05T23:20:39.516435] [DEBUG] Timer set: 30 seconds
[2025-11-05T23:20:39.516333] [INFO] Cache hit
[2025-11-05T23:20:39.516370] [INFO] Connection established
[2025-11-05T23:20:39.516460] [DEBUG] Buffer size: 4096 bytes
[2025-11-05T23:20:39.516374] [INFO] Service initialized
[2025-11-05T23:20:39.516378] [INFO] User logged in
[2025-11-05T23:20:39.516443] [DEBUG] Entering function process_data()
[2025-11-05T23:20:39.516308] [INFO] Transaction completed
