[2025-11-05T23:20:33.407892] [WARN] Queue size growing
[2025-11-05T23:20:33.407941] [DEBUG] Timer set: 30 seconds
[2025-11-05T23:20:33.407777] [INFO] Health check passed
[2025-11-05T23:20:33.407883] [WARN] Deprecated API usage
[2025-11-05T23:20:33.407932] [DEBUG] Cache key generated
[2025-11-05T23:20:33.407829] [INFO] Configuration loaded
[2025-11-05T23:20:33.407809] [INFO] Request processed successfully
[2025-11-05T23:20:33.407873] [WARN] Connection retry attempt
[2025-11-05T23:20:33.407957] [DEBUG] Loop iteration: 15
[2025-11-05T23:20:33.407878] [WARN] High memory usage detected
[2025-11-05T23:20:33.407953] [DEBUG] Loop iteration: 15
[2025-11-05T23:20:33.407859] [INFO] Connection established
[2025-11-05T23:20:33.407843] [INFO] Request processed successfully
[2025-11-05T23:20:33.407803] [INFO] Health check passed
[2025-11-05T23:20:33.407936] [DEBUG] Thread pool size: 8
[2025-11-05T23:20:33.407819] [INFO] Cache hit
[2025-11-05T23:20:33.407867] [INFO] Health check passed
[2025-11-05T23:20:33.407834] [INFO] Connection established
[2025-11-05T23:20:33.407923] [ERROR] File not found
[2025-11-05T23:20:33.407949] [DEBUG] Memory allocation: 2048 bytes
[2025-11-05T23:20:33.407863] [INFO] Transaction completed
[2025-11-05T23:20:33.407945] [DEBUG] Variable value: x=42
[2025-11-05T23:20:33.407897] [WARN] Queue size growing
[2025-11-05T23:20:33.407824] [INFO] Database query executed
[2025-11-05T23:20:33.407815] [INFO] User logged in
[2025-11-05T23:20:33.407902] [WARN] Connection retry attempt
[2025-11-05T23:20:33.407888] [WARN] Cache miss
[2025-11-05T23:20:33.407912] [WARN] Deprecated API usage
[2025-11-05T23:20:33.407908] [WARN] Resource threshold approaching
[2025-11-05T23:20:33.407928] [DEBUG] Cache key generated
[2025-11-05T23:20:33.407838] [INFO] Transaction completed
[2025-11-05T23:20:33.407853] [INFO] Connection established
[2025-11-05T23:20:33.407918] [ERROR] Database connection lost
[2025-11-05T23:20:33.407848] [INFO] Configuration loaded
