[2025-11-05T23:20:43.995503] [INFO] Transaction completed
[2025-11-05T23:20:43.995588] [INFO] Configuration loaded
[2025-11-05T23:20:43.995605] [INFO] Database query executed
[2025-11-05T23:20:43.995636] [DEBUG] Timer set: 30 seconds
[2025-11-05T23:20:43.995567] [INFO] User logged in
[2025-11-05T23:20:43.995575] [INFO] Session started
[2025-11-05T23:20:43.995631] [ERROR] Invalid input data
[2025-11-05T23:20:43.995664] [DEBUG] Memory allocation: 2048 bytes
[2025-11-05T23:20:43.995531] [INFO] Connection established
[2025-11-05T23:20:43.995596] [INFO] Health check passed
[2025-11-05T23:20:43.995621] [WARN] Connection retry attempt
[2025-11-05T23:20:43.995600] [INFO] Health check passed
[2025-11-05T23:20:43.995617] [WARN] Rate limit approaching
[2025-11-05T23:20:43.995583] [INFO] Cache hit
[2025-11-05T23:20:43.995557] [INFO] Database query executed
[2025-11-05T23:20:43.995562] [INFO] Session started
[2025-11-05T23:20:43.995651] [DEBUG] Buffer size: 4096 bytes
[2025-11-05T23:20:43.995571] [INFO] User logged in
[2025-11-05T23:20:43.995580] [INFO] Service initialized
[2025-11-05T23:20:43.995655] [DEBUG] Entering function process_data()
[2025-11-05T23:20:43.995537] [INFO] Request processed successfully
[2025-11-05T23:20:43.995659] [DEBUG] Loop iteration: 15
[2025-11-05T23:20:43.995592] [INFO] Service initialized
[2025-11-05T23:20:43.995611] [WARN] Resource threshold approaching
[2025-11-05T23:20:43.995552] [INFO] User logged in
[2025-11-05T23:20:43.995542] [INFO] User logged in
[2025-11-05T23:20:43.995547] [INFO] Service initialized
[2025-11-05T23:20:43.995642] [DEBUG] HTTP request headers parsed
[2025-11-05T23:20:43.995625] [WARN] Resource threshold approaching
[2025-11-05T23:20:43.995647] [DEBUG] Buffer size: 4096 bytes
