[2025-11-05T23:20:38.648878] [DEBUG] Cache key generated
[2025-11-05T23:20:38.648794] [INFO] Request processed successfully
[2025-11-05T23:20:38.648846] [ERROR] Request failed
[2025-11-05T23:20:38.648781] [INFO] Connection established
[2025-11-05T23:20:38.648797] [INFO] Request processed successfully
[2025-11-05T23:20:38.648805] [INFO] Connection established
[2025-11-05T23:20:38.648758] [INFO] Health check passed
[2025-11-05T23:20:38.648720] [INFO] User logged in
[2025-11-05T23:20:38.648746] [INFO] Session started
[2025-11-05T23:20:38.648773] [INFO] Health check passed
[2025-11-05T23:20:38.648869] [DEBUG] Buffer size: 4096 bytes
[2025-11-05T23:20:38.648764] [INFO] Cache hit
[2025-11-05T23:20:38.648874] [DEBUG] Memory allocation: 2048 bytes
[2025-11-05T23:20:38.648882] [DEBUG] Cache key generated
[2025-11-05T23:20:38.648835] [WARN] High memory usage detected
[2025-11-05T23:20:38.648777] [INFO] Health check passed
[2025-11-05T23:20:38.648801] [INFO] Connection established
[2025-11-05T23:20:38.648752] [INFO] Transaction completed
[2025-11-05T23:20:38.648852] [DEBUG] Loop iteration: 15
[2025-11-05T23:20:38.648830] [WARN] Timeout warning
[2025-11-05T23:20:38.648809] [INFO] Cache hit
[2025-11-05T23:20:38.648819] [WARN] Deprecated API usage
[2025-11-05T23:20:38.648841] [ERROR] Invalid input data
[2025-11-05T23:20:38.648768] [INFO] Request processed successfully
[2025-11-05T23:20:38.648786] [INFO] Configuration loaded
[2025-11-05T23:20:38.648856] [DEBUG] Loop iteration: 15
[2025-11-05T23:20:38.648813] [INFO] Connection established
[2025-11-05T23:20:38.648790] [INFO] Health check passed
[2025-11-05T23:20:38.648825] [WARN] Cache miss
[2025-11-05T23:20:38.648860] [DEBUG] Loop iteration: 15
[2025-11-05T23:20:38.648865] [DEBUG] Thread pool size: 8
