[2025-11-05T23:20:28.741952] [DEBUG] Cache key generated
[2025-11-05T23:20:28.741916] [WARN] Connection retry attempt
[2025-11-05T23:20:28.741879] [INFO] Cache hit
[2025-11-05T23:20:28.741855] [INFO] Database query executed
[2025-11-05T23:20:28.741901] [WARN] Deprecated API usage
[2025-11-05T23:20:28.741896] [INFO] Health check passed
[2025-11-05T23:20:28.741892] [INFO] Configuration loaded
[2025-11-05T23:20:28.741940] [DEBUG] Thread pool size: 8
[2025-11-05T23:20:28.741911] [WARN] Disk space low
[2025-11-05T23:20:28.741956] [DEBUG] Cache key generated
[2025-11-05T23:20:28.741944] [DEBUG] Buffer size: 4096 bytes
[2025-11-05T23:20:28.741869] [INFO] Cache hit
[2025-11-05T23:20:28.741859] [INFO] Session started
[2025-11-05T23:20:28.741920] [WARN] Connection retry attempt
[2025-11-05T23:20:28.741835] [INFO] Request processed successfully
[2025-11-05T23:20:28.741874] [INFO] Database query executed
[2025-11-05T23:20:28.741960] [DEBUG] Cache key generated
[2025-11-05T23:20:28.741948] [DEBUG] Connection pool status checked
[2025-11-05T23:20:28.741846] [INFO] Database query executed
[2025-11-05T23:20:28.741936] [DEBUG] Timer set: 30 seconds
[2025-11-05T23:20:28.741925] [ERROR] Database connection lost
[2025-11-05T23:20:28.741808] [INFO] Configuration loaded
[2025-11-05T23:20:28.741850] [INFO] Cache hit
[2025-11-05T23:20:28.741865] [INFO] Session started
[2025-11-05T23:20:28.741887] [INFO] Session started
[2025-11-05T23:20:28.741841] [INFO] Request processed successfully
[2025-11-05T23:20:28.741906] [WARN] Deprecated API usage
[2025-11-05T23:20:28.741931] [DEBUG] Timer set: 30 seconds
[2025-11-05T23:20:28.741883] [INFO] Transaction completed
[2025-11-05T23:20:28.741965] [DEBUG] Entering function process_data()
