[2025-11-05T23:20:50.404870] [INFO] Database query executed
[2025-11-05T23:20:50.404960] [DEBUG] Entering function process_data()
[2025-11-05T23:20:50.404878] [INFO] Configuration loaded
[2025-11-05T23:20:50.404914] [WARN] Resource threshold approaching
[2025-11-05T23:20:50.404906] [WARN] Rate limit approaching
[2025-11-05T23:20:50.404862] [INFO] Transaction completed
[2025-11-05T23:20:50.404835] [INFO] Request processed successfully
[2025-11-05T23:20:50.404918] [WARN] Cache miss
[2025-11-05T23:20:50.404952] [DEBUG] Loop iteration: 15
[2025-11-05T23:20:50.404858] [INFO] Connection established
[2025-11-05T23:20:50.404943] [DEBUG] Entering function process_data()
[2025-11-05T23:20:50.404882] [INFO] Session started
[2025-11-05T23:20:50.404956] [DEBUG] Connection pool status checked
[2025-11-05T23:20:50.404893] [WARN] High memory usage detected
[2025-11-05T23:20:50.404796] [INFO] Health check passed
[2025-11-05T23:20:50.404888] [WARN] Deprecated API usage
[2025-11-05T23:20:50.404840] [INFO] Health check passed
[2025-11-05T23:20:50.404924] [ERROR] Permission denied
[2025-11-05T23:20:50.404929] [ERROR] Service unavailable
[2025-11-05T23:20:50.404849] [INFO] User logged in
[2025-11-05T23:20:50.404964] [DEBUG] Variable value: x=42
[2025-11-05T23:20:50.404973] [DEBUG] Thread pool size: 8
[2025-11-05T23:20:50.404825] [INFO] Database query executed
[2025-11-05T23:20:50.404866] [INFO] Session started
[2025-11-05T23:20:50.404897] [WARN] High memory usage detected
[2025-11-05T23:20:50.404939] [DEBUG] Memory allocation: 2048 bytes
[2025-11-05T23:20:50.404854] [INFO] Request processed successfully
[2025-11-05T23:20:50.404844] [INFO] Configuration loaded
[2025-11-05T23:20:50.404934] [DEBUG] Variable value: x=42
[2025-11-05T23:20:50.404910] [WARN] High memory usage detected
[2025-11-05T23:20:50.404830] [INFO] Health check passed
[2025-11-05T23:20:50.404874] [INFO] Cache hit
[2025-11-05T23:20:50.404901] [WARN] Queue size growing
[2025-11-05T23:20:50.404969] [DEBUG] Variable value: x=42
[2025-11-05T23:20:50.404948] [DEBUG] Thread pool size: 8
[2025-11-05T23:20:50.404977] [DEBUG] Cache key generated
