[2025-11-05T23:20:38.061178] [DEBUG] HTTP request headers parsed
[2025-11-05T23:20:38.061068] [INFO] Health check passed
[2025-11-05T23:20:38.061081] [INFO] Connection established
[2025-11-05T23:20:38.061113] [WARN] Resource threshold approaching
[2025-11-05T23:20:38.061169] [DEBUG] Variable value: x=42
[2025-11-05T23:20:38.061164] [DEBUG] Memory allocation: 2048 bytes
[2025-11-05T23:20:38.061128] [ERROR] Invalid input data
[2025-11-05T23:20:38.061031] [INFO] Transaction completed
[2025-11-05T23:20:38.061123] [ERROR] Disk read failed
[2025-11-05T23:20:38.061060] [INFO] Service initialized
[2025-11-05T23:20:38.061142] [DEBUG] Entering function process_data()
[2025-11-05T23:20:38.061109] [WARN] Rate limit approaching
[2025-11-05T23:20:38.061138] [DEBUG] Thread pool size: 8
[2025-11-05T23:20:38.061085] [INFO] User logged in
[2025-11-05T23:20:38.061146] [DEBUG] HTTP request headers parsed
[2025-11-05T23:20:38.061073] [INFO] Session started
[2025-11-05T23:20:38.061042] [INFO] Request processed successfully
[2025-11-05T23:20:38.061089] [INFO] Transaction completed
[2025-11-05T23:20:38.061133] [DEBUG] Cache key generated
[2025-11-05T23:20:38.061173] [DEBUG] Connection pool status checked
[2025-11-05T23:20:38.061154] [DEBUG] Entering function process_data()
[2025-11-05T23:20:38.061118] [WARN] Slow query performance
[2025-11-05T23:20:38.061051] [INFO] Cache hit
[2025-11-05T23:20:38.061150] [DEBUG] Entering function process_data()
[2025-11-05T23:20:38.061093] [INFO] Transaction completed
[2025-11-05T23:20:38.061037] [INFO] Configuration loaded
[2025-11-05T23:20:38.061005] [INFO] User logged in
[2025-11-05T23:20:38.061077] [INFO] Cache hit
[2025-11-05T23:20:38.061105] [WARN] Cache miss
[2025-11-05T23:20:38.061159] [DEBUG] Memory allocation: 2048 bytes
[2025-11-05T23:20:38.061099] [WARN] Timeout warning
[2025-11-05T23:20:38.061064] [INFO] Session started
[2025-11-05T23:20:38.061047] [INFO] Transaction completed
[2025-11-05T23:20:38.061056] [INFO] Database query executed
