[2025-11-05T23:20:23.627958] [INFO] Connection established
[2025-11-05T23:20:23.628058] [DEBUG] Cache key generated
[2025-11-05T23:20:23.627917] [INFO] User logged in
[2025-11-05T23:20:23.628041] [DEBUG] Memory allocation: 2048 bytes
[2025-11-05T23:20:23.628049] [DEBUG] Loop iteration: 15
[2025-11-05T23:20:23.628000] [WARN] Slow query performance
[2025-11-05T23:20:23.628026] [WARN] Cache miss
[2025-11-05T23:20:23.627968] [INFO] Request processed successfully
[2025-11-05T23:20:23.628045] [DEBUG] Timer set: 30 seconds
[2025-11-05T23:20:23.628062] [DEBUG] Thread pool size: 8
[2025-11-05T23:20:23.627941] [INFO] Service initialized
[2025-11-05T23:20:23.628017] [WARN] Timeout warning
[2025-11-05T23:20:23.627948] [INFO] Health check passed
[2025-11-05T23:20:23.628053] [DEBUG] Variable value: x=42
[2025-11-05T23:20:23.628004] [WARN] Resource threshold approaching
[2025-11-05T23:20:23.627982] [INFO] Request processed successfully
[2025-11-05T23:20:23.627953] [INFO] Health check passed
[2025-11-05T23:20:23.627986] [INFO] Transaction completed
[2025-11-05T23:20:23.627991] [INFO] Connection established
[2025-11-05T23:20:23.628036] [DEBUG] HTTP request headers parsed
[2025-11-05T23:20:23.627964] [INFO] Database query executed
[2025-11-05T23:20:23.628066] [DEBUG] Memory allocation: 2048 bytes
[2025-11-05T23:20:23.628031] [ERROR] Database connection lost
[2025-11-05T23:20:23.627994] [INFO] Database query executed
[2025-11-05T23:20:23.628012] [WARN] Deprecated API usage
[2025-11-05T23:20:23.627978] [INFO] Configuration loaded
[2025-11-05T23:20:23.628008] [WARN] Rate limit approaching
[2025-11-05T23:20:23.628022] [WARN] Connection retry attempt
[2025-11-05T23:20:23.627973] [INFO] Session started
