[2025-11-05T23:20:22.178842] [DEBUG] Timer set: 30 seconds
[2025-11-05T23:20:22.178754] [INFO] Cache hit
[2025-11-05T23:20:22.178828] [ERROR] Network timeout
[2025-11-05T23:20:22.178814] [WARN] Rate limit approaching
[2025-11-05T23:20:22.178846] [DEBUG] Thread pool size: 8
[2025-11-05T23:20:22.178833] [ERROR] Disk read failed
[2025-11-05T23:20:22.178764] [INFO] Cache hit
[2025-11-05T23:20:22.178862] [DEBUG] Buffer size: 4096 bytes
[2025-11-05T23:20:22.178783] [INFO] Session started
[2025-11-05T23:20:22.178796] [INFO] Transaction completed
[2025-11-05T23:20:22.178858] [DEBUG] Variable value: x=42
[2025-11-05T23:20:22.178838] [DEBUG] Timer set: 30 seconds
[2025-11-05T23:20:22.178692] [INFO] Cache hit
[2025-11-05T23:20:22.178759] [INFO] Database query executed
[2025-11-05T23:20:22.178769] [INFO] Service initialized
[2025-11-05T23:20:22.178803] [WARN] Timeout warning
[2025-11-05T23:20:22.178774] [INFO] Cache hit
[2025-11-05T23:20:22.178818] [WARN] Disk space low
[2025-11-05T23:20:22.178822] [WARN] Cache miss
[2025-11-05T23:20:22.178792] [INFO] User logged in
[2025-11-05T23:20:22.178746] [INFO] Connection established
[2025-11-05T23:20:22.178778] [INFO] User logged in
[2025-11-05T23:20:22.178788] [INFO] Connection established
[2025-11-05T23:20:22.178808] [WARN] Queue size growing
[2025-11-05T23:20:22.178854] [DEBUG] Cache key generated
[2025-11-05T23:20:22.178850] [DEBUG] Cache key generated
