[2025-11-05T23:20:24.063674] [INFO] Connection established
[2025-11-05T23:20:24.063738] [ERROR] Permission denied
[2025-11-05T23:20:24.063661] [INFO] Connection established
[2025-11-05T23:20:24.063621] [INFO] Health check passed
[2025-11-05T23:20:24.063743] [DEBUG] Variable value: x=42
[2025-11-05T23:20:24.063723] [WARN] Timeout warning
[2025-11-05T23:20:24.063678] [INFO] Configuration loaded
[2025-11-05T23:20:24.063728] [WARN] Slow query performance
[2025-11-05T23:20:24.063703] [INFO] Health check passed
[2025-11-05T23:20:24.063647] [INFO] User logged in
[2025-11-05T23:20:24.063772] [DEBUG] Cache key generated
[2025-11-05T23:20:24.063690] [INFO] Session started
[2025-11-05T23:20:24.063718] [WARN] Queue size growing
[2025-11-05T23:20:24.063763] [DEBUG] Cache key generated
[2025-11-05T23:20:24.063652] [INFO] Database query executed
[2025-11-05T23:20:24.063767] [DEBUG] Connection pool status checked
[2025-11-05T23:20:24.063657] [INFO] Transaction completed
[2025-11-05T23:20:24.063683] [INFO] Service initialized
[2025-11-05T23:20:24.063699] [INFO] Database query executed
[2025-11-05T23:20:24.063694] [INFO] Health check passed
[2025-11-05T23:20:24.063670] [INFO] User logged in
[2025-11-05T23:20:24.063775] [DEBUG] Cache key generated
[2025-11-05T23:20:24.063666] [INFO] Request processed successfully
[2025-11-05T23:20:24.063686] [INFO] Session started
[2025-11-05T23:20:24.063748] [DEBUG] Thread pool size: 8
[2025-11-05T23:20:24.063712] [WARN] Connection retry attempt
[2025-11-05T23:20:24.063706] [INFO] Cache hit
[2025-11-05T23:20:24.063779] [DEBUG] Buffer size: 4096 bytes
[2025-11-05T23:20:24.063758] [DEBUG] Thread pool size: 8
[2025-11-05T23:20:24.063733] [ERROR] Permission denied
[2025-11-05T23:20:24.063753] [DEBUG] Cache key generated
