[2025-11-05T23:20:43.561483] [DEBUG] Connection pool status checked
[2025-11-05T23:20:43.561326] [INFO] Cache hit
[2025-11-05T23:20:43.561495] [DEBUG] Entering function process_data()
[2025-11-05T23:20:43.561336] [INFO] Session started
[2025-11-05T23:20:43.561490] [DEBUG] Cache key generated
[2025-11-05T23:20:43.561375] [ERROR] Invalid input data
[2025-11-05T23:20:43.561340] [INFO] Health check passed
[2025-11-05T23:20:43.561312] [INFO] Connection established
[2025-11-05T23:20:43.561285] [INFO] Configuration loaded
[2025-11-05T23:20:43.561358] [INFO] Cache hit
[2025-11-05T23:20:43.561487] [DEBUG] Memory allocation: 2048 bytes
[2025-11-05T23:20:43.561330] [INFO] Request processed successfully
[2025-11-05T23:20:43.561348] [INFO] Connection established
[2025-11-05T23:20:43.561479] [DEBUG] Connection pool status checked
[2025-11-05T23:20:43.561475] [DEBUG] Thread pool size: 8
[2025-11-05T23:20:43.561318] [INFO] User logged in
[2025-11-05T23:20:43.561379] [ERROR] Permission denied
[2025-11-05T23:20:43.561370] [WARN] Slow query performance
[2025-11-05T23:20:43.561322] [INFO] Cache hit
[2025-11-05T23:20:43.561361] [INFO] Transaction completed
[2025-11-05T23:20:43.561388] [DEBUG] Connection pool status checked
[2025-11-05T23:20:43.561354] [INFO] Database query executed
[2025-11-05T23:20:43.561384] [DEBUG] Connection pool status checked
[2025-11-05T23:20:43.561351] [INFO] Cache hit
[2025-11-05T23:20:43.561344] [INFO] Connection established
[2025-11-05T23:20:43.561466] [DEBUG] HTTP request headers parsed
[2025-11-05T23:20:43.561333] [INFO] Request processed successfully
[2025-11-05T23:20:43.561366] [WARN] Cache miss
