[2025-11-05T23:20:48.458691] [DEBUG] Timer set: 30 seconds
[2025-11-05T23:20:48.458546] [INFO] Cache hit
[2025-11-05T23:20:48.458540] [INFO] Transaction completed
[2025-11-05T23:20:48.458612] [INFO] Configuration loaded
[2025-11-05T23:20:48.458647] [WARN] Rate limit approaching
[2025-11-05T23:20:48.458607] [INFO] Configuration loaded
[2025-11-05T23:20:48.458560] [INFO] Connection established
[2025-11-05T23:20:48.458556] [INFO] Cache hit
[2025-11-05T23:20:48.458616] [INFO] Connection established
[2025-11-05T23:20:48.458663] [ERROR] File not found
[2025-11-05T23:20:48.458643] [WARN] Resource threshold approaching
[2025-11-05T23:20:48.458658] [ERROR] Authentication failed
[2025-11-05T23:20:48.458620] [INFO] Request processed successfully
[2025-11-05T23:20:48.458651] [WARN] Disk space low
[2025-11-05T23:20:48.458704] [DEBUG] Thread pool size: 8
[2025-11-05T23:20:48.458700] [DEBUG] Connection pool status checked
[2025-11-05T23:20:48.458686] [DEBUG] Cache key generated
[2025-11-05T23:20:48.458551] [INFO] Health check passed
[2025-11-05T23:20:48.458668] [DEBUG] Buffer size: 4096 bytes
[2025-11-05T23:20:48.458628] [INFO] Transaction completed
[2025-11-05T23:20:48.458673] [DEBUG] Connection pool status checked
[2025-11-05T23:20:48.458638] [WARN] Queue size growing
[2025-11-05T23:20:48.458678] [DEBUG] Entering function process_data()
[2025-11-05T23:20:48.458624] [INFO] Transaction completed
[2025-11-05T23:20:48.458515] [INFO] Database query executed
[2025-11-05T23:20:48.458632] [INFO] Request processed successfully
[2025-11-05T23:20:48.458682] [DEBUG] Thread pool size: 8
[2025-11-05T23:20:48.458601] [INFO] Transaction completed
[2025-11-05T23:20:48.458695] [DEBUG] Thread pool size: 8
