[2025-11-05T23:20:23.399468] [INFO] Transaction completed
[2025-11-05T23:20:23.399550] [DEBUG] Cache key generated
[2025-11-05T23:20:23.399476] [INFO] Database query executed
[2025-11-05T23:20:23.399546] [DEBUG] Connection pool status checked
[2025-11-05T23:20:23.399435] [INFO] Transaction completed
[2025-11-05T23:20:23.399542] [DEBUG] Variable value: x=42
[2025-11-05T23:20:23.399538] [DEBUG] Buffer size: 4096 bytes
[2025-11-05T23:20:23.399462] [INFO] Cache hit
[2025-11-05T23:20:23.399529] [DEBUG] Connection pool status checked
[2025-11-05T23:20:23.399558] [DEBUG] Cache key generated
[2025-11-05T23:20:23.399554] [DEBUG] Entering function process_data()
[2025-11-05T23:20:23.399481] [INFO] Configuration loaded
[2025-11-05T23:20:23.399485] [INFO] Configuration loaded
[2025-11-05T23:20:23.399524] [ERROR] Disk read failed
[2025-11-05T23:20:23.399503] [INFO] Session started
[2025-11-05T23:20:23.399499] [INFO] Database query executed
[2025-11-05T23:20:23.399472] [INFO] Health check passed
[2025-11-05T23:20:23.399494] [INFO] Cache hit
[2025-11-05T23:20:23.399519] [ERROR] Database connection lost
[2025-11-05T23:20:23.399509] [WARN] Resource threshold approaching
[2025-11-05T23:20:23.399533] [DEBUG] Variable value: x=42
[2025-11-05T23:20:23.399562] [DEBUG] Entering function process_data()
[2025-11-05T23:20:23.399490] [INFO] Transaction completed
[2025-11-05T23:20:23.399514] [WARN] Connection retry attempt
